2017-10-24 17:32:29,038 - frontend - DEBUG - WebsocketConnection for Frontend: connecting to ws://localhost:1033/websocket
2017-10-24 17:32:29,042 - frontend - DEBUG - WebsocketConnection for Frontend: connected to ws://localhost:1033/websocket
2017-10-24 17:32:29,045 - frontend - DEBUG - Frontend._run()
2017-10-24 17:32:29,113 - frontend - DEBUG - WebsocketConnection for Frontend: received string u'{"content": null, "_sender": "Backend", "_reason": null, "event_type": "REGISTER_BACKEND"}'
2017-10-24 17:32:29,113 - frontend - DEBUG - Frontend received and handling Event(REGISTER_BACKEND, None, sender=Backend, reason=None)
2017-10-24 17:32:29,114 - frontend - DEBUG - Frontend handles Event(REGISTER_BACKEND, None, sender=Backend, reason=None)
2017-10-24 17:32:29,114 - frontend - DEBUG - WebsocketConnection for Frontend: sending string {"content": null, "_sender": "Frontend", "_reason": null, "event_type": "FRONTEND_READY"}
2017-10-24 17:32:29,115 - frontend - DEBUG - Frontend distributes Event(REGISTER_BACKEND, None, sender=Backend, reason=None) to <tdm.maharani.frontend.text_output_component.TextOutputComponent instance at 0x7f9b40801758>
2017-10-24 17:32:29,115 - frontend - DEBUG - Frontend distributes Event(REGISTER_BACKEND, None, sender=Backend, reason=None) to <tdm.maharani.frontend.text_input_component.TextInputComponent instance at 0x7f9b40801488>
2017-10-24 17:32:29,123 - frontend - DEBUG - WebsocketConnection for Frontend: received string u'{"content": null, "_sender": "Backend", "_reason": null, "event_type": "BACKEND_READY"}'
2017-10-24 17:32:29,124 - frontend - DEBUG - Frontend received and handling Event(BACKEND_READY, None, sender=Backend, reason=None)
2017-10-24 17:32:29,124 - frontend - DEBUG - Frontend handles Event(BACKEND_READY, None, sender=Backend, reason=None)
2017-10-24 17:32:29,124 - frontend - DEBUG - WebsocketConnection for Frontend: sending string {"content": null, "_sender": "Frontend", "_reason": null, "event_type": "START"}
2017-10-24 17:32:29,124 - frontend - DEBUG - Frontend distributes Event(BACKEND_READY, None, sender=Backend, reason=None) to <tdm.maharani.frontend.text_output_component.TextOutputComponent instance at 0x7f9b40801758>
2017-10-24 17:32:29,124 - frontend - DEBUG - Frontend distributes Event(BACKEND_READY, None, sender=Backend, reason=None) to <tdm.maharani.frontend.text_input_component.TextInputComponent instance at 0x7f9b40801488>
2017-10-24 17:32:29,195 - frontend - DEBUG - WebsocketConnection for Frontend: received string u'{"content": {"ddd_name": "recipehelp", "language_code": "eng"}, "_sender": "DmeModule", "_reason": null, "event_type": "SET_DDD"}'
2017-10-24 17:32:29,195 - frontend - DEBUG - Frontend received and handling Event(SET_DDD, {ddd_name: recipehelp, language_code: eng}, sender=DmeModule, reason=None)
2017-10-24 17:32:29,195 - frontend - DEBUG - Frontend distributes Event(SET_DDD, {ddd_name: recipehelp, language_code: eng}, sender=DmeModule, reason=None) to <tdm.maharani.frontend.text_output_component.TextOutputComponent instance at 0x7f9b40801758>
2017-10-24 17:32:29,196 - frontend - DEBUG - Frontend distributes Event(SET_DDD, {ddd_name: recipehelp, language_code: eng}, sender=DmeModule, reason=None) to <tdm.maharani.frontend.text_input_component.TextInputComponent instance at 0x7f9b40801488>
2017-10-24 17:32:29,203 - frontend - DEBUG - WebsocketConnection for Frontend: received string u'{"content": [], "_sender": "DmeModule", "_reason": null, "event_type": "FACTS"}'
2017-10-24 17:32:29,204 - frontend - DEBUG - Frontend received and handling Event(FACTS, [], sender=DmeModule, reason=None)
2017-10-24 17:32:29,204 - frontend - DEBUG - Frontend distributes Event(FACTS, [], sender=DmeModule, reason=None) to <tdm.maharani.frontend.text_output_component.TextOutputComponent instance at 0x7f9b40801758>
2017-10-24 17:32:29,204 - frontend - DEBUG - Frontend distributes Event(FACTS, [], sender=DmeModule, reason=None) to <tdm.maharani.frontend.text_input_component.TextInputComponent instance at 0x7f9b40801488>
2017-10-24 17:32:29,204 - frontend - DEBUG - WebsocketConnection for Frontend: received string u'{"content": ["", "What would you like to do?"], "_sender": "GenerateModule", "_reason": null, "event_type": "SYSTEM_UTTERANCE_TO_SPEAK"}'
2017-10-24 17:32:29,204 - frontend - DEBUG - Frontend received and handling Event(SYSTEM_UTTERANCE_TO_SPEAK, [, What would you like to do?], sender=GenerateModule, reason=None)
2017-10-24 17:32:29,204 - frontend - DEBUG - Frontend distributes Event(SYSTEM_UTTERANCE_TO_SPEAK, [, What would you like to do?], sender=GenerateModule, reason=None) to <tdm.maharani.frontend.text_output_component.TextOutputComponent instance at 0x7f9b40801758>
2017-10-24 17:32:29,204 - frontend - DEBUG - Frontend distributes Event(SYSTEM_UTTERANCE_TO_SPEAK, [, What would you like to do?], sender=GenerateModule, reason=None) to <tdm.maharani.frontend.text_input_component.TextInputComponent instance at 0x7f9b40801488>
2017-10-24 17:32:29,205 - frontend - DEBUG - WebsocketConnection for Frontend: sending string {"content": ["", "What would you like to do?"], "_sender": "TextOutputComponent", "_reason": null, "event_type": "SYSTEM_UTTERANCE_REALIZED"}
2017-10-24 17:32:29,205 - frontend - DEBUG - WebsocketConnection for Frontend: received string u'{"content": [], "_sender": "GuiBackend", "_reason": null, "event_type": "MESSAGE_TO_GUI"}'
2017-10-24 17:32:29,205 - frontend - DEBUG - Frontend received and handling Event(MESSAGE_TO_GUI, [], sender=GuiBackend, reason=None)
2017-10-24 17:32:29,206 - frontend - DEBUG - Frontend distributes Event(MESSAGE_TO_GUI, [], sender=GuiBackend, reason=None) to <tdm.maharani.frontend.text_output_component.TextOutputComponent instance at 0x7f9b40801758>
2017-10-24 17:32:29,206 - frontend - DEBUG - Frontend distributes Event(MESSAGE_TO_GUI, [], sender=GuiBackend, reason=None) to <tdm.maharani.frontend.text_input_component.TextInputComponent instance at 0x7f9b40801488>
2017-10-24 17:32:29,244 - frontend - DEBUG - WebsocketConnection for Frontend: received string u'{"content": [], "_sender": "DmeModule", "_reason": null, "event_type": "FACTS"}'
2017-10-24 17:32:29,244 - frontend - DEBUG - Frontend received and handling Event(FACTS, [], sender=DmeModule, reason=None)
2017-10-24 17:32:29,244 - frontend - DEBUG - Frontend distributes Event(FACTS, [], sender=DmeModule, reason=None) to <tdm.maharani.frontend.text_output_component.TextOutputComponent instance at 0x7f9b40801758>
2017-10-24 17:32:29,244 - frontend - DEBUG - Frontend distributes Event(FACTS, [], sender=DmeModule, reason=None) to <tdm.maharani.frontend.text_input_component.TextInputComponent instance at 0x7f9b40801488>
2017-10-24 17:32:33,967 - frontend - DEBUG - WebsocketConnection for Frontend: sending string {"content": [{"score": 1.0, "utterance": "tell me what to do"}], "_sender": "TextInputComponent", "_reason": null, "event_type": "RECOGNITION"}
2017-10-24 17:32:34,012 - frontend - DEBUG - WebsocketConnection for Frontend: received string u'{"content": null, "_sender": "TurnManager", "_reason": null, "event_type": "STOP_LISTENING"}'
2017-10-24 17:32:34,013 - frontend - DEBUG - Frontend received and handling Event(STOP_LISTENING, None, sender=TurnManager, reason=None)
2017-10-24 17:32:34,013 - frontend - DEBUG - Frontend distributes Event(STOP_LISTENING, None, sender=TurnManager, reason=None) to <tdm.maharani.frontend.text_output_component.TextOutputComponent instance at 0x7f9b40801758>
2017-10-24 17:32:34,013 - frontend - DEBUG - Frontend distributes Event(STOP_LISTENING, None, sender=TurnManager, reason=None) to <tdm.maharani.frontend.text_input_component.TextInputComponent instance at 0x7f9b40801488>
2017-10-24 17:32:34,058 - frontend - DEBUG - WebsocketConnection for Frontend: received string u'{"content": "tell me what to do", "_sender": "DmeModule", "_reason": null, "event_type": "SELECTED_RECOGNITION"}'
2017-10-24 17:32:34,059 - frontend - DEBUG - Frontend received and handling Event(SELECTED_RECOGNITION, tell me what to do, sender=DmeModule, reason=None)
2017-10-24 17:32:34,061 - frontend - DEBUG - Frontend distributes Event(SELECTED_RECOGNITION, tell me what to do, sender=DmeModule, reason=None) to <tdm.maharani.frontend.text_output_component.TextOutputComponent instance at 0x7f9b40801758>
2017-10-24 17:32:34,064 - frontend - DEBUG - Frontend distributes Event(SELECTED_RECOGNITION, tell me what to do, sender=DmeModule, reason=None) to <tdm.maharani.frontend.text_input_component.TextInputComponent instance at 0x7f9b40801488>
2017-10-24 17:32:34,065 - frontend - DEBUG - WebsocketConnection for Frontend: received string u'{"content": [{"predicate": "say_step", "grammar_entry": null, "value": "Step one: preheat the oven to 180 degrees."}], "_sender": "DmeModule", "_reason": null, "event_type": "FACTS"}'
2017-10-24 17:32:34,065 - frontend - DEBUG - Frontend received and handling Event(FACTS, [{predicate: say_step, grammar_entry: None, value: Step one: preheat the oven to 180 degrees.}], sender=DmeModule, reason=None)
2017-10-24 17:32:34,066 - frontend - DEBUG - Frontend distributes Event(FACTS, [{predicate: say_step, grammar_entry: None, value: Step one: preheat the oven to 180 degrees.}], sender=DmeModule, reason=None) to <tdm.maharan2017-10-24 18:04:33,283 - frontend - DEBUG - Frontend.stop()
2017-10-24 18:04:33,283 - frontend - DEBUG - Communicator.disconnect()
2017-10-24 18:04:33,283 - frontend - DEBUG - WebsocketConnection for Frontend: disconnecting
2017-10-24 18:04:33,287 - frontend - DEBUG - Closing message received (1000) ''
frontend.text_input_component.TextInputComponent instance at 0x7f9b40801488>
2017-10-24 17:32:34,071 - frontend - DEBUG - WebsocketConnection for Frontend: received string u'{"content": ["", "", "Are you done?"], "_sender": "GenerateModule", "_reason": null, "event_type": "SYSTEM_UTTERANCE_TO_SPEAK"}'
2017-10-24 17:32:34,071 - frontend - DEBUG - Frontend received and handling Event(SYSTEM_UTTERANCE_TO_SPEAK, [, , Are you done?], sender=GenerateModule, reason=None)
2017-10-24 17:32:34,071 - frontend - DEBUG - Frontend distributes Event(SYSTEM_UTTERANCE_TO_SPEAK, [, , Are you done?], sender=GenerateModule, reason=None) to <tdm.maharani.frontend.text_output_component.TextOutputComponent instance at 0x7f9b40801758>
2017-10-24 17:32:34,071 - frontend - DEBUG - Frontend distributes Event(SYSTEM_UTTERANCE_TO_SPEAK, [, , Are you done?], sender=GenerateModule, reason=None) to <tdm.maharani.frontend.text_input_component.TextInputComponent instance at 0x7f9b40801488>
2017-10-24 17:32:34,071 - frontend - DEBUG - WebsocketConnection for Frontend: received string u'{"content": [], "_sender": "GuiBackend", "_reason": null, "event_type": "MESSAGE_TO_GUI"}'
2017-10-24 17:32:34,072 - frontend - DEBUG - Frontend received and handling Event(MESSAGE_TO_GUI, [], sender=GuiBackend, reason=None)
2017-10-24 17:32:34,072 - frontend - DEBUG - Frontend distributes Event(MESSAGE_TO_GUI, [], sender=GuiBackend, reason=None) to <tdm.maharani.frontend.text_output_component.TextOutputComponent instance at 0x7f9b40801758>
2017-10-24 17:32:34,072 - frontend - DEBUG - WebsocketConnection for Frontend: sending string {"content": ["", "", "Are you done?"], "_sender": "TextOutputComponent", "_reason": null, "event_type": "SYSTEM_UTTERANCE_REALIZED"}
2017-10-24 17:32:34,072 - frontend - DEBUG - Frontend distributes Event(MESSAGE_TO_GUI, [], sender=GuiBackend, reason=None) to <tdm.maharani.frontend.text_input_component.TextInputComponent instance at 0x7f9b40801488>
2017-10-24 17:32:34,108 - frontend - DEBUG - WebsocketConnection for Frontend: received string u'{"content": [{"predicate": "say_step", "grammar_entry": null, "value": "Step one: preheat the oven to 180 degrees."}], "_sender": "DmeModule", "_reason": null, "event_type": "FACTS"}'
2017-10-24 17:32:34,108 - frontend - DEBUG - Frontend received and handling Event(FACTS, [{predicate: say_step, grammar_entry: None, value: Step one: preheat the oven to 180 degrees.}], sender=DmeModule, reason=None)
2017-10-24 17:32:34,108 - frontend - DEBUG - Frontend distributes Event(FACTS, [{predicate: say_step, grammar_entry: None, value: Step one: preheat the oven to 180 degrees.}], sender=DmeModule, reason=None) to <tdm.maharani.frontend.text_output_component.TextOutputComponent instance at 0x7f9b40801758>
2017-10-24 17:32:34,108 - frontend - DEBUG - Frontend distributes Event(FACTS, [{predicate: say_step, grammar_entry: None, value: Step one: preheat the oven to 180 degrees.}], sender=DmeModule, reason=None) to <tdm.maharani.frontend.text_input_component.TextInputComponent instance at 0x7f9b40801488>
2017-10-24 17:32:38,160 - frontend - DEBUG - WebsocketConnection for Frontend: sending string {"content": [{"score": 1.0, "utterance": ""}], "_sender": "TextInputComponent", "_reason": null, "event_type": "RECOGNITION"}
2017-10-24 17:32:38,175 - frontend - DEBUG - WebsocketConnection for Frontend: received string u'{"content": null, "_sender": "TurnManager", "_reason": null, "event_type": "STOP_LISTENING"}'
2017-10-24 17:32:38,176 - frontend - DEBUG - Frontend received and handling Event(STOP_LISTENING, None, sender=TurnManager, reason=None)
2017-10-24 17:32:38,178 - frontend - DEBUG - Frontend distributes Event(STOP_LISTENING, None, sender=TurnManager, reason=None) to <tdm.maharani.frontend.text_output_component.TextOutputComponent instance at 0x7f9b40801758>
2017-10-24 17:32:38,178 - frontend - DEBUG - Frontend distributes Event(STOP_LISTENING, None, sender=TurnManager, reason=None) to <tdm.maharani.frontend.text_input_component.TextInputComponent instance at 0x7f9b40801488>
2017-10-24 17:32:38,215 - frontend - DEBUG - WebsocketConnection for Frontend: received string u'{"content": [{"predicate": "say_step", "grammar_entry": null, "value": "Step one: preheat the oven to 180 degrees."}], "_sender": "DmeModule", "_reason": null, "event_type": "FACTS"}'
2017-10-24 17:32:38,215 - frontend - DEBUG - Frontend received and handling Event(FACTS, [{predicate: say_step, grammar_entry: None, value: Step one: preheat the oven to 180 degrees.}], sender=DmeModule, reason=None)
2017-10-24 17:32:38,215 - frontend - DEBUG - Frontend distributes Event(FACTS, [{predicate: say_step, grammar_entry: None, value: Step one: preheat the oven to 180 degrees.}], sender=DmeModule, reason=None) to <tdm.maharani.frontend.text_output_component.TextOutputComponent instance at 0x7f9b40801758>
2017-10-24 17:32:38,215 - frontend - DEBUG - Frontend distributes Event(FACTS, [{predicate: say_step, grammar_entry: None, value: Step one: preheat the oven to 180 degrees.}], sender=DmeModule, reason=None) to <tdm.maharani.frontend.text_input_component.TextInputComponent instance at 0x7f9b40801488>
2017-10-24 17:32:38,233 - frontend - DEBUG - WebsocketConnection for Frontend: received string u'{"content": ["I heard you say.", "I don\'t understand.", "So,", "Are you done?"], "_sender": "GenerateModule", "_reason": null, "event_type": "SYSTEM_UTTERANCE_TO_SPEAK"}'
2017-10-24 17:32:38,233 - frontend - DEBUG - Frontend received and handling Event(SYSTEM_UTTERANCE_TO_SPEAK, [I heard you say., I don't understand., So,, Are you done?], sender=GenerateModule, reason=None)
2017-10-24 17:32:38,234 - frontend - DEBUG - Frontend distributes Event(SYSTEM_UTTERANCE_TO_SPEAK, [I heard you say., I don't understand., So,, Are you done?], sender=GenerateModule, reason=None) to <tdm.maharani.frontend.text_output_component.TextOutputComponent instance at 0x7f9b40801758>
2017-10-24 17:32:38,234 - frontend - DEBUG - Frontend distributes Event(SYSTEM_UTTERANCE_TO_SPEAK, [I heard you say., I don't understand., So,, Are you done?], sender=GenerateModule, reason=None) to <tdm.maharani.frontend.text_input_component.TextInputComponent instance at 0x7f9b40801488>
2017-10-24 17:32:38,234 - frontend - DEBUG - WebsocketConnection for Frontend: received string u'{"content": [], "_sender": "GuiBackend", "_reason": null, "event_type": "MESSAGE_TO_GUI"}'
2017-10-24 17:32:38,234 - frontend - DEBUG - WebsocketConnection for Frontend: sending string {"content": ["I heard you say.", "I don't understand.", "So,", "Are you done?"], "_sender": "TextOutputComponent", "_reason": null, "event_type": "SYSTEM_UTTERANCE_REALIZED"}
2017-10-24 17:32:38,234 - frontend - DEBUG - Frontend received and handling Event(MESSAGE_TO_GUI, [], sender=GuiBackend, reason=None)
2017-10-24 17:32:38,235 - frontend - DEBUG - Frontend distributes Event(MESSAGE_TO_GUI, [], sender=GuiBackend, reason=None) to <tdm.maharani.frontend.text_output_component.TextOutputComponent instance at 0x7f9b40801758>
2017-10-24 17:32:38,235 - frontend - DEBUG - Frontend distributes Event(MESSAGE_TO_GUI, [], sender=GuiBackend, reason=None) to <tdm.maharani.frontend.text_input_component.TextInputComponent instance at 0x7f9b40801488>
2017-10-24 17:32:38,273 - frontend - DEBUG - WebsocketConnection for Frontend: received string u'{"content": [{"predicate": "say_step", "grammar_entry": null, "value": "Step one: preheat the oven to 180 degrees."}], "_sender": "DmeModule", "_reason": null, "event_type": "FACTS"}'
2017-10-24 17:32:38,273 - frontend - DEBUG - Frontend received and handling Event(FACTS, [{predicate: say_step, grammar_entry: None, value: Step one: preheat the oven to 180 degrees.}], sender=DmeModule, reason=None)
2017-10-24 17:32:38,273 - frontend - DEBUG - Frontend distributes Event(FACTS, [{predicate: say_step, grammar_entry: None, value: Step one: preheat the oven to 180 degrees.}], sender=DmeModule, reason=None) to <tdm.maharani.frontend.text_output_component.TextOutputComponent instance at 0x7f9b40801758>
2017-10-24 17:32:38,273 - frontend - DEBUG - Frontend distributes Event(FACTS, [{predicate: say_step, grammar_entry: None, value: Step one: preheat the oven to 180 degrees.}], sender=DmeModule, reason=None) to <tdm.maharani.frontend.text_input_component.TextInputComponent instance at 0x7f9b40801488>
2017-10-24 17:32:40,077 - frontend - DEBUG - WebsocketConnection for Frontend: sending string {"content": [{"score": 1.0, "utterance": "yes"}], "_sender": "TextInputComponent", "_reason": null, "event_type": "RECOGNITION"}
2017-10-24 17:32:40,089 - frontend - DEBUG - WebsocketConnection for Frontend: received string u'{"content": null, "_sender": "TurnManager", "_reason": null, "event_type": "STOP_LISTENING"}'
2017-10-24 17:32:40,089 - frontend - DEBUG - Frontend received and handling Event(STOP_LISTENING, None, sender=TurnManager, reason=None)
2017-10-24 17:32:40,091 - frontend - DEBUG - Frontend distributes Event(STOP_LISTENING, None, sender=TurnManager, reason=None) to <tdm.maharani.frontend.text_output_component.TextOutputComponent instance at 0x7f9b40801758>
2017-10-24 17:32:40,093 - frontend - DEBUG - Frontend distributes Event(STOP_LISTENING, None, sender=TurnManager, reason=None) to <tdm.maharani.frontend.text_input_component.TextInputComponent instance at 0x7f9b40801488>
2017-10-24 17:32:40,176 - frontend - DEBUG - WebsocketConnection for Frontend: received string u'{"content": "yes", "_sender": "DmeModule", "_reason": null, "event_type": "SELECTED_RECOGNITION"}'
2017-10-24 17:32:40,177 - frontend - DEBUG - Frontend received and handling Event(SELECTED_RECOGNITION, yes, sender=DmeModule, reason=None)
2017-10-24 17:32:40,177 - frontend - DEBUG - Frontend distributes Event(SELECTED_RECOGNITION, yes, sender=DmeModule, reason=None) to <tdm.maharani.frontend.text_output_component.TextOutputComponent instance at 0x7f9b40801758>
2017-10-24 17:32:40,178 - frontend - DEBUG - Frontend distributes Event(SELECTED_RECOGNITION, yes, sender=DmeModule, reason=None) to <tdm.maharani.frontend.text_input_component.TextInputComponent instance at 0x7f9b40801488>
2017-10-24 17:32:40,178 - frontend - DEBUG - WebsocketConnection for Frontend: received string u'{"content": [{"predicate": "say_step", "grammar_entry": null, "value": "Step one: preheat the oven to 180 degrees."}], "_sender": "DmeModule", "_reason": null, "event_type": "FACTS"}'
2017-10-24 17:32:40,178 - frontend - DEBUG - Frontend received and handling Event(FACTS, [{predicate: say_step, grammar_entry: None, value: Step one: preheat the oven to 180 degrees.}], sender=DmeModule, reason=None)
2017-10-24 17:32:40,179 - frontend - DEBUG - Frontend distributes Event(FACTS, [{predicate: say_step, grammar_entry: None, value: Step one: preheat the oven to 180 degrees.}], sender=DmeModule, reason=None) to <tdm.maharani.frontend.text_output_component.TextOutputComponent instance at 0x7f9b40801758>
2017-10-24 17:32:40,179 - frontend - DEBUG - Frontend distributes Event(FACTS, [{predicate: say_step, grammar_entry: None, value: Step one: preheat the oven to 180 degrees.}], sender=DmeModule, reason=None) to <tdm.maharani.frontend.text_input_component.TextInputComponent instance at 0x7f9b40801488>
2017-10-24 17:32:40,183 - frontend - DEBUG - WebsocketConnection for Frontend: received string u'{"content": ["Ok Step one: preheat the oven to 180 degrees.."], "_sender": "GenerateModule", "_reason": null, "event_type": "SYSTEM_UTTERANCE_TO_SPEAK"}'
2017-10-24 17:32:40,183 - frontend - DEBUG - Frontend received and handling Event(SYSTEM_UTTERANCE_TO_SPEAK, [Ok Step one: preheat the oven to 180 degrees..], sender=GenerateModule, reason=None)
2017-10-24 17:32:40,183 - frontend - DEBUG - Frontend distributes Event(SYSTEM_UTTERANCE_TO_SPEAK, [Ok Step one: preheat the oven to 180 degrees..], sender=GenerateModule, reason=None) to <tdm.maharani.frontend.text_output_component.TextOutputComponent instance at 0x7f9b40801758>
2017-10-24 17:32:40,183 - frontend - DEBUG - Frontend distributes Event(SYSTEM_UTTERANCE_TO_SPEAK, [Ok Step one: preheat the oven to 180 degrees..], sender=GenerateModule, reason=None) to <tdm.maharani.frontend.text_input_component.TextInputComponent instance at 0x7f9b40801488>
2017-10-24 17:32:40,184 - frontend - DEBUG - WebsocketConnection for Frontend: received string u'{"content": {"options": [], "title": "Ok Step one: preheat the oven to 180 degrees.."}, "_sender": "IndependentGuiBackend", "_reason": null, "event_type": "GUI.POPUP"}'
2017-10-24 17:32:40,184 - frontend - DEBUG - Frontend received and handling Event(GUI.POPUP, {options: [], title: Ok Step one: preheat the oven to 180 degrees..}, sender=IndependentGuiBackend, reason=None)
2017-10-24 17:32:40,184 - frontend - DEBUG - Frontend distributes Event(GUI.POPUP, {options: [], title: Ok Step one: preheat the oven to 180 degrees..}, sender=IndependentGuiBackend, reason=None) to <tdm.maharani.frontend.text_output_component.TextOutputComponent instance at 0x7f9b40801758>
2017-10-24 17:32:40,184 - frontend - DEBUG - WebsocketConnection for Frontend: sending string {"content": ["Ok Step one: preheat the oven to 180 degrees.."], "_sender": "TextOutputComponent", "_reason": null, "event_type": "SYSTEM_UTTERANCE_REALIZED"}
2017-10-24 17:32:40,184 - frontend - DEBUG - Frontend distributes Event(GUI.POPUP, {options: [], title: Ok Step one: preheat the oven to 180 degrees..}, sender=IndependentGuiBackend, reason=None) to <tdm.maharani.frontend.text_input_component.TextInputComponent instance at 0x7f9b40801488>
2017-10-24 17:32:40,185 - frontend - DEBUG - WebsocketConnection for Frontend: received string u'{"content": [{"Popup": {"elements": [], "title": "Ok Step one: preheat the oven to 180 degrees.."}}], "_sender": "GuiBackend", "_reason": null, "event_type": "MESSAGE_TO_GUI"}'
2017-10-24 17:32:40,185 - frontend - DEBUG - Frontend received and handling Event(MESSAGE_TO_GUI, [<tdm.tdm_gui_protocol.Popup instance at 0x7f9b400eeb00>], sender=GuiBackend, reason=None)
2017-10-24 17:32:40,186 - frontend - DEBUG - Frontend distributes Event(MESSAGE_TO_GUI, [<tdm.tdm_gui_protocol.Popup instance at 0x7f9b400eeb00>], sender=GuiBackend, reason=None) to <tdm.maharani.frontend.text_output_component.TextOutputComponent instance at 0x7f9b40801758>
2017-10-24 17:32:40,186 - frontend - DEBUG - Frontend distributes Event(MESSAGE_TO_GUI, [<tdm.tdm_gui_protocol.Popup instance at 0x7f9b400eeb00>], sender=GuiBackend, reason=None) to <tdm.maharani.frontend.text_input_component.TextInputComponent instance at 0x7f9b40801488>
2017-10-24 17:32:40,228 - frontend - DEBUG - WebsocketConnection for Frontend: received string u'{"content": [{"predicate": "say_step", "grammar_entry": null, "value": "Step one: preheat the oven to 180 degrees."}], "_sender": "DmeModule", "_reason": null, "event_type": "FACTS"}'
2017-10-24 17:32:40,228 - frontend - DEBUG - Frontend received and handling Event(FACTS, [{predicate: say_step, grammar_entry: None, value: Step one: preheat the oven to 180 degrees.}], sender=DmeModule, reason=None)
2017-10-24 17:32:40,229 - frontend - DEBUG - Frontend distributes Event(FACTS, [{predicate: say_step, grammar_entry: None, value: Step one: preheat the oven to 180 degrees.}], sender=DmeModule, reason=None) to <tdm.maharani.frontend.text_output_component.TextOutputComponent instance at 0x7f9b40801758>
2017-10-24 17:32:40,229 - frontend - DEBUG - Frontend distributes Event(FACTS, [{predicate: say_step, grammar_entry: None, value: Step one: preheat the oven to 180 degrees.}], sender=DmeModule, reason=None) to <tdm.maharani.frontend.text_input_component.TextInputComponent instance at 0x7f9b40801488>
2017-10-24 17:32:46,204 - frontend - DEBUG - WebsocketConnection for Frontend: sending string {"content": [{"score": 1.0, "utterance": ""}], "_sender": "TextInputComponent", "_reason": null, "event_type": "RECOGNITION"}
2017-10-24 17:32:46,231 - frontend - DEBUG - WebsocketConnection for Frontend: received string u'{"content": [], "_sender": "DmeModule", "_reason": null, "event_type": "FACTS"}'
2017-10-24 17:32:46,231 - frontend - DEBUG - Frontend received and handling Event(FACTS, [], sender=DmeModule, reason=None)
2017-10-24 17:32:46,232 - frontend - DEBUG - Frontend distributes Event(FACTS, [], sender=DmeModule, reason=None) to <tdm.maharani.frontend.text_output_component.TextOutputComponent instance at 0x7f9b40801758>
2017-10-24 17:32:46,232 - frontend - DEBUG - Frontend distributes Event(FACTS, [], sender=DmeModule, reason=None) to <tdm.maharani.frontend.text_input_component.TextInputComponent instance at 0x7f9b40801488>
2017-10-24 17:32:46,233 - frontend - DEBUG - WebsocketConnection for Frontend: received string u'{"content": null, "_sender": "TurnManager", "_reason": null, "event_type": "STOP_SPEAKING"}'
2017-10-24 17:32:46,233 - frontend - DEBUG - Frontend received and handling Event(STOP_SPEAKING, None, sender=TurnManager, reason=None)
2017-10-24 17:32:46,233 - frontend - DEBUG - Frontend distributes Event(STOP_SPEAKING, None, sender=TurnManager, reason=None) to <tdm.maharani.frontend.text_output_component.TextOutputComponent instance at 0x7f9b40801758>
2017-10-24 17:32:46,233 - frontend - DEBUG - Frontend distributes Event(STOP_SPEAKING, None, sender=TurnManager, reason=None) to <tdm.maharani.frontend.text_input_component.TextInputComponent instance at 0x7f9b40801488>
2017-10-24 17:32:46,233 - frontend - DEBUG - WebsocketConnection for Frontend: received string u'{"content": ["Returning to the start view.", "What would you like to do?"], "_sender": "GenerateModule", "_reason": null, "event_type": "SYSTEM_UTTERANCE_TO_SPEAK"}'
2017-10-24 17:32:46,234 - frontend - DEBUG - Frontend received and handling Event(SYSTEM_UTTERANCE_TO_SPEAK, [Returning to the start view., What would you like to do?], sender=GenerateModule, reason=None)
2017-10-24 17:32:46,234 - frontend - DEBUG - Frontend distributes Event(SYSTEM_UTTERANCE_TO_SPEAK, [Returning to the start view., What would you like to do?], sender=GenerateModule, reason=None) to <tdm.maharani.frontend.text_output_component.TextOutputComponent instance at 0x7f9b40801758>
2017-10-24 17:32:46,234 - frontend - DEBUG - Frontend distributes Event(SYSTEM_UTTERANCE_TO_SPEAK, [Returning to the start view., What would you like to do?], sender=GenerateModule, reason=None) to <tdm.maharani.frontend.text_input_component.TextInputComponent instance at 0x7f9b40801488>
2017-10-24 17:32:46,234 - frontend - DEBUG - WebsocketConnection for Frontend: received string u'{"content": [{"ClosePopup": {}}], "_sender": "GuiBackend", "_reason": null, "event_type": "MESSAGE_TO_GUI"}'
2017-10-24 17:32:46,235 - frontend - DEBUG - Frontend received and handling Event(MESSAGE_TO_GUI, [<tdm.tdm_gui_protocol.ClosePopup instance at 0x7f9b4012acb0>], sender=GuiBackend, reason=None)
2017-10-24 17:32:46,235 - frontend - DEBUG - Frontend distributes Event(MESSAGE_TO_GUI, [<tdm.tdm_gui_protocol.ClosePopup instance at 0x7f9b4012acb0>], sender=GuiBackend, reason=None) to <tdm.maharani.frontend.text_output_component.TextOutputComponent instance at 0x7f9b40801758>
2017-10-24 17:32:46,235 - frontend - DEBUG - WebsocketConnection for Frontend: sending string {"content": ["Returning to the start view.", "What would you like to do?"], "_sender": "TextOutputComponent", "_reason": null, "event_type": "SYSTEM_UTTERANCE_REALIZED"}
2017-10-24 17:32:46,235 - frontend - DEBUG - Frontend distributes Event(MESSAGE_TO_GUI, [<tdm.tdm_gui_protocol.ClosePopup instance at 0x7f9b4012acb0>], sender=GuiBackend, reason=None) to <tdm.maharani.frontend.text_input_component.TextInputComponent instance at 0x7f9b40801488>
2017-10-24 17:32:46,272 - frontend - DEBUG - WebsocketConnection for Frontend: received string u'{"content": [], "_sender": "DmeModule", "_reason": null, "event_type": "FACTS"}'
2017-10-24 17:32:46,272 - frontend - DEBUG - Frontend received and handling Event(FACTS, [], sender=DmeModule, reason=None)
2017-10-24 17:32:46,273 - frontend - DEBUG - Frontend distributes Event(FACTS, [], sender=DmeModule, reason=None) to <tdm.maharani.frontend.text_output_component.TextOutputComponent instance at 0x7f9b40801758>
2017-10-24 17:32:46,273 - frontend - DEBUG - Frontend distributes Event(FACTS, [], sender=DmeModule, reason=None) to <tdm.maharani.frontend.text_input_component.TextInputComponent instance at 0x7f9b40801488>
2017-10-24 17:32:46,308 - frontend - DEBUG - WebsocketConnection for Frontend: received string u'{"content": [], "_sender": "DmeModule", "_reason": null, "event_type": "FACTS"}'
2017-10-24 17:32:46,308 - frontend - DEBUG - Frontend received and handling Event(FACTS, [], sender=DmeModule, reason=None)
2017-10-24 17:32:46,309 - frontend - DEBUG - Frontend distributes Event(FACTS, [], sender=DmeModule, reason=None) to <tdm.maharani.frontend.text_output_component.TextOutputComponent instance at 0x7f9b40801758>
2017-10-24 17:32:46,309 - frontend - DEBUG - Frontend distributes Event(FACTS, [], sender=DmeModule, reason=None) to <tdm.maharani.frontend.text_input_component.TextInputComponent instance at 0x7f9b40801488>
2017-10-24 17:32:46,309 - frontend - DEBUG - WebsocketConnection for Frontend: received string u'{"content": ["I heard you say.", "I don\'t understand."], "_sender": "GenerateModule", "_reason": null, "event_type": "SYSTEM_UTTERANCE_TO_SPEAK"}'
2017-10-24 17:32:46,309 - frontend - DEBUG - Frontend received and handling Event(SYSTEM_UTTERANCE_TO_SPEAK, [I heard you say., I don't understand.], sender=GenerateModule, reason=None)
2017-10-24 17:32:46,309 - frontend - DEBUG - Frontend distributes Event(SYSTEM_UTTERANCE_TO_SPEAK, [I heard you say., I don't understand.], sender=GenerateModule, reason=None) to <tdm.maharani.frontend.text_output_component.TextOutputComponent instance at 0x7f9b40801758>
2017-10-24 17:32:46,309 - frontend - DEBUG - Frontend distributes Event(SYSTEM_UTTERANCE_TO_SPEAK, [I heard you say., I don't understand.], sender=GenerateModule, reason=None) to <tdm.maharani.frontend.text_input_component.TextInputComponent instance at 0x7f9b40801488>
2017-10-24 17:32:46,309 - frontend - DEBUG - WebsocketConnection for Frontend: sending string {"content": ["I heard you say.", "I don't understand."], "_sender": "TextOutputComponent", "_reason": null, "event_type": "SYSTEM_UTTERANCE_REALIZED"}
2017-10-24 17:32:46,310 - frontend - DEBUG - WebsocketConnection for Frontend: received string u'{"content": [], "_sender": "GuiBackend", "_reason": null, "event_type": "MESSAGE_TO_GUI"}'
2017-10-24 17:32:46,311 - frontend - DEBUG - Frontend received and handling Event(MESSAGE_TO_GUI, [], sender=GuiBackend, reason=None)
2017-10-24 17:32:46,311 - frontend - DEBUG - Frontend distributes Event(MESSAGE_TO_GUI, [], sender=GuiBackend, reason=None) to <tdm.maharani.frontend.text_output_component.TextOutputComponent instance at 0x7f9b40801758>
2017-10-24 17:32:46,312 - frontend - DEBUG - Frontend distributes Event(MESSAGE_TO_GUI, [], sender=GuiBackend, reason=None) to <tdm.maharani.frontend.text_input_component.TextInputComponent instance at 0x7f9b40801488>
2017-10-24 17:32:46,351 - frontend - DEBUG - WebsocketConnection for Frontend: received string u'{"content": [], "_sender": "DmeModule", "_reason": null, "event_type": "FACTS"}'
2017-10-24 17:32:46,352 - frontend - DEBUG - Frontend received and handling Event(FACTS, [], sender=DmeModule, reason=None)
2017-10-24 17:32:46,352 - frontend - DEBUG - Frontend distributes Event(FACTS, [], sender=DmeModule, reason=None) to <tdm.maharani.frontend.text_output_component.TextOutputComponent instance at 0x7f9b40801758>
2017-10-24 17:32:46,352 - frontend - DEBUG - Frontend distributes Event(FACTS, [], sender=DmeModule, reason=None) to <tdm.maharani.frontend.text_input_component.TextInputComponent instance at 0x7f9b40801488>
2017-10-24 17:32:49,622 - frontend - DEBUG - WebsocketConnection for Frontend: sending string {"content": [{"score": 1.0, "utterance": "next"}], "_sender": "TextInputComponent", "_reason": null, "event_type": "RECOGNITION"}
2017-10-24 17:32:49,668 - frontend - DEBUG - WebsocketConnection for Frontend: received string u'{"content": null, "_sender": "TurnManager", "_reason": null, "event_type": "STOP_LISTENING"}'
2017-10-24 17:32:49,668 - frontend - DEBUG - Frontend received and handling Event(STOP_LISTENING, None, sender=TurnManager, reason=None)
2017-10-24 17:32:49,668 - frontend - DEBUG - Frontend distributes Event(STOP_LISTENING, None, sender=TurnManager, reason=None) to <tdm.maharani.frontend.text_output_component.TextOutputComponent instance at 0x7f9b40801758>
2017-10-24 17:32:49,668 - frontend - DEBUG - Frontend distributes Event(STOP_LISTENING, None, sender=TurnManager, reason=None) to <tdm.maharani.frontend.text_input_component.TextInputComponent instance at 0x7f9b40801488>
2017-10-24 17:32:49,668 - frontend - DEBUG - WebsocketConnection for Frontend: received string u'{"content": [], "_sender": "DmeModule", "_reason": null, "event_type": "FACTS"}'
2017-10-24 17:32:49,668 - frontend - DEBUG - Frontend received and handling Event(FACTS, [], sender=DmeModule, reason=None)
2017-10-24 17:32:49,668 - frontend - DEBUG - Frontend distributes Event(FACTS, [], sender=DmeModule, reason=None) to <tdm.maharani.frontend.text_output_component.TextOutputComponent instance at 0x7f9b40801758>
2017-10-24 17:32:49,668 - frontend - DEBUG - Frontend distributes Event(FACTS, [], sender=DmeModule, reason=None) to <tdm.maharani.frontend.text_input_component.TextInputComponent instance at 0x7f9b40801488>
2017-10-24 17:32:49,670 - frontend - DEBUG - WebsocketConnection for Frontend: received string u'{"content": ["I heard you say next.", "I don\'t understand."], "_sender": "GenerateModule", "_reason": null, "event_type": "SYSTEM_UTTERANCE_TO_SPEAK"}'
2017-10-24 17:32:49,670 - frontend - DEBUG - Frontend received and handling Event(SYSTEM_UTTERANCE_TO_SPEAK, [I heard you say next., I don't understand.], sender=GenerateModule, reason=None)
2017-10-24 17:32:49,670 - frontend - DEBUG - Frontend distributes Event(SYSTEM_UTTERANCE_TO_SPEAK, [I heard you say next., I don't understand.], sender=GenerateModule, reason=None) to <tdm.maharani.frontend.text_output_component.TextOutputComponent instance at 0x7f9b40801758>
2017-10-24 17:32:49,670 - frontend - DEBUG - Frontend distributes Event(SYSTEM_UTTERANCE_TO_SPEAK, [I heard you say next., I don't understand.], sender=GenerateModule, reason=None) to <tdm.maharani.frontend.text_input_component.TextInputComponent instance at 0x7f9b40801488>
2017-10-24 17:32:49,670 - frontend - DEBUG - WebsocketConnection for Frontend: sending string {"content": ["I heard you say next.", "I don't understand."], "_sender": "TextOutputComponent", "_reason": null, "event_type": "SYSTEM_UTTERANCE_REALIZED"}
2017-10-24 17:32:49,671 - frontend - DEBUG - WebsocketConnection for Frontend: received string u'{"content": [], "_sender": "GuiBackend", "_reason": null, "event_type": "MESSAGE_TO_GUI"}'
2017-10-24 17:32:49,671 - frontend - DEBUG - Frontend received and handling Event(MESSAGE_TO_GUI, [], sender=GuiBackend, reason=None)
2017-10-24 17:32:49,672 - frontend - DEBUG - Frontend distributes Event(MESSAGE_TO_GUI, [], sender=GuiBackend, reason=None) to <tdm.maharani.frontend.text_output_component.TextOutputComponent instance at 0x7f9b40801758>
2017-10-24 17:32:49,672 - frontend - DEBUG - Frontend distributes Event(MESSAGE_TO_GUI, [], sender=GuiBackend, reason=None) to <tdm.maharani.frontend.text_input_component.TextInputComponent instance at 0x7f9b40801488>
2017-10-24 17:32:49,710 - frontend - DEBUG - WebsocketConnection for Frontend: received string u'{"content": [], "_sender": "DmeModule", "_reason": null, "event_type": "FACTS"}'
2017-10-24 17:32:49,710 - frontend - DEBUG - Frontend received and handling Event(FACTS, [], sender=DmeModule, reason=None)
2017-10-24 17:32:49,710 - frontend - DEBUG - Frontend distributes Event(FACTS, [], sender=DmeModule, reason=None) to <tdm.maharani.frontend.text_output_component.TextOutputComponent instance at 0x7f9b40801758>
2017-10-24 17:32:49,710 - frontend - DEBUG - Frontend distributes Event(FACTS, [], sender=DmeModule, reason=None) to <tdm.maharani.frontend.text_input_component.TextInputComponent instance at 0x7f9b40801488>
2017-10-24 17:32:51,471 - frontend - DEBUG - WebsocketConnection for Frontend: sending string {"content": [{"score": 1.0, "utterance": "go to next"}], "_sender": "TextInputComponent", "_reason": null, "event_type": "RECOGNITION"}
2017-10-24 17:32:51,528 - frontend - DEBUG - WebsocketConnection for Frontend: received string u'{"content": null, "_sender": "TurnManager", "_reason": null, "event_type": "STOP_LISTENING"}'
2017-10-24 17:32:51,528 - frontend - DEBUG - Frontend received and handling Event(STOP_LISTENING, None, sender=TurnManager, reason=None)
2017-10-24 17:32:51,531 - frontend - DEBUG - Frontend distributes Event(STOP_LISTENING, None, sender=TurnManager, reason=None) to <tdm.maharani.frontend.text_output_component.TextOutputComponent instance at 0x7f9b40801758>
2017-10-24 17:32:51,531 - frontend - DEBUG - Frontend distributes Event(STOP_LISTENING, None, sender=TurnManager, reason=None) to <tdm.maharani.frontend.text_input_component.TextInputComponent instance at 0x7f9b40801488>
2017-10-24 17:32:51,535 - frontend - DEBUG - WebsocketConnection for Frontend: received string u'{"content": "go to next", "_sender": "DmeModule", "_reason": null, "event_type": "SELECTED_RECOGNITION"}'
2017-10-24 17:32:51,535 - frontend - DEBUG - Frontend received and handling Event(SELECTED_RECOGNITION, go to next, sender=DmeModule, reason=None)
2017-10-24 17:32:51,536 - frontend - DEBUG - Frontend distributes Event(SELECTED_RECOGNITION, go to next, sender=DmeModule, reason=None) to <tdm.maharani.frontend.text_output_component.TextOutputComponent instance at 0x7f9b40801758>
2017-10-24 17:32:51,536 - frontend - DEBUG - Frontend distributes Event(SELECTED_RECOGNITION, go to next, sender=DmeModule, reason=None) to <tdm.maharani.frontend.text_input_component.TextInputComponent instance at 0x7f9b40801488>
2017-10-24 17:32:51,538 - frontend - DEBUG - WebsocketConnection for Frontend: received string u'{"content": [], "_sender": "DmeModule", "_reason": null, "event_type": "FACTS"}'
2017-10-24 17:32:51,538 - frontend - DEBUG - Frontend received and handling Event(FACTS, [], sender=DmeModule, reason=None)
2017-10-24 17:32:51,538 - frontend - DEBUG - Frontend distributes Event(FACTS, [], sender=DmeModule, reason=None) to <tdm.maharani.frontend.text_output_component.TextOutputComponent instance at 0x7f9b40801758>
2017-10-24 17:32:51,539 - frontend - DEBUG - Frontend distributes Event(FACTS, [], sender=DmeModule, reason=None) to <tdm.maharani.frontend.text_input_component.TextInputComponent instance at 0x7f9b40801488>
2017-10-24 17:32:51,556 - frontend - DEBUG - WebsocketConnection for Frontend: received string u'{"content": ["", "Next"], "_sender": "GenerateModule", "_reason": null, "event_type": "SYSTEM_UTTERANCE_TO_SPEAK"}'
2017-10-24 17:32:51,556 - frontend - DEBUG - Frontend received and handling Event(SYSTEM_UTTERANCE_TO_SPEAK, [, Next], sender=GenerateModule, reason=None)
2017-10-24 17:32:51,556 - frontend - DEBUG - Frontend distributes Event(SYSTEM_UTTERANCE_TO_SPEAK, [, Next], sender=GenerateModule, reason=None) to <tdm.maharani.frontend.text_output_component.TextOutputComponent instance at 0x7f9b40801758>
2017-10-24 17:32:51,556 - frontend - DEBUG - Frontend distributes Event(SYSTEM_UTTERANCE_TO_SPEAK, [, Next], sender=GenerateModule, reason=None) to <tdm.maharani.frontend.text_input_component.TextInputComponent instance at 0x7f9b40801488>
2017-10-24 17:32:51,556 - frontend - DEBUG - WebsocketConnection for Frontend: received string u'{"content": {"options": [], "title": "Next"}, "_sender": "IndependentGuiBackend", "_reason": null, "event_type": "GUI.POPUP"}'
2017-10-24 17:32:51,556 - frontend - DEBUG - Frontend received and handling Event(GUI.POPUP, {options: [], title: Next}, sender=IndependentGuiBackend, reason=None)
2017-10-24 17:32:51,557 - frontend - DEBUG - Frontend distributes Event(GUI.POPUP, {options: [], title: Next}, sender=IndependentGuiBackend, reason=None) to <tdm.maharani.frontend.text_output_component.TextOutputComponent instance at 0x7f9b40801758>
2017-10-24 17:32:51,557 - frontend - DEBUG - WebsocketConnection for Frontend: sending string {"content": ["", "Next"], "_sender": "TextOutputComponent", "_reason": null, "event_type": "SYSTEM_UTTERANCE_REALIZED"}
2017-10-24 17:32:51,557 - frontend - DEBUG - Frontend distributes Event(GUI.POPUP, {options: [], title: Next}, sender=IndependentGuiBackend, reason=None) to <tdm.maharani.frontend.text_input_component.TextInputComponent instance at 0x7f9b40801488>
2017-10-24 17:32:51,557 - frontend - DEBUG - WebsocketConnection for Frontend: received string u'{"content": [{"DeviceResult": {"action": "go_to_next", "result": true, "arguments": {}, "failure_reason": null}}, {"Popup": {"elements": [], "title": "Next"}}], "_sender": "GuiBackend", "_reason": null, "event_type": "MESSAGE_TO_GUI"}'
2017-10-24 17:32:51,558 - frontend - DEBUG - Frontend received and handling Event(MESSAGE_TO_GUI, [<tdm.tdm_gui_protocol.DeviceResult instance at 0x7f9b400eeb00>, <tdm.tdm_gui_protocol.Popup instance at 0x7f9b400ee3f8>], sender=GuiBackend, reason=None)
2017-10-24 17:32:51,558 - frontend - DEBUG - Frontend distributes Event(MESSAGE_TO_GUI, [<tdm.tdm_gui_protocol.DeviceResult instance at 0x7f9b400eeb00>, <tdm.tdm_gui_protocol.Popup instance at 0x7f9b400ee3f8>], sender=GuiBackend, reason=None) to <tdm.maharani.frontend.text_output_component.TextOutputComponent instance at 0x7f9b40801758>
2017-10-24 17:32:51,559 - frontend - DEBUG - Frontend distributes Event(MESSAGE_TO_GUI, [<tdm.tdm_gui_protocol.DeviceResult instance at 0x7f9b400eeb00>, <tdm.tdm_gui_protocol.Popup instance at 0x7f9b400ee3f8>], sender=GuiBackend, reason=None) to <tdm.maharani.frontend.text_input_component.TextInputComponent instance at 0x7f9b40801488>
2017-10-24 17:32:51,626 - frontend - DEBUG - WebsocketConnection for Frontend: received string u'{"content": [{"predicate": "say_step", "grammar_entry": null, "value": "Step two: Make the ragu. Heat the olive oil in a frying pan and fry the celery, carrots and onion for approximately 15 minutes. Add the beef and pork. Pour in red wine and stir well. Cook for 45 minutes."}], "_sender": "DmeModule", "_reason": null, "event_type": "FACTS"}'
2017-10-24 17:32:51,626 - frontend - DEBUG - Frontend received and handling Event(FACTS, [{predicate: say_step, grammar_entry: None, value: Step two: Make the ragu. Heat the olive oil in a frying pan and fry the celery, carrots and onion for approximately 15 minutes. Add the beef and pork. Pour in red wine and stir well. Cook for 45 minutes.}], sender=DmeModule, reason=None)
2017-10-24 17:32:51,627 - frontend - DEBUG - Frontend distributes Event(FACTS, [{predicate: say_step, grammar_entry: None, value: Step two: Make the ragu. Heat the olive oil in a frying pan and fry the celery, carrots and onion for approximately 15 minutes. Add the beef and pork. Pour in red wine and stir well. Cook for 45 minutes.}], sender=DmeModule, reason=None) to <tdm.maharani.frontend.text_output_component.TextOutputComponent instance at 0x7f9b40801758>
2017-10-24 17:32:51,627 - frontend - DEBUG - Frontend distributes Event(FACTS, [{predicate: say_step, grammar_entry: None, value: Step two: Make the ragu. Heat the olive oil in a frying pan and fry the celery, carrots and onion for approximately 15 minutes. Add the beef and pork. Pour in red wine and stir well. Cook for 45 minutes.}], sender=DmeModule, reason=None) to <tdm.maharani.frontend.text_input_component.TextInputComponent instance at 0x7f9b40801488>
2017-10-24 17:32:51,693 - frontend - DEBUG - WebsocketConnection for Frontend: received string u'{"content": ["", "Are you done?"], "_sender": "GenerateModule", "_reason": null, "event_type": "SYSTEM_UTTERANCE_TO_SPEAK"}'
2017-10-24 17:32:51,693 - frontend - DEBUG - Frontend received and handling Event(SYSTEM_UTTERANCE_TO_SPEAK, [, Are you done?], sender=GenerateModule, reason=None)
2017-10-24 17:32:51,693 - frontend - DEBUG - Frontend distributes Event(SYSTEM_UTTERANCE_TO_SPEAK, [, Are you done?], sender=GenerateModule, reason=None) to <tdm.maharani.frontend.text_output_component.TextOutputComponent instance at 0x7f9b40801758>
2017-10-24 17:32:51,693 - frontend - DEBUG - Frontend distributes Event(SYSTEM_UTTERANCE_TO_SPEAK, [, Are you done?], sender=GenerateModule, reason=None) to <tdm.maharani.frontend.text_input_component.TextInputComponent instance at 0x7f9b40801488>
2017-10-24 17:32:51,694 - frontend - DEBUG - WebsocketConnection for Frontend: received string u'{"content": [{"ClosePopup": {}}], "_sender": "GuiBackend", "_reason": null, "event_type": "MESSAGE_TO_GUI"}'
2017-10-24 17:32:51,694 - frontend - DEBUG - WebsocketConnection for Frontend: sending string {"content": ["", "Are you done?"], "_sender": "TextOutputComponent", "_reason": null, "event_type": "SYSTEM_UTTERANCE_REALIZED"}
2017-10-24 17:32:51,694 - frontend - DEBUG - Frontend received and handling Event(MESSAGE_TO_GUI, [<tdm.tdm_gui_protocol.ClosePopup instance at 0x7f9b400ee830>], sender=GuiBackend, reason=None)
2017-10-24 17:32:51,694 - frontend - DEBUG - Frontend distributes Event(MESSAGE_TO_GUI, [<tdm.tdm_gui_protocol.ClosePopup instance at 0x7f9b400ee830>], sender=GuiBackend, reason=None) to <tdm.maharani.frontend.text_output_component.TextOutputComponent instance at 0x7f9b40801758>
2017-10-24 17:32:51,695 - frontend - DEBUG - Frontend distributes Event(MESSAGE_TO_GUI, [<tdm.tdm_gui_protocol.ClosePopup instance at 0x7f9b400ee830>], sender=GuiBackend, reason=None) to <tdm.maharani.frontend.text_input_component.TextInputComponent instance at 0x7f9b40801488>
2017-10-24 17:32:51,734 - frontend - DEBUG - WebsocketConnection for Frontend: received string u'{"content": [{"predicate": "say_step", "grammar_entry": null, "value": "Step two: Make the ragu. Heat the olive oil in a frying pan and fry the celery, carrots and onion for approximately 15 minutes. Add the beef and pork. Pour in red wine and stir well. Cook for 45 minutes."}], "_sender": "DmeModule", "_reason": null, "event_type": "FACTS"}'
2017-10-24 17:32:51,734 - frontend - DEBUG - Frontend received and handling Event(FACTS, [{predicate: say_step, grammar_entry: None, value: Step two: Make the ragu. Heat the olive oil in a frying pan and fry the celery, carrots and onion for approximately 15 minutes. Add the beef and pork. Pour in red wine and stir well. Cook for 45 minutes.}], sender=DmeModule, reason=None)
2017-10-24 17:32:51,734 - frontend - DEBUG - Frontend distributes Event(FACTS, [{predicate: say_step, grammar_entry: None, value: Step two: Make the ragu. Heat the olive oil in a frying pan and fry the celery, carrots and onion for approximately 15 minutes. Add the beef and pork. Pour in red wine and stir well. Cook for 45 minutes.}], sender=DmeModule, reason=None) to <tdm.maharani.frontend.text_output_component.TextOutputComponent instance at 0x7f9b40801758>
2017-10-24 17:32:51,734 - frontend - DEBUG - Frontend distributes Event(FACTS, [{predicate: say_step, grammar_entry: None, value: Step two: Make the ragu. Heat the olive oil in a frying pan and fry the celery, carrots and onion for approximately 15 minutes. Add the beef and pork. Pour in red wine and stir well. Cook for 45 minutes.}], sender=DmeModule, reason=None) to <tdm.maharani.frontend.text_input_component.TextInputComponent instance at 0x7f9b40801488>
2017-10-24 17:32:55,504 - frontend - DEBUG - WebsocketConnection for Frontend: sending string {"content": [{"score": 1.0, "utterance": "yes"}], "_sender": "TextInputComponent", "_reason": null, "event_type": "RECOGNITION"}
2017-10-24 17:32:55,554 - frontend - DEBUG - WebsocketConnection for Frontend: received string u'{"content": null, "_sender": "TurnManager", "_reason": null, "event_type": "STOP_LISTENING"}'
2017-10-24 17:32:55,554 - frontend - DEBUG - Frontend received and handling Event(STOP_LISTENING, None, sender=TurnManager, reason=None)
2017-10-24 17:32:55,559 - frontend - DEBUG - Frontend distributes Event(STOP_LISTENING, None, sender=TurnManager, reason=None) to <tdm.maharani.frontend.text_output_component.TextOutputComponent instance at 0x7f9b40801758>
2017-10-24 17:32:55,559 - frontend - DEBUG - Frontend distributes Event(STOP_LISTENING, None, sender=TurnManager, reason=None) to <tdm.maharani.frontend.text_input_component.TextInputComponent instance at 0x7f9b40801488>
2017-10-24 17:32:55,629 - frontend - DEBUG - WebsocketConnection for Frontend: received string u'{"content": "yes", "_sender": "DmeModule", "_reason": null, "event_type": "SELECTED_RECOGNITION"}'
2017-10-24 17:32:55,629 - frontend - DEBUG - Frontend received and handling Event(SELECTED_RECOGNITION, yes, sender=DmeModule, reason=None)
2017-10-24 17:32:55,629 - frontend - DEBUG - Frontend distributes Event(SELECTED_RECOGNITION, yes, sender=DmeModule, reason=None) to <tdm.maharani.frontend.text_output_component.TextOutputComponent instance at 0x7f9b40801758>
2017-10-24 17:32:55,629 - frontend - DEBUG - Frontend distributes Event(SELECTED_RECOGNITION, yes, sender=DmeModule, reason=None) to <tdm.maharani.frontend.text_input_component.TextInputComponent instance at 0x7f9b40801488>
2017-10-24 17:32:55,630 - frontend - DEBUG - WebsocketConnection for Frontend: received string u'{"content": [{"predicate": "say_step", "grammar_entry": null, "value": "Step two: Make the ragu. Heat the olive oil in a frying pan and fry the celery, carrots and onion for approximately 15 minutes. Add the beef and pork. Pour in red wine and stir well. Cook for 45 minutes."}], "_sender": "DmeModule", "_reason": null, "event_type": "FACTS"}'
2017-10-24 17:32:55,630 - frontend - DEBUG - Frontend received and handling Event(FACTS, [{predicate: say_step, grammar_entry: None, value: Step two: Make the ragu. Heat the olive oil in a frying pan and fry the celery, carrots and onion for approximately 15 minutes. Add the beef and pork. Pour in red wine and stir well. Cook for 45 minutes.}], sender=DmeModule, reason=None)
2017-10-24 17:32:55,631 - frontend - DEBUG - Frontend distributes Event(FACTS, [{predicate: say_step, grammar_entry: None, value: Step two: Make the ragu. Heat the olive oil in a frying pan and fry the celery, carrots and onion for approximately 15 minutes. Add the beef and pork. Pour in red wine and stir well. Cook for 45 minutes.}], sender=DmeModule, reason=None) to <tdm.maharani.frontend.text_output_component.TextOutputComponent instance at 0x7f9b40801758>
2017-10-24 17:32:55,631 - frontend - DEBUG - Frontend distributes Event(FACTS, [{predicate: say_step, grammar_entry: None, value: Step two: Make the ragu. Heat the olive oil in a frying pan and fry the celery, carrots and onion for approximately 15 minutes. Add the beef and pork. Pour in red wine and stir well. Cook for 45 minutes.}], sender=DmeModule, reason=None) to <tdm.maharani.frontend.text_input_component.TextInputComponent instance at 0x7f9b40801488>
2017-10-24 17:32:55,631 - frontend - DEBUG - WebsocketConnection for Frontend: received string u'{"content": ["Ok Step two: Make the ragu. Heat the olive oil in a frying pan and fry the celery, carrots and onion for approximately 15 minutes. Add the beef and pork. Pour in red wine and stir well. Cook for 45 minutes.."], "_sender": "GenerateModule", "_reason": null, "event_type": "SYSTEM_UTTERANCE_TO_SPEAK"}'
2017-10-24 17:32:55,631 - frontend - DEBUG - Frontend received and handling Event(SYSTEM_UTTERANCE_TO_SPEAK, [Ok Step two: Make the ragu. Heat the olive oil in a frying pan and fry the celery, carrots and onion for approximately 15 minutes. Add the beef and pork. Pour in red wine and stir well. Cook for 45 minutes..], sender=GenerateModule, reason=None)
2017-10-24 17:32:55,631 - frontend - DEBUG - Frontend distributes Event(SYSTEM_UTTERANCE_TO_SPEAK, [Ok Step two: Make the ragu. Heat the olive oil in a frying pan and fry the celery, carrots and onion for approximately 15 minutes. Add the beef and pork. Pour in red wine and stir well. Cook for 45 minutes..], sender=GenerateModule, reason=None) to <tdm.maharani.frontend.text_output_component.TextOutputComponent instance at 0x7f9b40801758>
2017-10-24 17:32:55,631 - frontend - DEBUG - Frontend distributes Event(SYSTEM_UTTERANCE_TO_SPEAK, [Ok Step two: Make the ragu. Heat the olive oil in a frying pan and fry the celery, carrots and onion for approximately 15 minutes. Add the beef and pork. Pour in red wine and stir well. Cook for 45 minutes..], sender=GenerateModule, reason=None) to <tdm.maharani.frontend.text_input_component.TextInputComponent instance at 0x7f9b40801488>
2017-10-24 17:32:55,631 - frontend - DEBUG - WebsocketConnection for Frontend: received string u'{"content": {"options": [], "title": "Ok Step two: Make the ragu. Heat the olive oil in a frying pan and fry the celery, carrots and onion for approximately 15 minutes. Add the beef and pork. Pour in red wine and stir well. Cook for 45 minutes.."}, "_sender": "IndependentGuiBackend", "_reason": null, "event_type": "GUI.POPUP"}'
2017-10-24 17:32:55,632 - frontend - DEBUG - WebsocketConnection for Frontend: sending string {"content": ["Ok Step two: Make the ragu. Heat the olive oil in a frying pan and fry the celery, carrots and onion for approximately 15 minutes. Add the beef and pork. Pour in red wine and stir well. Cook for 45 minutes.."], "_sender": "TextOutputComponent", "_reason": null, "event_type": "SYSTEM_UTTERANCE_REALIZED"}
2017-10-24 17:32:55,632 - frontend - DEBUG - Frontend received and handling Event(GUI.POPUP, {options: [], title: Ok Step two: Make the ragu. Heat the olive oil in a frying pan and fry the celery, carrots and onion for approximately 15 minutes. Add the beef and pork. Pour in red wine and stir well. Cook for 45 minutes..}, sender=IndependentGuiBackend, reason=None)
2017-10-24 17:32:55,632 - frontend - DEBUG - Frontend distributes Event(GUI.POPUP, {options: [], title: Ok Step two: Make the ragu. Heat the olive oil in a frying pan and fry the celery, carrots and onion for approximately 15 minutes. Add the beef and pork. Pour in red wine and stir well. Cook for 45 minutes..}, sender=IndependentGuiBackend, reason=None) to <tdm.maharani.frontend.text_output_component.TextOutputComponent instance at 0x7f9b40801758>
2017-10-24 17:32:55,633 - frontend - DEBUG - Frontend distributes Event(GUI.POPUP, {options: [], title: Ok Step two: Make the ragu. Heat the olive oil in a frying pan and fry the celery, carrots and onion for approximately 15 minutes. Add the beef and pork. Pour in red wine and stir well. Cook for 45 minutes..}, sender=IndependentGuiBackend, reason=None) to <tdm.maharani.frontend.text_input_component.TextInputComponent instance at 0x7f9b40801488>
2017-10-24 17:32:55,633 - frontend - DEBUG - WebsocketConnection for Frontend: received string u'{"content": [{"Popup": {"elements": [], "title": "Ok Step two: Make the ragu. Heat the olive oil in a frying pan and fry the celery, carrots and onion for approximately 15 minutes. Add the beef and pork. Pour in red wine and stir well. Cook for 45 minutes.."}}], "_sender": "GuiBackend", "_reason": null, "event_type": "MESSAGE_TO_GUI"}'
2017-10-24 17:32:55,634 - frontend - DEBUG - Frontend received and handling Event(MESSAGE_TO_GUI, [<tdm.tdm_gui_protocol.Popup instance at 0x7f9b400f5e60>], sender=GuiBackend, reason=None)
2017-10-24 17:32:55,634 - frontend - DEBUG - Frontend distributes Event(MESSAGE_TO_GUI, [<tdm.tdm_gui_protocol.Popup instance at 0x7f9b400f5e60>], sender=GuiBackend, reason=None) to <tdm.maharani.frontend.text_output_component.TextOutputComponent instance at 0x7f9b40801758>
2017-10-24 17:32:55,634 - frontend - DEBUG - Frontend distributes Event(MESSAGE_TO_GUI, [<tdm.tdm_gui_protocol.Popup instance at 0x7f9b400f5e60>], sender=GuiBackend, reason=None) to <tdm.maharani.frontend.text_input_component.TextInputComponent instance at 0x7f9b40801488>
2017-10-24 17:32:55,671 - frontend - DEBUG - WebsocketConnection for Frontend: received string u'{"content": [{"predicate": "say_step", "grammar_entry": null, "value": "Step two: Make the ragu. Heat the olive oil in a frying pan and fry the celery, carrots and onion for approximately 15 minutes. Add the beef and pork. Pour in red wine and stir well. Cook for 45 minutes."}], "_sender": "DmeModule", "_reason": null, "event_type": "FACTS"}'
2017-10-24 17:32:55,671 - frontend - DEBUG - Frontend received and handling Event(FACTS, [{predicate: say_step, grammar_entry: None, value: Step two: Make the ragu. Heat the olive oil in a frying pan and fry the celery, carrots and onion for approximately 15 minutes. Add the beef and pork. Pour in red wine and stir well. Cook for 45 minutes.}], sender=DmeModule, reason=None)
2017-10-24 17:32:55,671 - frontend - DEBUG - Frontend distributes Event(FACTS, [{predicate: say_step, grammar_entry: None, value: Step two: Make the ragu. Heat the olive oil in a frying pan and fry the celery, carrots and onion for approximately 15 minutes. Add the beef and pork. Pour in red wine and stir well. Cook for 45 minutes.}], sender=DmeModule, reason=None) to <tdm.maharani.frontend.text_output_component.TextOutputComponent instance at 0x7f9b40801758>
2017-10-24 17:32:55,671 - frontend - DEBUG - Frontend distributes Event(FACTS, [{predicate: say_step, grammar_entry: None, value: Step two: Make the ragu. Heat the olive oil in a frying pan and fry the celery, carrots and onion for approximately 15 minutes. Add the beef and pork. Pour in red wine and stir well. Cook for 45 minutes.}], sender=DmeModule, reason=None) to <tdm.maharani.frontend.text_input_component.TextInputComponent instance at 0x7f9b40801488>
2017-10-24 17:32:58,823 - frontend - DEBUG - WebsocketConnection for Frontend: sending string {"content": [{"score": 1.0, "utterance": "next"}], "_sender": "TextInputComponent", "_reason": null, "event_type": "RECOGNITION"}
2017-10-24 17:32:58,837 - frontend - DEBUG - WebsocketConnection for Frontend: received string u'{"content": [], "_sender": "DmeModule", "_reason": null, "event_type": "FACTS"}'
2017-10-24 17:32:58,838 - frontend - DEBUG - Frontend received and handling Event(FACTS, [], sender=DmeModule, reason=None)
2017-10-24 17:32:58,838 - frontend - DEBUG - Frontend distributes Event(FACTS, [], sender=DmeModule, reason=None) to <tdm.maharani.frontend.text_output_component.TextOutputComponent instance at 0x7f9b40801758>
2017-10-24 17:32:58,838 - frontend - DEBUG - Frontend distributes Event(FACTS, [], sender=DmeModule, reason=None) to <tdm.maharani.frontend.text_input_component.TextInputComponent instance at 0x7f9b40801488>
2017-10-24 17:32:58,843 - frontend - DEBUG - WebsocketConnection for Frontend: received string u'{"content": null, "_sender": "TurnManager", "_reason": null, "event_type": "STOP_SPEAKING"}'
2017-10-24 17:32:58,843 - frontend - DEBUG - Frontend received and handling Event(STOP_SPEAKING, None, sender=TurnManager, reason=None)
2017-10-24 17:32:58,843 - frontend - DEBUG - Frontend distributes Event(STOP_SPEAKING, None, sender=TurnManager, reason=None) to <tdm.maharani.frontend.text_output_component.TextOutputComponent instance at 0x7f9b40801758>
2017-10-24 17:32:58,844 - frontend - DEBUG - Frontend distributes Event(STOP_SPEAKING, None, sender=TurnManager, reason=None) to <tdm.maharani.frontend.text_input_component.TextInputComponent instance at 0x7f9b40801488>
2017-10-24 17:32:58,844 - frontend - DEBUG - WebsocketConnection for Frontend: received string u'{"content": ["Returning to the start view.", "What would you like to do?"], "_sender": "GenerateModule", "_reason": null, "event_type": "SYSTEM_UTTERANCE_TO_SPEAK"}'
2017-10-24 17:32:58,844 - frontend - DEBUG - Frontend received and handling Event(SYSTEM_UTTERANCE_TO_SPEAK, [Returning to the start view., What would you like to do?], sender=GenerateModule, reason=None)
2017-10-24 17:32:58,844 - frontend - DEBUG - Frontend distributes Event(SYSTEM_UTTERANCE_TO_SPEAK, [Returning to the start view., What would you like to do?], sender=GenerateModule, reason=None) to <tdm.maharani.frontend.text_output_component.TextOutputComponent instance at 0x7f9b40801758>
2017-10-24 17:32:58,844 - frontend - DEBUG - Frontend distributes Event(SYSTEM_UTTERANCE_TO_SPEAK, [Returning to the start view., What would you like to do?], sender=GenerateModule, reason=None) to <tdm.maharani.frontend.text_input_component.TextInputComponent instance at 0x7f9b40801488>
2017-10-24 17:32:58,845 - frontend - DEBUG - WebsocketConnection for Frontend: received string u'{"content": [{"ClosePopup": {}}], "_sender": "GuiBackend", "_reason": null, "event_type": "MESSAGE_TO_GUI"}'
2017-10-24 17:32:58,845 - frontend - DEBUG - WebsocketConnection for Frontend: sending string {"content": ["Returning to the start view.", "What would you like to do?"], "_sender": "TextOutputComponent", "_reason": null, "event_type": "SYSTEM_UTTERANCE_REALIZED"}
2017-10-24 17:32:58,845 - frontend - DEBUG - Frontend received and handling Event(MESSAGE_TO_GUI, [<tdm.tdm_gui_protocol.ClosePopup instance at 0x7f9b400f57e8>], sender=GuiBackend, reason=None)
2017-10-24 17:32:58,845 - frontend - DEBUG - Frontend distributes Event(MESSAGE_TO_GUI, [<tdm.tdm_gui_protocol.ClosePopup instance at 0x7f9b400f57e8>], sender=GuiBackend, reason=None) to <tdm.maharani.frontend.text_output_component.TextOutputComponent instance at 0x7f9b40801758>
2017-10-24 17:32:58,846 - frontend - DEBUG - Frontend distributes Event(MESSAGE_TO_GUI, [<tdm.tdm_gui_protocol.ClosePopup instance at 0x7f9b400f57e8>], sender=GuiBackend, reason=None) to <tdm.maharani.frontend.text_input_component.TextInputComponent instance at 0x7f9b40801488>
2017-10-24 17:32:58,887 - frontend - DEBUG - WebsocketConnection for Frontend: received string u'{"content": [], "_sender": "DmeModule", "_reason": null, "event_type": "FACTS"}'
2017-10-24 17:32:58,887 - frontend - DEBUG - Frontend received and handling Event(FACTS, [], sender=DmeModule, reason=None)
2017-10-24 17:32:58,888 - frontend - DEBUG - Frontend distributes Event(FACTS, [], sender=DmeModule, reason=None) to <tdm.maharani.frontend.text_output_component.TextOutputComponent instance at 0x7f9b40801758>
2017-10-24 17:32:58,888 - frontend - DEBUG - Frontend distributes Event(FACTS, [], sender=DmeModule, reason=None) to <tdm.maharani.frontend.text_input_component.TextInputComponent instance at 0x7f9b40801488>
2017-10-24 17:32:58,925 - frontend - DEBUG - WebsocketConnection for Frontend: received string u'{"content": [], "_sender": "DmeModule", "_reason": null, "event_type": "FACTS"}'
2017-10-24 17:32:58,925 - frontend - DEBUG - Frontend received and handling Event(FACTS, [], sender=DmeModule, reason=None)
2017-10-24 17:32:58,925 - frontend - DEBUG - Frontend distributes Event(FACTS, [], sender=DmeModule, reason=None) to <tdm.maharani.frontend.text_output_component.TextOutputComponent instance at 0x7f9b40801758>
2017-10-24 17:32:58,925 - frontend - DEBUG - Frontend distributes Event(FACTS, [], sender=DmeModule, reason=None) to <tdm.maharani.frontend.text_input_component.TextInputComponent instance at 0x7f9b40801488>
2017-10-24 17:32:58,925 - frontend - DEBUG - WebsocketConnection for Frontend: received string u'{"content": ["I heard you say next.", "I don\'t understand."], "_sender": "GenerateModule", "_reason": null, "event_type": "SYSTEM_UTTERANCE_TO_SPEAK"}'
2017-10-24 17:32:58,925 - frontend - DEBUG - Frontend received and handling Event(SYSTEM_UTTERANCE_TO_SPEAK, [I heard you say next., I don't understand.], sender=GenerateModule, reason=None)
2017-10-24 17:32:58,925 - frontend - DEBUG - Frontend distributes Event(SYSTEM_UTTERANCE_TO_SPEAK, [I heard you say next., I don't understand.], sender=GenerateModule, reason=None) to <tdm.maharani.frontend.text_output_component.TextOutputComponent instance at 0x7f9b40801758>
2017-10-24 17:32:58,926 - frontend - DEBUG - Frontend distributes Event(SYSTEM_UTTERANCE_TO_SPEAK, [I heard you say next., I don't understand.], sender=GenerateModule, reason=None) to <tdm.maharani.frontend.text_input_component.TextInputComponent instance at 0x7f9b40801488>
2017-10-24 17:32:58,926 - frontend - DEBUG - WebsocketConnection for Frontend: received string u'{"content": [], "_sender": "GuiBackend", "_reason": null, "event_type": "MESSAGE_TO_GUI"}'
2017-10-24 17:32:58,926 - frontend - DEBUG - Frontend received and handling Event(MESSAGE_TO_GUI, [], sender=GuiBackend, reason=None)
2017-10-24 17:32:58,926 - frontend - DEBUG - WebsocketConnection for Frontend: sending string {"content": ["I heard you say next.", "I don't understand."], "_sender": "TextOutputComponent", "_reason": null, "event_type": "SYSTEM_UTTERANCE_REALIZED"}
2017-10-24 17:32:58,927 - frontend - DEBUG - Frontend distributes Event(MESSAGE_TO_GUI, [], sender=GuiBackend, reason=None) to <tdm.maharani.frontend.text_output_component.TextOutputComponent instance at 0x7f9b40801758>
2017-10-24 17:32:58,927 - frontend - DEBUG - Frontend distributes Event(MESSAGE_TO_GUI, [], sender=GuiBackend, reason=None) to <tdm.maharani.frontend.text_input_component.TextInputComponent instance at 0x7f9b40801488>
2017-10-24 17:32:58,966 - frontend - DEBUG - WebsocketConnection for Frontend: received string u'{"content": [], "_sender": "DmeModule", "_reason": null, "event_type": "FACTS"}'
2017-10-24 17:32:58,966 - frontend - DEBUG - Frontend received and handling Event(FACTS, [], sender=DmeModule, reason=None)
2017-10-24 17:32:58,966 - frontend - DEBUG - Frontend distributes Event(FACTS, [], sender=DmeModule, reason=None) to <tdm.maharani.frontend.text_output_component.TextOutputComponent instance at 0x7f9b40801758>
2017-10-24 17:32:58,966 - frontend - DEBUG - Frontend distributes Event(FACTS, [], sender=DmeModule, reason=None) to <tdm.maharani.frontend.text_input_component.TextInputComponent instance at 0x7f9b40801488>
2017-10-24 17:33:02,095 - frontend - DEBUG - WebsocketConnection for Frontend: sending string {"content": [{"score": 1.0, "utterance": "go to next"}], "_sender": "TextInputComponent", "_reason": null, "event_type": "RECOGNITION"}
2017-10-24 17:33:02,136 - frontend - DEBUG - WebsocketConnection for Frontend: received string u'{"content": null, "_sender": "TurnManager", "_reason": null, "event_type": "STOP_LISTENING"}'
2017-10-24 17:33:02,137 - frontend - DEBUG - Frontend received and handling Event(STOP_LISTENING, None, sender=TurnManager, reason=None)
2017-10-24 17:33:02,140 - frontend - DEBUG - Frontend distributes Event(STOP_LISTENING, None, sender=TurnManager, reason=None) to <tdm.maharani.frontend.text_output_component.TextOutputComponent instance at 0x7f9b40801758>
2017-10-24 17:33:02,141 - frontend - DEBUG - Frontend distributes Event(STOP_LISTENING, None, sender=TurnManager, reason=None) to <tdm.maharani.frontend.text_input_component.TextInputComponent instance at 0x7f9b40801488>
2017-10-24 17:33:02,181 - frontend - DEBUG - WebsocketConnection for Frontend: received string u'{"content": "go to next", "_sender": "DmeModule", "_reason": null, "event_type": "SELECTED_RECOGNITION"}'
2017-10-24 17:33:02,181 - frontend - DEBUG - Frontend received and handling Event(SELECTED_RECOGNITION, go to next, sender=DmeModule, reason=None)
2017-10-24 17:33:02,181 - frontend - DEBUG - Frontend distributes Event(SELECTED_RECOGNITION, go to next, sender=DmeModule, reason=None) to <tdm.maharani.frontend.text_output_component.TextOutputComponent instance at 0x7f9b40801758>
2017-10-24 17:33:02,182 - frontend - DEBUG - Frontend distributes Event(SELECTED_RECOGNITION, go to next, sender=DmeModule, reason=None) to <tdm.maharani.frontend.text_input_component.TextInputComponent instance at 0x7f9b40801488>
2017-10-24 17:33:02,182 - frontend - DEBUG - WebsocketConnection for Frontend: received string u'{"content": [], "_sender": "DmeModule", "_reason": null, "event_type": "FACTS"}'
2017-10-24 17:33:02,184 - frontend - DEBUG - Frontend received and handling Event(FACTS, [], sender=DmeModule, reason=None)
2017-10-24 17:33:02,184 - frontend - DEBUG - Frontend distributes Event(FACTS, [], sender=DmeModule, reason=None) to <tdm.maharani.frontend.text_output_component.TextOutputComponent instance at 0x7f9b40801758>
2017-10-24 17:33:02,185 - frontend - DEBUG - Frontend distributes Event(FACTS, [], sender=DmeModule, reason=None) to <tdm.maharani.frontend.text_input_component.TextInputComponent instance at 0x7f9b40801488>
2017-10-24 17:33:02,188 - frontend - DEBUG - WebsocketConnection for Frontend: received string u'{"content": ["", "Next"], "_sender": "GenerateModule", "_reason": null, "event_type": "SYSTEM_UTTERANCE_TO_SPEAK"}'
2017-10-24 17:33:02,189 - frontend - DEBUG - Frontend received and handling Event(SYSTEM_UTTERANCE_TO_SPEAK, [, Next], sender=GenerateModule, reason=None)
2017-10-24 17:33:02,190 - frontend - DEBUG - Frontend distributes Event(SYSTEM_UTTERANCE_TO_SPEAK, [, Next], sender=GenerateModule, reason=None) to <tdm.maharani.frontend.text_output_component.TextOutputComponent instance at 0x7f9b40801758>
2017-10-24 17:33:02,190 - frontend - DEBUG - Frontend distributes Event(SYSTEM_UTTERANCE_TO_SPEAK, [, Next], sender=GenerateModule, reason=None) to <tdm.maharani.frontend.text_input_component.TextInputComponent instance at 0x7f9b40801488>
2017-10-24 17:33:02,190 - frontend - DEBUG - WebsocketConnection for Frontend: received string u'{"content": {"options": [], "title": "Next"}, "_sender": "IndependentGuiBackend", "_reason": null, "event_type": "GUI.POPUP"}'
2017-10-24 17:33:02,191 - frontend - DEBUG - Frontend received and handling Event(GUI.POPUP, {options: [], title: Next}, sender=IndependentGuiBackend, reason=None)
2017-10-24 17:33:02,191 - frontend - DEBUG - WebsocketConnection for Frontend: sending string {"content": ["", "Next"], "_sender": "TextOutputComponent", "_reason": null, "event_type": "SYSTEM_UTTERANCE_REALIZED"}
2017-10-24 17:33:02,191 - frontend - DEBUG - Frontend distributes Event(GUI.POPUP, {options: [], title: Next}, sender=IndependentGuiBackend, reason=None) to <tdm.maharani.frontend.text_output_component.TextOutputComponent instance at 0x7f9b40801758>
2017-10-24 17:33:02,192 - frontend - DEBUG - Frontend distributes Event(GUI.POPUP, {options: [], title: Next}, sender=IndependentGuiBackend, reason=None) to <tdm.maharani.frontend.text_input_component.TextInputComponent instance at 0x7f9b40801488>
2017-10-24 17:33:02,193 - frontend - DEBUG - WebsocketConnection for Frontend: received string u'{"content": [{"DeviceResult": {"action": "go_to_next", "result": true, "arguments": {}, "failure_reason": null}}, {"Popup": {"elements": [], "title": "Next"}}], "_sender": "GuiBackend", "_reason": null, "event_type": "MESSAGE_TO_GUI"}'
2017-10-24 17:33:02,193 - frontend - DEBUG - Frontend received and handling Event(MESSAGE_TO_GUI, [<tdm.tdm_gui_protocol.DeviceResult instance at 0x7f9b400ee128>, <tdm.tdm_gui_protocol.Popup instance at 0x7f9b400ee3f8>], sender=GuiBackend, reason=None)
2017-10-24 17:33:02,194 - frontend - DEBUG - Frontend distributes Event(MESSAGE_TO_GUI, [<tdm.tdm_gui_protocol.DeviceResult instance at 0x7f9b400ee128>, <tdm.tdm_gui_protocol.Popup instance at 0x7f9b400ee3f8>], sender=GuiBackend, reason=None) to <tdm.maharani.frontend.text_output_component.TextOutputComponent instance at 0x7f9b40801758>
2017-10-24 17:33:02,194 - frontend - DEBUG - Frontend distributes Event(MESSAGE_TO_GUI, [<tdm.tdm_gui_protocol.DeviceResult instance at 0x7f9b400ee128>, <tdm.tdm_gui_protocol.Popup instance at 0x7f9b400ee3f8>], sender=GuiBackend, reason=None) to <tdm.maharani.frontend.text_input_component.TextInputComponent instance at 0x7f9b40801488>
2017-10-24 17:33:02,263 - frontend - DEBUG - WebsocketConnection for Frontend: received string u'{"content": [{"predicate": "say_step", "grammar_entry": null, "value": "Step three: add the tomatoes and stock. Cook slowly for two hours. Season with salt and freshly ground black pepper."}], "_sender": "DmeModule", "_reason": null, "event_type": "FACTS"}'
2017-10-24 17:33:02,263 - frontend - DEBUG - Frontend received and handling Event(FACTS, [{predicate: say_step, grammar_entry: None, value: Step three: add the tomatoes and stock. Cook slowly for two hours. Season with salt and freshly ground black pepper.}], sender=DmeModule, reason=None)
2017-10-24 17:33:02,264 - frontend - DEBUG - Frontend distributes Event(FACTS, [{predicate: say_step, grammar_entry: None, value: Step three: add the tomatoes and stock. Cook slowly for two hours. Season with salt and freshly ground black pepper.}], sender=DmeModule, reason=None) to <tdm.maharani.frontend.text_output_component.TextOutputComponent instance at 0x7f9b40801758>
2017-10-24 17:33:02,264 - frontend - DEBUG - Frontend distributes Event(FACTS, [{predicate: say_step, grammar_entry: None, value: Step three: add the tomatoes and stock. Cook slowly for two hours. Season with salt and freshly ground black pepper.}], sender=DmeModule, reason=None) to <tdm.maharani.frontend.text_input_component.TextInputComponent instance at 0x7f9b40801488>
2017-10-24 17:33:02,296 - frontend - DEBUG - WebsocketConnection for Frontend: received string u'{"content": ["", "Are you done?"], "_sender": "GenerateModule", "_reason": null, "event_type": "SYSTEM_UTTERANCE_TO_SPEAK"}'
2017-10-24 17:33:02,297 - frontend - DEBUG - Frontend received and handling Event(SYSTEM_UTTERANCE_TO_SPEAK, [, Are you done?], sender=GenerateModule, reason=None)
2017-10-24 17:33:02,297 - frontend - DEBUG - Frontend distributes Event(SYSTEM_UTTERANCE_TO_SPEAK, [, Are you done?], sender=GenerateModule, reason=None) to <tdm.maharani.frontend.text_output_component.TextOutputComponent instance at 0x7f9b40801758>
2017-10-24 17:33:02,297 - frontend - DEBUG - Frontend distributes Event(SYSTEM_UTTERANCE_TO_SPEAK, [, Are you done?], sender=GenerateModule, reason=None) to <tdm.maharani.frontend.text_input_component.TextInputComponent instance at 0x7f9b40801488>
2017-10-24 17:33:02,297 - frontend - DEBUG - WebsocketConnection for Frontend: received string u'{"content": [{"ClosePopup": {}}], "_sender": "GuiBackend", "_reason": null, "event_type": "MESSAGE_TO_GUI"}'
2017-10-24 17:33:02,297 - frontend - DEBUG - Frontend received and handling Event(MESSAGE_TO_GUI, [<tdm.tdm_gui_protocol.ClosePopup instance at 0x7f9b405d4d40>], sender=GuiBackend, reason=None)
2017-10-24 17:33:02,298 - frontend - DEBUG - WebsocketConnection for Frontend: sending string {"content": ["", "Are you done?"], "_sender": "TextOutputComponent", "_reason": null, "event_type": "SYSTEM_UTTERANCE_REALIZED"}
2017-10-24 17:33:02,298 - frontend - DEBUG - Frontend distributes Event(MESSAGE_TO_GUI, [<tdm.tdm_gui_protocol.ClosePopup instance at 0x7f9b405d4d40>], sender=GuiBackend, reason=None) to <tdm.maharani.frontend.text_output_component.TextOutputComponent instance at 0x7f9b40801758>
2017-10-24 17:33:02,298 - frontend - DEBUG - Frontend distributes Event(MESSAGE_TO_GUI, [<tdm.tdm_gui_protocol.ClosePopup instance at 0x7f9b405d4d40>], sender=GuiBackend, reason=None) to <tdm.maharani.frontend.text_input_component.TextInputComponent instance at 0x7f9b40801488>
2017-10-24 17:33:02,334 - frontend - DEBUG - WebsocketConnection for Frontend: received string u'{"content": [{"predicate": "say_step", "grammar_entry": null, "value": "Step three: add the tomatoes and stock. Cook slowly for two hours. Season with salt and freshly ground black pepper."}], "_sender": "DmeModule", "_reason": null, "event_type": "FACTS"}'
2017-10-24 17:33:02,334 - frontend - DEBUG - Frontend received and handling Event(FACTS, [{predicate: say_step, grammar_entry: None, value: Step three: add the tomatoes and stock. Cook slowly for two hours. Season with salt and freshly ground black pepper.}], sender=DmeModule, reason=None)
2017-10-24 17:33:02,335 - frontend - DEBUG - Frontend distributes Event(FACTS, [{predicate: say_step, grammar_entry: None, value: Step three: add the tomatoes and stock. Cook slowly for two hours. Season with salt and freshly ground black pepper.}], sender=DmeModule, reason=None) to <tdm.maharani.frontend.text_output_component.TextOutputComponent instance at 0x7f9b40801758>
2017-10-24 17:33:02,335 - frontend - DEBUG - Frontend distributes Event(FACTS, [{predicate: say_step, grammar_entry: None, value: Step three: add the tomatoes and stock. Cook slowly for two hours. Season with salt and freshly ground black pepper.}], sender=DmeModule, reason=None) to <tdm.maharani.frontend.text_input_component.TextInputComponent instance at 0x7f9b40801488>
2017-10-24 17:33:03,498 - frontend - DEBUG - WebsocketConnection for Frontend: sending string {"content": [{"score": 1.0, "utterance": "no"}], "_sender": "TextInputComponent", "_reason": null, "event_type": "RECOGNITION"}
2017-10-24 17:33:03,552 - frontend - DEBUG - WebsocketConnection for Frontend: received string u'{"content": null, "_sender": "TurnManager", "_reason": null, "event_type": "STOP_LISTENING"}'
2017-10-24 17:33:03,553 - frontend - DEBUG - Frontend received and handling Event(STOP_LISTENING, None, sender=TurnManager, reason=None)
2017-10-24 17:33:03,556 - frontend - DEBUG - Frontend distributes Event(STOP_LISTENING, None, sender=TurnManager, reason=None) to <tdm.maharani.frontend.text_output_component.TextOutputComponent instance at 0x7f9b40801758>
2017-10-24 17:33:03,556 - frontend - DEBUG - Frontend distributes Event(STOP_LISTENING, None, sender=TurnManager, reason=None) to <tdm.maharani.frontend.text_input_component.TextInputComponent instance at 0x7f9b40801488>
2017-10-24 17:33:03,598 - frontend - DEBUG - WebsocketConnection for Frontend: received string u'{"content": "no", "_sender": "DmeModule", "_reason": null, "event_type": "SELECTED_RECOGNITION"}'
2017-10-24 17:33:03,600 - frontend - DEBUG - Frontend received and handling Event(SELECTED_RECOGNITION, no, sender=DmeModule, reason=None)
2017-10-24 17:33:03,601 - frontend - DEBUG - Frontend distributes Event(SELECTED_RECOGNITION, no, sender=DmeModule, reason=None) to <tdm.maharani.frontend.text_output_component.TextOutputComponent instance at 0x7f9b40801758>
2017-10-24 17:33:03,601 - frontend - DEBUG - Frontend distributes Event(SELECTED_RECOGNITION, no, sender=DmeModule, reason=None) to <tdm.maharani.frontend.text_input_component.TextInputComponent instance at 0x7f9b40801488>
2017-10-24 17:33:03,601 - frontend - DEBUG - WebsocketConnection for Frontend: received string u'{"content": [{"predicate": "say_step", "grammar_entry": null, "value": "Step three: add the tomatoes and stock. Cook slowly for two hours. Season with salt and freshly ground black pepper."}], "_sender": "DmeModule", "_reason": null, "event_type": "FACTS"}'
2017-10-24 17:33:03,602 - frontend - DEBUG - Frontend received and handling Event(FACTS, [{predicate: say_step, grammar_entry: None, value: Step three: add the tomatoes and stock. Cook slowly for two hours. Season with salt and freshly ground black pepper.}], sender=DmeModule, reason=None)
2017-10-24 17:33:03,603 - frontend - DEBUG - Frontend distributes Event(FACTS, [{predicate: say_step, grammar_entry: None, value: Step three: add the tomatoes and stock. Cook slowly for two hours. Season with salt and freshly ground black pepper.}], sender=DmeModule, reason=None) to <tdm.maharani.frontend.text_output_component.TextOutputComponent instance at 0x7f9b40801758>
2017-10-24 17:33:03,603 - frontend - DEBUG - Frontend distributes Event(FACTS, [{predicate: say_step, grammar_entry: None, value: Step three: add the tomatoes and stock. Cook slowly for two hours. Season with salt and freshly ground black pepper.}], sender=DmeModule, reason=None) to <tdm.maharani.frontend.text_input_component.TextInputComponent instance at 0x7f9b40801488>
2017-10-24 17:33:03,607 - frontend - DEBUG - WebsocketConnection for Frontend: received string u'{"content": ["Ok Step three: add the tomatoes and stock. Cook slowly for two hours. Season with salt and freshly ground black pepper.."], "_sender": "GenerateModule", "_reason": null, "event_type": "SYSTEM_UTTERANCE_TO_SPEAK"}'
2017-10-24 17:33:03,608 - frontend - DEBUG - Frontend received and handling Event(SYSTEM_UTTERANCE_TO_SPEAK, [Ok Step three: add the tomatoes and stock. Cook slowly for two hours. Season with salt and freshly ground black pepper..], sender=GenerateModule, reason=None)
2017-10-24 17:33:03,608 - frontend - DEBUG - Frontend distributes Event(SYSTEM_UTTERANCE_TO_SPEAK, [Ok Step three: add the tomatoes and stock. Cook slowly for two hours. Season with salt and freshly ground black pepper..], sender=GenerateModule, reason=None) to <tdm.maharani.frontend.text_output_component.TextOutputComponent instance at 0x7f9b40801758>
2017-10-24 17:33:03,609 - frontend - DEBUG - Frontend distributes Event(SYSTEM_UTTERANCE_TO_SPEAK, [Ok Step three: add the tomatoes and stock. Cook slowly for two hours. Season with salt and freshly ground black pepper..], sender=GenerateModule, reason=None) to <tdm.maharani.frontend.text_input_component.TextInputComponent instance at 0x7f9b40801488>
2017-10-24 17:33:03,609 - frontend - DEBUG - WebsocketConnection for Frontend: sending string {"content": ["Ok Step three: add the tomatoes and stock. Cook slowly for two hours. Season with salt and freshly ground black pepper.."], "_sender": "TextOutputComponent", "_reason": null, "event_type": "SYSTEM_UTTERANCE_REALIZED"}
2017-10-24 17:33:03,610 - frontend - DEBUG - WebsocketConnection for Frontend: received string u'{"content": {"options": [], "title": "Ok Step three: add the tomatoes and stock. Cook slowly for two hours. Season with salt and freshly ground black pepper.."}, "_sender": "IndependentGuiBackend", "_reason": null, "event_type": "GUI.POPUP"}'
2017-10-24 17:33:03,610 - frontend - DEBUG - Frontend received and handling Event(GUI.POPUP, {options: [], title: Ok Step three: add the tomatoes and stock. Cook slowly for two hours. Season with salt and freshly ground black pepper..}, sender=IndependentGuiBackend, reason=None)
2017-10-24 17:33:03,611 - frontend - DEBUG - Frontend distributes Event(GUI.POPUP, {options: [], title: Ok Step three: add the tomatoes and stock. Cook slowly for two hours. Season with salt and freshly ground black pepper..}, sender=IndependentGuiBackend, reason=None) to <tdm.maharani.frontend.text_output_component.TextOutputComponent instance at 0x7f9b40801758>
2017-10-24 17:33:03,611 - frontend - DEBUG - Frontend distributes Event(GUI.POPUP, {options: [], title: Ok Step three: add the tomatoes and stock. Cook slowly for two hours. Season with salt and freshly ground black pepper..}, sender=IndependentGuiBackend, reason=None) to <tdm.maharani.frontend.text_input_component.TextInputComponent instance at 0x7f9b40801488>
2017-10-24 17:33:03,613 - frontend - DEBUG - WebsocketConnection for Frontend: received string u'{"content": [{"Popup": {"elements": [], "title": "Ok Step three: add the tomatoes and stock. Cook slowly for two hours. Season with salt and freshly ground black pepper.."}}], "_sender": "GuiBackend", "_reason": null, "event_type": "MESSAGE_TO_GUI"}'
2017-10-24 17:33:03,613 - frontend - DEBUG - Frontend received and handling Event(MESSAGE_TO_GUI, [<tdm.tdm_gui_protocol.Popup instance at 0x7f9b40111d88>], sender=GuiBackend, reason=None)
2017-10-24 17:33:03,613 - frontend - DEBUG - Frontend distributes Event(MESSAGE_TO_GUI, [<tdm.tdm_gui_protocol.Popup instance at 0x7f9b40111d88>], sender=GuiBackend, reason=None) to <tdm.maharani.frontend.text_output_component.TextOutputComponent instance at 0x7f9b40801758>
2017-10-24 17:33:03,614 - frontend - DEBUG - Frontend distributes Event(MESSAGE_TO_GUI, [<tdm.tdm_gui_protocol.Popup instance at 0x7f9b40111d88>], sender=GuiBackend, reason=None) to <tdm.maharani.frontend.text_input_component.TextInputComponent instance at 0x7f9b40801488>
2017-10-24 17:33:03,651 - frontend - DEBUG - WebsocketConnection for Frontend: received string u'{"content": [{"predicate": "say_step", "grammar_entry": null, "value": "Step three: add the tomatoes and stock. Cook slowly for two hours. Season with salt and freshly ground black pepper."}], "_sender": "DmeModule", "_reason": null, "event_type": "FACTS"}'
2017-10-24 17:33:03,651 - frontend - DEBUG - Frontend received and handling Event(FACTS, [{predicate: say_step, grammar_entry: None, value: Step three: add the tomatoes and stock. Cook slowly for two hours. Season with salt and freshly ground black pepper.}], sender=DmeModule, reason=None)
2017-10-24 17:33:03,651 - frontend - DEBUG - Frontend distributes Event(FACTS, [{predicate: say_step, grammar_entry: None, value: Step three: add the tomatoes and stock. Cook slowly for two hours. Season with salt and freshly ground black pepper.}], sender=DmeModule, reason=None) to <tdm.maharani.frontend.text_output_component.TextOutputComponent instance at 0x7f9b40801758>
2017-10-24 17:33:03,651 - frontend - DEBUG - Frontend distributes Event(FACTS, [{predicate: say_step, grammar_entry: None, value: Step three: add the tomatoes and stock. Cook slowly for two hours. Season with salt and freshly ground black pepper.}], sender=DmeModule, reason=None) to <tdm.maharani.frontend.text_input_component.TextInputComponent instance at 0x7f9b40801488>
2017-10-24 17:33:19,013 - frontend - DEBUG - Frontend.stop()
2017-10-24 17:33:19,013 - frontend - DEBUG - Communicator.disconnect()
2017-10-24 17:33:19,013 - frontend - DEBUG - WebsocketConnection for Frontend: disconnecting
2017-10-24 17:33:19,016 - frontend - DEBUG - Closing message received (1000) ''
