2017-10-19 17:04:24,454 - session_2017-10-19T17_04_24_0 - DEBUG - Backend()
2017-10-19 17:04:24,456 - session_2017-10-19T17_04_24_0 - DEBUG - Backend.initialize()
2017-10-19 17:04:24,484 - session_2017-10-19T17_04_24_0 - DEBUG - Backend.add_module(DmeModule, args=[<bound method Backend.get_tis of <tdm.backend.Backend object at 0x7f8268d32a90>>, False])
2017-10-19 17:04:24,484 - session_2017-10-19T17_04_24_0 - DEBUG - Backend.add_module(GenerateModule, args=[<bound method Backend.get_tis of <tdm.backend.Backend object at 0x7f8268d32a90>>, 'eng'])
2017-10-19 17:04:24,484 - session_2017-10-19T17_04_24_0 - DEBUG - Backend.add_module(DeviceManager, args=[])
2017-10-19 17:04:24,484 - session_2017-10-19T17_04_24_0 - DEBUG - Backend.add_module(CogloadModule, args=[])
2017-10-19 17:04:24,484 - session_2017-10-19T17_04_24_0 - INFO - TurnManager.enter_state(IDLE, __init__) (previous state was None)
2017-10-19 17:04:24,484 - session_2017-10-19T17_04_24_0 - DEBUG - Backend.add_module(GuiBackend, args=[<bound method Backend.get_tis of <tdm.backend.Backend object at 0x7f8268d32a90>>, True, 'disabled'])
2017-10-19 17:04:24,484 - session_2017-10-19T17_04_24_0 - DEBUG - Backend.add_module(IndependentGuiBackend, args=[<bound method Backend.get_tis of <tdm.backend.Backend object at 0x7f8268d32a90>>])
2017-10-19 17:04:24,484 - session_2017-10-19T17_04_24_0 - DEBUG - Backend.add_module(InterpretModule, args=[<bound method Backend.get_device_manager of <tdm.backend.Backend object at 0x7f8268d32a90>>, <bound method Backend.get_tis of <tdm.backend.Backend object at 0x7f8268d32a90>>, 'eng', False, True])
2017-10-19 17:04:24,484 - session_2017-10-19T17_04_24_0 - DEBUG - Backend initialized
2017-10-19 17:04:24,485 - session_2017-10-19T17_04_24_0 - DEBUG - Backend started in directory '/home/gusmatssar/recipedialogue/tdm'
2017-10-19 17:04:24,485 - session_2017-10-19T17_04_24_0 - DEBUG - Backend uses TDM version '5.0.0'
2017-10-19 17:04:24,485 - session_2017-10-19T17_04_24_0 - DEBUG - Backend uses backend config {u'active_ddd': u'recipehelp', u'ddds': [u'recipehelp'], u'asr': u'none', u'use_recognition_profile': False, u'use_word_list_correction': False, u'supported_languages': [u'eng'], u'repeat_questions': False}
2017-10-19 17:04:24,485 - session_2017-10-19T17_04_24_0 - DEBUG - Backend uses language 'eng'
2017-10-19 17:04:24,485 - session_2017-10-19T17_04_24_0 - DEBUG - running module InterpretModule
2017-10-19 17:04:24,485 - session_2017-10-19T17_04_24_0 - DEBUG - running module DmeModule
2017-10-19 17:04:24,487 - session_2017-10-19T17_04_24_0 - DEBUG - running module DeviceManager
2017-10-19 17:04:24,487 - session_2017-10-19T17_04_24_0 - DEBUG - running module GenerateModule
2017-10-19 17:04:24,487 - session_2017-10-19T17_04_24_0 - DEBUG - running module IndependentGuiBackend
2017-10-19 17:04:24,487 - session_2017-10-19T17_04_24_0 - DEBUG - running module GuiBackend
2017-10-19 17:04:24,487 - session_2017-10-19T17_04_24_0 - DEBUG - running module CogloadModule
2017-10-19 17:04:24,488 - session_2017-10-19T17_04_24_0 - DEBUG - Backend.handle_event_from_external_queue()
2017-10-19 17:04:24,488 - session_2017-10-19T17_04_24_0 - DEBUG - Backend._handle_external_event(...)
2017-10-19 17:04:24,488 - session_2017-10-19T17_04_24_0 - DEBUG - Backend._handle_event(Event(REGISTER_BACKEND, None, sender=Backend, reason=None))
2017-10-19 17:04:24,489 - session_2017-10-19T17_04_24_0 - DEBUG - EventDispatcher: dispatching event Event(REGISTER_BACKEND, None, sender=Backend, reason=None)
2017-10-19 17:04:24,489 - session_2017-10-19T17_04_24_0 - DEBUG - Backend communication: Backend is sending event {"content": null, "_sender": "Backend", "_reason": null, "event_type": "REGISTER_BACKEND"}
2017-10-19 17:04:24,490 - session_2017-10-19T17_04_24_0 - DEBUG - Sent.
2017-10-19 17:04:24,490 - session_2017-10-19T17_04_24_0 - DEBUG - Backend.handle_event_from_external_queue()
2017-10-19 17:04:24,525 - session_2017-10-19T17_04_24_0 - DEBUG - Backend communication: Backend received event {"content": null, "_sender": "Frontend", "_reason": null, "event_type": "FRONTEND_READY"}
2017-10-19 17:04:24,525 - session_2017-10-19T17_04_24_0 - DEBUG - Backend._handle_external_event(...)
2017-10-19 17:04:24,526 - session_2017-10-19T17_04_24_0 - DEBUG - Backend._handle_event(Event(FRONTEND_READY, None, sender=Frontend, reason=None))
2017-10-19 17:04:24,526 - session_2017-10-19T17_04_24_0 - DEBUG - EventDispatcher: dispatching event Event(FRONTEND_READY, None, sender=Frontend, reason=None)
2017-10-19 17:04:24,527 - session_2017-10-19T17_04_24_0 - DEBUG - Backend._handle_event(Event(BACKEND_READY, None, sender=Backend, reason=None))
2017-10-19 17:04:24,527 - session_2017-10-19T17_04_24_0 - DEBUG - EventDispatcher: dispatching event Event(BACKEND_READY, None, sender=Backend, reason=None)
2017-10-19 17:04:24,527 - session_2017-10-19T17_04_24_0 - DEBUG - Backend communication: Backend is sending event {"content": null, "_sender": "Backend", "_reason": null, "event_type": "BACKEND_READY"}
2017-10-19 17:04:24,528 - session_2017-10-19T17_04_24_0 - DEBUG - Sent.
2017-10-19 17:04:24,528 - session_2017-10-19T17_04_24_0 - DEBUG - Backend.handle_event_from_external_queue()
2017-10-19 17:04:24,533 - session_2017-10-19T17_04_24_0 - DEBUG - Backend communication: Backend received event {"content": null, "_sender": "Frontend", "_reason": null, "event_type": "START"}
2017-10-19 17:04:24,533 - session_2017-10-19T17_04_24_0 - DEBUG - Backend._handle_external_event(...)
2017-10-19 17:04:24,533 - session_2017-10-19T17_04_24_0 - DEBUG - Backend._handle_event(Event(START, None, sender=Frontend, reason=None))
2017-10-19 17:04:24,533 - session_2017-10-19T17_04_24_0 - DEBUG - EventDispatcher: dispatching event Event(START, None, sender=Frontend, reason=None)
2017-10-19 17:04:24,534 - session_2017-10-19T17_04_24_0 - DEBUG - InterpretModule handles Event(START, None, sender=Frontend, reason=None)
2017-10-19 17:04:24,534 - session_2017-10-19T17_04_24_0 - DEBUG - DmeModule handles Event(START, None, sender=Frontend, reason=None)
2017-10-19 17:04:24,534 - session_2017-10-19T17_04_24_0 - DEBUG - DmeModule posts Event(SET_DDD, {ddd_name: recipehelp, language_code: eng}, sender=DmeModule, reason=None)
2017-10-19 17:04:24,534 - session_2017-10-19T17_04_24_0 - INFO - running ISU module: update (Event(START, None, sender=Frontend, reason=None))
2017-10-19 17:04:24,535 - session_2017-10-19T17_04_24_0 - DEBUG - <-<-<-<-<-<-<-IS->->->->->->>
TIS:
tis._ddd_manager: <tdm.ddd_manager.DddManager object at 0x7f8268d32c50>
tis._logged_tis_format: diff
tis._semantic_logic: <tdm.lib.semantic_logic.SemanticLogic object at 0x7f826803d350>
tis.active_ddd: Ddd(u'recipehelp', u'RecipehelpOntology', u'RecipehelpDomain', {'eng': GfGrammar(u'recipehelp', 'eng')})
tis.cogload_level: LOW
tis.cogload_management: False
tis.cogload_strategy: None
tis.conf_prediction_threshold.acknowledge: 0.8
tis.conf_prediction_threshold.check: 0.6
tis.conf_prediction_threshold.normal.acknowledge: 0.9
tis.conf_prediction_threshold.normal.check: 0.6
tis.conf_prediction_threshold.normal.trust: 1.01
tis.conf_prediction_threshold.trust: 1.0
tis.confidence_profiles.normal.acknowledge: 0.15
tis.confidence_profiles.normal.check: 0.1
tis.confidence_profiles.normal.trust: 0.3
tis.confidence_profiles.relaxed.acknowledge: 0.35
tis.confidence_profiles.relaxed.check: 0.4
tis.confidence_profiles.relaxed.trust: 0.4
tis.confidence_profiles.strict.acknowledge: 0.7
tis.confidence_profiles.strict.check: 0.4
tis.confidence_profiles.strict.trust: 0.8
tis.current_time: 1508425464.53
tis.ddds: [Ddd(u'recipehelp', u'RecipehelpOntology', u'RecipehelpDomain', {'eng': GfGrammar(u'recipehelp', 'eng')})]
tis.device_manager: Device Manager: ['RecipehelpDevice']
tis.device_outputs: Stack([])
tis.high_cogload_onset_time: None
tis.input_event: Event(START, None, sender=Frontend, reason=None)
tis.language_code: eng
tis.latest_moves: OpenQueue([#])
tis.latest_moves_amb: {}
tis.latest_speaker: None
tis.logged_tis_format: diff
tis.next_utterance.alts: []
tis.next_utterance.context: {}
tis.next_utterance.default_value: None
tis.next_utterance.moves: OpenQueue([#])
tis.next_utterance.plan_item: None
tis.passive_mode: False
tis.private.agenda: OpenQueue([#])
tis.private.bel: {}
tis.private.issues_being_accommodated: {}
tis.private.nim: OpenQueue([#])
tis.private.plan: Stack([do(top)])
tis.private.tmp.sys.agenda: OpenQueue([#])
tis.private.tmp.sys.bel: {}
tis.private.tmp.sys.com: {}
tis.private.tmp.sys.goals: stackset([])
tis.private.tmp.sys.plan: Stack([])
tis.private.tmp.sys.qud: stackset([])
tis.private.tmp.usr.agenda: OpenQueue([#])
tis.private.tmp.usr.bel: {}
tis.private.tmp.usr.com: {}
tis.private.tmp.usr.goals: stackset([])
tis.private.tmp.usr.plan: Stack([])
tis.private.tmp.usr.qud: stackset([])
tis.program_state: RUN
tis.recent_commitments: {}
tis.recognized_utterance: None
tis.repeat_questions: False
tis.score: 0.0
tis.shared.com: {}
tis.shared.goals: stackset([perform(top)])
tis.shared.lu.moves: {}
tis.shared.lu.speaker: None
tis.shared.lu.turn_cont: {}
tis.shared.pm: {}
tis.shared.previous_goal: None
tis.shared.qud: stackset([])
tis.sys_turns: 0
tis.timeout.duration: None
tis.timeout.enabled: False
<-<-<-<-<-<-<-END->->->->->->>

2017-10-19 17:04:24,535 - session_2017-10-19T17_04_24_0 - DEBUG - rulegroup:filterReadings
2017-10-19 17:04:24,535 - session_2017-10-19T17_04_24_0 - DEBUG - Testing preconds for rule:selectHypothesis
2017-10-19 17:04:24,535 - session_2017-10-19T17_04_24_0 - DEBUG - Testing preconds for rule:getLatestMoves
2017-10-19 17:04:24,538 - session_2017-10-19T17_04_24_0 - DEBUG - Applied rule: getLatestMoves
-- BEGIN TIS changes --
-- END TIS changes --
2017-10-19 17:04:24,538 - session_2017-10-19T17_04_24_0 - DEBUG - Testing preconds for rule:switch_ddd
2017-10-19 17:04:24,538 - session_2017-10-19T17_04_24_0 - DEBUG - Testing preconds for rule:clearDeviceOutput
2017-10-19 17:04:24,541 - session_2017-10-19T17_04_24_0 - DEBUG - Applied rule: clearDeviceOutput
-- BEGIN TIS changes --
-- END TIS changes --
2017-10-19 17:04:24,541 - session_2017-10-19T17_04_24_0 - DEBUG - rulegroup:integrateDeviceAction
2017-10-19 17:04:24,541 - session_2017-10-19T17_04_24_0 - DEBUG - rulegroup:backupSharedUsr
2017-10-19 17:04:24,541 - session_2017-10-19T17_04_24_0 - DEBUG - rulegroup:noFollowupToActionConf
2017-10-19 17:04:24,541 - session_2017-10-19T17_04_24_0 - DEBUG - rulegroup:irrelevantFollowup
2017-10-19 17:04:24,541 - session_2017-10-19T17_04_24_0 - DEBUG - rulegroup:noFollowupToUndQ
2017-10-19 17:04:24,541 - session_2017-10-19T17_04_24_0 - DEBUG - rulegroup:downdateClarification
2017-10-19 17:04:24,541 - session_2017-10-19T17_04_24_0 - INFO - BEGIN integrate_moves
2017-10-19 17:04:24,542 - session_2017-10-19T17_04_24_0 - INFO - init_shift: OpenQueue([#])
2017-10-19 17:04:24,542 - session_2017-10-19T17_04_24_0 - INFO - BEGIN try_move_integratation_without_accommodation
2017-10-19 17:04:24,542 - session_2017-10-19T17_04_24_0 - INFO - init_shift: OpenQueue([#])
2017-10-19 17:04:24,542 - session_2017-10-19T17_04_24_0 - DEBUG - rulegroup:integrate
2017-10-19 17:04:24,542 - session_2017-10-19T17_04_24_0 - INFO - breaking out: nim fully shifted: OpenQueue([#])
2017-10-19 17:04:24,542 - session_2017-10-19T17_04_24_0 - INFO - END try_move_integratation_without_accommodation
2017-10-19 17:04:24,542 - session_2017-10-19T17_04_24_0 - DEBUG - rulegroup:removeYesNo
2017-10-19 17:04:24,542 - session_2017-10-19T17_04_24_0 - DEBUG - rulegroup:select_action
2017-10-19 17:04:24,542 - session_2017-10-19T17_04_24_0 - DEBUG - rulegroup:select_reject
2017-10-19 17:04:24,542 - session_2017-10-19T17_04_24_0 - DEBUG - rulegroup:accommodate
2017-10-19 17:04:24,543 - session_2017-10-19T17_04_24_0 - INFO - breaking out of accommodate
2017-10-19 17:04:24,543 - session_2017-10-19T17_04_24_0 - DEBUG - rulegroup:select_reject
2017-10-19 17:04:24,543 - session_2017-10-19T17_04_24_0 - INFO - END integrate_moves
2017-10-19 17:04:24,543 - session_2017-10-19T17_04_24_0 - DEBUG - rulegroup:exec_plan
2017-10-19 17:04:24,543 - session_2017-10-19T17_04_24_0 - DEBUG - rulegroup:load_plan
2017-10-19 17:04:24,545 - session_2017-10-19T17_04_24_0 - DEBUG - Applied rule: findActionPlan
-- BEGIN TIS changes --
- tis.private.plan: Stack([do(top)])
+ tis.private.plan: Stack([findout(?set([goal(resolve(?X.go_to_step(X)))]))])
-- END TIS changes --
2017-10-19 17:04:24,546 - session_2017-10-19T17_04_24_0 - DEBUG - rulegroup:exec_plan
2017-10-19 17:04:24,546 - session_2017-10-19T17_04_24_0 - DEBUG - rulegroup:load_plan
2017-10-19 17:04:24,546 - session_2017-10-19T17_04_24_0 - DEBUG - rulegroup:downdate_qud
2017-10-19 17:04:24,546 - session_2017-10-19T17_04_24_0 - DEBUG - rulegroup:downdate_goals
2017-10-19 17:04:24,546 - session_2017-10-19T17_04_24_0 - DEBUG - rulegroup:exec_plan
2017-10-19 17:04:24,547 - session_2017-10-19T17_04_24_0 - DEBUG - rulegroup:load_plan
2017-10-19 17:04:24,547 - session_2017-10-19T17_04_24_0 - DEBUG - rulegroup:removeYesNo
2017-10-19 17:04:24,547 - session_2017-10-19T17_04_24_0 - DEBUG - rulegroup:enable_timeout
2017-10-19 17:04:24,547 - session_2017-10-19T17_04_24_0 - DEBUG - DmeModule posts Event(FACTS, [], sender=DmeModule, reason=None)
2017-10-19 17:04:24,547 - session_2017-10-19T17_04_24_0 - INFO - running ISU module: select
2017-10-19 17:04:24,548 - session_2017-10-19T17_04_24_0 - DEBUG - <-<-<-<-<-<-<-IS->->->->->->>
TIS:
tis._ddd_manager: <tdm.ddd_manager.DddManager object at 0x7f8268d32c50>
tis._logged_tis_format: diff
tis._semantic_logic: <tdm.lib.semantic_logic.SemanticLogic object at 0x7f826803d350>
tis.active_ddd: Ddd(u'recipehelp', u'RecipehelpOntology', u'RecipehelpDomain', {'eng': GfGrammar(u'recipehelp', 'eng')})
tis.cogload_level: LOW
tis.cogload_management: False
tis.cogload_strategy: None
tis.conf_prediction_threshold.acknowledge: 0.8
tis.conf_prediction_threshold.check: 0.6
tis.conf_prediction_threshold.normal.acknowledge: 0.9
tis.conf_prediction_threshold.normal.check: 0.6
tis.conf_prediction_threshold.normal.trust: 1.01
tis.conf_prediction_threshold.trust: 1.0
tis.confidence_profiles.normal.acknowledge: 0.15
tis.confidence_profiles.normal.check: 0.1
tis.confidence_profiles.normal.trust: 0.3
tis.confidence_profiles.relaxed.acknowledge: 0.35
tis.confidence_profiles.relaxed.check: 0.4
tis.confidence_profiles.relaxed.trust: 0.4
tis.confidence_profiles.strict.acknowledge: 0.7
tis.confidence_profiles.strict.check: 0.4
tis.confidence_profiles.strict.trust: 0.8
tis.current_time: 1508425464.53
tis.ddds: [Ddd(u'recipehelp', u'RecipehelpOntology', u'RecipehelpDomain', {'eng': GfGrammar(u'recipehelp', 'eng')})]
tis.device_manager: Device Manager: ['RecipehelpDevice']
tis.device_outputs: Stack([])
tis.high_cogload_onset_time: None
tis.input_event: Event(START, None, sender=Frontend, reason=None)
tis.language_code: eng
tis.latest_moves: OpenQueue([#])
tis.latest_moves_amb: {}
tis.latest_speaker: None
tis.logged_tis_format: diff
tis.next_utterance.alts: []
tis.next_utterance.context: {}
tis.next_utterance.default_value: None
tis.next_utterance.moves: OpenQueue([#])
tis.next_utterance.plan_item: None
tis.passive_mode: False
tis.private.agenda: OpenQueue([#])
tis.private.bel: {}
tis.private.issues_being_accommodated: {}
tis.private.nim: OpenQueue([#])
tis.private.plan: Stack([findout(?set([goal(resolve(?X.go_to_step(X)))]))])
tis.private.tmp.sys.agenda: OpenQueue([#])
tis.private.tmp.sys.bel: {}
tis.private.tmp.sys.com: {}
tis.private.tmp.sys.goals: stackset([])
tis.private.tmp.sys.plan: Stack([])
tis.private.tmp.sys.qud: stackset([])
tis.private.tmp.usr.agenda: OpenQueue([#])
tis.private.tmp.usr.bel: {}
tis.private.tmp.usr.com: {}
tis.private.tmp.usr.goals: stackset([])
tis.private.tmp.usr.plan: Stack([])
tis.private.tmp.usr.qud: stackset([])
tis.program_state: RUN
tis.recent_commitments: {}
tis.recognized_utterance: None
tis.repeat_questions: False
tis.score: 0.0
tis.shared.com: {}
tis.shared.goals: stackset([perform(top)])
tis.shared.lu.moves: {}
tis.shared.lu.speaker: None
tis.shared.lu.turn_cont: {}
tis.shared.pm: {}
tis.shared.previous_goal: None
tis.shared.qud: stackset([])
tis.sys_turns: 0
tis.timeout.duration: None
tis.timeout.enabled: False
<-<-<-<-<-<-<-END->->->->->->>

2017-10-19 17:04:24,548 - session_2017-10-19T17_04_24_0 - DEBUG - Testing preconds for rule:backupSharedSys
2017-10-19 17:04:24,552 - session_2017-10-19T17_04_24_0 - DEBUG - Applied rule: backupSharedSys
-- BEGIN TIS changes --
- tis.private.tmp.sys.goals: stackset([])
+ tis.private.tmp.sys.goals: stackset([perform(top)])
?                                      ++++++++++++
- tis.private.tmp.sys.plan: Stack([])
+ tis.private.tmp.sys.plan: Stack([findout(?set([goal(resolve(?X.go_to_step(X)))]))])
-- END TIS changes --
2017-10-19 17:04:24,552 - session_2017-10-19T17_04_24_0 - DEBUG - rulegroup:select_action
2017-10-19 17:04:24,554 - session_2017-10-19T17_04_24_0 - DEBUG - Applied rule: selectFromPlan
-- BEGIN TIS changes --
- tis.private.agenda: OpenQueue([#])
+ tis.private.agenda: OpenQueue([#, findout(?set([goal(resolve(?X.go_to_step(X)))]))])
-- END TIS changes --
2017-10-19 17:04:24,554 - session_2017-10-19T17_04_24_0 - DEBUG - rulegroup:select_icm
2017-10-19 17:04:24,555 - session_2017-10-19T17_04_24_0 - DEBUG - rulegroup:select_move
2017-10-19 17:04:24,557 - session_2017-10-19T17_04_24_0 - DEBUG - Applied rule: selectAsk
-- BEGIN TIS changes --
- tis.next_utterance.alts: []
+ tis.next_utterance.alts: [{'io_status': 'default', 'alt': PropositionWithSemanticContent('GOAL', GoalWithSemanticContent(RecipehelpOntology, RESOLVE_GOAL, SYS, ?X.go_to_step(X)), u'POS'), 'labels': [], 'predicted': False}]
- tis.next_utterance.moves: OpenQueue([#])
- tis.next_utterance.plan_item: None
+ tis.next_utterance.moves: OpenQueue([#, Move(ask(?set([goal(resolve(?X.go_to_step(X)))])))])
+ tis.next_utterance.plan_item: findout(?set([goal(resolve(?X.go_to_step(X)))]))
- tis.private.agenda: OpenQueue([#, findout(?set([goal(resolve(?X.go_to_step(X)))]))])
+ tis.private.agenda: OpenQueue([#])
-- END TIS changes --
2017-10-19 17:04:24,558 - session_2017-10-19T17_04_24_0 - DEBUG - rulegroup:select_icm
2017-10-19 17:04:24,558 - session_2017-10-19T17_04_24_0 - DEBUG - rulegroup:select_move
2017-10-19 17:04:24,558 - session_2017-10-19T17_04_24_0 - DEBUG - Testing preconds for rule:clearContext
2017-10-19 17:04:24,560 - session_2017-10-19T17_04_24_0 - DEBUG - Applied rule: clearContext
-- BEGIN TIS changes --
-- END TIS changes --
2017-10-19 17:04:24,560 - session_2017-10-19T17_04_24_0 - DEBUG - Testing preconds for rule:setGUIContext
2017-10-19 17:04:24,560 - session_2017-10-19T17_04_24_0 - DEBUG - rulegroup:set_timeout
2017-10-19 17:04:24,562 - session_2017-10-19T17_04_24_0 - DEBUG - Applied rule: setLongTimeout
-- BEGIN TIS changes --
- tis.timeout.duration: None
?                       ^^^^
+ tis.timeout.duration: 5.0
?                       ^^^
-- END TIS changes --
2017-10-19 17:04:24,563 - session_2017-10-19T17_04_24_0 - INFO - DmeModule posts SYSTEM_MOVES_SELECTED with moves=OpenQueue([#, Move(ask(?set([goal(resolve(?X.go_to_step(X)))])), ddd_name=u'recipehelp')])
2017-10-19 17:04:24,563 - session_2017-10-19T17_04_24_0 - DEBUG - DmeModule posts Event(SYSTEM_MOVES_SELECTED, {cogload_level: LOW, current_goal: perform(top), device_outputs: Stack([]), top_perform_goal: perform(top), moves: OpenQueue([#, Move(ask(?set([goal(resolve(?X.go_to_step(X)))])), ddd_name=u'recipehelp')]), bel: {}, facts_being_grounded: [], current_plan: Stack([findout(?set([goal(resolve(?X.go_to_step(X)))]))]), next_utterance: NextUtterance(moves=OpenQueue([#, Move(ask(?set([goal(resolve(?X.go_to_step(X)))])))]), context={}, alts=[{'io_status': 'default', 'alt': PropositionWithSemanticContent('GOAL', GoalWithSemanticContent(RecipehelpOntology, RESOLVE_GOAL, SYS, ?X.go_to_step(X)), u'POS'), 'labels': [], 'predicted': False}], plan_item=findout(?set([goal(resolve(?X.go_to_step(X)))])), default_value=None), previous_goal: None, com: {}, cogload_strategy: None}, sender=DmeModule, reason=Event(START, None, sender=Frontend, reason=None))
2017-10-19 17:04:24,563 - session_2017-10-19T17_04_24_0 - DEBUG - DeviceManager handles Event(START, None, sender=Frontend, reason=None)
2017-10-19 17:04:24,563 - session_2017-10-19T17_04_24_0 - DEBUG - GenerateModule handles Event(START, None, sender=Frontend, reason=None)
2017-10-19 17:04:24,563 - session_2017-10-19T17_04_24_0 - DEBUG - IndependentGuiBackend handles Event(START, None, sender=Frontend, reason=None)
2017-10-19 17:04:24,564 - session_2017-10-19T17_04_24_0 - DEBUG - GuiBackend handles Event(START, None, sender=Frontend, reason=None)
2017-10-19 17:04:24,564 - session_2017-10-19T17_04_24_0 - DEBUG - CogloadModule handles Event(START, None, sender=Frontend, reason=None)
2017-10-19 17:04:24,564 - session_2017-10-19T17_04_24_0 - DEBUG - Backend._handle_event(Event(SET_DDD, {ddd_name: recipehelp, language_code: eng}, sender=DmeModule, reason=None))
2017-10-19 17:04:24,564 - session_2017-10-19T17_04_24_0 - DEBUG - EventDispatcher: dispatching event Event(SET_DDD, {ddd_name: recipehelp, language_code: eng}, sender=DmeModule, reason=None)
2017-10-19 17:04:24,564 - session_2017-10-19T17_04_24_0 - DEBUG - IndependentGuiBackend handles Event(SET_DDD, {ddd_name: recipehelp, language_code: eng}, sender=DmeModule, reason=None)
2017-10-19 17:04:24,564 - session_2017-10-19T17_04_24_0 - DEBUG - GuiBackend handles Event(SET_DDD, {ddd_name: recipehelp, language_code: eng}, sender=DmeModule, reason=None)
2017-10-19 17:04:24,564 - session_2017-10-19T17_04_24_0 - DEBUG - Backend communication: Backend is sending event {"content": {"ddd_name": "recipehelp", "language_code": "eng"}, "_sender": "DmeModule", "_reason": null, "event_type": "SET_DDD"}
2017-10-19 17:04:24,565 - session_2017-10-19T17_04_24_0 - DEBUG - Sent.
2017-10-19 17:04:24,565 - session_2017-10-19T17_04_24_0 - DEBUG - Backend._handle_event(Event(FACTS, [], sender=DmeModule, reason=None))
2017-10-19 17:04:24,565 - session_2017-10-19T17_04_24_0 - DEBUG - EventDispatcher: dispatching event Event(FACTS, [], sender=DmeModule, reason=None)
2017-10-19 17:04:24,566 - session_2017-10-19T17_04_24_0 - DEBUG - Backend communication: Backend is sending event {"content": [], "_sender": "DmeModule", "_reason": null, "event_type": "FACTS"}
2017-10-19 17:04:24,567 - session_2017-10-19T17_04_24_0 - DEBUG - Sent.
2017-10-19 17:04:24,567 - session_2017-10-19T17_04_24_0 - DEBUG - Backend._handle_event(Event(SYSTEM_MOVES_SELECTED, {cogload_level: LOW, current_goal: perform(top), device_outputs: Stack([]), top_perform_goal: perform(top), moves: OpenQueue([#, Move(ask(?set([goal(resolve(?X.go_to_step(X)))])), ddd_name=u'recipehelp')]), bel: {}, facts_being_grounded: [], current_plan: Stack([findout(?set([goal(resolve(?X.go_to_step(X)))]))]), next_utterance: NextUtterance(moves=OpenQueue([#, Move(ask(?set([goal(resolve(?X.go_to_step(X)))])))]), context={}, alts=[{'io_status': 'default', 'alt': PropositionWithSemanticContent('GOAL', GoalWithSemanticContent(RecipehelpOntology, RESOLVE_GOAL, SYS, ?X.go_to_step(X)), u'POS'), 'labels': [], 'predicted': False}], plan_item=findout(?set([goal(resolve(?X.go_to_step(X)))])), default_value=None), previous_goal: None, com: {}, cogload_strategy: None}, sender=DmeModule, reason=Event(START, None, sender=Frontend, reason=None)))
2017-10-19 17:04:24,567 - session_2017-10-19T17_04_24_0 - DEBUG - TurnManager handles Event(SYSTEM_MOVES_SELECTED, {cogload_level: LOW, current_goal: perform(top), device_outputs: Stack([]), top_perform_goal: perform(top), moves: OpenQueue([#, Move(ask(?set([goal(resolve(?X.go_to_step(X)))])), ddd_name=u'recipehelp')]), bel: {}, facts_being_grounded: [], current_plan: Stack([findout(?set([goal(resolve(?X.go_to_step(X)))]))]), next_utterance: NextUtterance(moves=OpenQueue([#, Move(ask(?set([goal(resolve(?X.go_to_step(X)))])))]), context={}, alts=[{'io_status': 'default', 'alt': PropositionWithSemanticContent('GOAL', GoalWithSemanticContent(RecipehelpOntology, RESOLVE_GOAL, SYS, ?X.go_to_step(X)), u'POS'), 'labels': [], 'predicted': False}], plan_item=findout(?set([goal(resolve(?X.go_to_step(X)))])), default_value=None), previous_goal: None, com: {}, cogload_strategy: None}, sender=DmeModule, reason=Event(START, None, sender=Frontend, reason=None))
2017-10-19 17:04:24,567 - session_2017-10-19T17_04_24_0 - INFO - TurnManager.enter_state(SYSTEM_TURN, echoing System moves selected) (previous state was IDLE)
2017-10-19 17:04:24,568 - session_2017-10-19T17_04_24_0 - DEBUG - TurnManager posts Event(SYSTEM_MOVES_SELECTED, {cogload_level: LOW, current_goal: perform(top), device_outputs: Stack([]), top_perform_goal: perform(top), moves: OpenQueue([#, Move(ask(?set([goal(resolve(?X.go_to_step(X)))])), ddd_name=u'recipehelp')]), bel: {}, facts_being_grounded: [], current_plan: Stack([findout(?set([goal(resolve(?X.go_to_step(X)))]))]), next_utterance: NextUtterance(moves=OpenQueue([#, Move(ask(?set([goal(resolve(?X.go_to_step(X)))])))]), context={}, alts=[{'io_status': 'default', 'alt': PropositionWithSemanticContent('GOAL', GoalWithSemanticContent(RecipehelpOntology, RESOLVE_GOAL, SYS, ?X.go_to_step(X)), u'POS'), 'labels': [], 'predicted': False}], plan_item=findout(?set([goal(resolve(?X.go_to_step(X)))])), default_value=None), previous_goal: None, com: {}, cogload_strategy: None}, sender=TurnManager, reason=None)
2017-10-19 17:04:24,568 - session_2017-10-19T17_04_24_0 - DEBUG - EventDispatcher: dispatching event Event(SYSTEM_MOVES_SELECTED, {cogload_level: LOW, current_goal: perform(top), device_outputs: Stack([]), top_perform_goal: perform(top), moves: OpenQueue([#, Move(ask(?set([goal(resolve(?X.go_to_step(X)))])), ddd_name=u'recipehelp')]), bel: {}, facts_being_grounded: [], current_plan: Stack([findout(?set([goal(resolve(?X.go_to_step(X)))]))]), next_utterance: NextUtterance(moves=OpenQueue([#, Move(ask(?set([goal(resolve(?X.go_to_step(X)))])))]), context={}, alts=[{'io_status': 'default', 'alt': PropositionWithSemanticContent('GOAL', GoalWithSemanticContent(RecipehelpOntology, RESOLVE_GOAL, SYS, ?X.go_to_step(X)), u'POS'), 'labels': [], 'predicted': False}], plan_item=findout(?set([goal(resolve(?X.go_to_step(X)))])), default_value=None), previous_goal: None, com: {}, cogload_strategy: None}, sender=TurnManager, reason=None)
2017-10-19 17:04:24,570 - session_2017-10-19T17_04_24_0 - DEBUG - GenerateModule handles Event(SYSTEM_MOVES_SELECTED, {current_plan: Stack([findout(?set([goal(resolve(?X.go_to_step(X)))]))]), bel: {}, cogload_level: LOW, facts_being_grounded: [], top_perform_goal: perform(top), device_outputs: Stack([]), next_utterance: NextUtterance(moves=OpenQueue([#, Move(ask(?set([goal(resolve(?X.go_to_step(X)))])))]), context={}, alts=[{'io_status': 'default', 'alt': PropositionWithSemanticContent('GOAL', GoalWithSemanticContent(RecipehelpOntology, RESOLVE_GOAL, SYS, ?X.go_to_step(X)), u'POS'), 'labels': [], 'predicted': False}], plan_item=findout(?set([goal(resolve(?X.go_to_step(X)))])), default_value=None), previous_goal: None, current_goal: perform(top), moves: OpenQueue([#, Move(ask(?set([goal(resolve(?X.go_to_step(X)))])), ddd_name=u'recipehelp')]), com: {}, cogload_strategy: None}, sender=TurnManager, reason=None)
2017-10-19 17:04:24,570 - session_2017-10-19T17_04_24_0 - DEBUG - OutputPlanner._plan_move(move=Move(ask(?set([goal(resolve(?X.go_to_step(X)))])), ddd_name=u'recipehelp'), facts={})
2017-10-19 17:04:24,571 - session_2017-10-19T17_04_24_0 - DEBUG - OutputPlanner._plan_move finished, result is Move(ask(?set([goal(resolve(?X.go_to_step(X)))])), ddd_name=u'recipehelp')
2017-10-19 17:04:24,571 - session_2017-10-19T17_04_24_0 - DEBUG - GenerateModule: Generating utterance part from move Move(ask(?set([goal(resolve(?X.go_to_step(X)))])), ddd_name=u'recipehelp')
2017-10-19 17:04:24,573 - session_2017-10-19T17_04_24_0 - DEBUG - GenerateModule: Move Move(ask(?set([goal(resolve(?X.go_to_step(X)))])), ddd_name=u'recipehelp') generated as u'Do you want to know go to step?'
2017-10-19 17:04:24,573 - session_2017-10-19T17_04_24_0 - DEBUG - GenerateModule posts Event(SYSTEM_UTTERANCE_TO_SPEAK, [Do you want to know go to step?], sender=GenerateModule, reason=None)
2017-10-19 17:04:24,575 - session_2017-10-19T17_04_24_0 - DEBUG - IndependentGuiBackend handles Event(SYSTEM_MOVES_SELECTED, {current_plan: Stack([findout(?set([goal(resolve(?X.go_to_step(X)))]))]), bel: {}, cogload_level: LOW, facts_being_grounded: [], top_perform_goal: perform(top), device_outputs: Stack([]), next_utterance: NextUtterance(moves=OpenQueue([#, Move(ask(?set([goal(resolve(?X.go_to_step(X)))])))]), context={}, alts=[{'io_status': 'default', 'alt': PropositionWithSemanticContent('GOAL', GoalWithSemanticContent(RecipehelpOntology, RESOLVE_GOAL, SYS, ?X.go_to_step(X)), u'POS'), 'labels': [], 'predicted': False}], plan_item=findout(?set([goal(resolve(?X.go_to_step(X)))])), default_value=None), previous_goal: None, current_goal: perform(top), moves: OpenQueue([#, Move(ask(?set([goal(resolve(?X.go_to_step(X)))])), ddd_name=u'recipehelp')]), com: {}, cogload_strategy: None}, sender=TurnManager, reason=None)
2017-10-19 17:04:24,577 - session_2017-10-19T17_04_24_0 - DEBUG - GuiBackend handles Event(SYSTEM_MOVES_SELECTED, {current_plan: Stack([findout(?set([goal(resolve(?X.go_to_step(X)))]))]), bel: {}, cogload_level: LOW, facts_being_grounded: [], top_perform_goal: perform(top), device_outputs: Stack([]), next_utterance: NextUtterance(moves=OpenQueue([#, Move(ask(?set([goal(resolve(?X.go_to_step(X)))])))]), context={}, alts=[{'io_status': 'default', 'alt': PropositionWithSemanticContent('GOAL', GoalWithSemanticContent(RecipehelpOntology, RESOLVE_GOAL, SYS, ?X.go_to_step(X)), u'POS'), 'labels': [], 'predicted': False}], plan_item=findout(?set([goal(resolve(?X.go_to_step(X)))])), default_value=None), previous_goal: None, current_goal: perform(top), moves: OpenQueue([#, Move(ask(?set([goal(resolve(?X.go_to_step(X)))])), ddd_name=u'recipehelp')]), com: {}, cogload_strategy: None}, sender=TurnManager, reason=None)
2017-10-19 17:04:24,577 - session_2017-10-19T17_04_24_0 - DEBUG - GuiBackend triggered by SYSTEM_MOVES_SELECTED
2017-10-19 17:04:24,578 - session_2017-10-19T17_04_24_0 - DEBUG - GuiBackend triggered by moves OpenQueue([#, Move(ask(?set([goal(resolve(?X.go_to_step(X)))])), ddd_name=u'recipehelp')])
2017-10-19 17:04:24,578 - session_2017-10-19T17_04_24_0 - DEBUG - OutputPlanner._plan_move(move=Move(ask(?set([goal(resolve(?X.go_to_step(X)))])), ddd_name=u'recipehelp'), facts={})
2017-10-19 17:04:24,578 - session_2017-10-19T17_04_24_0 - DEBUG - OutputPlanner._plan_move finished, result is Move(ask(?set([goal(resolve(?X.go_to_step(X)))])), ddd_name=u'recipehelp')
2017-10-19 17:04:24,579 - session_2017-10-19T17_04_24_0 - DEBUG - GuiBackend generated message [<tdm.tdm_gui_protocol.Screen instance at 0x7f826806f758>]
2017-10-19 17:04:24,579 - session_2017-10-19T17_04_24_0 - DEBUG - GuiBackend posts Event(MESSAGE_TO_GUI, [<tdm.tdm_gui_protocol.Screen instance at 0x7f826806f758>], sender=GuiBackend, reason=None)
2017-10-19 17:04:24,579 - session_2017-10-19T17_04_24_0 - DEBUG - GuiBackend posted event
2017-10-19 17:04:24,579 - session_2017-10-19T17_04_24_0 - DEBUG - Backend._handle_event(Event(SYSTEM_UTTERANCE_TO_SPEAK, [Do you want to know go to step?], sender=GenerateModule, reason=None))
2017-10-19 17:04:24,579 - session_2017-10-19T17_04_24_0 - DEBUG - EventDispatcher: dispatching event Event(SYSTEM_UTTERANCE_TO_SPEAK, [Do you want to know go to step?], sender=GenerateModule, reason=None)
2017-10-19 17:04:24,579 - session_2017-10-19T17_04_24_0 - DEBUG - Backend communication: Backend is sending event {"content": ["Do you want to know go to step?"], "_sender": "GenerateModule", "_reason": null, "event_type": "SYSTEM_UTTERANCE_TO_SPEAK"}
2017-10-19 17:04:24,580 - session_2017-10-19T17_04_24_0 - DEBUG - Sent.
2017-10-19 17:04:24,580 - session_2017-10-19T17_04_24_0 - DEBUG - Backend._handle_event(Event(MESSAGE_TO_GUI, [<tdm.tdm_gui_protocol.Screen instance at 0x7f826806f758>], sender=GuiBackend, reason=None))
2017-10-19 17:04:24,580 - session_2017-10-19T17_04_24_0 - DEBUG - EventDispatcher: dispatching event Event(MESSAGE_TO_GUI, [<tdm.tdm_gui_protocol.Screen instance at 0x7f826806f758>], sender=GuiBackend, reason=None)
2017-10-19 17:04:24,580 - session_2017-10-19T17_04_24_0 - DEBUG - Backend communication: Backend is sending event {"content": [{"29687f5934314b7ff2716cd9f6c1a5c9.Screen": {"elements": [{"29687f5934314b7ff2716cd9f6c1a5c9.Element": {"name": "move", "title": "", "items": [{"29687f5934314b7ff2716cd9f6c1a5c9.Item": {"attributes": null, "selected": false, "predicted": false, "value": "ask(?X.go_to_step(X))", "title": "Go to step?"}}], "format": "", "voice_browsed": false, "value": "", "template": "menu", "type": "list"}}], "name": "top", "title": "The start view"}}], "_sender": "GuiBackend", "_reason": null, "event_type": "MESSAGE_TO_GUI"}
2017-10-19 17:04:24,581 - session_2017-10-19T17_04_24_0 - DEBUG - Sent.
2017-10-19 17:04:24,581 - session_2017-10-19T17_04_24_0 - DEBUG - Backend.handle_event_from_external_queue()
2017-10-19 17:04:24,642 - session_2017-10-19T17_04_24_0 - DEBUG - Backend communication: Backend received event {"content": ["Do you want to know go to step?"], "_sender": "TextOutputComponent", "_reason": null, "event_type": "SYSTEM_UTTERANCE_REALIZED"}
2017-10-19 17:04:24,642 - session_2017-10-19T17_04_24_0 - DEBUG - Backend._handle_external_event(...)
2017-10-19 17:04:24,643 - session_2017-10-19T17_04_24_0 - DEBUG - Backend._handle_event(Event(SYSTEM_UTTERANCE_REALIZED, [Do you want to know go to step?], sender=TextOutputComponent, reason=None))
2017-10-19 17:04:24,643 - session_2017-10-19T17_04_24_0 - DEBUG - TurnManager handles Event(SYSTEM_UTTERANCE_REALIZED, [Do you want to know go to step?], sender=TextOutputComponent, reason=None)
2017-10-19 17:04:24,643 - session_2017-10-19T17_04_24_0 - INFO - TurnManager.enter_state(IDLE, SYS done speaking) (previous state was SYSTEM_TURN)
2017-10-19 17:04:24,643 - session_2017-10-19T17_04_24_0 - DEBUG - TurnManager posts Event(SYSTEM_MOVES, [Do you want to know go to step?], sender=TurnManager, reason=None)
2017-10-19 17:04:24,643 - session_2017-10-19T17_04_24_0 - DEBUG - EventDispatcher: dispatching event Event(SYSTEM_MOVES, [Do you want to know go to step?], sender=TurnManager, reason=None)
2017-10-19 17:04:24,643 - session_2017-10-19T17_04_24_0 - DEBUG - DmeModule handles Event(SYSTEM_MOVES, [Do you want to know go to step?], sender=TurnManager, reason=None)
2017-10-19 17:04:24,644 - session_2017-10-19T17_04_24_0 - INFO - running ISU module: update (Event(SYSTEM_MOVES, [Do you want to know go to step?], sender=TurnManager, reason=None))
2017-10-19 17:04:24,645 - session_2017-10-19T17_04_24_0 - DEBUG - <-<-<-<-<-<-<-IS->->->->->->>
TIS:
tis._ddd_manager: <tdm.ddd_manager.DddManager object at 0x7f8268d32c50>
tis._logged_tis_format: diff
tis._semantic_logic: <tdm.lib.semantic_logic.SemanticLogic object at 0x7f826803d350>
tis.active_ddd: Ddd(u'recipehelp', u'RecipehelpOntology', u'RecipehelpDomain', {'eng': GfGrammar(u'recipehelp', 'eng')})
tis.cogload_level: LOW
tis.cogload_management: False
tis.cogload_strategy: None
tis.conf_prediction_threshold.acknowledge: 0.8
tis.conf_prediction_threshold.check: 0.6
tis.conf_prediction_threshold.normal.acknowledge: 0.9
tis.conf_prediction_threshold.normal.check: 0.6
tis.conf_prediction_threshold.normal.trust: 1.01
tis.conf_prediction_threshold.trust: 1.0
tis.confidence_profiles.normal.acknowledge: 0.15
tis.confidence_profiles.normal.check: 0.1
tis.confidence_profiles.normal.trust: 0.3
tis.confidence_profiles.relaxed.acknowledge: 0.35
tis.confidence_profiles.relaxed.check: 0.4
tis.confidence_profiles.relaxed.trust: 0.4
tis.confidence_profiles.strict.acknowledge: 0.7
tis.confidence_profiles.strict.check: 0.4
tis.confidence_profiles.strict.trust: 0.8
tis.current_time: 1508425464.64
tis.ddds: [Ddd(u'recipehelp', u'RecipehelpOntology', u'RecipehelpDomain', {'eng': GfGrammar(u'recipehelp', 'eng')})]
tis.device_manager: Device Manager: ['RecipehelpDevice']
tis.device_outputs: Stack([])
tis.high_cogload_onset_time: None
tis.input_event: Event(SYSTEM_MOVES, [Do you want to know go to step?], sender=TurnManager, reason=None)
tis.language_code: eng
tis.latest_moves: OpenQueue([#, Move(ask(?set([goal(resolve(?X.go_to_step(X)))])), ddd_name=u'recipehelp', speaker=SYS, score=1.0, weighted_score=1.0, modality=speech)])
tis.latest_moves_amb: {}
tis.latest_speaker: SYS
tis.logged_tis_format: diff
tis.next_utterance.alts: [{'io_status': 'default', 'alt': PropositionWithSemanticContent('GOAL', GoalWithSemanticContent(RecipehelpOntology, RESOLVE_GOAL, SYS, ?X.go_to_step(X)), u'POS'), 'labels': [], 'predicted': False}]
tis.next_utterance.context: {}
tis.next_utterance.default_value: None
tis.next_utterance.moves: OpenQueue([#, Move(ask(?set([goal(resolve(?X.go_to_step(X)))])))])
tis.next_utterance.plan_item: findout(?set([goal(resolve(?X.go_to_step(X)))]))
tis.passive_mode: False
tis.private.agenda: OpenQueue([#])
tis.private.bel: {}
tis.private.issues_being_accommodated: {}
tis.private.nim: OpenQueue([#])
tis.private.plan: Stack([findout(?set([goal(resolve(?X.go_to_step(X)))]))])
tis.private.tmp.sys.agenda: OpenQueue([#])
tis.private.tmp.sys.bel: {}
tis.private.tmp.sys.com: {}
tis.private.tmp.sys.goals: stackset([perform(top)])
tis.private.tmp.sys.plan: Stack([findout(?set([goal(resolve(?X.go_to_step(X)))]))])
tis.private.tmp.sys.qud: stackset([])
tis.private.tmp.usr.agenda: OpenQueue([#])
tis.private.tmp.usr.bel: {}
tis.private.tmp.usr.com: {}
tis.private.tmp.usr.goals: stackset([])
tis.private.tmp.usr.plan: Stack([])
tis.private.tmp.usr.qud: stackset([])
tis.program_state: RUN
tis.recent_commitments: {}
tis.recognized_utterance: None
tis.repeat_questions: False
tis.score: 0.0
tis.shared.com: {}
tis.shared.goals: stackset([perform(top)])
tis.shared.lu.moves: {}
tis.shared.lu.speaker: None
tis.shared.lu.turn_cont: {}
tis.shared.pm: {}
tis.shared.previous_goal: None
tis.shared.qud: stackset([])
tis.sys_turns: 0
tis.timeout.duration: 5.0
tis.timeout.enabled: False
<-<-<-<-<-<-<-END->->->->->->>

2017-10-19 17:04:24,645 - session_2017-10-19T17_04_24_0 - DEBUG - rulegroup:filterReadings
2017-10-19 17:04:24,645 - session_2017-10-19T17_04_24_0 - DEBUG - Testing preconds for rule:selectHypothesis
2017-10-19 17:04:24,645 - session_2017-10-19T17_04_24_0 - DEBUG - Testing preconds for rule:getLatestMoves
2017-10-19 17:04:24,648 - session_2017-10-19T17_04_24_0 - DEBUG - Applied rule: getLatestMoves
-- BEGIN TIS changes --
- tis.private.nim: OpenQueue([#])
+ tis.private.nim: OpenQueue([Move(ask(?set([goal(resolve(?X.go_to_step(X)))])), ddd_name=u'recipehelp', speaker=SYS, score=1.0, weighted_score=1.0, modality=speech), #])
- tis.shared.lu.speaker: None
?                        ^^^^
+ tis.shared.lu.speaker: SYS
?                        ^^^
-- END TIS changes --
2017-10-19 17:04:24,649 - session_2017-10-19T17_04_24_0 - DEBUG - Testing preconds for rule:switch_ddd
2017-10-19 17:04:24,649 - session_2017-10-19T17_04_24_0 - DEBUG - Testing preconds for rule:clearDeviceOutput
2017-10-19 17:04:24,652 - session_2017-10-19T17_04_24_0 - DEBUG - Applied rule: clearDeviceOutput
-- BEGIN TIS changes --
-- END TIS changes --
2017-10-19 17:04:24,652 - session_2017-10-19T17_04_24_0 - DEBUG - rulegroup:integrateDeviceAction
2017-10-19 17:04:24,652 - session_2017-10-19T17_04_24_0 - DEBUG - rulegroup:backupSharedUsr
2017-10-19 17:04:24,652 - session_2017-10-19T17_04_24_0 - DEBUG - rulegroup:noFollowupToActionConf
2017-10-19 17:04:24,652 - session_2017-10-19T17_04_24_0 - DEBUG - rulegroup:irrelevantFollowup
2017-10-19 17:04:24,652 - session_2017-10-19T17_04_24_0 - DEBUG - rulegroup:noFollowupToUndQ
2017-10-19 17:04:24,652 - session_2017-10-19T17_04_24_0 - DEBUG - rulegroup:downdateClarification
2017-10-19 17:04:24,652 - session_2017-10-19T17_04_24_0 - INFO - BEGIN integrate_moves
2017-10-19 17:04:24,652 - session_2017-10-19T17_04_24_0 - INFO - init_shift: OpenQueue([Move(ask(?set([goal(resolve(?X.go_to_step(X)))])), ddd_name=u'recipehelp', speaker=SYS, score=1.0, weighted_score=1.0, modality=speech), #])
2017-10-19 17:04:24,652 - session_2017-10-19T17_04_24_0 - INFO - BEGIN try_move_integratation_without_accommodation
2017-10-19 17:04:24,653 - session_2017-10-19T17_04_24_0 - INFO - init_shift: OpenQueue([Move(ask(?set([goal(resolve(?X.go_to_step(X)))])), ddd_name=u'recipehelp', speaker=SYS, score=1.0, weighted_score=1.0, modality=speech), #])
2017-10-19 17:04:24,653 - session_2017-10-19T17_04_24_0 - DEBUG - rulegroup:integrate
2017-10-19 17:04:24,656 - session_2017-10-19T17_04_24_0 - DEBUG - Applied rule: integrateSysAsk
-- BEGIN TIS changes --
- tis.private.nim: OpenQueue([Move(ask(?set([goal(resolve(?X.go_to_step(X)))])), ddd_name=u'recipehelp', speaker=SYS, score=1.0, weighted_score=1.0, modality=speech), #])
+ tis.private.nim: OpenQueue([#])
- tis.shared.goals: stackset([perform(top)])
+ tis.shared.goals: stackset([resolve_user(?set([goal(resolve(?X.go_to_step(X)))])), perform(top)])
- tis.shared.lu.turn_cont: {}
+ tis.shared.lu.turn_cont: {Move(ask(?set([goal(resolve(?X.go_to_step(X)))])), ddd_name=u'recipehelp', speaker=SYS, score=1.0, weighted_score=1.0, modality=speech)}
- tis.shared.qud: stackset([])
+ tis.shared.qud: stackset([?set([goal(resolve(?X.go_to_step(X)))])])
-- END TIS changes --
2017-10-19 17:04:24,656 - session_2017-10-19T17_04_24_0 - DEBUG - Testing preconds for rule:integrateSysAnswer
2017-10-19 17:04:24,656 - session_2017-10-19T17_04_24_0 - DEBUG - rulegroup:downdate_goals
2017-10-19 17:04:24,656 - session_2017-10-19T17_04_24_0 - DEBUG - Testing preconds for rule:removeFindout
2017-10-19 17:04:24,656 - session_2017-10-19T17_04_24_0 - DEBUG - rulegroup:load_plan
2017-10-19 17:04:24,656 - session_2017-10-19T17_04_24_0 - INFO - breaking out: nim fully shifted: OpenQueue([#])
2017-10-19 17:04:24,657 - session_2017-10-19T17_04_24_0 - INFO - END try_move_integratation_without_accommodation
2017-10-19 17:04:24,657 - session_2017-10-19T17_04_24_0 - DEBUG - rulegroup:removeYesNo
2017-10-19 17:04:24,657 - session_2017-10-19T17_04_24_0 - DEBUG - rulegroup:select_action
2017-10-19 17:04:24,657 - session_2017-10-19T17_04_24_0 - DEBUG - rulegroup:select_reject
2017-10-19 17:04:24,657 - session_2017-10-19T17_04_24_0 - DEBUG - rulegroup:accommodate
2017-10-19 17:04:24,657 - session_2017-10-19T17_04_24_0 - INFO - breaking out of accommodate
2017-10-19 17:04:24,657 - session_2017-10-19T17_04_24_0 - DEBUG - rulegroup:select_reject
2017-10-19 17:04:24,657 - session_2017-10-19T17_04_24_0 - INFO - END integrate_moves
2017-10-19 17:04:24,657 - session_2017-10-19T17_04_24_0 - DEBUG - rulegroup:exec_plan
2017-10-19 17:04:24,658 - session_2017-10-19T17_04_24_0 - DEBUG - rulegroup:load_plan
2017-10-19 17:04:24,658 - session_2017-10-19T17_04_24_0 - DEBUG - rulegroup:downdate_qud
2017-10-19 17:04:24,658 - session_2017-10-19T17_04_24_0 - DEBUG - rulegroup:downdate_goals
2017-10-19 17:04:24,658 - session_2017-10-19T17_04_24_0 - DEBUG - rulegroup:exec_plan
2017-10-19 17:04:24,658 - session_2017-10-19T17_04_24_0 - DEBUG - rulegroup:load_plan
2017-10-19 17:04:24,658 - session_2017-10-19T17_04_24_0 - DEBUG - rulegroup:removeYesNo
2017-10-19 17:04:24,658 - session_2017-10-19T17_04_24_0 - DEBUG - rulegroup:enable_timeout
2017-10-19 17:04:24,661 - session_2017-10-19T17_04_24_0 - DEBUG - Applied rule: disableTimeout
-- BEGIN TIS changes --
-- END TIS changes --
2017-10-19 17:04:24,661 - session_2017-10-19T17_04_24_0 - DEBUG - DmeModule posts Event(FACTS, [], sender=DmeModule, reason=None)
2017-10-19 17:04:24,662 - session_2017-10-19T17_04_24_0 - DEBUG - DmeModule posts Event(END_SYSTEM_TURN, ({utterance: [Do you want to know go to step?], latest_moves: OpenQueue([#, Move(ask(?set([goal(resolve(?X.go_to_step(X)))])), ddd_name=u'recipehelp', speaker=SYS, score=1.0, weighted_score=1.0, modality=speech)])}, None), sender=DmeModule, reason=None)
2017-10-19 17:04:24,662 - session_2017-10-19T17_04_24_0 - DEBUG - Backend._handle_event(Event(FACTS, [], sender=DmeModule, reason=None))
2017-10-19 17:04:24,662 - session_2017-10-19T17_04_24_0 - DEBUG - EventDispatcher: dispatching event Event(FACTS, [], sender=DmeModule, reason=None)
2017-10-19 17:04:24,662 - session_2017-10-19T17_04_24_0 - DEBUG - Backend communication: Backend is sending event {"content": [], "_sender": "DmeModule", "_reason": null, "event_type": "FACTS"}
2017-10-19 17:04:24,662 - session_2017-10-19T17_04_24_0 - DEBUG - Sent.
2017-10-19 17:04:24,662 - session_2017-10-19T17_04_24_0 - DEBUG - Backend._handle_event(Event(END_SYSTEM_TURN, ({utterance: [Do you want to know go to step?], latest_moves: OpenQueue([#, Move(ask(?set([goal(resolve(?X.go_to_step(X)))])), ddd_name=u'recipehelp', speaker=SYS, score=1.0, weighted_score=1.0, modality=speech)])}, None), sender=DmeModule, reason=None))
2017-10-19 17:04:24,663 - session_2017-10-19T17_04_24_0 - DEBUG - TurnManager handles Event(END_SYSTEM_TURN, ({utterance: [Do you want to know go to step?], latest_moves: OpenQueue([#, Move(ask(?set([goal(resolve(?X.go_to_step(X)))])), ddd_name=u'recipehelp', speaker=SYS, score=1.0, weighted_score=1.0, modality=speech)])}, None), sender=DmeModule, reason=None)
2017-10-19 17:04:24,663 - session_2017-10-19T17_04_24_0 - DEBUG - EventDispatcher: dispatching event Event(END_SYSTEM_TURN, ({utterance: [Do you want to know go to step?], latest_moves: OpenQueue([#, Move(ask(?set([goal(resolve(?X.go_to_step(X)))])), ddd_name=u'recipehelp', speaker=SYS, score=1.0, weighted_score=1.0, modality=speech)])}, None), sender=DmeModule, reason=None)
2017-10-19 17:04:24,663 - session_2017-10-19T17_04_24_0 - DEBUG - Backend.handle_event_from_external_queue()
2017-10-19 17:04:25,568 - session_2017-10-19T17_04_24_0 - DEBUG - Backend._handle_external_event(...)
2017-10-19 17:04:25,569 - session_2017-10-19T17_04_24_0 - DEBUG - Backend._handle_event(Event(STOP, None, sender=Backend, reason=None))
2017-10-19 17:04:25,569 - session_2017-10-19T17_04_24_0 - DEBUG - EventDispatcher: dispatching event Event(STOP, None, sender=Backend, reason=None)
2017-10-19 17:04:25,569 - session_2017-10-19T17_04_24_0 - DEBUG - InterpretModule handles Event(STOP, None, sender=Backend, reason=None)
2017-10-19 17:04:25,570 - session_2017-10-19T17_04_24_0 - DEBUG - InterpretModule posts Event(STOPPED, None, sender=InterpretModule, reason=None)
2017-10-19 17:04:25,570 - session_2017-10-19T17_04_24_0 - DEBUG - DmeModule handles Event(STOP, None, sender=Backend, reason=None)
2017-10-19 17:04:25,570 - session_2017-10-19T17_04_24_0 - DEBUG - DmeModule posts Event(STOPPED, None, sender=DmeModule, reason=None)
2017-10-19 17:04:25,570 - session_2017-10-19T17_04_24_0 - DEBUG - DeviceManager handles Event(STOP, None, sender=Backend, reason=None)
2017-10-19 17:04:25,571 - session_2017-10-19T17_04_24_0 - DEBUG - DeviceManager posts Event(STOPPED, None, sender=DeviceManager, reason=None)
2017-10-19 17:04:25,571 - session_2017-10-19T17_04_24_0 - DEBUG - GenerateModule handles Event(STOP, None, sender=Backend, reason=None)
2017-10-19 17:04:25,571 - session_2017-10-19T17_04_24_0 - DEBUG - GenerateModule posts Event(STOPPED, None, sender=GenerateModule, reason=None)
2017-10-19 17:04:25,571 - session_2017-10-19T17_04_24_0 - DEBUG - IndependentGuiBackend handles Event(STOP, None, sender=Backend, reason=None)
2017-10-19 17:04:25,571 - session_2017-10-19T17_04_24_0 - DEBUG - IndependentGuiBackend posts Event(STOPPED, None, sender=IndependentGuiBackend, reason=None)
2017-10-19 17:04:25,571 - session_2017-10-19T17_04_24_0 - DEBUG - GuiBackend handles Event(STOP, None, sender=Backend, reason=None)
2017-10-19 17:04:25,571 - session_2017-10-19T17_04_24_0 - DEBUG - GuiBackend posts Event(STOPPED, None, sender=GuiBackend, reason=None)
2017-10-19 17:04:25,571 - session_2017-10-19T17_04_24_0 - DEBUG - CogloadModule handles Event(STOP, None, sender=Backend, reason=None)
2017-10-19 17:04:25,571 - session_2017-10-19T17_04_24_0 - DEBUG - CogloadModule posts Event(STOPPED, None, sender=CogloadModule, reason=None)
2017-10-19 17:04:25,572 - session_2017-10-19T17_04_24_0 - DEBUG - Backend._handle_event(Event(STOPPED, None, sender=InterpretModule, reason=None))
2017-10-19 17:04:25,572 - session_2017-10-19T17_04_24_0 - DEBUG - EventDispatcher: dispatching event Event(STOPPED, None, sender=InterpretModule, reason=None)
2017-10-19 17:04:25,572 - session_2017-10-19T17_04_24_0 - DEBUG - Backend._handle_event(Event(STOPPED, None, sender=DmeModule, reason=None))
2017-10-19 17:04:25,572 - session_2017-10-19T17_04_24_0 - DEBUG - EventDispatcher: dispatching event Event(STOPPED, None, sender=DmeModule, reason=None)
2017-10-19 17:04:25,572 - session_2017-10-19T17_04_24_0 - DEBUG - Backend._handle_event(Event(STOPPED, None, sender=DeviceManager, reason=None))
2017-10-19 17:04:25,572 - session_2017-10-19T17_04_24_0 - DEBUG - EventDispatcher: dispatching event Event(STOPPED, None, sender=DeviceManager, reason=None)
2017-10-19 17:04:25,572 - session_2017-10-19T17_04_24_0 - DEBUG - Backend._handle_event(Event(STOPPED, None, sender=GenerateModule, reason=None))
2017-10-19 17:04:25,572 - session_2017-10-19T17_04_24_0 - DEBUG - EventDispatcher: dispatching event Event(STOPPED, None, sender=GenerateModule, reason=None)
2017-10-19 17:04:25,572 - session_2017-10-19T17_04_24_0 - DEBUG - Backend._handle_event(Event(STOPPED, None, sender=IndependentGuiBackend, reason=None))
2017-10-19 17:04:25,572 - session_2017-10-19T17_04_24_0 - DEBUG - EventDispatcher: dispatching event Event(STOPPED, None, sender=IndependentGuiBackend, reason=None)
2017-10-19 17:04:25,573 - session_2017-10-19T17_04_24_0 - DEBUG - Backend._handle_event(Event(STOPPED, None, sender=GuiBackend, reason=None))
2017-10-19 17:04:25,573 - session_2017-10-19T17_04_24_0 - DEBUG - EventDispatcher: dispatching event Event(STOPPED, None, sender=GuiBackend, reason=None)
2017-10-19 17:04:25,573 - session_2017-10-19T17_04_24_0 - DEBUG - Backend._handle_event(Event(STOPPED, None, sender=CogloadModule, reason=None))
2017-10-19 17:04:25,573 - session_2017-10-19T17_04_24_0 - DEBUG - EventDispatcher: dispatching event Event(STOPPED, None, sender=CogloadModule, reason=None)
