2017-10-24 13:23:51,732 - TdmApplication - DEBUG - DddDb().__init__(name='ddds', default_ddds=[u'recipehelp'])
2017-10-24 13:23:51,733 - TdmApplication - DEBUG - DddDb(): DB file name is '/home/gusmatssar/recipedialogue/tdm/ddds.json'
2017-10-24 13:23:51,741 - TdmApplication - DEBUG - FrontendConnectionHandler(id=140278037584208, session=None).open()
2017-10-24 13:23:51,742 - TdmApplication - DEBUG - thread_manager.create_thread() with threading.active_count()=3
2017-10-24 13:23:51,743 - TdmApplication - DEBUG - FrontendConnectionHandler(id=140278037584208, session=None).on_message({"handshake_content": {"session_id": null, "keep_session_alive": false}, "name": "Frontend"})
2017-10-24 13:23:51,743 - TdmApplication - DEBUG - FrontendConnectionHandler(id=140278037584208, session=None)._register({"handshake_content": {"session_id": null, "keep_session_alive": false}, "name": "Frontend"})
2017-10-24 13:23:51,744 - TdmApplication - DEBUG - thread_manager.create_thread() with threading.active_count()=4
2017-10-24 13:23:51,745 - TdmApplication - DEBUG - Creating backend and session with id 2017-10-24T13_23_51_0.
2017-10-24 13:23:51,782 - TdmApplication - DEBUG - FrontendConnectionHandler._register: Registered in session 2017-10-24T13_23_51_0 with backend <ThreadedBackend(ThreadedBackend, started daemon 140277792634624)>.
2017-10-24 13:23:51,783 - TdmApplication - DEBUG - FrontendConnectionHandler(id=140278037584208, session='2017-10-24T13_23_51_0').on_event(Event(REGISTER_BACKEND, None, sender=Backend, reason=None))
2017-10-24 13:23:51,783 - TdmApplication - DEBUG - FrontendConnectionHandler(id=140278037584208, session='2017-10-24T13_23_51_0'): writing {"content": null, "_sender": "Backend", "_reason": null, "event_type": "REGISTER_BACKEND"}
2017-10-24 13:23:51,783 - TdmApplication - DEBUG - FrontendConnectionHandler(id=140278037584208, session='2017-10-24T13_23_51_0'): OK
2017-10-24 13:23:51,813 - TdmApplication - DEBUG - FrontendConnectionHandler(id=140278037584208, session='2017-10-24T13_23_51_0').on_message({"content": null, "_sender": "Frontend", "_reason": null, "event_type": "FRONTEND_READY"})
2017-10-24 13:23:51,816 - TdmApplication - DEBUG - FrontendConnectionHandler(id=140278037584208, session='2017-10-24T13_23_51_0').on_event(Event(BACKEND_READY, None, sender=Backend, reason=None))
2017-10-24 13:23:51,816 - TdmApplication - DEBUG - FrontendConnectionHandler(id=140278037584208, session='2017-10-24T13_23_51_0'): writing {"content": null, "_sender": "Backend", "_reason": null, "event_type": "BACKEND_READY"}
2017-10-24 13:23:51,816 - TdmApplication - DEBUG - FrontendConnectionHandler(id=140278037584208, session='2017-10-24T13_23_51_0'): OK
2017-10-24 13:23:51,819 - TdmApplication - DEBUG - FrontendConnectionHandler(id=140278037584208, session='2017-10-24T13_23_51_0').on_message({"content": null, "_sender": "Frontend", "_reason": null, "event_type": "START"})
2017-10-24 13:23:51,855 - TdmApplication - DEBUG - FrontendConnectionHandler(id=140278037584208, session='2017-10-24T13_23_51_0').on_event(Event(SET_DDD, {ddd_name: recipehelp, language_code: eng}, sender=DmeModule, reason=None))
2017-10-24 13:23:51,855 - TdmApplication - DEBUG - FrontendConnectionHandler(id=140278037584208, session='2017-10-24T13_23_51_0'): writing {"content": {"ddd_name": "recipehelp", "language_code": "eng"}, "_sender": "DmeModule", "_reason": null, "event_type": "SET_DDD"}
2017-10-24 13:23:51,855 - TdmApplication - DEBUG - FrontendConnectionHandler(id=140278037584208, session='2017-10-24T13_23_51_0'): OK
2017-10-24 13:23:51,856 - TdmApplication - DEBUG - FrontendConnectionHandler(id=140278037584208, session='2017-10-24T13_23_51_0').on_event(Event(FACTS, [], sender=DmeModule, reason=None))
2017-10-24 13:23:51,856 - TdmApplication - DEBUG - FrontendConnectionHandler(id=140278037584208, session='2017-10-24T13_23_51_0'): writing {"content": [], "_sender": "DmeModule", "_reason": null, "event_type": "FACTS"}
2017-10-24 13:23:51,856 - TdmApplication - DEBUG - FrontendConnectionHandler(id=140278037584208, session='2017-10-24T13_23_51_0'): OK
2017-10-24 13:23:51,865 - TdmApplication - DEBUG - FrontendConnectionHandler(id=140278037584208, session='2017-10-24T13_23_51_0').on_event(Event(SYSTEM_UTTERANCE_TO_SPEAK, [, What would you like to do?], sender=GenerateModule, reason=None))
2017-10-24 13:23:51,865 - TdmApplication - DEBUG - FrontendConnectionHandler(id=140278037584208, session='2017-10-24T13_23_51_0'): writing {"content": ["", "What would you like to do?"], "_sender": "GenerateModule", "_reason": null, "event_type": "SYSTEM_UTTERANCE_TO_SPEAK"}
2017-10-24 13:23:51,865 - TdmApplication - DEBUG - FrontendConnectionHandler(id=140278037584208, session='2017-10-24T13_23_51_0'): OK
2017-10-24 13:23:51,866 - TdmApplication - DEBUG - FrontendConnectionHandler(id=140278037584208, session='2017-10-24T13_23_51_0').on_event(Event(MESSAGE_TO_GUI, [], sender=GuiBackend, reason=None))
2017-10-24 13:23:51,866 - TdmApplication - DEBUG - FrontendConnectionHandler(id=140278037584208, session='2017-10-24T13_23_51_0'): writing {"content": [], "_sender": "GuiBackend", "_reason": null, "event_type": "MESSAGE_TO_GUI"}
2017-10-24 13:23:51,866 - TdmApplication - DEBUG - FrontendConnectionHandler(id=140278037584208, session='2017-10-24T13_23_51_0'): OK
2017-10-24 13:23:51,907 - TdmApplication - DEBUG - FrontendConnectionHandler(id=140278037584208, session='2017-10-24T13_23_51_0').on_message({"content": ["", "What would you like to do?"], "_sender": "TextOutputComponent", "_reason": null, "event_type": "SYSTEM_UTTERANCE_REALIZED"})
2017-10-24 13:23:51,930 - TdmApplication - DEBUG - FrontendConnectionHandler(id=140278037584208, session='2017-10-24T13_23_51_0').on_event(Event(FACTS, [], sender=DmeModule, reason=None))
2017-10-24 13:23:51,930 - TdmApplication - DEBUG - FrontendConnectionHandler(id=140278037584208, session='2017-10-24T13_23_51_0'): writing {"content": [], "_sender": "DmeModule", "_reason": null, "event_type": "FACTS"}
2017-10-24 13:23:51,930 - TdmApplication - DEBUG - FrontendConnectionHandler(id=140278037584208, session='2017-10-24T13_23_51_0'): OK
2017-10-24 13:23:59,588 - TdmApplication - DEBUG - FrontendConnectionHandler(id=140278037584208, session='2017-10-24T13_23_51_0').on_message({"content": [{"score": 1.0, "utterance": "go to step one"}], "_sender": "TextInputComponent", "_reason": null, "event_type": "RECOGNITION"})
2017-10-24 13:23:59,598 - TdmApplication - DEBUG - FrontendConnectionHandler(id=140278037584208, session='2017-10-24T13_23_51_0').on_event(Event(STOP_LISTENING, None, sender=TurnManager, reason=None))
2017-10-24 13:23:59,598 - TdmApplication - DEBUG - FrontendConnectionHandler(id=140278037584208, session='2017-10-24T13_23_51_0'): writing {"content": null, "_sender": "TurnManager", "_reason": null, "event_type": "STOP_LISTENING"}
2017-10-24 13:23:59,598 - TdmApplication - DEBUG - FrontendConnectionHandler(id=140278037584208, session='2017-10-24T13_23_51_0'): OK
2017-10-24 13:23:59,698 - TdmApplication - DEBUG - FrontendConnectionHandler(id=140278037584208, session='2017-10-24T13_23_51_0').on_event(Event(SELECTED_RECOGNITION, go to step one, sender=DmeModule, reason=None))
2017-10-24 13:23:59,698 - TdmApplication - DEBUG - FrontendConnectionHandler(id=140278037584208, session='2017-10-24T13_23_51_0'): writing {"content": "go to step one", "_sender": "DmeModule", "_reason": null, "event_type": "SELECTED_RECOGNITION"}
2017-10-24 13:23:59,698 - TdmApplication - DEBUG - FrontendConnectionHandler(id=140278037584208, session='2017-10-24T13_23_51_0'): OK
2017-10-24 13:23:59,699 - TdmApplication - DEBUG - FrontendConnectionHandler(id=140278037584208, session='2017-10-24T13_23_51_0').on_event(Event(FACTS, [{predicate: go_to_step, grammar_entry: None, value: chose step1}], sender=DmeModule, reason=None))
2017-10-24 13:23:59,699 - TdmApplication - DEBUG - FrontendConnectionHandler(id=140278037584208, session='2017-10-24T13_23_51_0'): writing {"content": [{"predicate": "go_to_step", "grammar_entry": null, "value": "chose step1"}], "_sender": "DmeModule", "_reason": null, "event_type": "FACTS"}
2017-10-24 13:23:59,700 - TdmApplication - DEBUG - FrontendConnectionHandler(id=140278037584208, session='2017-10-24T13_23_51_0'): OK
2017-10-24 13:23:59,709 - TdmApplication - DEBUG - FrontendConnectionHandler(id=140278037584208, session='2017-10-24T13_23_51_0').on_event(Event(SYSTEM_UTTERANCE_TO_SPEAK, [Ok chose step1.], sender=GenerateModule, reason=None))
2017-10-24 13:23:59,709 - TdmApplication - DEBUG - FrontendConnectionHandler(id=140278037584208, session='2017-10-24T13_23_51_0'): writing {"content": ["Ok chose step1."], "_sender": "GenerateModule", "_reason": null, "event_type": "SYSTEM_UTTERANCE_TO_SPEAK"}
2017-10-24 13:23:59,709 - TdmApplication - DEBUG - FrontendConnectionHandler(id=140278037584208, session='2017-10-24T13_23_51_0'): OK
2017-10-24 13:23:59,710 - TdmApplication - DEBUG - FrontendConnectionHandler(id=140278037584208, session='2017-10-24T13_23_51_0').on_event(Event(GUI.POPUP, {options: [], title: Ok chose step1.}, sender=IndependentGuiBackend, reason=None))
2017-10-24 13:23:59,710 - TdmApplication - DEBUG - FrontendConnectionHandler(id=140278037584208, session='2017-10-24T13_23_51_0'): writing {"content": {"options": [], "title": "Ok chose step1."}, "_sender": "IndependentGuiBackend", "_reason": null, "event_type": "GUI.POPUP"}
2017-10-24 13:23:59,710 - TdmApplication - DEBUG - FrontendConnectionHandler(id=140278037584208, session='2017-10-24T13_23_51_0'): OK
2017-10-24 13:23:59,712 - TdmApplication - DEBUG - FrontendConnectionHandler(id=140278037584208, session='2017-10-24T13_23_51_0').on_event(Event(MESSAGE_TO_GUI, [<tdm.tdm_gui_protocol.Popup instance at 0x7f950423b3f8>], sender=GuiBackend, reason=None))
2017-10-24 13:23:59,712 - TdmApplication - DEBUG - FrontendConnectionHandler(id=140278037584208, session='2017-10-24T13_23_51_0'): writing {"content": [{"Popup": {"elements": [], "title": "Ok chose step1."}}], "_sender": "GuiBackend", "_reason": null, "event_type": "MESSAGE_TO_GUI"}
2017-10-24 13:23:59,712 - TdmApplication - DEBUG - FrontendConnectionHandler(id=140278037584208, session='2017-10-24T13_23_51_0'): OK
2017-10-24 13:23:59,753 - TdmApplication - DEBUG - FrontendConnectionHandler(id=140278037584208, session='2017-10-24T13_23_51_0').on_message({"content": ["Ok chose step1."], "_sender": "TextOutputComponent", "_reason": null, "event_type": "SYSTEM_UTTERANCE_REALIZED"})
2017-10-24 13:23:59,782 - TdmApplication - DEBUG - FrontendConnectionHandler(id=140278037584208, session='2017-10-24T13_23_51_0').on_event(Event(FACTS, [{predicate: go_to_step, grammar_entry: None, value: chose step1}], sender=DmeModule, reason=None))
2017-10-24 13:23:59,782 - TdmApplication - DEBUG - FrontendConnectionHandler(id=140278037584208, session='2017-10-24T13_23_51_0'): writing {"content": [{"predicate": "go_to_step", "grammar_entry": null, "value": "chose step1"}], "_sender": "DmeModule", "_reason": null, "event_type": "FACTS"}
2017-10-24 13:23:59,782 - TdmApplication - DEBUG - FrontendConnectionHandler(id=140278037584208, session='2017-10-24T13_23_51_0'): OK
2017-10-24 13:24:05,448 - TdmApplication - DEBUG - FrontendConnectionHandler(id=140278037584208, session='2017-10-24T13_23_51_0').on_message({"content": [{"score": 1.0, "utterance": "go to next step"}], "_sender": "TextInputComponent", "_reason": null, "event_type": "RECOGNITION"})
2017-10-24 13:24:05,452 - TdmApplication - DEBUG - FrontendConnectionHandler(id=140278037584208, session='2017-10-24T13_23_51_0').on_event(Event(FACTS, [], sender=DmeModule, reason=None))
2017-10-24 13:24:05,452 - TdmApplication - DEBUG - FrontendConnectionHandler(id=140278037584208, session='2017-10-24T13_23_51_0'): writing {"content": [], "_sender": "DmeModule", "_reason": null, "event_type": "FACTS"}
2017-10-24 13:24:05,452 - TdmApplication - DEBUG - FrontendConnectionHandler(id=140278037584208, session='2017-10-24T13_23_51_0'): OK
2017-10-24 13:24:05,461 - TdmApplication - DEBUG - FrontendConnectionHandler(id=140278037584208, session='2017-10-24T13_23_51_0').on_event(Event(STOP_SPEAKING, None, sender=TurnManager, reason=None))
2017-10-24 13:24:05,461 - TdmApplication - DEBUG - FrontendConnectionHandler(id=140278037584208, session='2017-10-24T13_23_51_0'): writing {"content": null, "_sender": "TurnManager", "_reason": null, "event_type": "STOP_SPEAKING"}
2017-10-24 13:24:05,461 - TdmApplication - DEBUG - FrontendConnectionHandler(id=140278037584208, session='2017-10-24T13_23_51_0'): OK
2017-10-24 13:24:05,463 - TdmApplication - DEBUG - FrontendConnectionHandler(id=140278037584208, session='2017-10-24T13_23_51_0').on_event(Event(SYSTEM_UTTERANCE_TO_SPEAK, [Returning to the start view., What would you like to do?], sender=GenerateModule, reason=None))
2017-10-24 13:24:05,463 - TdmApplication - DEBUG - FrontendConnectionHandler(id=140278037584208, session='2017-10-24T13_23_51_0'): writing {"content": ["Returning to the start view.", "What would you like to do?"], "_sender": "GenerateModule", "_reason": null, "event_type": "SYSTEM_UTTERANCE_TO_SPEAK"}
2017-10-24 13:24:05,463 - TdmApplication - DEBUG - FrontendConnectionHandler(id=140278037584208, session='2017-10-24T13_23_51_0'): OK
2017-10-24 13:24:05,464 - TdmApplication - DEBUG - FrontendConnectionHandler(id=140278037584208, session='2017-10-24T13_23_51_0').on_event(Event(MESSAGE_TO_GUI, [<tdm.tdm_gui_protocol.ClosePopup instance at 0x7f950429bf38>], sender=GuiBackend, reason=None))
2017-10-24 13:24:05,464 - TdmApplication - DEBUG - FrontendConnectionHandler(id=140278037584208, session='2017-10-24T13_23_51_0'): writing {"content": [{"ClosePopup": {}}], "_sender": "GuiBackend", "_reason": null, "event_type": "MESSAGE_TO_GUI"}
2017-10-24 13:24:05,464 - TdmApplication - DEBUG - FrontendConnectionHandler(id=140278037584208, session='2017-10-24T13_23_51_0'): OK
2017-10-24 13:24:05,471 - TdmApplication - DEBUG - FrontendConnectionHandler(id=140278037584208, session='2017-10-24T13_23_51_0').on_message({"content": ["Returning to the start view.", "What would you like to do?"], "_sender": "TextOutputComponent", "_reason": null, "event_type": "SYSTEM_UTTERANCE_REALIZED"})
2017-10-24 13:24:05,494 - TdmApplication - DEBUG - FrontendConnectionHandler(id=140278037584208, session='2017-10-24T13_23_51_0').on_event(Event(FACTS, [], sender=DmeModule, reason=None))
2017-10-24 13:24:05,494 - TdmApplication - DEBUG - FrontendConnectionHandler(id=140278037584208, session='2017-10-24T13_23_51_0'): writing {"content": [], "_sender": "DmeModule", "_reason": null, "event_type": "FACTS"}
2017-10-24 13:24:05,494 - TdmApplication - DEBUG - FrontendConnectionHandler(id=140278037584208, session='2017-10-24T13_23_51_0'): OK
2017-10-24 13:24:05,560 - TdmApplication - DEBUG - FrontendConnectionHandler(id=140278037584208, session='2017-10-24T13_23_51_0').on_event(Event(SELECTED_RECOGNITION, go to next step, sender=DmeModule, reason=None))
2017-10-24 13:24:05,560 - TdmApplication - DEBUG - FrontendConnectionHandler(id=140278037584208, session='2017-10-24T13_23_51_0'): writing {"content": "go to next step", "_sender": "DmeModule", "_reason": null, "event_type": "SELECTED_RECOGNITION"}
2017-10-24 13:24:05,560 - TdmApplication - DEBUG - FrontendConnectionHandler(id=140278037584208, session='2017-10-24T13_23_51_0'): OK
2017-10-24 13:24:05,561 - TdmApplication - DEBUG - FrontendConnectionHandler(id=140278037584208, session='2017-10-24T13_23_51_0').on_event(Event(FACTS, [], sender=DmeModule, reason=None))
2017-10-24 13:24:05,561 - TdmApplication - DEBUG - FrontendConnectionHandler(id=140278037584208, session='2017-10-24T13_23_51_0'): writing {"content": [], "_sender": "DmeModule", "_reason": null, "event_type": "FACTS"}
2017-10-24 13:24:05,561 - TdmApplication - DEBUG - FrontendConnectionHandler(id=140278037584208, session='2017-10-24T13_23_51_0'): OK
2017-10-24 13:24:05,571 - TdmApplication - DEBUG - FrontendConnectionHandler(id=140278037584208, session='2017-10-24T13_23_51_0').on_event(Event(SYSTEM_UTTERANCE_TO_SPEAK, [, Went to next], sender=GenerateModule, reason=None))
2017-10-24 13:24:05,571 - TdmApplication - DEBUG - FrontendConnectionHandler(id=140278037584208, session='2017-10-24T13_23_51_0'): writing {"content": ["", "Went to next"], "_sender": "GenerateModule", "_reason": null, "event_type": "SYSTEM_UTTERANCE_TO_SPEAK"}
2017-10-24 13:24:05,571 - TdmApplication - DEBUG - FrontendConnectionHandler(id=140278037584208, session='2017-10-24T13_23_51_0'): OK
2017-10-24 13:24:05,572 - TdmApplication - DEBUG - FrontendConnectionHandler(id=140278037584208, session='2017-10-24T13_23_51_0').on_event(Event(GUI.POPUP, {options: [], title: Went to next}, sender=IndependentGuiBackend, reason=None))
2017-10-24 13:24:05,572 - TdmApplication - DEBUG - FrontendConnectionHandler(id=140278037584208, session='2017-10-24T13_23_51_0'): writing {"content": {"options": [], "title": "Went to next"}, "_sender": "IndependentGuiBackend", "_reason": null, "event_type": "GUI.POPUP"}
2017-10-24 13:24:05,572 - TdmApplication - DEBUG - FrontendConnectionHandler(id=140278037584208, session='2017-10-24T13_23_51_0'): OK
2017-10-24 13:24:05,573 - TdmApplication - DEBUG - FrontendConnectionHandler(id=140278037584208, session='2017-10-24T13_23_51_0').on_event(Event(MESSAGE_TO_GUI, [<tdm.tdm_gui_protocol.DeviceResult instance at 0x7f95042989e0>, <tdm.tdm_gui_protocol.Popup instance at 0x7f95042a87a0>], sender=GuiBackend, reason=None))
2017-10-24 13:24:05,573 - TdmApplication - DEBUG - FrontendConnectionHandler(id=140278037584208, session='2017-10-24T13_23_51_0'): writing {"content": [{"DeviceResult": {"action": "go_to_next", "result": true, "arguments": {}, "failure_reason": null}}, {"Popup": {"elements": [], "title": "Went to next"}}], "_sender": "GuiBackend", "_reason": null, "event_type": "MESSAGE_TO_GUI"}
2017-10-24 13:24:05,573 - TdmApplication - DEBUG - FrontendConnectionHandler(id=140278037584208, session='2017-10-24T13_23_51_0'): OK
2017-10-24 13:24:05,584 - TdmApplication - DEBUG - FrontendConnectionHandler(id=140278037584208, session='2017-10-24T13_23_51_0').on_message({"content": ["", "Went to next"], "_sender": "TextOutputComponent", "_reason": null, "event_type": "SYSTEM_UTTERANCE_REALIZED"})
2017-10-24 13:24:05,645 - TdmApplication - DEBUG - FrontendConnectionHandler(id=140278037584208, session='2017-10-24T13_23_51_0').on_event(Event(FACTS, [{predicate: say_step, grammar_entry: None, value: Step two: Make the ragu. Heat the olive oil in a frying pan and fry the celery, carrots and onion for approximately 15 minutes. Add the beef and pork. Pour in red wine and stir well. Cook for 45 minutes.}], sender=DmeModule, reason=None))
2017-10-24 13:24:05,645 - TdmApplication - DEBUG - FrontendConnectionHandler(id=140278037584208, session='2017-10-24T13_23_51_0'): writing {"content": [{"predicate": "say_step", "grammar_entry": null, "value": "Step two: Make the ragu. Heat the olive oil in a frying pan and fry the celery, carrots and onion for approximately 15 minutes. Add the beef and pork. Pour in red wine and stir well. Cook for 45 minutes."}], "_sender": "DmeModule", "_reason": null, "event_type": "FACTS"}
2017-10-24 13:24:05,645 - TdmApplication - DEBUG - FrontendConnectionHandler(id=140278037584208, session='2017-10-24T13_23_51_0'): OK
2017-10-24 13:24:05,656 - TdmApplication - DEBUG - FrontendConnectionHandler(id=140278037584208, session='2017-10-24T13_23_51_0').on_event(Event(SYSTEM_UTTERANCE_TO_SPEAK, [, Are you done?], sender=GenerateModule, reason=None))
2017-10-24 13:24:05,656 - TdmApplication - DEBUG - FrontendConnectionHandler(id=140278037584208, session='2017-10-24T13_23_51_0'): writing {"content": ["", "Are you done?"], "_sender": "GenerateModule", "_reason": null, "event_type": "SYSTEM_UTTERANCE_TO_SPEAK"}
2017-10-24 13:24:05,656 - TdmApplication - DEBUG - FrontendConnectionHandler(id=140278037584208, session='2017-10-24T13_23_51_0'): OK
2017-10-24 13:24:05,657 - TdmApplication - DEBUG - FrontendConnectionHandler(id=140278037584208, session='2017-10-24T13_23_51_0').on_event(Event(MESSAGE_TO_GUI, [<tdm.tdm_gui_protocol.ClosePopup instance at 0x7f950423b200>], sender=GuiBackend, reason=None))
2017-10-24 13:24:05,657 - TdmApplication - DEBUG - FrontendConnectionHandler(id=140278037584208, session='2017-10-24T13_23_51_0'): writing {"content": [{"ClosePopup": {}}], "_sender": "GuiBackend", "_reason": null, "event_type": "MESSAGE_TO_GUI"}
2017-10-24 13:24:05,657 - TdmApplication - DEBUG - FrontendConnectionHandler(id=140278037584208, session='2017-10-24T13_23_51_0'): OK
2017-10-24 13:24:05,697 - TdmApplication - DEBUG - FrontendConnectionHandler(id=140278037584208, session='2017-10-24T13_23_51_0').on_message({"content": ["", "Are you done?"], "_sender": "TextOutputComponent", "_reason": null, "event_type": "SYSTEM_UTTERANCE_REALIZED"})
2017-10-24 13:24:05,724 - TdmApplication - DEBUG - FrontendConnectionHandler(id=140278037584208, session='2017-10-24T13_23_51_0').on_event(Event(FACTS, [{predicate: say_step, grammar_entry: None, value: Step two: Make the ragu. Heat the olive oil in a frying pan and fry the celery, carrots and onion for approximately 15 minutes. Add the beef and pork. Pour in red wine and stir well. Cook for 45 minutes.}], sender=DmeModule, reason=None))
2017-10-24 13:24:05,724 - TdmApplication - DEBUG - FrontendConnectionHandler(id=140278037584208, session='2017-10-24T13_23_51_0'): writing {"content": [{"predicate": "say_step", "grammar_entry": null, "value": "Step two: Make the ragu. Heat the olive oil in a frying pan and fry the celery, carrots and onion for approximately 15 minutes. Add the beef and pork. Pour in red wine and stir well. Cook for 45 minutes."}], "_sender": "DmeModule", "_reason": null, "event_type": "FACTS"}
2017-10-24 13:24:05,724 - TdmApplication - DEBUG - FrontendConnectionHandler(id=140278037584208, session='2017-10-24T13_23_51_0'): OK
2017-10-24 13:24:18,401 - TdmApplication - DEBUG - FrontendConnectionHandler(id=140278037584208, session='2017-10-24T13_23_51_0').on_message({"content": [{"score": 1.0, "utterance": "go back"}], "_sender": "TextInputComponent", "_reason": null, "event_type": "RECOGNITION"})
2017-10-24 13:24:18,406 - TdmApplication - DEBUG - FrontendConnectionHandler(id=140278037584208, session='2017-10-24T13_23_51_0').on_event(Event(STOP_LISTENING, None, sender=TurnManager, reason=None))
2017-10-24 13:24:18,407 - TdmApplication - DEBUG - FrontendConnectionHandler(id=140278037584208, session='2017-10-24T13_23_51_0'): writing {"content": null, "_sender": "TurnManager", "_reason": null, "event_type": "STOP_LISTENING"}
2017-10-24 13:24:18,407 - TdmApplication - DEBUG - FrontendConnectionHandler(id=140278037584208, session='2017-10-24T13_23_51_0'): OK
2017-10-24 13:24:18,479 - TdmApplication - DEBUG - FrontendConnectionHandler(id=140278037584208, session='2017-10-24T13_23_51_0').on_event(Event(SELECTED_RECOGNITION, go back, sender=DmeModule, reason=None))
2017-10-24 13:24:18,479 - TdmApplication - DEBUG - FrontendConnectionHandler(id=140278037584208, session='2017-10-24T13_23_51_0'): writing {"content": "go back", "_sender": "DmeModule", "_reason": null, "event_type": "SELECTED_RECOGNITION"}
2017-10-24 13:24:18,479 - TdmApplication - DEBUG - FrontendConnectionHandler(id=140278037584208, session='2017-10-24T13_23_51_0'): OK
2017-10-24 13:24:18,480 - TdmApplication - DEBUG - FrontendConnectionHandler(id=140278037584208, session='2017-10-24T13_23_51_0').on_event(Event(FACTS, [{predicate: say_step, grammar_entry: None, value: Step two: Make the ragu. Heat the olive oil in a frying pan and fry the celery, carrots and onion for approximately 15 minutes. Add the beef and pork. Pour in red wine and stir well. Cook for 45 minutes.}], sender=DmeModule, reason=None))
2017-10-24 13:24:18,480 - TdmApplication - DEBUG - FrontendConnectionHandler(id=140278037584208, session='2017-10-24T13_23_51_0'): writing {"content": [{"predicate": "say_step", "grammar_entry": null, "value": "Step two: Make the ragu. Heat the olive oil in a frying pan and fry the celery, carrots and onion for approximately 15 minutes. Add the beef and pork. Pour in red wine and stir well. Cook for 45 minutes."}], "_sender": "DmeModule", "_reason": null, "event_type": "FACTS"}
2017-10-24 13:24:18,481 - TdmApplication - DEBUG - FrontendConnectionHandler(id=140278037584208, session='2017-10-24T13_23_51_0'): OK
2017-10-24 13:24:18,494 - TdmApplication - DEBUG - FrontendConnectionHandler(id=140278037584208, session='2017-10-24T13_23_51_0').on_event(Event(SYSTEM_UTTERANCE_TO_SPEAK, [, Went to the previous step], sender=GenerateModule, reason=None))
2017-10-24 13:24:18,494 - TdmApplication - DEBUG - FrontendConnectionHandler(id=140278037584208, session='2017-10-24T13_23_51_0'): writing {"content": ["", "Went to the previous step"], "_sender": "GenerateModule", "_reason": null, "event_type": "SYSTEM_UTTERANCE_TO_SPEAK"}
2017-10-24 13:24:18,494 - TdmApplication - DEBUG - FrontendConnectionHandler(id=140278037584208, session='2017-10-24T13_23_51_0'): OK
2017-10-24 13:24:18,495 - TdmApplication - DEBUG - FrontendConnectionHandler(id=140278037584208, session='2017-10-24T13_23_51_0').on_event(Event(GUI.POPUP, {options: [], title: Went to the previous step}, sender=IndependentGuiBackend, reason=None))
2017-10-24 13:24:18,495 - TdmApplication - DEBUG - FrontendConnectionHandler(id=140278037584208, session='2017-10-24T13_23_51_0'): writing {"content": {"options": [], "title": "Went to the previous step"}, "_sender": "IndependentGuiBackend", "_reason": null, "event_type": "GUI.POPUP"}
2017-10-24 13:24:18,496 - TdmApplication - DEBUG - FrontendConnectionHandler(id=140278037584208, session='2017-10-24T13_23_51_0'): OK
2017-10-24 13:24:18,498 - TdmApplication - DEBUG - FrontendConnectionHandler(id=140278037584208, session='2017-10-24T13_23_51_0').on_event(Event(MESSAGE_TO_GUI, [<tdm.tdm_gui_protocol.DeviceResult instance at 0x7f950420bd40>, <tdm.tdm_gui_protocol.Popup instance at 0x7f950420b5f0>], sender=GuiBackend, reason=None))
2017-10-24 13:24:18,499 - TdmApplication - DEBUG - FrontendConnectionHandler(id=140278037584208, session='2017-10-24T13_23_51_0'): writing {"content": [{"DeviceResult": {"action": "go_back", "result": true, "arguments": {}, "failure_reason": null}}, {"Popup": {"elements": [], "title": "Went to the previous step"}}], "_sender": "GuiBackend", "_reason": null, "event_type": "MESSAGE_TO_GUI"}
2017-10-24 13:24:18,500 - TdmApplication - DEBUG - FrontendConnectionHandler(id=140278037584208, session='2017-10-24T13_23_51_0'): OK
2017-10-24 13:24:18,500 - TdmApplication - DEBUG - FrontendConnectionHandler(id=140278037584208, session='2017-10-24T13_23_51_0').on_message({"content": ["", "Went to the previous step"], "_sender": "TextOutputComponent", "_reason": null, "event_type": "SYSTEM_UTTERANCE_REALIZED"})
2017-10-24 13:24:18,573 - TdmApplication - DEBUG - FrontendConnectionHandler(id=140278037584208, session='2017-10-24T13_23_51_0').on_event(Event(FACTS, [{predicate: say_step, grammar_entry: None, value: Step one: preheat the oven to 180 degrees.}], sender=DmeModule, reason=None))
2017-10-24 13:24:18,573 - TdmApplication - DEBUG - FrontendConnectionHandler(id=140278037584208, session='2017-10-24T13_23_51_0'): writing {"content": [{"predicate": "say_step", "grammar_entry": null, "value": "Step one: preheat the oven to 180 degrees."}], "_sender": "DmeModule", "_reason": null, "event_type": "FACTS"}
2017-10-24 13:24:18,573 - TdmApplication - DEBUG - FrontendConnectionHandler(id=140278037584208, session='2017-10-24T13_23_51_0'): OK
2017-10-24 13:24:18,585 - TdmApplication - DEBUG - FrontendConnectionHandler(id=140278037584208, session='2017-10-24T13_23_51_0').on_event(Event(SYSTEM_UTTERANCE_TO_SPEAK, [, Are you done?], sender=GenerateModule, reason=None))
2017-10-24 13:24:18,586 - TdmApplication - DEBUG - FrontendConnectionHandler(id=140278037584208, session='2017-10-24T13_23_51_0'): writing {"content": ["", "Are you done?"], "_sender": "GenerateModule", "_reason": null, "event_type": "SYSTEM_UTTERANCE_TO_SPEAK"}
2017-10-24 13:24:18,586 - TdmApplication - DEBUG - FrontendConnectionHandler(id=140278037584208, session='2017-10-24T13_23_51_0'): OK
2017-10-24 13:24:18,587 - TdmApplication - DEBUG - FrontendConnectionHandler(id=140278037584208, session='2017-10-24T13_23_51_0').on_event(Event(MESSAGE_TO_GUI, [<tdm.tdm_gui_protocol.ClosePopup instance at 0x7f950420b170>], sender=GuiBackend, reason=None))
2017-10-24 13:24:18,587 - TdmApplication - DEBUG - FrontendConnectionHandler(id=140278037584208, session='2017-10-24T13_23_51_0'): writing {"content": [{"ClosePopup": {}}], "_sender": "GuiBackend", "_reason": null, "event_type": "MESSAGE_TO_GUI"}
2017-10-24 13:24:18,587 - TdmApplication - DEBUG - FrontendConnectionHandler(id=140278037584208, session='2017-10-24T13_23_51_0'): OK
2017-10-24 13:24:18,626 - TdmApplication - DEBUG - FrontendConnectionHandler(id=140278037584208, session='2017-10-24T13_23_51_0').on_message({"content": ["", "Are you done?"], "_sender": "TextOutputComponent", "_reason": null, "event_type": "SYSTEM_UTTERANCE_REALIZED"})
2017-10-24 13:24:18,656 - TdmApplication - DEBUG - FrontendConnectionHandler(id=140278037584208, session='2017-10-24T13_23_51_0').on_event(Event(FACTS, [{predicate: say_step, grammar_entry: None, value: Step one: preheat the oven to 180 degrees.}], sender=DmeModule, reason=None))
2017-10-24 13:24:18,656 - TdmApplication - DEBUG - FrontendConnectionHandler(id=140278037584208, session='2017-10-24T13_23_51_0'): writing {"content": [{"predicate": "say_step", "grammar_entry": null, "value": "Step one: preheat the oven to 180 degrees."}], "_sender": "DmeModule", "_reason": null, "event_type": "FACTS"}
2017-10-24 13:24:18,656 - TdmApplication - DEBUG - FrontendConnectionHandler(id=140278037584208, session='2017-10-24T13_23_51_0'): OK
2017-10-24 13:24:29,893 - TdmApplication - DEBUG - FrontendConnectionHandler(id=140278037584208, session='2017-10-24T13_23_51_0').on_message({"content": [{"score": 1.0, "utterance": "what should i do"}], "_sender": "TextInputComponent", "_reason": null, "event_type": "RECOGNITION"})
2017-10-24 13:24:29,898 - TdmApplication - DEBUG - FrontendConnectionHandler(id=140278037584208, session='2017-10-24T13_23_51_0').on_event(Event(STOP_LISTENING, None, sender=TurnManager, reason=None))
2017-10-24 13:24:29,898 - TdmApplication - DEBUG - FrontendConnectionHandler(id=140278037584208, session='2017-10-24T13_23_51_0'): writing {"content": null, "_sender": "TurnManager", "_reason": null, "event_type": "STOP_LISTENING"}
2017-10-24 13:24:29,898 - TdmApplication - DEBUG - FrontendConnectionHandler(id=140278037584208, session='2017-10-24T13_23_51_0'): OK
2017-10-24 13:24:29,963 - TdmApplication - DEBUG - FrontendConnectionHandler(id=140278037584208, session='2017-10-24T13_23_51_0').on_event(Event(SELECTED_RECOGNITION, what should i do, sender=DmeModule, reason=None))
2017-10-24 13:24:29,963 - TdmApplication - DEBUG - FrontendConnectionHandler(id=140278037584208, session='2017-10-24T13_23_51_0'): writing {"content": "what should i do", "_sender": "DmeModule", "_reason": null, "event_type": "SELECTED_RECOGNITION"}
2017-10-24 13:24:29,963 - TdmApplication - DEBUG - FrontendConnectionHandler(id=140278037584208, session='2017-10-24T13_23_51_0'): OK
2017-10-24 13:24:29,964 - TdmApplication - DEBUG - FrontendConnectionHandler(id=140278037584208, session='2017-10-24T13_23_51_0').on_event(Event(FACTS, [{predicate: say_step, grammar_entry: None, value: Step one: preheat the oven to 180 degrees.}], sender=DmeModule, reason=None))
2017-10-24 13:24:29,964 - TdmApplication - DEBUG - FrontendConnectionHandler(id=140278037584208, session='2017-10-24T13_23_51_0'): writing {"content": [{"predicate": "say_step", "grammar_entry": null, "value": "Step one: preheat the oven to 180 degrees."}], "_sender": "DmeModule", "_reason": null, "event_type": "FACTS"}
2017-10-24 13:24:29,964 - TdmApplication - DEBUG - FrontendConnectionHandler(id=140278037584208, session='2017-10-24T13_23_51_0'): OK
2017-10-24 13:24:29,977 - TdmApplication - DEBUG - FrontendConnectionHandler(id=140278037584208, session='2017-10-24T13_23_51_0').on_event(Event(SYSTEM_UTTERANCE_TO_SPEAK, [Ok Step one: preheat the oven to 180 degrees..], sender=GenerateModule, reason=None))
2017-10-24 13:24:29,977 - TdmApplication - DEBUG - FrontendConnectionHandler(id=140278037584208, session='2017-10-24T13_23_51_0'): writing {"content": ["Ok Step one: preheat the oven to 180 degrees.."], "_sender": "GenerateModule", "_reason": null, "event_type": "SYSTEM_UTTERANCE_TO_SPEAK"}
2017-10-24 13:24:29,977 - TdmApplication - DEBUG - FrontendConnectionHandler(id=140278037584208, session='2017-10-24T13_23_51_0'): OK
2017-10-24 13:24:29,978 - TdmApplication - DEBUG - FrontendConnectionHandler(id=140278037584208, session='2017-10-24T13_23_51_0').on_event(Event(GUI.POPUP, {options: [], title: Ok Step one: preheat the oven to 180 degrees..}, sender=IndependentGuiBackend, reason=None))
2017-10-24 13:24:29,979 - TdmApplication - DEBUG - FrontendConnectionHandler(id=140278037584208, session='2017-10-24T13_23_51_0'): writing {"content": {"options": [], "title": "Ok Step one: preheat the oven to 180 degrees.."}, "_sender": "IndependentGuiBackend", "_reason": null, "event_type": "GUI.POPUP"}
2017-10-24 13:24:29,979 - TdmApplication - DEBUG - FrontendConnectionHandler(id=140278037584208, session='2017-10-24T13_23_51_0'): OK
2017-10-24 13:24:29,980 - TdmApplication - DEBUG - FrontendConnectionHandler(id=140278037584208, session='2017-10-24T13_23_51_0').on_event(Event(MESSAGE_TO_GUI, [<tdm.tdm_gui_protocol.Popup instance at 0x7f95069ab758>], sender=GuiBackend, reason=None))
2017-10-24 13:24:29,980 - TdmApplication - DEBUG - FrontendConnectionHandler(id=140278037584208, session='2017-10-24T13_23_51_0'): writing {"content": [{"Popup": {"elements": [], "title": "Ok Step one: preheat the oven to 180 degrees.."}}], "_sender": "GuiBackend", "_reason": null, "event_type": "MESSAGE_TO_GUI"}
2017-10-24 13:24:29,980 - TdmApplication - DEBUG - FrontendConnectionHandler(id=140278037584208, session='2017-10-24T13_23_51_0'): OK
2017-10-24 13:24:29,985 - TdmApplication - DEBUG - FrontendConnectionHandler(id=140278037584208, session='2017-10-24T13_23_51_0').on_message({"content": ["Ok Step one: preheat the oven to 180 degrees.."], "_sender": "TextOutputComponent", "_reason": null, "event_type": "SYSTEM_UTTERANCE_REALIZED"})
2017-10-24 13:24:30,016 - TdmApplication - DEBUG - FrontendConnectionHandler(id=140278037584208, session='2017-10-24T13_23_51_0').on_event(Event(FACTS, [{predicate: say_step, grammar_entry: None, value: Step one: preheat the oven to 180 degrees.}], sender=DmeModule, reason=None))
2017-10-24 13:24:30,016 - TdmApplication - DEBUG - FrontendConnectionHandler(id=140278037584208, session='2017-10-24T13_23_51_0'): writing {"content": [{"predicate": "say_step", "grammar_entry": null, "value": "Step one: preheat the oven to 180 degrees."}], "_sender": "DmeModule", "_reason": null, "event_type": "FACTS"}
2017-10-24 13:24:30,016 - TdmApplication - DEBUG - FrontendConnectionHandler(id=140278037584208, session='2017-10-24T13_23_51_0'): OK
