2017-10-24 16:30:02,602 - TdmApplication - DEBUG - DddDb().__init__(name='ddds', default_ddds=[u'recipehelp'])
2017-10-24 16:30:02,602 - TdmApplication - DEBUG - DddDb(): DB file name is '/home/gusmatssar/recipedialogue/tdm/ddds.json'
2017-10-24 16:30:02,614 - TdmApplication - DEBUG - FrontendConnectionHandler(id=140685128288592, session=None).open()
2017-10-24 16:30:02,616 - TdmApplication - DEBUG - thread_manager.create_thread() with threading.active_count()=3
2017-10-24 16:30:02,617 - TdmApplication - DEBUG - FrontendConnectionHandler(id=140685128288592, session=None).on_message({"handshake_content": {"session_id": null, "keep_session_alive": false}, "name": "Frontend"})
2017-10-24 16:30:02,618 - TdmApplication - DEBUG - thread_manager.create_thread() with threading.active_count()=4
2017-10-24 16:30:02,618 - TdmApplication - DEBUG - FrontendConnectionHandler(id=140685128288592, session=None)._register({"handshake_content": {"session_id": null, "keep_session_alive": false}, "name": "Frontend"})
2017-10-24 16:30:02,619 - TdmApplication - DEBUG - Creating backend and session with id 2017-10-24T16_30_02_0.
2017-10-24 16:30:02,655 - TdmApplication - DEBUG - FrontendConnectionHandler._register: Registered in session 2017-10-24T16_30_02_0 with backend <ThreadedBackend(ThreadedBackend, started daemon 140685087000320)>.
2017-10-24 16:30:02,656 - TdmApplication - DEBUG - FrontendConnectionHandler(id=140685128288592, session='2017-10-24T16_30_02_0').on_event(Event(REGISTER_BACKEND, None, sender=Backend, reason=None))
2017-10-24 16:30:02,656 - TdmApplication - DEBUG - FrontendConnectionHandler(id=140685128288592, session='2017-10-24T16_30_02_0'): writing {"content": null, "_sender": "Backend", "_reason": null, "event_type": "REGISTER_BACKEND"}
2017-10-24 16:30:02,656 - TdmApplication - DEBUG - FrontendConnectionHandler(id=140685128288592, session='2017-10-24T16_30_02_0'): OK
2017-10-24 16:30:02,688 - TdmApplication - DEBUG - FrontendConnectionHandler(id=140685128288592, session='2017-10-24T16_30_02_0').on_message({"content": null, "_sender": "Frontend", "_reason": null, "event_type": "FRONTEND_READY"})
2017-10-24 16:30:02,690 - TdmApplication - DEBUG - FrontendConnectionHandler(id=140685128288592, session='2017-10-24T16_30_02_0').on_event(Event(BACKEND_READY, None, sender=Backend, reason=None))
2017-10-24 16:30:02,691 - TdmApplication - DEBUG - FrontendConnectionHandler(id=140685128288592, session='2017-10-24T16_30_02_0'): writing {"content": null, "_sender": "Backend", "_reason": null, "event_type": "BACKEND_READY"}
2017-10-24 16:30:02,691 - TdmApplication - DEBUG - FrontendConnectionHandler(id=140685128288592, session='2017-10-24T16_30_02_0'): OK
2017-10-24 16:30:02,696 - TdmApplication - DEBUG - FrontendConnectionHandler(id=140685128288592, session='2017-10-24T16_30_02_0').on_message({"content": null, "_sender": "Frontend", "_reason": null, "event_type": "START"})
2017-10-24 16:30:02,732 - TdmApplication - DEBUG - FrontendConnectionHandler(id=140685128288592, session='2017-10-24T16_30_02_0').on_event(Event(SET_DDD, {ddd_name: recipehelp, language_code: eng}, sender=DmeModule, reason=None))
2017-10-24 16:30:02,732 - TdmApplication - DEBUG - FrontendConnectionHandler(id=140685128288592, session='2017-10-24T16_30_02_0'): writing {"content": {"ddd_name": "recipehelp", "language_code": "eng"}, "_sender": "DmeModule", "_reason": null, "event_type": "SET_DDD"}
2017-10-24 16:30:02,732 - TdmApplication - DEBUG - FrontendConnectionHandler(id=140685128288592, session='2017-10-24T16_30_02_0'): OK
2017-10-24 16:30:02,733 - TdmApplication - DEBUG - FrontendConnectionHandler(id=140685128288592, session='2017-10-24T16_30_02_0').on_event(Event(FACTS, [], sender=DmeModule, reason=None))
2017-10-24 16:30:02,733 - TdmApplication - DEBUG - FrontendConnectionHandler(id=140685128288592, session='2017-10-24T16_30_02_0'): writing {"content": [], "_sender": "DmeModule", "_reason": null, "event_type": "FACTS"}
2017-10-24 16:30:02,734 - TdmApplication - DEBUG - FrontendConnectionHandler(id=140685128288592, session='2017-10-24T16_30_02_0'): OK
2017-10-24 16:30:02,745 - TdmApplication - DEBUG - FrontendConnectionHandler(id=140685128288592, session='2017-10-24T16_30_02_0').on_event(Event(SYSTEM_UTTERANCE_TO_SPEAK, [, What would you like to do?], sender=GenerateModule, reason=None))
2017-10-24 16:30:02,745 - TdmApplication - DEBUG - FrontendConnectionHandler(id=140685128288592, session='2017-10-24T16_30_02_0'): writing {"content": ["", "What would you like to do?"], "_sender": "GenerateModule", "_reason": null, "event_type": "SYSTEM_UTTERANCE_TO_SPEAK"}
2017-10-24 16:30:02,745 - TdmApplication - DEBUG - FrontendConnectionHandler(id=140685128288592, session='2017-10-24T16_30_02_0'): OK
2017-10-24 16:30:02,746 - TdmApplication - DEBUG - FrontendConnectionHandler(id=140685128288592, session='2017-10-24T16_30_02_0').on_event(Event(MESSAGE_TO_GUI, [], sender=GuiBackend, reason=None))
2017-10-24 16:30:02,746 - TdmApplication - DEBUG - FrontendConnectionHandler(id=140685128288592, session='2017-10-24T16_30_02_0'): writing {"content": [], "_sender": "GuiBackend", "_reason": null, "event_type": "MESSAGE_TO_GUI"}
2017-10-24 16:30:02,746 - TdmApplication - DEBUG - FrontendConnectionHandler(id=140685128288592, session='2017-10-24T16_30_02_0'): OK
2017-10-24 16:30:02,806 - TdmApplication - DEBUG - FrontendConnectionHandler(id=140685128288592, session='2017-10-24T16_30_02_0').on_message({"content": ["", "What would you like to do?"], "_sender": "TextOutputComponent", "_reason": null, "event_type": "SYSTEM_UTTERANCE_REALIZED"})
2017-10-24 16:30:02,828 - TdmApplication - DEBUG - FrontendConnectionHandler(id=140685128288592, session='2017-10-24T16_30_02_0').on_event(Event(FACTS, [], sender=DmeModule, reason=None))
2017-10-24 16:30:02,828 - TdmApplication - DEBUG - FrontendConnectionHandler(id=140685128288592, session='2017-10-24T16_30_02_0'): writing {"content": [], "_sender": "DmeModule", "_reason": null, "event_type": "FACTS"}
2017-10-24 16:30:02,828 - TdmApplication - DEBUG - FrontendConnectionHandler(id=140685128288592, session='2017-10-24T16_30_02_0'): OK
2017-10-24 16:30:06,915 - TdmApplication - DEBUG - FrontendConnectionHandler(id=140685128288592, session='2017-10-24T16_30_02_0').on_message({"content": [{"score": 1.0, "utterance": "go to a step"}], "_sender": "TextInputComponent", "_reason": null, "event_type": "RECOGNITION"})
2017-10-24 16:30:06,923 - TdmApplication - DEBUG - FrontendConnectionHandler(id=140685128288592, session='2017-10-24T16_30_02_0').on_event(Event(STOP_LISTENING, None, sender=TurnManager, reason=None))
2017-10-24 16:30:06,923 - TdmApplication - DEBUG - FrontendConnectionHandler(id=140685128288592, session='2017-10-24T16_30_02_0'): writing {"content": null, "_sender": "TurnManager", "_reason": null, "event_type": "STOP_LISTENING"}
2017-10-24 16:30:06,923 - TdmApplication - DEBUG - FrontendConnectionHandler(id=140685128288592, session='2017-10-24T16_30_02_0'): OK
2017-10-24 16:30:06,996 - TdmApplication - DEBUG - FrontendConnectionHandler(id=140685128288592, session='2017-10-24T16_30_02_0').on_event(Event(SELECTED_RECOGNITION, go to a step, sender=DmeModule, reason=None))
2017-10-24 16:30:06,996 - TdmApplication - DEBUG - FrontendConnectionHandler(id=140685128288592, session='2017-10-24T16_30_02_0'): writing {"content": "go to a step", "_sender": "DmeModule", "_reason": null, "event_type": "SELECTED_RECOGNITION"}
2017-10-24 16:30:06,996 - TdmApplication - DEBUG - FrontendConnectionHandler(id=140685128288592, session='2017-10-24T16_30_02_0'): OK
2017-10-24 16:30:06,997 - TdmApplication - DEBUG - FrontendConnectionHandler(id=140685128288592, session='2017-10-24T16_30_02_0').on_event(Event(FACTS, [], sender=DmeModule, reason=None))
2017-10-24 16:30:06,997 - TdmApplication - DEBUG - FrontendConnectionHandler(id=140685128288592, session='2017-10-24T16_30_02_0'): writing {"content": [], "_sender": "DmeModule", "_reason": null, "event_type": "FACTS"}
2017-10-24 16:30:06,998 - TdmApplication - DEBUG - FrontendConnectionHandler(id=140685128288592, session='2017-10-24T16_30_02_0'): OK
2017-10-24 16:30:07,011 - TdmApplication - DEBUG - FrontendConnectionHandler(id=140685128288592, session='2017-10-24T16_30_02_0').on_event(Event(SYSTEM_UTTERANCE_TO_SPEAK, [, , Which step?], sender=GenerateModule, reason=None))
2017-10-24 16:30:07,011 - TdmApplication - DEBUG - FrontendConnectionHandler(id=140685128288592, session='2017-10-24T16_30_02_0'): writing {"content": ["", "", "Which step?"], "_sender": "GenerateModule", "_reason": null, "event_type": "SYSTEM_UTTERANCE_TO_SPEAK"}
2017-10-24 16:30:07,012 - TdmApplication - DEBUG - FrontendConnectionHandler(id=140685128288592, session='2017-10-24T16_30_02_0'): OK
2017-10-24 16:30:07,013 - TdmApplication - DEBUG - FrontendConnectionHandler(id=140685128288592, session='2017-10-24T16_30_02_0').on_event(Event(MESSAGE_TO_GUI, [], sender=GuiBackend, reason=None))
2017-10-24 16:30:07,013 - TdmApplication - DEBUG - FrontendConnectionHandler(id=140685128288592, session='2017-10-24T16_30_02_0'): writing {"content": [], "_sender": "GuiBackend", "_reason": null, "event_type": "MESSAGE_TO_GUI"}
2017-10-24 16:30:07,013 - TdmApplication - DEBUG - FrontendConnectionHandler(id=140685128288592, session='2017-10-24T16_30_02_0'): OK
2017-10-24 16:30:07,017 - TdmApplication - DEBUG - FrontendConnectionHandler(id=140685128288592, session='2017-10-24T16_30_02_0').on_message({"content": ["", "", "Which step?"], "_sender": "TextOutputComponent", "_reason": null, "event_type": "SYSTEM_UTTERANCE_REALIZED"})
2017-10-24 16:30:07,049 - TdmApplication - DEBUG - FrontendConnectionHandler(id=140685128288592, session='2017-10-24T16_30_02_0').on_event(Event(FACTS, [], sender=DmeModule, reason=None))
2017-10-24 16:30:07,050 - TdmApplication - DEBUG - FrontendConnectionHandler(id=140685128288592, session='2017-10-24T16_30_02_0'): writing {"content": [], "_sender": "DmeModule", "_reason": null, "event_type": "FACTS"}
2017-10-24 16:30:07,050 - TdmApplication - DEBUG - FrontendConnectionHandler(id=140685128288592, session='2017-10-24T16_30_02_0'): OK
2017-10-24 16:30:10,289 - TdmApplication - DEBUG - FrontendConnectionHandler(id=140685128288592, session='2017-10-24T16_30_02_0').on_message({"content": [{"score": 1.0, "utterance": "step one"}], "_sender": "TextInputComponent", "_reason": null, "event_type": "RECOGNITION"})
2017-10-24 16:30:10,294 - TdmApplication - DEBUG - FrontendConnectionHandler(id=140685128288592, session='2017-10-24T16_30_02_0').on_event(Event(STOP_LISTENING, None, sender=TurnManager, reason=None))
2017-10-24 16:30:10,294 - TdmApplication - DEBUG - FrontendConnectionHandler(id=140685128288592, session='2017-10-24T16_30_02_0'): writing {"content": null, "_sender": "TurnManager", "_reason": null, "event_type": "STOP_LISTENING"}
2017-10-24 16:30:10,294 - TdmApplication - DEBUG - FrontendConnectionHandler(id=140685128288592, session='2017-10-24T16_30_02_0'): OK
2017-10-24 16:30:10,375 - TdmApplication - DEBUG - FrontendConnectionHandler(id=140685128288592, session='2017-10-24T16_30_02_0').on_event(Event(SELECTED_RECOGNITION, step one, sender=DmeModule, reason=None))
2017-10-24 16:30:10,375 - TdmApplication - DEBUG - FrontendConnectionHandler(id=140685128288592, session='2017-10-24T16_30_02_0'): writing {"content": "step one", "_sender": "DmeModule", "_reason": null, "event_type": "SELECTED_RECOGNITION"}
2017-10-24 16:30:10,375 - TdmApplication - DEBUG - FrontendConnectionHandler(id=140685128288592, session='2017-10-24T16_30_02_0'): OK
2017-10-24 16:30:10,377 - TdmApplication - DEBUG - FrontendConnectionHandler(id=140685128288592, session='2017-10-24T16_30_02_0').on_event(Event(FACTS, [{predicate: go_to_step, grammar_entry: None, value: chose step1}], sender=DmeModule, reason=None))
2017-10-24 16:30:10,377 - TdmApplication - DEBUG - FrontendConnectionHandler(id=140685128288592, session='2017-10-24T16_30_02_0'): writing {"content": [{"predicate": "go_to_step", "grammar_entry": null, "value": "chose step1"}], "_sender": "DmeModule", "_reason": null, "event_type": "FACTS"}
2017-10-24 16:30:10,377 - TdmApplication - DEBUG - FrontendConnectionHandler(id=140685128288592, session='2017-10-24T16_30_02_0'): OK
2017-10-24 16:30:10,386 - TdmApplication - DEBUG - FrontendConnectionHandler(id=140685128288592, session='2017-10-24T16_30_02_0').on_event(Event(SYSTEM_UTTERANCE_TO_SPEAK, [Ok chose step1.], sender=GenerateModule, reason=None))
2017-10-24 16:30:10,386 - TdmApplication - DEBUG - FrontendConnectionHandler(id=140685128288592, session='2017-10-24T16_30_02_0'): writing {"content": ["Ok chose step1."], "_sender": "GenerateModule", "_reason": null, "event_type": "SYSTEM_UTTERANCE_TO_SPEAK"}
2017-10-24 16:30:10,386 - TdmApplication - DEBUG - FrontendConnectionHandler(id=140685128288592, session='2017-10-24T16_30_02_0'): OK
2017-10-24 16:30:10,387 - TdmApplication - DEBUG - FrontendConnectionHandler(id=140685128288592, session='2017-10-24T16_30_02_0').on_event(Event(GUI.POPUP, {options: [], title: Ok chose step1.}, sender=IndependentGuiBackend, reason=None))
2017-10-24 16:30:10,387 - TdmApplication - DEBUG - FrontendConnectionHandler(id=140685128288592, session='2017-10-24T16_30_02_0'): writing {"content": {"options": [], "title": "Ok chose step1."}, "_sender": "IndependentGuiBackend", "_reason": null, "event_type": "GUI.POPUP"}
2017-10-24 16:30:10,387 - TdmApplication - DEBUG - FrontendConnectionHandler(id=140685128288592, session='2017-10-24T16_30_02_0'): OK
2017-10-24 16:30:10,388 - TdmApplication - DEBUG - FrontendConnectionHandler(id=140685128288592, session='2017-10-24T16_30_02_0').on_event(Event(MESSAGE_TO_GUI, [<tdm.tdm_gui_protocol.Popup instance at 0x7ff3cc1f0e18>], sender=GuiBackend, reason=None))
2017-10-24 16:30:10,388 - TdmApplication - DEBUG - FrontendConnectionHandler(id=140685128288592, session='2017-10-24T16_30_02_0'): writing {"content": [{"Popup": {"elements": [], "title": "Ok chose step1."}}], "_sender": "GuiBackend", "_reason": null, "event_type": "MESSAGE_TO_GUI"}
2017-10-24 16:30:10,388 - TdmApplication - DEBUG - FrontendConnectionHandler(id=140685128288592, session='2017-10-24T16_30_02_0'): OK
2017-10-24 16:30:10,409 - TdmApplication - DEBUG - FrontendConnectionHandler(id=140685128288592, session='2017-10-24T16_30_02_0').on_message({"content": ["Ok chose step1."], "_sender": "TextOutputComponent", "_reason": null, "event_type": "SYSTEM_UTTERANCE_REALIZED"})
2017-10-24 16:30:10,433 - TdmApplication - DEBUG - FrontendConnectionHandler(id=140685128288592, session='2017-10-24T16_30_02_0').on_event(Event(FACTS, [{predicate: go_to_step, grammar_entry: None, value: chose step1}], sender=DmeModule, reason=None))
2017-10-24 16:30:10,433 - TdmApplication - DEBUG - FrontendConnectionHandler(id=140685128288592, session='2017-10-24T16_30_02_0'): writing {"content": [{"predicate": "go_to_step", "grammar_entry": null, "value": "chose step1"}], "_sender": "DmeModule", "_reason": null, "event_type": "FACTS"}
2017-10-24 16:30:10,433 - TdmApplication - DEBUG - FrontendConnectionHandler(id=140685128288592, session='2017-10-24T16_30_02_0'): OK
2017-10-24 16:30:18,224 - TdmApplication - DEBUG - FrontendConnectionHandler(id=140685128288592, session='2017-10-24T16_30_02_0').on_message({"content": [{"score": 1.0, "utterance": "go to next"}], "_sender": "TextInputComponent", "_reason": null, "event_type": "RECOGNITION"})
2017-10-24 16:30:18,228 - TdmApplication - DEBUG - FrontendConnectionHandler(id=140685128288592, session='2017-10-24T16_30_02_0').on_event(Event(FACTS, [], sender=DmeModule, reason=None))
2017-10-24 16:30:18,228 - TdmApplication - DEBUG - FrontendConnectionHandler(id=140685128288592, session='2017-10-24T16_30_02_0'): writing {"content": [], "_sender": "DmeModule", "_reason": null, "event_type": "FACTS"}
2017-10-24 16:30:18,228 - TdmApplication - DEBUG - FrontendConnectionHandler(id=140685128288592, session='2017-10-24T16_30_02_0'): OK
2017-10-24 16:30:18,237 - TdmApplication - DEBUG - FrontendConnectionHandler(id=140685128288592, session='2017-10-24T16_30_02_0').on_event(Event(STOP_SPEAKING, None, sender=TurnManager, reason=None))
2017-10-24 16:30:18,237 - TdmApplication - DEBUG - FrontendConnectionHandler(id=140685128288592, session='2017-10-24T16_30_02_0'): writing {"content": null, "_sender": "TurnManager", "_reason": null, "event_type": "STOP_SPEAKING"}
2017-10-24 16:30:18,237 - TdmApplication - DEBUG - FrontendConnectionHandler(id=140685128288592, session='2017-10-24T16_30_02_0'): OK
2017-10-24 16:30:18,239 - TdmApplication - DEBUG - FrontendConnectionHandler(id=140685128288592, session='2017-10-24T16_30_02_0').on_event(Event(SYSTEM_UTTERANCE_TO_SPEAK, [Returning to the start view., What would you like to do?], sender=GenerateModule, reason=None))
2017-10-24 16:30:18,239 - TdmApplication - DEBUG - FrontendConnectionHandler(id=140685128288592, session='2017-10-24T16_30_02_0'): writing {"content": ["Returning to the start view.", "What would you like to do?"], "_sender": "GenerateModule", "_reason": null, "event_type": "SYSTEM_UTTERANCE_TO_SPEAK"}
2017-10-24 16:30:18,240 - TdmApplication - DEBUG - FrontendConnectionHandler(id=140685128288592, session='2017-10-24T16_30_02_0'): OK
2017-10-24 16:30:18,241 - TdmApplication - DEBUG - FrontendConnectionHandler(id=140685128288592, session='2017-10-24T16_30_02_0').on_event(Event(MESSAGE_TO_GUI, [<tdm.tdm_gui_protocol.ClosePopup instance at 0x7ff3cc217f80>], sender=GuiBackend, reason=None))
2017-10-24 16:30:18,241 - TdmApplication - DEBUG - FrontendConnectionHandler(id=140685128288592, session='2017-10-24T16_30_02_0'): writing {"content": [{"ClosePopup": {}}], "_sender": "GuiBackend", "_reason": null, "event_type": "MESSAGE_TO_GUI"}
2017-10-24 16:30:18,241 - TdmApplication - DEBUG - FrontendConnectionHandler(id=140685128288592, session='2017-10-24T16_30_02_0'): OK
2017-10-24 16:30:18,268 - TdmApplication - DEBUG - FrontendConnectionHandler(id=140685128288592, session='2017-10-24T16_30_02_0').on_message({"content": ["Returning to the start view.", "What would you like to do?"], "_sender": "TextOutputComponent", "_reason": null, "event_type": "SYSTEM_UTTERANCE_REALIZED"})
2017-10-24 16:30:18,291 - TdmApplication - DEBUG - FrontendConnectionHandler(id=140685128288592, session='2017-10-24T16_30_02_0').on_event(Event(FACTS, [], sender=DmeModule, reason=None))
2017-10-24 16:30:18,292 - TdmApplication - DEBUG - FrontendConnectionHandler(id=140685128288592, session='2017-10-24T16_30_02_0'): writing {"content": [], "_sender": "DmeModule", "_reason": null, "event_type": "FACTS"}
2017-10-24 16:30:18,292 - TdmApplication - DEBUG - FrontendConnectionHandler(id=140685128288592, session='2017-10-24T16_30_02_0'): OK
2017-10-24 16:30:18,362 - TdmApplication - DEBUG - FrontendConnectionHandler(id=140685128288592, session='2017-10-24T16_30_02_0').on_event(Event(SELECTED_RECOGNITION, go to next, sender=DmeModule, reason=None))
2017-10-24 16:30:18,362 - TdmApplication - DEBUG - FrontendConnectionHandler(id=140685128288592, session='2017-10-24T16_30_02_0'): writing {"content": "go to next", "_sender": "DmeModule", "_reason": null, "event_type": "SELECTED_RECOGNITION"}
2017-10-24 16:30:18,362 - TdmApplication - DEBUG - FrontendConnectionHandler(id=140685128288592, session='2017-10-24T16_30_02_0'): OK
2017-10-24 16:30:18,363 - TdmApplication - DEBUG - FrontendConnectionHandler(id=140685128288592, session='2017-10-24T16_30_02_0').on_event(Event(FACTS, [], sender=DmeModule, reason=None))
2017-10-24 16:30:18,363 - TdmApplication - DEBUG - FrontendConnectionHandler(id=140685128288592, session='2017-10-24T16_30_02_0'): writing {"content": [], "_sender": "DmeModule", "_reason": null, "event_type": "FACTS"}
2017-10-24 16:30:18,363 - TdmApplication - DEBUG - FrontendConnectionHandler(id=140685128288592, session='2017-10-24T16_30_02_0'): OK
2017-10-24 16:30:18,373 - TdmApplication - DEBUG - FrontendConnectionHandler(id=140685128288592, session='2017-10-24T16_30_02_0').on_event(Event(SYSTEM_UTTERANCE_TO_SPEAK, [, Went to next], sender=GenerateModule, reason=None))
2017-10-24 16:30:18,373 - TdmApplication - DEBUG - FrontendConnectionHandler(id=140685128288592, session='2017-10-24T16_30_02_0'): writing {"content": ["", "Went to next"], "_sender": "GenerateModule", "_reason": null, "event_type": "SYSTEM_UTTERANCE_TO_SPEAK"}
2017-10-24 16:30:18,373 - TdmApplication - DEBUG - FrontendConnectionHandler(id=140685128288592, session='2017-10-24T16_30_02_0'): OK
2017-10-24 16:30:18,374 - TdmApplication - DEBUG - FrontendConnectionHandler(id=140685128288592, session='2017-10-24T16_30_02_0').on_event(Event(GUI.POPUP, {options: [], title: Went to next}, sender=IndependentGuiBackend, reason=None))
2017-10-24 16:30:18,374 - TdmApplication - DEBUG - FrontendConnectionHandler(id=140685128288592, session='2017-10-24T16_30_02_0'): writing {"content": {"options": [], "title": "Went to next"}, "_sender": "IndependentGuiBackend", "_reason": null, "event_type": "GUI.POPUP"}
2017-10-24 16:30:18,374 - TdmApplication - DEBUG - FrontendConnectionHandler(id=140685128288592, session='2017-10-24T16_30_02_0'): OK
2017-10-24 16:30:18,375 - TdmApplication - DEBUG - FrontendConnectionHandler(id=140685128288592, session='2017-10-24T16_30_02_0').on_event(Event(MESSAGE_TO_GUI, [<tdm.tdm_gui_protocol.DeviceResult instance at 0x7ff3cc200dd0>, <tdm.tdm_gui_protocol.Popup instance at 0x7ff3cc200638>], sender=GuiBackend, reason=None))
2017-10-24 16:30:18,375 - TdmApplication - DEBUG - FrontendConnectionHandler(id=140685128288592, session='2017-10-24T16_30_02_0'): writing {"content": [{"DeviceResult": {"action": "go_to_next", "result": true, "arguments": {}, "failure_reason": null}}, {"Popup": {"elements": [], "title": "Went to next"}}], "_sender": "GuiBackend", "_reason": null, "event_type": "MESSAGE_TO_GUI"}
2017-10-24 16:30:18,376 - TdmApplication - DEBUG - FrontendConnectionHandler(id=140685128288592, session='2017-10-24T16_30_02_0'): OK
2017-10-24 16:30:18,394 - TdmApplication - DEBUG - FrontendConnectionHandler(id=140685128288592, session='2017-10-24T16_30_02_0').on_message({"content": ["", "Went to next"], "_sender": "TextOutputComponent", "_reason": null, "event_type": "SYSTEM_UTTERANCE_REALIZED"})
2017-10-24 16:30:18,448 - TdmApplication - DEBUG - FrontendConnectionHandler(id=140685128288592, session='2017-10-24T16_30_02_0').on_event(Event(FACTS, [], sender=DmeModule, reason=None))
2017-10-24 16:30:18,448 - TdmApplication - DEBUG - FrontendConnectionHandler(id=140685128288592, session='2017-10-24T16_30_02_0'): writing {"content": [], "_sender": "DmeModule", "_reason": null, "event_type": "FACTS"}
2017-10-24 16:30:18,448 - TdmApplication - DEBUG - FrontendConnectionHandler(id=140685128288592, session='2017-10-24T16_30_02_0'): OK
2017-10-24 16:30:18,457 - TdmApplication - DEBUG - FrontendConnectionHandler(id=140685128288592, session='2017-10-24T16_30_02_0').on_event(Event(SYSTEM_UTTERANCE_TO_SPEAK, [I'm sorry, something went wrong.], sender=GenerateModule, reason=None))
2017-10-24 16:30:18,458 - TdmApplication - DEBUG - FrontendConnectionHandler(id=140685128288592, session='2017-10-24T16_30_02_0'): writing {"content": ["I'm sorry, something went wrong."], "_sender": "GenerateModule", "_reason": null, "event_type": "SYSTEM_UTTERANCE_TO_SPEAK"}
2017-10-24 16:30:18,458 - TdmApplication - DEBUG - FrontendConnectionHandler(id=140685128288592, session='2017-10-24T16_30_02_0'): OK
2017-10-24 16:30:18,458 - TdmApplication - DEBUG - FrontendConnectionHandler(id=140685128288592, session='2017-10-24T16_30_02_0').on_event(Event(GUI.POPUP, {options: [], title: I'm sorry, something went wrong.}, sender=IndependentGuiBackend, reason=None))
2017-10-24 16:30:18,459 - TdmApplication - DEBUG - FrontendConnectionHandler(id=140685128288592, session='2017-10-24T16_30_02_0'): writing {"content": {"options": [], "title": "I'm sorry, something went wrong."}, "_sender": "IndependentGuiBackend", "_reason": null, "event_type": "GUI.POPUP"}
2017-10-24 16:30:18,459 - TdmApplication - DEBUG - FrontendConnectionHandler(id=140685128288592, session='2017-10-24T16_30_02_0'): OK
2017-10-24 16:30:18,460 - TdmApplication - DEBUG - FrontendConnectionHandler(id=140685128288592, session='2017-10-24T16_30_02_0').on_event(Event(MESSAGE_TO_GUI, [<tdm.tdm_gui_protocol.ClosePopup instance at 0x7ff3cc2007a0>, <tdm.tdm_gui_protocol.DeviceResult instance at 0x7ff3cc2005a8>, <tdm.tdm_gui_protocol.Popup instance at 0x7ff3cc200170>], sender=GuiBackend, reason=None))
2017-10-24 16:30:18,460 - TdmApplication - DEBUG - FrontendConnectionHandler(id=140685128288592, session='2017-10-24T16_30_02_0'): writing {"content": [{"ClosePopup": {}}, {"DeviceResult": {"action": "say_step", "result": false, "arguments": {}, "failure_reason": "undefined_failure"}}, {"Popup": {"elements": [], "title": "I'm sorry, something went wrong."}}], "_sender": "GuiBackend", "_reason": null, "event_type": "MESSAGE_TO_GUI"}
2017-10-24 16:30:18,460 - TdmApplication - DEBUG - FrontendConnectionHandler(id=140685128288592, session='2017-10-24T16_30_02_0'): OK
2017-10-24 16:30:18,505 - TdmApplication - DEBUG - FrontendConnectionHandler(id=140685128288592, session='2017-10-24T16_30_02_0').on_message({"content": ["I'm sorry, something went wrong."], "_sender": "TextOutputComponent", "_reason": null, "event_type": "SYSTEM_UTTERANCE_REALIZED"})
2017-10-24 16:30:18,525 - TdmApplication - DEBUG - FrontendConnectionHandler(id=140685128288592, session='2017-10-24T16_30_02_0').on_event(Event(FACTS, [], sender=DmeModule, reason=None))
2017-10-24 16:30:18,525 - TdmApplication - DEBUG - FrontendConnectionHandler(id=140685128288592, session='2017-10-24T16_30_02_0'): writing {"content": [], "_sender": "DmeModule", "_reason": null, "event_type": "FACTS"}
2017-10-24 16:30:18,525 - TdmApplication - DEBUG - FrontendConnectionHandler(id=140685128288592, session='2017-10-24T16_30_02_0'): OK
2017-10-24 16:30:24,850 - TdmApplication - DEBUG - FrontendConnectionHandler(id=140685128288592, session='2017-10-24T16_30_02_0').on_message({"content": [{"score": 1.0, "utterance": "what should i do"}], "_sender": "TextInputComponent", "_reason": null, "event_type": "RECOGNITION"})
2017-10-24 16:30:24,855 - TdmApplication - DEBUG - FrontendConnectionHandler(id=140685128288592, session='2017-10-24T16_30_02_0').on_event(Event(FACTS, [], sender=DmeModule, reason=None))
2017-10-24 16:30:24,855 - TdmApplication - DEBUG - FrontendConnectionHandler(id=140685128288592, session='2017-10-24T16_30_02_0'): writing {"content": [], "_sender": "DmeModule", "_reason": null, "event_type": "FACTS"}
2017-10-24 16:30:24,855 - TdmApplication - DEBUG - FrontendConnectionHandler(id=140685128288592, session='2017-10-24T16_30_02_0'): OK
2017-10-24 16:30:24,868 - TdmApplication - DEBUG - FrontendConnectionHandler(id=140685128288592, session='2017-10-24T16_30_02_0').on_event(Event(STOP_SPEAKING, None, sender=TurnManager, reason=None))
2017-10-24 16:30:24,868 - TdmApplication - DEBUG - FrontendConnectionHandler(id=140685128288592, session='2017-10-24T16_30_02_0'): writing {"content": null, "_sender": "TurnManager", "_reason": null, "event_type": "STOP_SPEAKING"}
2017-10-24 16:30:24,868 - TdmApplication - DEBUG - FrontendConnectionHandler(id=140685128288592, session='2017-10-24T16_30_02_0'): OK
2017-10-24 16:30:24,869 - TdmApplication - DEBUG - FrontendConnectionHandler(id=140685128288592, session='2017-10-24T16_30_02_0').on_event(Event(SYSTEM_UTTERANCE_TO_SPEAK, [Returning to tell me what to do., I'm sorry, something went wrong.], sender=GenerateModule, reason=None))
2017-10-24 16:30:24,869 - TdmApplication - DEBUG - FrontendConnectionHandler(id=140685128288592, session='2017-10-24T16_30_02_0'): writing {"content": ["Returning to tell me what to do.", "I'm sorry, something went wrong."], "_sender": "GenerateModule", "_reason": null, "event_type": "SYSTEM_UTTERANCE_TO_SPEAK"}
2017-10-24 16:30:24,870 - TdmApplication - DEBUG - FrontendConnectionHandler(id=140685128288592, session='2017-10-24T16_30_02_0'): OK
2017-10-24 16:30:24,870 - TdmApplication - DEBUG - FrontendConnectionHandler(id=140685128288592, session='2017-10-24T16_30_02_0').on_event(Event(GUI.POPUP, {options: [], title: I'm sorry, something went wrong.}, sender=IndependentGuiBackend, reason=None))
2017-10-24 16:30:24,871 - TdmApplication - DEBUG - FrontendConnectionHandler(id=140685128288592, session='2017-10-24T16_30_02_0'): writing {"content": {"options": [], "title": "I'm sorry, something went wrong."}, "_sender": "IndependentGuiBackend", "_reason": null, "event_type": "GUI.POPUP"}
2017-10-24 16:30:24,871 - TdmApplication - DEBUG - FrontendConnectionHandler(id=140685128288592, session='2017-10-24T16_30_02_0'): OK
2017-10-24 16:30:24,872 - TdmApplication - DEBUG - FrontendConnectionHandler(id=140685128288592, session='2017-10-24T16_30_02_0').on_event(Event(MESSAGE_TO_GUI, [<tdm.tdm_gui_protocol.DeviceResult instance at 0x7ff3cca42488>, <tdm.tdm_gui_protocol.Popup instance at 0x7ff3cca42908>], sender=GuiBackend, reason=None))
2017-10-24 16:30:24,872 - TdmApplication - DEBUG - FrontendConnectionHandler(id=140685128288592, session='2017-10-24T16_30_02_0'): writing {"content": [{"DeviceResult": {"action": "say_step", "result": false, "arguments": {}, "failure_reason": "undefined_failure"}}, {"Popup": {"elements": [], "title": "I'm sorry, something went wrong."}}], "_sender": "GuiBackend", "_reason": null, "event_type": "MESSAGE_TO_GUI"}
2017-10-24 16:30:24,872 - TdmApplication - DEBUG - FrontendConnectionHandler(id=140685128288592, session='2017-10-24T16_30_02_0'): OK
2017-10-24 16:30:24,879 - TdmApplication - DEBUG - FrontendConnectionHandler(id=140685128288592, session='2017-10-24T16_30_02_0').on_message({"content": ["Returning to tell me what to do.", "I'm sorry, something went wrong."], "_sender": "TextOutputComponent", "_reason": null, "event_type": "SYSTEM_UTTERANCE_REALIZED"})
2017-10-24 16:30:24,905 - TdmApplication - DEBUG - FrontendConnectionHandler(id=140685128288592, session='2017-10-24T16_30_02_0').on_event(Event(FACTS, [], sender=DmeModule, reason=None))
2017-10-24 16:30:24,905 - TdmApplication - DEBUG - FrontendConnectionHandler(id=140685128288592, session='2017-10-24T16_30_02_0'): writing {"content": [], "_sender": "DmeModule", "_reason": null, "event_type": "FACTS"}
2017-10-24 16:30:24,905 - TdmApplication - DEBUG - FrontendConnectionHandler(id=140685128288592, session='2017-10-24T16_30_02_0'): OK
2017-10-24 16:30:24,963 - TdmApplication - DEBUG - FrontendConnectionHandler(id=140685128288592, session='2017-10-24T16_30_02_0').on_event(Event(SELECTED_RECOGNITION, what should i do, sender=DmeModule, reason=None))
2017-10-24 16:30:24,963 - TdmApplication - DEBUG - FrontendConnectionHandler(id=140685128288592, session='2017-10-24T16_30_02_0'): writing {"content": "what should i do", "_sender": "DmeModule", "_reason": null, "event_type": "SELECTED_RECOGNITION"}
2017-10-24 16:30:24,963 - TdmApplication - DEBUG - FrontendConnectionHandler(id=140685128288592, session='2017-10-24T16_30_02_0'): OK
2017-10-24 16:30:24,964 - TdmApplication - DEBUG - FrontendConnectionHandler(id=140685128288592, session='2017-10-24T16_30_02_0').on_event(Event(FACTS, [], sender=DmeModule, reason=None))
2017-10-24 16:30:24,965 - TdmApplication - DEBUG - FrontendConnectionHandler(id=140685128288592, session='2017-10-24T16_30_02_0'): writing {"content": [], "_sender": "DmeModule", "_reason": null, "event_type": "FACTS"}
2017-10-24 16:30:24,965 - TdmApplication - DEBUG - FrontendConnectionHandler(id=140685128288592, session='2017-10-24T16_30_02_0'): OK
2017-10-24 16:30:24,976 - TdmApplication - DEBUG - FrontendConnectionHandler(id=140685128288592, session='2017-10-24T16_30_02_0').on_event(Event(SYSTEM_UTTERANCE_TO_SPEAK, [I'm sorry, something went wrong.], sender=GenerateModule, reason=None))
2017-10-24 16:30:24,976 - TdmApplication - DEBUG - FrontendConnectionHandler(id=140685128288592, session='2017-10-24T16_30_02_0'): writing {"content": ["I'm sorry, something went wrong."], "_sender": "GenerateModule", "_reason": null, "event_type": "SYSTEM_UTTERANCE_TO_SPEAK"}
2017-10-24 16:30:24,976 - TdmApplication - DEBUG - FrontendConnectionHandler(id=140685128288592, session='2017-10-24T16_30_02_0'): OK
2017-10-24 16:30:24,977 - TdmApplication - DEBUG - FrontendConnectionHandler(id=140685128288592, session='2017-10-24T16_30_02_0').on_event(Event(GUI.POPUP, {options: [], title: I'm sorry, something went wrong.}, sender=IndependentGuiBackend, reason=None))
2017-10-24 16:30:24,977 - TdmApplication - DEBUG - FrontendConnectionHandler(id=140685128288592, session='2017-10-24T16_30_02_0'): writing {"content": {"options": [], "title": "I'm sorry, something went wrong."}, "_sender": "IndependentGuiBackend", "_reason": null, "event_type": "GUI.POPUP"}
2017-10-24 16:30:24,978 - TdmApplication - DEBUG - FrontendConnectionHandler(id=140685128288592, session='2017-10-24T16_30_02_0'): OK
2017-10-24 16:30:24,980 - TdmApplication - DEBUG - FrontendConnectionHandler(id=140685128288592, session='2017-10-24T16_30_02_0').on_event(Event(MESSAGE_TO_GUI, [<tdm.tdm_gui_protocol.DeviceResult instance at 0x7ff3cca58170>, <tdm.tdm_gui_protocol.Popup instance at 0x7ff3cca58d88>], sender=GuiBackend, reason=None))
2017-10-24 16:30:24,981 - TdmApplication - DEBUG - FrontendConnectionHandler(id=140685128288592, session='2017-10-24T16_30_02_0'): writing {"content": [{"DeviceResult": {"action": "say_step", "result": false, "arguments": {}, "failure_reason": "undefined_failure"}}, {"Popup": {"elements": [], "title": "I'm sorry, something went wrong."}}], "_sender": "GuiBackend", "_reason": null, "event_type": "MESSAGE_TO_GUI"}
2017-10-24 16:30:24,982 - TdmApplication - DEBUG - FrontendConnectionHandler(id=140685128288592, session='2017-10-24T16_30_02_0').on_message({"content": ["I'm sorry, something went wrong."], "_sender": "TextOutputComponent", "_reason": null, "event_type": "SYSTEM_UTTERANCE_REALIZED"})
2017-10-24 16:30:24,982 - TdmApplication - DEBUG - FrontendConnectionHandler(id=140685128288592, session='2017-10-24T16_30_02_0'): OK
2017-10-24 16:30:25,006 - TdmApplication - DEBUG - FrontendConnectionHandler(id=140685128288592, session='2017-10-24T16_30_02_0').on_event(Event(FACTS, [], sender=DmeModule, reason=None))
2017-10-24 16:30:25,006 - TdmApplication - DEBUG - FrontendConnectionHandler(id=140685128288592, session='2017-10-24T16_30_02_0'): writing {"content": [], "_sender": "DmeModule", "_reason": null, "event_type": "FACTS"}
2017-10-24 16:30:25,006 - TdmApplication - DEBUG - FrontendConnectionHandler(id=140685128288592, session='2017-10-24T16_30_02_0'): OK
2017-10-24 16:32:18,173 - TdmApplication - DEBUG - FrontendConnectionHandler(id=140685128288592, session='2017-10-24T16_30_02_0').on_close()
2017-10-24 16:32:18,174 - TdmApplication - DEBUG - SessionManager.stop('2017-10-24T16_30_02_0')
2017-10-24 16:32:18,175 - TdmApplication - DEBUG - TdmApplication.stop(): Stopping HTTP server
2017-10-24 16:32:18,175 - TdmApplication - DEBUG - TdmApplication.stop(): Stopping IO-loop
2017-10-24 16:32:18,176 - TdmApplication - DEBUG - TdmApplication.stop(): Stopping sessions []
2017-10-24 16:32:18,178 - TdmApplication - DEBUG - FrontendConnectionHandler(id=140685128288592, session='2017-10-24T16_30_02_0').on_event(Event(FACTS, [], sender=DmeModule, reason=None))
2017-10-24 16:32:18,178 - TdmApplication - DEBUG - FrontendConnectionHandler(id=140685128288592, session='2017-10-24T16_30_02_0'): writing {"content": [], "_sender": "DmeModule", "_reason": null, "event_type": "FACTS"}
2017-10-24 16:32:18,179 - TdmApplication - DEBUG - FrontendConnectionHandler(id=140685128288592, session='2017-10-24T16_30_02_0'): OK
