2017-10-20 16:49:22,503 - TdmApplication - DEBUG - DddDb().__init__(name='ddds', default_ddds=[u'recipehelp'])
2017-10-20 16:49:22,504 - TdmApplication - DEBUG - DddDb(): DB file name is '/home/gusmatssar/recipedialogue/tdm/ddds.json'
2017-10-20 16:49:22,512 - TdmApplication - DEBUG - FrontendConnectionHandler(id=140474291038544, session=None).open()
2017-10-20 16:49:22,513 - TdmApplication - DEBUG - thread_manager.create_thread() with threading.active_count()=3
2017-10-20 16:49:22,514 - TdmApplication - DEBUG - FrontendConnectionHandler(id=140474291038544, session=None).on_message({"handshake_content": {"session_id": null, "keep_session_alive": false}, "name": "Frontend"})
2017-10-20 16:49:22,514 - TdmApplication - DEBUG - FrontendConnectionHandler(id=140474291038544, session=None)._register({"handshake_content": {"session_id": null, "keep_session_alive": false}, "name": "Frontend"})
2017-10-20 16:49:22,515 - TdmApplication - DEBUG - thread_manager.create_thread() with threading.active_count()=4
2017-10-20 16:49:22,516 - TdmApplication - DEBUG - Creating backend and session with id 2017-10-20T16_49_22_0.
2017-10-20 16:49:22,549 - TdmApplication - DEBUG - FrontendConnectionHandler._register: Registered in session 2017-10-20T16_49_22_0 with backend <ThreadedBackend(ThreadedBackend, started daemon 140474250012416)>.
2017-10-20 16:49:22,550 - TdmApplication - DEBUG - FrontendConnectionHandler(id=140474291038544, session='2017-10-20T16_49_22_0').on_event(Event(REGISTER_BACKEND, None, sender=Backend, reason=None))
2017-10-20 16:49:22,550 - TdmApplication - DEBUG - FrontendConnectionHandler(id=140474291038544, session='2017-10-20T16_49_22_0'): writing {"content": null, "_sender": "Backend", "_reason": null, "event_type": "REGISTER_BACKEND"}
2017-10-20 16:49:22,550 - TdmApplication - DEBUG - FrontendConnectionHandler(id=140474291038544, session='2017-10-20T16_49_22_0'): OK
2017-10-20 16:49:22,582 - TdmApplication - DEBUG - FrontendConnectionHandler(id=140474291038544, session='2017-10-20T16_49_22_0').on_message({"content": null, "_sender": "Frontend", "_reason": null, "event_type": "FRONTEND_READY"})
2017-10-20 16:49:22,585 - TdmApplication - DEBUG - FrontendConnectionHandler(id=140474291038544, session='2017-10-20T16_49_22_0').on_event(Event(BACKEND_READY, None, sender=Backend, reason=None))
2017-10-20 16:49:22,585 - TdmApplication - DEBUG - FrontendConnectionHandler(id=140474291038544, session='2017-10-20T16_49_22_0'): writing {"content": null, "_sender": "Backend", "_reason": null, "event_type": "BACKEND_READY"}
2017-10-20 16:49:22,585 - TdmApplication - DEBUG - FrontendConnectionHandler(id=140474291038544, session='2017-10-20T16_49_22_0'): OK
2017-10-20 16:49:22,587 - TdmApplication - DEBUG - FrontendConnectionHandler(id=140474291038544, session='2017-10-20T16_49_22_0').on_message({"content": null, "_sender": "Frontend", "_reason": null, "event_type": "START"})
2017-10-20 16:49:22,624 - TdmApplication - DEBUG - FrontendConnectionHandler(id=140474291038544, session='2017-10-20T16_49_22_0').on_event(Event(SET_DDD, {ddd_name: recipehelp, language_code: eng}, sender=DmeModule, reason=None))
2017-10-20 16:49:22,624 - TdmApplication - DEBUG - FrontendConnectionHandler(id=140474291038544, session='2017-10-20T16_49_22_0'): writing {"content": {"ddd_name": "recipehelp", "language_code": "eng"}, "_sender": "DmeModule", "_reason": null, "event_type": "SET_DDD"}
2017-10-20 16:49:22,624 - TdmApplication - DEBUG - FrontendConnectionHandler(id=140474291038544, session='2017-10-20T16_49_22_0'): OK
2017-10-20 16:49:22,625 - TdmApplication - DEBUG - FrontendConnectionHandler(id=140474291038544, session='2017-10-20T16_49_22_0').on_event(Event(FACTS, [], sender=DmeModule, reason=None))
2017-10-20 16:49:22,625 - TdmApplication - DEBUG - FrontendConnectionHandler(id=140474291038544, session='2017-10-20T16_49_22_0'): writing {"content": [], "_sender": "DmeModule", "_reason": null, "event_type": "FACTS"}
2017-10-20 16:49:22,626 - TdmApplication - DEBUG - FrontendConnectionHandler(id=140474291038544, session='2017-10-20T16_49_22_0'): OK
2017-10-20 16:49:22,633 - TdmApplication - DEBUG - FrontendConnectionHandler(id=140474291038544, session='2017-10-20T16_49_22_0').on_event(Event(SYSTEM_UTTERANCE_TO_SPEAK, [, What would you like to do?], sender=GenerateModule, reason=None))
2017-10-20 16:49:22,633 - TdmApplication - DEBUG - FrontendConnectionHandler(id=140474291038544, session='2017-10-20T16_49_22_0'): writing {"content": ["", "What would you like to do?"], "_sender": "GenerateModule", "_reason": null, "event_type": "SYSTEM_UTTERANCE_TO_SPEAK"}
2017-10-20 16:49:22,634 - TdmApplication - DEBUG - FrontendConnectionHandler(id=140474291038544, session='2017-10-20T16_49_22_0'): OK
2017-10-20 16:49:22,634 - TdmApplication - DEBUG - FrontendConnectionHandler(id=140474291038544, session='2017-10-20T16_49_22_0').on_event(Event(MESSAGE_TO_GUI, [], sender=GuiBackend, reason=None))
2017-10-20 16:49:22,634 - TdmApplication - DEBUG - FrontendConnectionHandler(id=140474291038544, session='2017-10-20T16_49_22_0'): writing {"content": [], "_sender": "GuiBackend", "_reason": null, "event_type": "MESSAGE_TO_GUI"}
2017-10-20 16:49:22,634 - TdmApplication - DEBUG - FrontendConnectionHandler(id=140474291038544, session='2017-10-20T16_49_22_0'): OK
2017-10-20 16:49:22,674 - TdmApplication - DEBUG - FrontendConnectionHandler(id=140474291038544, session='2017-10-20T16_49_22_0').on_message({"content": ["", "What would you like to do?"], "_sender": "TextOutputComponent", "_reason": null, "event_type": "SYSTEM_UTTERANCE_REALIZED"})
2017-10-20 16:49:22,696 - TdmApplication - DEBUG - FrontendConnectionHandler(id=140474291038544, session='2017-10-20T16_49_22_0').on_event(Event(FACTS, [], sender=DmeModule, reason=None))
2017-10-20 16:49:22,696 - TdmApplication - DEBUG - FrontendConnectionHandler(id=140474291038544, session='2017-10-20T16_49_22_0'): writing {"content": [], "_sender": "DmeModule", "_reason": null, "event_type": "FACTS"}
2017-10-20 16:49:22,696 - TdmApplication - DEBUG - FrontendConnectionHandler(id=140474291038544, session='2017-10-20T16_49_22_0'): OK
2017-10-20 16:49:26,998 - TdmApplication - DEBUG - FrontendConnectionHandler(id=140474291038544, session='2017-10-20T16_49_22_0').on_message({"content": [{"score": 1.0, "utterance": "go to a step"}], "_sender": "TextInputComponent", "_reason": null, "event_type": "RECOGNITION"})
2017-10-20 16:49:27,007 - TdmApplication - DEBUG - FrontendConnectionHandler(id=140474291038544, session='2017-10-20T16_49_22_0').on_event(Event(STOP_LISTENING, None, sender=TurnManager, reason=None))
2017-10-20 16:49:27,007 - TdmApplication - DEBUG - FrontendConnectionHandler(id=140474291038544, session='2017-10-20T16_49_22_0'): writing {"content": null, "_sender": "TurnManager", "_reason": null, "event_type": "STOP_LISTENING"}
2017-10-20 16:49:27,007 - TdmApplication - DEBUG - FrontendConnectionHandler(id=140474291038544, session='2017-10-20T16_49_22_0'): OK
2017-10-20 16:49:27,081 - TdmApplication - DEBUG - FrontendConnectionHandler(id=140474291038544, session='2017-10-20T16_49_22_0').on_event(Event(SELECTED_RECOGNITION, go to a step, sender=DmeModule, reason=None))
2017-10-20 16:49:27,082 - TdmApplication - DEBUG - FrontendConnectionHandler(id=140474291038544, session='2017-10-20T16_49_22_0'): writing {"content": "go to a step", "_sender": "DmeModule", "_reason": null, "event_type": "SELECTED_RECOGNITION"}
2017-10-20 16:49:27,082 - TdmApplication - DEBUG - FrontendConnectionHandler(id=140474291038544, session='2017-10-20T16_49_22_0'): OK
2017-10-20 16:49:27,082 - TdmApplication - DEBUG - FrontendConnectionHandler(id=140474291038544, session='2017-10-20T16_49_22_0').on_event(Event(FACTS, [], sender=DmeModule, reason=None))
2017-10-20 16:49:27,083 - TdmApplication - DEBUG - FrontendConnectionHandler(id=140474291038544, session='2017-10-20T16_49_22_0'): writing {"content": [], "_sender": "DmeModule", "_reason": null, "event_type": "FACTS"}
2017-10-20 16:49:27,083 - TdmApplication - DEBUG - FrontendConnectionHandler(id=140474291038544, session='2017-10-20T16_49_22_0'): OK
2017-10-20 16:49:27,094 - TdmApplication - DEBUG - FrontendConnectionHandler(id=140474291038544, session='2017-10-20T16_49_22_0').on_event(Event(SYSTEM_UTTERANCE_TO_SPEAK, [, , Which step?], sender=GenerateModule, reason=None))
2017-10-20 16:49:27,094 - TdmApplication - DEBUG - FrontendConnectionHandler(id=140474291038544, session='2017-10-20T16_49_22_0'): writing {"content": ["", "", "Which step?"], "_sender": "GenerateModule", "_reason": null, "event_type": "SYSTEM_UTTERANCE_TO_SPEAK"}
2017-10-20 16:49:27,094 - TdmApplication - DEBUG - FrontendConnectionHandler(id=140474291038544, session='2017-10-20T16_49_22_0'): OK
2017-10-20 16:49:27,095 - TdmApplication - DEBUG - FrontendConnectionHandler(id=140474291038544, session='2017-10-20T16_49_22_0').on_event(Event(MESSAGE_TO_GUI, [], sender=GuiBackend, reason=None))
2017-10-20 16:49:27,095 - TdmApplication - DEBUG - FrontendConnectionHandler(id=140474291038544, session='2017-10-20T16_49_22_0'): writing {"content": [], "_sender": "GuiBackend", "_reason": null, "event_type": "MESSAGE_TO_GUI"}
2017-10-20 16:49:27,095 - TdmApplication - DEBUG - FrontendConnectionHandler(id=140474291038544, session='2017-10-20T16_49_22_0'): OK
2017-10-20 16:49:27,111 - TdmApplication - DEBUG - FrontendConnectionHandler(id=140474291038544, session='2017-10-20T16_49_22_0').on_message({"content": ["", "", "Which step?"], "_sender": "TextOutputComponent", "_reason": null, "event_type": "SYSTEM_UTTERANCE_REALIZED"})
2017-10-20 16:49:27,143 - TdmApplication - DEBUG - FrontendConnectionHandler(id=140474291038544, session='2017-10-20T16_49_22_0').on_event(Event(FACTS, [], sender=DmeModule, reason=None))
2017-10-20 16:49:27,143 - TdmApplication - DEBUG - FrontendConnectionHandler(id=140474291038544, session='2017-10-20T16_49_22_0'): writing {"content": [], "_sender": "DmeModule", "_reason": null, "event_type": "FACTS"}
2017-10-20 16:49:27,143 - TdmApplication - DEBUG - FrontendConnectionHandler(id=140474291038544, session='2017-10-20T16_49_22_0'): OK
2017-10-20 16:49:31,440 - TdmApplication - DEBUG - FrontendConnectionHandler(id=140474291038544, session='2017-10-20T16_49_22_0').on_message({"content": [{"score": 1.0, "utterance": "step one"}], "_sender": "TextInputComponent", "_reason": null, "event_type": "RECOGNITION"})
2017-10-20 16:49:31,445 - TdmApplication - DEBUG - FrontendConnectionHandler(id=140474291038544, session='2017-10-20T16_49_22_0').on_event(Event(STOP_LISTENING, None, sender=TurnManager, reason=None))
2017-10-20 16:49:31,445 - TdmApplication - DEBUG - FrontendConnectionHandler(id=140474291038544, session='2017-10-20T16_49_22_0'): writing {"content": null, "_sender": "TurnManager", "_reason": null, "event_type": "STOP_LISTENING"}
2017-10-20 16:49:31,446 - TdmApplication - DEBUG - FrontendConnectionHandler(id=140474291038544, session='2017-10-20T16_49_22_0'): OK
2017-10-20 16:49:31,531 - TdmApplication - DEBUG - FrontendConnectionHandler(id=140474291038544, session='2017-10-20T16_49_22_0').on_event(Event(SELECTED_RECOGNITION, step one, sender=DmeModule, reason=None))
2017-10-20 16:49:31,531 - TdmApplication - DEBUG - FrontendConnectionHandler(id=140474291038544, session='2017-10-20T16_49_22_0'): writing {"content": "step one", "_sender": "DmeModule", "_reason": null, "event_type": "SELECTED_RECOGNITION"}
2017-10-20 16:49:31,531 - TdmApplication - DEBUG - FrontendConnectionHandler(id=140474291038544, session='2017-10-20T16_49_22_0'): OK
2017-10-20 16:49:31,532 - TdmApplication - DEBUG - FrontendConnectionHandler(id=140474291038544, session='2017-10-20T16_49_22_0').on_event(Event(FACTS, [{predicate: go_to_step, grammar_entry: None, value:  Step one: Chop onions and garlic.}], sender=DmeModule, reason=None))
2017-10-20 16:49:31,532 - TdmApplication - DEBUG - FrontendConnectionHandler(id=140474291038544, session='2017-10-20T16_49_22_0'): writing {"content": [{"predicate": "go_to_step", "grammar_entry": null, "value": " Step one: Chop onions and garlic."}], "_sender": "DmeModule", "_reason": null, "event_type": "FACTS"}
2017-10-20 16:49:31,533 - TdmApplication - DEBUG - FrontendConnectionHandler(id=140474291038544, session='2017-10-20T16_49_22_0'): OK
2017-10-20 16:49:31,541 - TdmApplication - DEBUG - FrontendConnectionHandler(id=140474291038544, session='2017-10-20T16_49_22_0').on_event(Event(SYSTEM_UTTERANCE_TO_SPEAK, [Ok  Step one: Chop onions and garlic..], sender=GenerateModule, reason=None))
2017-10-20 16:49:31,541 - TdmApplication - DEBUG - FrontendConnectionHandler(id=140474291038544, session='2017-10-20T16_49_22_0'): writing {"content": ["Ok  Step one: Chop onions and garlic.."], "_sender": "GenerateModule", "_reason": null, "event_type": "SYSTEM_UTTERANCE_TO_SPEAK"}
2017-10-20 16:49:31,541 - TdmApplication - DEBUG - FrontendConnectionHandler(id=140474291038544, session='2017-10-20T16_49_22_0'): OK
2017-10-20 16:49:31,543 - TdmApplication - DEBUG - FrontendConnectionHandler(id=140474291038544, session='2017-10-20T16_49_22_0').on_event(Event(GUI.POPUP, {options: [], title: Ok  Step one: Chop onions and garlic..}, sender=IndependentGuiBackend, reason=None))
2017-10-20 16:49:31,543 - TdmApplication - DEBUG - FrontendConnectionHandler(id=140474291038544, session='2017-10-20T16_49_22_0'): writing {"content": {"options": [], "title": "Ok  Step one: Chop onions and garlic.."}, "_sender": "IndependentGuiBackend", "_reason": null, "event_type": "GUI.POPUP"}
2017-10-20 16:49:31,543 - TdmApplication - DEBUG - FrontendConnectionHandler(id=140474291038544, session='2017-10-20T16_49_22_0'): OK
2017-10-20 16:49:31,544 - TdmApplication - DEBUG - FrontendConnectionHandler(id=140474291038544, session='2017-10-20T16_49_22_0').on_event(Event(MESSAGE_TO_GUI, [<tdm.tdm_gui_protocol.Popup instance at 0x7fc2b5c8a830>], sender=GuiBackend, reason=None))
2017-10-20 16:49:31,544 - TdmApplication - DEBUG - FrontendConnectionHandler(id=140474291038544, session='2017-10-20T16_49_22_0'): writing {"content": [{"Popup": {"elements": [], "title": "Ok  Step one: Chop onions and garlic.."}}], "_sender": "GuiBackend", "_reason": null, "event_type": "MESSAGE_TO_GUI"}
2017-10-20 16:49:31,544 - TdmApplication - DEBUG - FrontendConnectionHandler(id=140474291038544, session='2017-10-20T16_49_22_0'): OK
2017-10-20 16:49:31,559 - TdmApplication - DEBUG - FrontendConnectionHandler(id=140474291038544, session='2017-10-20T16_49_22_0').on_message({"content": ["Ok  Step one: Chop onions and garlic.."], "_sender": "TextOutputComponent", "_reason": null, "event_type": "SYSTEM_UTTERANCE_REALIZED"})
2017-10-20 16:49:31,586 - TdmApplication - DEBUG - FrontendConnectionHandler(id=140474291038544, session='2017-10-20T16_49_22_0').on_event(Event(FACTS, [{predicate: go_to_step, grammar_entry: None, value:  Step one: Chop onions and garlic.}], sender=DmeModule, reason=None))
2017-10-20 16:49:31,586 - TdmApplication - DEBUG - FrontendConnectionHandler(id=140474291038544, session='2017-10-20T16_49_22_0'): writing {"content": [{"predicate": "go_to_step", "grammar_entry": null, "value": " Step one: Chop onions and garlic."}], "_sender": "DmeModule", "_reason": null, "event_type": "FACTS"}
2017-10-20 16:49:31,586 - TdmApplication - DEBUG - FrontendConnectionHandler(id=140474291038544, session='2017-10-20T16_49_22_0'): OK
2017-10-20 16:49:37,147 - TdmApplication - DEBUG - FrontendConnectionHandler(id=140474291038544, session='2017-10-20T16_49_22_0').on_message({"content": [{"score": 1.0, "utterance": "go to next"}], "_sender": "TextInputComponent", "_reason": null, "event_type": "RECOGNITION"})
2017-10-20 16:49:37,151 - TdmApplication - DEBUG - FrontendConnectionHandler(id=140474291038544, session='2017-10-20T16_49_22_0').on_event(Event(FACTS, [], sender=DmeModule, reason=None))
2017-10-20 16:49:37,151 - TdmApplication - DEBUG - FrontendConnectionHandler(id=140474291038544, session='2017-10-20T16_49_22_0'): writing {"content": [], "_sender": "DmeModule", "_reason": null, "event_type": "FACTS"}
2017-10-20 16:49:37,152 - TdmApplication - DEBUG - FrontendConnectionHandler(id=140474291038544, session='2017-10-20T16_49_22_0'): OK
2017-10-20 16:49:37,161 - TdmApplication - DEBUG - FrontendConnectionHandler(id=140474291038544, session='2017-10-20T16_49_22_0').on_event(Event(STOP_SPEAKING, None, sender=TurnManager, reason=None))
2017-10-20 16:49:37,161 - TdmApplication - DEBUG - FrontendConnectionHandler(id=140474291038544, session='2017-10-20T16_49_22_0'): writing {"content": null, "_sender": "TurnManager", "_reason": null, "event_type": "STOP_SPEAKING"}
2017-10-20 16:49:37,161 - TdmApplication - DEBUG - FrontendConnectionHandler(id=140474291038544, session='2017-10-20T16_49_22_0'): OK
2017-10-20 16:49:37,162 - TdmApplication - DEBUG - FrontendConnectionHandler(id=140474291038544, session='2017-10-20T16_49_22_0').on_event(Event(SYSTEM_UTTERANCE_TO_SPEAK, [Returning to the start view., What would you like to do?], sender=GenerateModule, reason=None))
2017-10-20 16:49:37,162 - TdmApplication - DEBUG - FrontendConnectionHandler(id=140474291038544, session='2017-10-20T16_49_22_0'): writing {"content": ["Returning to the start view.", "What would you like to do?"], "_sender": "GenerateModule", "_reason": null, "event_type": "SYSTEM_UTTERANCE_TO_SPEAK"}
2017-10-20 16:49:37,162 - TdmApplication - DEBUG - FrontendConnectionHandler(id=140474291038544, session='2017-10-20T16_49_22_0'): OK
2017-10-20 16:49:37,163 - TdmApplication - DEBUG - FrontendConnectionHandler(id=140474291038544, session='2017-10-20T16_49_22_0').on_event(Event(MESSAGE_TO_GUI, [<tdm.tdm_gui_protocol.ClosePopup instance at 0x7fc2b5443f38>], sender=GuiBackend, reason=None))
2017-10-20 16:49:37,163 - TdmApplication - DEBUG - FrontendConnectionHandler(id=140474291038544, session='2017-10-20T16_49_22_0'): writing {"content": [{"ClosePopup": {}}], "_sender": "GuiBackend", "_reason": null, "event_type": "MESSAGE_TO_GUI"}
2017-10-20 16:49:37,164 - TdmApplication - DEBUG - FrontendConnectionHandler(id=140474291038544, session='2017-10-20T16_49_22_0'): OK
2017-10-20 16:49:37,169 - TdmApplication - DEBUG - FrontendConnectionHandler(id=140474291038544, session='2017-10-20T16_49_22_0').on_message({"content": ["Returning to the start view.", "What would you like to do?"], "_sender": "TextOutputComponent", "_reason": null, "event_type": "SYSTEM_UTTERANCE_REALIZED"})
2017-10-20 16:49:37,196 - TdmApplication - DEBUG - FrontendConnectionHandler(id=140474291038544, session='2017-10-20T16_49_22_0').on_event(Event(FACTS, [], sender=DmeModule, reason=None))
2017-10-20 16:49:37,196 - TdmApplication - DEBUG - FrontendConnectionHandler(id=140474291038544, session='2017-10-20T16_49_22_0'): writing {"content": [], "_sender": "DmeModule", "_reason": null, "event_type": "FACTS"}
2017-10-20 16:49:37,196 - TdmApplication - DEBUG - FrontendConnectionHandler(id=140474291038544, session='2017-10-20T16_49_22_0'): OK
2017-10-20 16:49:37,266 - TdmApplication - DEBUG - FrontendConnectionHandler(id=140474291038544, session='2017-10-20T16_49_22_0').on_event(Event(SELECTED_RECOGNITION, go to next, sender=DmeModule, reason=None))
2017-10-20 16:49:37,267 - TdmApplication - DEBUG - FrontendConnectionHandler(id=140474291038544, session='2017-10-20T16_49_22_0'): writing {"content": "go to next", "_sender": "DmeModule", "_reason": null, "event_type": "SELECTED_RECOGNITION"}
2017-10-20 16:49:37,267 - TdmApplication - DEBUG - FrontendConnectionHandler(id=140474291038544, session='2017-10-20T16_49_22_0'): OK
2017-10-20 16:49:37,268 - TdmApplication - DEBUG - FrontendConnectionHandler(id=140474291038544, session='2017-10-20T16_49_22_0').on_event(Event(FACTS, [], sender=DmeModule, reason=None))
2017-10-20 16:49:37,268 - TdmApplication - DEBUG - FrontendConnectionHandler(id=140474291038544, session='2017-10-20T16_49_22_0'): writing {"content": [], "_sender": "DmeModule", "_reason": null, "event_type": "FACTS"}
2017-10-20 16:49:37,268 - TdmApplication - DEBUG - FrontendConnectionHandler(id=140474291038544, session='2017-10-20T16_49_22_0'): OK
2017-10-20 16:49:37,278 - TdmApplication - DEBUG - FrontendConnectionHandler(id=140474291038544, session='2017-10-20T16_49_22_0').on_event(Event(SYSTEM_UTTERANCE_TO_SPEAK, [, Went to next], sender=GenerateModule, reason=None))
2017-10-20 16:49:37,278 - TdmApplication - DEBUG - FrontendConnectionHandler(id=140474291038544, session='2017-10-20T16_49_22_0'): writing {"content": ["", "Went to next"], "_sender": "GenerateModule", "_reason": null, "event_type": "SYSTEM_UTTERANCE_TO_SPEAK"}
2017-10-20 16:49:37,278 - TdmApplication - DEBUG - FrontendConnectionHandler(id=140474291038544, session='2017-10-20T16_49_22_0'): OK
2017-10-20 16:49:37,279 - TdmApplication - DEBUG - FrontendConnectionHandler(id=140474291038544, session='2017-10-20T16_49_22_0').on_event(Event(GUI.POPUP, {options: [], title: Went to next}, sender=IndependentGuiBackend, reason=None))
2017-10-20 16:49:37,279 - TdmApplication - DEBUG - FrontendConnectionHandler(id=140474291038544, session='2017-10-20T16_49_22_0'): writing {"content": {"options": [], "title": "Went to next"}, "_sender": "IndependentGuiBackend", "_reason": null, "event_type": "GUI.POPUP"}
2017-10-20 16:49:37,279 - TdmApplication - DEBUG - FrontendConnectionHandler(id=140474291038544, session='2017-10-20T16_49_22_0'): OK
2017-10-20 16:49:37,280 - TdmApplication - DEBUG - FrontendConnectionHandler(id=140474291038544, session='2017-10-20T16_49_22_0').on_event(Event(MESSAGE_TO_GUI, [<tdm.tdm_gui_protocol.DeviceResult instance at 0x7fc2b5c86878>, <tdm.tdm_gui_protocol.Popup instance at 0x7fc2b54423f8>], sender=GuiBackend, reason=None))
2017-10-20 16:49:37,280 - TdmApplication - DEBUG - FrontendConnectionHandler(id=140474291038544, session='2017-10-20T16_49_22_0'): writing {"content": [{"DeviceResult": {"action": "go_to_next", "result": true, "arguments": {}, "failure_reason": null}}, {"Popup": {"elements": [], "title": "Went to next"}}], "_sender": "GuiBackend", "_reason": null, "event_type": "MESSAGE_TO_GUI"}
2017-10-20 16:49:37,280 - TdmApplication - DEBUG - FrontendConnectionHandler(id=140474291038544, session='2017-10-20T16_49_22_0'): OK
2017-10-20 16:49:37,290 - TdmApplication - DEBUG - FrontendConnectionHandler(id=140474291038544, session='2017-10-20T16_49_22_0').on_message({"content": ["", "Went to next"], "_sender": "TextOutputComponent", "_reason": null, "event_type": "SYSTEM_UTTERANCE_REALIZED"})
2017-10-20 16:49:37,321 - TdmApplication - DEBUG - FrontendConnectionHandler(id=140474291038544, session='2017-10-20T16_49_22_0').on_event(Event(FACTS, [], sender=DmeModule, reason=None))
2017-10-20 16:49:37,321 - TdmApplication - DEBUG - FrontendConnectionHandler(id=140474291038544, session='2017-10-20T16_49_22_0'): writing {"content": [], "_sender": "DmeModule", "_reason": null, "event_type": "FACTS"}
2017-10-20 16:49:37,322 - TdmApplication - DEBUG - FrontendConnectionHandler(id=140474291038544, session='2017-10-20T16_49_22_0'): OK
2017-10-20 16:49:43,842 - TdmApplication - DEBUG - FrontendConnectionHandler(id=140474291038544, session='2017-10-20T16_49_22_0').on_message({"content": [{"score": 1.0, "utterance": "go to next"}], "_sender": "TextInputComponent", "_reason": null, "event_type": "RECOGNITION"})
2017-10-20 16:49:43,845 - TdmApplication - DEBUG - FrontendConnectionHandler(id=140474291038544, session='2017-10-20T16_49_22_0').on_event(Event(FACTS, [], sender=DmeModule, reason=None))
2017-10-20 16:49:43,845 - TdmApplication - DEBUG - FrontendConnectionHandler(id=140474291038544, session='2017-10-20T16_49_22_0'): writing {"content": [], "_sender": "DmeModule", "_reason": null, "event_type": "FACTS"}
2017-10-20 16:49:43,845 - TdmApplication - DEBUG - FrontendConnectionHandler(id=140474291038544, session='2017-10-20T16_49_22_0'): OK
2017-10-20 16:49:43,855 - TdmApplication - DEBUG - FrontendConnectionHandler(id=140474291038544, session='2017-10-20T16_49_22_0').on_event(Event(STOP_SPEAKING, None, sender=TurnManager, reason=None))
2017-10-20 16:49:43,855 - TdmApplication - DEBUG - FrontendConnectionHandler(id=140474291038544, session='2017-10-20T16_49_22_0'): writing {"content": null, "_sender": "TurnManager", "_reason": null, "event_type": "STOP_SPEAKING"}
2017-10-20 16:49:43,855 - TdmApplication - DEBUG - FrontendConnectionHandler(id=140474291038544, session='2017-10-20T16_49_22_0'): OK
2017-10-20 16:49:43,856 - TdmApplication - DEBUG - FrontendConnectionHandler(id=140474291038544, session='2017-10-20T16_49_22_0').on_event(Event(SYSTEM_UTTERANCE_TO_SPEAK, [Returning to the start view., What would you like to do?], sender=GenerateModule, reason=None))
2017-10-20 16:49:43,856 - TdmApplication - DEBUG - FrontendConnectionHandler(id=140474291038544, session='2017-10-20T16_49_22_0'): writing {"content": ["Returning to the start view.", "What would you like to do?"], "_sender": "GenerateModule", "_reason": null, "event_type": "SYSTEM_UTTERANCE_TO_SPEAK"}
2017-10-20 16:49:43,857 - TdmApplication - DEBUG - FrontendConnectionHandler(id=140474291038544, session='2017-10-20T16_49_22_0'): OK
2017-10-20 16:49:43,859 - TdmApplication - DEBUG - FrontendConnectionHandler(id=140474291038544, session='2017-10-20T16_49_22_0').on_event(Event(MESSAGE_TO_GUI, [<tdm.tdm_gui_protocol.ClosePopup instance at 0x7fc2b5442ea8>], sender=GuiBackend, reason=None))
2017-10-20 16:49:43,860 - TdmApplication - DEBUG - FrontendConnectionHandler(id=140474291038544, session='2017-10-20T16_49_22_0'): writing {"content": [{"ClosePopup": {}}], "_sender": "GuiBackend", "_reason": null, "event_type": "MESSAGE_TO_GUI"}
2017-10-20 16:49:43,860 - TdmApplication - DEBUG - FrontendConnectionHandler(id=140474291038544, session='2017-10-20T16_49_22_0'): OK
2017-10-20 16:49:43,862 - TdmApplication - DEBUG - FrontendConnectionHandler(id=140474291038544, session='2017-10-20T16_49_22_0').on_message({"content": ["Returning to the start view.", "What would you like to do?"], "_sender": "TextOutputComponent", "_reason": null, "event_type": "SYSTEM_UTTERANCE_REALIZED"})
2017-10-20 16:49:43,887 - TdmApplication - DEBUG - FrontendConnectionHandler(id=140474291038544, session='2017-10-20T16_49_22_0').on_event(Event(FACTS, [], sender=DmeModule, reason=None))
2017-10-20 16:49:43,887 - TdmApplication - DEBUG - FrontendConnectionHandler(id=140474291038544, session='2017-10-20T16_49_22_0'): writing {"content": [], "_sender": "DmeModule", "_reason": null, "event_type": "FACTS"}
2017-10-20 16:49:43,887 - TdmApplication - DEBUG - FrontendConnectionHandler(id=140474291038544, session='2017-10-20T16_49_22_0'): OK
2017-10-20 16:49:43,953 - TdmApplication - DEBUG - FrontendConnectionHandler(id=140474291038544, session='2017-10-20T16_49_22_0').on_event(Event(SELECTED_RECOGNITION, go to next, sender=DmeModule, reason=None))
2017-10-20 16:49:43,953 - TdmApplication - DEBUG - FrontendConnectionHandler(id=140474291038544, session='2017-10-20T16_49_22_0'): writing {"content": "go to next", "_sender": "DmeModule", "_reason": null, "event_type": "SELECTED_RECOGNITION"}
2017-10-20 16:49:43,953 - TdmApplication - DEBUG - FrontendConnectionHandler(id=140474291038544, session='2017-10-20T16_49_22_0'): OK
2017-10-20 16:49:43,955 - TdmApplication - DEBUG - FrontendConnectionHandler(id=140474291038544, session='2017-10-20T16_49_22_0').on_event(Event(FACTS, [], sender=DmeModule, reason=None))
2017-10-20 16:49:43,955 - TdmApplication - DEBUG - FrontendConnectionHandler(id=140474291038544, session='2017-10-20T16_49_22_0'): writing {"content": [], "_sender": "DmeModule", "_reason": null, "event_type": "FACTS"}
2017-10-20 16:49:43,955 - TdmApplication - DEBUG - FrontendConnectionHandler(id=140474291038544, session='2017-10-20T16_49_22_0'): OK
2017-10-20 16:49:43,964 - TdmApplication - DEBUG - FrontendConnectionHandler(id=140474291038544, session='2017-10-20T16_49_22_0').on_event(Event(SYSTEM_UTTERANCE_TO_SPEAK, [, Went to next], sender=GenerateModule, reason=None))
2017-10-20 16:49:43,964 - TdmApplication - DEBUG - FrontendConnectionHandler(id=140474291038544, session='2017-10-20T16_49_22_0'): writing {"content": ["", "Went to next"], "_sender": "GenerateModule", "_reason": null, "event_type": "SYSTEM_UTTERANCE_TO_SPEAK"}
2017-10-20 16:49:43,964 - TdmApplication - DEBUG - FrontendConnectionHandler(id=140474291038544, session='2017-10-20T16_49_22_0'): OK
2017-10-20 16:49:43,966 - TdmApplication - DEBUG - FrontendConnectionHandler(id=140474291038544, session='2017-10-20T16_49_22_0').on_event(Event(GUI.POPUP, {options: [], title: Went to next}, sender=IndependentGuiBackend, reason=None))
2017-10-20 16:49:43,966 - TdmApplication - DEBUG - FrontendConnectionHandler(id=140474291038544, session='2017-10-20T16_49_22_0'): writing {"content": {"options": [], "title": "Went to next"}, "_sender": "IndependentGuiBackend", "_reason": null, "event_type": "GUI.POPUP"}
2017-10-20 16:49:43,966 - TdmApplication - DEBUG - FrontendConnectionHandler(id=140474291038544, session='2017-10-20T16_49_22_0'): OK
2017-10-20 16:49:43,967 - TdmApplication - DEBUG - FrontendConnectionHandler(id=140474291038544, session='2017-10-20T16_49_22_0').on_event(Event(MESSAGE_TO_GUI, [<tdm.tdm_gui_protocol.DeviceResult instance at 0x7fc2b5443f38>, <tdm.tdm_gui_protocol.Popup instance at 0x7fc2b5443e18>], sender=GuiBackend, reason=None))
2017-10-20 16:49:43,967 - TdmApplication - DEBUG - FrontendConnectionHandler(id=140474291038544, session='2017-10-20T16_49_22_0'): writing {"content": [{"DeviceResult": {"action": "go_to_next", "result": true, "arguments": {}, "failure_reason": null}}, {"Popup": {"elements": [], "title": "Went to next"}}], "_sender": "GuiBackend", "_reason": null, "event_type": "MESSAGE_TO_GUI"}
2017-10-20 16:49:43,967 - TdmApplication - DEBUG - FrontendConnectionHandler(id=140474291038544, session='2017-10-20T16_49_22_0'): OK
2017-10-20 16:49:43,989 - TdmApplication - DEBUG - FrontendConnectionHandler(id=140474291038544, session='2017-10-20T16_49_22_0').on_message({"content": ["", "Went to next"], "_sender": "TextOutputComponent", "_reason": null, "event_type": "SYSTEM_UTTERANCE_REALIZED"})
2017-10-20 16:49:44,020 - TdmApplication - DEBUG - FrontendConnectionHandler(id=140474291038544, session='2017-10-20T16_49_22_0').on_event(Event(FACTS, [], sender=DmeModule, reason=None))
2017-10-20 16:49:44,020 - TdmApplication - DEBUG - FrontendConnectionHandler(id=140474291038544, session='2017-10-20T16_49_22_0'): writing {"content": [], "_sender": "DmeModule", "_reason": null, "event_type": "FACTS"}
2017-10-20 16:49:44,020 - TdmApplication - DEBUG - FrontendConnectionHandler(id=140474291038544, session='2017-10-20T16_49_22_0'): OK
2017-10-20 17:02:28,403 - TdmApplication - DEBUG - FrontendConnectionHandler(id=140474291038544, session='2017-10-20T16_49_22_0').on_close()
2017-10-20 17:02:28,403 - TdmApplication - DEBUG - SessionManager.stop('2017-10-20T16_49_22_0')
2017-10-20 17:02:28,405 - TdmApplication - DEBUG - TdmApplication.stop(): Stopping HTTP server
2017-10-20 17:02:28,405 - TdmApplication - DEBUG - TdmApplication.stop(): Stopping IO-loop
2017-10-20 17:02:28,406 - TdmApplication - DEBUG - TdmApplication.stop(): Stopping sessions []
2017-10-20 17:02:28,411 - TdmApplication - DEBUG - FrontendConnectionHandler(id=140474291038544, session='2017-10-20T16_49_22_0').on_event(Event(FACTS, [], sender=DmeModule, reason=None))
2017-10-20 17:02:28,411 - TdmApplication - DEBUG - FrontendConnectionHandler(id=140474291038544, session='2017-10-20T16_49_22_0'): writing {"content": [], "_sender": "DmeModule", "_reason": null, "event_type": "FACTS"}
2017-10-20 17:02:28,411 - TdmApplication - DEBUG - FrontendConnectionHandler(id=140474291038544, session='2017-10-20T16_49_22_0'): OK
