2017-10-24 12:35:55,341 - TdmApplication - DEBUG - DddDb().__init__(name='ddds', default_ddds=[u'recipehelp'])
2017-10-24 12:35:55,342 - TdmApplication - DEBUG - DddDb(): DB file name is '/home/gusmatssar/recipedialogue/tdm/ddds.json'
2017-10-24 12:35:55,350 - TdmApplication - DEBUG - FrontendConnectionHandler(id=140265377716560, session=None).open()
2017-10-24 12:35:55,352 - TdmApplication - DEBUG - thread_manager.create_thread() with threading.active_count()=3
2017-10-24 12:35:55,352 - TdmApplication - DEBUG - FrontendConnectionHandler(id=140265377716560, session=None).on_message({"handshake_content": {"session_id": null, "keep_session_alive": false}, "name": "Frontend"})
2017-10-24 12:35:55,353 - TdmApplication - DEBUG - thread_manager.create_thread() with threading.active_count()=4
2017-10-24 12:35:55,354 - TdmApplication - DEBUG - FrontendConnectionHandler(id=140265377716560, session=None)._register({"handshake_content": {"session_id": null, "keep_session_alive": false}, "name": "Frontend"})
2017-10-24 12:35:55,355 - TdmApplication - DEBUG - Creating backend and session with id 2017-10-24T12_35_55_0.
2017-10-24 12:35:55,393 - TdmApplication - DEBUG - FrontendConnectionHandler._register: Registered in session 2017-10-24T12_35_55_0 with backend <ThreadedBackend(ThreadedBackend, started daemon 140265336690432)>.
2017-10-24 12:35:55,394 - TdmApplication - DEBUG - FrontendConnectionHandler(id=140265377716560, session='2017-10-24T12_35_55_0').on_event(Event(REGISTER_BACKEND, None, sender=Backend, reason=None))
2017-10-24 12:35:55,394 - TdmApplication - DEBUG - FrontendConnectionHandler(id=140265377716560, session='2017-10-24T12_35_55_0'): writing {"content": null, "_sender": "Backend", "_reason": null, "event_type": "REGISTER_BACKEND"}
2017-10-24 12:35:55,394 - TdmApplication - DEBUG - FrontendConnectionHandler(id=140265377716560, session='2017-10-24T12_35_55_0'): OK
2017-10-24 12:35:55,425 - TdmApplication - DEBUG - FrontendConnectionHandler(id=140265377716560, session='2017-10-24T12_35_55_0').on_message({"content": null, "_sender": "Frontend", "_reason": null, "event_type": "FRONTEND_READY"})
2017-10-24 12:35:55,427 - TdmApplication - DEBUG - FrontendConnectionHandler(id=140265377716560, session='2017-10-24T12_35_55_0').on_event(Event(BACKEND_READY, None, sender=Backend, reason=None))
2017-10-24 12:35:55,427 - TdmApplication - DEBUG - FrontendConnectionHandler(id=140265377716560, session='2017-10-24T12_35_55_0'): writing {"content": null, "_sender": "Backend", "_reason": null, "event_type": "BACKEND_READY"}
2017-10-24 12:35:55,427 - TdmApplication - DEBUG - FrontendConnectionHandler(id=140265377716560, session='2017-10-24T12_35_55_0'): OK
2017-10-24 12:35:55,433 - TdmApplication - DEBUG - FrontendConnectionHandler(id=140265377716560, session='2017-10-24T12_35_55_0').on_message({"content": null, "_sender": "Frontend", "_reason": null, "event_type": "START"})
2017-10-24 12:35:55,470 - TdmApplication - DEBUG - FrontendConnectionHandler(id=140265377716560, session='2017-10-24T12_35_55_0').on_event(Event(SET_DDD, {ddd_name: recipehelp, language_code: eng}, sender=DmeModule, reason=None))
2017-10-24 12:35:55,470 - TdmApplication - DEBUG - FrontendConnectionHandler(id=140265377716560, session='2017-10-24T12_35_55_0'): writing {"content": {"ddd_name": "recipehelp", "language_code": "eng"}, "_sender": "DmeModule", "_reason": null, "event_type": "SET_DDD"}
2017-10-24 12:35:55,470 - TdmApplication - DEBUG - FrontendConnectionHandler(id=140265377716560, session='2017-10-24T12_35_55_0'): OK
2017-10-24 12:35:55,471 - TdmApplication - DEBUG - FrontendConnectionHandler(id=140265377716560, session='2017-10-24T12_35_55_0').on_event(Event(FACTS, [], sender=DmeModule, reason=None))
2017-10-24 12:35:55,471 - TdmApplication - DEBUG - FrontendConnectionHandler(id=140265377716560, session='2017-10-24T12_35_55_0'): writing {"content": [], "_sender": "DmeModule", "_reason": null, "event_type": "FACTS"}
2017-10-24 12:35:55,472 - TdmApplication - DEBUG - FrontendConnectionHandler(id=140265377716560, session='2017-10-24T12_35_55_0'): OK
2017-10-24 12:35:55,480 - TdmApplication - DEBUG - FrontendConnectionHandler(id=140265377716560, session='2017-10-24T12_35_55_0').on_event(Event(SYSTEM_UTTERANCE_TO_SPEAK, [, What would you like to do?], sender=GenerateModule, reason=None))
2017-10-24 12:35:55,480 - TdmApplication - DEBUG - FrontendConnectionHandler(id=140265377716560, session='2017-10-24T12_35_55_0'): writing {"content": ["", "What would you like to do?"], "_sender": "GenerateModule", "_reason": null, "event_type": "SYSTEM_UTTERANCE_TO_SPEAK"}
2017-10-24 12:35:55,480 - TdmApplication - DEBUG - FrontendConnectionHandler(id=140265377716560, session='2017-10-24T12_35_55_0'): OK
2017-10-24 12:35:55,481 - TdmApplication - DEBUG - FrontendConnectionHandler(id=140265377716560, session='2017-10-24T12_35_55_0').on_event(Event(MESSAGE_TO_GUI, [], sender=GuiBackend, reason=None))
2017-10-24 12:35:55,481 - TdmApplication - DEBUG - FrontendConnectionHandler(id=140265377716560, session='2017-10-24T12_35_55_0'): writing {"content": [], "_sender": "GuiBackend", "_reason": null, "event_type": "MESSAGE_TO_GUI"}
2017-10-24 12:35:55,481 - TdmApplication - DEBUG - FrontendConnectionHandler(id=140265377716560, session='2017-10-24T12_35_55_0'): OK
2017-10-24 12:35:55,514 - TdmApplication - DEBUG - FrontendConnectionHandler(id=140265377716560, session='2017-10-24T12_35_55_0').on_message({"content": ["", "What would you like to do?"], "_sender": "TextOutputComponent", "_reason": null, "event_type": "SYSTEM_UTTERANCE_REALIZED"})
2017-10-24 12:35:55,539 - TdmApplication - DEBUG - FrontendConnectionHandler(id=140265377716560, session='2017-10-24T12_35_55_0').on_event(Event(FACTS, [], sender=DmeModule, reason=None))
2017-10-24 12:35:55,539 - TdmApplication - DEBUG - FrontendConnectionHandler(id=140265377716560, session='2017-10-24T12_35_55_0'): writing {"content": [], "_sender": "DmeModule", "_reason": null, "event_type": "FACTS"}
2017-10-24 12:35:55,539 - TdmApplication - DEBUG - FrontendConnectionHandler(id=140265377716560, session='2017-10-24T12_35_55_0'): OK
2017-10-24 12:35:59,654 - TdmApplication - DEBUG - FrontendConnectionHandler(id=140265377716560, session='2017-10-24T12_35_55_0').on_message({"content": [{"score": 1.0, "utterance": "tell me what to do"}], "_sender": "TextInputComponent", "_reason": null, "event_type": "RECOGNITION"})
2017-10-24 12:35:59,662 - TdmApplication - DEBUG - FrontendConnectionHandler(id=140265377716560, session='2017-10-24T12_35_55_0').on_event(Event(STOP_LISTENING, None, sender=TurnManager, reason=None))
2017-10-24 12:35:59,662 - TdmApplication - DEBUG - FrontendConnectionHandler(id=140265377716560, session='2017-10-24T12_35_55_0'): writing {"content": null, "_sender": "TurnManager", "_reason": null, "event_type": "STOP_LISTENING"}
2017-10-24 12:35:59,662 - TdmApplication - DEBUG - FrontendConnectionHandler(id=140265377716560, session='2017-10-24T12_35_55_0'): OK
2017-10-24 12:35:59,738 - TdmApplication - DEBUG - FrontendConnectionHandler(id=140265377716560, session='2017-10-24T12_35_55_0').on_event(Event(SELECTED_RECOGNITION, tell me what to do, sender=DmeModule, reason=None))
2017-10-24 12:35:59,738 - TdmApplication - DEBUG - FrontendConnectionHandler(id=140265377716560, session='2017-10-24T12_35_55_0'): writing {"content": "tell me what to do", "_sender": "DmeModule", "_reason": null, "event_type": "SELECTED_RECOGNITION"}
2017-10-24 12:35:59,738 - TdmApplication - DEBUG - FrontendConnectionHandler(id=140265377716560, session='2017-10-24T12_35_55_0'): OK
2017-10-24 12:35:59,740 - TdmApplication - DEBUG - FrontendConnectionHandler(id=140265377716560, session='2017-10-24T12_35_55_0').on_event(Event(FACTS, [{predicate: say_step, grammar_entry: None, value:  Step one: Chop onions and garlic.}], sender=DmeModule, reason=None))
2017-10-24 12:35:59,740 - TdmApplication - DEBUG - FrontendConnectionHandler(id=140265377716560, session='2017-10-24T12_35_55_0'): writing {"content": [{"predicate": "say_step", "grammar_entry": null, "value": " Step one: Chop onions and garlic."}], "_sender": "DmeModule", "_reason": null, "event_type": "FACTS"}
2017-10-24 12:35:59,740 - TdmApplication - DEBUG - FrontendConnectionHandler(id=140265377716560, session='2017-10-24T12_35_55_0'): OK
2017-10-24 12:35:59,754 - TdmApplication - DEBUG - FrontendConnectionHandler(id=140265377716560, session='2017-10-24T12_35_55_0').on_event(Event(SYSTEM_UTTERANCE_TO_SPEAK, [, , Are you done?], sender=GenerateModule, reason=None))
2017-10-24 12:35:59,755 - TdmApplication - DEBUG - FrontendConnectionHandler(id=140265377716560, session='2017-10-24T12_35_55_0'): writing {"content": ["", "", "Are you done?"], "_sender": "GenerateModule", "_reason": null, "event_type": "SYSTEM_UTTERANCE_TO_SPEAK"}
2017-10-24 12:35:59,755 - TdmApplication - DEBUG - FrontendConnectionHandler(id=140265377716560, session='2017-10-24T12_35_55_0'): OK
2017-10-24 12:35:59,756 - TdmApplication - DEBUG - FrontendConnectionHandler(id=140265377716560, session='2017-10-24T12_35_55_0').on_event(Event(MESSAGE_TO_GUI, [], sender=GuiBackend, reason=None))
2017-10-24 12:35:59,756 - TdmApplication - DEBUG - FrontendConnectionHandler(id=140265377716560, session='2017-10-24T12_35_55_0'): writing {"content": [], "_sender": "GuiBackend", "_reason": null, "event_type": "MESSAGE_TO_GUI"}
2017-10-24 12:35:59,756 - TdmApplication - DEBUG - FrontendConnectionHandler(id=140265377716560, session='2017-10-24T12_35_55_0'): OK
2017-10-24 12:35:59,758 - TdmApplication - DEBUG - FrontendConnectionHandler(id=140265377716560, session='2017-10-24T12_35_55_0').on_message({"content": ["", "", "Are you done?"], "_sender": "TextOutputComponent", "_reason": null, "event_type": "SYSTEM_UTTERANCE_REALIZED"})
2017-10-24 12:35:59,792 - TdmApplication - DEBUG - FrontendConnectionHandler(id=140265377716560, session='2017-10-24T12_35_55_0').on_event(Event(FACTS, [{predicate: say_step, grammar_entry: None, value:  Step one: Chop onions and garlic.}], sender=DmeModule, reason=None))
2017-10-24 12:35:59,792 - TdmApplication - DEBUG - FrontendConnectionHandler(id=140265377716560, session='2017-10-24T12_35_55_0'): writing {"content": [{"predicate": "say_step", "grammar_entry": null, "value": " Step one: Chop onions and garlic."}], "_sender": "DmeModule", "_reason": null, "event_type": "FACTS"}
2017-10-24 12:35:59,793 - TdmApplication - DEBUG - FrontendConnectionHandler(id=140265377716560, session='2017-10-24T12_35_55_0'): OK
2017-10-24 12:36:11,087 - TdmApplication - DEBUG - FrontendConnectionHandler(id=140265377716560, session='2017-10-24T12_35_55_0').on_message({"content": [{"score": 1.0, "utterance": "no"}], "_sender": "TextInputComponent", "_reason": null, "event_type": "RECOGNITION"})
2017-10-24 12:36:11,093 - TdmApplication - DEBUG - FrontendConnectionHandler(id=140265377716560, session='2017-10-24T12_35_55_0').on_event(Event(STOP_LISTENING, None, sender=TurnManager, reason=None))
2017-10-24 12:36:11,093 - TdmApplication - DEBUG - FrontendConnectionHandler(id=140265377716560, session='2017-10-24T12_35_55_0'): writing {"content": null, "_sender": "TurnManager", "_reason": null, "event_type": "STOP_LISTENING"}
2017-10-24 12:36:11,093 - TdmApplication - DEBUG - FrontendConnectionHandler(id=140265377716560, session='2017-10-24T12_35_55_0'): OK
2017-10-24 12:36:11,173 - TdmApplication - DEBUG - FrontendConnectionHandler(id=140265377716560, session='2017-10-24T12_35_55_0').on_event(Event(SELECTED_RECOGNITION, no, sender=DmeModule, reason=None))
2017-10-24 12:36:11,173 - TdmApplication - DEBUG - FrontendConnectionHandler(id=140265377716560, session='2017-10-24T12_35_55_0'): writing {"content": "no", "_sender": "DmeModule", "_reason": null, "event_type": "SELECTED_RECOGNITION"}
2017-10-24 12:36:11,173 - TdmApplication - DEBUG - FrontendConnectionHandler(id=140265377716560, session='2017-10-24T12_35_55_0'): OK
2017-10-24 12:36:11,174 - TdmApplication - DEBUG - FrontendConnectionHandler(id=140265377716560, session='2017-10-24T12_35_55_0').on_event(Event(FACTS, [{predicate: done, grammar_entry: None, value: False}, {predicate: say_step, grammar_entry: None, value:  Step one: Chop onions and garlic.}], sender=DmeModule, reason=None))
2017-10-24 12:36:11,174 - TdmApplication - DEBUG - FrontendConnectionHandler(id=140265377716560, session='2017-10-24T12_35_55_0'): writing {"content": [{"predicate": "done", "grammar_entry": null, "value": "False"}, {"predicate": "say_step", "grammar_entry": null, "value": " Step one: Chop onions and garlic."}], "_sender": "DmeModule", "_reason": null, "event_type": "FACTS"}
2017-10-24 12:36:11,174 - TdmApplication - DEBUG - FrontendConnectionHandler(id=140265377716560, session='2017-10-24T12_35_55_0'): OK
2017-10-24 12:36:11,185 - TdmApplication - DEBUG - FrontendConnectionHandler(id=140265377716560, session='2017-10-24T12_35_55_0').on_event(Event(SYSTEM_UTTERANCE_TO_SPEAK, [Ok  Step one: Chop onions and garlic..], sender=GenerateModule, reason=None))
2017-10-24 12:36:11,185 - TdmApplication - DEBUG - FrontendConnectionHandler(id=140265377716560, session='2017-10-24T12_35_55_0'): writing {"content": ["Ok  Step one: Chop onions and garlic.."], "_sender": "GenerateModule", "_reason": null, "event_type": "SYSTEM_UTTERANCE_TO_SPEAK"}
2017-10-24 12:36:11,185 - TdmApplication - DEBUG - FrontendConnectionHandler(id=140265377716560, session='2017-10-24T12_35_55_0'): OK
2017-10-24 12:36:11,186 - TdmApplication - DEBUG - FrontendConnectionHandler(id=140265377716560, session='2017-10-24T12_35_55_0').on_event(Event(GUI.POPUP, {options: [], title: Ok  Step one: Chop onions and garlic..}, sender=IndependentGuiBackend, reason=None))
2017-10-24 12:36:11,186 - TdmApplication - DEBUG - FrontendConnectionHandler(id=140265377716560, session='2017-10-24T12_35_55_0'): writing {"content": {"options": [], "title": "Ok  Step one: Chop onions and garlic.."}, "_sender": "IndependentGuiBackend", "_reason": null, "event_type": "GUI.POPUP"}
2017-10-24 12:36:11,186 - TdmApplication - DEBUG - FrontendConnectionHandler(id=140265377716560, session='2017-10-24T12_35_55_0'): OK
2017-10-24 12:36:11,187 - TdmApplication - DEBUG - FrontendConnectionHandler(id=140265377716560, session='2017-10-24T12_35_55_0').on_event(Event(MESSAGE_TO_GUI, [<tdm.tdm_gui_protocol.Popup instance at 0x7f92110f2e60>], sender=GuiBackend, reason=None))
2017-10-24 12:36:11,187 - TdmApplication - DEBUG - FrontendConnectionHandler(id=140265377716560, session='2017-10-24T12_35_55_0'): writing {"content": [{"Popup": {"elements": [], "title": "Ok  Step one: Chop onions and garlic.."}}], "_sender": "GuiBackend", "_reason": null, "event_type": "MESSAGE_TO_GUI"}
2017-10-24 12:36:11,188 - TdmApplication - DEBUG - FrontendConnectionHandler(id=140265377716560, session='2017-10-24T12_35_55_0'): OK
2017-10-24 12:36:11,207 - TdmApplication - DEBUG - FrontendConnectionHandler(id=140265377716560, session='2017-10-24T12_35_55_0').on_message({"content": ["Ok  Step one: Chop onions and garlic.."], "_sender": "TextOutputComponent", "_reason": null, "event_type": "SYSTEM_UTTERANCE_REALIZED"})
2017-10-24 12:36:11,234 - TdmApplication - DEBUG - FrontendConnectionHandler(id=140265377716560, session='2017-10-24T12_35_55_0').on_event(Event(FACTS, [{predicate: done, grammar_entry: None, value: False}, {predicate: say_step, grammar_entry: None, value:  Step one: Chop onions and garlic.}], sender=DmeModule, reason=None))
2017-10-24 12:36:11,235 - TdmApplication - DEBUG - FrontendConnectionHandler(id=140265377716560, session='2017-10-24T12_35_55_0'): writing {"content": [{"predicate": "done", "grammar_entry": null, "value": "False"}, {"predicate": "say_step", "grammar_entry": null, "value": " Step one: Chop onions and garlic."}], "_sender": "DmeModule", "_reason": null, "event_type": "FACTS"}
2017-10-24 12:36:11,235 - TdmApplication - DEBUG - FrontendConnectionHandler(id=140265377716560, session='2017-10-24T12_35_55_0'): OK
2017-10-24 12:36:19,334 - TdmApplication - DEBUG - FrontendConnectionHandler(id=140265377716560, session='2017-10-24T12_35_55_0').on_message({"content": [{"score": 1.0, "utterance": "tell me what to do"}], "_sender": "TextInputComponent", "_reason": null, "event_type": "RECOGNITION"})
2017-10-24 12:36:19,338 - TdmApplication - DEBUG - FrontendConnectionHandler(id=140265377716560, session='2017-10-24T12_35_55_0').on_event(Event(FACTS, [], sender=DmeModule, reason=None))
2017-10-24 12:36:19,338 - TdmApplication - DEBUG - FrontendConnectionHandler(id=140265377716560, session='2017-10-24T12_35_55_0'): writing {"content": [], "_sender": "DmeModule", "_reason": null, "event_type": "FACTS"}
2017-10-24 12:36:19,338 - TdmApplication - DEBUG - FrontendConnectionHandler(id=140265377716560, session='2017-10-24T12_35_55_0'): OK
2017-10-24 12:36:19,347 - TdmApplication - DEBUG - FrontendConnectionHandler(id=140265377716560, session='2017-10-24T12_35_55_0').on_event(Event(STOP_SPEAKING, None, sender=TurnManager, reason=None))
2017-10-24 12:36:19,347 - TdmApplication - DEBUG - FrontendConnectionHandler(id=140265377716560, session='2017-10-24T12_35_55_0'): writing {"content": null, "_sender": "TurnManager", "_reason": null, "event_type": "STOP_SPEAKING"}
2017-10-24 12:36:19,347 - TdmApplication - DEBUG - FrontendConnectionHandler(id=140265377716560, session='2017-10-24T12_35_55_0'): OK
2017-10-24 12:36:19,348 - TdmApplication - DEBUG - FrontendConnectionHandler(id=140265377716560, session='2017-10-24T12_35_55_0').on_event(Event(SYSTEM_UTTERANCE_TO_SPEAK, [Returning to the start view., What would you like to do?], sender=GenerateModule, reason=None))
2017-10-24 12:36:19,348 - TdmApplication - DEBUG - FrontendConnectionHandler(id=140265377716560, session='2017-10-24T12_35_55_0'): writing {"content": ["Returning to the start view.", "What would you like to do?"], "_sender": "GenerateModule", "_reason": null, "event_type": "SYSTEM_UTTERANCE_TO_SPEAK"}
2017-10-24 12:36:19,348 - TdmApplication - DEBUG - FrontendConnectionHandler(id=140265377716560, session='2017-10-24T12_35_55_0'): OK
2017-10-24 12:36:19,349 - TdmApplication - DEBUG - FrontendConnectionHandler(id=140265377716560, session='2017-10-24T12_35_55_0').on_event(Event(MESSAGE_TO_GUI, [<tdm.tdm_gui_protocol.ClosePopup instance at 0x7f9211111710>], sender=GuiBackend, reason=None))
2017-10-24 12:36:19,349 - TdmApplication - DEBUG - FrontendConnectionHandler(id=140265377716560, session='2017-10-24T12_35_55_0'): writing {"content": [{"ClosePopup": {}}], "_sender": "GuiBackend", "_reason": null, "event_type": "MESSAGE_TO_GUI"}
2017-10-24 12:36:19,350 - TdmApplication - DEBUG - FrontendConnectionHandler(id=140265377716560, session='2017-10-24T12_35_55_0'): OK
2017-10-24 12:36:19,367 - TdmApplication - DEBUG - FrontendConnectionHandler(id=140265377716560, session='2017-10-24T12_35_55_0').on_message({"content": ["Returning to the start view.", "What would you like to do?"], "_sender": "TextOutputComponent", "_reason": null, "event_type": "SYSTEM_UTTERANCE_REALIZED"})
2017-10-24 12:36:19,391 - TdmApplication - DEBUG - FrontendConnectionHandler(id=140265377716560, session='2017-10-24T12_35_55_0').on_event(Event(FACTS, [], sender=DmeModule, reason=None))
2017-10-24 12:36:19,391 - TdmApplication - DEBUG - FrontendConnectionHandler(id=140265377716560, session='2017-10-24T12_35_55_0'): writing {"content": [], "_sender": "DmeModule", "_reason": null, "event_type": "FACTS"}
2017-10-24 12:36:19,391 - TdmApplication - DEBUG - FrontendConnectionHandler(id=140265377716560, session='2017-10-24T12_35_55_0'): OK
2017-10-24 12:36:19,471 - TdmApplication - DEBUG - FrontendConnectionHandler(id=140265377716560, session='2017-10-24T12_35_55_0').on_event(Event(SELECTED_RECOGNITION, tell me what to do, sender=DmeModule, reason=None))
2017-10-24 12:36:19,471 - TdmApplication - DEBUG - FrontendConnectionHandler(id=140265377716560, session='2017-10-24T12_35_55_0'): writing {"content": "tell me what to do", "_sender": "DmeModule", "_reason": null, "event_type": "SELECTED_RECOGNITION"}
2017-10-24 12:36:19,472 - TdmApplication - DEBUG - FrontendConnectionHandler(id=140265377716560, session='2017-10-24T12_35_55_0'): OK
2017-10-24 12:36:19,472 - TdmApplication - DEBUG - FrontendConnectionHandler(id=140265377716560, session='2017-10-24T12_35_55_0').on_event(Event(FACTS, [{predicate: say_step, grammar_entry: None, value:  Step one: Chop onions and garlic.}], sender=DmeModule, reason=None))
2017-10-24 12:36:19,473 - TdmApplication - DEBUG - FrontendConnectionHandler(id=140265377716560, session='2017-10-24T12_35_55_0'): writing {"content": [{"predicate": "say_step", "grammar_entry": null, "value": " Step one: Chop onions and garlic."}], "_sender": "DmeModule", "_reason": null, "event_type": "FACTS"}
2017-10-24 12:36:19,473 - TdmApplication - DEBUG - FrontendConnectionHandler(id=140265377716560, session='2017-10-24T12_35_55_0'): OK
2017-10-24 12:36:19,485 - TdmApplication - DEBUG - FrontendConnectionHandler(id=140265377716560, session='2017-10-24T12_35_55_0').on_event(Event(SYSTEM_UTTERANCE_TO_SPEAK, [, , Are you done?], sender=GenerateModule, reason=None))
2017-10-24 12:36:19,485 - TdmApplication - DEBUG - FrontendConnectionHandler(id=140265377716560, session='2017-10-24T12_35_55_0'): writing {"content": ["", "", "Are you done?"], "_sender": "GenerateModule", "_reason": null, "event_type": "SYSTEM_UTTERANCE_TO_SPEAK"}
2017-10-24 12:36:19,485 - TdmApplication - DEBUG - FrontendConnectionHandler(id=140265377716560, session='2017-10-24T12_35_55_0'): OK
2017-10-24 12:36:19,486 - TdmApplication - DEBUG - FrontendConnectionHandler(id=140265377716560, session='2017-10-24T12_35_55_0').on_event(Event(MESSAGE_TO_GUI, [], sender=GuiBackend, reason=None))
2017-10-24 12:36:19,486 - TdmApplication - DEBUG - FrontendConnectionHandler(id=140265377716560, session='2017-10-24T12_35_55_0'): writing {"content": [], "_sender": "GuiBackend", "_reason": null, "event_type": "MESSAGE_TO_GUI"}
2017-10-24 12:36:19,486 - TdmApplication - DEBUG - FrontendConnectionHandler(id=140265377716560, session='2017-10-24T12_35_55_0'): OK
2017-10-24 12:36:19,491 - TdmApplication - DEBUG - FrontendConnectionHandler(id=140265377716560, session='2017-10-24T12_35_55_0').on_message({"content": ["", "", "Are you done?"], "_sender": "TextOutputComponent", "_reason": null, "event_type": "SYSTEM_UTTERANCE_REALIZED"})
2017-10-24 12:36:19,524 - TdmApplication - DEBUG - FrontendConnectionHandler(id=140265377716560, session='2017-10-24T12_35_55_0').on_event(Event(FACTS, [{predicate: say_step, grammar_entry: None, value:  Step one: Chop onions and garlic.}], sender=DmeModule, reason=None))
2017-10-24 12:36:19,524 - TdmApplication - DEBUG - FrontendConnectionHandler(id=140265377716560, session='2017-10-24T12_35_55_0'): writing {"content": [{"predicate": "say_step", "grammar_entry": null, "value": " Step one: Chop onions and garlic."}], "_sender": "DmeModule", "_reason": null, "event_type": "FACTS"}
2017-10-24 12:36:19,524 - TdmApplication - DEBUG - FrontendConnectionHandler(id=140265377716560, session='2017-10-24T12_35_55_0'): OK
2017-10-24 12:36:24,170 - TdmApplication - DEBUG - FrontendConnectionHandler(id=140265377716560, session='2017-10-24T12_35_55_0').on_message({"content": [{"score": 1.0, "utterance": "yes"}], "_sender": "TextInputComponent", "_reason": null, "event_type": "RECOGNITION"})
2017-10-24 12:36:24,175 - TdmApplication - DEBUG - FrontendConnectionHandler(id=140265377716560, session='2017-10-24T12_35_55_0').on_event(Event(STOP_LISTENING, None, sender=TurnManager, reason=None))
2017-10-24 12:36:24,175 - TdmApplication - DEBUG - FrontendConnectionHandler(id=140265377716560, session='2017-10-24T12_35_55_0'): writing {"content": null, "_sender": "TurnManager", "_reason": null, "event_type": "STOP_LISTENING"}
2017-10-24 12:36:24,175 - TdmApplication - DEBUG - FrontendConnectionHandler(id=140265377716560, session='2017-10-24T12_35_55_0'): OK
2017-10-24 12:36:24,253 - TdmApplication - DEBUG - FrontendConnectionHandler(id=140265377716560, session='2017-10-24T12_35_55_0').on_event(Event(SELECTED_RECOGNITION, yes, sender=DmeModule, reason=None))
2017-10-24 12:36:24,253 - TdmApplication - DEBUG - FrontendConnectionHandler(id=140265377716560, session='2017-10-24T12_35_55_0'): writing {"content": "yes", "_sender": "DmeModule", "_reason": null, "event_type": "SELECTED_RECOGNITION"}
2017-10-24 12:36:24,253 - TdmApplication - DEBUG - FrontendConnectionHandler(id=140265377716560, session='2017-10-24T12_35_55_0'): OK
2017-10-24 12:36:24,254 - TdmApplication - DEBUG - FrontendConnectionHandler(id=140265377716560, session='2017-10-24T12_35_55_0').on_event(Event(FACTS, [{predicate: done, grammar_entry: None, value: True}, {predicate: say_step, grammar_entry: None, value:  Step one: Chop onions and garlic.}], sender=DmeModule, reason=None))
2017-10-24 12:36:24,255 - TdmApplication - DEBUG - FrontendConnectionHandler(id=140265377716560, session='2017-10-24T12_35_55_0'): writing {"content": [{"predicate": "done", "grammar_entry": null, "value": "True"}, {"predicate": "say_step", "grammar_entry": null, "value": " Step one: Chop onions and garlic."}], "_sender": "DmeModule", "_reason": null, "event_type": "FACTS"}
2017-10-24 12:36:24,255 - TdmApplication - DEBUG - FrontendConnectionHandler(id=140265377716560, session='2017-10-24T12_35_55_0'): OK
2017-10-24 12:36:24,265 - TdmApplication - DEBUG - FrontendConnectionHandler(id=140265377716560, session='2017-10-24T12_35_55_0').on_event(Event(SYSTEM_UTTERANCE_TO_SPEAK, [Ok  Step one: Chop onions and garlic..], sender=GenerateModule, reason=None))
2017-10-24 12:36:24,265 - TdmApplication - DEBUG - FrontendConnectionHandler(id=140265377716560, session='2017-10-24T12_35_55_0'): writing {"content": ["Ok  Step one: Chop onions and garlic.."], "_sender": "GenerateModule", "_reason": null, "event_type": "SYSTEM_UTTERANCE_TO_SPEAK"}
2017-10-24 12:36:24,265 - TdmApplication - DEBUG - FrontendConnectionHandler(id=140265377716560, session='2017-10-24T12_35_55_0'): OK
2017-10-24 12:36:24,266 - TdmApplication - DEBUG - FrontendConnectionHandler(id=140265377716560, session='2017-10-24T12_35_55_0').on_event(Event(GUI.POPUP, {options: [], title: Ok  Step one: Chop onions and garlic..}, sender=IndependentGuiBackend, reason=None))
2017-10-24 12:36:24,266 - TdmApplication - DEBUG - FrontendConnectionHandler(id=140265377716560, session='2017-10-24T12_35_55_0'): writing {"content": {"options": [], "title": "Ok  Step one: Chop onions and garlic.."}, "_sender": "IndependentGuiBackend", "_reason": null, "event_type": "GUI.POPUP"}
2017-10-24 12:36:24,266 - TdmApplication - DEBUG - FrontendConnectionHandler(id=140265377716560, session='2017-10-24T12_35_55_0'): OK
2017-10-24 12:36:24,267 - TdmApplication - DEBUG - FrontendConnectionHandler(id=140265377716560, session='2017-10-24T12_35_55_0').on_event(Event(MESSAGE_TO_GUI, [<tdm.tdm_gui_protocol.Popup instance at 0x7f92110f9758>], sender=GuiBackend, reason=None))
2017-10-24 12:36:24,267 - TdmApplication - DEBUG - FrontendConnectionHandler(id=140265377716560, session='2017-10-24T12_35_55_0'): writing {"content": [{"Popup": {"elements": [], "title": "Ok  Step one: Chop onions and garlic.."}}], "_sender": "GuiBackend", "_reason": null, "event_type": "MESSAGE_TO_GUI"}
2017-10-24 12:36:24,267 - TdmApplication - DEBUG - FrontendConnectionHandler(id=140265377716560, session='2017-10-24T12_35_55_0'): OK
2017-10-24 12:36:24,276 - TdmApplication - DEBUG - FrontendConnectionHandler(id=140265377716560, session='2017-10-24T12_35_55_0').on_message({"content": ["Ok  Step one: Chop onions and garlic.."], "_sender": "TextOutputComponent", "_reason": null, "event_type": "SYSTEM_UTTERANCE_REALIZED"})
2017-10-24 12:36:24,302 - TdmApplication - DEBUG - FrontendConnectionHandler(id=140265377716560, session='2017-10-24T12_35_55_0').on_event(Event(FACTS, [{predicate: done, grammar_entry: None, value: True}, {predicate: say_step, grammar_entry: None, value:  Step one: Chop onions and garlic.}], sender=DmeModule, reason=None))
2017-10-24 12:36:24,302 - TdmApplication - DEBUG - FrontendConnectionHandler(id=140265377716560, session='2017-10-24T12_35_55_0'): writing {"content": [{"predicate": "done", "grammar_entry": null, "value": "True"}, {"predicate": "say_step", "grammar_entry": null, "value": " Step one: Chop onions and garlic."}], "_sender": "DmeModule", "_reason": null, "event_type": "FACTS"}
2017-10-24 12:36:24,302 - TdmApplication - DEBUG - FrontendConnectionHandler(id=140265377716560, session='2017-10-24T12_35_55_0'): OK
2017-10-24 13:09:22,341 - TdmApplication - DEBUG - FrontendConnectionHandler(id=140265377716560, session='2017-10-24T12_35_55_0').on_close()
2017-10-24 13:09:22,341 - TdmApplication - DEBUG - SessionManager.stop('2017-10-24T12_35_55_0')
2017-10-24 13:09:22,347 - TdmApplication - DEBUG - TdmApplication.stop(): Stopping HTTP server
2017-10-24 13:09:22,348 - TdmApplication - DEBUG - TdmApplication.stop(): Stopping IO-loop
2017-10-24 13:09:22,348 - TdmApplication - DEBUG - TdmApplication.stop(): Stopping sessions []
2017-10-24 13:09:22,349 - TdmApplication - DEBUG - FrontendConnectionHandler(id=140265377716560, session='2017-10-24T12_35_55_0').on_event(Event(FACTS, [], sender=DmeModule, reason=None))
2017-10-24 13:09:22,349 - TdmApplication - DEBUG - FrontendConnectionHandler(id=140265377716560, session='2017-10-24T12_35_55_0'): writing {"content": [], "_sender": "DmeModule", "_reason": null, "event_type": "FACTS"}
2017-10-24 13:09:22,349 - TdmApplication - DEBUG - FrontendConnectionHandler(id=140265377716560, session='2017-10-24T12_35_55_0'): OK
