2017-10-24 17:32:29,030 - TdmApplication - DEBUG - DddDb().__init__(name='ddds', default_ddds=[u'recipehelp'])
2017-10-24 17:32:29,030 - TdmApplication - DEBUG - DddDb(): DB file name is '/home/gusmatssar/recipedialogue/tdm/ddds.json'
2017-10-24 17:32:29,041 - TdmApplication - DEBUG - FrontendConnectionHandler(id=140304787474768, session=None).open()
2017-10-24 17:32:29,043 - TdmApplication - DEBUG - thread_manager.create_thread() with threading.active_count()=3
2017-10-24 17:32:29,044 - TdmApplication - DEBUG - thread_manager.create_thread() with threading.active_count()=4
2017-10-24 17:32:29,044 - TdmApplication - DEBUG - FrontendConnectionHandler(id=140304787474768, session=None).on_message({"handshake_content": {"session_id": null, "keep_session_alive": false}, "name": "Frontend"})
2017-10-24 17:32:29,045 - TdmApplication - DEBUG - FrontendConnectionHandler(id=140304787474768, session=None)._register({"handshake_content": {"session_id": null, "keep_session_alive": false}, "name": "Frontend"})
2017-10-24 17:32:29,046 - TdmApplication - DEBUG - Creating backend and session with id 2017-10-24T17_32_29_0.
2017-10-24 17:32:29,082 - TdmApplication - DEBUG - FrontendConnectionHandler._register: Registered in session 2017-10-24T17_32_29_0 with backend <ThreadedBackend(ThreadedBackend, started daemon 140304678110976)>.
2017-10-24 17:32:29,083 - TdmApplication - DEBUG - FrontendConnectionHandler(id=140304787474768, session='2017-10-24T17_32_29_0').on_event(Event(REGISTER_BACKEND, None, sender=Backend, reason=None))
2017-10-24 17:32:29,083 - TdmApplication - DEBUG - FrontendConnectionHandler(id=140304787474768, session='2017-10-24T17_32_29_0'): writing {"content": null, "_sender": "Backend", "_reason": null, "event_type": "REGISTER_BACKEND"}
2017-10-24 17:32:29,084 - TdmApplication - DEBUG - FrontendConnectionHandler(id=140304787474768, session='2017-10-24T17_32_29_0'): OK
2017-10-24 17:32:29,116 - TdmApplication - DEBUG - FrontendConnectionHandler(id=140304787474768, session='2017-10-24T17_32_29_0').on_message({"content": null, "_sender": "Frontend", "_reason": null, "event_type": "FRONTEND_READY"})
2017-10-24 17:32:29,118 - TdmApplication - DEBUG - FrontendConnectionHandler(id=140304787474768, session='2017-10-24T17_32_29_0').on_event(Event(BACKEND_READY, None, sender=Backend, reason=None))
2017-10-24 17:32:29,118 - TdmApplication - DEBUG - FrontendConnectionHandler(id=140304787474768, session='2017-10-24T17_32_29_0'): writing {"content": null, "_sender": "Backend", "_reason": null, "event_type": "BACKEND_READY"}
2017-10-24 17:32:29,118 - TdmApplication - DEBUG - FrontendConnectionHandler(id=140304787474768, session='2017-10-24T17_32_29_0'): OK
2017-10-24 17:32:29,125 - TdmApplication - DEBUG - FrontendConnectionHandler(id=140304787474768, session='2017-10-24T17_32_29_0').on_message({"content": null, "_sender": "Frontend", "_reason": null, "event_type": "START"})
2017-10-24 17:32:29,161 - TdmApplication - DEBUG - FrontendConnectionHandler(id=140304787474768, session='2017-10-24T17_32_29_0').on_event(Event(SET_DDD, {ddd_name: recipehelp, language_code: eng}, sender=DmeModule, reason=None))
2017-10-24 17:32:29,161 - TdmApplication - DEBUG - FrontendConnectionHandler(id=140304787474768, session='2017-10-24T17_32_29_0'): writing {"content": {"ddd_name": "recipehelp", "language_code": "eng"}, "_sender": "DmeModule", "_reason": null, "event_type": "SET_DDD"}
2017-10-24 17:32:29,161 - TdmApplication - DEBUG - FrontendConnectionHandler(id=140304787474768, session='2017-10-24T17_32_29_0'): OK
2017-10-24 17:32:29,162 - TdmApplication - DEBUG - FrontendConnectionHandler(id=140304787474768, session='2017-10-24T17_32_29_0').on_event(Event(FACTS, [], sender=DmeModule, reason=None))
2017-10-24 17:32:29,162 - TdmApplication - DEBUG - FrontendConnectionHandler(id=140304787474768, session='2017-10-24T17_32_29_0'): writing {"content": [], "_sender": "DmeModule", "_reason": null, "event_type": "FACTS"}
2017-10-24 17:32:29,162 - TdmApplication - DEBUG - FrontendConnectionHandler(id=140304787474768, session='2017-10-24T17_32_29_0'): OK
2017-10-24 17:32:29,171 - TdmApplication - DEBUG - FrontendConnectionHandler(id=140304787474768, session='2017-10-24T17_32_29_0').on_event(Event(SYSTEM_UTTERANCE_TO_SPEAK, [, What would you like to do?], sender=GenerateModule, reason=None))
2017-10-24 17:32:29,171 - TdmApplication - DEBUG - FrontendConnectionHandler(id=140304787474768, session='2017-10-24T17_32_29_0'): writing {"content": ["", "What would you like to do?"], "_sender": "GenerateModule", "_reason": null, "event_type": "SYSTEM_UTTERANCE_TO_SPEAK"}
2017-10-24 17:32:29,171 - TdmApplication - DEBUG - FrontendConnectionHandler(id=140304787474768, session='2017-10-24T17_32_29_0'): OK
2017-10-24 17:32:29,172 - TdmApplication - DEBUG - FrontendConnectionHandler(id=140304787474768, session='2017-10-24T17_32_29_0').on_event(Event(MESSAGE_TO_GUI, [], sender=GuiBackend, reason=None))
2017-10-24 17:32:29,172 - TdmApplication - DEBUG - FrontendConnectionHandler(id=140304787474768, session='2017-10-24T17_32_29_0'): writing {"content": [], "_sender": "GuiBackend", "_reason": null, "event_type": "MESSAGE_TO_GUI"}
2017-10-24 17:32:29,172 - TdmApplication - DEBUG - FrontendConnectionHandler(id=140304787474768, session='2017-10-24T17_32_29_0'): OK
2017-10-24 17:32:29,206 - TdmApplication - DEBUG - FrontendConnectionHandler(id=140304787474768, session='2017-10-24T17_32_29_0').on_message({"content": ["", "What would you like to do?"], "_sender": "TextOutputComponent", "_reason": null, "event_type": "SYSTEM_UTTERANCE_REALIZED"})
2017-10-24 17:32:29,228 - TdmApplication - DEBUG - FrontendConnectionHandler(id=140304787474768, session='2017-10-24T17_32_29_0').on_event(Event(FACTS, [], sender=DmeModule, reason=None))
2017-10-24 17:32:29,228 - TdmApplication - DEBUG - FrontendConnectionHandler(id=140304787474768, session='2017-10-24T17_32_29_0'): writing {"content": [], "_sender": "DmeModule", "_reason": null, "event_type": "FACTS"}
2017-10-24 17:32:29,229 - TdmApplication - DEBUG - FrontendConnectionHandler(id=140304787474768, session='2017-10-24T17_32_29_0'): OK
2017-10-24 17:32:33,967 - TdmApplication - DEBUG - FrontendConnectionHandler(id=140304787474768, session='2017-10-24T17_32_29_0').on_message({"content": [{"score": 1.0, "utterance": "tell me what to do"}], "_sender": "TextInputComponent", "_reason": null, "event_type": "RECOGNITION"})
2017-10-24 17:32:33,976 - TdmApplication - DEBUG - FrontendConnectionHandler(id=140304787474768, session='2017-10-24T17_32_29_0').on_event(Event(STOP_LISTENING, None, sender=TurnManager, reason=None))
2017-10-24 17:32:33,976 - TdmApplication - DEBUG - FrontendConnectionHandler(id=140304787474768, session='2017-10-24T17_32_29_0'): writing {"content": null, "_sender": "TurnManager", "_reason": null, "event_type": "STOP_LISTENING"}
2017-10-24 17:32:33,976 - TdmApplication - DEBUG - FrontendConnectionHandler(id=140304787474768, session='2017-10-24T17_32_29_0'): OK
2017-10-24 17:32:34,051 - TdmApplication - DEBUG - FrontendConnectionHandler(id=140304787474768, session='2017-10-24T17_32_29_0').on_event(Event(SELECTED_RECOGNITION, tell me what to do, sender=DmeModule, reason=None))
2017-10-24 17:32:34,051 - TdmApplication - DEBUG - FrontendConnectionHandler(id=140304787474768, session='2017-10-24T17_32_29_0'): writing {"content": "tell me what to do", "_sender": "DmeModule", "_reason": null, "event_type": "SELECTED_RECOGNITION"}
2017-10-24 17:32:34,051 - TdmApplication - DEBUG - FrontendConnectionHandler(id=140304787474768, session='2017-10-24T17_32_29_0'): OK
2017-10-24 17:32:34,053 - TdmApplication - DEBUG - FrontendConnectionHandler(id=140304787474768, session='2017-10-24T17_32_29_0').on_event(Event(FACTS, [{predicate: say_step, grammar_entry: None, value: Step one: preheat the oven to 180 degrees.}], sender=DmeModule, reason=None))
2017-10-24 17:32:34,053 - TdmApplication - DEBUG - FrontendConnectionHandler(id=140304787474768, session='2017-10-24T17_32_29_0'): writing {"content": [{"predicate": "say_step", "grammar_entry": null, "value": "Step one: preheat the oven to 180 degrees."}], "_sender": "DmeModule", "_reason": null, "event_type": "FACTS"}
2017-10-24 17:32:34,053 - TdmApplication - DEBUG - FrontendConnectionHandler(id=140304787474768, session='2017-10-24T17_32_29_0'): OK
2017-10-24 17:32:34,068 - TdmApplication - DEBUG - FrontendConnectionHandler(id=140304787474768, session='2017-10-24T17_32_29_0').on_event(Event(SYSTEM_UTTERANCE_TO_SPEAK, [, , Are you done?], sender=GenerateModule, reason=None))
2017-10-24 17:32:34,068 - TdmApplication - DEBUG - FrontendConnectionHandler(id=140304787474768, session='2017-10-24T17_32_29_0'): writing {"content": ["", "", "Are you done?"], "_sender": "GenerateModule", "_reason": null, "event_type": "SYSTEM_UTTERANCE_TO_SPEAK"}
2017-10-24 17:32:34,068 - TdmApplication - DEBUG - FrontendConnectionHandler(id=140304787474768, session='2017-10-24T17_32_29_0'): OK
2017-10-24 17:32:34,069 - TdmApplication - DEBUG - FrontendConnectionHandler(id=140304787474768, session='2017-10-24T17_32_29_0').on_event(Event(MESSAGE_TO_GUI, [], sender=GuiBackend, reason=None))
2017-10-24 17:32:34,070 - TdmApplication - DEBUG - FrontendConnectionHandler(id=140304787474768, session='2017-10-24T17_32_29_0'): writing {"content": [], "_sender": "GuiBackend", "_reason": null, "event_type": "MESSAGE_TO_GUI"}
2017-10-24 17:32:34,070 - TdmApplication - DEBUG - FrontendConnectionHandler(id=140304787474768, session='2017-10-24T17_32_29_0'): OK
2017-10-24 17:32:34,073 - TdmApplication - DEBUG - FrontendConnectionHandler(id=140304787474768, session='2017-10-24T17_32_29_0').on_message({"content": ["", "", "Are you done?"], "_sender": "TextOutputComponent", "_reason": null, "event_type": "SYSTEM_UTTERANCE_REALIZED"})
2017-10-24 17:32:34,105 - TdmApplication - DEBUG - FrontendConnectionHandler(id=140304787474768, session='2017-10-24T17_32_29_0').on_event(Event(FACTS, [{predicate: say_step, grammar_entry: None, value: Step one: preheat the oven to 180 degrees.}], sender=DmeModule, reason=None))
2017-10-24 17:32:34,105 - TdmApplication - DEBUG - FrontendConnectionHandler(id=140304787474768, session='2017-10-24T17_32_29_0'): writing {"content": [{"predicate": "say_step", "grammar_entry": null, "value": "Step one: preheat the oven to 180 degrees."}], "_sender": "DmeModule", "_reason": null, "event_type": "FACTS"}
2017-10-24 17:32:34,105 - TdmApplication - DEBUG - FrontendConnectionHandler(id=140304787474768, session='2017-10-24T17_32_29_0'): OK
2017-10-24 17:32:38,161 - TdmApplication - DEBUG - FrontendConnectionHandler(id=140304787474768, session='2017-10-24T17_32_29_0').on_message({"content": [{"score": 1.0, "utterance": ""}], "_sender": "TextInputComponent", "_reason": null, "event_type": "RECOGNITION"})
2017-10-24 17:32:38,167 - TdmApplication - DEBUG - FrontendConnectionHandler(id=140304787474768, session='2017-10-24T17_32_29_0').on_event(Event(STOP_LISTENING, None, sender=TurnManager, reason=None))
2017-10-24 17:32:38,167 - TdmApplication - DEBUG - FrontendConnectionHandler(id=140304787474768, session='2017-10-24T17_32_29_0'): writing {"content": null, "_sender": "TurnManager", "_reason": null, "event_type": "STOP_LISTENING"}
2017-10-24 17:32:38,167 - TdmApplication - DEBUG - FrontendConnectionHandler(id=140304787474768, session='2017-10-24T17_32_29_0'): OK
2017-10-24 17:32:38,210 - TdmApplication - DEBUG - FrontendConnectionHandler(id=140304787474768, session='2017-10-24T17_32_29_0').on_event(Event(FACTS, [{predicate: say_step, grammar_entry: None, value: Step one: preheat the oven to 180 degrees.}], sender=DmeModule, reason=None))
2017-10-24 17:32:38,211 - TdmApplication - DEBUG - FrontendConnectionHandler(id=140304787474768, session='2017-10-24T17_32_29_0'): writing {"content": [{"predicate": "say_step", "grammar_entry": null, "value": "Step one: preheat the oven to 180 degrees."}], "_sender": "DmeModule", "_reason": null, "event_type": "FACTS"}
2017-10-24 17:32:38,211 - TdmApplication - DEBUG - FrontendConnectionHandler(id=140304787474768, session='2017-10-24T17_32_29_0'): OK
2017-10-24 17:32:38,226 - TdmApplication - DEBUG - FrontendConnectionHandler(id=140304787474768, session='2017-10-24T17_32_29_0').on_event(Event(SYSTEM_UTTERANCE_TO_SPEAK, [I heard you say., I don't understand., So,, Are you done?], sender=GenerateModule, reason=None))
2017-10-24 17:32:38,226 - TdmApplication - DEBUG - FrontendConnectionHandler(id=140304787474768, session='2017-10-24T17_32_29_0'): writing {"content": ["I heard you say.", "I don't understand.", "So,", "Are you done?"], "_sender": "GenerateModule", "_reason": null, "event_type": "SYSTEM_UTTERANCE_TO_SPEAK"}
2017-10-24 17:32:38,226 - TdmApplication - DEBUG - FrontendConnectionHandler(id=140304787474768, session='2017-10-24T17_32_29_0'): OK
2017-10-24 17:32:38,227 - TdmApplication - DEBUG - FrontendConnectionHandler(id=140304787474768, session='2017-10-24T17_32_29_0').on_event(Event(MESSAGE_TO_GUI, [], sender=GuiBackend, reason=None))
2017-10-24 17:32:38,227 - TdmApplication - DEBUG - FrontendConnectionHandler(id=140304787474768, session='2017-10-24T17_32_29_0'): writing {"content": [], "_sender": "GuiBackend", "_reason": null, "event_type": "MESSAGE_TO_GUI"}
2017-10-24 17:32:38,227 - TdmApplication - DEBUG - FrontendConnectionHandler(id=140304787474768, session='2017-10-24T17_32_29_0'): OK
2017-10-24 17:32:38,235 - TdmApplication - DEBUG - FrontendConnectionHandler(id=140304787474768, session='2017-10-24T17_32_29_0').on_message({"content": ["I heard you say.", "I don't understand.", "So,", "Are you done?"], "_sender": "TextOutputComponent", "_reason": null, "event_type": "SYSTEM_UTTERANCE_REALIZED"})
2017-10-24 17:32:38,271 - TdmApplication - DEBUG - FrontendConnectionHandler(id=140304787474768, session='2017-10-24T17_32_29_0').on_event(Event(FACTS, [{predicate: say_step, grammar_entry: None, value: Step one: preheat the oven to 180 degrees.}], sender=DmeModule, reason=None))
2017-10-24 17:32:38,271 - TdmApplication - DEBUG - FrontendConnectionHandler(id=140304787474768, session='2017-10-24T17_32_29_0'): writing {"content": [{"predicate": "say_step", "grammar_entry": null, "value": "Step one: preheat the oven to 180 degrees."}], "_sender": "DmeModule", "_reason": null, "event_type": "FACTS"}
2017-10-24 17:32:38,271 - TdmApplication - DEBUG - FrontendConnectionHandler(id=140304787474768, session='2017-10-24T17_32_29_0'): OK
2017-10-24 17:32:40,077 - TdmApplication - DEBUG - FrontendConnectionHandler(id=140304787474768, session='2017-10-24T17_32_29_0').on_message({"content": [{"score": 1.0, "utterance": "yes"}], "_sender": "TextInputComponent", "_reason": null, "event_type": "RECOGNITION"})
2017-10-24 17:32:40,083 - TdmApplication - DEBUG - FrontendConnectionHandler(id=140304787474768, session='2017-10-24T17_32_29_0').on_event(Event(STOP_LISTENING, None, sender=TurnManager, reason=None))
2017-10-24 17:32:40,083 - TdmApplication - DEBUG - FrontendConnectionHandler(id=140304787474768, session='2017-10-24T17_32_29_0'): writing {"content": null, "_sender": "TurnManager", "_reason": null, "event_type": "STOP_LISTENING"}
2017-10-24 17:32:40,083 - TdmApplication - DEBUG - FrontendConnectionHandler(id=140304787474768, session='2017-10-24T17_32_29_0'): OK
2017-10-24 17:32:40,166 - TdmApplication - DEBUG - FrontendConnectionHandler(id=140304787474768, session='2017-10-24T17_32_29_0').on_event(Event(SELECTED_RECOGNITION, yes, sender=DmeModule, reason=None))
2017-10-24 17:32:40,166 - TdmApplication - DEBUG - FrontendConnectionHandler(id=140304787474768, session='2017-10-24T17_32_29_0'): writing {"content": "yes", "_sender": "DmeModule", "_reason": null, "event_type": "SELECTED_RECOGNITION"}
2017-10-24 17:32:40,166 - TdmApplication - DEBUG - FrontendConnectionHandler(id=140304787474768, session='2017-10-24T17_32_29_0'): OK
2017-10-24 17:32:40,167 - TdmApplication - DEBUG - FrontendConnectionHandler(id=140304787474768, session='2017-10-24T17_32_29_0').on_event(Event(FACTS, [{predicate: say_step, grammar_entry: None, value: Step one: preheat the oven to 180 degrees.}], sender=DmeModule, reason=None))
2017-10-24 17:32:40,167 - TdmApplication - DEBUG - FrontendConnectionHandler(id=140304787474768, session='2017-10-24T17_32_29_0'): writing {"content": [{"predicate": "say_step", "grammar_entry": null, "value": "Step one: preheat the oven to 180 degrees."}], "_sender": "DmeModule", "_reason": null, "event_type": "FACTS"}
2017-10-24 17:32:40,167 - TdmApplication - DEBUG - FrontendConnectionHandler(id=140304787474768, session='2017-10-24T17_32_29_0'): OK
2017-10-24 17:32:40,179 - TdmApplication - DEBUG - FrontendConnectionHandler(id=140304787474768, session='2017-10-24T17_32_29_0').on_event(Event(SYSTEM_UTTERANCE_TO_SPEAK, [Ok Step one: preheat the oven to 180 degrees..], sender=GenerateModule, reason=None))
2017-10-24 17:32:40,179 - TdmApplication - DEBUG - FrontendConnectionHandler(id=140304787474768, session='2017-10-24T17_32_29_0'): writing {"content": ["Ok Step one: preheat the oven to 180 degrees.."], "_sender": "GenerateModule", "_reason": null, "event_type": "SYSTEM_UTTERANCE_TO_SPEAK"}
2017-10-24 17:32:40,180 - TdmApplication - DEBUG - FrontendConnectionHandler(id=140304787474768, session='2017-10-24T17_32_29_0'): OK
2017-10-24 17:32:40,181 - TdmApplication - DEBUG - FrontendConnectionHandler(id=140304787474768, session='2017-10-24T17_32_29_0').on_event(Event(GUI.POPUP, {options: [], title: Ok Step one: preheat the oven to 180 degrees..}, sender=IndependentGuiBackend, reason=None))
2017-10-24 17:32:40,181 - TdmApplication - DEBUG - FrontendConnectionHandler(id=140304787474768, session='2017-10-24T17_32_29_0'): writing {"content": {"options": [], "title": "Ok Step one: preheat the oven to 180 degrees.."}, "_sender": "IndependentGuiBackend", "_reason": null, "event_type": "GUI.POPUP"}
2017-10-24 17:32:40,181 - TdmApplication - DEBUG - FrontendConnectionHandler(id=140304787474768, session='2017-10-24T17_32_29_0'): OK
2017-10-24 17:32:40,182 - TdmApplication - DEBUG - FrontendConnectionHandler(id=140304787474768, session='2017-10-24T17_32_29_0').on_event(Event(MESSAGE_TO_GUI, [<tdm.tdm_gui_protocol.Popup instance at 0x7f9b400eeb00>], sender=GuiBackend, reason=None))
2017-10-24 17:32:40,182 - TdmApplication - DEBUG - FrontendConnectionHandler(id=140304787474768, session='2017-10-24T17_32_29_0'): writing {"content": [{"Popup": {"elements": [], "title": "Ok Step one: preheat the oven to 180 degrees.."}}], "_sender": "GuiBackend", "_reason": null, "event_type": "MESSAGE_TO_GUI"}
2017-10-24 17:32:40,182 - TdmApplication - DEBUG - FrontendConnectionHandler(id=140304787474768, session='2017-10-24T17_32_29_0'): OK
2017-10-24 17:32:40,185 - TdmApplication - DEBUG - FrontendConnectionHandler(id=140304787474768, session='2017-10-24T17_32_29_0').on_message({"content": ["Ok Step one: preheat the oven to 180 degrees.."], "_sender": "TextOutputComponent", "_reason": null, "event_type": "SYSTEM_UTTERANCE_REALIZED"})
2017-10-24 17:32:40,213 - TdmApplication - DEBUG - FrontendConnectionHandler(id=140304787474768, session='2017-10-24T17_32_29_0').on_event(Event(FACTS, [{predicate: say_step, grammar_entry: None, value: Step one: preheat the oven to 180 degrees.}], sender=DmeModule, reason=None))
2017-10-24 17:32:40,213 - TdmApplication - DEBUG - FrontendConnectionHandler(id=140304787474768, session='2017-10-24T17_32_29_0'): writing {"content": [{"predicate": "say_step", "grammar_entry": null, "value": "Step one: preheat the oven to 180 degrees."}], "_sender": "DmeModule", "_reason": null, "event_type": "FACTS"}
2017-10-24 17:32:40,213 - TdmApplication - DEBUG - FrontendConnectionHandler(id=140304787474768, session='2017-10-24T17_32_29_0'): OK
2017-10-24 17:32:46,204 - TdmApplication - DEBUG - FrontendConnectionHandler(id=140304787474768, session='2017-10-24T17_32_29_0').on_message({"content": [{"score": 1.0, "utterance": ""}], "_sender": "TextInputComponent", "_reason": null, "event_type": "RECOGNITION"})
2017-10-24 17:32:46,210 - TdmApplication - DEBUG - FrontendConnectionHandler(id=140304787474768, session='2017-10-24T17_32_29_0').on_event(Event(FACTS, [], sender=DmeModule, reason=None))
2017-10-24 17:32:46,210 - TdmApplication - DEBUG - FrontendConnectionHandler(id=140304787474768, session='2017-10-24T17_32_29_0'): writing {"content": [], "_sender": "DmeModule", "_reason": null, "event_type": "FACTS"}
2017-10-24 17:32:46,210 - TdmApplication - DEBUG - FrontendConnectionHandler(id=140304787474768, session='2017-10-24T17_32_29_0'): OK
2017-10-24 17:32:46,219 - TdmApplication - DEBUG - FrontendConnectionHandler(id=140304787474768, session='2017-10-24T17_32_29_0').on_event(Event(STOP_SPEAKING, None, sender=TurnManager, reason=None))
2017-10-24 17:32:46,219 - TdmApplication - DEBUG - FrontendConnectionHandler(id=140304787474768, session='2017-10-24T17_32_29_0'): writing {"content": null, "_sender": "TurnManager", "_reason": null, "event_type": "STOP_SPEAKING"}
2017-10-24 17:32:46,219 - TdmApplication - DEBUG - FrontendConnectionHandler(id=140304787474768, session='2017-10-24T17_32_29_0'): OK
2017-10-24 17:32:46,220 - TdmApplication - DEBUG - FrontendConnectionHandler(id=140304787474768, session='2017-10-24T17_32_29_0').on_event(Event(SYSTEM_UTTERANCE_TO_SPEAK, [Returning to the start view., What would you like to do?], sender=GenerateModule, reason=None))
2017-10-24 17:32:46,220 - TdmApplication - DEBUG - FrontendConnectionHandler(id=140304787474768, session='2017-10-24T17_32_29_0'): writing {"content": ["Returning to the start view.", "What would you like to do?"], "_sender": "GenerateModule", "_reason": null, "event_type": "SYSTEM_UTTERANCE_TO_SPEAK"}
2017-10-24 17:32:46,220 - TdmApplication - DEBUG - FrontendConnectionHandler(id=140304787474768, session='2017-10-24T17_32_29_0'): OK
2017-10-24 17:32:46,221 - TdmApplication - DEBUG - FrontendConnectionHandler(id=140304787474768, session='2017-10-24T17_32_29_0').on_event(Event(MESSAGE_TO_GUI, [<tdm.tdm_gui_protocol.ClosePopup instance at 0x7f9b40103f38>], sender=GuiBackend, reason=None))
2017-10-24 17:32:46,221 - TdmApplication - DEBUG - FrontendConnectionHandler(id=140304787474768, session='2017-10-24T17_32_29_0'): writing {"content": [{"ClosePopup": {}}], "_sender": "GuiBackend", "_reason": null, "event_type": "MESSAGE_TO_GUI"}
2017-10-24 17:32:46,221 - TdmApplication - DEBUG - FrontendConnectionHandler(id=140304787474768, session='2017-10-24T17_32_29_0'): OK
2017-10-24 17:32:46,236 - TdmApplication - DEBUG - FrontendConnectionHandler(id=140304787474768, session='2017-10-24T17_32_29_0').on_message({"content": ["Returning to the start view.", "What would you like to do?"], "_sender": "TextOutputComponent", "_reason": null, "event_type": "SYSTEM_UTTERANCE_REALIZED"})
2017-10-24 17:32:46,259 - TdmApplication - DEBUG - FrontendConnectionHandler(id=140304787474768, session='2017-10-24T17_32_29_0').on_event(Event(FACTS, [], sender=DmeModule, reason=None))
2017-10-24 17:32:46,260 - TdmApplication - DEBUG - FrontendConnectionHandler(id=140304787474768, session='2017-10-24T17_32_29_0'): writing {"content": [], "_sender": "DmeModule", "_reason": null, "event_type": "FACTS"}
2017-10-24 17:32:46,260 - TdmApplication - DEBUG - FrontendConnectionHandler(id=140304787474768, session='2017-10-24T17_32_29_0'): OK
2017-10-24 17:32:46,287 - TdmApplication - DEBUG - FrontendConnectionHandler(id=140304787474768, session='2017-10-24T17_32_29_0').on_event(Event(FACTS, [], sender=DmeModule, reason=None))
2017-10-24 17:32:46,288 - TdmApplication - DEBUG - FrontendConnectionHandler(id=140304787474768, session='2017-10-24T17_32_29_0'): writing {"content": [], "_sender": "DmeModule", "_reason": null, "event_type": "FACTS"}
2017-10-24 17:32:46,288 - TdmApplication - DEBUG - FrontendConnectionHandler(id=140304787474768, session='2017-10-24T17_32_29_0'): OK
2017-10-24 17:32:46,295 - TdmApplication - DEBUG - FrontendConnectionHandler(id=140304787474768, session='2017-10-24T17_32_29_0').on_event(Event(SYSTEM_UTTERANCE_TO_SPEAK, [I heard you say., I don't understand.], sender=GenerateModule, reason=None))
2017-10-24 17:32:46,295 - TdmApplication - DEBUG - FrontendConnectionHandler(id=140304787474768, session='2017-10-24T17_32_29_0'): writing {"content": ["I heard you say.", "I don't understand."], "_sender": "GenerateModule", "_reason": null, "event_type": "SYSTEM_UTTERANCE_TO_SPEAK"}
2017-10-24 17:32:46,296 - TdmApplication - DEBUG - FrontendConnectionHandler(id=140304787474768, session='2017-10-24T17_32_29_0'): OK
2017-10-24 17:32:46,296 - TdmApplication - DEBUG - FrontendConnectionHandler(id=140304787474768, session='2017-10-24T17_32_29_0').on_event(Event(MESSAGE_TO_GUI, [], sender=GuiBackend, reason=None))
2017-10-24 17:32:46,296 - TdmApplication - DEBUG - FrontendConnectionHandler(id=140304787474768, session='2017-10-24T17_32_29_0'): writing {"content": [], "_sender": "GuiBackend", "_reason": null, "event_type": "MESSAGE_TO_GUI"}
2017-10-24 17:32:46,297 - TdmApplication - DEBUG - FrontendConnectionHandler(id=140304787474768, session='2017-10-24T17_32_29_0'): OK
2017-10-24 17:32:46,311 - TdmApplication - DEBUG - FrontendConnectionHandler(id=140304787474768, session='2017-10-24T17_32_29_0').on_message({"content": ["I heard you say.", "I don't understand."], "_sender": "TextOutputComponent", "_reason": null, "event_type": "SYSTEM_UTTERANCE_REALIZED"})
2017-10-24 17:32:46,336 - TdmApplication - DEBUG - FrontendConnectionHandler(id=140304787474768, session='2017-10-24T17_32_29_0').on_event(Event(FACTS, [], sender=DmeModule, reason=None))
2017-10-24 17:32:46,336 - TdmApplication - DEBUG - FrontendConnectionHandler(id=140304787474768, session='2017-10-24T17_32_29_0'): writing {"content": [], "_sender": "DmeModule", "_reason": null, "event_type": "FACTS"}
2017-10-24 17:32:46,336 - TdmApplication - DEBUG - FrontendConnectionHandler(id=140304787474768, session='2017-10-24T17_32_29_0'): OK
2017-10-24 17:32:49,622 - TdmApplication - DEBUG - FrontendConnectionHandler(id=140304787474768, session='2017-10-24T17_32_29_0').on_message({"content": [{"score": 1.0, "utterance": "next"}], "_sender": "TextInputComponent", "_reason": null, "event_type": "RECOGNITION"})
2017-10-24 17:32:49,628 - TdmApplication - DEBUG - FrontendConnectionHandler(id=140304787474768, session='2017-10-24T17_32_29_0').on_event(Event(STOP_LISTENING, None, sender=TurnManager, reason=None))
2017-10-24 17:32:49,628 - TdmApplication - DEBUG - FrontendConnectionHandler(id=140304787474768, session='2017-10-24T17_32_29_0'): writing {"content": null, "_sender": "TurnManager", "_reason": null, "event_type": "STOP_LISTENING"}
2017-10-24 17:32:49,628 - TdmApplication - DEBUG - FrontendConnectionHandler(id=140304787474768, session='2017-10-24T17_32_29_0'): OK
2017-10-24 17:32:49,650 - TdmApplication - DEBUG - FrontendConnectionHandler(id=140304787474768, session='2017-10-24T17_32_29_0').on_event(Event(FACTS, [], sender=DmeModule, reason=None))
2017-10-24 17:32:49,650 - TdmApplication - DEBUG - FrontendConnectionHandler(id=140304787474768, session='2017-10-24T17_32_29_0'): writing {"content": [], "_sender": "DmeModule", "_reason": null, "event_type": "FACTS"}
2017-10-24 17:32:49,650 - TdmApplication - DEBUG - FrontendConnectionHandler(id=140304787474768, session='2017-10-24T17_32_29_0'): OK
2017-10-24 17:32:49,657 - TdmApplication - DEBUG - FrontendConnectionHandler(id=140304787474768, session='2017-10-24T17_32_29_0').on_event(Event(SYSTEM_UTTERANCE_TO_SPEAK, [I heard you say next., I don't understand.], sender=GenerateModule, reason=None))
2017-10-24 17:32:49,657 - TdmApplication - DEBUG - FrontendConnectionHandler(id=140304787474768, session='2017-10-24T17_32_29_0'): writing {"content": ["I heard you say next.", "I don't understand."], "_sender": "GenerateModule", "_reason": null, "event_type": "SYSTEM_UTTERANCE_TO_SPEAK"}
2017-10-24 17:32:49,658 - TdmApplication - DEBUG - FrontendConnectionHandler(id=140304787474768, session='2017-10-24T17_32_29_0'): OK
2017-10-24 17:32:49,658 - TdmApplication - DEBUG - FrontendConnectionHandler(id=140304787474768, session='2017-10-24T17_32_29_0').on_event(Event(MESSAGE_TO_GUI, [], sender=GuiBackend, reason=None))
2017-10-24 17:32:49,658 - TdmApplication - DEBUG - FrontendConnectionHandler(id=140304787474768, session='2017-10-24T17_32_29_0'): writing {"content": [], "_sender": "GuiBackend", "_reason": null, "event_type": "MESSAGE_TO_GUI"}
2017-10-24 17:32:49,659 - TdmApplication - DEBUG - FrontendConnectionHandler(id=140304787474768, session='2017-10-24T17_32_29_0'): OK
2017-10-24 17:32:49,672 - TdmApplication - DEBUG - FrontendConnectionHandler(id=140304787474768, session='2017-10-24T17_32_29_0').on_message({"content": ["I heard you say next.", "I don't understand."], "_sender": "TextOutputComponent", "_reason": null, "event_type": "SYSTEM_UTTERANCE_REALIZED"})
2017-10-24 17:32:49,694 - TdmApplication - DEBUG - FrontendConnectionHandler(id=140304787474768, session='2017-10-24T17_32_29_0').on_event(Event(FACTS, [], sender=DmeModule, reason=None))
2017-10-24 17:32:49,694 - TdmApplication - DEBUG - FrontendConnectionHandler(id=140304787474768, session='2017-10-24T17_32_29_0'): writing {"content": [], "_sender": "DmeModule", "_reason": null, "event_type": "FACTS"}
2017-10-24 17:32:49,694 - TdmApplication - DEBUG - FrontendConnectionHandler(id=140304787474768, session='2017-10-24T17_32_29_0'): OK
2017-10-24 17:32:51,473 - TdmApplication - DEBUG - FrontendConnectionHandler(id=140304787474768, session='2017-10-24T17_32_29_0').on_message({"content": [{"score": 1.0, "utterance": "go to next"}], "_sender": "TextInputComponent", "_reason": null, "event_type": "RECOGNITION"})
2017-10-24 17:32:51,477 - TdmApplication - DEBUG - FrontendConnectionHandler(id=140304787474768, session='2017-10-24T17_32_29_0').on_event(Event(STOP_LISTENING, None, sender=TurnManager, reason=None))
2017-10-24 17:32:51,477 - TdmApplication - DEBUG - FrontendConnectionHandler(id=140304787474768, session='2017-10-24T17_32_29_0'): writing {"content": null, "_sender": "TurnManager", "_reason": null, "event_type": "STOP_LISTENING"}
2017-10-24 17:32:51,477 - TdmApplication - DEBUG - FrontendConnectionHandler(id=140304787474768, session='2017-10-24T17_32_29_0'): OK
2017-10-24 17:32:51,533 - TdmApplication - DEBUG - FrontendConnectionHandler(id=140304787474768, session='2017-10-24T17_32_29_0').on_event(Event(SELECTED_RECOGNITION, go to next, sender=DmeModule, reason=None))
2017-10-24 17:32:51,533 - TdmApplication - DEBUG - FrontendConnectionHandler(id=140304787474768, session='2017-10-24T17_32_29_0'): writing {"content": "go to next", "_sender": "DmeModule", "_reason": null, "event_type": "SELECTED_RECOGNITION"}
2017-10-24 17:32:51,533 - TdmApplication - DEBUG - FrontendConnectionHandler(id=140304787474768, session='2017-10-24T17_32_29_0'): OK
2017-10-24 17:32:51,534 - TdmApplication - DEBUG - FrontendConnectionHandler(id=140304787474768, session='2017-10-24T17_32_29_0').on_event(Event(FACTS, [], sender=DmeModule, reason=None))
2017-10-24 17:32:51,534 - TdmApplication - DEBUG - FrontendConnectionHandler(id=140304787474768, session='2017-10-24T17_32_29_0'): writing {"content": [], "_sender": "DmeModule", "_reason": null, "event_type": "FACTS"}
2017-10-24 17:32:51,534 - TdmApplication - DEBUG - FrontendConnectionHandler(id=140304787474768, session='2017-10-24T17_32_29_0'): OK
2017-10-24 17:32:51,546 - TdmApplication - DEBUG - FrontendConnectionHandler(id=140304787474768, session='2017-10-24T17_32_29_0').on_event(Event(SYSTEM_UTTERANCE_TO_SPEAK, [, Next], sender=GenerateModule, reason=None))
2017-10-24 17:32:51,546 - TdmApplication - DEBUG - FrontendConnectionHandler(id=140304787474768, session='2017-10-24T17_32_29_0'): writing {"content": ["", "Next"], "_sender": "GenerateModule", "_reason": null, "event_type": "SYSTEM_UTTERANCE_TO_SPEAK"}
2017-10-24 17:32:51,546 - TdmApplication - DEBUG - FrontendConnectionHandler(id=140304787474768, session='2017-10-24T17_32_29_0'): OK
2017-10-24 17:32:51,547 - TdmApplication - DEBUG - FrontendConnectionHandler(id=140304787474768, session='2017-10-24T17_32_29_0').on_event(Event(GUI.POPUP, {options: [], title: Next}, sender=IndependentGuiBackend, reason=None))
2017-10-24 17:32:51,547 - TdmApplication - DEBUG - FrontendConnectionHandler(id=140304787474768, session='2017-10-24T17_32_29_0'): writing {"content": {"options": [], "title": "Next"}, "_sender": "IndependentGuiBackend", "_reason": null, "event_type": "GUI.POPUP"}
2017-10-24 17:32:51,548 - TdmApplication - DEBUG - FrontendConnectionHandler(id=140304787474768, session='2017-10-24T17_32_29_0'): OK
2017-10-24 17:32:51,549 - TdmApplication - DEBUG - FrontendConnectionHandler(id=140304787474768, session='2017-10-24T17_32_29_0').on_event(Event(MESSAGE_TO_GUI, [<tdm.tdm_gui_protocol.DeviceResult instance at 0x7f9b400bfea8>, <tdm.tdm_gui_protocol.Popup instance at 0x7f9b400bfb90>], sender=GuiBackend, reason=None))
2017-10-24 17:32:51,549 - TdmApplication - DEBUG - FrontendConnectionHandler(id=140304787474768, session='2017-10-24T17_32_29_0'): writing {"content": [{"DeviceResult": {"action": "go_to_next", "result": true, "arguments": {}, "failure_reason": null}}, {"Popup": {"elements": [], "title": "Next"}}], "_sender": "GuiBackend", "_reason": null, "event_type": "MESSAGE_TO_GUI"}
2017-10-24 17:32:51,549 - TdmApplication - DEBUG - FrontendConnectionHandler(id=140304787474768, session='2017-10-24T17_32_29_0'): OK
2017-10-24 17:32:51,558 - TdmApplication - DEBUG - FrontendConnectionHandler(id=140304787474768, session='2017-10-24T17_32_29_0').on_message({"content": ["", "Next"], "_sender": "TextOutputComponent", "_reason": null, "event_type": "SYSTEM_UTTERANCE_REALIZED"})
2017-10-24 17:32:51,616 - TdmApplication - DEBUG - FrontendConnectionHandler(id=140304787474768, session='2017-10-24T17_32_29_0').on_event(Event(FACTS, [{predicate: say_step, grammar_entry: None, value: Step two: Make the ragu. Heat the olive oil in a frying pan and fry the celery, carrots and onion for approximately 15 minutes. Add the beef and pork. Pour in red wine and stir well. Cook for 45 minutes.}], sender=DmeModule, reason=None))
2017-10-24 17:32:51,617 - TdmApplication - DEBUG - FrontendConnectionHandler(id=140304787474768, session='2017-10-24T17_32_29_0'): writing {"content": [{"predicate": "say_step", "grammar_entry": null, "value": "Step two: Make the ragu. Heat the olive oil in a frying pan and fry the celery, carrots and onion for approximately 15 minutes. Add the beef and pork. Pour in red wine and stir well. Cook for 45 minutes."}], "_sender": "DmeModule", "_reason": null, "event_type": "FACTS"}
2017-10-24 17:32:51,617 - TdmApplication - DEBUG - FrontendConnectionHandler(id=140304787474768, session='2017-10-24T17_32_29_0'): OK
2017-10-24 17:32:51,629 - TdmApplication - DEBUG - FrontendConnectionHandler(id=140304787474768, session='2017-10-24T17_32_29_0').on_event(Event(SYSTEM_UTTERANCE_TO_SPEAK, [, Are you done?], sender=GenerateModule, reason=None))
2017-10-24 17:32:51,630 - TdmApplication - DEBUG - FrontendConnectionHandler(id=140304787474768, session='2017-10-24T17_32_29_0'): writing {"content": ["", "Are you done?"], "_sender": "GenerateModule", "_reason": null, "event_type": "SYSTEM_UTTERANCE_TO_SPEAK"}
2017-10-24 17:32:51,630 - TdmApplication - DEBUG - FrontendConnectionHandler(id=140304787474768, session='2017-10-24T17_32_29_0'): OK
2017-10-24 17:32:51,630 - TdmApplication - DEBUG - FrontendConnectionHandler(id=140304787474768, session='2017-10-24T17_32_29_0').on_event(Event(MESSAGE_TO_GUI, [<tdm.tdm_gui_protocol.ClosePopup instance at 0x7f9b401499e0>], sender=GuiBackend, reason=None))
2017-10-24 17:32:51,631 - TdmApplication - DEBUG - FrontendConnectionHandler(id=140304787474768, session='2017-10-24T17_32_29_0'): writing {"content": [{"ClosePopup": {}}], "_sender": "GuiBackend", "_reason": null, "event_type": "MESSAGE_TO_GUI"}
2017-10-24 17:32:51,631 - TdmApplication - DEBUG - FrontendConnectionHandler(id=140304787474768, session='2017-10-24T17_32_29_0'): OK
2017-10-24 17:32:51,695 - TdmApplication - DEBUG - FrontendConnectionHandler(id=140304787474768, session='2017-10-24T17_32_29_0').on_message({"content": ["", "Are you done?"], "_sender": "TextOutputComponent", "_reason": null, "event_type": "SYSTEM_UTTERANCE_REALIZED"})
2017-10-24 17:32:51,724 - TdmApplication - DEBUG - FrontendConnectionHandler(id=140304787474768, session='2017-10-24T17_32_29_0').on_event(Event(FACTS, [{predicate: say_step, grammar_entry: None, value: Step two: Make the ragu. Heat the olive oil in a frying pan and fry the celery, carrots and onion for approximately 15 minutes. Add the beef and pork. Pour in red wine and stir well. Cook for 45 minutes.}], sender=DmeModule, reason=None))
2017-10-24 17:32:51,724 - TdmApplication - DEBUG - FrontendConnectionHandler(id=140304787474768, session='2017-10-24T17_32_29_0'): writing {"content": [{"predicate": "say_step", "grammar_entry": null, "value": "Step two: Make the ragu. Heat the olive oil in a frying pan and fry the celery, carrots and onion for approximately 15 minutes. Add the beef and pork. Pour in red wine and stir well. Cook for 45 minutes."}], "_sender": "DmeModule", "_reason": null, "event_type": "FACTS"}
2017-10-24 17:32:51,724 - TdmApplication - DEBUG - FrontendConnectionHandler(id=140304787474768, session='2017-10-24T17_32_29_0'): OK
2017-10-24 17:32:55,505 - TdmApplication - DEBUG - FrontendConnectionHandler(id=140304787474768, session='2017-10-24T17_32_29_0').on_message({"content": [{"score": 1.0, "utterance": "yes"}], "_sender": "TextInputComponent", "_reason": null, "event_type": "RECOGNITION"})
2017-10-24 17:32:55,509 - TdmApplication - DEBUG - FrontendConnectionHandler(id=140304787474768, session='2017-10-24T17_32_29_0').on_event(Event(STOP_LISTENING, None, sender=TurnManager, reason=None))
2017-10-24 17:32:55,509 - TdmApplication - DEBUG - FrontendConnectionHandler(id=140304787474768, session='2017-10-24T17_32_29_0'): writing {"content": null, "_sender": "TurnManager", "_reason": null, "event_type": "STOP_LISTENING"}
2017-10-24 17:32:55,509 - TdmApplication - DEBUG - FrontendConnectionHandler(id=140304787474768, session='2017-10-24T17_32_29_0'): OK
2017-10-24 17:32:55,597 - TdmApplication - DEBUG - FrontendConnectionHandler(id=140304787474768, session='2017-10-24T17_32_29_0').on_event(Event(SELECTED_RECOGNITION, yes, sender=DmeModule, reason=None))
2017-10-24 17:32:55,597 - TdmApplication - DEBUG - FrontendConnectionHandler(id=140304787474768, session='2017-10-24T17_32_29_0'): writing {"content": "yes", "_sender": "DmeModule", "_reason": null, "event_type": "SELECTED_RECOGNITION"}
2017-10-24 17:32:55,597 - TdmApplication - DEBUG - FrontendConnectionHandler(id=140304787474768, session='2017-10-24T17_32_29_0'): OK
2017-10-24 17:32:55,599 - TdmApplication - DEBUG - FrontendConnectionHandler(id=140304787474768, session='2017-10-24T17_32_29_0').on_event(Event(FACTS, [{predicate: say_step, grammar_entry: None, value: Step two: Make the ragu. Heat the olive oil in a frying pan and fry the celery, carrots and onion for approximately 15 minutes. Add the beef and pork. Pour in red wine and stir well. Cook for 45 minutes.}], sender=DmeModule, reason=None))
2017-10-24 17:32:55,599 - TdmApplication - DEBUG - FrontendConnectionHandler(id=140304787474768, session='2017-10-24T17_32_29_0'): writing {"content": [{"predicate": "say_step", "grammar_entry": null, "value": "Step two: Make the ragu. Heat the olive oil in a frying pan and fry the celery, carrots and onion for approximately 15 minutes. Add the beef and pork. Pour in red wine and stir well. Cook for 45 minutes."}], "_sender": "DmeModule", "_reason": null, "event_type": "FACTS"}
2017-10-24 17:32:55,599 - TdmApplication - DEBUG - FrontendConnectionHandler(id=140304787474768, session='2017-10-24T17_32_29_0'): OK
2017-10-24 17:32:55,609 - TdmApplication - DEBUG - FrontendConnectionHandler(id=140304787474768, session='2017-10-24T17_32_29_0').on_event(Event(SYSTEM_UTTERANCE_TO_SPEAK, [Ok Step two: Make the ragu. Heat the olive oil in a frying pan and fry the celery, carrots and onion for approximately 15 minutes. Add the beef and pork. Pour in red wine and stir well. Cook for 45 minutes..], sender=GenerateModule, reason=None))
2017-10-24 17:32:55,609 - TdmApplication - DEBUG - FrontendConnectionHandler(id=140304787474768, session='2017-10-24T17_32_29_0'): writing {"content": ["Ok Step two: Make the ragu. Heat the olive oil in a frying pan and fry the celery, carrots and onion for approximately 15 minutes. Add the beef and pork. Pour in red wine and stir well. Cook for 45 minutes.."], "_sender": "GenerateModule", "_reason": null, "event_type": "SYSTEM_UTTERANCE_TO_SPEAK"}
2017-10-24 17:32:55,609 - TdmApplication - DEBUG - FrontendConnectionHandler(id=140304787474768, session='2017-10-24T17_32_29_0'): OK
2017-10-24 17:32:55,611 - TdmApplication - DEBUG - FrontendConnectionHandler(id=140304787474768, session='2017-10-24T17_32_29_0').on_event(Event(GUI.POPUP, {options: [], title: Ok Step two: Make the ragu. Heat the olive oil in a frying pan and fry the celery, carrots and onion for approximately 15 minutes. Add the beef and pork. Pour in red wine and stir well. Cook for 45 minutes..}, sender=IndependentGuiBackend, reason=None))
2017-10-24 17:32:55,611 - TdmApplication - DEBUG - FrontendConnectionHandler(id=140304787474768, session='2017-10-24T17_32_29_0'): writing {"content": {"options": [], "title": "Ok Step two: Make the ragu. Heat the olive oil in a frying pan and fry the celery, carrots and onion for approximately 15 minutes. Add the beef and pork. Pour in red wine and stir well. Cook for 45 minutes.."}, "_sender": "IndependentGuiBackend", "_reason": null, "event_type": "GUI.POPUP"}
2017-10-24 17:32:55,611 - TdmApplication - DEBUG - FrontendConnectionHandler(id=140304787474768, session='2017-10-24T17_32_29_0'): OK
2017-10-24 17:32:55,612 - TdmApplication - DEBUG - FrontendConnectionHandler(id=140304787474768, session='2017-10-24T17_32_29_0').on_event(Event(MESSAGE_TO_GUI, [<tdm.tdm_gui_protocol.Popup instance at 0x7f9b400f5cf8>], sender=GuiBackend, reason=None))
2017-10-24 17:32:55,613 - TdmApplication - DEBUG - FrontendConnectionHandler(id=140304787474768, session='2017-10-24T17_32_29_0'): writing {"content": [{"Popup": {"elements": [], "title": "Ok Step two: Make the ragu. Heat the olive oil in a frying pan and fry the celery, carrots and onion for approximately 15 minutes. Add the beef and pork. Pour in red wine and stir well. Cook for 45 minutes.."}}], "_sender": "GuiBackend", "_reason": null, "event_type": "MESSAGE_TO_GUI"}
2017-10-24 17:32:55,613 - TdmApplication - DEBUG - FrontendConnectionHandler(id=140304787474768, session='2017-10-24T17_32_29_0'): OK
2017-10-24 17:32:55,634 - TdmApplication - DEBUG - FrontendConnectionHandler(id=140304787474768, session='2017-10-24T17_32_29_0').on_message({"content": ["Ok Step two: Make the ragu. Heat the olive oil in a frying pan and fry the celery, carrots and onion for approximately 15 minutes. Add the beef and pork. Pour in red wine and stir well. Cook for 45 minutes.."], "_sender": "TextOutputComponent", "_reason": null, "event_type": "SYSTEM_UTTERANCE_REALIZED"})
2017-10-24 17:32:55,661 - TdmApplication - DEBUG - FrontendConnectionHandler(id=140304787474768, session='2017-10-24T17_32_29_0').on_event(Event(FACTS, [{predicate: say_step, grammar_entry: None, value: Step two: Make the ragu. Heat the olive oil in a frying pan and fry the celery, carrots and onion for approximately 15 minutes. Add the beef and pork. Pour in red wine and stir well. Cook for 45 minutes.}], sender=DmeModule, reason=None))
2017-10-24 17:32:55,661 - TdmApplication - DEBUG - FrontendConnectionHandler(id=140304787474768, session='2017-10-24T17_32_29_0'): writing {"content": [{"predicate": "say_step", "grammar_entry": null, "value": "Step two: Make the ragu. Heat the olive oil in a frying pan and fry the celery, carrots and onion for approximately 15 minutes. Add the beef and pork. Pour in red wine and stir well. Cook for 45 minutes."}], "_sender": "DmeModule", "_reason": null, "event_type": "FACTS"}
2017-10-24 17:32:55,661 - TdmApplication - DEBUG - FrontendConnectionHandler(id=140304787474768, session='2017-10-24T17_32_29_0'): OK
2017-10-24 17:32:58,823 - TdmApplication - DEBUG - FrontendConnectionHandler(id=140304787474768, session='2017-10-24T17_32_29_0').on_message({"content": [{"score": 1.0, "utterance": "next"}], "_sender": "TextInputComponent", "_reason": null, "event_type": "RECOGNITION"})
2017-10-24 17:32:58,829 - TdmApplication - DEBUG - FrontendConnectionHandler(id=140304787474768, session='2017-10-24T17_32_29_0').on_event(Event(FACTS, [], sender=DmeModule, reason=None))
2017-10-24 17:32:58,829 - TdmApplication - DEBUG - FrontendConnectionHandler(id=140304787474768, session='2017-10-24T17_32_29_0'): writing {"content": [], "_sender": "DmeModule", "_reason": null, "event_type": "FACTS"}
2017-10-24 17:32:58,829 - TdmApplication - DEBUG - FrontendConnectionHandler(id=140304787474768, session='2017-10-24T17_32_29_0'): OK
2017-10-24 17:32:58,839 - TdmApplication - DEBUG - FrontendConnectionHandler(id=140304787474768, session='2017-10-24T17_32_29_0').on_event(Event(STOP_SPEAKING, None, sender=TurnManager, reason=None))
2017-10-24 17:32:58,839 - TdmApplication - DEBUG - FrontendConnectionHandler(id=140304787474768, session='2017-10-24T17_32_29_0'): writing {"content": null, "_sender": "TurnManager", "_reason": null, "event_type": "STOP_SPEAKING"}
2017-10-24 17:32:58,839 - TdmApplication - DEBUG - FrontendConnectionHandler(id=140304787474768, session='2017-10-24T17_32_29_0'): OK
2017-10-24 17:32:58,840 - TdmApplication - DEBUG - FrontendConnectionHandler(id=140304787474768, session='2017-10-24T17_32_29_0').on_event(Event(SYSTEM_UTTERANCE_TO_SPEAK, [Returning to the start view., What would you like to do?], sender=GenerateModule, reason=None))
2017-10-24 17:32:58,841 - TdmApplication - DEBUG - FrontendConnectionHandler(id=140304787474768, session='2017-10-24T17_32_29_0'): writing {"content": ["Returning to the start view.", "What would you like to do?"], "_sender": "GenerateModule", "_reason": null, "event_type": "SYSTEM_UTTERANCE_TO_SPEAK"}
2017-10-24 17:32:58,841 - TdmApplication - DEBUG - FrontendConnectionHandler(id=140304787474768, session='2017-10-24T17_32_29_0'): OK
2017-10-24 17:32:58,842 - TdmApplication - DEBUG - FrontendConnectionHandler(id=140304787474768, session='2017-10-24T17_32_29_0').on_event(Event(MESSAGE_TO_GUI, [<tdm.tdm_gui_protocol.ClosePopup instance at 0x7f9b400ee248>], sender=GuiBackend, reason=None))
2017-10-24 17:32:58,843 - TdmApplication - DEBUG - FrontendConnectionHandler(id=140304787474768, session='2017-10-24T17_32_29_0'): writing {"content": [{"ClosePopup": {}}], "_sender": "GuiBackend", "_reason": null, "event_type": "MESSAGE_TO_GUI"}
2017-10-24 17:32:58,843 - TdmApplication - DEBUG - FrontendConnectionHandler(id=140304787474768, session='2017-10-24T17_32_29_0'): OK
2017-10-24 17:32:58,846 - TdmApplication - DEBUG - FrontendConnectionHandler(id=140304787474768, session='2017-10-24T17_32_29_0').on_message({"content": ["Returning to the start view.", "What would you like to do?"], "_sender": "TextOutputComponent", "_reason": null, "event_type": "SYSTEM_UTTERANCE_REALIZED"})
2017-10-24 17:32:58,871 - TdmApplication - DEBUG - FrontendConnectionHandler(id=140304787474768, session='2017-10-24T17_32_29_0').on_event(Event(FACTS, [], sender=DmeModule, reason=None))
2017-10-24 17:32:58,871 - TdmApplication - DEBUG - FrontendConnectionHandler(id=140304787474768, session='2017-10-24T17_32_29_0'): writing {"content": [], "_sender": "DmeModule", "_reason": null, "event_type": "FACTS"}
2017-10-24 17:32:58,872 - TdmApplication - DEBUG - FrontendConnectionHandler(id=140304787474768, session='2017-10-24T17_32_29_0'): OK
2017-10-24 17:32:58,901 - TdmApplication - DEBUG - FrontendConnectionHandler(id=140304787474768, session='2017-10-24T17_32_29_0').on_event(Event(FACTS, [], sender=DmeModule, reason=None))
2017-10-24 17:32:58,901 - TdmApplication - DEBUG - FrontendConnectionHandler(id=140304787474768, session='2017-10-24T17_32_29_0'): writing {"content": [], "_sender": "DmeModule", "_reason": null, "event_type": "FACTS"}
2017-10-24 17:32:58,901 - TdmApplication - DEBUG - FrontendConnectionHandler(id=140304787474768, session='2017-10-24T17_32_29_0'): OK
2017-10-24 17:32:58,909 - TdmApplication - DEBUG - FrontendConnectionHandler(id=140304787474768, session='2017-10-24T17_32_29_0').on_event(Event(SYSTEM_UTTERANCE_TO_SPEAK, [I heard you say next., I don't understand.], sender=GenerateModule, reason=None))
2017-10-24 17:32:58,909 - TdmApplication - DEBUG - FrontendConnectionHandler(id=140304787474768, session='2017-10-24T17_32_29_0'): writing {"content": ["I heard you say next.", "I don't understand."], "_sender": "GenerateModule", "_reason": null, "event_type": "SYSTEM_UTTERANCE_TO_SPEAK"}
2017-10-24 17:32:58,909 - TdmApplication - DEBUG - FrontendConnectionHandler(id=140304787474768, session='2017-10-24T17_32_29_0'): OK
2017-10-24 17:32:58,910 - TdmApplication - DEBUG - FrontendConnectionHandler(id=140304787474768, session='2017-10-24T17_32_29_0').on_event(Event(MESSAGE_TO_GUI, [], sender=GuiBackend, reason=None))
2017-10-24 17:32:58,910 - TdmApplication - DEBUG - FrontendConnectionHandler(id=140304787474768, session='2017-10-24T17_32_29_0'): writing {"content": [], "_sender": "GuiBackend", "_reason": null, "event_type": "MESSAGE_TO_GUI"}
2017-10-24 17:32:58,910 - TdmApplication - DEBUG - FrontendConnectionHandler(id=140304787474768, session='2017-10-24T17_32_29_0'): OK
2017-10-24 17:32:58,927 - TdmApplication - DEBUG - FrontendConnectionHandler(id=140304787474768, session='2017-10-24T17_32_29_0').on_message({"content": ["I heard you say next.", "I don't understand."], "_sender": "TextOutputComponent", "_reason": null, "event_type": "SYSTEM_UTTERANCE_REALIZED"})
2017-10-24 17:32:58,950 - TdmApplication - DEBUG - FrontendConnectionHandler(id=140304787474768, session='2017-10-24T17_32_29_0').on_event(Event(FACTS, [], sender=DmeModule, reason=None))
2017-10-24 17:32:58,950 - TdmApplication - DEBUG - FrontendConnectionHandler(id=140304787474768, session='2017-10-24T17_32_29_0'): writing {"content": [], "_sender": "DmeModule", "_reason": null, "event_type": "FACTS"}
2017-10-24 17:32:58,950 - TdmApplication - DEBUG - FrontendConnectionHandler(id=140304787474768, session='2017-10-24T17_32_29_0'): OK
2017-10-24 17:33:02,095 - TdmApplication - DEBUG - FrontendConnectionHandler(id=140304787474768, session='2017-10-24T17_32_29_0').on_message({"content": [{"score": 1.0, "utterance": "go to next"}], "_sender": "TextInputComponent", "_reason": null, "event_type": "RECOGNITION"})
2017-10-24 17:33:02,099 - TdmApplication - DEBUG - FrontendConnectionHandler(id=140304787474768, session='2017-10-24T17_32_29_0').on_event(Event(STOP_LISTENING, None, sender=TurnManager, reason=None))
2017-10-24 17:33:02,099 - TdmApplication - DEBUG - FrontendConnectionHandler(id=140304787474768, session='2017-10-24T17_32_29_0'): writing {"content": null, "_sender": "TurnManager", "_reason": null, "event_type": "STOP_LISTENING"}
2017-10-24 17:33:02,099 - TdmApplication - DEBUG - FrontendConnectionHandler(id=140304787474768, session='2017-10-24T17_32_29_0'): OK
2017-10-24 17:33:02,167 - TdmApplication - DEBUG - FrontendConnectionHandler(id=140304787474768, session='2017-10-24T17_32_29_0').on_event(Event(SELECTED_RECOGNITION, go to next, sender=DmeModule, reason=None))
2017-10-24 17:33:02,168 - TdmApplication - DEBUG - FrontendConnectionHandler(id=140304787474768, session='2017-10-24T17_32_29_0'): writing {"content": "go to next", "_sender": "DmeModule", "_reason": null, "event_type": "SELECTED_RECOGNITION"}
2017-10-24 17:33:02,168 - TdmApplication - DEBUG - FrontendConnectionHandler(id=140304787474768, session='2017-10-24T17_32_29_0'): OK
2017-10-24 17:33:02,171 - TdmApplication - DEBUG - FrontendConnectionHandler(id=140304787474768, session='2017-10-24T17_32_29_0').on_event(Event(FACTS, [], sender=DmeModule, reason=None))
2017-10-24 17:33:02,171 - TdmApplication - DEBUG - FrontendConnectionHandler(id=140304787474768, session='2017-10-24T17_32_29_0'): writing {"content": [], "_sender": "DmeModule", "_reason": null, "event_type": "FACTS"}
2017-10-24 17:33:02,171 - TdmApplication - DEBUG - FrontendConnectionHandler(id=140304787474768, session='2017-10-24T17_32_29_0'): OK
2017-10-24 17:33:02,185 - TdmApplication - DEBUG - FrontendConnectionHandler(id=140304787474768, session='2017-10-24T17_32_29_0').on_event(Event(SYSTEM_UTTERANCE_TO_SPEAK, [, Next], sender=GenerateModule, reason=None))
2017-10-24 17:33:02,185 - TdmApplication - DEBUG - FrontendConnectionHandler(id=140304787474768, session='2017-10-24T17_32_29_0'): writing {"content": ["", "Next"], "_sender": "GenerateModule", "_reason": null, "event_type": "SYSTEM_UTTERANCE_TO_SPEAK"}
2017-10-24 17:33:02,185 - TdmApplication - DEBUG - FrontendConnectionHandler(id=140304787474768, session='2017-10-24T17_32_29_0'): OK
2017-10-24 17:33:02,187 - TdmApplication - DEBUG - FrontendConnectionHandler(id=140304787474768, session='2017-10-24T17_32_29_0').on_event(Event(GUI.POPUP, {options: [], title: Next}, sender=IndependentGuiBackend, reason=None))
2017-10-24 17:33:02,187 - TdmApplication - DEBUG - FrontendConnectionHandler(id=140304787474768, session='2017-10-24T17_32_29_0'): writing {"content": {"options": [], "title": "Next"}, "_sender": "IndependentGuiBackend", "_reason": null, "event_type": "GUI.POPUP"}
2017-10-24 17:33:02,187 - TdmApplication - DEBUG - FrontendConnectionHandler(id=140304787474768, session='2017-10-24T17_32_29_0'): OK
2017-10-24 17:33:02,188 - TdmApplication - DEBUG - FrontendConnectionHandler(id=140304787474768, session='2017-10-24T17_32_29_0').on_event(Event(MESSAGE_TO_GUI, [<tdm.tdm_gui_protocol.DeviceResult instance at 0x7f9b40150758>, <tdm.tdm_gui_protocol.Popup instance at 0x7f9b40150488>], sender=GuiBackend, reason=None))
2017-10-24 17:33:02,188 - TdmApplication - DEBUG - FrontendConnectionHandler(id=140304787474768, session='2017-10-24T17_32_29_0'): writing {"content": [{"DeviceResult": {"action": "go_to_next", "result": true, "arguments": {}, "failure_reason": null}}, {"Popup": {"elements": [], "title": "Next"}}], "_sender": "GuiBackend", "_reason": null, "event_type": "MESSAGE_TO_GUI"}
2017-10-24 17:33:02,189 - TdmApplication - DEBUG - FrontendConnectionHandler(id=140304787474768, session='2017-10-24T17_32_29_0'): OK
2017-10-24 17:33:02,192 - TdmApplication - DEBUG - FrontendConnectionHandler(id=140304787474768, session='2017-10-24T17_32_29_0').on_message({"content": ["", "Next"], "_sender": "TextOutputComponent", "_reason": null, "event_type": "SYSTEM_UTTERANCE_REALIZED"})
2017-10-24 17:33:02,252 - TdmApplication - DEBUG - FrontendConnectionHandler(id=140304787474768, session='2017-10-24T17_32_29_0').on_event(Event(FACTS, [{predicate: say_step, grammar_entry: None, value: Step three: add the tomatoes and stock. Cook slowly for two hours. Season with salt and freshly ground black pepper.}], sender=DmeModule, reason=None))
2017-10-24 17:33:02,252 - TdmApplication - DEBUG - FrontendConnectionHandler(id=140304787474768, session='2017-10-24T17_32_29_0'): writing {"content": [{"predicate": "say_step", "grammar_entry": null, "value": "Step three: add the tomatoes and stock. Cook slowly for two hours. Season with salt and freshly ground black pepper."}], "_sender": "DmeModule", "_reason": null, "event_type": "FACTS"}
2017-10-24 17:33:02,252 - TdmApplication - DEBUG - FrontendConnectionHandler(id=140304787474768, session='2017-10-24T17_32_29_0'): OK
2017-10-24 17:33:02,264 - TdmApplication - DEBUG - FrontendConnectionHandler(id=140304787474768, session='2017-10-24T17_32_29_0').on_event(Event(SYSTEM_UTTERANCE_TO_SPEAK, [, Are you done?], sender=GenerateModule, reason=None))
2017-10-24 17:33:02,265 - TdmApplication - DEBUG - FrontendConnectionHandler(id=140304787474768, session='2017-10-24T17_32_29_0'): writing {"content": ["", "Are you done?"], "_sender": "GenerateModule", "_reason": null, "event_type": "SYSTEM_UTTERANCE_TO_SPEAK"}
2017-10-24 17:33:02,265 - TdmApplication - DEBUG - FrontendConnectionHandler(id=140304787474768, session='2017-10-24T17_32_29_0'): OK
2017-10-24 17:33:02,265 - TdmApplication - DEBUG - FrontendConnectionHandler(id=140304787474768, session='2017-10-24T17_32_29_0').on_event(Event(MESSAGE_TO_GUI, [<tdm.tdm_gui_protocol.ClosePopup instance at 0x7f9b40150290>], sender=GuiBackend, reason=None))
2017-10-24 17:33:02,266 - TdmApplication - DEBUG - FrontendConnectionHandler(id=140304787474768, session='2017-10-24T17_32_29_0'): writing {"content": [{"ClosePopup": {}}], "_sender": "GuiBackend", "_reason": null, "event_type": "MESSAGE_TO_GUI"}
2017-10-24 17:33:02,266 - TdmApplication - DEBUG - FrontendConnectionHandler(id=140304787474768, session='2017-10-24T17_32_29_0'): OK
2017-10-24 17:33:02,299 - TdmApplication - DEBUG - FrontendConnectionHandler(id=140304787474768, session='2017-10-24T17_32_29_0').on_message({"content": ["", "Are you done?"], "_sender": "TextOutputComponent", "_reason": null, "event_type": "SYSTEM_UTTERANCE_REALIZED"})
2017-10-24 17:33:02,325 - TdmApplication - DEBUG - FrontendConnectionHandler(id=140304787474768, session='2017-10-24T17_32_29_0').on_event(Event(FACTS, [{predicate: say_step, grammar_entry: None, value: Step three: add the tomatoes and stock. Cook slowly for two hours. Season with salt and freshly ground black pepper.}], sender=DmeModule, reason=None))
2017-10-24 17:33:02,325 - TdmApplication - DEBUG - FrontendConnectionHandler(id=140304787474768, session='2017-10-24T17_32_29_0'): writing {"content": [{"predicate": "say_step", "grammar_entry": null, "value": "Step three: add the tomatoes and stock. Cook slowly for two hours. Season with salt and freshly ground black pepper."}], "_sender": "DmeModule", "_reason": null, "event_type": "FACTS"}
2017-10-24 17:33:02,326 - TdmApplication - DEBUG - FrontendConnectionHandler(id=140304787474768, session='2017-10-24T17_32_29_0'): OK
2017-10-24 17:33:03,499 - TdmApplication - DEBUG - FrontendConnectionHandler(id=140304787474768, session='2017-10-24T17_32_29_0').on_message({"content": [{"score": 1.0, "utterance": "no"}], "_sender": "TextInputComponent", "_reason": null, "event_type": "RECOGNITION"})
2017-10-24 17:33:03,505 - TdmApplication - DEBUG - FrontendConnectionHandler(id=140304787474768, session='2017-10-24T17_32_29_0').on_event(Event(STOP_LISTENING, None, sender=TurnManager, reason=None))
2017-10-24 17:33:03,506 - TdmApplication - DEBUG - FrontendConnectionHandler(id=140304787474768, session='2017-10-24T17_32_29_0'): writing {"content": null, "_sender": "TurnManager", "_reason": null, "event_type": "STOP_LISTENING"}
2017-10-24 17:33:03,506 - TdmApplication - DEBUG - FrontendConnectionHandler(id=140304787474768, session='2017-10-24T17_32_29_0'): OK
2017-10-24 17:33:03,590 - TdmApplication - DEBUG - FrontendConnectionHandler(id=140304787474768, session='2017-10-24T17_32_29_0').on_event(Event(SELECTED_RECOGNITION, no, sender=DmeModule, reason=None))
2017-10-24 17:33:03,590 - TdmApplication - DEBUG - FrontendConnectionHandler(id=140304787474768, session='2017-10-24T17_32_29_0'): writing {"content": "no", "_sender": "DmeModule", "_reason": null, "event_type": "SELECTED_RECOGNITION"}
2017-10-24 17:33:03,590 - TdmApplication - DEBUG - FrontendConnectionHandler(id=140304787474768, session='2017-10-24T17_32_29_0'): OK
2017-10-24 17:33:03,591 - TdmApplication - DEBUG - FrontendConnectionHandler(id=140304787474768, session='2017-10-24T17_32_29_0').on_event(Event(FACTS, [{predicate: say_step, grammar_entry: None, value: Step three: add the tomatoes and stock. Cook slowly for two hours. Season with salt and freshly ground black pepper.}], sender=DmeModule, reason=None))
2017-10-24 17:33:03,591 - TdmApplication - DEBUG - FrontendConnectionHandler(id=140304787474768, session='2017-10-24T17_32_29_0'): writing {"content": [{"predicate": "say_step", "grammar_entry": null, "value": "Step three: add the tomatoes and stock. Cook slowly for two hours. Season with salt and freshly ground black pepper."}], "_sender": "DmeModule", "_reason": null, "event_type": "FACTS"}
2017-10-24 17:33:03,591 - TdmApplication - DEBUG - FrontendConnectionHandler(id=140304787474768, session='2017-10-24T17_32_29_0'): OK
2017-10-24 17:33:03,604 - TdmApplication - DEBUG - FrontendConnectionHandler(id=140304787474768, session='2017-10-24T17_32_29_0').on_event(Event(SYSTEM_UTTERANCE_TO_SPEAK, [Ok Step three: add the tomatoes and stock. Cook slowly for two hours. Season with salt and freshly ground black pepper..], sender=GenerateModule, reason=None))
2017-10-24 17:33:03,604 - TdmApplication - DEBUG - FrontendConnectionHandler(id=140304787474768, session='2017-10-24T17_32_29_0'): writing {"content": ["Ok Step three: add the tomatoes and stock. Cook slowly for two hours. Season with salt and freshly ground black pepper.."], "_sender": "GenerateModule", "_reason": null, "event_type": "SYSTEM_UTTERANCE_TO_SPEAK"}
2017-10-24 17:33:03,604 - TdmApplication - DEBUG - FrontendConnectionHandler(id=140304787474768, session='2017-10-24T17_32_29_0'): OK
2017-10-24 17:33:03,606 - TdmApplication - DEBUG - FrontendConnectionHandler(id=140304787474768, session='2017-10-24T17_32_29_0').on_event(Event(GUI.POPUP, {options: [], title: Ok Step three: add the tomatoes and stock. Cook slowly for two hours. Season with salt and freshly ground black pepper..}, sender=IndependentGuiBackend, reason=None))
2017-10-24 17:33:03,606 - TdmApplication - DEBUG - FrontendConnectionHandler(id=140304787474768, session='2017-10-24T17_32_29_0'): writing {"content": {"options": [], "title": "Ok Step three: add the tomatoes and stock. Cook slowly for two hours. Season with salt and freshly ground black pepper.."}, "_sender": "IndependentGuiBackend", "_reason": null, "event_type": "GUI.POPUP"}
2017-10-24 17:33:03,606 - TdmApplication - DEBUG - FrontendConnectionHandler(id=140304787474768, session='2017-10-24T17_32_29_0'): OK
2017-10-24 17:33:03,609 - TdmApplication - DEBUG - FrontendConnectionHandler(id=140304787474768, session='2017-10-24T17_32_29_0').on_event(Event(MESSAGE_TO_GUI, [<tdm.tdm_gui_protocol.Popup instance at 0x7f9b400eeab8>], sender=GuiBackend, reason=None))
2017-10-24 17:33:03,609 - TdmApplication - DEBUG - FrontendConnectionHandler(id=140304787474768, session='2017-10-24T17_32_29_0'): writing {"content": [{"Popup": {"elements": [], "title": "Ok Step three: add the tomatoes and stock. Cook slowly for two hours. Season with salt and freshly ground black pepper.."}}], "_sender": "GuiBackend", "_reason": null, "event_type": "MESSAGE_TO_GUI"}
2017-10-24 17:33:03,610 - TdmApplication - DEBUG - FrontendConnectionHandler(id=140304787474768, session='2017-10-24T17_32_29_0'): OK
2017-10-24 17:33:03,612 - TdmApplication - DEBUG - FrontendConnectionHandler(id=140304787474768, session='2017-10-24T17_32_29_0').on_message({"content": ["Ok Step three: add the tomatoes and stock. Cook slowly for two hours. Season with salt and freshly ground black pepper.."], "_sender": "TextOutputComponent", "_reason": null, "event_type": "SYSTEM_UTTERANCE_REALIZED"})
2017-10-24 17:33:03,639 - TdmApplication - DEBUG - FrontendConnectionHandler(id=140304787474768, session='2017-10-24T17_32_29_0').on_event(Event(FACTS, [{predicate: say_step, grammar_entry: None, value: Step three: add the tomatoes and stock. Cook slowly for two hours. Season with salt and freshly ground black pepper.}], sender=DmeModule, reason=None))
2017-10-24 17:33:03,639 - TdmApplication - DEBUG - FrontendConnectionHandler(id=140304787474768, session='2017-10-24T17_32_29_0'): writing {"content": [{"predicate": "say_step", "grammar_entry": null, "value": "Step three: add the tomatoes and stock. Cook slowly for two hours. Season with salt and freshly ground black pepper."}], "_sender": "DmeModule", "_reason": null, "event_type": "FACTS"}
2017-10-24 17:33:03,639 - TdmApplication - DEBUG - FrontendConnectionHandler(id=140304787474768, session='2017-10-24T17_32_29_0'): OK
2017-10-24 17:33:19,015 - TdmApplication - DEBUG - FrontendConnectionHandler(id=140304787474768, session='2017-10-24T17_32_29_0').on_close()
2017-10-24 17:33:19,015 - TdmApplication - DEBUG - SessionManager.stop('2017-10-24T17_32_29_0')
2017-10-24 17:33:19,017 - TdmApplication - DEBUG - TdmApplication.stop(): Stopping HTTP server
2017-10-24 17:33:19,018 - TdmApplication - DEBUG - TdmApplication.stop(): Stopping IO-loop
2017-10-24 17:33:19,018 - TdmApplication - DEBUG - TdmApplication.stop(): Stopping sessions []
2017-10-24 17:33:19,020 - TdmApplication - DEBUG - FrontendConnectionHandler(id=140304787474768, session='2017-10-24T17_32_29_0').on_event(Event(FACTS, [], sender=DmeModule, reason=None))
2017-10-24 17:33:19,020 - TdmApplication - DEBUG - FrontendConnectionHandler(id=140304787474768, session='2017-10-24T17_32_29_0'): writing {"content": [], "_sender": "DmeModule", "_reason": null, "event_type": "FACTS"}
2017-10-24 17:33:19,021 - TdmApplication - DEBUG - FrontendConnectionHandler(id=140304787474768, session='2017-10-24T17_32_29_0'): OK
