2017-10-24 12:14:58,059 - TdmApplication - DEBUG - DddDb().__init__(name='ddds', default_ddds=[u'recipehelp'])
2017-10-24 12:14:58,059 - TdmApplication - DEBUG - DddDb(): DB file name is '/home/gusmatssar/recipedialogue/tdm/ddds.json'
2017-10-24 12:14:58,072 - TdmApplication - DEBUG - FrontendConnectionHandler(id=139814853577040, session=None).open()
2017-10-24 12:14:58,075 - TdmApplication - DEBUG - thread_manager.create_thread() with threading.active_count()=3
2017-10-24 12:14:58,076 - TdmApplication - DEBUG - FrontendConnectionHandler(id=139814853577040, session=None).on_message({"handshake_content": {"session_id": null, "keep_session_alive": false}, "name": "Frontend"})
2017-10-24 12:14:58,076 - TdmApplication - DEBUG - thread_manager.create_thread() with threading.active_count()=4
2017-10-24 12:14:58,076 - TdmApplication - DEBUG - FrontendConnectionHandler(id=139814853577040, session=None)._register({"handshake_content": {"session_id": null, "keep_session_alive": false}, "name": "Frontend"})
2017-10-24 12:14:58,078 - TdmApplication - DEBUG - Creating backend and session with id 2017-10-24T12_14_58_0.
2017-10-24 12:14:58,111 - TdmApplication - DEBUG - FrontendConnectionHandler._register: Registered in session 2017-10-24T12_14_58_0 with backend <ThreadedBackend(ThreadedBackend, started daemon 139814607255296)>.
2017-10-24 12:14:58,112 - TdmApplication - DEBUG - FrontendConnectionHandler(id=139814853577040, session='2017-10-24T12_14_58_0').on_event(Event(REGISTER_BACKEND, None, sender=Backend, reason=None))
2017-10-24 12:14:58,112 - TdmApplication - DEBUG - FrontendConnectionHandler(id=139814853577040, session='2017-10-24T12_14_58_0'): writing {"content": null, "_sender": "Backend", "_reason": null, "event_type": "REGISTER_BACKEND"}
2017-10-24 12:14:58,112 - TdmApplication - DEBUG - FrontendConnectionHandler(id=139814853577040, session='2017-10-24T12_14_58_0'): OK
2017-10-24 12:14:58,145 - TdmApplication - DEBUG - FrontendConnectionHandler(id=139814853577040, session='2017-10-24T12_14_58_0').on_message({"content": null, "_sender": "Frontend", "_reason": null, "event_type": "FRONTEND_READY"})
2017-10-24 12:14:58,148 - TdmApplication - DEBUG - FrontendConnectionHandler(id=139814853577040, session='2017-10-24T12_14_58_0').on_event(Event(BACKEND_READY, None, sender=Backend, reason=None))
2017-10-24 12:14:58,148 - TdmApplication - DEBUG - FrontendConnectionHandler(id=139814853577040, session='2017-10-24T12_14_58_0'): writing {"content": null, "_sender": "Backend", "_reason": null, "event_type": "BACKEND_READY"}
2017-10-24 12:14:58,148 - TdmApplication - DEBUG - FrontendConnectionHandler(id=139814853577040, session='2017-10-24T12_14_58_0'): OK
2017-10-24 12:14:58,151 - TdmApplication - DEBUG - FrontendConnectionHandler(id=139814853577040, session='2017-10-24T12_14_58_0').on_message({"content": null, "_sender": "Frontend", "_reason": null, "event_type": "START"})
2017-10-24 12:14:58,186 - TdmApplication - DEBUG - FrontendConnectionHandler(id=139814853577040, session='2017-10-24T12_14_58_0').on_event(Event(SET_DDD, {ddd_name: recipehelp, language_code: eng}, sender=DmeModule, reason=None))
2017-10-24 12:14:58,186 - TdmApplication - DEBUG - FrontendConnectionHandler(id=139814853577040, session='2017-10-24T12_14_58_0'): writing {"content": {"ddd_name": "recipehelp", "language_code": "eng"}, "_sender": "DmeModule", "_reason": null, "event_type": "SET_DDD"}
2017-10-24 12:14:58,186 - TdmApplication - DEBUG - FrontendConnectionHandler(id=139814853577040, session='2017-10-24T12_14_58_0'): OK
2017-10-24 12:14:58,187 - TdmApplication - DEBUG - FrontendConnectionHandler(id=139814853577040, session='2017-10-24T12_14_58_0').on_event(Event(FACTS, [], sender=DmeModule, reason=None))
2017-10-24 12:14:58,187 - TdmApplication - DEBUG - FrontendConnectionHandler(id=139814853577040, session='2017-10-24T12_14_58_0'): writing {"content": [], "_sender": "DmeModule", "_reason": null, "event_type": "FACTS"}
2017-10-24 12:14:58,187 - TdmApplication - DEBUG - FrontendConnectionHandler(id=139814853577040, session='2017-10-24T12_14_58_0'): OK
2017-10-24 12:14:58,198 - TdmApplication - DEBUG - FrontendConnectionHandler(id=139814853577040, session='2017-10-24T12_14_58_0').on_event(Event(SYSTEM_UTTERANCE_TO_SPEAK, [, What would you like to do?], sender=GenerateModule, reason=None))
2017-10-24 12:14:58,198 - TdmApplication - DEBUG - FrontendConnectionHandler(id=139814853577040, session='2017-10-24T12_14_58_0'): writing {"content": ["", "What would you like to do?"], "_sender": "GenerateModule", "_reason": null, "event_type": "SYSTEM_UTTERANCE_TO_SPEAK"}
2017-10-24 12:14:58,198 - TdmApplication - DEBUG - FrontendConnectionHandler(id=139814853577040, session='2017-10-24T12_14_58_0'): OK
2017-10-24 12:14:58,199 - TdmApplication - DEBUG - FrontendConnectionHandler(id=139814853577040, session='2017-10-24T12_14_58_0').on_event(Event(MESSAGE_TO_GUI, [], sender=GuiBackend, reason=None))
2017-10-24 12:14:58,199 - TdmApplication - DEBUG - FrontendConnectionHandler(id=139814853577040, session='2017-10-24T12_14_58_0'): writing {"content": [], "_sender": "GuiBackend", "_reason": null, "event_type": "MESSAGE_TO_GUI"}
2017-10-24 12:14:58,200 - TdmApplication - DEBUG - FrontendConnectionHandler(id=139814853577040, session='2017-10-24T12_14_58_0'): OK
2017-10-24 12:14:58,259 - TdmApplication - DEBUG - FrontendConnectionHandler(id=139814853577040, session='2017-10-24T12_14_58_0').on_message({"content": ["", "What would you like to do?"], "_sender": "TextOutputComponent", "_reason": null, "event_type": "SYSTEM_UTTERANCE_REALIZED"})
2017-10-24 12:14:58,281 - TdmApplication - DEBUG - FrontendConnectionHandler(id=139814853577040, session='2017-10-24T12_14_58_0').on_event(Event(FACTS, [], sender=DmeModule, reason=None))
2017-10-24 12:14:58,282 - TdmApplication - DEBUG - FrontendConnectionHandler(id=139814853577040, session='2017-10-24T12_14_58_0'): writing {"content": [], "_sender": "DmeModule", "_reason": null, "event_type": "FACTS"}
2017-10-24 12:14:58,282 - TdmApplication - DEBUG - FrontendConnectionHandler(id=139814853577040, session='2017-10-24T12_14_58_0'): OK
2017-10-24 12:15:02,965 - TdmApplication - DEBUG - FrontendConnectionHandler(id=139814853577040, session='2017-10-24T12_14_58_0').on_message({"content": [{"score": 1.0, "utterance": "go to a step"}], "_sender": "TextInputComponent", "_reason": null, "event_type": "RECOGNITION"})
2017-10-24 12:15:02,974 - TdmApplication - DEBUG - FrontendConnectionHandler(id=139814853577040, session='2017-10-24T12_14_58_0').on_event(Event(STOP_LISTENING, None, sender=TurnManager, reason=None))
2017-10-24 12:15:02,974 - TdmApplication - DEBUG - FrontendConnectionHandler(id=139814853577040, session='2017-10-24T12_14_58_0'): writing {"content": null, "_sender": "TurnManager", "_reason": null, "event_type": "STOP_LISTENING"}
2017-10-24 12:15:02,974 - TdmApplication - DEBUG - FrontendConnectionHandler(id=139814853577040, session='2017-10-24T12_14_58_0'): OK
2017-10-24 12:15:03,046 - TdmApplication - DEBUG - FrontendConnectionHandler(id=139814853577040, session='2017-10-24T12_14_58_0').on_event(Event(SELECTED_RECOGNITION, go to a step, sender=DmeModule, reason=None))
2017-10-24 12:15:03,046 - TdmApplication - DEBUG - FrontendConnectionHandler(id=139814853577040, session='2017-10-24T12_14_58_0'): writing {"content": "go to a step", "_sender": "DmeModule", "_reason": null, "event_type": "SELECTED_RECOGNITION"}
2017-10-24 12:15:03,046 - TdmApplication - DEBUG - FrontendConnectionHandler(id=139814853577040, session='2017-10-24T12_14_58_0'): OK
2017-10-24 12:15:03,047 - TdmApplication - DEBUG - FrontendConnectionHandler(id=139814853577040, session='2017-10-24T12_14_58_0').on_event(Event(FACTS, [], sender=DmeModule, reason=None))
2017-10-24 12:15:03,048 - TdmApplication - DEBUG - FrontendConnectionHandler(id=139814853577040, session='2017-10-24T12_14_58_0'): writing {"content": [], "_sender": "DmeModule", "_reason": null, "event_type": "FACTS"}
2017-10-24 12:15:03,048 - TdmApplication - DEBUG - FrontendConnectionHandler(id=139814853577040, session='2017-10-24T12_14_58_0'): OK
2017-10-24 12:15:03,062 - TdmApplication - DEBUG - FrontendConnectionHandler(id=139814853577040, session='2017-10-24T12_14_58_0').on_event(Event(SYSTEM_UTTERANCE_TO_SPEAK, [, , Which step?], sender=GenerateModule, reason=None))
2017-10-24 12:15:03,062 - TdmApplication - DEBUG - FrontendConnectionHandler(id=139814853577040, session='2017-10-24T12_14_58_0'): writing {"content": ["", "", "Which step?"], "_sender": "GenerateModule", "_reason": null, "event_type": "SYSTEM_UTTERANCE_TO_SPEAK"}
2017-10-24 12:15:03,062 - TdmApplication - DEBUG - FrontendConnectionHandler(id=139814853577040, session='2017-10-24T12_14_58_0'): OK
2017-10-24 12:15:03,065 - TdmApplication - DEBUG - FrontendConnectionHandler(id=139814853577040, session='2017-10-24T12_14_58_0').on_event(Event(MESSAGE_TO_GUI, [], sender=GuiBackend, reason=None))
2017-10-24 12:15:03,065 - TdmApplication - DEBUG - FrontendConnectionHandler(id=139814853577040, session='2017-10-24T12_14_58_0'): writing {"content": [], "_sender": "GuiBackend", "_reason": null, "event_type": "MESSAGE_TO_GUI"}
2017-10-24 12:15:03,065 - TdmApplication - DEBUG - FrontendConnectionHandler(id=139814853577040, session='2017-10-24T12_14_58_0'): OK
2017-10-24 12:15:03,071 - TdmApplication - DEBUG - FrontendConnectionHandler(id=139814853577040, session='2017-10-24T12_14_58_0').on_message({"content": ["", "", "Which step?"], "_sender": "TextOutputComponent", "_reason": null, "event_type": "SYSTEM_UTTERANCE_REALIZED"})
2017-10-24 12:15:03,103 - TdmApplication - DEBUG - FrontendConnectionHandler(id=139814853577040, session='2017-10-24T12_14_58_0').on_event(Event(FACTS, [], sender=DmeModule, reason=None))
2017-10-24 12:15:03,103 - TdmApplication - DEBUG - FrontendConnectionHandler(id=139814853577040, session='2017-10-24T12_14_58_0'): writing {"content": [], "_sender": "DmeModule", "_reason": null, "event_type": "FACTS"}
2017-10-24 12:15:03,103 - TdmApplication - DEBUG - FrontendConnectionHandler(id=139814853577040, session='2017-10-24T12_14_58_0'): OK
2017-10-24 12:15:08,433 - TdmApplication - DEBUG - FrontendConnectionHandler(id=139814853577040, session='2017-10-24T12_14_58_0').on_message({"content": [{"score": 2.0, "utterance": "step"}], "_sender": "TextInputComponent", "_reason": null, "event_type": "RECOGNITION"})
2017-10-24 12:15:08,441 - TdmApplication - DEBUG - FrontendConnectionHandler(id=139814853577040, session='2017-10-24T12_14_58_0').on_event(Event(STOP_LISTENING, None, sender=TurnManager, reason=None))
2017-10-24 12:15:08,441 - TdmApplication - DEBUG - FrontendConnectionHandler(id=139814853577040, session='2017-10-24T12_14_58_0'): writing {"content": null, "_sender": "TurnManager", "_reason": null, "event_type": "STOP_LISTENING"}
2017-10-24 12:15:08,441 - TdmApplication - DEBUG - FrontendConnectionHandler(id=139814853577040, session='2017-10-24T12_14_58_0'): OK
2017-10-24 12:15:08,491 - TdmApplication - DEBUG - FrontendConnectionHandler(id=139814853577040, session='2017-10-24T12_14_58_0').on_event(Event(FACTS, [], sender=DmeModule, reason=None))
2017-10-24 12:15:08,491 - TdmApplication - DEBUG - FrontendConnectionHandler(id=139814853577040, session='2017-10-24T12_14_58_0'): writing {"content": [], "_sender": "DmeModule", "_reason": null, "event_type": "FACTS"}
2017-10-24 12:15:08,491 - TdmApplication - DEBUG - FrontendConnectionHandler(id=139814853577040, session='2017-10-24T12_14_58_0'): OK
2017-10-24 12:15:08,510 - TdmApplication - DEBUG - FrontendConnectionHandler(id=139814853577040, session='2017-10-24T12_14_58_0').on_event(Event(SYSTEM_UTTERANCE_TO_SPEAK, [I heard you say step., I don't understand., So,, Which step?], sender=GenerateModule, reason=None))
2017-10-24 12:15:08,510 - TdmApplication - DEBUG - FrontendConnectionHandler(id=139814853577040, session='2017-10-24T12_14_58_0'): writing {"content": ["I heard you say step.", "I don't understand.", "So,", "Which step?"], "_sender": "GenerateModule", "_reason": null, "event_type": "SYSTEM_UTTERANCE_TO_SPEAK"}
2017-10-24 12:15:08,510 - TdmApplication - DEBUG - FrontendConnectionHandler(id=139814853577040, session='2017-10-24T12_14_58_0'): OK
2017-10-24 12:15:08,511 - TdmApplication - DEBUG - FrontendConnectionHandler(id=139814853577040, session='2017-10-24T12_14_58_0').on_event(Event(MESSAGE_TO_GUI, [], sender=GuiBackend, reason=None))
2017-10-24 12:15:08,511 - TdmApplication - DEBUG - FrontendConnectionHandler(id=139814853577040, session='2017-10-24T12_14_58_0'): writing {"content": [], "_sender": "GuiBackend", "_reason": null, "event_type": "MESSAGE_TO_GUI"}
2017-10-24 12:15:08,511 - TdmApplication - DEBUG - FrontendConnectionHandler(id=139814853577040, session='2017-10-24T12_14_58_0'): OK
2017-10-24 12:15:08,520 - TdmApplication - DEBUG - FrontendConnectionHandler(id=139814853577040, session='2017-10-24T12_14_58_0').on_message({"content": ["I heard you say step.", "I don't understand.", "So,", "Which step?"], "_sender": "TextOutputComponent", "_reason": null, "event_type": "SYSTEM_UTTERANCE_REALIZED"})
2017-10-24 12:15:08,555 - TdmApplication - DEBUG - FrontendConnectionHandler(id=139814853577040, session='2017-10-24T12_14_58_0').on_event(Event(FACTS, [], sender=DmeModule, reason=None))
2017-10-24 12:15:08,556 - TdmApplication - DEBUG - FrontendConnectionHandler(id=139814853577040, session='2017-10-24T12_14_58_0'): writing {"content": [], "_sender": "DmeModule", "_reason": null, "event_type": "FACTS"}
2017-10-24 12:15:08,556 - TdmApplication - DEBUG - FrontendConnectionHandler(id=139814853577040, session='2017-10-24T12_14_58_0'): OK
2017-10-24 12:15:12,263 - TdmApplication - DEBUG - FrontendConnectionHandler(id=139814853577040, session='2017-10-24T12_14_58_0').on_message({"content": [{"score": 1.0, "utterance": "step one"}], "_sender": "TextInputComponent", "_reason": null, "event_type": "RECOGNITION"})
2017-10-24 12:15:12,268 - TdmApplication - DEBUG - FrontendConnectionHandler(id=139814853577040, session='2017-10-24T12_14_58_0').on_event(Event(STOP_LISTENING, None, sender=TurnManager, reason=None))
2017-10-24 12:15:12,268 - TdmApplication - DEBUG - FrontendConnectionHandler(id=139814853577040, session='2017-10-24T12_14_58_0'): writing {"content": null, "_sender": "TurnManager", "_reason": null, "event_type": "STOP_LISTENING"}
2017-10-24 12:15:12,269 - TdmApplication - DEBUG - FrontendConnectionHandler(id=139814853577040, session='2017-10-24T12_14_58_0'): OK
2017-10-24 12:15:12,355 - TdmApplication - DEBUG - FrontendConnectionHandler(id=139814853577040, session='2017-10-24T12_14_58_0').on_event(Event(SELECTED_RECOGNITION, step one, sender=DmeModule, reason=None))
2017-10-24 12:15:12,355 - TdmApplication - DEBUG - FrontendConnectionHandler(id=139814853577040, session='2017-10-24T12_14_58_0'): writing {"content": "step one", "_sender": "DmeModule", "_reason": null, "event_type": "SELECTED_RECOGNITION"}
2017-10-24 12:15:12,355 - TdmApplication - DEBUG - FrontendConnectionHandler(id=139814853577040, session='2017-10-24T12_14_58_0'): OK
2017-10-24 12:15:12,357 - TdmApplication - DEBUG - FrontendConnectionHandler(id=139814853577040, session='2017-10-24T12_14_58_0').on_event(Event(FACTS, [{predicate: go_to_step, grammar_entry: None, value: chose a step}], sender=DmeModule, reason=None))
2017-10-24 12:15:12,357 - TdmApplication - DEBUG - FrontendConnectionHandler(id=139814853577040, session='2017-10-24T12_14_58_0'): writing {"content": [{"predicate": "go_to_step", "grammar_entry": null, "value": "chose a step"}], "_sender": "DmeModule", "_reason": null, "event_type": "FACTS"}
2017-10-24 12:15:12,357 - TdmApplication - DEBUG - FrontendConnectionHandler(id=139814853577040, session='2017-10-24T12_14_58_0'): OK
2017-10-24 12:15:12,369 - TdmApplication - DEBUG - FrontendConnectionHandler(id=139814853577040, session='2017-10-24T12_14_58_0').on_event(Event(SYSTEM_UTTERANCE_TO_SPEAK, [Ok chose a step.], sender=GenerateModule, reason=None))
2017-10-24 12:15:12,369 - TdmApplication - DEBUG - FrontendConnectionHandler(id=139814853577040, session='2017-10-24T12_14_58_0'): writing {"content": ["Ok chose a step."], "_sender": "GenerateModule", "_reason": null, "event_type": "SYSTEM_UTTERANCE_TO_SPEAK"}
2017-10-24 12:15:12,369 - TdmApplication - DEBUG - FrontendConnectionHandler(id=139814853577040, session='2017-10-24T12_14_58_0'): OK
2017-10-24 12:15:12,370 - TdmApplication - DEBUG - FrontendConnectionHandler(id=139814853577040, session='2017-10-24T12_14_58_0').on_event(Event(GUI.POPUP, {options: [], title: Ok chose a step.}, sender=IndependentGuiBackend, reason=None))
2017-10-24 12:15:12,370 - TdmApplication - DEBUG - FrontendConnectionHandler(id=139814853577040, session='2017-10-24T12_14_58_0'): writing {"content": {"options": [], "title": "Ok chose a step."}, "_sender": "IndependentGuiBackend", "_reason": null, "event_type": "GUI.POPUP"}
2017-10-24 12:15:12,370 - TdmApplication - DEBUG - FrontendConnectionHandler(id=139814853577040, session='2017-10-24T12_14_58_0'): OK
2017-10-24 12:15:12,371 - TdmApplication - DEBUG - FrontendConnectionHandler(id=139814853577040, session='2017-10-24T12_14_58_0').on_event(Event(MESSAGE_TO_GUI, [<tdm.tdm_gui_protocol.Popup instance at 0x7f292c3efe18>], sender=GuiBackend, reason=None))
2017-10-24 12:15:12,371 - TdmApplication - DEBUG - FrontendConnectionHandler(id=139814853577040, session='2017-10-24T12_14_58_0'): writing {"content": [{"Popup": {"elements": [], "title": "Ok chose a step."}}], "_sender": "GuiBackend", "_reason": null, "event_type": "MESSAGE_TO_GUI"}
2017-10-24 12:15:12,371 - TdmApplication - DEBUG - FrontendConnectionHandler(id=139814853577040, session='2017-10-24T12_14_58_0'): OK
2017-10-24 12:15:12,388 - TdmApplication - DEBUG - FrontendConnectionHandler(id=139814853577040, session='2017-10-24T12_14_58_0').on_message({"content": ["Ok chose a step."], "_sender": "TextOutputComponent", "_reason": null, "event_type": "SYSTEM_UTTERANCE_REALIZED"})
2017-10-24 12:15:12,415 - TdmApplication - DEBUG - FrontendConnectionHandler(id=139814853577040, session='2017-10-24T12_14_58_0').on_event(Event(FACTS, [{predicate: go_to_step, grammar_entry: None, value: chose a step}], sender=DmeModule, reason=None))
2017-10-24 12:15:12,415 - TdmApplication - DEBUG - FrontendConnectionHandler(id=139814853577040, session='2017-10-24T12_14_58_0'): writing {"content": [{"predicate": "go_to_step", "grammar_entry": null, "value": "chose a step"}], "_sender": "DmeModule", "_reason": null, "event_type": "FACTS"}
2017-10-24 12:15:12,415 - TdmApplication - DEBUG - FrontendConnectionHandler(id=139814853577040, session='2017-10-24T12_14_58_0'): OK
2017-10-24 12:15:48,089 - TdmApplication - DEBUG - FrontendConnectionHandler(id=139814853577040, session='2017-10-24T12_14_58_0').on_message({"content": [{"score": 1.0, "utterance": "go back"}], "_sender": "TextInputComponent", "_reason": null, "event_type": "RECOGNITION"})
2017-10-24 12:15:48,093 - TdmApplication - DEBUG - FrontendConnectionHandler(id=139814853577040, session='2017-10-24T12_14_58_0').on_event(Event(FACTS, [], sender=DmeModule, reason=None))
2017-10-24 12:15:48,094 - TdmApplication - DEBUG - FrontendConnectionHandler(id=139814853577040, session='2017-10-24T12_14_58_0'): writing {"content": [], "_sender": "DmeModule", "_reason": null, "event_type": "FACTS"}
2017-10-24 12:15:48,094 - TdmApplication - DEBUG - FrontendConnectionHandler(id=139814853577040, session='2017-10-24T12_14_58_0'): OK
2017-10-24 12:15:48,104 - TdmApplication - DEBUG - FrontendConnectionHandler(id=139814853577040, session='2017-10-24T12_14_58_0').on_event(Event(STOP_SPEAKING, None, sender=TurnManager, reason=None))
2017-10-24 12:15:48,104 - TdmApplication - DEBUG - FrontendConnectionHandler(id=139814853577040, session='2017-10-24T12_14_58_0'): writing {"content": null, "_sender": "TurnManager", "_reason": null, "event_type": "STOP_SPEAKING"}
2017-10-24 12:15:48,104 - TdmApplication - DEBUG - FrontendConnectionHandler(id=139814853577040, session='2017-10-24T12_14_58_0'): OK
2017-10-24 12:15:48,106 - TdmApplication - DEBUG - FrontendConnectionHandler(id=139814853577040, session='2017-10-24T12_14_58_0').on_event(Event(SYSTEM_UTTERANCE_TO_SPEAK, [Returning to the start view., What would you like to do?], sender=GenerateModule, reason=None))
2017-10-24 12:15:48,108 - TdmApplication - DEBUG - FrontendConnectionHandler(id=139814853577040, session='2017-10-24T12_14_58_0'): writing {"content": ["Returning to the start view.", "What would you like to do?"], "_sender": "GenerateModule", "_reason": null, "event_type": "SYSTEM_UTTERANCE_TO_SPEAK"}
2017-10-24 12:15:48,108 - TdmApplication - DEBUG - FrontendConnectionHandler(id=139814853577040, session='2017-10-24T12_14_58_0'): OK
2017-10-24 12:15:48,113 - TdmApplication - DEBUG - FrontendConnectionHandler(id=139814853577040, session='2017-10-24T12_14_58_0').on_event(Event(MESSAGE_TO_GUI, [<tdm.tdm_gui_protocol.ClosePopup instance at 0x7f292c3c28c0>], sender=GuiBackend, reason=None))
2017-10-24 12:15:48,113 - TdmApplication - DEBUG - FrontendConnectionHandler(id=139814853577040, session='2017-10-24T12_14_58_0'): writing {"content": [{"ClosePopup": {}}], "_sender": "GuiBackend", "_reason": null, "event_type": "MESSAGE_TO_GUI"}
2017-10-24 12:15:48,114 - TdmApplication - DEBUG - FrontendConnectionHandler(id=139814853577040, session='2017-10-24T12_14_58_0'): OK
2017-10-24 12:15:48,115 - TdmApplication - DEBUG - FrontendConnectionHandler(id=139814853577040, session='2017-10-24T12_14_58_0').on_message({"content": ["Returning to the start view.", "What would you like to do?"], "_sender": "TextOutputComponent", "_reason": null, "event_type": "SYSTEM_UTTERANCE_REALIZED"})
2017-10-24 12:15:48,144 - TdmApplication - DEBUG - FrontendConnectionHandler(id=139814853577040, session='2017-10-24T12_14_58_0').on_event(Event(FACTS, [], sender=DmeModule, reason=None))
2017-10-24 12:15:48,144 - TdmApplication - DEBUG - FrontendConnectionHandler(id=139814853577040, session='2017-10-24T12_14_58_0'): writing {"content": [], "_sender": "DmeModule", "_reason": null, "event_type": "FACTS"}
2017-10-24 12:15:48,144 - TdmApplication - DEBUG - FrontendConnectionHandler(id=139814853577040, session='2017-10-24T12_14_58_0'): OK
2017-10-24 12:15:48,216 - TdmApplication - DEBUG - FrontendConnectionHandler(id=139814853577040, session='2017-10-24T12_14_58_0').on_event(Event(SELECTED_RECOGNITION, go back, sender=DmeModule, reason=None))
2017-10-24 12:15:48,216 - TdmApplication - DEBUG - FrontendConnectionHandler(id=139814853577040, session='2017-10-24T12_14_58_0'): writing {"content": "go back", "_sender": "DmeModule", "_reason": null, "event_type": "SELECTED_RECOGNITION"}
2017-10-24 12:15:48,216 - TdmApplication - DEBUG - FrontendConnectionHandler(id=139814853577040, session='2017-10-24T12_14_58_0'): OK
2017-10-24 12:15:48,217 - TdmApplication - DEBUG - FrontendConnectionHandler(id=139814853577040, session='2017-10-24T12_14_58_0').on_event(Event(FACTS, [], sender=DmeModule, reason=None))
2017-10-24 12:15:48,217 - TdmApplication - DEBUG - FrontendConnectionHandler(id=139814853577040, session='2017-10-24T12_14_58_0'): writing {"content": [], "_sender": "DmeModule", "_reason": null, "event_type": "FACTS"}
2017-10-24 12:15:48,218 - TdmApplication - DEBUG - FrontendConnectionHandler(id=139814853577040, session='2017-10-24T12_14_58_0'): OK
2017-10-24 12:15:48,226 - TdmApplication - DEBUG - FrontendConnectionHandler(id=139814853577040, session='2017-10-24T12_14_58_0').on_event(Event(SYSTEM_UTTERANCE_TO_SPEAK, [, Went to the previous step], sender=GenerateModule, reason=None))
2017-10-24 12:15:48,226 - TdmApplication - DEBUG - FrontendConnectionHandler(id=139814853577040, session='2017-10-24T12_14_58_0'): writing {"content": ["", "Went to the previous step"], "_sender": "GenerateModule", "_reason": null, "event_type": "SYSTEM_UTTERANCE_TO_SPEAK"}
2017-10-24 12:15:48,226 - TdmApplication - DEBUG - FrontendConnectionHandler(id=139814853577040, session='2017-10-24T12_14_58_0'): OK
2017-10-24 12:15:48,227 - TdmApplication - DEBUG - FrontendConnectionHandler(id=139814853577040, session='2017-10-24T12_14_58_0').on_event(Event(GUI.POPUP, {options: [], title: Went to the previous step}, sender=IndependentGuiBackend, reason=None))
2017-10-24 12:15:48,227 - TdmApplication - DEBUG - FrontendConnectionHandler(id=139814853577040, session='2017-10-24T12_14_58_0'): writing {"content": {"options": [], "title": "Went to the previous step"}, "_sender": "IndependentGuiBackend", "_reason": null, "event_type": "GUI.POPUP"}
2017-10-24 12:15:48,227 - TdmApplication - DEBUG - FrontendConnectionHandler(id=139814853577040, session='2017-10-24T12_14_58_0'): OK
2017-10-24 12:15:48,228 - TdmApplication - DEBUG - FrontendConnectionHandler(id=139814853577040, session='2017-10-24T12_14_58_0').on_event(Event(MESSAGE_TO_GUI, [<tdm.tdm_gui_protocol.DeviceResult instance at 0x7f292c3c2488>, <tdm.tdm_gui_protocol.Popup instance at 0x7f292c3c2560>], sender=GuiBackend, reason=None))
2017-10-24 12:15:48,228 - TdmApplication - DEBUG - FrontendConnectionHandler(id=139814853577040, session='2017-10-24T12_14_58_0'): writing {"content": [{"DeviceResult": {"action": "go_back", "result": true, "arguments": {}, "failure_reason": null}}, {"Popup": {"elements": [], "title": "Went to the previous step"}}], "_sender": "GuiBackend", "_reason": null, "event_type": "MESSAGE_TO_GUI"}
2017-10-24 12:15:48,229 - TdmApplication - DEBUG - FrontendConnectionHandler(id=139814853577040, session='2017-10-24T12_14_58_0'): OK
2017-10-24 12:15:48,245 - TdmApplication - DEBUG - FrontendConnectionHandler(id=139814853577040, session='2017-10-24T12_14_58_0').on_message({"content": ["", "Went to the previous step"], "_sender": "TextOutputComponent", "_reason": null, "event_type": "SYSTEM_UTTERANCE_REALIZED"})
2017-10-24 12:15:48,307 - TdmApplication - DEBUG - FrontendConnectionHandler(id=139814853577040, session='2017-10-24T12_14_58_0').on_event(Event(FACTS, [{predicate: say_step, grammar_entry: None, value:  Step one: Chop onions and garlic.}], sender=DmeModule, reason=None))
2017-10-24 12:15:48,307 - TdmApplication - DEBUG - FrontendConnectionHandler(id=139814853577040, session='2017-10-24T12_14_58_0'): writing {"content": [{"predicate": "say_step", "grammar_entry": null, "value": " Step one: Chop onions and garlic."}], "_sender": "DmeModule", "_reason": null, "event_type": "FACTS"}
2017-10-24 12:15:48,307 - TdmApplication - DEBUG - FrontendConnectionHandler(id=139814853577040, session='2017-10-24T12_14_58_0'): OK
2017-10-24 12:15:48,317 - TdmApplication - DEBUG - FrontendConnectionHandler(id=139814853577040, session='2017-10-24T12_14_58_0').on_event(Event(SYSTEM_UTTERANCE_TO_SPEAK, [Ok  Step one: Chop onions and garlic..], sender=GenerateModule, reason=None))
2017-10-24 12:15:48,317 - TdmApplication - DEBUG - FrontendConnectionHandler(id=139814853577040, session='2017-10-24T12_14_58_0'): writing {"content": ["Ok  Step one: Chop onions and garlic.."], "_sender": "GenerateModule", "_reason": null, "event_type": "SYSTEM_UTTERANCE_TO_SPEAK"}
2017-10-24 12:15:48,317 - TdmApplication - DEBUG - FrontendConnectionHandler(id=139814853577040, session='2017-10-24T12_14_58_0'): OK
2017-10-24 12:15:48,318 - TdmApplication - DEBUG - FrontendConnectionHandler(id=139814853577040, session='2017-10-24T12_14_58_0').on_event(Event(GUI.POPUP, {options: [], title: Ok  Step one: Chop onions and garlic..}, sender=IndependentGuiBackend, reason=None))
2017-10-24 12:15:48,318 - TdmApplication - DEBUG - FrontendConnectionHandler(id=139814853577040, session='2017-10-24T12_14_58_0'): writing {"content": {"options": [], "title": "Ok  Step one: Chop onions and garlic.."}, "_sender": "IndependentGuiBackend", "_reason": null, "event_type": "GUI.POPUP"}
2017-10-24 12:15:48,318 - TdmApplication - DEBUG - FrontendConnectionHandler(id=139814853577040, session='2017-10-24T12_14_58_0'): OK
2017-10-24 12:15:48,318 - TdmApplication - DEBUG - FrontendConnectionHandler(id=139814853577040, session='2017-10-24T12_14_58_0').on_event(Event(MESSAGE_TO_GUI, [<tdm.tdm_gui_protocol.ClosePopup instance at 0x7f292c38b950>, <tdm.tdm_gui_protocol.Popup instance at 0x7f292c38bea8>], sender=GuiBackend, reason=None))
2017-10-24 12:15:48,319 - TdmApplication - DEBUG - FrontendConnectionHandler(id=139814853577040, session='2017-10-24T12_14_58_0'): writing {"content": [{"ClosePopup": {}}, {"Popup": {"elements": [], "title": "Ok  Step one: Chop onions and garlic.."}}], "_sender": "GuiBackend", "_reason": null, "event_type": "MESSAGE_TO_GUI"}
2017-10-24 12:15:48,319 - TdmApplication - DEBUG - FrontendConnectionHandler(id=139814853577040, session='2017-10-24T12_14_58_0'): OK
2017-10-24 12:15:48,359 - TdmApplication - DEBUG - FrontendConnectionHandler(id=139814853577040, session='2017-10-24T12_14_58_0').on_message({"content": ["Ok  Step one: Chop onions and garlic.."], "_sender": "TextOutputComponent", "_reason": null, "event_type": "SYSTEM_UTTERANCE_REALIZED"})
2017-10-24 12:15:48,385 - TdmApplication - DEBUG - FrontendConnectionHandler(id=139814853577040, session='2017-10-24T12_14_58_0').on_event(Event(FACTS, [{predicate: say_step, grammar_entry: None, value:  Step one: Chop onions and garlic.}], sender=DmeModule, reason=None))
2017-10-24 12:15:48,385 - TdmApplication - DEBUG - FrontendConnectionHandler(id=139814853577040, session='2017-10-24T12_14_58_0'): writing {"content": [{"predicate": "say_step", "grammar_entry": null, "value": " Step one: Chop onions and garlic."}], "_sender": "DmeModule", "_reason": null, "event_type": "FACTS"}
2017-10-24 12:15:48,385 - TdmApplication - DEBUG - FrontendConnectionHandler(id=139814853577040, session='2017-10-24T12_14_58_0'): OK
2017-10-24 12:16:13,767 - TdmApplication - DEBUG - FrontendConnectionHandler(id=139814853577040, session='2017-10-24T12_14_58_0').on_message({"content": [{"score": 1.0, "utterance": "go to next "}], "_sender": "TextInputComponent", "_reason": null, "event_type": "RECOGNITION"})
2017-10-24 12:16:13,772 - TdmApplication - DEBUG - FrontendConnectionHandler(id=139814853577040, session='2017-10-24T12_14_58_0').on_event(Event(FACTS, [], sender=DmeModule, reason=None))
2017-10-24 12:16:13,772 - TdmApplication - DEBUG - FrontendConnectionHandler(id=139814853577040, session='2017-10-24T12_14_58_0'): writing {"content": [], "_sender": "DmeModule", "_reason": null, "event_type": "FACTS"}
2017-10-24 12:16:13,772 - TdmApplication - DEBUG - FrontendConnectionHandler(id=139814853577040, session='2017-10-24T12_14_58_0'): OK
2017-10-24 12:16:13,781 - TdmApplication - DEBUG - FrontendConnectionHandler(id=139814853577040, session='2017-10-24T12_14_58_0').on_event(Event(STOP_SPEAKING, None, sender=TurnManager, reason=None))
2017-10-24 12:16:13,781 - TdmApplication - DEBUG - FrontendConnectionHandler(id=139814853577040, session='2017-10-24T12_14_58_0'): writing {"content": null, "_sender": "TurnManager", "_reason": null, "event_type": "STOP_SPEAKING"}
2017-10-24 12:16:13,781 - TdmApplication - DEBUG - FrontendConnectionHandler(id=139814853577040, session='2017-10-24T12_14_58_0'): OK
2017-10-24 12:16:13,783 - TdmApplication - DEBUG - FrontendConnectionHandler(id=139814853577040, session='2017-10-24T12_14_58_0').on_event(Event(SYSTEM_UTTERANCE_TO_SPEAK, [Returning to the start view., What would you like to do?], sender=GenerateModule, reason=None))
2017-10-24 12:16:13,783 - TdmApplication - DEBUG - FrontendConnectionHandler(id=139814853577040, session='2017-10-24T12_14_58_0'): writing {"content": ["Returning to the start view.", "What would you like to do?"], "_sender": "GenerateModule", "_reason": null, "event_type": "SYSTEM_UTTERANCE_TO_SPEAK"}
2017-10-24 12:16:13,783 - TdmApplication - DEBUG - FrontendConnectionHandler(id=139814853577040, session='2017-10-24T12_14_58_0'): OK
2017-10-24 12:16:13,784 - TdmApplication - DEBUG - FrontendConnectionHandler(id=139814853577040, session='2017-10-24T12_14_58_0').on_event(Event(MESSAGE_TO_GUI, [<tdm.tdm_gui_protocol.ClosePopup instance at 0x7f292c38be60>], sender=GuiBackend, reason=None))
2017-10-24 12:16:13,784 - TdmApplication - DEBUG - FrontendConnectionHandler(id=139814853577040, session='2017-10-24T12_14_58_0'): writing {"content": [{"ClosePopup": {}}], "_sender": "GuiBackend", "_reason": null, "event_type": "MESSAGE_TO_GUI"}
2017-10-24 12:16:13,784 - TdmApplication - DEBUG - FrontendConnectionHandler(id=139814853577040, session='2017-10-24T12_14_58_0'): OK
2017-10-24 12:16:13,825 - TdmApplication - DEBUG - FrontendConnectionHandler(id=139814853577040, session='2017-10-24T12_14_58_0').on_message({"content": ["Returning to the start view.", "What would you like to do?"], "_sender": "TextOutputComponent", "_reason": null, "event_type": "SYSTEM_UTTERANCE_REALIZED"})
2017-10-24 12:16:13,850 - TdmApplication - DEBUG - FrontendConnectionHandler(id=139814853577040, session='2017-10-24T12_14_58_0').on_event(Event(FACTS, [], sender=DmeModule, reason=None))
2017-10-24 12:16:13,850 - TdmApplication - DEBUG - FrontendConnectionHandler(id=139814853577040, session='2017-10-24T12_14_58_0'): writing {"content": [], "_sender": "DmeModule", "_reason": null, "event_type": "FACTS"}
2017-10-24 12:16:13,850 - TdmApplication - DEBUG - FrontendConnectionHandler(id=139814853577040, session='2017-10-24T12_14_58_0'): OK
2017-10-24 12:16:13,918 - TdmApplication - DEBUG - FrontendConnectionHandler(id=139814853577040, session='2017-10-24T12_14_58_0').on_event(Event(SELECTED_RECOGNITION, go to next , sender=DmeModule, reason=None))
2017-10-24 12:16:13,918 - TdmApplication - DEBUG - FrontendConnectionHandler(id=139814853577040, session='2017-10-24T12_14_58_0'): writing {"content": "go to next ", "_sender": "DmeModule", "_reason": null, "event_type": "SELECTED_RECOGNITION"}
2017-10-24 12:16:13,918 - TdmApplication - DEBUG - FrontendConnectionHandler(id=139814853577040, session='2017-10-24T12_14_58_0'): OK
2017-10-24 12:16:13,920 - TdmApplication - DEBUG - FrontendConnectionHandler(id=139814853577040, session='2017-10-24T12_14_58_0').on_event(Event(FACTS, [], sender=DmeModule, reason=None))
2017-10-24 12:16:13,920 - TdmApplication - DEBUG - FrontendConnectionHandler(id=139814853577040, session='2017-10-24T12_14_58_0'): writing {"content": [], "_sender": "DmeModule", "_reason": null, "event_type": "FACTS"}
2017-10-24 12:16:13,920 - TdmApplication - DEBUG - FrontendConnectionHandler(id=139814853577040, session='2017-10-24T12_14_58_0'): OK
2017-10-24 12:16:13,929 - TdmApplication - DEBUG - FrontendConnectionHandler(id=139814853577040, session='2017-10-24T12_14_58_0').on_event(Event(SYSTEM_UTTERANCE_TO_SPEAK, [, Went to next], sender=GenerateModule, reason=None))
2017-10-24 12:16:13,929 - TdmApplication - DEBUG - FrontendConnectionHandler(id=139814853577040, session='2017-10-24T12_14_58_0'): writing {"content": ["", "Went to next"], "_sender": "GenerateModule", "_reason": null, "event_type": "SYSTEM_UTTERANCE_TO_SPEAK"}
2017-10-24 12:16:13,929 - TdmApplication - DEBUG - FrontendConnectionHandler(id=139814853577040, session='2017-10-24T12_14_58_0'): OK
2017-10-24 12:16:13,931 - TdmApplication - DEBUG - FrontendConnectionHandler(id=139814853577040, session='2017-10-24T12_14_58_0').on_event(Event(GUI.POPUP, {options: [], title: Went to next}, sender=IndependentGuiBackend, reason=None))
2017-10-24 12:16:13,931 - TdmApplication - DEBUG - FrontendConnectionHandler(id=139814853577040, session='2017-10-24T12_14_58_0'): writing {"content": {"options": [], "title": "Went to next"}, "_sender": "IndependentGuiBackend", "_reason": null, "event_type": "GUI.POPUP"}
2017-10-24 12:16:13,931 - TdmApplication - DEBUG - FrontendConnectionHandler(id=139814853577040, session='2017-10-24T12_14_58_0'): OK
2017-10-24 12:16:13,932 - TdmApplication - DEBUG - FrontendConnectionHandler(id=139814853577040, session='2017-10-24T12_14_58_0').on_event(Event(MESSAGE_TO_GUI, [<tdm.tdm_gui_protocol.DeviceResult instance at 0x7f292c3c2d88>, <tdm.tdm_gui_protocol.Popup instance at 0x7f292c3c2290>], sender=GuiBackend, reason=None))
2017-10-24 12:16:13,932 - TdmApplication - DEBUG - FrontendConnectionHandler(id=139814853577040, session='2017-10-24T12_14_58_0'): writing {"content": [{"DeviceResult": {"action": "go_to_next", "result": true, "arguments": {}, "failure_reason": null}}, {"Popup": {"elements": [], "title": "Went to next"}}], "_sender": "GuiBackend", "_reason": null, "event_type": "MESSAGE_TO_GUI"}
2017-10-24 12:16:13,932 - TdmApplication - DEBUG - FrontendConnectionHandler(id=139814853577040, session='2017-10-24T12_14_58_0'): OK
2017-10-24 12:16:13,951 - TdmApplication - DEBUG - FrontendConnectionHandler(id=139814853577040, session='2017-10-24T12_14_58_0').on_message({"content": ["", "Went to next"], "_sender": "TextOutputComponent", "_reason": null, "event_type": "SYSTEM_UTTERANCE_REALIZED"})
2017-10-24 12:16:14,010 - TdmApplication - DEBUG - FrontendConnectionHandler(id=139814853577040, session='2017-10-24T12_14_58_0').on_event(Event(FACTS, [{predicate: say_step, grammar_entry: None, value: other example}], sender=DmeModule, reason=None))
2017-10-24 12:16:14,010 - TdmApplication - DEBUG - FrontendConnectionHandler(id=139814853577040, session='2017-10-24T12_14_58_0'): writing {"content": [{"predicate": "say_step", "grammar_entry": null, "value": "other example"}], "_sender": "DmeModule", "_reason": null, "event_type": "FACTS"}
2017-10-24 12:16:14,010 - TdmApplication - DEBUG - FrontendConnectionHandler(id=139814853577040, session='2017-10-24T12_14_58_0'): OK
2017-10-24 12:16:14,020 - TdmApplication - DEBUG - FrontendConnectionHandler(id=139814853577040, session='2017-10-24T12_14_58_0').on_event(Event(SYSTEM_UTTERANCE_TO_SPEAK, [Ok other example.], sender=GenerateModule, reason=None))
2017-10-24 12:16:14,020 - TdmApplication - DEBUG - FrontendConnectionHandler(id=139814853577040, session='2017-10-24T12_14_58_0'): writing {"content": ["Ok other example."], "_sender": "GenerateModule", "_reason": null, "event_type": "SYSTEM_UTTERANCE_TO_SPEAK"}
2017-10-24 12:16:14,020 - TdmApplication - DEBUG - FrontendConnectionHandler(id=139814853577040, session='2017-10-24T12_14_58_0'): OK
2017-10-24 12:16:14,021 - TdmApplication - DEBUG - FrontendConnectionHandler(id=139814853577040, session='2017-10-24T12_14_58_0').on_event(Event(GUI.POPUP, {options: [], title: Ok other example.}, sender=IndependentGuiBackend, reason=None))
2017-10-24 12:16:14,021 - TdmApplication - DEBUG - FrontendConnectionHandler(id=139814853577040, session='2017-10-24T12_14_58_0'): writing {"content": {"options": [], "title": "Ok other example."}, "_sender": "IndependentGuiBackend", "_reason": null, "event_type": "GUI.POPUP"}
2017-10-24 12:16:14,021 - TdmApplication - DEBUG - FrontendConnectionHandler(id=139814853577040, session='2017-10-24T12_14_58_0'): OK
2017-10-24 12:16:14,022 - TdmApplication - DEBUG - FrontendConnectionHandler(id=139814853577040, session='2017-10-24T12_14_58_0').on_event(Event(MESSAGE_TO_GUI, [<tdm.tdm_gui_protocol.ClosePopup instance at 0x7f292c3ef7a0>, <tdm.tdm_gui_protocol.Popup instance at 0x7f292c406cf8>], sender=GuiBackend, reason=None))
2017-10-24 12:16:14,022 - TdmApplication - DEBUG - FrontendConnectionHandler(id=139814853577040, session='2017-10-24T12_14_58_0'): writing {"content": [{"ClosePopup": {}}, {"Popup": {"elements": [], "title": "Ok other example."}}], "_sender": "GuiBackend", "_reason": null, "event_type": "MESSAGE_TO_GUI"}
2017-10-24 12:16:14,023 - TdmApplication - DEBUG - FrontendConnectionHandler(id=139814853577040, session='2017-10-24T12_14_58_0'): OK
2017-10-24 12:16:14,066 - TdmApplication - DEBUG - FrontendConnectionHandler(id=139814853577040, session='2017-10-24T12_14_58_0').on_message({"content": ["Ok other example."], "_sender": "TextOutputComponent", "_reason": null, "event_type": "SYSTEM_UTTERANCE_REALIZED"})
2017-10-24 12:16:14,091 - TdmApplication - DEBUG - FrontendConnectionHandler(id=139814853577040, session='2017-10-24T12_14_58_0').on_event(Event(FACTS, [{predicate: say_step, grammar_entry: None, value: other example}], sender=DmeModule, reason=None))
2017-10-24 12:16:14,091 - TdmApplication - DEBUG - FrontendConnectionHandler(id=139814853577040, session='2017-10-24T12_14_58_0'): writing {"content": [{"predicate": "say_step", "grammar_entry": null, "value": "other example"}], "_sender": "DmeModule", "_reason": null, "event_type": "FACTS"}
2017-10-24 12:16:14,091 - TdmApplication - DEBUG - FrontendConnectionHandler(id=139814853577040, session='2017-10-24T12_14_58_0'): OK
2017-10-24 12:16:23,102 - TdmApplication - DEBUG - FrontendConnectionHandler(id=139814853577040, session='2017-10-24T12_14_58_0').on_message({"content": [{"score": 1.0, "utterance": "go to next"}], "_sender": "TextInputComponent", "_reason": null, "event_type": "RECOGNITION"})
2017-10-24 12:16:23,106 - TdmApplication - DEBUG - FrontendConnectionHandler(id=139814853577040, session='2017-10-24T12_14_58_0').on_event(Event(FACTS, [], sender=DmeModule, reason=None))
2017-10-24 12:16:23,106 - TdmApplication - DEBUG - FrontendConnectionHandler(id=139814853577040, session='2017-10-24T12_14_58_0'): writing {"content": [], "_sender": "DmeModule", "_reason": null, "event_type": "FACTS"}
2017-10-24 12:16:23,107 - TdmApplication - DEBUG - FrontendConnectionHandler(id=139814853577040, session='2017-10-24T12_14_58_0'): OK
2017-10-24 12:16:23,117 - TdmApplication - DEBUG - FrontendConnectionHandler(id=139814853577040, session='2017-10-24T12_14_58_0').on_event(Event(STOP_SPEAKING, None, sender=TurnManager, reason=None))
2017-10-24 12:16:23,117 - TdmApplication - DEBUG - FrontendConnectionHandler(id=139814853577040, session='2017-10-24T12_14_58_0'): writing {"content": null, "_sender": "TurnManager", "_reason": null, "event_type": "STOP_SPEAKING"}
2017-10-24 12:16:23,118 - TdmApplication - DEBUG - FrontendConnectionHandler(id=139814853577040, session='2017-10-24T12_14_58_0'): OK
2017-10-24 12:16:23,119 - TdmApplication - DEBUG - FrontendConnectionHandler(id=139814853577040, session='2017-10-24T12_14_58_0').on_event(Event(SYSTEM_UTTERANCE_TO_SPEAK, [Returning to the start view., What would you like to do?], sender=GenerateModule, reason=None))
2017-10-24 12:16:23,119 - TdmApplication - DEBUG - FrontendConnectionHandler(id=139814853577040, session='2017-10-24T12_14_58_0'): writing {"content": ["Returning to the start view.", "What would you like to do?"], "_sender": "GenerateModule", "_reason": null, "event_type": "SYSTEM_UTTERANCE_TO_SPEAK"}
2017-10-24 12:16:23,119 - TdmApplication - DEBUG - FrontendConnectionHandler(id=139814853577040, session='2017-10-24T12_14_58_0'): OK
2017-10-24 12:16:23,121 - TdmApplication - DEBUG - FrontendConnectionHandler(id=139814853577040, session='2017-10-24T12_14_58_0').on_event(Event(MESSAGE_TO_GUI, [<tdm.tdm_gui_protocol.ClosePopup instance at 0x7f292c3a6ab8>], sender=GuiBackend, reason=None))
2017-10-24 12:16:23,121 - TdmApplication - DEBUG - FrontendConnectionHandler(id=139814853577040, session='2017-10-24T12_14_58_0'): writing {"content": [{"ClosePopup": {}}], "_sender": "GuiBackend", "_reason": null, "event_type": "MESSAGE_TO_GUI"}
2017-10-24 12:16:23,121 - TdmApplication - DEBUG - FrontendConnectionHandler(id=139814853577040, session='2017-10-24T12_14_58_0'): OK
2017-10-24 12:16:23,124 - TdmApplication - DEBUG - FrontendConnectionHandler(id=139814853577040, session='2017-10-24T12_14_58_0').on_message({"content": ["Returning to the start view.", "What would you like to do?"], "_sender": "TextOutputComponent", "_reason": null, "event_type": "SYSTEM_UTTERANCE_REALIZED"})
2017-10-24 12:16:23,148 - TdmApplication - DEBUG - FrontendConnectionHandler(id=139814853577040, session='2017-10-24T12_14_58_0').on_event(Event(FACTS, [], sender=DmeModule, reason=None))
2017-10-24 12:16:23,148 - TdmApplication - DEBUG - FrontendConnectionHandler(id=139814853577040, session='2017-10-24T12_14_58_0'): writing {"content": [], "_sender": "DmeModule", "_reason": null, "event_type": "FACTS"}
2017-10-24 12:16:23,148 - TdmApplication - DEBUG - FrontendConnectionHandler(id=139814853577040, session='2017-10-24T12_14_58_0'): OK
2017-10-24 12:16:23,216 - TdmApplication - DEBUG - FrontendConnectionHandler(id=139814853577040, session='2017-10-24T12_14_58_0').on_event(Event(SELECTED_RECOGNITION, go to next, sender=DmeModule, reason=None))
2017-10-24 12:16:23,216 - TdmApplication - DEBUG - FrontendConnectionHandler(id=139814853577040, session='2017-10-24T12_14_58_0'): writing {"content": "go to next", "_sender": "DmeModule", "_reason": null, "event_type": "SELECTED_RECOGNITION"}
2017-10-24 12:16:23,216 - TdmApplication - DEBUG - FrontendConnectionHandler(id=139814853577040, session='2017-10-24T12_14_58_0'): OK
2017-10-24 12:16:23,217 - TdmApplication - DEBUG - FrontendConnectionHandler(id=139814853577040, session='2017-10-24T12_14_58_0').on_event(Event(FACTS, [], sender=DmeModule, reason=None))
2017-10-24 12:16:23,217 - TdmApplication - DEBUG - FrontendConnectionHandler(id=139814853577040, session='2017-10-24T12_14_58_0'): writing {"content": [], "_sender": "DmeModule", "_reason": null, "event_type": "FACTS"}
2017-10-24 12:16:23,217 - TdmApplication - DEBUG - FrontendConnectionHandler(id=139814853577040, session='2017-10-24T12_14_58_0'): OK
2017-10-24 12:16:23,227 - TdmApplication - DEBUG - FrontendConnectionHandler(id=139814853577040, session='2017-10-24T12_14_58_0').on_event(Event(SYSTEM_UTTERANCE_TO_SPEAK, [, Went to next], sender=GenerateModule, reason=None))
2017-10-24 12:16:23,227 - TdmApplication - DEBUG - FrontendConnectionHandler(id=139814853577040, session='2017-10-24T12_14_58_0'): writing {"content": ["", "Went to next"], "_sender": "GenerateModule", "_reason": null, "event_type": "SYSTEM_UTTERANCE_TO_SPEAK"}
2017-10-24 12:16:23,228 - TdmApplication - DEBUG - FrontendConnectionHandler(id=139814853577040, session='2017-10-24T12_14_58_0'): OK
2017-10-24 12:16:23,229 - TdmApplication - DEBUG - FrontendConnectionHandler(id=139814853577040, session='2017-10-24T12_14_58_0').on_event(Event(GUI.POPUP, {options: [], title: Went to next}, sender=IndependentGuiBackend, reason=None))
2017-10-24 12:16:23,229 - TdmApplication - DEBUG - FrontendConnectionHandler(id=139814853577040, session='2017-10-24T12_14_58_0'): writing {"content": {"options": [], "title": "Went to next"}, "_sender": "IndependentGuiBackend", "_reason": null, "event_type": "GUI.POPUP"}
2017-10-24 12:16:23,229 - TdmApplication - DEBUG - FrontendConnectionHandler(id=139814853577040, session='2017-10-24T12_14_58_0'): OK
2017-10-24 12:16:23,230 - TdmApplication - DEBUG - FrontendConnectionHandler(id=139814853577040, session='2017-10-24T12_14_58_0').on_event(Event(MESSAGE_TO_GUI, [<tdm.tdm_gui_protocol.DeviceResult instance at 0x7f292c3ec7a0>, <tdm.tdm_gui_protocol.Popup instance at 0x7f292c4064d0>], sender=GuiBackend, reason=None))
2017-10-24 12:16:23,230 - TdmApplication - DEBUG - FrontendConnectionHandler(id=139814853577040, session='2017-10-24T12_14_58_0'): writing {"content": [{"DeviceResult": {"action": "go_to_next", "result": true, "arguments": {}, "failure_reason": null}}, {"Popup": {"elements": [], "title": "Went to next"}}], "_sender": "GuiBackend", "_reason": null, "event_type": "MESSAGE_TO_GUI"}
2017-10-24 12:16:23,230 - TdmApplication - DEBUG - FrontendConnectionHandler(id=139814853577040, session='2017-10-24T12_14_58_0'): OK
2017-10-24 12:16:23,249 - TdmApplication - DEBUG - FrontendConnectionHandler(id=139814853577040, session='2017-10-24T12_14_58_0').on_message({"content": ["", "Went to next"], "_sender": "TextOutputComponent", "_reason": null, "event_type": "SYSTEM_UTTERANCE_REALIZED"})
2017-10-24 12:16:23,310 - TdmApplication - DEBUG - FrontendConnectionHandler(id=139814853577040, session='2017-10-24T12_14_58_0').on_event(Event(FACTS, [{predicate: say_step, grammar_entry: None, value: lol}], sender=DmeModule, reason=None))
2017-10-24 12:16:23,310 - TdmApplication - DEBUG - FrontendConnectionHandler(id=139814853577040, session='2017-10-24T12_14_58_0'): writing {"content": [{"predicate": "say_step", "grammar_entry": null, "value": "lol"}], "_sender": "DmeModule", "_reason": null, "event_type": "FACTS"}
2017-10-24 12:16:23,310 - TdmApplication - DEBUG - FrontendConnectionHandler(id=139814853577040, session='2017-10-24T12_14_58_0'): OK
2017-10-24 12:16:23,321 - TdmApplication - DEBUG - FrontendConnectionHandler(id=139814853577040, session='2017-10-24T12_14_58_0').on_event(Event(SYSTEM_UTTERANCE_TO_SPEAK, [Ok lol.], sender=GenerateModule, reason=None))
2017-10-24 12:16:23,321 - TdmApplication - DEBUG - FrontendConnectionHandler(id=139814853577040, session='2017-10-24T12_14_58_0'): writing {"content": ["Ok lol."], "_sender": "GenerateModule", "_reason": null, "event_type": "SYSTEM_UTTERANCE_TO_SPEAK"}
2017-10-24 12:16:23,321 - TdmApplication - DEBUG - FrontendConnectionHandler(id=139814853577040, session='2017-10-24T12_14_58_0'): OK
2017-10-24 12:16:23,322 - TdmApplication - DEBUG - FrontendConnectionHandler(id=139814853577040, session='2017-10-24T12_14_58_0').on_event(Event(GUI.POPUP, {options: [], title: Ok lol.}, sender=IndependentGuiBackend, reason=None))
2017-10-24 12:16:23,322 - TdmApplication - DEBUG - FrontendConnectionHandler(id=139814853577040, session='2017-10-24T12_14_58_0'): writing {"content": {"options": [], "title": "Ok lol."}, "_sender": "IndependentGuiBackend", "_reason": null, "event_type": "GUI.POPUP"}
2017-10-24 12:16:23,322 - TdmApplication - DEBUG - FrontendConnectionHandler(id=139814853577040, session='2017-10-24T12_14_58_0'): OK
2017-10-24 12:16:23,323 - TdmApplication - DEBUG - FrontendConnectionHandler(id=139814853577040, session='2017-10-24T12_14_58_0').on_event(Event(MESSAGE_TO_GUI, [<tdm.tdm_gui_protocol.ClosePopup instance at 0x7f292c3eff38>, <tdm.tdm_gui_protocol.Popup instance at 0x7f292c3ec680>], sender=GuiBackend, reason=None))
2017-10-24 12:16:23,323 - TdmApplication - DEBUG - FrontendConnectionHandler(id=139814853577040, session='2017-10-24T12_14_58_0'): writing {"content": [{"ClosePopup": {}}, {"Popup": {"elements": [], "title": "Ok lol."}}], "_sender": "GuiBackend", "_reason": null, "event_type": "MESSAGE_TO_GUI"}
2017-10-24 12:16:23,323 - TdmApplication - DEBUG - FrontendConnectionHandler(id=139814853577040, session='2017-10-24T12_14_58_0'): OK
2017-10-24 12:16:23,363 - TdmApplication - DEBUG - FrontendConnectionHandler(id=139814853577040, session='2017-10-24T12_14_58_0').on_message({"content": ["Ok lol."], "_sender": "TextOutputComponent", "_reason": null, "event_type": "SYSTEM_UTTERANCE_REALIZED"})
2017-10-24 12:16:23,390 - TdmApplication - DEBUG - FrontendConnectionHandler(id=139814853577040, session='2017-10-24T12_14_58_0').on_event(Event(FACTS, [{predicate: say_step, grammar_entry: None, value: lol}], sender=DmeModule, reason=None))
2017-10-24 12:16:23,390 - TdmApplication - DEBUG - FrontendConnectionHandler(id=139814853577040, session='2017-10-24T12_14_58_0'): writing {"content": [{"predicate": "say_step", "grammar_entry": null, "value": "lol"}], "_sender": "DmeModule", "_reason": null, "event_type": "FACTS"}
2017-10-24 12:16:23,390 - TdmApplication - DEBUG - FrontendConnectionHandler(id=139814853577040, session='2017-10-24T12_14_58_0'): OK
2017-10-24 12:16:29,191 - TdmApplication - DEBUG - FrontendConnectionHandler(id=139814853577040, session='2017-10-24T12_14_58_0').on_message({"content": [{"score": 1.0, "utterance": "go to next"}], "_sender": "TextInputComponent", "_reason": null, "event_type": "RECOGNITION"})
2017-10-24 12:16:29,195 - TdmApplication - DEBUG - FrontendConnectionHandler(id=139814853577040, session='2017-10-24T12_14_58_0').on_event(Event(FACTS, [], sender=DmeModule, reason=None))
2017-10-24 12:16:29,195 - TdmApplication - DEBUG - FrontendConnectionHandler(id=139814853577040, session='2017-10-24T12_14_58_0'): writing {"content": [], "_sender": "DmeModule", "_reason": null, "event_type": "FACTS"}
2017-10-24 12:16:29,195 - TdmApplication - DEBUG - FrontendConnectionHandler(id=139814853577040, session='2017-10-24T12_14_58_0'): OK
2017-10-24 12:16:29,204 - TdmApplication - DEBUG - FrontendConnectionHandler(id=139814853577040, session='2017-10-24T12_14_58_0').on_event(Event(STOP_SPEAKING, None, sender=TurnManager, reason=None))
2017-10-24 12:16:29,204 - TdmApplication - DEBUG - FrontendConnectionHandler(id=139814853577040, session='2017-10-24T12_14_58_0'): writing {"content": null, "_sender": "TurnManager", "_reason": null, "event_type": "STOP_SPEAKING"}
2017-10-24 12:16:29,204 - TdmApplication - DEBUG - FrontendConnectionHandler(id=139814853577040, session='2017-10-24T12_14_58_0'): OK
2017-10-24 12:16:29,205 - TdmApplication - DEBUG - FrontendConnectionHandler(id=139814853577040, session='2017-10-24T12_14_58_0').on_event(Event(SYSTEM_UTTERANCE_TO_SPEAK, [Returning to the start view., What would you like to do?], sender=GenerateModule, reason=None))
2017-10-24 12:16:29,205 - TdmApplication - DEBUG - FrontendConnectionHandler(id=139814853577040, session='2017-10-24T12_14_58_0'): writing {"content": ["Returning to the start view.", "What would you like to do?"], "_sender": "GenerateModule", "_reason": null, "event_type": "SYSTEM_UTTERANCE_TO_SPEAK"}
2017-10-24 12:16:29,205 - TdmApplication - DEBUG - FrontendConnectionHandler(id=139814853577040, session='2017-10-24T12_14_58_0'): OK
2017-10-24 12:16:29,206 - TdmApplication - DEBUG - FrontendConnectionHandler(id=139814853577040, session='2017-10-24T12_14_58_0').on_event(Event(MESSAGE_TO_GUI, [<tdm.tdm_gui_protocol.ClosePopup instance at 0x7f292c3efb00>], sender=GuiBackend, reason=None))
2017-10-24 12:16:29,206 - TdmApplication - DEBUG - FrontendConnectionHandler(id=139814853577040, session='2017-10-24T12_14_58_0'): writing {"content": [{"ClosePopup": {}}], "_sender": "GuiBackend", "_reason": null, "event_type": "MESSAGE_TO_GUI"}
2017-10-24 12:16:29,206 - TdmApplication - DEBUG - FrontendConnectionHandler(id=139814853577040, session='2017-10-24T12_14_58_0'): OK
2017-10-24 12:16:29,224 - TdmApplication - DEBUG - FrontendConnectionHandler(id=139814853577040, session='2017-10-24T12_14_58_0').on_message({"content": ["Returning to the start view.", "What would you like to do?"], "_sender": "TextOutputComponent", "_reason": null, "event_type": "SYSTEM_UTTERANCE_REALIZED"})
2017-10-24 12:16:29,249 - TdmApplication - DEBUG - FrontendConnectionHandler(id=139814853577040, session='2017-10-24T12_14_58_0').on_event(Event(FACTS, [], sender=DmeModule, reason=None))
2017-10-24 12:16:29,249 - TdmApplication - DEBUG - FrontendConnectionHandler(id=139814853577040, session='2017-10-24T12_14_58_0'): writing {"content": [], "_sender": "DmeModule", "_reason": null, "event_type": "FACTS"}
2017-10-24 12:16:29,249 - TdmApplication - DEBUG - FrontendConnectionHandler(id=139814853577040, session='2017-10-24T12_14_58_0'): OK
2017-10-24 12:16:29,316 - TdmApplication - DEBUG - FrontendConnectionHandler(id=139814853577040, session='2017-10-24T12_14_58_0').on_event(Event(SELECTED_RECOGNITION, go to next, sender=DmeModule, reason=None))
2017-10-24 12:16:29,316 - TdmApplication - DEBUG - FrontendConnectionHandler(id=139814853577040, session='2017-10-24T12_14_58_0'): writing {"content": "go to next", "_sender": "DmeModule", "_reason": null, "event_type": "SELECTED_RECOGNITION"}
2017-10-24 12:16:29,317 - TdmApplication - DEBUG - FrontendConnectionHandler(id=139814853577040, session='2017-10-24T12_14_58_0'): OK
2017-10-24 12:16:29,317 - TdmApplication - DEBUG - FrontendConnectionHandler(id=139814853577040, session='2017-10-24T12_14_58_0').on_event(Event(FACTS, [], sender=DmeModule, reason=None))
2017-10-24 12:16:29,318 - TdmApplication - DEBUG - FrontendConnectionHandler(id=139814853577040, session='2017-10-24T12_14_58_0'): writing {"content": [], "_sender": "DmeModule", "_reason": null, "event_type": "FACTS"}
2017-10-24 12:16:29,318 - TdmApplication - DEBUG - FrontendConnectionHandler(id=139814853577040, session='2017-10-24T12_14_58_0'): OK
2017-10-24 12:16:29,326 - TdmApplication - DEBUG - FrontendConnectionHandler(id=139814853577040, session='2017-10-24T12_14_58_0').on_event(Event(SYSTEM_UTTERANCE_TO_SPEAK, [I'm sorry, something went wrong.], sender=GenerateModule, reason=None))
2017-10-24 12:16:29,326 - TdmApplication - DEBUG - FrontendConnectionHandler(id=139814853577040, session='2017-10-24T12_14_58_0'): writing {"content": ["I'm sorry, something went wrong."], "_sender": "GenerateModule", "_reason": null, "event_type": "SYSTEM_UTTERANCE_TO_SPEAK"}
2017-10-24 12:16:29,326 - TdmApplication - DEBUG - FrontendConnectionHandler(id=139814853577040, session='2017-10-24T12_14_58_0'): OK
2017-10-24 12:16:29,327 - TdmApplication - DEBUG - FrontendConnectionHandler(id=139814853577040, session='2017-10-24T12_14_58_0').on_event(Event(GUI.POPUP, {options: [], title: I'm sorry, something went wrong.}, sender=IndependentGuiBackend, reason=None))
2017-10-24 12:16:29,327 - TdmApplication - DEBUG - FrontendConnectionHandler(id=139814853577040, session='2017-10-24T12_14_58_0'): writing {"content": {"options": [], "title": "I'm sorry, something went wrong."}, "_sender": "IndependentGuiBackend", "_reason": null, "event_type": "GUI.POPUP"}
2017-10-24 12:16:29,327 - TdmApplication - DEBUG - FrontendConnectionHandler(id=139814853577040, session='2017-10-24T12_14_58_0'): OK
2017-10-24 12:16:29,328 - TdmApplication - DEBUG - FrontendConnectionHandler(id=139814853577040, session='2017-10-24T12_14_58_0').on_event(Event(MESSAGE_TO_GUI, [<tdm.tdm_gui_protocol.DeviceResult instance at 0x7f292c3efc68>, <tdm.tdm_gui_protocol.Popup instance at 0x7f292c39a998>], sender=GuiBackend, reason=None))
2017-10-24 12:16:29,328 - TdmApplication - DEBUG - FrontendConnectionHandler(id=139814853577040, session='2017-10-24T12_14_58_0'): writing {"content": [{"DeviceResult": {"action": "go_to_next", "result": false, "arguments": {}, "failure_reason": "undefined_failure"}}, {"Popup": {"elements": [], "title": "I'm sorry, something went wrong."}}], "_sender": "GuiBackend", "_reason": null, "event_type": "MESSAGE_TO_GUI"}
2017-10-24 12:16:29,329 - TdmApplication - DEBUG - FrontendConnectionHandler(id=139814853577040, session='2017-10-24T12_14_58_0'): OK
2017-10-24 12:16:29,346 - TdmApplication - DEBUG - FrontendConnectionHandler(id=139814853577040, session='2017-10-24T12_14_58_0').on_message({"content": ["I'm sorry, something went wrong."], "_sender": "TextOutputComponent", "_reason": null, "event_type": "SYSTEM_UTTERANCE_REALIZED"})
2017-10-24 12:16:29,369 - TdmApplication - DEBUG - FrontendConnectionHandler(id=139814853577040, session='2017-10-24T12_14_58_0').on_event(Event(FACTS, [], sender=DmeModule, reason=None))
2017-10-24 12:16:29,369 - TdmApplication - DEBUG - FrontendConnectionHandler(id=139814853577040, session='2017-10-24T12_14_58_0'): writing {"content": [], "_sender": "DmeModule", "_reason": null, "event_type": "FACTS"}
2017-10-24 12:16:29,370 - TdmApplication - DEBUG - FrontendConnectionHandler(id=139814853577040, session='2017-10-24T12_14_58_0'): OK
2017-10-24 12:17:28,359 - TdmApplication - DEBUG - FrontendConnectionHandler(id=139814853577040, session='2017-10-24T12_14_58_0').on_close()
2017-10-24 12:17:28,359 - TdmApplication - DEBUG - SessionManager.stop('2017-10-24T12_14_58_0')
2017-10-24 12:17:28,361 - TdmApplication - DEBUG - TdmApplication.stop(): Stopping HTTP server
2017-10-24 12:17:28,361 - TdmApplication - DEBUG - TdmApplication.stop(): Stopping IO-loop
2017-10-24 12:17:28,361 - TdmApplication - DEBUG - TdmApplication.stop(): Stopping sessions []
2017-10-24 12:17:28,363 - TdmApplication - DEBUG - FrontendConnectionHandler(id=139814853577040, session='2017-10-24T12_14_58_0').on_event(Event(FACTS, [], sender=DmeModule, reason=None))
2017-10-24 12:17:28,364 - TdmApplication - DEBUG - FrontendConnectionHandler(id=139814853577040, session='2017-10-24T12_14_58_0'): writing {"content": [], "_sender": "DmeModule", "_reason": null, "event_type": "FACTS"}
2017-10-24 12:17:28,364 - TdmApplication - DEBUG - FrontendConnectionHandler(id=139814853577040, session='2017-10-24T12_14_58_0'): OK
