2017-10-20 15:25:23,672 - TdmApplication - DEBUG - DddDb().__init__(name='ddds', default_ddds=[u'recipehelp'])
2017-10-20 15:25:23,672 - TdmApplication - DEBUG - DddDb(): DB file name is '/home/gusmatssar/recipedialogue/tdm/ddds.json'
2017-10-20 15:25:23,681 - TdmApplication - DEBUG - FrontendConnectionHandler(id=140506199570768, session=None).open()
2017-10-20 15:25:23,682 - TdmApplication - DEBUG - thread_manager.create_thread() with threading.active_count()=3
2017-10-20 15:25:23,683 - TdmApplication - DEBUG - FrontendConnectionHandler(id=140506199570768, session=None).on_message({"handshake_content": {"session_id": null, "keep_session_alive": false}, "name": "Frontend"})
2017-10-20 15:25:23,684 - TdmApplication - DEBUG - FrontendConnectionHandler(id=140506199570768, session=None)._register({"handshake_content": {"session_id": null, "keep_session_alive": false}, "name": "Frontend"})
2017-10-20 15:25:23,684 - TdmApplication - DEBUG - thread_manager.create_thread() with threading.active_count()=4
2017-10-20 15:25:23,685 - TdmApplication - DEBUG - Creating backend and session with id 2017-10-20T15_25_23_0.
2017-10-20 15:25:23,718 - TdmApplication - DEBUG - FrontendConnectionHandler._register: Registered in session 2017-10-20T15_25_23_0 with backend <ThreadedBackend(ThreadedBackend, started daemon 140505954379520)>.
2017-10-20 15:25:23,719 - TdmApplication - DEBUG - FrontendConnectionHandler(id=140506199570768, session='2017-10-20T15_25_23_0').on_event(Event(REGISTER_BACKEND, None, sender=Backend, reason=None))
2017-10-20 15:25:23,719 - TdmApplication - DEBUG - FrontendConnectionHandler(id=140506199570768, session='2017-10-20T15_25_23_0'): writing {"content": null, "_sender": "Backend", "_reason": null, "event_type": "REGISTER_BACKEND"}
2017-10-20 15:25:23,719 - TdmApplication - DEBUG - FrontendConnectionHandler(id=140506199570768, session='2017-10-20T15_25_23_0'): OK
2017-10-20 15:25:23,728 - TdmApplication - DEBUG - FrontendConnectionHandler(id=140506199570768, session='2017-10-20T15_25_23_0').on_message({"content": null, "_sender": "Frontend", "_reason": null, "event_type": "FRONTEND_READY"})
2017-10-20 15:25:23,731 - TdmApplication - DEBUG - FrontendConnectionHandler(id=140506199570768, session='2017-10-20T15_25_23_0').on_event(Event(BACKEND_READY, None, sender=Backend, reason=None))
2017-10-20 15:25:23,731 - TdmApplication - DEBUG - FrontendConnectionHandler(id=140506199570768, session='2017-10-20T15_25_23_0'): writing {"content": null, "_sender": "Backend", "_reason": null, "event_type": "BACKEND_READY"}
2017-10-20 15:25:23,732 - TdmApplication - DEBUG - FrontendConnectionHandler(id=140506199570768, session='2017-10-20T15_25_23_0'): OK
2017-10-20 15:25:23,734 - TdmApplication - DEBUG - FrontendConnectionHandler(id=140506199570768, session='2017-10-20T15_25_23_0').on_message({"content": null, "_sender": "Frontend", "_reason": null, "event_type": "START"})
2017-10-20 15:25:23,770 - TdmApplication - DEBUG - FrontendConnectionHandler(id=140506199570768, session='2017-10-20T15_25_23_0').on_event(Event(SET_DDD, {ddd_name: recipehelp, language_code: eng}, sender=DmeModule, reason=None))
2017-10-20 15:25:23,770 - TdmApplication - DEBUG - FrontendConnectionHandler(id=140506199570768, session='2017-10-20T15_25_23_0'): writing {"content": {"ddd_name": "recipehelp", "language_code": "eng"}, "_sender": "DmeModule", "_reason": null, "event_type": "SET_DDD"}
2017-10-20 15:25:23,771 - TdmApplication - DEBUG - FrontendConnectionHandler(id=140506199570768, session='2017-10-20T15_25_23_0'): OK
2017-10-20 15:25:23,772 - TdmApplication - DEBUG - FrontendConnectionHandler(id=140506199570768, session='2017-10-20T15_25_23_0').on_event(Event(FACTS, [], sender=DmeModule, reason=None))
2017-10-20 15:25:23,772 - TdmApplication - DEBUG - FrontendConnectionHandler(id=140506199570768, session='2017-10-20T15_25_23_0'): writing {"content": [], "_sender": "DmeModule", "_reason": null, "event_type": "FACTS"}
2017-10-20 15:25:23,772 - TdmApplication - DEBUG - FrontendConnectionHandler(id=140506199570768, session='2017-10-20T15_25_23_0'): OK
2017-10-20 15:25:23,780 - TdmApplication - DEBUG - FrontendConnectionHandler(id=140506199570768, session='2017-10-20T15_25_23_0').on_event(Event(SYSTEM_UTTERANCE_TO_SPEAK, [, What would you like to do?], sender=GenerateModule, reason=None))
2017-10-20 15:25:23,780 - TdmApplication - DEBUG - FrontendConnectionHandler(id=140506199570768, session='2017-10-20T15_25_23_0'): writing {"content": ["", "What would you like to do?"], "_sender": "GenerateModule", "_reason": null, "event_type": "SYSTEM_UTTERANCE_TO_SPEAK"}
2017-10-20 15:25:23,780 - TdmApplication - DEBUG - FrontendConnectionHandler(id=140506199570768, session='2017-10-20T15_25_23_0'): OK
2017-10-20 15:25:23,781 - TdmApplication - DEBUG - FrontendConnectionHandler(id=140506199570768, session='2017-10-20T15_25_23_0').on_event(Event(MESSAGE_TO_GUI, [], sender=GuiBackend, reason=None))
2017-10-20 15:25:23,781 - TdmApplication - DEBUG - FrontendConnectionHandler(id=140506199570768, session='2017-10-20T15_25_23_0'): writing {"content": [], "_sender": "GuiBackend", "_reason": null, "event_type": "MESSAGE_TO_GUI"}
2017-10-20 15:25:23,781 - TdmApplication - DEBUG - FrontendConnectionHandler(id=140506199570768, session='2017-10-20T15_25_23_0'): OK
2017-10-20 15:25:23,823 - TdmApplication - DEBUG - FrontendConnectionHandler(id=140506199570768, session='2017-10-20T15_25_23_0').on_message({"content": ["", "What would you like to do?"], "_sender": "TextOutputComponent", "_reason": null, "event_type": "SYSTEM_UTTERANCE_REALIZED"})
2017-10-20 15:25:23,845 - TdmApplication - DEBUG - FrontendConnectionHandler(id=140506199570768, session='2017-10-20T15_25_23_0').on_event(Event(FACTS, [], sender=DmeModule, reason=None))
2017-10-20 15:25:23,845 - TdmApplication - DEBUG - FrontendConnectionHandler(id=140506199570768, session='2017-10-20T15_25_23_0'): writing {"content": [], "_sender": "DmeModule", "_reason": null, "event_type": "FACTS"}
2017-10-20 15:25:23,845 - TdmApplication - DEBUG - FrontendConnectionHandler(id=140506199570768, session='2017-10-20T15_25_23_0'): OK
2017-10-20 15:26:08,475 - TdmApplication - DEBUG - FrontendConnectionHandler(id=140506199570768, session='2017-10-20T15_25_23_0').on_close()
2017-10-20 15:26:08,476 - TdmApplication - DEBUG - SessionManager.stop('2017-10-20T15_25_23_0')
2017-10-20 15:26:08,476 - TdmApplication - DEBUG - TdmApplication.stop(): Stopping HTTP server
2017-10-20 15:26:08,477 - TdmApplication - DEBUG - TdmApplication.stop(): Stopping IO-loop
2017-10-20 15:26:08,477 - TdmApplication - DEBUG - TdmApplication.stop(): Stopping sessions []
