2017-10-20 17:45:42,082 - TdmApplication - DEBUG - DddDb().__init__(name='ddds', default_ddds=[u'recipehelp'])
2017-10-20 17:45:42,082 - TdmApplication - DEBUG - DddDb(): DB file name is '/home/gusmatssar/recipedialogue/tdm/ddds.json'
2017-10-20 17:45:42,095 - TdmApplication - DEBUG - FrontendConnectionHandler(id=140064916097360, session=None).open()
2017-10-20 17:45:42,097 - TdmApplication - DEBUG - thread_manager.create_thread() with threading.active_count()=3
2017-10-20 17:45:42,098 - TdmApplication - DEBUG - FrontendConnectionHandler(id=140064916097360, session=None).on_message({"handshake_content": {"session_id": null, "keep_session_alive": false}, "name": "Frontend"})
2017-10-20 17:45:42,098 - TdmApplication - DEBUG - FrontendConnectionHandler(id=140064916097360, session=None)._register({"handshake_content": {"session_id": null, "keep_session_alive": false}, "name": "Frontend"})
2017-10-20 17:45:42,099 - TdmApplication - DEBUG - thread_manager.create_thread() with threading.active_count()=4
2017-10-20 17:45:42,100 - TdmApplication - DEBUG - Creating backend and session with id 2017-10-20T17_45_42_0.
2017-10-20 17:45:42,133 - TdmApplication - DEBUG - FrontendConnectionHandler._register: Registered in session 2017-10-20T17_45_42_0 with backend <ThreadedBackend(ThreadedBackend, started daemon 140064875071232)>.
2017-10-20 17:45:42,134 - TdmApplication - DEBUG - FrontendConnectionHandler(id=140064916097360, session='2017-10-20T17_45_42_0').on_event(Event(REGISTER_BACKEND, None, sender=Backend, reason=None))
2017-10-20 17:45:42,134 - TdmApplication - DEBUG - FrontendConnectionHandler(id=140064916097360, session='2017-10-20T17_45_42_0'): writing {"content": null, "_sender": "Backend", "_reason": null, "event_type": "REGISTER_BACKEND"}
2017-10-20 17:45:42,135 - TdmApplication - DEBUG - FrontendConnectionHandler(id=140064916097360, session='2017-10-20T17_45_42_0'): OK
2017-10-20 17:45:42,167 - TdmApplication - DEBUG - FrontendConnectionHandler(id=140064916097360, session='2017-10-20T17_45_42_0').on_message({"content": null, "_sender": "Frontend", "_reason": null, "event_type": "FRONTEND_READY"})
2017-10-20 17:45:42,169 - TdmApplication - DEBUG - FrontendConnectionHandler(id=140064916097360, session='2017-10-20T17_45_42_0').on_event(Event(BACKEND_READY, None, sender=Backend, reason=None))
2017-10-20 17:45:42,170 - TdmApplication - DEBUG - FrontendConnectionHandler(id=140064916097360, session='2017-10-20T17_45_42_0'): writing {"content": null, "_sender": "Backend", "_reason": null, "event_type": "BACKEND_READY"}
2017-10-20 17:45:42,170 - TdmApplication - DEBUG - FrontendConnectionHandler(id=140064916097360, session='2017-10-20T17_45_42_0'): OK
2017-10-20 17:45:42,172 - TdmApplication - DEBUG - FrontendConnectionHandler(id=140064916097360, session='2017-10-20T17_45_42_0').on_message({"content": null, "_sender": "Frontend", "_reason": null, "event_type": "START"})
2017-10-20 17:45:42,207 - TdmApplication - DEBUG - FrontendConnectionHandler(id=140064916097360, session='2017-10-20T17_45_42_0').on_event(Event(SET_DDD, {ddd_name: recipehelp, language_code: eng}, sender=DmeModule, reason=None))
2017-10-20 17:45:42,207 - TdmApplication - DEBUG - FrontendConnectionHandler(id=140064916097360, session='2017-10-20T17_45_42_0'): writing {"content": {"ddd_name": "recipehelp", "language_code": "eng"}, "_sender": "DmeModule", "_reason": null, "event_type": "SET_DDD"}
2017-10-20 17:45:42,207 - TdmApplication - DEBUG - FrontendConnectionHandler(id=140064916097360, session='2017-10-20T17_45_42_0'): OK
2017-10-20 17:45:42,208 - TdmApplication - DEBUG - FrontendConnectionHandler(id=140064916097360, session='2017-10-20T17_45_42_0').on_event(Event(FACTS, [], sender=DmeModule, reason=None))
2017-10-20 17:45:42,208 - TdmApplication - DEBUG - FrontendConnectionHandler(id=140064916097360, session='2017-10-20T17_45_42_0'): writing {"content": [], "_sender": "DmeModule", "_reason": null, "event_type": "FACTS"}
2017-10-20 17:45:42,209 - TdmApplication - DEBUG - FrontendConnectionHandler(id=140064916097360, session='2017-10-20T17_45_42_0'): OK
2017-10-20 17:45:42,217 - TdmApplication - DEBUG - FrontendConnectionHandler(id=140064916097360, session='2017-10-20T17_45_42_0').on_event(Event(SYSTEM_UTTERANCE_TO_SPEAK, [, What would you like to do?], sender=GenerateModule, reason=None))
2017-10-20 17:45:42,217 - TdmApplication - DEBUG - FrontendConnectionHandler(id=140064916097360, session='2017-10-20T17_45_42_0'): writing {"content": ["", "What would you like to do?"], "_sender": "GenerateModule", "_reason": null, "event_type": "SYSTEM_UTTERANCE_TO_SPEAK"}
2017-10-20 17:45:42,217 - TdmApplication - DEBUG - FrontendConnectionHandler(id=140064916097360, session='2017-10-20T17_45_42_0'): OK
2017-10-20 17:45:42,218 - TdmApplication - DEBUG - FrontendConnectionHandler(id=140064916097360, session='2017-10-20T17_45_42_0').on_event(Event(MESSAGE_TO_GUI, [], sender=GuiBackend, reason=None))
2017-10-20 17:45:42,218 - TdmApplication - DEBUG - FrontendConnectionHandler(id=140064916097360, session='2017-10-20T17_45_42_0'): writing {"content": [], "_sender": "GuiBackend", "_reason": null, "event_type": "MESSAGE_TO_GUI"}
2017-10-20 17:45:42,218 - TdmApplication - DEBUG - FrontendConnectionHandler(id=140064916097360, session='2017-10-20T17_45_42_0'): OK
2017-10-20 17:45:42,258 - TdmApplication - DEBUG - FrontendConnectionHandler(id=140064916097360, session='2017-10-20T17_45_42_0').on_message({"content": ["", "What would you like to do?"], "_sender": "TextOutputComponent", "_reason": null, "event_type": "SYSTEM_UTTERANCE_REALIZED"})
2017-10-20 17:45:42,280 - TdmApplication - DEBUG - FrontendConnectionHandler(id=140064916097360, session='2017-10-20T17_45_42_0').on_event(Event(FACTS, [], sender=DmeModule, reason=None))
2017-10-20 17:45:42,280 - TdmApplication - DEBUG - FrontendConnectionHandler(id=140064916097360, session='2017-10-20T17_45_42_0'): writing {"content": [], "_sender": "DmeModule", "_reason": null, "event_type": "FACTS"}
2017-10-20 17:45:42,281 - TdmApplication - DEBUG - FrontendConnectionHandler(id=140064916097360, session='2017-10-20T17_45_42_0'): OK
2017-10-20 17:45:45,943 - TdmApplication - DEBUG - FrontendConnectionHandler(id=140064916097360, session='2017-10-20T17_45_42_0').on_message({"content": [{"score": 1.0, "utterance": "go to hell"}], "_sender": "TextInputComponent", "_reason": null, "event_type": "RECOGNITION"})
2017-10-20 17:45:45,952 - TdmApplication - DEBUG - FrontendConnectionHandler(id=140064916097360, session='2017-10-20T17_45_42_0').on_event(Event(STOP_LISTENING, None, sender=TurnManager, reason=None))
2017-10-20 17:45:45,952 - TdmApplication - DEBUG - FrontendConnectionHandler(id=140064916097360, session='2017-10-20T17_45_42_0'): writing {"content": null, "_sender": "TurnManager", "_reason": null, "event_type": "STOP_LISTENING"}
2017-10-20 17:45:45,952 - TdmApplication - DEBUG - FrontendConnectionHandler(id=140064916097360, session='2017-10-20T17_45_42_0'): OK
2017-10-20 17:45:46,027 - TdmApplication - DEBUG - FrontendConnectionHandler(id=140064916097360, session='2017-10-20T17_45_42_0').on_event(Event(SELECTED_RECOGNITION, go to hell, sender=DmeModule, reason=None))
2017-10-20 17:45:46,027 - TdmApplication - DEBUG - FrontendConnectionHandler(id=140064916097360, session='2017-10-20T17_45_42_0'): writing {"content": "go to hell", "_sender": "DmeModule", "_reason": null, "event_type": "SELECTED_RECOGNITION"}
2017-10-20 17:45:46,027 - TdmApplication - DEBUG - FrontendConnectionHandler(id=140064916097360, session='2017-10-20T17_45_42_0'): OK
2017-10-20 17:45:46,028 - TdmApplication - DEBUG - FrontendConnectionHandler(id=140064916097360, session='2017-10-20T17_45_42_0').on_event(Event(FACTS, [], sender=DmeModule, reason=None))
2017-10-20 17:45:46,028 - TdmApplication - DEBUG - FrontendConnectionHandler(id=140064916097360, session='2017-10-20T17_45_42_0'): writing {"content": [], "_sender": "DmeModule", "_reason": null, "event_type": "FACTS"}
2017-10-20 17:45:46,028 - TdmApplication - DEBUG - FrontendConnectionHandler(id=140064916097360, session='2017-10-20T17_45_42_0'): OK
2017-10-20 17:45:46,040 - TdmApplication - DEBUG - FrontendConnectionHandler(id=140064916097360, session='2017-10-20T17_45_42_0').on_event(Event(SYSTEM_UTTERANCE_TO_SPEAK, [, , Which step?], sender=GenerateModule, reason=None))
2017-10-20 17:45:46,040 - TdmApplication - DEBUG - FrontendConnectionHandler(id=140064916097360, session='2017-10-20T17_45_42_0'): writing {"content": ["", "", "Which step?"], "_sender": "GenerateModule", "_reason": null, "event_type": "SYSTEM_UTTERANCE_TO_SPEAK"}
2017-10-20 17:45:46,040 - TdmApplication - DEBUG - FrontendConnectionHandler(id=140064916097360, session='2017-10-20T17_45_42_0'): OK
2017-10-20 17:45:46,041 - TdmApplication - DEBUG - FrontendConnectionHandler(id=140064916097360, session='2017-10-20T17_45_42_0').on_event(Event(MESSAGE_TO_GUI, [], sender=GuiBackend, reason=None))
2017-10-20 17:45:46,041 - TdmApplication - DEBUG - FrontendConnectionHandler(id=140064916097360, session='2017-10-20T17_45_42_0'): writing {"content": [], "_sender": "GuiBackend", "_reason": null, "event_type": "MESSAGE_TO_GUI"}
2017-10-20 17:45:46,041 - TdmApplication - DEBUG - FrontendConnectionHandler(id=140064916097360, session='2017-10-20T17_45_42_0'): OK
2017-10-20 17:45:46,046 - TdmApplication - DEBUG - FrontendConnectionHandler(id=140064916097360, session='2017-10-20T17_45_42_0').on_message({"content": ["", "", "Which step?"], "_sender": "TextOutputComponent", "_reason": null, "event_type": "SYSTEM_UTTERANCE_REALIZED"})
2017-10-20 17:45:46,080 - TdmApplication - DEBUG - FrontendConnectionHandler(id=140064916097360, session='2017-10-20T17_45_42_0').on_event(Event(FACTS, [], sender=DmeModule, reason=None))
2017-10-20 17:45:46,080 - TdmApplication - DEBUG - FrontendConnectionHandler(id=140064916097360, session='2017-10-20T17_45_42_0'): writing {"content": [], "_sender": "DmeModule", "_reason": null, "event_type": "FACTS"}
2017-10-20 17:45:46,080 - TdmApplication - DEBUG - FrontendConnectionHandler(id=140064916097360, session='2017-10-20T17_45_42_0'): OK
2017-10-20 17:45:58,901 - TdmApplication - DEBUG - FrontendConnectionHandler(id=140064916097360, session='2017-10-20T17_45_42_0').on_message({"content": [{"score": 1.0, "utterance": "step one"}], "_sender": "TextInputComponent", "_reason": null, "event_type": "RECOGNITION"})
2017-10-20 17:45:58,906 - TdmApplication - DEBUG - FrontendConnectionHandler(id=140064916097360, session='2017-10-20T17_45_42_0').on_event(Event(STOP_LISTENING, None, sender=TurnManager, reason=None))
2017-10-20 17:45:58,906 - TdmApplication - DEBUG - FrontendConnectionHandler(id=140064916097360, session='2017-10-20T17_45_42_0'): writing {"content": null, "_sender": "TurnManager", "_reason": null, "event_type": "STOP_LISTENING"}
2017-10-20 17:45:58,907 - TdmApplication - DEBUG - FrontendConnectionHandler(id=140064916097360, session='2017-10-20T17_45_42_0'): OK
2017-10-20 17:45:58,989 - TdmApplication - DEBUG - FrontendConnectionHandler(id=140064916097360, session='2017-10-20T17_45_42_0').on_event(Event(SELECTED_RECOGNITION, step one, sender=DmeModule, reason=None))
2017-10-20 17:45:58,989 - TdmApplication - DEBUG - FrontendConnectionHandler(id=140064916097360, session='2017-10-20T17_45_42_0'): writing {"content": "step one", "_sender": "DmeModule", "_reason": null, "event_type": "SELECTED_RECOGNITION"}
2017-10-20 17:45:58,989 - TdmApplication - DEBUG - FrontendConnectionHandler(id=140064916097360, session='2017-10-20T17_45_42_0'): OK
2017-10-20 17:45:58,991 - TdmApplication - DEBUG - FrontendConnectionHandler(id=140064916097360, session='2017-10-20T17_45_42_0').on_event(Event(FACTS, [{predicate: go_to_step, grammar_entry: None, value: chose a step}], sender=DmeModule, reason=None))
2017-10-20 17:45:58,991 - TdmApplication - DEBUG - FrontendConnectionHandler(id=140064916097360, session='2017-10-20T17_45_42_0'): writing {"content": [{"predicate": "go_to_step", "grammar_entry": null, "value": "chose a step"}], "_sender": "DmeModule", "_reason": null, "event_type": "FACTS"}
2017-10-20 17:45:58,991 - TdmApplication - DEBUG - FrontendConnectionHandler(id=140064916097360, session='2017-10-20T17_45_42_0'): OK
2017-10-20 17:45:59,002 - TdmApplication - DEBUG - FrontendConnectionHandler(id=140064916097360, session='2017-10-20T17_45_42_0').on_event(Event(SYSTEM_UTTERANCE_TO_SPEAK, [Ok chose a step.], sender=GenerateModule, reason=None))
2017-10-20 17:45:59,002 - TdmApplication - DEBUG - FrontendConnectionHandler(id=140064916097360, session='2017-10-20T17_45_42_0'): writing {"content": ["Ok chose a step."], "_sender": "GenerateModule", "_reason": null, "event_type": "SYSTEM_UTTERANCE_TO_SPEAK"}
2017-10-20 17:45:59,002 - TdmApplication - DEBUG - FrontendConnectionHandler(id=140064916097360, session='2017-10-20T17_45_42_0'): OK
2017-10-20 17:45:59,004 - TdmApplication - DEBUG - FrontendConnectionHandler(id=140064916097360, session='2017-10-20T17_45_42_0').on_event(Event(GUI.POPUP, {options: [], title: Ok chose a step.}, sender=IndependentGuiBackend, reason=None))
2017-10-20 17:45:59,004 - TdmApplication - DEBUG - FrontendConnectionHandler(id=140064916097360, session='2017-10-20T17_45_42_0'): writing {"content": {"options": [], "title": "Ok chose a step."}, "_sender": "IndependentGuiBackend", "_reason": null, "event_type": "GUI.POPUP"}
2017-10-20 17:45:59,005 - TdmApplication - DEBUG - FrontendConnectionHandler(id=140064916097360, session='2017-10-20T17_45_42_0'): OK
2017-10-20 17:45:59,008 - TdmApplication - DEBUG - FrontendConnectionHandler(id=140064916097360, session='2017-10-20T17_45_42_0').on_message({"content": ["Ok chose a step."], "_sender": "TextOutputComponent", "_reason": null, "event_type": "SYSTEM_UTTERANCE_REALIZED"})
2017-10-20 17:45:59,008 - TdmApplication - DEBUG - FrontendConnectionHandler(id=140064916097360, session='2017-10-20T17_45_42_0').on_event(Event(MESSAGE_TO_GUI, [<tdm.tdm_gui_protocol.Popup instance at 0x7f63652393b0>], sender=GuiBackend, reason=None))
2017-10-20 17:45:59,009 - TdmApplication - DEBUG - FrontendConnectionHandler(id=140064916097360, session='2017-10-20T17_45_42_0'): writing {"content": [{"Popup": {"elements": [], "title": "Ok chose a step."}}], "_sender": "GuiBackend", "_reason": null, "event_type": "MESSAGE_TO_GUI"}
2017-10-20 17:45:59,009 - TdmApplication - DEBUG - FrontendConnectionHandler(id=140064916097360, session='2017-10-20T17_45_42_0'): OK
2017-10-20 17:45:59,037 - TdmApplication - DEBUG - FrontendConnectionHandler(id=140064916097360, session='2017-10-20T17_45_42_0').on_event(Event(FACTS, [{predicate: go_to_step, grammar_entry: None, value: chose a step}], sender=DmeModule, reason=None))
2017-10-20 17:45:59,037 - TdmApplication - DEBUG - FrontendConnectionHandler(id=140064916097360, session='2017-10-20T17_45_42_0'): writing {"content": [{"predicate": "go_to_step", "grammar_entry": null, "value": "chose a step"}], "_sender": "DmeModule", "_reason": null, "event_type": "FACTS"}
2017-10-20 17:45:59,037 - TdmApplication - DEBUG - FrontendConnectionHandler(id=140064916097360, session='2017-10-20T17_45_42_0'): OK
2017-10-20 17:46:50,905 - TdmApplication - DEBUG - FrontendConnectionHandler(id=140064916097360, session='2017-10-20T17_45_42_0').on_message({"content": [{"score": 1.0, "utterance": "step one"}], "_sender": "TextInputComponent", "_reason": null, "event_type": "RECOGNITION"})
2017-10-20 17:46:50,909 - TdmApplication - DEBUG - FrontendConnectionHandler(id=140064916097360, session='2017-10-20T17_45_42_0').on_event(Event(FACTS, [], sender=DmeModule, reason=None))
2017-10-20 17:46:50,909 - TdmApplication - DEBUG - FrontendConnectionHandler(id=140064916097360, session='2017-10-20T17_45_42_0'): writing {"content": [], "_sender": "DmeModule", "_reason": null, "event_type": "FACTS"}
2017-10-20 17:46:50,909 - TdmApplication - DEBUG - FrontendConnectionHandler(id=140064916097360, session='2017-10-20T17_45_42_0'): OK
2017-10-20 17:46:50,918 - TdmApplication - DEBUG - FrontendConnectionHandler(id=140064916097360, session='2017-10-20T17_45_42_0').on_event(Event(STOP_SPEAKING, None, sender=TurnManager, reason=None))
2017-10-20 17:46:50,918 - TdmApplication - DEBUG - FrontendConnectionHandler(id=140064916097360, session='2017-10-20T17_45_42_0'): writing {"content": null, "_sender": "TurnManager", "_reason": null, "event_type": "STOP_SPEAKING"}
2017-10-20 17:46:50,918 - TdmApplication - DEBUG - FrontendConnectionHandler(id=140064916097360, session='2017-10-20T17_45_42_0'): OK
2017-10-20 17:46:50,918 - TdmApplication - DEBUG - FrontendConnectionHandler(id=140064916097360, session='2017-10-20T17_45_42_0').on_event(Event(SYSTEM_UTTERANCE_TO_SPEAK, [Returning to the start view., What would you like to do?], sender=GenerateModule, reason=None))
2017-10-20 17:46:50,919 - TdmApplication - DEBUG - FrontendConnectionHandler(id=140064916097360, session='2017-10-20T17_45_42_0'): writing {"content": ["Returning to the start view.", "What would you like to do?"], "_sender": "GenerateModule", "_reason": null, "event_type": "SYSTEM_UTTERANCE_TO_SPEAK"}
2017-10-20 17:46:50,919 - TdmApplication - DEBUG - FrontendConnectionHandler(id=140064916097360, session='2017-10-20T17_45_42_0'): OK
2017-10-20 17:46:50,920 - TdmApplication - DEBUG - FrontendConnectionHandler(id=140064916097360, session='2017-10-20T17_45_42_0').on_event(Event(MESSAGE_TO_GUI, [<tdm.tdm_gui_protocol.ClosePopup instance at 0x7f63649847a0>], sender=GuiBackend, reason=None))
2017-10-20 17:46:50,920 - TdmApplication - DEBUG - FrontendConnectionHandler(id=140064916097360, session='2017-10-20T17_45_42_0'): writing {"content": [{"ClosePopup": {}}], "_sender": "GuiBackend", "_reason": null, "event_type": "MESSAGE_TO_GUI"}
2017-10-20 17:46:50,920 - TdmApplication - DEBUG - FrontendConnectionHandler(id=140064916097360, session='2017-10-20T17_45_42_0'): OK
2017-10-20 17:46:50,940 - TdmApplication - DEBUG - FrontendConnectionHandler(id=140064916097360, session='2017-10-20T17_45_42_0').on_message({"content": ["Returning to the start view.", "What would you like to do?"], "_sender": "TextOutputComponent", "_reason": null, "event_type": "SYSTEM_UTTERANCE_REALIZED"})
2017-10-20 17:46:50,964 - TdmApplication - DEBUG - FrontendConnectionHandler(id=140064916097360, session='2017-10-20T17_45_42_0').on_event(Event(FACTS, [], sender=DmeModule, reason=None))
2017-10-20 17:46:50,964 - TdmApplication - DEBUG - FrontendConnectionHandler(id=140064916097360, session='2017-10-20T17_45_42_0'): writing {"content": [], "_sender": "DmeModule", "_reason": null, "event_type": "FACTS"}
2017-10-20 17:46:50,964 - TdmApplication - DEBUG - FrontendConnectionHandler(id=140064916097360, session='2017-10-20T17_45_42_0'): OK
2017-10-20 17:46:51,026 - TdmApplication - DEBUG - FrontendConnectionHandler(id=140064916097360, session='2017-10-20T17_45_42_0').on_event(Event(SELECTED_RECOGNITION, step one, sender=DmeModule, reason=None))
2017-10-20 17:46:51,026 - TdmApplication - DEBUG - FrontendConnectionHandler(id=140064916097360, session='2017-10-20T17_45_42_0'): writing {"content": "step one", "_sender": "DmeModule", "_reason": null, "event_type": "SELECTED_RECOGNITION"}
2017-10-20 17:46:51,026 - TdmApplication - DEBUG - FrontendConnectionHandler(id=140064916097360, session='2017-10-20T17_45_42_0'): OK
2017-10-20 17:46:51,027 - TdmApplication - DEBUG - FrontendConnectionHandler(id=140064916097360, session='2017-10-20T17_45_42_0').on_event(Event(FACTS, [], sender=DmeModule, reason=None))
2017-10-20 17:46:51,028 - TdmApplication - DEBUG - FrontendConnectionHandler(id=140064916097360, session='2017-10-20T17_45_42_0'): writing {"content": [], "_sender": "DmeModule", "_reason": null, "event_type": "FACTS"}
2017-10-20 17:46:51,028 - TdmApplication - DEBUG - FrontendConnectionHandler(id=140064916097360, session='2017-10-20T17_45_42_0'): OK
2017-10-20 17:46:51,041 - TdmApplication - DEBUG - FrontendConnectionHandler(id=140064916097360, session='2017-10-20T17_45_42_0').on_event(Event(SYSTEM_UTTERANCE_TO_SPEAK, [So,, You want to know go to step.], sender=GenerateModule, reason=None))
2017-10-20 17:46:51,041 - TdmApplication - DEBUG - FrontendConnectionHandler(id=140064916097360, session='2017-10-20T17_45_42_0'): writing {"content": ["So,", "You want to know go to step."], "_sender": "GenerateModule", "_reason": null, "event_type": "SYSTEM_UTTERANCE_TO_SPEAK"}
2017-10-20 17:46:51,041 - TdmApplication - DEBUG - FrontendConnectionHandler(id=140064916097360, session='2017-10-20T17_45_42_0'): OK
2017-10-20 17:46:51,042 - TdmApplication - DEBUG - FrontendConnectionHandler(id=140064916097360, session='2017-10-20T17_45_42_0').on_event(Event(GUI.POPUP, {options: [{value: answer(yes), title: Yes}, {value: answer(no), title: No}], title: You want to know go to step.}, sender=IndependentGuiBackend, reason=None))
2017-10-20 17:46:51,042 - TdmApplication - DEBUG - FrontendConnectionHandler(id=140064916097360, session='2017-10-20T17_45_42_0'): writing {"content": {"options": [{"value": "answer(yes)", "title": "Yes"}, {"value": "answer(no)", "title": "No"}], "title": "You want to know go to step."}, "_sender": "IndependentGuiBackend", "_reason": null, "event_type": "GUI.POPUP"}
2017-10-20 17:46:51,042 - TdmApplication - DEBUG - FrontendConnectionHandler(id=140064916097360, session='2017-10-20T17_45_42_0'): OK
2017-10-20 17:46:51,043 - TdmApplication - DEBUG - FrontendConnectionHandler(id=140064916097360, session='2017-10-20T17_45_42_0').on_event(Event(MESSAGE_TO_GUI, [<tdm.tdm_gui_protocol.Popup instance at 0x7f63649f0e60>], sender=GuiBackend, reason=None))
2017-10-20 17:46:51,044 - TdmApplication - DEBUG - FrontendConnectionHandler(id=140064916097360, session='2017-10-20T17_45_42_0'): writing {"content": [{"Popup": {"elements": [{"Element": {"name": "move", "title": "", "items": [{"Item": {"attributes": null, "selected": false, "predicted": false, "value": "answer(yes)", "title": "Yes"}}, {"Item": {"attributes": null, "selected": false, "predicted": false, "value": "answer(no)", "title": "No"}}], "format": "", "voice_browsed": false, "value": "", "template": "menu", "type": "list"}}], "title": "You want to know go to step."}}], "_sender": "GuiBackend", "_reason": null, "event_type": "MESSAGE_TO_GUI"}
2017-10-20 17:46:51,044 - TdmApplication - DEBUG - FrontendConnectionHandler(id=140064916097360, session='2017-10-20T17_45_42_0'): OK
2017-10-20 17:46:51,058 - TdmApplication - DEBUG - FrontendConnectionHandler(id=140064916097360, session='2017-10-20T17_45_42_0').on_message({"content": ["So,", "You want to know go to step."], "_sender": "TextOutputComponent", "_reason": null, "event_type": "SYSTEM_UTTERANCE_REALIZED"})
2017-10-20 17:46:51,088 - TdmApplication - DEBUG - FrontendConnectionHandler(id=140064916097360, session='2017-10-20T17_45_42_0').on_event(Event(FACTS, [], sender=DmeModule, reason=None))
2017-10-20 17:46:51,088 - TdmApplication - DEBUG - FrontendConnectionHandler(id=140064916097360, session='2017-10-20T17_45_42_0'): writing {"content": [], "_sender": "DmeModule", "_reason": null, "event_type": "FACTS"}
2017-10-20 17:46:51,089 - TdmApplication - DEBUG - FrontendConnectionHandler(id=140064916097360, session='2017-10-20T17_45_42_0'): OK
2017-10-20 17:48:04,051 - TdmApplication - DEBUG - FrontendConnectionHandler(id=140064916097360, session='2017-10-20T17_45_42_0').on_message({"content": [{"score": 1.0, "utterance": "tell me what to do"}], "_sender": "TextInputComponent", "_reason": null, "event_type": "RECOGNITION"})
2017-10-20 17:48:04,055 - TdmApplication - DEBUG - FrontendConnectionHandler(id=140064916097360, session='2017-10-20T17_45_42_0').on_event(Event(FACTS, [{predicate: go_to_step, grammar_entry: None, value: chose a step}], sender=DmeModule, reason=None))
2017-10-20 17:48:04,055 - TdmApplication - DEBUG - FrontendConnectionHandler(id=140064916097360, session='2017-10-20T17_45_42_0'): writing {"content": [{"predicate": "go_to_step", "grammar_entry": null, "value": "chose a step"}], "_sender": "DmeModule", "_reason": null, "event_type": "FACTS"}
2017-10-20 17:48:04,056 - TdmApplication - DEBUG - FrontendConnectionHandler(id=140064916097360, session='2017-10-20T17_45_42_0'): OK
2017-10-20 17:48:04,065 - TdmApplication - DEBUG - FrontendConnectionHandler(id=140064916097360, session='2017-10-20T17_45_42_0').on_event(Event(STOP_SPEAKING, None, sender=TurnManager, reason=None))
2017-10-20 17:48:04,066 - TdmApplication - DEBUG - FrontendConnectionHandler(id=140064916097360, session='2017-10-20T17_45_42_0'): writing {"content": null, "_sender": "TurnManager", "_reason": null, "event_type": "STOP_SPEAKING"}
2017-10-20 17:48:04,066 - TdmApplication - DEBUG - FrontendConnectionHandler(id=140064916097360, session='2017-10-20T17_45_42_0'): OK
2017-10-20 17:48:04,068 - TdmApplication - DEBUG - FrontendConnectionHandler(id=140064916097360, session='2017-10-20T17_45_42_0').on_event(Event(SYSTEM_UTTERANCE_TO_SPEAK, [Ok chose a step.], sender=GenerateModule, reason=None))
2017-10-20 17:48:04,068 - TdmApplication - DEBUG - FrontendConnectionHandler(id=140064916097360, session='2017-10-20T17_45_42_0'): writing {"content": ["Ok chose a step."], "_sender": "GenerateModule", "_reason": null, "event_type": "SYSTEM_UTTERANCE_TO_SPEAK"}
2017-10-20 17:48:04,068 - TdmApplication - DEBUG - FrontendConnectionHandler(id=140064916097360, session='2017-10-20T17_45_42_0'): OK
2017-10-20 17:48:04,069 - TdmApplication - DEBUG - FrontendConnectionHandler(id=140064916097360, session='2017-10-20T17_45_42_0').on_event(Event(GUI.POPUP, {options: [], title: Ok chose a step.}, sender=IndependentGuiBackend, reason=None))
2017-10-20 17:48:04,069 - TdmApplication - DEBUG - FrontendConnectionHandler(id=140064916097360, session='2017-10-20T17_45_42_0'): writing {"content": {"options": [], "title": "Ok chose a step."}, "_sender": "IndependentGuiBackend", "_reason": null, "event_type": "GUI.POPUP"}
2017-10-20 17:48:04,069 - TdmApplication - DEBUG - FrontendConnectionHandler(id=140064916097360, session='2017-10-20T17_45_42_0'): OK
2017-10-20 17:48:04,070 - TdmApplication - DEBUG - FrontendConnectionHandler(id=140064916097360, session='2017-10-20T17_45_42_0').on_event(Event(MESSAGE_TO_GUI, [<tdm.tdm_gui_protocol.ClosePopup instance at 0x7f6365232050>, <tdm.tdm_gui_protocol.Popup instance at 0x7f63649f0cf8>], sender=GuiBackend, reason=None))
2017-10-20 17:48:04,070 - TdmApplication - DEBUG - FrontendConnectionHandler(id=140064916097360, session='2017-10-20T17_45_42_0'): writing {"content": [{"ClosePopup": {}}, {"Popup": {"elements": [], "title": "Ok chose a step."}}], "_sender": "GuiBackend", "_reason": null, "event_type": "MESSAGE_TO_GUI"}
2017-10-20 17:48:04,070 - TdmApplication - DEBUG - FrontendConnectionHandler(id=140064916097360, session='2017-10-20T17_45_42_0'): OK
2017-10-20 17:48:04,095 - TdmApplication - DEBUG - FrontendConnectionHandler(id=140064916097360, session='2017-10-20T17_45_42_0').on_message({"content": ["Ok chose a step."], "_sender": "TextOutputComponent", "_reason": null, "event_type": "SYSTEM_UTTERANCE_REALIZED"})
2017-10-20 17:48:04,122 - TdmApplication - DEBUG - FrontendConnectionHandler(id=140064916097360, session='2017-10-20T17_45_42_0').on_event(Event(FACTS, [{predicate: go_to_step, grammar_entry: None, value: chose a step}], sender=DmeModule, reason=None))
2017-10-20 17:48:04,122 - TdmApplication - DEBUG - FrontendConnectionHandler(id=140064916097360, session='2017-10-20T17_45_42_0'): writing {"content": [{"predicate": "go_to_step", "grammar_entry": null, "value": "chose a step"}], "_sender": "DmeModule", "_reason": null, "event_type": "FACTS"}
2017-10-20 17:48:04,122 - TdmApplication - DEBUG - FrontendConnectionHandler(id=140064916097360, session='2017-10-20T17_45_42_0'): OK
2017-10-20 17:48:37,015 - TdmApplication - DEBUG - FrontendConnectionHandler(id=140064916097360, session='2017-10-20T17_45_42_0').on_close()
2017-10-20 17:48:37,015 - TdmApplication - DEBUG - SessionManager.stop('2017-10-20T17_45_42_0')
2017-10-20 17:48:37,015 - TdmApplication - DEBUG - TdmApplication.stop(): Stopping HTTP server
2017-10-20 17:48:37,015 - TdmApplication - DEBUG - TdmApplication.stop(): Stopping IO-loop
2017-10-20 17:48:37,016 - TdmApplication - DEBUG - TdmApplication.stop(): Stopping sessions []
