2017-10-20 17:27:10,100 - TdmApplication - DEBUG - DddDb().__init__(name='ddds', default_ddds=[u'recipehelp'])
2017-10-20 17:27:10,100 - TdmApplication - DEBUG - DddDb(): DB file name is '/home/gusmatssar/recipedialogue/tdm/ddds.json'
2017-10-20 17:27:10,111 - TdmApplication - DEBUG - FrontendConnectionHandler(id=139736937863504, session=None).open()
2017-10-20 17:27:10,112 - TdmApplication - DEBUG - thread_manager.create_thread() with threading.active_count()=3
2017-10-20 17:27:10,113 - TdmApplication - DEBUG - thread_manager.create_thread() with threading.active_count()=4
2017-10-20 17:27:10,114 - TdmApplication - DEBUG - FrontendConnectionHandler(id=139736937863504, session=None).on_message({"handshake_content": {"session_id": null, "keep_session_alive": false}, "name": "Frontend"})
2017-10-20 17:27:10,114 - TdmApplication - DEBUG - FrontendConnectionHandler(id=139736937863504, session=None)._register({"handshake_content": {"session_id": null, "keep_session_alive": false}, "name": "Frontend"})
2017-10-20 17:27:10,115 - TdmApplication - DEBUG - Creating backend and session with id 2017-10-20T17_27_10_0.
2017-10-20 17:27:10,149 - TdmApplication - DEBUG - FrontendConnectionHandler._register: Registered in session 2017-10-20T17_27_10_0 with backend <ThreadedBackend(ThreadedBackend, started daemon 139736693864192)>.
2017-10-20 17:27:10,150 - TdmApplication - DEBUG - FrontendConnectionHandler(id=139736937863504, session='2017-10-20T17_27_10_0').on_event(Event(REGISTER_BACKEND, None, sender=Backend, reason=None))
2017-10-20 17:27:10,150 - TdmApplication - DEBUG - FrontendConnectionHandler(id=139736937863504, session='2017-10-20T17_27_10_0'): writing {"content": null, "_sender": "Backend", "_reason": null, "event_type": "REGISTER_BACKEND"}
2017-10-20 17:27:10,150 - TdmApplication - DEBUG - FrontendConnectionHandler(id=139736937863504, session='2017-10-20T17_27_10_0'): OK
2017-10-20 17:27:10,182 - TdmApplication - DEBUG - FrontendConnectionHandler(id=139736937863504, session='2017-10-20T17_27_10_0').on_message({"content": null, "_sender": "Frontend", "_reason": null, "event_type": "FRONTEND_READY"})
2017-10-20 17:27:10,185 - TdmApplication - DEBUG - FrontendConnectionHandler(id=139736937863504, session='2017-10-20T17_27_10_0').on_event(Event(BACKEND_READY, None, sender=Backend, reason=None))
2017-10-20 17:27:10,185 - TdmApplication - DEBUG - FrontendConnectionHandler(id=139736937863504, session='2017-10-20T17_27_10_0'): writing {"content": null, "_sender": "Backend", "_reason": null, "event_type": "BACKEND_READY"}
2017-10-20 17:27:10,185 - TdmApplication - DEBUG - FrontendConnectionHandler(id=139736937863504, session='2017-10-20T17_27_10_0'): OK
2017-10-20 17:27:10,188 - TdmApplication - DEBUG - FrontendConnectionHandler(id=139736937863504, session='2017-10-20T17_27_10_0').on_message({"content": null, "_sender": "Frontend", "_reason": null, "event_type": "START"})
2017-10-20 17:27:10,224 - TdmApplication - DEBUG - FrontendConnectionHandler(id=139736937863504, session='2017-10-20T17_27_10_0').on_event(Event(SET_DDD, {ddd_name: recipehelp, language_code: eng}, sender=DmeModule, reason=None))
2017-10-20 17:27:10,224 - TdmApplication - DEBUG - FrontendConnectionHandler(id=139736937863504, session='2017-10-20T17_27_10_0'): writing {"content": {"ddd_name": "recipehelp", "language_code": "eng"}, "_sender": "DmeModule", "_reason": null, "event_type": "SET_DDD"}
2017-10-20 17:27:10,224 - TdmApplication - DEBUG - FrontendConnectionHandler(id=139736937863504, session='2017-10-20T17_27_10_0'): OK
2017-10-20 17:27:10,225 - TdmApplication - DEBUG - FrontendConnectionHandler(id=139736937863504, session='2017-10-20T17_27_10_0').on_event(Event(FACTS, [], sender=DmeModule, reason=None))
2017-10-20 17:27:10,225 - TdmApplication - DEBUG - FrontendConnectionHandler(id=139736937863504, session='2017-10-20T17_27_10_0'): writing {"content": [], "_sender": "DmeModule", "_reason": null, "event_type": "FACTS"}
2017-10-20 17:27:10,225 - TdmApplication - DEBUG - FrontendConnectionHandler(id=139736937863504, session='2017-10-20T17_27_10_0'): OK
2017-10-20 17:27:10,234 - TdmApplication - DEBUG - FrontendConnectionHandler(id=139736937863504, session='2017-10-20T17_27_10_0').on_event(Event(SYSTEM_UTTERANCE_TO_SPEAK, [, What would you like to do?], sender=GenerateModule, reason=None))
2017-10-20 17:27:10,234 - TdmApplication - DEBUG - FrontendConnectionHandler(id=139736937863504, session='2017-10-20T17_27_10_0'): writing {"content": ["", "What would you like to do?"], "_sender": "GenerateModule", "_reason": null, "event_type": "SYSTEM_UTTERANCE_TO_SPEAK"}
2017-10-20 17:27:10,234 - TdmApplication - DEBUG - FrontendConnectionHandler(id=139736937863504, session='2017-10-20T17_27_10_0'): OK
2017-10-20 17:27:10,234 - TdmApplication - DEBUG - FrontendConnectionHandler(id=139736937863504, session='2017-10-20T17_27_10_0').on_event(Event(MESSAGE_TO_GUI, [], sender=GuiBackend, reason=None))
2017-10-20 17:27:10,235 - TdmApplication - DEBUG - FrontendConnectionHandler(id=139736937863504, session='2017-10-20T17_27_10_0'): writing {"content": [], "_sender": "GuiBackend", "_reason": null, "event_type": "MESSAGE_TO_GUI"}
2017-10-20 17:27:10,235 - TdmApplication - DEBUG - FrontendConnectionHandler(id=139736937863504, session='2017-10-20T17_27_10_0'): OK
2017-10-20 17:27:10,275 - TdmApplication - DEBUG - FrontendConnectionHandler(id=139736937863504, session='2017-10-20T17_27_10_0').on_message({"content": ["", "What would you like to do?"], "_sender": "TextOutputComponent", "_reason": null, "event_type": "SYSTEM_UTTERANCE_REALIZED"})
2017-10-20 17:27:10,295 - TdmApplication - DEBUG - FrontendConnectionHandler(id=139736937863504, session='2017-10-20T17_27_10_0').on_event(Event(FACTS, [], sender=DmeModule, reason=None))
2017-10-20 17:27:10,295 - TdmApplication - DEBUG - FrontendConnectionHandler(id=139736937863504, session='2017-10-20T17_27_10_0'): writing {"content": [], "_sender": "DmeModule", "_reason": null, "event_type": "FACTS"}
2017-10-20 17:27:10,296 - TdmApplication - DEBUG - FrontendConnectionHandler(id=139736937863504, session='2017-10-20T17_27_10_0'): OK
2017-10-20 17:27:14,181 - TdmApplication - DEBUG - FrontendConnectionHandler(id=139736937863504, session='2017-10-20T17_27_10_0').on_message({"content": [{"score": 1.0, "utterance": "go to a step"}], "_sender": "TextInputComponent", "_reason": null, "event_type": "RECOGNITION"})
2017-10-20 17:27:14,190 - TdmApplication - DEBUG - FrontendConnectionHandler(id=139736937863504, session='2017-10-20T17_27_10_0').on_event(Event(STOP_LISTENING, None, sender=TurnManager, reason=None))
2017-10-20 17:27:14,190 - TdmApplication - DEBUG - FrontendConnectionHandler(id=139736937863504, session='2017-10-20T17_27_10_0'): writing {"content": null, "_sender": "TurnManager", "_reason": null, "event_type": "STOP_LISTENING"}
2017-10-20 17:27:14,190 - TdmApplication - DEBUG - FrontendConnectionHandler(id=139736937863504, session='2017-10-20T17_27_10_0'): OK
2017-10-20 17:27:14,263 - TdmApplication - DEBUG - FrontendConnectionHandler(id=139736937863504, session='2017-10-20T17_27_10_0').on_event(Event(SELECTED_RECOGNITION, go to a step, sender=DmeModule, reason=None))
2017-10-20 17:27:14,263 - TdmApplication - DEBUG - FrontendConnectionHandler(id=139736937863504, session='2017-10-20T17_27_10_0'): writing {"content": "go to a step", "_sender": "DmeModule", "_reason": null, "event_type": "SELECTED_RECOGNITION"}
2017-10-20 17:27:14,263 - TdmApplication - DEBUG - FrontendConnectionHandler(id=139736937863504, session='2017-10-20T17_27_10_0'): OK
2017-10-20 17:27:14,264 - TdmApplication - DEBUG - FrontendConnectionHandler(id=139736937863504, session='2017-10-20T17_27_10_0').on_event(Event(FACTS, [], sender=DmeModule, reason=None))
2017-10-20 17:27:14,264 - TdmApplication - DEBUG - FrontendConnectionHandler(id=139736937863504, session='2017-10-20T17_27_10_0'): writing {"content": [], "_sender": "DmeModule", "_reason": null, "event_type": "FACTS"}
2017-10-20 17:27:14,264 - TdmApplication - DEBUG - FrontendConnectionHandler(id=139736937863504, session='2017-10-20T17_27_10_0'): OK
2017-10-20 17:27:14,279 - TdmApplication - DEBUG - FrontendConnectionHandler(id=139736937863504, session='2017-10-20T17_27_10_0').on_event(Event(SYSTEM_UTTERANCE_TO_SPEAK, [, , Which step?], sender=GenerateModule, reason=None))
2017-10-20 17:27:14,280 - TdmApplication - DEBUG - FrontendConnectionHandler(id=139736937863504, session='2017-10-20T17_27_10_0'): writing {"content": ["", "", "Which step?"], "_sender": "GenerateModule", "_reason": null, "event_type": "SYSTEM_UTTERANCE_TO_SPEAK"}
2017-10-20 17:27:14,280 - TdmApplication - DEBUG - FrontendConnectionHandler(id=139736937863504, session='2017-10-20T17_27_10_0'): OK
2017-10-20 17:27:14,281 - TdmApplication - DEBUG - FrontendConnectionHandler(id=139736937863504, session='2017-10-20T17_27_10_0').on_event(Event(MESSAGE_TO_GUI, [], sender=GuiBackend, reason=None))
2017-10-20 17:27:14,282 - TdmApplication - DEBUG - FrontendConnectionHandler(id=139736937863504, session='2017-10-20T17_27_10_0'): writing {"content": [], "_sender": "GuiBackend", "_reason": null, "event_type": "MESSAGE_TO_GUI"}
2017-10-20 17:27:14,282 - TdmApplication - DEBUG - FrontendConnectionHandler(id=139736937863504, session='2017-10-20T17_27_10_0'): OK
2017-10-20 17:27:14,288 - TdmApplication - DEBUG - FrontendConnectionHandler(id=139736937863504, session='2017-10-20T17_27_10_0').on_message({"content": ["", "", "Which step?"], "_sender": "TextOutputComponent", "_reason": null, "event_type": "SYSTEM_UTTERANCE_REALIZED"})
2017-10-20 17:27:14,322 - TdmApplication - DEBUG - FrontendConnectionHandler(id=139736937863504, session='2017-10-20T17_27_10_0').on_event(Event(FACTS, [], sender=DmeModule, reason=None))
2017-10-20 17:27:14,322 - TdmApplication - DEBUG - FrontendConnectionHandler(id=139736937863504, session='2017-10-20T17_27_10_0'): writing {"content": [], "_sender": "DmeModule", "_reason": null, "event_type": "FACTS"}
2017-10-20 17:27:14,323 - TdmApplication - DEBUG - FrontendConnectionHandler(id=139736937863504, session='2017-10-20T17_27_10_0'): OK
2017-10-20 17:27:20,644 - TdmApplication - DEBUG - FrontendConnectionHandler(id=139736937863504, session='2017-10-20T17_27_10_0').on_message({"content": [{"score": 1.0, "utterance": "step one"}], "_sender": "TextInputComponent", "_reason": null, "event_type": "RECOGNITION"})
2017-10-20 17:27:20,648 - TdmApplication - DEBUG - FrontendConnectionHandler(id=139736937863504, session='2017-10-20T17_27_10_0').on_event(Event(STOP_LISTENING, None, sender=TurnManager, reason=None))
2017-10-20 17:27:20,648 - TdmApplication - DEBUG - FrontendConnectionHandler(id=139736937863504, session='2017-10-20T17_27_10_0'): writing {"content": null, "_sender": "TurnManager", "_reason": null, "event_type": "STOP_LISTENING"}
2017-10-20 17:27:20,649 - TdmApplication - DEBUG - FrontendConnectionHandler(id=139736937863504, session='2017-10-20T17_27_10_0'): OK
2017-10-20 17:27:20,731 - TdmApplication - DEBUG - FrontendConnectionHandler(id=139736937863504, session='2017-10-20T17_27_10_0').on_event(Event(SELECTED_RECOGNITION, step one, sender=DmeModule, reason=None))
2017-10-20 17:27:20,731 - TdmApplication - DEBUG - FrontendConnectionHandler(id=139736937863504, session='2017-10-20T17_27_10_0'): writing {"content": "step one", "_sender": "DmeModule", "_reason": null, "event_type": "SELECTED_RECOGNITION"}
2017-10-20 17:27:20,731 - TdmApplication - DEBUG - FrontendConnectionHandler(id=139736937863504, session='2017-10-20T17_27_10_0'): OK
2017-10-20 17:27:20,732 - TdmApplication - DEBUG - FrontendConnectionHandler(id=139736937863504, session='2017-10-20T17_27_10_0').on_event(Event(FACTS, [{predicate: go_to_step, grammar_entry: None, value:  Step one: Chop onions and garlic.}], sender=DmeModule, reason=None))
2017-10-20 17:27:20,732 - TdmApplication - DEBUG - FrontendConnectionHandler(id=139736937863504, session='2017-10-20T17_27_10_0'): writing {"content": [{"predicate": "go_to_step", "grammar_entry": null, "value": " Step one: Chop onions and garlic."}], "_sender": "DmeModule", "_reason": null, "event_type": "FACTS"}
2017-10-20 17:27:20,732 - TdmApplication - DEBUG - FrontendConnectionHandler(id=139736937863504, session='2017-10-20T17_27_10_0'): OK
2017-10-20 17:27:20,743 - TdmApplication - DEBUG - FrontendConnectionHandler(id=139736937863504, session='2017-10-20T17_27_10_0').on_event(Event(SYSTEM_UTTERANCE_TO_SPEAK, [Ok  Step one: Chop onions and garlic..], sender=GenerateModule, reason=None))
2017-10-20 17:27:20,743 - TdmApplication - DEBUG - FrontendConnectionHandler(id=139736937863504, session='2017-10-20T17_27_10_0'): writing {"content": ["Ok  Step one: Chop onions and garlic.."], "_sender": "GenerateModule", "_reason": null, "event_type": "SYSTEM_UTTERANCE_TO_SPEAK"}
2017-10-20 17:27:20,743 - TdmApplication - DEBUG - FrontendConnectionHandler(id=139736937863504, session='2017-10-20T17_27_10_0'): OK
2017-10-20 17:27:20,744 - TdmApplication - DEBUG - FrontendConnectionHandler(id=139736937863504, session='2017-10-20T17_27_10_0').on_event(Event(GUI.POPUP, {options: [], title: Ok  Step one: Chop onions and garlic..}, sender=IndependentGuiBackend, reason=None))
2017-10-20 17:27:20,744 - TdmApplication - DEBUG - FrontendConnectionHandler(id=139736937863504, session='2017-10-20T17_27_10_0'): writing {"content": {"options": [], "title": "Ok  Step one: Chop onions and garlic.."}, "_sender": "IndependentGuiBackend", "_reason": null, "event_type": "GUI.POPUP"}
2017-10-20 17:27:20,744 - TdmApplication - DEBUG - FrontendConnectionHandler(id=139736937863504, session='2017-10-20T17_27_10_0'): OK
2017-10-20 17:27:20,745 - TdmApplication - DEBUG - FrontendConnectionHandler(id=139736937863504, session='2017-10-20T17_27_10_0').on_event(Event(MESSAGE_TO_GUI, [<tdm.tdm_gui_protocol.Popup instance at 0x7f17081a70e0>], sender=GuiBackend, reason=None))
2017-10-20 17:27:20,745 - TdmApplication - DEBUG - FrontendConnectionHandler(id=139736937863504, session='2017-10-20T17_27_10_0'): writing {"content": [{"Popup": {"elements": [], "title": "Ok  Step one: Chop onions and garlic.."}}], "_sender": "GuiBackend", "_reason": null, "event_type": "MESSAGE_TO_GUI"}
2017-10-20 17:27:20,746 - TdmApplication - DEBUG - FrontendConnectionHandler(id=139736937863504, session='2017-10-20T17_27_10_0'): OK
2017-10-20 17:27:20,749 - TdmApplication - DEBUG - FrontendConnectionHandler(id=139736937863504, session='2017-10-20T17_27_10_0').on_message({"content": ["Ok  Step one: Chop onions and garlic.."], "_sender": "TextOutputComponent", "_reason": null, "event_type": "SYSTEM_UTTERANCE_REALIZED"})
2017-10-20 17:27:20,777 - TdmApplication - DEBUG - FrontendConnectionHandler(id=139736937863504, session='2017-10-20T17_27_10_0').on_event(Event(FACTS, [{predicate: go_to_step, grammar_entry: None, value:  Step one: Chop onions and garlic.}], sender=DmeModule, reason=None))
2017-10-20 17:27:20,778 - TdmApplication - DEBUG - FrontendConnectionHandler(id=139736937863504, session='2017-10-20T17_27_10_0'): writing {"content": [{"predicate": "go_to_step", "grammar_entry": null, "value": " Step one: Chop onions and garlic."}], "_sender": "DmeModule", "_reason": null, "event_type": "FACTS"}
2017-10-20 17:27:20,778 - TdmApplication - DEBUG - FrontendConnectionHandler(id=139736937863504, session='2017-10-20T17_27_10_0'): OK
2017-10-20 17:27:23,825 - TdmApplication - DEBUG - FrontendConnectionHandler(id=139736937863504, session='2017-10-20T17_27_10_0').on_message({"content": [{"score": 1.0, "utterance": "go to next"}], "_sender": "TextInputComponent", "_reason": null, "event_type": "RECOGNITION"})
2017-10-20 17:27:23,830 - TdmApplication - DEBUG - FrontendConnectionHandler(id=139736937863504, session='2017-10-20T17_27_10_0').on_event(Event(FACTS, [], sender=DmeModule, reason=None))
2017-10-20 17:27:23,830 - TdmApplication - DEBUG - FrontendConnectionHandler(id=139736937863504, session='2017-10-20T17_27_10_0'): writing {"content": [], "_sender": "DmeModule", "_reason": null, "event_type": "FACTS"}
2017-10-20 17:27:23,830 - TdmApplication - DEBUG - FrontendConnectionHandler(id=139736937863504, session='2017-10-20T17_27_10_0'): OK
2017-10-20 17:27:23,839 - TdmApplication - DEBUG - FrontendConnectionHandler(id=139736937863504, session='2017-10-20T17_27_10_0').on_event(Event(STOP_SPEAKING, None, sender=TurnManager, reason=None))
2017-10-20 17:27:23,839 - TdmApplication - DEBUG - FrontendConnectionHandler(id=139736937863504, session='2017-10-20T17_27_10_0'): writing {"content": null, "_sender": "TurnManager", "_reason": null, "event_type": "STOP_SPEAKING"}
2017-10-20 17:27:23,839 - TdmApplication - DEBUG - FrontendConnectionHandler(id=139736937863504, session='2017-10-20T17_27_10_0'): OK
2017-10-20 17:27:23,840 - TdmApplication - DEBUG - FrontendConnectionHandler(id=139736937863504, session='2017-10-20T17_27_10_0').on_event(Event(SYSTEM_UTTERANCE_TO_SPEAK, [Returning to the start view., What would you like to do?], sender=GenerateModule, reason=None))
2017-10-20 17:27:23,840 - TdmApplication - DEBUG - FrontendConnectionHandler(id=139736937863504, session='2017-10-20T17_27_10_0'): writing {"content": ["Returning to the start view.", "What would you like to do?"], "_sender": "GenerateModule", "_reason": null, "event_type": "SYSTEM_UTTERANCE_TO_SPEAK"}
2017-10-20 17:27:23,841 - TdmApplication - DEBUG - FrontendConnectionHandler(id=139736937863504, session='2017-10-20T17_27_10_0'): OK
2017-10-20 17:27:23,842 - TdmApplication - DEBUG - FrontendConnectionHandler(id=139736937863504, session='2017-10-20T17_27_10_0').on_event(Event(MESSAGE_TO_GUI, [<tdm.tdm_gui_protocol.ClosePopup instance at 0x7f17081a5bd8>], sender=GuiBackend, reason=None))
2017-10-20 17:27:23,842 - TdmApplication - DEBUG - FrontendConnectionHandler(id=139736937863504, session='2017-10-20T17_27_10_0'): writing {"content": [{"ClosePopup": {}}], "_sender": "GuiBackend", "_reason": null, "event_type": "MESSAGE_TO_GUI"}
2017-10-20 17:27:23,842 - TdmApplication - DEBUG - FrontendConnectionHandler(id=139736937863504, session='2017-10-20T17_27_10_0'): OK
2017-10-20 17:27:23,865 - TdmApplication - DEBUG - FrontendConnectionHandler(id=139736937863504, session='2017-10-20T17_27_10_0').on_message({"content": ["Returning to the start view.", "What would you like to do?"], "_sender": "TextOutputComponent", "_reason": null, "event_type": "SYSTEM_UTTERANCE_REALIZED"})
2017-10-20 17:27:23,889 - TdmApplication - DEBUG - FrontendConnectionHandler(id=139736937863504, session='2017-10-20T17_27_10_0').on_event(Event(FACTS, [], sender=DmeModule, reason=None))
2017-10-20 17:27:23,890 - TdmApplication - DEBUG - FrontendConnectionHandler(id=139736937863504, session='2017-10-20T17_27_10_0'): writing {"content": [], "_sender": "DmeModule", "_reason": null, "event_type": "FACTS"}
2017-10-20 17:27:23,890 - TdmApplication - DEBUG - FrontendConnectionHandler(id=139736937863504, session='2017-10-20T17_27_10_0'): OK
2017-10-20 17:27:23,959 - TdmApplication - DEBUG - FrontendConnectionHandler(id=139736937863504, session='2017-10-20T17_27_10_0').on_event(Event(SELECTED_RECOGNITION, go to next, sender=DmeModule, reason=None))
2017-10-20 17:27:23,960 - TdmApplication - DEBUG - FrontendConnectionHandler(id=139736937863504, session='2017-10-20T17_27_10_0'): writing {"content": "go to next", "_sender": "DmeModule", "_reason": null, "event_type": "SELECTED_RECOGNITION"}
2017-10-20 17:27:23,960 - TdmApplication - DEBUG - FrontendConnectionHandler(id=139736937863504, session='2017-10-20T17_27_10_0'): OK
2017-10-20 17:27:23,960 - TdmApplication - DEBUG - FrontendConnectionHandler(id=139736937863504, session='2017-10-20T17_27_10_0').on_event(Event(FACTS, [], sender=DmeModule, reason=None))
2017-10-20 17:27:23,961 - TdmApplication - DEBUG - FrontendConnectionHandler(id=139736937863504, session='2017-10-20T17_27_10_0'): writing {"content": [], "_sender": "DmeModule", "_reason": null, "event_type": "FACTS"}
2017-10-20 17:27:23,961 - TdmApplication - DEBUG - FrontendConnectionHandler(id=139736937863504, session='2017-10-20T17_27_10_0'): OK
2017-10-20 17:27:23,971 - TdmApplication - DEBUG - FrontendConnectionHandler(id=139736937863504, session='2017-10-20T17_27_10_0').on_event(Event(SYSTEM_UTTERANCE_TO_SPEAK, [, Went to next], sender=GenerateModule, reason=None))
2017-10-20 17:27:23,971 - TdmApplication - DEBUG - FrontendConnectionHandler(id=139736937863504, session='2017-10-20T17_27_10_0'): writing {"content": ["", "Went to next"], "_sender": "GenerateModule", "_reason": null, "event_type": "SYSTEM_UTTERANCE_TO_SPEAK"}
2017-10-20 17:27:23,971 - TdmApplication - DEBUG - FrontendConnectionHandler(id=139736937863504, session='2017-10-20T17_27_10_0'): OK
2017-10-20 17:27:23,972 - TdmApplication - DEBUG - FrontendConnectionHandler(id=139736937863504, session='2017-10-20T17_27_10_0').on_event(Event(GUI.POPUP, {options: [], title: Went to next}, sender=IndependentGuiBackend, reason=None))
2017-10-20 17:27:23,972 - TdmApplication - DEBUG - FrontendConnectionHandler(id=139736937863504, session='2017-10-20T17_27_10_0'): writing {"content": {"options": [], "title": "Went to next"}, "_sender": "IndependentGuiBackend", "_reason": null, "event_type": "GUI.POPUP"}
2017-10-20 17:27:23,972 - TdmApplication - DEBUG - FrontendConnectionHandler(id=139736937863504, session='2017-10-20T17_27_10_0'): OK
2017-10-20 17:27:23,973 - TdmApplication - DEBUG - FrontendConnectionHandler(id=139736937863504, session='2017-10-20T17_27_10_0').on_event(Event(MESSAGE_TO_GUI, [<tdm.tdm_gui_protocol.DeviceResult instance at 0x7f17081a5518>, <tdm.tdm_gui_protocol.Popup instance at 0x7f1708179bd8>], sender=GuiBackend, reason=None))
2017-10-20 17:27:23,974 - TdmApplication - DEBUG - FrontendConnectionHandler(id=139736937863504, session='2017-10-20T17_27_10_0'): writing {"content": [{"DeviceResult": {"action": "go_to_next", "result": true, "arguments": {}, "failure_reason": null}}, {"Popup": {"elements": [], "title": "Went to next"}}], "_sender": "GuiBackend", "_reason": null, "event_type": "MESSAGE_TO_GUI"}
2017-10-20 17:27:23,974 - TdmApplication - DEBUG - FrontendConnectionHandler(id=139736937863504, session='2017-10-20T17_27_10_0'): OK
2017-10-20 17:27:23,986 - TdmApplication - DEBUG - FrontendConnectionHandler(id=139736937863504, session='2017-10-20T17_27_10_0').on_message({"content": ["", "Went to next"], "_sender": "TextOutputComponent", "_reason": null, "event_type": "SYSTEM_UTTERANCE_REALIZED"})
2017-10-20 17:27:24,041 - TdmApplication - DEBUG - FrontendConnectionHandler(id=139736937863504, session='2017-10-20T17_27_10_0').on_event(Event(FACTS, [], sender=DmeModule, reason=None))
2017-10-20 17:27:24,041 - TdmApplication - DEBUG - FrontendConnectionHandler(id=139736937863504, session='2017-10-20T17_27_10_0'): writing {"content": [], "_sender": "DmeModule", "_reason": null, "event_type": "FACTS"}
2017-10-20 17:27:24,041 - TdmApplication - DEBUG - FrontendConnectionHandler(id=139736937863504, session='2017-10-20T17_27_10_0'): OK
2017-10-20 17:27:24,051 - TdmApplication - DEBUG - FrontendConnectionHandler(id=139736937863504, session='2017-10-20T17_27_10_0').on_event(Event(SYSTEM_UTTERANCE_TO_SPEAK, [, Are you done?], sender=GenerateModule, reason=None))
2017-10-20 17:27:24,051 - TdmApplication - DEBUG - FrontendConnectionHandler(id=139736937863504, session='2017-10-20T17_27_10_0'): writing {"content": ["", "Are you done?"], "_sender": "GenerateModule", "_reason": null, "event_type": "SYSTEM_UTTERANCE_TO_SPEAK"}
2017-10-20 17:27:24,051 - TdmApplication - DEBUG - FrontendConnectionHandler(id=139736937863504, session='2017-10-20T17_27_10_0'): OK
2017-10-20 17:27:24,051 - TdmApplication - DEBUG - FrontendConnectionHandler(id=139736937863504, session='2017-10-20T17_27_10_0').on_event(Event(MESSAGE_TO_GUI, [<tdm.tdm_gui_protocol.ClosePopup instance at 0x7f17081a75f0>], sender=GuiBackend, reason=None))
2017-10-20 17:27:24,052 - TdmApplication - DEBUG - FrontendConnectionHandler(id=139736937863504, session='2017-10-20T17_27_10_0'): writing {"content": [{"ClosePopup": {}}], "_sender": "GuiBackend", "_reason": null, "event_type": "MESSAGE_TO_GUI"}
2017-10-20 17:27:24,052 - TdmApplication - DEBUG - FrontendConnectionHandler(id=139736937863504, session='2017-10-20T17_27_10_0'): OK
2017-10-20 17:27:24,092 - TdmApplication - DEBUG - FrontendConnectionHandler(id=139736937863504, session='2017-10-20T17_27_10_0').on_message({"content": ["", "Are you done?"], "_sender": "TextOutputComponent", "_reason": null, "event_type": "SYSTEM_UTTERANCE_REALIZED"})
2017-10-20 17:27:24,118 - TdmApplication - DEBUG - FrontendConnectionHandler(id=139736937863504, session='2017-10-20T17_27_10_0').on_event(Event(FACTS, [], sender=DmeModule, reason=None))
2017-10-20 17:27:24,119 - TdmApplication - DEBUG - FrontendConnectionHandler(id=139736937863504, session='2017-10-20T17_27_10_0'): writing {"content": [], "_sender": "DmeModule", "_reason": null, "event_type": "FACTS"}
2017-10-20 17:27:24,119 - TdmApplication - DEBUG - FrontendConnectionHandler(id=139736937863504, session='2017-10-20T17_27_10_0'): OK
2017-10-20 17:27:32,613 - TdmApplication - DEBUG - FrontendConnectionHandler(id=139736937863504, session='2017-10-20T17_27_10_0').on_message({"content": [{"score": 1.0, "utterance": "yes"}], "_sender": "TextInputComponent", "_reason": null, "event_type": "RECOGNITION"})
2017-10-20 17:27:32,618 - TdmApplication - DEBUG - FrontendConnectionHandler(id=139736937863504, session='2017-10-20T17_27_10_0').on_event(Event(STOP_LISTENING, None, sender=TurnManager, reason=None))
2017-10-20 17:27:32,618 - TdmApplication - DEBUG - FrontendConnectionHandler(id=139736937863504, session='2017-10-20T17_27_10_0'): writing {"content": null, "_sender": "TurnManager", "_reason": null, "event_type": "STOP_LISTENING"}
2017-10-20 17:27:32,618 - TdmApplication - DEBUG - FrontendConnectionHandler(id=139736937863504, session='2017-10-20T17_27_10_0'): OK
2017-10-20 17:39:35,199 - TdmApplication - DEBUG - FrontendConnectionHandler(id=139736937863504, session='2017-10-20T17_27_10_0').on_message({"content": [{"score": 1.0, "utterance": "\u001b[A"}], "_sender": "TextInputComponent", "_reason": null, "event_type": "RECOGNITION"})
2017-10-20 17:39:36,641 - TdmApplication - DEBUG - FrontendConnectionHandler(id=139736937863504, session='2017-10-20T17_27_10_0').on_close()
2017-10-20 17:39:36,642 - TdmApplication - DEBUG - SessionManager.stop('2017-10-20T17_27_10_0')
2017-10-20 17:39:36,644 - TdmApplication - DEBUG - TdmApplication.stop(): Stopping HTTP server
2017-10-20 17:39:36,644 - TdmApplication - DEBUG - TdmApplication.stop(): Stopping IO-loop
2017-10-20 17:39:36,645 - TdmApplication - DEBUG - TdmApplication.stop(): Stopping sessions []
