2017-10-19 17:08:14,475 - TdmApplication - DEBUG - DddDb().__init__(name='ddds', default_ddds=[u'recipehelp'])
2017-10-19 17:08:14,475 - TdmApplication - DEBUG - DddDb(): DB file name is '/home/gusmatssar/recipedialogue/tdm/ddds.json'
2017-10-19 17:08:14,486 - TdmApplication - DEBUG - FrontendConnectionHandler(id=140045187279184, session=None).open()
2017-10-19 17:08:14,488 - TdmApplication - DEBUG - thread_manager.create_thread() with threading.active_count()=3
2017-10-19 17:08:14,488 - TdmApplication - DEBUG - FrontendConnectionHandler(id=140045187279184, session=None).on_message({"handshake_content": {"session_id": null, "keep_session_alive": false}, "name": "Frontend"})
2017-10-19 17:08:14,489 - TdmApplication - DEBUG - thread_manager.create_thread() with threading.active_count()=4
2017-10-19 17:08:14,489 - TdmApplication - DEBUG - FrontendConnectionHandler(id=140045187279184, session=None)._register({"handshake_content": {"session_id": null, "keep_session_alive": false}, "name": "Frontend"})
2017-10-19 17:08:14,490 - TdmApplication - DEBUG - Creating backend and session with id 2017-10-19T17_08_14_0.
2017-10-19 17:08:14,525 - TdmApplication - DEBUG - FrontendConnectionHandler._register: Registered in session 2017-10-19T17_08_14_0 with backend <ThreadedBackend(ThreadedBackend, started daemon 140045146253056)>.
2017-10-19 17:08:14,525 - TdmApplication - DEBUG - FrontendConnectionHandler(id=140045187279184, session='2017-10-19T17_08_14_0').on_event(Event(REGISTER_BACKEND, None, sender=Backend, reason=None))
2017-10-19 17:08:14,525 - TdmApplication - DEBUG - FrontendConnectionHandler(id=140045187279184, session='2017-10-19T17_08_14_0'): writing {"content": null, "_sender": "Backend", "_reason": null, "event_type": "REGISTER_BACKEND"}
2017-10-19 17:08:14,526 - TdmApplication - DEBUG - FrontendConnectionHandler(id=140045187279184, session='2017-10-19T17_08_14_0'): OK
2017-10-19 17:08:14,539 - TdmApplication - DEBUG - FrontendConnectionHandler(id=140045187279184, session='2017-10-19T17_08_14_0').on_message({"content": null, "_sender": "Frontend", "_reason": null, "event_type": "FRONTEND_READY"})
2017-10-19 17:08:14,541 - TdmApplication - DEBUG - FrontendConnectionHandler(id=140045187279184, session='2017-10-19T17_08_14_0').on_event(Event(BACKEND_READY, None, sender=Backend, reason=None))
2017-10-19 17:08:14,541 - TdmApplication - DEBUG - FrontendConnectionHandler(id=140045187279184, session='2017-10-19T17_08_14_0'): writing {"content": null, "_sender": "Backend", "_reason": null, "event_type": "BACKEND_READY"}
2017-10-19 17:08:14,541 - TdmApplication - DEBUG - FrontendConnectionHandler(id=140045187279184, session='2017-10-19T17_08_14_0'): OK
2017-10-19 17:08:14,543 - TdmApplication - DEBUG - FrontendConnectionHandler(id=140045187279184, session='2017-10-19T17_08_14_0').on_message({"content": null, "_sender": "Frontend", "_reason": null, "event_type": "START"})
2017-10-19 17:08:14,576 - TdmApplication - DEBUG - FrontendConnectionHandler(id=140045187279184, session='2017-10-19T17_08_14_0').on_event(Event(SET_DDD, {ddd_name: recipehelp, language_code: eng}, sender=DmeModule, reason=None))
2017-10-19 17:08:14,576 - TdmApplication - DEBUG - FrontendConnectionHandler(id=140045187279184, session='2017-10-19T17_08_14_0'): writing {"content": {"ddd_name": "recipehelp", "language_code": "eng"}, "_sender": "DmeModule", "_reason": null, "event_type": "SET_DDD"}
2017-10-19 17:08:14,577 - TdmApplication - DEBUG - FrontendConnectionHandler(id=140045187279184, session='2017-10-19T17_08_14_0'): OK
2017-10-19 17:08:14,578 - TdmApplication - DEBUG - FrontendConnectionHandler(id=140045187279184, session='2017-10-19T17_08_14_0').on_event(Event(FACTS, [], sender=DmeModule, reason=None))
2017-10-19 17:08:14,578 - TdmApplication - DEBUG - FrontendConnectionHandler(id=140045187279184, session='2017-10-19T17_08_14_0'): writing {"content": [], "_sender": "DmeModule", "_reason": null, "event_type": "FACTS"}
2017-10-19 17:08:14,579 - TdmApplication - DEBUG - FrontendConnectionHandler(id=140045187279184, session='2017-10-19T17_08_14_0'): OK
2017-10-19 17:08:14,592 - TdmApplication - DEBUG - FrontendConnectionHandler(id=140045187279184, session='2017-10-19T17_08_14_0').on_event(Event(SYSTEM_UTTERANCE_TO_SPEAK, [Do you want to know go to step?], sender=GenerateModule, reason=None))
2017-10-19 17:08:14,592 - TdmApplication - DEBUG - FrontendConnectionHandler(id=140045187279184, session='2017-10-19T17_08_14_0'): writing {"content": ["Do you want to know go to step?"], "_sender": "GenerateModule", "_reason": null, "event_type": "SYSTEM_UTTERANCE_TO_SPEAK"}
2017-10-19 17:08:14,592 - TdmApplication - DEBUG - FrontendConnectionHandler(id=140045187279184, session='2017-10-19T17_08_14_0'): OK
2017-10-19 17:08:14,593 - TdmApplication - DEBUG - FrontendConnectionHandler(id=140045187279184, session='2017-10-19T17_08_14_0').on_event(Event(MESSAGE_TO_GUI, [<tdm.tdm_gui_protocol.Screen instance at 0x7f5ecd35bdd0>], sender=GuiBackend, reason=None))
2017-10-19 17:08:14,593 - TdmApplication - DEBUG - FrontendConnectionHandler(id=140045187279184, session='2017-10-19T17_08_14_0'): writing {"content": [{"Screen": {"elements": [{"Element": {"name": "move", "title": "", "items": [{"Item": {"attributes": null, "selected": false, "predicted": false, "value": "ask(?X.go_to_step(X))", "title": "Go to step?"}}], "format": "", "voice_browsed": false, "value": "", "template": "menu", "type": "list"}}], "name": "top", "title": "The start view"}}], "_sender": "GuiBackend", "_reason": null, "event_type": "MESSAGE_TO_GUI"}
2017-10-19 17:08:14,593 - TdmApplication - DEBUG - FrontendConnectionHandler(id=140045187279184, session='2017-10-19T17_08_14_0'): OK
2017-10-19 17:08:14,654 - TdmApplication - DEBUG - FrontendConnectionHandler(id=140045187279184, session='2017-10-19T17_08_14_0').on_message({"content": ["Do you want to know go to step?"], "_sender": "TextOutputComponent", "_reason": null, "event_type": "SYSTEM_UTTERANCE_REALIZED"})
2017-10-19 17:08:14,677 - TdmApplication - DEBUG - FrontendConnectionHandler(id=140045187279184, session='2017-10-19T17_08_14_0').on_event(Event(FACTS, [], sender=DmeModule, reason=None))
2017-10-19 17:08:14,677 - TdmApplication - DEBUG - FrontendConnectionHandler(id=140045187279184, session='2017-10-19T17_08_14_0'): writing {"content": [], "_sender": "DmeModule", "_reason": null, "event_type": "FACTS"}
2017-10-19 17:08:14,677 - TdmApplication - DEBUG - FrontendConnectionHandler(id=140045187279184, session='2017-10-19T17_08_14_0'): OK
2017-10-19 17:10:56,475 - TdmApplication - DEBUG - FrontendConnectionHandler(id=140045187279184, session='2017-10-19T17_08_14_0').on_message({"content": [{"score": 1.0, "utterance": "go to a step"}], "_sender": "TextInputComponent", "_reason": null, "event_type": "RECOGNITION"})
2017-10-19 17:10:56,483 - TdmApplication - DEBUG - FrontendConnectionHandler(id=140045187279184, session='2017-10-19T17_08_14_0').on_event(Event(STOP_LISTENING, None, sender=TurnManager, reason=None))
2017-10-19 17:10:56,483 - TdmApplication - DEBUG - FrontendConnectionHandler(id=140045187279184, session='2017-10-19T17_08_14_0'): writing {"content": null, "_sender": "TurnManager", "_reason": null, "event_type": "STOP_LISTENING"}
2017-10-19 17:10:56,483 - TdmApplication - DEBUG - FrontendConnectionHandler(id=140045187279184, session='2017-10-19T17_08_14_0'): OK
2017-10-19 17:10:56,564 - TdmApplication - DEBUG - FrontendConnectionHandler(id=140045187279184, session='2017-10-19T17_08_14_0').on_event(Event(SELECTED_RECOGNITION, go to a step, sender=DmeModule, reason=None))
2017-10-19 17:10:56,564 - TdmApplication - DEBUG - FrontendConnectionHandler(id=140045187279184, session='2017-10-19T17_08_14_0'): writing {"content": "go to a step", "_sender": "DmeModule", "_reason": null, "event_type": "SELECTED_RECOGNITION"}
2017-10-19 17:10:56,564 - TdmApplication - DEBUG - FrontendConnectionHandler(id=140045187279184, session='2017-10-19T17_08_14_0'): OK
2017-10-19 17:10:56,565 - TdmApplication - DEBUG - FrontendConnectionHandler(id=140045187279184, session='2017-10-19T17_08_14_0').on_event(Event(FACTS, [], sender=DmeModule, reason=None))
2017-10-19 17:10:56,565 - TdmApplication - DEBUG - FrontendConnectionHandler(id=140045187279184, session='2017-10-19T17_08_14_0'): writing {"content": [], "_sender": "DmeModule", "_reason": null, "event_type": "FACTS"}
2017-10-19 17:10:56,566 - TdmApplication - DEBUG - FrontendConnectionHandler(id=140045187279184, session='2017-10-19T17_08_14_0'): OK
2017-10-19 17:10:56,576 - TdmApplication - DEBUG - FrontendConnectionHandler(id=140045187279184, session='2017-10-19T17_08_14_0').on_event(Event(SYSTEM_UTTERANCE_TO_SPEAK, [, , Which step?], sender=GenerateModule, reason=None))
2017-10-19 17:10:56,577 - TdmApplication - DEBUG - FrontendConnectionHandler(id=140045187279184, session='2017-10-19T17_08_14_0'): writing {"content": ["", "", "Which step?"], "_sender": "GenerateModule", "_reason": null, "event_type": "SYSTEM_UTTERANCE_TO_SPEAK"}
2017-10-19 17:10:56,577 - TdmApplication - DEBUG - FrontendConnectionHandler(id=140045187279184, session='2017-10-19T17_08_14_0'): OK
2017-10-19 17:10:56,577 - TdmApplication - DEBUG - FrontendConnectionHandler(id=140045187279184, session='2017-10-19T17_08_14_0').on_event(Event(MESSAGE_TO_GUI, [], sender=GuiBackend, reason=None))
2017-10-19 17:10:56,578 - TdmApplication - DEBUG - FrontendConnectionHandler(id=140045187279184, session='2017-10-19T17_08_14_0'): writing {"content": [], "_sender": "GuiBackend", "_reason": null, "event_type": "MESSAGE_TO_GUI"}
2017-10-19 17:10:56,578 - TdmApplication - DEBUG - FrontendConnectionHandler(id=140045187279184, session='2017-10-19T17_08_14_0'): OK
2017-10-19 17:10:56,596 - TdmApplication - DEBUG - FrontendConnectionHandler(id=140045187279184, session='2017-10-19T17_08_14_0').on_message({"content": ["", "", "Which step?"], "_sender": "TextOutputComponent", "_reason": null, "event_type": "SYSTEM_UTTERANCE_REALIZED"})
2017-10-19 17:10:56,630 - TdmApplication - DEBUG - FrontendConnectionHandler(id=140045187279184, session='2017-10-19T17_08_14_0').on_event(Event(FACTS, [], sender=DmeModule, reason=None))
2017-10-19 17:10:56,630 - TdmApplication - DEBUG - FrontendConnectionHandler(id=140045187279184, session='2017-10-19T17_08_14_0'): writing {"content": [], "_sender": "DmeModule", "_reason": null, "event_type": "FACTS"}
2017-10-19 17:10:56,631 - TdmApplication - DEBUG - FrontendConnectionHandler(id=140045187279184, session='2017-10-19T17_08_14_0'): OK
2017-10-19 17:11:11,675 - TdmApplication - DEBUG - FrontendConnectionHandler(id=140045187279184, session='2017-10-19T17_08_14_0').on_message({"content": [{"score": 1.0, "utterance": "step one"}], "_sender": "TextInputComponent", "_reason": null, "event_type": "RECOGNITION"})
2017-10-19 17:11:11,680 - TdmApplication - DEBUG - FrontendConnectionHandler(id=140045187279184, session='2017-10-19T17_08_14_0').on_event(Event(STOP_LISTENING, None, sender=TurnManager, reason=None))
2017-10-19 17:11:11,680 - TdmApplication - DEBUG - FrontendConnectionHandler(id=140045187279184, session='2017-10-19T17_08_14_0'): writing {"content": null, "_sender": "TurnManager", "_reason": null, "event_type": "STOP_LISTENING"}
2017-10-19 17:11:11,680 - TdmApplication - DEBUG - FrontendConnectionHandler(id=140045187279184, session='2017-10-19T17_08_14_0'): OK
2017-10-19 17:15:25,814 - TdmApplication - DEBUG - FrontendConnectionHandler(id=140045187279184, session='2017-10-19T17_08_14_0').on_close()
2017-10-19 17:15:25,814 - TdmApplication - DEBUG - SessionManager.stop('2017-10-19T17_08_14_0')
2017-10-19 17:15:25,815 - TdmApplication - DEBUG - TdmApplication.stop(): Stopping HTTP server
2017-10-19 17:15:25,815 - TdmApplication - DEBUG - TdmApplication.stop(): Stopping IO-loop
2017-10-19 17:15:25,815 - TdmApplication - DEBUG - TdmApplication.stop(): Stopping sessions []
