2017-10-24 12:18:34,618 - TdmApplication - DEBUG - DddDb().__init__(name='ddds', default_ddds=[u'recipehelp'])
2017-10-24 12:18:34,618 - TdmApplication - DEBUG - DddDb(): DB file name is '/home/gusmatssar/recipedialogue/tdm/ddds.json'
2017-10-24 12:18:34,627 - TdmApplication - DEBUG - FrontendConnectionHandler(id=139665543276944, session=None).open()
2017-10-24 12:18:34,629 - TdmApplication - DEBUG - thread_manager.create_thread() with threading.active_count()=3
2017-10-24 12:18:34,630 - TdmApplication - DEBUG - FrontendConnectionHandler(id=139665543276944, session=None).on_message({"handshake_content": {"session_id": null, "keep_session_alive": false}, "name": "Frontend"})
2017-10-24 12:18:34,630 - TdmApplication - DEBUG - FrontendConnectionHandler(id=139665543276944, session=None)._register({"handshake_content": {"session_id": null, "keep_session_alive": false}, "name": "Frontend"})
2017-10-24 12:18:34,630 - TdmApplication - DEBUG - thread_manager.create_thread() with threading.active_count()=4
2017-10-24 12:18:34,632 - TdmApplication - DEBUG - Creating backend and session with id 2017-10-24T12_18_34_0.
2017-10-24 12:18:34,672 - TdmApplication - DEBUG - FrontendConnectionHandler._register: Registered in session 2017-10-24T12_18_34_0 with backend <ThreadedBackend(ThreadedBackend, started daemon 139665502250752)>.
2017-10-24 12:18:34,674 - TdmApplication - DEBUG - FrontendConnectionHandler(id=139665543276944, session='2017-10-24T12_18_34_0').on_event(Event(REGISTER_BACKEND, None, sender=Backend, reason=None))
2017-10-24 12:18:34,674 - TdmApplication - DEBUG - FrontendConnectionHandler(id=139665543276944, session='2017-10-24T12_18_34_0'): writing {"content": null, "_sender": "Backend", "_reason": null, "event_type": "REGISTER_BACKEND"}
2017-10-24 12:18:34,674 - TdmApplication - DEBUG - FrontendConnectionHandler(id=139665543276944, session='2017-10-24T12_18_34_0'): OK
2017-10-24 12:18:34,703 - TdmApplication - DEBUG - FrontendConnectionHandler(id=139665543276944, session='2017-10-24T12_18_34_0').on_message({"content": null, "_sender": "Frontend", "_reason": null, "event_type": "FRONTEND_READY"})
2017-10-24 12:18:34,705 - TdmApplication - DEBUG - FrontendConnectionHandler(id=139665543276944, session='2017-10-24T12_18_34_0').on_event(Event(BACKEND_READY, None, sender=Backend, reason=None))
2017-10-24 12:18:34,705 - TdmApplication - DEBUG - FrontendConnectionHandler(id=139665543276944, session='2017-10-24T12_18_34_0'): writing {"content": null, "_sender": "Backend", "_reason": null, "event_type": "BACKEND_READY"}
2017-10-24 12:18:34,705 - TdmApplication - DEBUG - FrontendConnectionHandler(id=139665543276944, session='2017-10-24T12_18_34_0'): OK
2017-10-24 12:18:34,709 - TdmApplication - DEBUG - FrontendConnectionHandler(id=139665543276944, session='2017-10-24T12_18_34_0').on_message({"content": null, "_sender": "Frontend", "_reason": null, "event_type": "START"})
2017-10-24 12:18:34,747 - TdmApplication - DEBUG - FrontendConnectionHandler(id=139665543276944, session='2017-10-24T12_18_34_0').on_event(Event(SET_DDD, {ddd_name: recipehelp, language_code: eng}, sender=DmeModule, reason=None))
2017-10-24 12:18:34,747 - TdmApplication - DEBUG - FrontendConnectionHandler(id=139665543276944, session='2017-10-24T12_18_34_0'): writing {"content": {"ddd_name": "recipehelp", "language_code": "eng"}, "_sender": "DmeModule", "_reason": null, "event_type": "SET_DDD"}
2017-10-24 12:18:34,747 - TdmApplication - DEBUG - FrontendConnectionHandler(id=139665543276944, session='2017-10-24T12_18_34_0'): OK
2017-10-24 12:18:34,748 - TdmApplication - DEBUG - FrontendConnectionHandler(id=139665543276944, session='2017-10-24T12_18_34_0').on_event(Event(FACTS, [], sender=DmeModule, reason=None))
2017-10-24 12:18:34,748 - TdmApplication - DEBUG - FrontendConnectionHandler(id=139665543276944, session='2017-10-24T12_18_34_0'): writing {"content": [], "_sender": "DmeModule", "_reason": null, "event_type": "FACTS"}
2017-10-24 12:18:34,748 - TdmApplication - DEBUG - FrontendConnectionHandler(id=139665543276944, session='2017-10-24T12_18_34_0'): OK
2017-10-24 12:18:34,758 - TdmApplication - DEBUG - FrontendConnectionHandler(id=139665543276944, session='2017-10-24T12_18_34_0').on_event(Event(SYSTEM_UTTERANCE_TO_SPEAK, [, What would you like to do?], sender=GenerateModule, reason=None))
2017-10-24 12:18:34,758 - TdmApplication - DEBUG - FrontendConnectionHandler(id=139665543276944, session='2017-10-24T12_18_34_0'): writing {"content": ["", "What would you like to do?"], "_sender": "GenerateModule", "_reason": null, "event_type": "SYSTEM_UTTERANCE_TO_SPEAK"}
2017-10-24 12:18:34,758 - TdmApplication - DEBUG - FrontendConnectionHandler(id=139665543276944, session='2017-10-24T12_18_34_0'): OK
2017-10-24 12:18:34,759 - TdmApplication - DEBUG - FrontendConnectionHandler(id=139665543276944, session='2017-10-24T12_18_34_0').on_event(Event(MESSAGE_TO_GUI, [], sender=GuiBackend, reason=None))
2017-10-24 12:18:34,759 - TdmApplication - DEBUG - FrontendConnectionHandler(id=139665543276944, session='2017-10-24T12_18_34_0'): writing {"content": [], "_sender": "GuiBackend", "_reason": null, "event_type": "MESSAGE_TO_GUI"}
2017-10-24 12:18:34,759 - TdmApplication - DEBUG - FrontendConnectionHandler(id=139665543276944, session='2017-10-24T12_18_34_0'): OK
2017-10-24 12:18:34,795 - TdmApplication - DEBUG - FrontendConnectionHandler(id=139665543276944, session='2017-10-24T12_18_34_0').on_message({"content": ["", "What would you like to do?"], "_sender": "TextOutputComponent", "_reason": null, "event_type": "SYSTEM_UTTERANCE_REALIZED"})
2017-10-24 12:18:34,818 - TdmApplication - DEBUG - FrontendConnectionHandler(id=139665543276944, session='2017-10-24T12_18_34_0').on_event(Event(FACTS, [], sender=DmeModule, reason=None))
2017-10-24 12:18:34,818 - TdmApplication - DEBUG - FrontendConnectionHandler(id=139665543276944, session='2017-10-24T12_18_34_0'): writing {"content": [], "_sender": "DmeModule", "_reason": null, "event_type": "FACTS"}
2017-10-24 12:18:34,818 - TdmApplication - DEBUG - FrontendConnectionHandler(id=139665543276944, session='2017-10-24T12_18_34_0'): OK
2017-10-24 12:18:39,548 - TdmApplication - DEBUG - FrontendConnectionHandler(id=139665543276944, session='2017-10-24T12_18_34_0').on_message({"content": [{"score": 1.0, "utterance": "go to a step"}], "_sender": "TextInputComponent", "_reason": null, "event_type": "RECOGNITION"})
2017-10-24 12:18:39,561 - TdmApplication - DEBUG - FrontendConnectionHandler(id=139665543276944, session='2017-10-24T12_18_34_0').on_event(Event(STOP_LISTENING, None, sender=TurnManager, reason=None))
2017-10-24 12:18:39,561 - TdmApplication - DEBUG - FrontendConnectionHandler(id=139665543276944, session='2017-10-24T12_18_34_0'): writing {"content": null, "_sender": "TurnManager", "_reason": null, "event_type": "STOP_LISTENING"}
2017-10-24 12:18:39,561 - TdmApplication - DEBUG - FrontendConnectionHandler(id=139665543276944, session='2017-10-24T12_18_34_0'): OK
2017-10-24 12:18:39,644 - TdmApplication - DEBUG - FrontendConnectionHandler(id=139665543276944, session='2017-10-24T12_18_34_0').on_event(Event(SELECTED_RECOGNITION, go to a step, sender=DmeModule, reason=None))
2017-10-24 12:18:39,645 - TdmApplication - DEBUG - FrontendConnectionHandler(id=139665543276944, session='2017-10-24T12_18_34_0'): writing {"content": "go to a step", "_sender": "DmeModule", "_reason": null, "event_type": "SELECTED_RECOGNITION"}
2017-10-24 12:18:39,645 - TdmApplication - DEBUG - FrontendConnectionHandler(id=139665543276944, session='2017-10-24T12_18_34_0'): OK
2017-10-24 12:18:39,645 - TdmApplication - DEBUG - FrontendConnectionHandler(id=139665543276944, session='2017-10-24T12_18_34_0').on_event(Event(FACTS, [], sender=DmeModule, reason=None))
2017-10-24 12:18:39,646 - TdmApplication - DEBUG - FrontendConnectionHandler(id=139665543276944, session='2017-10-24T12_18_34_0'): writing {"content": [], "_sender": "DmeModule", "_reason": null, "event_type": "FACTS"}
2017-10-24 12:18:39,646 - TdmApplication - DEBUG - FrontendConnectionHandler(id=139665543276944, session='2017-10-24T12_18_34_0'): OK
2017-10-24 12:18:39,658 - TdmApplication - DEBUG - FrontendConnectionHandler(id=139665543276944, session='2017-10-24T12_18_34_0').on_event(Event(SYSTEM_UTTERANCE_TO_SPEAK, [, , Which step?], sender=GenerateModule, reason=None))
2017-10-24 12:18:39,658 - TdmApplication - DEBUG - FrontendConnectionHandler(id=139665543276944, session='2017-10-24T12_18_34_0'): writing {"content": ["", "", "Which step?"], "_sender": "GenerateModule", "_reason": null, "event_type": "SYSTEM_UTTERANCE_TO_SPEAK"}
2017-10-24 12:18:39,658 - TdmApplication - DEBUG - FrontendConnectionHandler(id=139665543276944, session='2017-10-24T12_18_34_0'): OK
2017-10-24 12:18:39,659 - TdmApplication - DEBUG - FrontendConnectionHandler(id=139665543276944, session='2017-10-24T12_18_34_0').on_event(Event(MESSAGE_TO_GUI, [], sender=GuiBackend, reason=None))
2017-10-24 12:18:39,659 - TdmApplication - DEBUG - FrontendConnectionHandler(id=139665543276944, session='2017-10-24T12_18_34_0'): writing {"content": [], "_sender": "GuiBackend", "_reason": null, "event_type": "MESSAGE_TO_GUI"}
2017-10-24 12:18:39,661 - TdmApplication - DEBUG - FrontendConnectionHandler(id=139665543276944, session='2017-10-24T12_18_34_0'): OK
2017-10-24 12:18:39,680 - TdmApplication - DEBUG - FrontendConnectionHandler(id=139665543276944, session='2017-10-24T12_18_34_0').on_message({"content": ["", "", "Which step?"], "_sender": "TextOutputComponent", "_reason": null, "event_type": "SYSTEM_UTTERANCE_REALIZED"})
2017-10-24 12:18:39,713 - TdmApplication - DEBUG - FrontendConnectionHandler(id=139665543276944, session='2017-10-24T12_18_34_0').on_event(Event(FACTS, [], sender=DmeModule, reason=None))
2017-10-24 12:18:39,713 - TdmApplication - DEBUG - FrontendConnectionHandler(id=139665543276944, session='2017-10-24T12_18_34_0'): writing {"content": [], "_sender": "DmeModule", "_reason": null, "event_type": "FACTS"}
2017-10-24 12:18:39,713 - TdmApplication - DEBUG - FrontendConnectionHandler(id=139665543276944, session='2017-10-24T12_18_34_0'): OK
2017-10-24 12:18:47,788 - TdmApplication - DEBUG - FrontendConnectionHandler(id=139665543276944, session='2017-10-24T12_18_34_0').on_message({"content": [{"score": 1.0, "utterance": "step one"}], "_sender": "TextInputComponent", "_reason": null, "event_type": "RECOGNITION"})
2017-10-24 12:18:47,797 - TdmApplication - DEBUG - FrontendConnectionHandler(id=139665543276944, session='2017-10-24T12_18_34_0').on_event(Event(STOP_LISTENING, None, sender=TurnManager, reason=None))
2017-10-24 12:18:47,797 - TdmApplication - DEBUG - FrontendConnectionHandler(id=139665543276944, session='2017-10-24T12_18_34_0'): writing {"content": null, "_sender": "TurnManager", "_reason": null, "event_type": "STOP_LISTENING"}
2017-10-24 12:18:47,798 - TdmApplication - DEBUG - FrontendConnectionHandler(id=139665543276944, session='2017-10-24T12_18_34_0'): OK
2017-10-24 12:18:47,885 - TdmApplication - DEBUG - FrontendConnectionHandler(id=139665543276944, session='2017-10-24T12_18_34_0').on_event(Event(SELECTED_RECOGNITION, step one, sender=DmeModule, reason=None))
2017-10-24 12:18:47,885 - TdmApplication - DEBUG - FrontendConnectionHandler(id=139665543276944, session='2017-10-24T12_18_34_0'): writing {"content": "step one", "_sender": "DmeModule", "_reason": null, "event_type": "SELECTED_RECOGNITION"}
2017-10-24 12:18:47,885 - TdmApplication - DEBUG - FrontendConnectionHandler(id=139665543276944, session='2017-10-24T12_18_34_0'): OK
2017-10-24 12:18:47,886 - TdmApplication - DEBUG - FrontendConnectionHandler(id=139665543276944, session='2017-10-24T12_18_34_0').on_event(Event(FACTS, [{predicate: go_to_step, grammar_entry: None, value: chose a step}], sender=DmeModule, reason=None))
2017-10-24 12:18:47,886 - TdmApplication - DEBUG - FrontendConnectionHandler(id=139665543276944, session='2017-10-24T12_18_34_0'): writing {"content": [{"predicate": "go_to_step", "grammar_entry": null, "value": "chose a step"}], "_sender": "DmeModule", "_reason": null, "event_type": "FACTS"}
2017-10-24 12:18:47,886 - TdmApplication - DEBUG - FrontendConnectionHandler(id=139665543276944, session='2017-10-24T12_18_34_0'): OK
2017-10-24 12:18:47,896 - TdmApplication - DEBUG - FrontendConnectionHandler(id=139665543276944, session='2017-10-24T12_18_34_0').on_event(Event(SYSTEM_UTTERANCE_TO_SPEAK, [Ok chose a step.], sender=GenerateModule, reason=None))
2017-10-24 12:18:47,896 - TdmApplication - DEBUG - FrontendConnectionHandler(id=139665543276944, session='2017-10-24T12_18_34_0'): writing {"content": ["Ok chose a step."], "_sender": "GenerateModule", "_reason": null, "event_type": "SYSTEM_UTTERANCE_TO_SPEAK"}
2017-10-24 12:18:47,896 - TdmApplication - DEBUG - FrontendConnectionHandler(id=139665543276944, session='2017-10-24T12_18_34_0'): OK
2017-10-24 12:18:47,897 - TdmApplication - DEBUG - FrontendConnectionHandler(id=139665543276944, session='2017-10-24T12_18_34_0').on_event(Event(GUI.POPUP, {options: [], title: Ok chose a step.}, sender=IndependentGuiBackend, reason=None))
2017-10-24 12:18:47,898 - TdmApplication - DEBUG - FrontendConnectionHandler(id=139665543276944, session='2017-10-24T12_18_34_0'): writing {"content": {"options": [], "title": "Ok chose a step."}, "_sender": "IndependentGuiBackend", "_reason": null, "event_type": "GUI.POPUP"}
2017-10-24 12:18:47,898 - TdmApplication - DEBUG - FrontendConnectionHandler(id=139665543276944, session='2017-10-24T12_18_34_0'): OK
2017-10-24 12:18:47,899 - TdmApplication - DEBUG - FrontendConnectionHandler(id=139665543276944, session='2017-10-24T12_18_34_0').on_event(Event(MESSAGE_TO_GUI, [<tdm.tdm_gui_protocol.Popup instance at 0x7f066825bcb0>], sender=GuiBackend, reason=None))
2017-10-24 12:18:47,899 - TdmApplication - DEBUG - FrontendConnectionHandler(id=139665543276944, session='2017-10-24T12_18_34_0'): writing {"content": [{"Popup": {"elements": [], "title": "Ok chose a step."}}], "_sender": "GuiBackend", "_reason": null, "event_type": "MESSAGE_TO_GUI"}
2017-10-24 12:18:47,899 - TdmApplication - DEBUG - FrontendConnectionHandler(id=139665543276944, session='2017-10-24T12_18_34_0'): OK
2017-10-24 12:18:47,908 - TdmApplication - DEBUG - FrontendConnectionHandler(id=139665543276944, session='2017-10-24T12_18_34_0').on_message({"content": ["Ok chose a step."], "_sender": "TextOutputComponent", "_reason": null, "event_type": "SYSTEM_UTTERANCE_REALIZED"})
2017-10-24 12:18:47,935 - TdmApplication - DEBUG - FrontendConnectionHandler(id=139665543276944, session='2017-10-24T12_18_34_0').on_event(Event(FACTS, [{predicate: go_to_step, grammar_entry: None, value: chose a step}], sender=DmeModule, reason=None))
2017-10-24 12:18:47,935 - TdmApplication - DEBUG - FrontendConnectionHandler(id=139665543276944, session='2017-10-24T12_18_34_0'): writing {"content": [{"predicate": "go_to_step", "grammar_entry": null, "value": "chose a step"}], "_sender": "DmeModule", "_reason": null, "event_type": "FACTS"}
2017-10-24 12:18:47,935 - TdmApplication - DEBUG - FrontendConnectionHandler(id=139665543276944, session='2017-10-24T12_18_34_0'): OK
2017-10-24 12:18:51,869 - TdmApplication - DEBUG - FrontendConnectionHandler(id=139665543276944, session='2017-10-24T12_18_34_0').on_message({"content": [{"score": 1.0, "utterance": "go to next"}], "_sender": "TextInputComponent", "_reason": null, "event_type": "RECOGNITION"})
2017-10-24 12:18:51,874 - TdmApplication - DEBUG - FrontendConnectionHandler(id=139665543276944, session='2017-10-24T12_18_34_0').on_event(Event(FACTS, [], sender=DmeModule, reason=None))
2017-10-24 12:18:51,874 - TdmApplication - DEBUG - FrontendConnectionHandler(id=139665543276944, session='2017-10-24T12_18_34_0'): writing {"content": [], "_sender": "DmeModule", "_reason": null, "event_type": "FACTS"}
2017-10-24 12:18:51,874 - TdmApplication - DEBUG - FrontendConnectionHandler(id=139665543276944, session='2017-10-24T12_18_34_0'): OK
2017-10-24 12:18:51,883 - TdmApplication - DEBUG - FrontendConnectionHandler(id=139665543276944, session='2017-10-24T12_18_34_0').on_event(Event(STOP_SPEAKING, None, sender=TurnManager, reason=None))
2017-10-24 12:18:51,883 - TdmApplication - DEBUG - FrontendConnectionHandler(id=139665543276944, session='2017-10-24T12_18_34_0'): writing {"content": null, "_sender": "TurnManager", "_reason": null, "event_type": "STOP_SPEAKING"}
2017-10-24 12:18:51,883 - TdmApplication - DEBUG - FrontendConnectionHandler(id=139665543276944, session='2017-10-24T12_18_34_0'): OK
2017-10-24 12:18:51,884 - TdmApplication - DEBUG - FrontendConnectionHandler(id=139665543276944, session='2017-10-24T12_18_34_0').on_event(Event(SYSTEM_UTTERANCE_TO_SPEAK, [Returning to the start view., What would you like to do?], sender=GenerateModule, reason=None))
2017-10-24 12:18:51,884 - TdmApplication - DEBUG - FrontendConnectionHandler(id=139665543276944, session='2017-10-24T12_18_34_0'): writing {"content": ["Returning to the start view.", "What would you like to do?"], "_sender": "GenerateModule", "_reason": null, "event_type": "SYSTEM_UTTERANCE_TO_SPEAK"}
2017-10-24 12:18:51,884 - TdmApplication - DEBUG - FrontendConnectionHandler(id=139665543276944, session='2017-10-24T12_18_34_0'): OK
2017-10-24 12:18:51,885 - TdmApplication - DEBUG - FrontendConnectionHandler(id=139665543276944, session='2017-10-24T12_18_34_0').on_event(Event(MESSAGE_TO_GUI, [<tdm.tdm_gui_protocol.ClosePopup instance at 0x7f066825a170>], sender=GuiBackend, reason=None))
2017-10-24 12:18:51,885 - TdmApplication - DEBUG - FrontendConnectionHandler(id=139665543276944, session='2017-10-24T12_18_34_0'): writing {"content": [{"ClosePopup": {}}], "_sender": "GuiBackend", "_reason": null, "event_type": "MESSAGE_TO_GUI"}
2017-10-24 12:18:51,885 - TdmApplication - DEBUG - FrontendConnectionHandler(id=139665543276944, session='2017-10-24T12_18_34_0'): OK
2017-10-24 12:18:51,919 - TdmApplication - DEBUG - FrontendConnectionHandler(id=139665543276944, session='2017-10-24T12_18_34_0').on_message({"content": ["Returning to the start view.", "What would you like to do?"], "_sender": "TextOutputComponent", "_reason": null, "event_type": "SYSTEM_UTTERANCE_REALIZED"})
2017-10-24 12:18:51,946 - TdmApplication - DEBUG - FrontendConnectionHandler(id=139665543276944, session='2017-10-24T12_18_34_0').on_event(Event(FACTS, [], sender=DmeModule, reason=None))
2017-10-24 12:18:51,946 - TdmApplication - DEBUG - FrontendConnectionHandler(id=139665543276944, session='2017-10-24T12_18_34_0'): writing {"content": [], "_sender": "DmeModule", "_reason": null, "event_type": "FACTS"}
2017-10-24 12:18:51,946 - TdmApplication - DEBUG - FrontendConnectionHandler(id=139665543276944, session='2017-10-24T12_18_34_0'): OK
2017-10-24 12:18:52,013 - TdmApplication - DEBUG - FrontendConnectionHandler(id=139665543276944, session='2017-10-24T12_18_34_0').on_event(Event(SELECTED_RECOGNITION, go to next, sender=DmeModule, reason=None))
2017-10-24 12:18:52,013 - TdmApplication - DEBUG - FrontendConnectionHandler(id=139665543276944, session='2017-10-24T12_18_34_0'): writing {"content": "go to next", "_sender": "DmeModule", "_reason": null, "event_type": "SELECTED_RECOGNITION"}
2017-10-24 12:18:52,013 - TdmApplication - DEBUG - FrontendConnectionHandler(id=139665543276944, session='2017-10-24T12_18_34_0'): OK
2017-10-24 12:18:52,014 - TdmApplication - DEBUG - FrontendConnectionHandler(id=139665543276944, session='2017-10-24T12_18_34_0').on_event(Event(FACTS, [], sender=DmeModule, reason=None))
2017-10-24 12:18:52,014 - TdmApplication - DEBUG - FrontendConnectionHandler(id=139665543276944, session='2017-10-24T12_18_34_0'): writing {"content": [], "_sender": "DmeModule", "_reason": null, "event_type": "FACTS"}
2017-10-24 12:18:52,015 - TdmApplication - DEBUG - FrontendConnectionHandler(id=139665543276944, session='2017-10-24T12_18_34_0'): OK
2017-10-24 12:18:52,024 - TdmApplication - DEBUG - FrontendConnectionHandler(id=139665543276944, session='2017-10-24T12_18_34_0').on_event(Event(SYSTEM_UTTERANCE_TO_SPEAK, [, Went to next], sender=GenerateModule, reason=None))
2017-10-24 12:18:52,024 - TdmApplication - DEBUG - FrontendConnectionHandler(id=139665543276944, session='2017-10-24T12_18_34_0'): writing {"content": ["", "Went to next"], "_sender": "GenerateModule", "_reason": null, "event_type": "SYSTEM_UTTERANCE_TO_SPEAK"}
2017-10-24 12:18:52,024 - TdmApplication - DEBUG - FrontendConnectionHandler(id=139665543276944, session='2017-10-24T12_18_34_0'): OK
2017-10-24 12:18:52,025 - TdmApplication - DEBUG - FrontendConnectionHandler(id=139665543276944, session='2017-10-24T12_18_34_0').on_event(Event(GUI.POPUP, {options: [], title: Went to next}, sender=IndependentGuiBackend, reason=None))
2017-10-24 12:18:52,025 - TdmApplication - DEBUG - FrontendConnectionHandler(id=139665543276944, session='2017-10-24T12_18_34_0'): writing {"content": {"options": [], "title": "Went to next"}, "_sender": "IndependentGuiBackend", "_reason": null, "event_type": "GUI.POPUP"}
2017-10-24 12:18:52,025 - TdmApplication - DEBUG - FrontendConnectionHandler(id=139665543276944, session='2017-10-24T12_18_34_0'): OK
2017-10-24 12:18:52,026 - TdmApplication - DEBUG - FrontendConnectionHandler(id=139665543276944, session='2017-10-24T12_18_34_0').on_event(Event(MESSAGE_TO_GUI, [<tdm.tdm_gui_protocol.DeviceResult instance at 0x7f0668233758>, <tdm.tdm_gui_protocol.Popup instance at 0x7f066825a7e8>], sender=GuiBackend, reason=None))
2017-10-24 12:18:52,026 - TdmApplication - DEBUG - FrontendConnectionHandler(id=139665543276944, session='2017-10-24T12_18_34_0'): writing {"content": [{"DeviceResult": {"action": "go_to_next", "result": true, "arguments": {}, "failure_reason": null}}, {"Popup": {"elements": [], "title": "Went to next"}}], "_sender": "GuiBackend", "_reason": null, "event_type": "MESSAGE_TO_GUI"}
2017-10-24 12:18:52,026 - TdmApplication - DEBUG - FrontendConnectionHandler(id=139665543276944, session='2017-10-24T12_18_34_0'): OK
2017-10-24 12:18:52,044 - TdmApplication - DEBUG - FrontendConnectionHandler(id=139665543276944, session='2017-10-24T12_18_34_0').on_message({"content": ["", "Went to next"], "_sender": "TextOutputComponent", "_reason": null, "event_type": "SYSTEM_UTTERANCE_REALIZED"})
2017-10-24 12:18:52,103 - TdmApplication - DEBUG - FrontendConnectionHandler(id=139665543276944, session='2017-10-24T12_18_34_0').on_event(Event(FACTS, [{predicate: say_step, grammar_entry: None, value: other example}], sender=DmeModule, reason=None))
2017-10-24 12:18:52,103 - TdmApplication - DEBUG - FrontendConnectionHandler(id=139665543276944, session='2017-10-24T12_18_34_0'): writing {"content": [{"predicate": "say_step", "grammar_entry": null, "value": "other example"}], "_sender": "DmeModule", "_reason": null, "event_type": "FACTS"}
2017-10-24 12:18:52,103 - TdmApplication - DEBUG - FrontendConnectionHandler(id=139665543276944, session='2017-10-24T12_18_34_0'): OK
2017-10-24 12:18:52,113 - TdmApplication - DEBUG - FrontendConnectionHandler(id=139665543276944, session='2017-10-24T12_18_34_0').on_event(Event(SYSTEM_UTTERANCE_TO_SPEAK, [Ok other example.], sender=GenerateModule, reason=None))
2017-10-24 12:18:52,113 - TdmApplication - DEBUG - FrontendConnectionHandler(id=139665543276944, session='2017-10-24T12_18_34_0'): writing {"content": ["Ok other example."], "_sender": "GenerateModule", "_reason": null, "event_type": "SYSTEM_UTTERANCE_TO_SPEAK"}
2017-10-24 12:18:52,113 - TdmApplication - DEBUG - FrontendConnectionHandler(id=139665543276944, session='2017-10-24T12_18_34_0'): OK
2017-10-24 12:18:52,113 - TdmApplication - DEBUG - FrontendConnectionHandler(id=139665543276944, session='2017-10-24T12_18_34_0').on_event(Event(GUI.POPUP, {options: [], title: Ok other example.}, sender=IndependentGuiBackend, reason=None))
2017-10-24 12:18:52,114 - TdmApplication - DEBUG - FrontendConnectionHandler(id=139665543276944, session='2017-10-24T12_18_34_0'): writing {"content": {"options": [], "title": "Ok other example."}, "_sender": "IndependentGuiBackend", "_reason": null, "event_type": "GUI.POPUP"}
2017-10-24 12:18:52,114 - TdmApplication - DEBUG - FrontendConnectionHandler(id=139665543276944, session='2017-10-24T12_18_34_0'): OK
2017-10-24 12:18:52,114 - TdmApplication - DEBUG - FrontendConnectionHandler(id=139665543276944, session='2017-10-24T12_18_34_0').on_event(Event(MESSAGE_TO_GUI, [<tdm.tdm_gui_protocol.ClosePopup instance at 0x7f066825aa28>, <tdm.tdm_gui_protocol.Popup instance at 0x7f0668233050>], sender=GuiBackend, reason=None))
2017-10-24 12:18:52,115 - TdmApplication - DEBUG - FrontendConnectionHandler(id=139665543276944, session='2017-10-24T12_18_34_0'): writing {"content": [{"ClosePopup": {}}, {"Popup": {"elements": [], "title": "Ok other example."}}], "_sender": "GuiBackend", "_reason": null, "event_type": "MESSAGE_TO_GUI"}
2017-10-24 12:18:52,115 - TdmApplication - DEBUG - FrontendConnectionHandler(id=139665543276944, session='2017-10-24T12_18_34_0'): OK
2017-10-24 12:18:52,150 - TdmApplication - DEBUG - FrontendConnectionHandler(id=139665543276944, session='2017-10-24T12_18_34_0').on_message({"content": ["Ok other example."], "_sender": "TextOutputComponent", "_reason": null, "event_type": "SYSTEM_UTTERANCE_REALIZED"})
2017-10-24 12:18:52,175 - TdmApplication - DEBUG - FrontendConnectionHandler(id=139665543276944, session='2017-10-24T12_18_34_0').on_event(Event(FACTS, [{predicate: say_step, grammar_entry: None, value: other example}], sender=DmeModule, reason=None))
2017-10-24 12:18:52,176 - TdmApplication - DEBUG - FrontendConnectionHandler(id=139665543276944, session='2017-10-24T12_18_34_0'): writing {"content": [{"predicate": "say_step", "grammar_entry": null, "value": "other example"}], "_sender": "DmeModule", "_reason": null, "event_type": "FACTS"}
2017-10-24 12:18:52,176 - TdmApplication - DEBUG - FrontendConnectionHandler(id=139665543276944, session='2017-10-24T12_18_34_0'): OK
2017-10-24 12:18:59,332 - TdmApplication - DEBUG - FrontendConnectionHandler(id=139665543276944, session='2017-10-24T12_18_34_0').on_message({"content": [{"score": 1.0, "utterance": "go to next"}], "_sender": "TextInputComponent", "_reason": null, "event_type": "RECOGNITION"})
2017-10-24 12:18:59,336 - TdmApplication - DEBUG - FrontendConnectionHandler(id=139665543276944, session='2017-10-24T12_18_34_0').on_event(Event(FACTS, [], sender=DmeModule, reason=None))
2017-10-24 12:18:59,336 - TdmApplication - DEBUG - FrontendConnectionHandler(id=139665543276944, session='2017-10-24T12_18_34_0'): writing {"content": [], "_sender": "DmeModule", "_reason": null, "event_type": "FACTS"}
2017-10-24 12:18:59,337 - TdmApplication - DEBUG - FrontendConnectionHandler(id=139665543276944, session='2017-10-24T12_18_34_0'): OK
2017-10-24 12:18:59,346 - TdmApplication - DEBUG - FrontendConnectionHandler(id=139665543276944, session='2017-10-24T12_18_34_0').on_event(Event(STOP_SPEAKING, None, sender=TurnManager, reason=None))
2017-10-24 12:18:59,346 - TdmApplication - DEBUG - FrontendConnectionHandler(id=139665543276944, session='2017-10-24T12_18_34_0'): writing {"content": null, "_sender": "TurnManager", "_reason": null, "event_type": "STOP_SPEAKING"}
2017-10-24 12:18:59,347 - TdmApplication - DEBUG - FrontendConnectionHandler(id=139665543276944, session='2017-10-24T12_18_34_0'): OK
2017-10-24 12:18:59,347 - TdmApplication - DEBUG - FrontendConnectionHandler(id=139665543276944, session='2017-10-24T12_18_34_0').on_event(Event(SYSTEM_UTTERANCE_TO_SPEAK, [Returning to the start view., What would you like to do?], sender=GenerateModule, reason=None))
2017-10-24 12:18:59,348 - TdmApplication - DEBUG - FrontendConnectionHandler(id=139665543276944, session='2017-10-24T12_18_34_0'): writing {"content": ["Returning to the start view.", "What would you like to do?"], "_sender": "GenerateModule", "_reason": null, "event_type": "SYSTEM_UTTERANCE_TO_SPEAK"}
2017-10-24 12:18:59,348 - TdmApplication - DEBUG - FrontendConnectionHandler(id=139665543276944, session='2017-10-24T12_18_34_0'): OK
2017-10-24 12:18:59,349 - TdmApplication - DEBUG - FrontendConnectionHandler(id=139665543276944, session='2017-10-24T12_18_34_0').on_event(Event(MESSAGE_TO_GUI, [<tdm.tdm_gui_protocol.ClosePopup instance at 0x7f0668a9fd40>], sender=GuiBackend, reason=None))
2017-10-24 12:18:59,349 - TdmApplication - DEBUG - FrontendConnectionHandler(id=139665543276944, session='2017-10-24T12_18_34_0'): writing {"content": [{"ClosePopup": {}}], "_sender": "GuiBackend", "_reason": null, "event_type": "MESSAGE_TO_GUI"}
2017-10-24 12:18:59,349 - TdmApplication - DEBUG - FrontendConnectionHandler(id=139665543276944, session='2017-10-24T12_18_34_0'): OK
2017-10-24 12:18:59,357 - TdmApplication - DEBUG - FrontendConnectionHandler(id=139665543276944, session='2017-10-24T12_18_34_0').on_message({"content": ["Returning to the start view.", "What would you like to do?"], "_sender": "TextOutputComponent", "_reason": null, "event_type": "SYSTEM_UTTERANCE_REALIZED"})
2017-10-24 12:18:59,382 - TdmApplication - DEBUG - FrontendConnectionHandler(id=139665543276944, session='2017-10-24T12_18_34_0').on_event(Event(FACTS, [], sender=DmeModule, reason=None))
2017-10-24 12:18:59,383 - TdmApplication - DEBUG - FrontendConnectionHandler(id=139665543276944, session='2017-10-24T12_18_34_0'): writing {"content": [], "_sender": "DmeModule", "_reason": null, "event_type": "FACTS"}
2017-10-24 12:18:59,383 - TdmApplication - DEBUG - FrontendConnectionHandler(id=139665543276944, session='2017-10-24T12_18_34_0'): OK
2017-10-24 12:18:59,449 - TdmApplication - DEBUG - FrontendConnectionHandler(id=139665543276944, session='2017-10-24T12_18_34_0').on_event(Event(SELECTED_RECOGNITION, go to next, sender=DmeModule, reason=None))
2017-10-24 12:18:59,449 - TdmApplication - DEBUG - FrontendConnectionHandler(id=139665543276944, session='2017-10-24T12_18_34_0'): writing {"content": "go to next", "_sender": "DmeModule", "_reason": null, "event_type": "SELECTED_RECOGNITION"}
2017-10-24 12:18:59,449 - TdmApplication - DEBUG - FrontendConnectionHandler(id=139665543276944, session='2017-10-24T12_18_34_0'): OK
2017-10-24 12:18:59,451 - TdmApplication - DEBUG - FrontendConnectionHandler(id=139665543276944, session='2017-10-24T12_18_34_0').on_event(Event(FACTS, [], sender=DmeModule, reason=None))
2017-10-24 12:18:59,451 - TdmApplication - DEBUG - FrontendConnectionHandler(id=139665543276944, session='2017-10-24T12_18_34_0'): writing {"content": [], "_sender": "DmeModule", "_reason": null, "event_type": "FACTS"}
2017-10-24 12:18:59,451 - TdmApplication - DEBUG - FrontendConnectionHandler(id=139665543276944, session='2017-10-24T12_18_34_0'): OK
2017-10-24 12:18:59,460 - TdmApplication - DEBUG - FrontendConnectionHandler(id=139665543276944, session='2017-10-24T12_18_34_0').on_event(Event(SYSTEM_UTTERANCE_TO_SPEAK, [, Went to next], sender=GenerateModule, reason=None))
2017-10-24 12:18:59,461 - TdmApplication - DEBUG - FrontendConnectionHandler(id=139665543276944, session='2017-10-24T12_18_34_0'): writing {"content": ["", "Went to next"], "_sender": "GenerateModule", "_reason": null, "event_type": "SYSTEM_UTTERANCE_TO_SPEAK"}
2017-10-24 12:18:59,461 - TdmApplication - DEBUG - FrontendConnectionHandler(id=139665543276944, session='2017-10-24T12_18_34_0'): OK
2017-10-24 12:18:59,462 - TdmApplication - DEBUG - FrontendConnectionHandler(id=139665543276944, session='2017-10-24T12_18_34_0').on_event(Event(GUI.POPUP, {options: [], title: Went to next}, sender=IndependentGuiBackend, reason=None))
2017-10-24 12:18:59,462 - TdmApplication - DEBUG - FrontendConnectionHandler(id=139665543276944, session='2017-10-24T12_18_34_0'): writing {"content": {"options": [], "title": "Went to next"}, "_sender": "IndependentGuiBackend", "_reason": null, "event_type": "GUI.POPUP"}
2017-10-24 12:18:59,462 - TdmApplication - DEBUG - FrontendConnectionHandler(id=139665543276944, session='2017-10-24T12_18_34_0'): OK
2017-10-24 12:18:59,463 - TdmApplication - DEBUG - FrontendConnectionHandler(id=139665543276944, session='2017-10-24T12_18_34_0').on_event(Event(MESSAGE_TO_GUI, [<tdm.tdm_gui_protocol.DeviceResult instance at 0x7f0668a82998>, <tdm.tdm_gui_protocol.Popup instance at 0x7f0668a8aea8>], sender=GuiBackend, reason=None))
2017-10-24 12:18:59,463 - TdmApplication - DEBUG - FrontendConnectionHandler(id=139665543276944, session='2017-10-24T12_18_34_0'): writing {"content": [{"DeviceResult": {"action": "go_to_next", "result": true, "arguments": {}, "failure_reason": null}}, {"Popup": {"elements": [], "title": "Went to next"}}], "_sender": "GuiBackend", "_reason": null, "event_type": "MESSAGE_TO_GUI"}
2017-10-24 12:18:59,463 - TdmApplication - DEBUG - FrontendConnectionHandler(id=139665543276944, session='2017-10-24T12_18_34_0'): OK
2017-10-24 12:18:59,486 - TdmApplication - DEBUG - FrontendConnectionHandler(id=139665543276944, session='2017-10-24T12_18_34_0').on_message({"content": ["", "Went to next"], "_sender": "TextOutputComponent", "_reason": null, "event_type": "SYSTEM_UTTERANCE_REALIZED"})
2017-10-24 12:18:59,543 - TdmApplication - DEBUG - FrontendConnectionHandler(id=139665543276944, session='2017-10-24T12_18_34_0').on_event(Event(FACTS, [{predicate: say_step, grammar_entry: None, value: lol}], sender=DmeModule, reason=None))
2017-10-24 12:18:59,543 - TdmApplication - DEBUG - FrontendConnectionHandler(id=139665543276944, session='2017-10-24T12_18_34_0'): writing {"content": [{"predicate": "say_step", "grammar_entry": null, "value": "lol"}], "_sender": "DmeModule", "_reason": null, "event_type": "FACTS"}
2017-10-24 12:18:59,543 - TdmApplication - DEBUG - FrontendConnectionHandler(id=139665543276944, session='2017-10-24T12_18_34_0'): OK
2017-10-24 12:18:59,553 - TdmApplication - DEBUG - FrontendConnectionHandler(id=139665543276944, session='2017-10-24T12_18_34_0').on_event(Event(SYSTEM_UTTERANCE_TO_SPEAK, [Ok lol.], sender=GenerateModule, reason=None))
2017-10-24 12:18:59,553 - TdmApplication - DEBUG - FrontendConnectionHandler(id=139665543276944, session='2017-10-24T12_18_34_0'): writing {"content": ["Ok lol."], "_sender": "GenerateModule", "_reason": null, "event_type": "SYSTEM_UTTERANCE_TO_SPEAK"}
2017-10-24 12:18:59,554 - TdmApplication - DEBUG - FrontendConnectionHandler(id=139665543276944, session='2017-10-24T12_18_34_0'): OK
2017-10-24 12:18:59,554 - TdmApplication - DEBUG - FrontendConnectionHandler(id=139665543276944, session='2017-10-24T12_18_34_0').on_event(Event(GUI.POPUP, {options: [], title: Ok lol.}, sender=IndependentGuiBackend, reason=None))
2017-10-24 12:18:59,554 - TdmApplication - DEBUG - FrontendConnectionHandler(id=139665543276944, session='2017-10-24T12_18_34_0'): writing {"content": {"options": [], "title": "Ok lol."}, "_sender": "IndependentGuiBackend", "_reason": null, "event_type": "GUI.POPUP"}
2017-10-24 12:18:59,554 - TdmApplication - DEBUG - FrontendConnectionHandler(id=139665543276944, session='2017-10-24T12_18_34_0'): OK
2017-10-24 12:18:59,555 - TdmApplication - DEBUG - FrontendConnectionHandler(id=139665543276944, session='2017-10-24T12_18_34_0').on_event(Event(MESSAGE_TO_GUI, [<tdm.tdm_gui_protocol.ClosePopup instance at 0x7f0668233320>, <tdm.tdm_gui_protocol.Popup instance at 0x7f0668233d40>], sender=GuiBackend, reason=None))
2017-10-24 12:18:59,555 - TdmApplication - DEBUG - FrontendConnectionHandler(id=139665543276944, session='2017-10-24T12_18_34_0'): writing {"content": [{"ClosePopup": {}}, {"Popup": {"elements": [], "title": "Ok lol."}}], "_sender": "GuiBackend", "_reason": null, "event_type": "MESSAGE_TO_GUI"}
2017-10-24 12:18:59,555 - TdmApplication - DEBUG - FrontendConnectionHandler(id=139665543276944, session='2017-10-24T12_18_34_0'): OK
2017-10-24 12:18:59,593 - TdmApplication - DEBUG - FrontendConnectionHandler(id=139665543276944, session='2017-10-24T12_18_34_0').on_message({"content": ["Ok lol."], "_sender": "TextOutputComponent", "_reason": null, "event_type": "SYSTEM_UTTERANCE_REALIZED"})
2017-10-24 12:18:59,619 - TdmApplication - DEBUG - FrontendConnectionHandler(id=139665543276944, session='2017-10-24T12_18_34_0').on_event(Event(FACTS, [{predicate: say_step, grammar_entry: None, value: lol}], sender=DmeModule, reason=None))
2017-10-24 12:18:59,619 - TdmApplication - DEBUG - FrontendConnectionHandler(id=139665543276944, session='2017-10-24T12_18_34_0'): writing {"content": [{"predicate": "say_step", "grammar_entry": null, "value": "lol"}], "_sender": "DmeModule", "_reason": null, "event_type": "FACTS"}
2017-10-24 12:18:59,619 - TdmApplication - DEBUG - FrontendConnectionHandler(id=139665543276944, session='2017-10-24T12_18_34_0'): OK
2017-10-24 12:19:03,516 - TdmApplication - DEBUG - FrontendConnectionHandler(id=139665543276944, session='2017-10-24T12_18_34_0').on_message({"content": [{"score": 1.0, "utterance": "go to next"}], "_sender": "TextInputComponent", "_reason": null, "event_type": "RECOGNITION"})
2017-10-24 12:19:03,519 - TdmApplication - DEBUG - FrontendConnectionHandler(id=139665543276944, session='2017-10-24T12_18_34_0').on_event(Event(FACTS, [], sender=DmeModule, reason=None))
2017-10-24 12:19:03,520 - TdmApplication - DEBUG - FrontendConnectionHandler(id=139665543276944, session='2017-10-24T12_18_34_0'): writing {"content": [], "_sender": "DmeModule", "_reason": null, "event_type": "FACTS"}
2017-10-24 12:19:03,520 - TdmApplication - DEBUG - FrontendConnectionHandler(id=139665543276944, session='2017-10-24T12_18_34_0'): OK
2017-10-24 12:19:03,529 - TdmApplication - DEBUG - FrontendConnectionHandler(id=139665543276944, session='2017-10-24T12_18_34_0').on_event(Event(STOP_SPEAKING, None, sender=TurnManager, reason=None))
2017-10-24 12:19:03,529 - TdmApplication - DEBUG - FrontendConnectionHandler(id=139665543276944, session='2017-10-24T12_18_34_0'): writing {"content": null, "_sender": "TurnManager", "_reason": null, "event_type": "STOP_SPEAKING"}
2017-10-24 12:19:03,529 - TdmApplication - DEBUG - FrontendConnectionHandler(id=139665543276944, session='2017-10-24T12_18_34_0'): OK
2017-10-24 12:19:03,530 - TdmApplication - DEBUG - FrontendConnectionHandler(id=139665543276944, session='2017-10-24T12_18_34_0').on_event(Event(SYSTEM_UTTERANCE_TO_SPEAK, [Returning to the start view., What would you like to do?], sender=GenerateModule, reason=None))
2017-10-24 12:19:03,530 - TdmApplication - DEBUG - FrontendConnectionHandler(id=139665543276944, session='2017-10-24T12_18_34_0'): writing {"content": ["Returning to the start view.", "What would you like to do?"], "_sender": "GenerateModule", "_reason": null, "event_type": "SYSTEM_UTTERANCE_TO_SPEAK"}
2017-10-24 12:19:03,530 - TdmApplication - DEBUG - FrontendConnectionHandler(id=139665543276944, session='2017-10-24T12_18_34_0'): OK
2017-10-24 12:19:03,531 - TdmApplication - DEBUG - FrontendConnectionHandler(id=139665543276944, session='2017-10-24T12_18_34_0').on_event(Event(MESSAGE_TO_GUI, [<tdm.tdm_gui_protocol.ClosePopup instance at 0x7f0668a857a0>], sender=GuiBackend, reason=None))
2017-10-24 12:19:03,531 - TdmApplication - DEBUG - FrontendConnectionHandler(id=139665543276944, session='2017-10-24T12_18_34_0'): writing {"content": [{"ClosePopup": {}}], "_sender": "GuiBackend", "_reason": null, "event_type": "MESSAGE_TO_GUI"}
2017-10-24 12:19:03,531 - TdmApplication - DEBUG - FrontendConnectionHandler(id=139665543276944, session='2017-10-24T12_18_34_0'): OK
2017-10-24 12:19:03,557 - TdmApplication - DEBUG - FrontendConnectionHandler(id=139665543276944, session='2017-10-24T12_18_34_0').on_message({"content": ["Returning to the start view.", "What would you like to do?"], "_sender": "TextOutputComponent", "_reason": null, "event_type": "SYSTEM_UTTERANCE_REALIZED"})
2017-10-24 12:19:03,580 - TdmApplication - DEBUG - FrontendConnectionHandler(id=139665543276944, session='2017-10-24T12_18_34_0').on_event(Event(FACTS, [], sender=DmeModule, reason=None))
2017-10-24 12:19:03,580 - TdmApplication - DEBUG - FrontendConnectionHandler(id=139665543276944, session='2017-10-24T12_18_34_0'): writing {"content": [], "_sender": "DmeModule", "_reason": null, "event_type": "FACTS"}
2017-10-24 12:19:03,580 - TdmApplication - DEBUG - FrontendConnectionHandler(id=139665543276944, session='2017-10-24T12_18_34_0'): OK
2017-10-24 12:19:03,652 - TdmApplication - DEBUG - FrontendConnectionHandler(id=139665543276944, session='2017-10-24T12_18_34_0').on_event(Event(SELECTED_RECOGNITION, go to next, sender=DmeModule, reason=None))
2017-10-24 12:19:03,652 - TdmApplication - DEBUG - FrontendConnectionHandler(id=139665543276944, session='2017-10-24T12_18_34_0'): writing {"content": "go to next", "_sender": "DmeModule", "_reason": null, "event_type": "SELECTED_RECOGNITION"}
2017-10-24 12:19:03,653 - TdmApplication - DEBUG - FrontendConnectionHandler(id=139665543276944, session='2017-10-24T12_18_34_0'): OK
2017-10-24 12:19:03,653 - TdmApplication - DEBUG - FrontendConnectionHandler(id=139665543276944, session='2017-10-24T12_18_34_0').on_event(Event(FACTS, [], sender=DmeModule, reason=None))
2017-10-24 12:19:03,653 - TdmApplication - DEBUG - FrontendConnectionHandler(id=139665543276944, session='2017-10-24T12_18_34_0'): writing {"content": [], "_sender": "DmeModule", "_reason": null, "event_type": "FACTS"}
2017-10-24 12:19:03,654 - TdmApplication - DEBUG - FrontendConnectionHandler(id=139665543276944, session='2017-10-24T12_18_34_0'): OK
2017-10-24 12:19:03,662 - TdmApplication - DEBUG - FrontendConnectionHandler(id=139665543276944, session='2017-10-24T12_18_34_0').on_event(Event(SYSTEM_UTTERANCE_TO_SPEAK, [I'm sorry, something went wrong.], sender=GenerateModule, reason=None))
2017-10-24 12:19:03,662 - TdmApplication - DEBUG - FrontendConnectionHandler(id=139665543276944, session='2017-10-24T12_18_34_0'): writing {"content": ["I'm sorry, something went wrong."], "_sender": "GenerateModule", "_reason": null, "event_type": "SYSTEM_UTTERANCE_TO_SPEAK"}
2017-10-24 12:19:03,662 - TdmApplication - DEBUG - FrontendConnectionHandler(id=139665543276944, session='2017-10-24T12_18_34_0'): OK
2017-10-24 12:19:03,663 - TdmApplication - DEBUG - FrontendConnectionHandler(id=139665543276944, session='2017-10-24T12_18_34_0').on_event(Event(GUI.POPUP, {options: [], title: I'm sorry, something went wrong.}, sender=IndependentGuiBackend, reason=None))
2017-10-24 12:19:03,663 - TdmApplication - DEBUG - FrontendConnectionHandler(id=139665543276944, session='2017-10-24T12_18_34_0'): writing {"content": {"options": [], "title": "I'm sorry, something went wrong."}, "_sender": "IndependentGuiBackend", "_reason": null, "event_type": "GUI.POPUP"}
2017-10-24 12:19:03,663 - TdmApplication - DEBUG - FrontendConnectionHandler(id=139665543276944, session='2017-10-24T12_18_34_0'): OK
2017-10-24 12:19:03,665 - TdmApplication - DEBUG - FrontendConnectionHandler(id=139665543276944, session='2017-10-24T12_18_34_0').on_event(Event(MESSAGE_TO_GUI, [<tdm.tdm_gui_protocol.DeviceResult instance at 0x7f066825a1b8>, <tdm.tdm_gui_protocol.Popup instance at 0x7f066825a128>], sender=GuiBackend, reason=None))
2017-10-24 12:19:03,665 - TdmApplication - DEBUG - FrontendConnectionHandler(id=139665543276944, session='2017-10-24T12_18_34_0'): writing {"content": [{"DeviceResult": {"action": "go_to_next", "result": false, "arguments": {}, "failure_reason": "undefined_failure"}}, {"Popup": {"elements": [], "title": "I'm sorry, something went wrong."}}], "_sender": "GuiBackend", "_reason": null, "event_type": "MESSAGE_TO_GUI"}
2017-10-24 12:19:03,665 - TdmApplication - DEBUG - FrontendConnectionHandler(id=139665543276944, session='2017-10-24T12_18_34_0'): OK
2017-10-24 12:19:03,685 - TdmApplication - DEBUG - FrontendConnectionHandler(id=139665543276944, session='2017-10-24T12_18_34_0').on_message({"content": ["I'm sorry, something went wrong."], "_sender": "TextOutputComponent", "_reason": null, "event_type": "SYSTEM_UTTERANCE_REALIZED"})
2017-10-24 12:19:03,706 - TdmApplication - DEBUG - FrontendConnectionHandler(id=139665543276944, session='2017-10-24T12_18_34_0').on_event(Event(FACTS, [], sender=DmeModule, reason=None))
2017-10-24 12:19:03,706 - TdmApplication - DEBUG - FrontendConnectionHandler(id=139665543276944, session='2017-10-24T12_18_34_0'): writing {"content": [], "_sender": "DmeModule", "_reason": null, "event_type": "FACTS"}
2017-10-24 12:19:03,707 - TdmApplication - DEBUG - FrontendConnectionHandler(id=139665543276944, session='2017-10-24T12_18_34_0'): OK
2017-10-24 12:20:21,273 - TdmApplication - DEBUG - FrontendConnectionHandler(id=139665543276944, session='2017-10-24T12_18_34_0').on_message({"content": [{"score": 1.0, "utterance": "go back"}], "_sender": "TextInputComponent", "_reason": null, "event_type": "RECOGNITION"})
2017-10-24 12:20:21,278 - TdmApplication - DEBUG - FrontendConnectionHandler(id=139665543276944, session='2017-10-24T12_18_34_0').on_event(Event(FACTS, [], sender=DmeModule, reason=None))
2017-10-24 12:20:21,278 - TdmApplication - DEBUG - FrontendConnectionHandler(id=139665543276944, session='2017-10-24T12_18_34_0'): writing {"content": [], "_sender": "DmeModule", "_reason": null, "event_type": "FACTS"}
2017-10-24 12:20:21,278 - TdmApplication - DEBUG - FrontendConnectionHandler(id=139665543276944, session='2017-10-24T12_18_34_0'): OK
2017-10-24 12:20:21,285 - TdmApplication - DEBUG - FrontendConnectionHandler(id=139665543276944, session='2017-10-24T12_18_34_0').on_event(Event(STOP_SPEAKING, None, sender=TurnManager, reason=None))
2017-10-24 12:20:21,285 - TdmApplication - DEBUG - FrontendConnectionHandler(id=139665543276944, session='2017-10-24T12_18_34_0'): writing {"content": null, "_sender": "TurnManager", "_reason": null, "event_type": "STOP_SPEAKING"}
2017-10-24 12:20:21,286 - TdmApplication - DEBUG - FrontendConnectionHandler(id=139665543276944, session='2017-10-24T12_18_34_0'): OK
2017-10-24 12:20:21,288 - TdmApplication - DEBUG - FrontendConnectionHandler(id=139665543276944, session='2017-10-24T12_18_34_0').on_event(Event(SYSTEM_UTTERANCE_TO_SPEAK, [], sender=GenerateModule, reason=None))
2017-10-24 12:20:21,288 - TdmApplication - DEBUG - FrontendConnectionHandler(id=139665543276944, session='2017-10-24T12_18_34_0'): writing {"content": [], "_sender": "GenerateModule", "_reason": null, "event_type": "SYSTEM_UTTERANCE_TO_SPEAK"}
2017-10-24 12:20:21,289 - TdmApplication - DEBUG - FrontendConnectionHandler(id=139665543276944, session='2017-10-24T12_18_34_0'): OK
2017-10-24 12:20:21,290 - TdmApplication - DEBUG - FrontendConnectionHandler(id=139665543276944, session='2017-10-24T12_18_34_0').on_event(Event(MESSAGE_TO_GUI, [<tdm.tdm_gui_protocol.ClosePopup instance at 0x7f066825ae60>], sender=GuiBackend, reason=None))
2017-10-24 12:20:21,291 - TdmApplication - DEBUG - FrontendConnectionHandler(id=139665543276944, session='2017-10-24T12_18_34_0'): writing {"content": [{"ClosePopup": {}}], "_sender": "GuiBackend", "_reason": null, "event_type": "MESSAGE_TO_GUI"}
2017-10-24 12:20:21,291 - TdmApplication - DEBUG - FrontendConnectionHandler(id=139665543276944, session='2017-10-24T12_18_34_0'): OK
2017-10-24 12:20:21,293 - TdmApplication - DEBUG - FrontendConnectionHandler(id=139665543276944, session='2017-10-24T12_18_34_0').on_message({"content": [], "_sender": "TextOutputComponent", "_reason": null, "event_type": "SYSTEM_UTTERANCE_REALIZED"})
2017-10-24 12:20:21,309 - TdmApplication - DEBUG - FrontendConnectionHandler(id=139665543276944, session='2017-10-24T12_18_34_0').on_event(Event(FACTS, [], sender=DmeModule, reason=None))
2017-10-24 12:20:21,309 - TdmApplication - DEBUG - FrontendConnectionHandler(id=139665543276944, session='2017-10-24T12_18_34_0'): writing {"content": [], "_sender": "DmeModule", "_reason": null, "event_type": "FACTS"}
2017-10-24 12:20:21,309 - TdmApplication - DEBUG - FrontendConnectionHandler(id=139665543276944, session='2017-10-24T12_18_34_0'): OK
2017-10-24 12:20:21,367 - TdmApplication - DEBUG - FrontendConnectionHandler(id=139665543276944, session='2017-10-24T12_18_34_0').on_event(Event(SELECTED_RECOGNITION, go back, sender=DmeModule, reason=None))
2017-10-24 12:20:21,367 - TdmApplication - DEBUG - FrontendConnectionHandler(id=139665543276944, session='2017-10-24T12_18_34_0'): writing {"content": "go back", "_sender": "DmeModule", "_reason": null, "event_type": "SELECTED_RECOGNITION"}
2017-10-24 12:20:21,367 - TdmApplication - DEBUG - FrontendConnectionHandler(id=139665543276944, session='2017-10-24T12_18_34_0'): OK
2017-10-24 12:20:21,369 - TdmApplication - DEBUG - FrontendConnectionHandler(id=139665543276944, session='2017-10-24T12_18_34_0').on_event(Event(FACTS, [], sender=DmeModule, reason=None))
2017-10-24 12:20:21,369 - TdmApplication - DEBUG - FrontendConnectionHandler(id=139665543276944, session='2017-10-24T12_18_34_0'): writing {"content": [], "_sender": "DmeModule", "_reason": null, "event_type": "FACTS"}
2017-10-24 12:20:21,369 - TdmApplication - DEBUG - FrontendConnectionHandler(id=139665543276944, session='2017-10-24T12_18_34_0'): OK
2017-10-24 12:20:21,380 - TdmApplication - DEBUG - FrontendConnectionHandler(id=139665543276944, session='2017-10-24T12_18_34_0').on_event(Event(SYSTEM_UTTERANCE_TO_SPEAK, [, Went to the previous step], sender=GenerateModule, reason=None))
2017-10-24 12:20:21,380 - TdmApplication - DEBUG - FrontendConnectionHandler(id=139665543276944, session='2017-10-24T12_18_34_0'): writing {"content": ["", "Went to the previous step"], "_sender": "GenerateModule", "_reason": null, "event_type": "SYSTEM_UTTERANCE_TO_SPEAK"}
2017-10-24 12:20:21,380 - TdmApplication - DEBUG - FrontendConnectionHandler(id=139665543276944, session='2017-10-24T12_18_34_0'): OK
2017-10-24 12:20:21,382 - TdmApplication - DEBUG - FrontendConnectionHandler(id=139665543276944, session='2017-10-24T12_18_34_0').on_event(Event(GUI.POPUP, {options: [], title: Went to the previous step}, sender=IndependentGuiBackend, reason=None))
2017-10-24 12:20:21,382 - TdmApplication - DEBUG - FrontendConnectionHandler(id=139665543276944, session='2017-10-24T12_18_34_0'): writing {"content": {"options": [], "title": "Went to the previous step"}, "_sender": "IndependentGuiBackend", "_reason": null, "event_type": "GUI.POPUP"}
2017-10-24 12:20:21,382 - TdmApplication - DEBUG - FrontendConnectionHandler(id=139665543276944, session='2017-10-24T12_18_34_0'): OK
2017-10-24 12:20:21,383 - TdmApplication - DEBUG - FrontendConnectionHandler(id=139665543276944, session='2017-10-24T12_18_34_0').on_event(Event(MESSAGE_TO_GUI, [<tdm.tdm_gui_protocol.DeviceResult instance at 0x7f066825a710>, <tdm.tdm_gui_protocol.Popup instance at 0x7f066825acf8>], sender=GuiBackend, reason=None))
2017-10-24 12:20:21,384 - TdmApplication - DEBUG - FrontendConnectionHandler(id=139665543276944, session='2017-10-24T12_18_34_0'): writing {"content": [{"DeviceResult": {"action": "go_back", "result": true, "arguments": {}, "failure_reason": null}}, {"Popup": {"elements": [], "title": "Went to the previous step"}}], "_sender": "GuiBackend", "_reason": null, "event_type": "MESSAGE_TO_GUI"}
2017-10-24 12:20:21,384 - TdmApplication - DEBUG - FrontendConnectionHandler(id=139665543276944, session='2017-10-24T12_18_34_0'): OK
2017-10-24 12:20:21,392 - TdmApplication - DEBUG - FrontendConnectionHandler(id=139665543276944, session='2017-10-24T12_18_34_0').on_message({"content": ["", "Went to the previous step"], "_sender": "TextOutputComponent", "_reason": null, "event_type": "SYSTEM_UTTERANCE_REALIZED"})
2017-10-24 12:20:21,423 - TdmApplication - DEBUG - FrontendConnectionHandler(id=139665543276944, session='2017-10-24T12_18_34_0').on_event(Event(FACTS, [], sender=DmeModule, reason=None))
2017-10-24 12:20:21,423 - TdmApplication - DEBUG - FrontendConnectionHandler(id=139665543276944, session='2017-10-24T12_18_34_0'): writing {"content": [], "_sender": "DmeModule", "_reason": null, "event_type": "FACTS"}
2017-10-24 12:20:21,423 - TdmApplication - DEBUG - FrontendConnectionHandler(id=139665543276944, session='2017-10-24T12_18_34_0'): OK
2017-10-24 12:20:57,224 - TdmApplication - DEBUG - FrontendConnectionHandler(id=139665543276944, session='2017-10-24T12_18_34_0').on_message({"content": [{"score": 1.0, "utterance": ""}], "_sender": "TextInputComponent", "_reason": null, "event_type": "RECOGNITION"})
2017-10-24 12:20:57,232 - TdmApplication - DEBUG - FrontendConnectionHandler(id=139665543276944, session='2017-10-24T12_18_34_0').on_event(Event(FACTS, [], sender=DmeModule, reason=None))
2017-10-24 12:20:57,232 - TdmApplication - DEBUG - FrontendConnectionHandler(id=139665543276944, session='2017-10-24T12_18_34_0'): writing {"content": [], "_sender": "DmeModule", "_reason": null, "event_type": "FACTS"}
2017-10-24 12:20:57,232 - TdmApplication - DEBUG - FrontendConnectionHandler(id=139665543276944, session='2017-10-24T12_18_34_0'): OK
2017-10-24 12:20:57,239 - TdmApplication - DEBUG - FrontendConnectionHandler(id=139665543276944, session='2017-10-24T12_18_34_0').on_event(Event(STOP_SPEAKING, None, sender=TurnManager, reason=None))
2017-10-24 12:20:57,239 - TdmApplication - DEBUG - FrontendConnectionHandler(id=139665543276944, session='2017-10-24T12_18_34_0'): writing {"content": null, "_sender": "TurnManager", "_reason": null, "event_type": "STOP_SPEAKING"}
2017-10-24 12:20:57,239 - TdmApplication - DEBUG - FrontendConnectionHandler(id=139665543276944, session='2017-10-24T12_18_34_0'): OK
2017-10-24 12:20:57,241 - TdmApplication - DEBUG - FrontendConnectionHandler(id=139665543276944, session='2017-10-24T12_18_34_0').on_event(Event(SYSTEM_UTTERANCE_TO_SPEAK, [], sender=GenerateModule, reason=None))
2017-10-24 12:20:57,241 - TdmApplication - DEBUG - FrontendConnectionHandler(id=139665543276944, session='2017-10-24T12_18_34_0'): writing {"content": [], "_sender": "GenerateModule", "_reason": null, "event_type": "SYSTEM_UTTERANCE_TO_SPEAK"}
2017-10-24 12:20:57,241 - TdmApplication - DEBUG - FrontendConnectionHandler(id=139665543276944, session='2017-10-24T12_18_34_0'): OK
2017-10-24 12:20:57,242 - TdmApplication - DEBUG - FrontendConnectionHandler(id=139665543276944, session='2017-10-24T12_18_34_0').on_event(Event(MESSAGE_TO_GUI, [<tdm.tdm_gui_protocol.ClosePopup instance at 0x7f0668205cb0>], sender=GuiBackend, reason=None))
2017-10-24 12:20:57,242 - TdmApplication - DEBUG - FrontendConnectionHandler(id=139665543276944, session='2017-10-24T12_18_34_0'): writing {"content": [{"ClosePopup": {}}], "_sender": "GuiBackend", "_reason": null, "event_type": "MESSAGE_TO_GUI"}
2017-10-24 12:20:57,242 - TdmApplication - DEBUG - FrontendConnectionHandler(id=139665543276944, session='2017-10-24T12_18_34_0'): OK
2017-10-24 12:20:57,264 - TdmApplication - DEBUG - FrontendConnectionHandler(id=139665543276944, session='2017-10-24T12_18_34_0').on_message({"content": [], "_sender": "TextOutputComponent", "_reason": null, "event_type": "SYSTEM_UTTERANCE_REALIZED"})
2017-10-24 12:20:57,280 - TdmApplication - DEBUG - FrontendConnectionHandler(id=139665543276944, session='2017-10-24T12_18_34_0').on_event(Event(FACTS, [], sender=DmeModule, reason=None))
2017-10-24 12:20:57,280 - TdmApplication - DEBUG - FrontendConnectionHandler(id=139665543276944, session='2017-10-24T12_18_34_0'): writing {"content": [], "_sender": "DmeModule", "_reason": null, "event_type": "FACTS"}
2017-10-24 12:20:57,280 - TdmApplication - DEBUG - FrontendConnectionHandler(id=139665543276944, session='2017-10-24T12_18_34_0'): OK
2017-10-24 12:20:57,309 - TdmApplication - DEBUG - FrontendConnectionHandler(id=139665543276944, session='2017-10-24T12_18_34_0').on_event(Event(FACTS, [], sender=DmeModule, reason=None))
2017-10-24 12:20:57,309 - TdmApplication - DEBUG - FrontendConnectionHandler(id=139665543276944, session='2017-10-24T12_18_34_0'): writing {"content": [], "_sender": "DmeModule", "_reason": null, "event_type": "FACTS"}
2017-10-24 12:20:57,309 - TdmApplication - DEBUG - FrontendConnectionHandler(id=139665543276944, session='2017-10-24T12_18_34_0'): OK
2017-10-24 12:20:57,317 - TdmApplication - DEBUG - FrontendConnectionHandler(id=139665543276944, session='2017-10-24T12_18_34_0').on_event(Event(SYSTEM_UTTERANCE_TO_SPEAK, [I heard you say., I don't understand.], sender=GenerateModule, reason=None))
2017-10-24 12:20:57,317 - TdmApplication - DEBUG - FrontendConnectionHandler(id=139665543276944, session='2017-10-24T12_18_34_0'): writing {"content": ["I heard you say.", "I don't understand."], "_sender": "GenerateModule", "_reason": null, "event_type": "SYSTEM_UTTERANCE_TO_SPEAK"}
2017-10-24 12:20:57,317 - TdmApplication - DEBUG - FrontendConnectionHandler(id=139665543276944, session='2017-10-24T12_18_34_0'): OK
2017-10-24 12:20:57,318 - TdmApplication - DEBUG - FrontendConnectionHandler(id=139665543276944, session='2017-10-24T12_18_34_0').on_event(Event(MESSAGE_TO_GUI, [], sender=GuiBackend, reason=None))
2017-10-24 12:20:57,318 - TdmApplication - DEBUG - FrontendConnectionHandler(id=139665543276944, session='2017-10-24T12_18_34_0'): writing {"content": [], "_sender": "GuiBackend", "_reason": null, "event_type": "MESSAGE_TO_GUI"}
2017-10-24 12:20:57,318 - TdmApplication - DEBUG - FrontendConnectionHandler(id=139665543276944, session='2017-10-24T12_18_34_0'): OK
2017-10-24 12:20:57,359 - TdmApplication - DEBUG - FrontendConnectionHandler(id=139665543276944, session='2017-10-24T12_18_34_0').on_message({"content": ["I heard you say.", "I don't understand."], "_sender": "TextOutputComponent", "_reason": null, "event_type": "SYSTEM_UTTERANCE_REALIZED"})
2017-10-24 12:20:57,382 - TdmApplication - DEBUG - FrontendConnectionHandler(id=139665543276944, session='2017-10-24T12_18_34_0').on_event(Event(FACTS, [], sender=DmeModule, reason=None))
2017-10-24 12:20:57,382 - TdmApplication - DEBUG - FrontendConnectionHandler(id=139665543276944, session='2017-10-24T12_18_34_0'): writing {"content": [], "_sender": "DmeModule", "_reason": null, "event_type": "FACTS"}
2017-10-24 12:20:57,382 - TdmApplication - DEBUG - FrontendConnectionHandler(id=139665543276944, session='2017-10-24T12_18_34_0'): OK
2017-10-24 12:21:03,136 - TdmApplication - DEBUG - FrontendConnectionHandler(id=139665543276944, session='2017-10-24T12_18_34_0').on_message({"content": [{"score": 1.0, "utterance": "go back"}], "_sender": "TextInputComponent", "_reason": null, "event_type": "RECOGNITION"})
2017-10-24 12:21:03,139 - TdmApplication - DEBUG - FrontendConnectionHandler(id=139665543276944, session='2017-10-24T12_18_34_0').on_event(Event(FACTS, [], sender=DmeModule, reason=None))
2017-10-24 12:21:03,139 - TdmApplication - DEBUG - FrontendConnectionHandler(id=139665543276944, session='2017-10-24T12_18_34_0'): writing {"content": [], "_sender": "DmeModule", "_reason": null, "event_type": "FACTS"}
2017-10-24 12:21:03,140 - TdmApplication - DEBUG - FrontendConnectionHandler(id=139665543276944, session='2017-10-24T12_18_34_0'): OK
2017-10-24 12:21:03,147 - TdmApplication - DEBUG - FrontendConnectionHandler(id=139665543276944, session='2017-10-24T12_18_34_0').on_event(Event(STOP_SPEAKING, None, sender=TurnManager, reason=None))
2017-10-24 12:21:03,147 - TdmApplication - DEBUG - FrontendConnectionHandler(id=139665543276944, session='2017-10-24T12_18_34_0'): writing {"content": null, "_sender": "TurnManager", "_reason": null, "event_type": "STOP_SPEAKING"}
2017-10-24 12:21:03,147 - TdmApplication - DEBUG - FrontendConnectionHandler(id=139665543276944, session='2017-10-24T12_18_34_0'): OK
2017-10-24 12:21:03,148 - TdmApplication - DEBUG - FrontendConnectionHandler(id=139665543276944, session='2017-10-24T12_18_34_0').on_event(Event(SYSTEM_UTTERANCE_TO_SPEAK, [], sender=GenerateModule, reason=None))
2017-10-24 12:21:03,148 - TdmApplication - DEBUG - FrontendConnectionHandler(id=139665543276944, session='2017-10-24T12_18_34_0'): writing {"content": [], "_sender": "GenerateModule", "_reason": null, "event_type": "SYSTEM_UTTERANCE_TO_SPEAK"}
2017-10-24 12:21:03,148 - TdmApplication - DEBUG - FrontendConnectionHandler(id=139665543276944, session='2017-10-24T12_18_34_0'): OK
2017-10-24 12:21:03,149 - TdmApplication - DEBUG - FrontendConnectionHandler(id=139665543276944, session='2017-10-24T12_18_34_0').on_event(Event(MESSAGE_TO_GUI, [], sender=GuiBackend, reason=None))
2017-10-24 12:21:03,149 - TdmApplication - DEBUG - FrontendConnectionHandler(id=139665543276944, session='2017-10-24T12_18_34_0'): writing {"content": [], "_sender": "GuiBackend", "_reason": null, "event_type": "MESSAGE_TO_GUI"}
2017-10-24 12:21:03,149 - TdmApplication - DEBUG - FrontendConnectionHandler(id=139665543276944, session='2017-10-24T12_18_34_0'): OK
2017-10-24 12:21:03,166 - TdmApplication - DEBUG - FrontendConnectionHandler(id=139665543276944, session='2017-10-24T12_18_34_0').on_message({"content": [], "_sender": "TextOutputComponent", "_reason": null, "event_type": "SYSTEM_UTTERANCE_REALIZED"})
2017-10-24 12:21:03,181 - TdmApplication - DEBUG - FrontendConnectionHandler(id=139665543276944, session='2017-10-24T12_18_34_0').on_event(Event(FACTS, [], sender=DmeModule, reason=None))
2017-10-24 12:21:03,181 - TdmApplication - DEBUG - FrontendConnectionHandler(id=139665543276944, session='2017-10-24T12_18_34_0'): writing {"content": [], "_sender": "DmeModule", "_reason": null, "event_type": "FACTS"}
2017-10-24 12:21:03,181 - TdmApplication - DEBUG - FrontendConnectionHandler(id=139665543276944, session='2017-10-24T12_18_34_0'): OK
2017-10-24 12:21:03,235 - TdmApplication - DEBUG - FrontendConnectionHandler(id=139665543276944, session='2017-10-24T12_18_34_0').on_event(Event(SELECTED_RECOGNITION, go back, sender=DmeModule, reason=None))
2017-10-24 12:21:03,235 - TdmApplication - DEBUG - FrontendConnectionHandler(id=139665543276944, session='2017-10-24T12_18_34_0'): writing {"content": "go back", "_sender": "DmeModule", "_reason": null, "event_type": "SELECTED_RECOGNITION"}
2017-10-24 12:21:03,236 - TdmApplication - DEBUG - FrontendConnectionHandler(id=139665543276944, session='2017-10-24T12_18_34_0'): OK
2017-10-24 12:21:03,236 - TdmApplication - DEBUG - FrontendConnectionHandler(id=139665543276944, session='2017-10-24T12_18_34_0').on_event(Event(FACTS, [], sender=DmeModule, reason=None))
2017-10-24 12:21:03,236 - TdmApplication - DEBUG - FrontendConnectionHandler(id=139665543276944, session='2017-10-24T12_18_34_0'): writing {"content": [], "_sender": "DmeModule", "_reason": null, "event_type": "FACTS"}
2017-10-24 12:21:03,237 - TdmApplication - DEBUG - FrontendConnectionHandler(id=139665543276944, session='2017-10-24T12_18_34_0'): OK
2017-10-24 12:21:03,246 - TdmApplication - DEBUG - FrontendConnectionHandler(id=139665543276944, session='2017-10-24T12_18_34_0').on_event(Event(SYSTEM_UTTERANCE_TO_SPEAK, [, Went to the previous step], sender=GenerateModule, reason=None))
2017-10-24 12:21:03,246 - TdmApplication - DEBUG - FrontendConnectionHandler(id=139665543276944, session='2017-10-24T12_18_34_0'): writing {"content": ["", "Went to the previous step"], "_sender": "GenerateModule", "_reason": null, "event_type": "SYSTEM_UTTERANCE_TO_SPEAK"}
2017-10-24 12:21:03,246 - TdmApplication - DEBUG - FrontendConnectionHandler(id=139665543276944, session='2017-10-24T12_18_34_0'): OK
2017-10-24 12:21:03,247 - TdmApplication - DEBUG - FrontendConnectionHandler(id=139665543276944, session='2017-10-24T12_18_34_0').on_event(Event(GUI.POPUP, {options: [], title: Went to the previous step}, sender=IndependentGuiBackend, reason=None))
2017-10-24 12:21:03,247 - TdmApplication - DEBUG - FrontendConnectionHandler(id=139665543276944, session='2017-10-24T12_18_34_0'): writing {"content": {"options": [], "title": "Went to the previous step"}, "_sender": "IndependentGuiBackend", "_reason": null, "event_type": "GUI.POPUP"}
2017-10-24 12:21:03,247 - TdmApplication - DEBUG - FrontendConnectionHandler(id=139665543276944, session='2017-10-24T12_18_34_0'): OK
2017-10-24 12:21:03,248 - TdmApplication - DEBUG - FrontendConnectionHandler(id=139665543276944, session='2017-10-24T12_18_34_0').on_event(Event(MESSAGE_TO_GUI, [<tdm.tdm_gui_protocol.DeviceResult instance at 0x7f066825ae18>, <tdm.tdm_gui_protocol.Popup instance at 0x7f066825a7a0>], sender=GuiBackend, reason=None))
2017-10-24 12:21:03,248 - TdmApplication - DEBUG - FrontendConnectionHandler(id=139665543276944, session='2017-10-24T12_18_34_0'): writing {"content": [{"DeviceResult": {"action": "go_back", "result": true, "arguments": {}, "failure_reason": null}}, {"Popup": {"elements": [], "title": "Went to the previous step"}}], "_sender": "GuiBackend", "_reason": null, "event_type": "MESSAGE_TO_GUI"}
2017-10-24 12:21:03,248 - TdmApplication - DEBUG - FrontendConnectionHandler(id=139665543276944, session='2017-10-24T12_18_34_0'): OK
2017-10-24 12:21:03,266 - TdmApplication - DEBUG - FrontendConnectionHandler(id=139665543276944, session='2017-10-24T12_18_34_0').on_message({"content": ["", "Went to the previous step"], "_sender": "TextOutputComponent", "_reason": null, "event_type": "SYSTEM_UTTERANCE_REALIZED"})
2017-10-24 12:21:03,296 - TdmApplication - DEBUG - FrontendConnectionHandler(id=139665543276944, session='2017-10-24T12_18_34_0').on_event(Event(FACTS, [], sender=DmeModule, reason=None))
2017-10-24 12:21:03,296 - TdmApplication - DEBUG - FrontendConnectionHandler(id=139665543276944, session='2017-10-24T12_18_34_0'): writing {"content": [], "_sender": "DmeModule", "_reason": null, "event_type": "FACTS"}
2017-10-24 12:21:03,296 - TdmApplication - DEBUG - FrontendConnectionHandler(id=139665543276944, session='2017-10-24T12_18_34_0'): OK
2017-10-24 12:21:08,517 - TdmApplication - DEBUG - FrontendConnectionHandler(id=139665543276944, session='2017-10-24T12_18_34_0').on_message({"content": [{"score": 1.0, "utterance": "go to next"}], "_sender": "TextInputComponent", "_reason": null, "event_type": "RECOGNITION"})
2017-10-24 12:21:08,521 - TdmApplication - DEBUG - FrontendConnectionHandler(id=139665543276944, session='2017-10-24T12_18_34_0').on_event(Event(FACTS, [], sender=DmeModule, reason=None))
2017-10-24 12:21:08,521 - TdmApplication - DEBUG - FrontendConnectionHandler(id=139665543276944, session='2017-10-24T12_18_34_0'): writing {"content": [], "_sender": "DmeModule", "_reason": null, "event_type": "FACTS"}
2017-10-24 12:21:08,521 - TdmApplication - DEBUG - FrontendConnectionHandler(id=139665543276944, session='2017-10-24T12_18_34_0'): OK
2017-10-24 12:21:08,531 - TdmApplication - DEBUG - FrontendConnectionHandler(id=139665543276944, session='2017-10-24T12_18_34_0').on_event(Event(STOP_SPEAKING, None, sender=TurnManager, reason=None))
2017-10-24 12:21:08,531 - TdmApplication - DEBUG - FrontendConnectionHandler(id=139665543276944, session='2017-10-24T12_18_34_0'): writing {"content": null, "_sender": "TurnManager", "_reason": null, "event_type": "STOP_SPEAKING"}
2017-10-24 12:21:08,531 - TdmApplication - DEBUG - FrontendConnectionHandler(id=139665543276944, session='2017-10-24T12_18_34_0'): OK
2017-10-24 12:21:08,532 - TdmApplication - DEBUG - FrontendConnectionHandler(id=139665543276944, session='2017-10-24T12_18_34_0').on_event(Event(SYSTEM_UTTERANCE_TO_SPEAK, [], sender=GenerateModule, reason=None))
2017-10-24 12:21:08,532 - TdmApplication - DEBUG - FrontendConnectionHandler(id=139665543276944, session='2017-10-24T12_18_34_0'): writing {"content": [], "_sender": "GenerateModule", "_reason": null, "event_type": "SYSTEM_UTTERANCE_TO_SPEAK"}
2017-10-24 12:21:08,532 - TdmApplication - DEBUG - FrontendConnectionHandler(id=139665543276944, session='2017-10-24T12_18_34_0'): OK
2017-10-24 12:21:08,534 - TdmApplication - DEBUG - FrontendConnectionHandler(id=139665543276944, session='2017-10-24T12_18_34_0').on_event(Event(MESSAGE_TO_GUI, [<tdm.tdm_gui_protocol.ClosePopup instance at 0x7f066823ea70>], sender=GuiBackend, reason=None))
2017-10-24 12:21:08,534 - TdmApplication - DEBUG - FrontendConnectionHandler(id=139665543276944, session='2017-10-24T12_18_34_0'): writing {"content": [{"ClosePopup": {}}], "_sender": "GuiBackend", "_reason": null, "event_type": "MESSAGE_TO_GUI"}
2017-10-24 12:21:08,534 - TdmApplication - DEBUG - FrontendConnectionHandler(id=139665543276944, session='2017-10-24T12_18_34_0'): OK
2017-10-24 12:21:08,537 - TdmApplication - DEBUG - FrontendConnectionHandler(id=139665543276944, session='2017-10-24T12_18_34_0').on_message({"content": [], "_sender": "TextOutputComponent", "_reason": null, "event_type": "SYSTEM_UTTERANCE_REALIZED"})
2017-10-24 12:21:08,553 - TdmApplication - DEBUG - FrontendConnectionHandler(id=139665543276944, session='2017-10-24T12_18_34_0').on_event(Event(FACTS, [], sender=DmeModule, reason=None))
2017-10-24 12:21:08,553 - TdmApplication - DEBUG - FrontendConnectionHandler(id=139665543276944, session='2017-10-24T12_18_34_0'): writing {"content": [], "_sender": "DmeModule", "_reason": null, "event_type": "FACTS"}
2017-10-24 12:21:08,553 - TdmApplication - DEBUG - FrontendConnectionHandler(id=139665543276944, session='2017-10-24T12_18_34_0'): OK
2017-10-24 12:21:08,607 - TdmApplication - DEBUG - FrontendConnectionHandler(id=139665543276944, session='2017-10-24T12_18_34_0').on_event(Event(SELECTED_RECOGNITION, go to next, sender=DmeModule, reason=None))
2017-10-24 12:21:08,607 - TdmApplication - DEBUG - FrontendConnectionHandler(id=139665543276944, session='2017-10-24T12_18_34_0'): writing {"content": "go to next", "_sender": "DmeModule", "_reason": null, "event_type": "SELECTED_RECOGNITION"}
2017-10-24 12:21:08,607 - TdmApplication - DEBUG - FrontendConnectionHandler(id=139665543276944, session='2017-10-24T12_18_34_0'): OK
2017-10-24 12:21:08,608 - TdmApplication - DEBUG - FrontendConnectionHandler(id=139665543276944, session='2017-10-24T12_18_34_0').on_event(Event(FACTS, [], sender=DmeModule, reason=None))
2017-10-24 12:21:08,608 - TdmApplication - DEBUG - FrontendConnectionHandler(id=139665543276944, session='2017-10-24T12_18_34_0'): writing {"content": [], "_sender": "DmeModule", "_reason": null, "event_type": "FACTS"}
2017-10-24 12:21:08,608 - TdmApplication - DEBUG - FrontendConnectionHandler(id=139665543276944, session='2017-10-24T12_18_34_0'): OK
2017-10-24 12:21:08,620 - TdmApplication - DEBUG - FrontendConnectionHandler(id=139665543276944, session='2017-10-24T12_18_34_0').on_event(Event(SYSTEM_UTTERANCE_TO_SPEAK, [, Went to next], sender=GenerateModule, reason=None))
2017-10-24 12:21:08,620 - TdmApplication - DEBUG - FrontendConnectionHandler(id=139665543276944, session='2017-10-24T12_18_34_0'): writing {"content": ["", "Went to next"], "_sender": "GenerateModule", "_reason": null, "event_type": "SYSTEM_UTTERANCE_TO_SPEAK"}
2017-10-24 12:21:08,620 - TdmApplication - DEBUG - FrontendConnectionHandler(id=139665543276944, session='2017-10-24T12_18_34_0'): OK
2017-10-24 12:21:08,622 - TdmApplication - DEBUG - FrontendConnectionHandler(id=139665543276944, session='2017-10-24T12_18_34_0').on_event(Event(GUI.POPUP, {options: [], title: Went to next}, sender=IndependentGuiBackend, reason=None))
2017-10-24 12:21:08,622 - TdmApplication - DEBUG - FrontendConnectionHandler(id=139665543276944, session='2017-10-24T12_18_34_0'): writing {"content": {"options": [], "title": "Went to next"}, "_sender": "IndependentGuiBackend", "_reason": null, "event_type": "GUI.POPUP"}
2017-10-24 12:21:08,622 - TdmApplication - DEBUG - FrontendConnectionHandler(id=139665543276944, session='2017-10-24T12_18_34_0'): OK
2017-10-24 12:21:08,623 - TdmApplication - DEBUG - FrontendConnectionHandler(id=139665543276944, session='2017-10-24T12_18_34_0').on_event(Event(MESSAGE_TO_GUI, [<tdm.tdm_gui_protocol.DeviceResult instance at 0x7f066825a3f8>, <tdm.tdm_gui_protocol.Popup instance at 0x7f0668a7fdd0>], sender=GuiBackend, reason=None))
2017-10-24 12:21:08,623 - TdmApplication - DEBUG - FrontendConnectionHandler(id=139665543276944, session='2017-10-24T12_18_34_0'): writing {"content": [{"DeviceResult": {"action": "go_to_next", "result": true, "arguments": {}, "failure_reason": null}}, {"Popup": {"elements": [], "title": "Went to next"}}], "_sender": "GuiBackend", "_reason": null, "event_type": "MESSAGE_TO_GUI"}
2017-10-24 12:21:08,623 - TdmApplication - DEBUG - FrontendConnectionHandler(id=139665543276944, session='2017-10-24T12_18_34_0'): OK
2017-10-24 12:21:08,638 - TdmApplication - DEBUG - FrontendConnectionHandler(id=139665543276944, session='2017-10-24T12_18_34_0').on_message({"content": ["", "Went to next"], "_sender": "TextOutputComponent", "_reason": null, "event_type": "SYSTEM_UTTERANCE_REALIZED"})
2017-10-24 12:21:08,697 - TdmApplication - DEBUG - FrontendConnectionHandler(id=139665543276944, session='2017-10-24T12_18_34_0').on_event(Event(FACTS, [{predicate: say_step, grammar_entry: None, value: other example}], sender=DmeModule, reason=None))
2017-10-24 12:21:08,698 - TdmApplication - DEBUG - FrontendConnectionHandler(id=139665543276944, session='2017-10-24T12_18_34_0'): writing {"content": [{"predicate": "say_step", "grammar_entry": null, "value": "other example"}], "_sender": "DmeModule", "_reason": null, "event_type": "FACTS"}
2017-10-24 12:21:08,698 - TdmApplication - DEBUG - FrontendConnectionHandler(id=139665543276944, session='2017-10-24T12_18_34_0'): OK
2017-10-24 12:21:08,709 - TdmApplication - DEBUG - FrontendConnectionHandler(id=139665543276944, session='2017-10-24T12_18_34_0').on_event(Event(SYSTEM_UTTERANCE_TO_SPEAK, [Ok other example.], sender=GenerateModule, reason=None))
2017-10-24 12:21:08,709 - TdmApplication - DEBUG - FrontendConnectionHandler(id=139665543276944, session='2017-10-24T12_18_34_0'): writing {"content": ["Ok other example."], "_sender": "GenerateModule", "_reason": null, "event_type": "SYSTEM_UTTERANCE_TO_SPEAK"}
2017-10-24 12:21:08,709 - TdmApplication - DEBUG - FrontendConnectionHandler(id=139665543276944, session='2017-10-24T12_18_34_0'): OK
2017-10-24 12:21:08,710 - TdmApplication - DEBUG - FrontendConnectionHandler(id=139665543276944, session='2017-10-24T12_18_34_0').on_event(Event(GUI.POPUP, {options: [], title: Ok other example.}, sender=IndependentGuiBackend, reason=None))
2017-10-24 12:21:08,711 - TdmApplication - DEBUG - FrontendConnectionHandler(id=139665543276944, session='2017-10-24T12_18_34_0'): writing {"content": {"options": [], "title": "Ok other example."}, "_sender": "IndependentGuiBackend", "_reason": null, "event_type": "GUI.POPUP"}
2017-10-24 12:21:08,711 - TdmApplication - DEBUG - FrontendConnectionHandler(id=139665543276944, session='2017-10-24T12_18_34_0'): OK
2017-10-24 12:21:08,711 - TdmApplication - DEBUG - FrontendConnectionHandler(id=139665543276944, session='2017-10-24T12_18_34_0').on_event(Event(MESSAGE_TO_GUI, [<tdm.tdm_gui_protocol.ClosePopup instance at 0x7f066825ab48>, <tdm.tdm_gui_protocol.Popup instance at 0x7f066825bea8>], sender=GuiBackend, reason=None))
2017-10-24 12:21:08,712 - TdmApplication - DEBUG - FrontendConnectionHandler(id=139665543276944, session='2017-10-24T12_18_34_0'): writing {"content": [{"ClosePopup": {}}, {"Popup": {"elements": [], "title": "Ok other example."}}], "_sender": "GuiBackend", "_reason": null, "event_type": "MESSAGE_TO_GUI"}
2017-10-24 12:21:08,712 - TdmApplication - DEBUG - FrontendConnectionHandler(id=139665543276944, session='2017-10-24T12_18_34_0'): OK
2017-10-24 12:21:08,746 - TdmApplication - DEBUG - FrontendConnectionHandler(id=139665543276944, session='2017-10-24T12_18_34_0').on_message({"content": ["Ok other example."], "_sender": "TextOutputComponent", "_reason": null, "event_type": "SYSTEM_UTTERANCE_REALIZED"})
2017-10-24 12:21:08,773 - TdmApplication - DEBUG - FrontendConnectionHandler(id=139665543276944, session='2017-10-24T12_18_34_0').on_event(Event(FACTS, [{predicate: say_step, grammar_entry: None, value: other example}], sender=DmeModule, reason=None))
2017-10-24 12:21:08,773 - TdmApplication - DEBUG - FrontendConnectionHandler(id=139665543276944, session='2017-10-24T12_18_34_0'): writing {"content": [{"predicate": "say_step", "grammar_entry": null, "value": "other example"}], "_sender": "DmeModule", "_reason": null, "event_type": "FACTS"}
2017-10-24 12:21:08,773 - TdmApplication - DEBUG - FrontendConnectionHandler(id=139665543276944, session='2017-10-24T12_18_34_0'): OK
2017-10-24 12:28:02,310 - TdmApplication - DEBUG - FrontendConnectionHandler(id=139665543276944, session='2017-10-24T12_18_34_0').on_message({"content": [{"score": 1.0, "utterance": "go back"}], "_sender": "TextInputComponent", "_reason": null, "event_type": "RECOGNITION"})
2017-10-24 12:28:02,313 - TdmApplication - DEBUG - FrontendConnectionHandler(id=139665543276944, session='2017-10-24T12_18_34_0').on_event(Event(FACTS, [], sender=DmeModule, reason=None))
2017-10-24 12:28:02,313 - TdmApplication - DEBUG - FrontendConnectionHandler(id=139665543276944, session='2017-10-24T12_18_34_0'): writing {"content": [], "_sender": "DmeModule", "_reason": null, "event_type": "FACTS"}
2017-10-24 12:28:02,314 - TdmApplication - DEBUG - FrontendConnectionHandler(id=139665543276944, session='2017-10-24T12_18_34_0'): OK
2017-10-24 12:28:02,324 - TdmApplication - DEBUG - FrontendConnectionHandler(id=139665543276944, session='2017-10-24T12_18_34_0').on_event(Event(STOP_SPEAKING, None, sender=TurnManager, reason=None))
2017-10-24 12:28:02,324 - TdmApplication - DEBUG - FrontendConnectionHandler(id=139665543276944, session='2017-10-24T12_18_34_0'): writing {"content": null, "_sender": "TurnManager", "_reason": null, "event_type": "STOP_SPEAKING"}
2017-10-24 12:28:02,324 - TdmApplication - DEBUG - FrontendConnectionHandler(id=139665543276944, session='2017-10-24T12_18_34_0'): OK
2017-10-24 12:28:02,325 - TdmApplication - DEBUG - FrontendConnectionHandler(id=139665543276944, session='2017-10-24T12_18_34_0').on_event(Event(SYSTEM_UTTERANCE_TO_SPEAK, [Returning to the start view., What would you like to do?], sender=GenerateModule, reason=None))
2017-10-24 12:28:02,325 - TdmApplication - DEBUG - FrontendConnectionHandler(id=139665543276944, session='2017-10-24T12_18_34_0'): writing {"content": ["Returning to the start view.", "What would you like to do?"], "_sender": "GenerateModule", "_reason": null, "event_type": "SYSTEM_UTTERANCE_TO_SPEAK"}
2017-10-24 12:28:02,325 - TdmApplication - DEBUG - FrontendConnectionHandler(id=139665543276944, session='2017-10-24T12_18_34_0'): OK
2017-10-24 12:28:02,326 - TdmApplication - DEBUG - FrontendConnectionHandler(id=139665543276944, session='2017-10-24T12_18_34_0').on_event(Event(MESSAGE_TO_GUI, [<tdm.tdm_gui_protocol.ClosePopup instance at 0x7f0668223368>], sender=GuiBackend, reason=None))
2017-10-24 12:28:02,326 - TdmApplication - DEBUG - FrontendConnectionHandler(id=139665543276944, session='2017-10-24T12_18_34_0'): writing {"content": [{"ClosePopup": {}}], "_sender": "GuiBackend", "_reason": null, "event_type": "MESSAGE_TO_GUI"}
2017-10-24 12:28:02,327 - TdmApplication - DEBUG - FrontendConnectionHandler(id=139665543276944, session='2017-10-24T12_18_34_0'): OK
2017-10-24 12:28:02,346 - TdmApplication - DEBUG - FrontendConnectionHandler(id=139665543276944, session='2017-10-24T12_18_34_0').on_message({"content": ["Returning to the start view.", "What would you like to do?"], "_sender": "TextOutputComponent", "_reason": null, "event_type": "SYSTEM_UTTERANCE_REALIZED"})
2017-10-24 12:28:02,369 - TdmApplication - DEBUG - FrontendConnectionHandler(id=139665543276944, session='2017-10-24T12_18_34_0').on_event(Event(FACTS, [], sender=DmeModule, reason=None))
2017-10-24 12:28:02,370 - TdmApplication - DEBUG - FrontendConnectionHandler(id=139665543276944, session='2017-10-24T12_18_34_0'): writing {"content": [], "_sender": "DmeModule", "_reason": null, "event_type": "FACTS"}
2017-10-24 12:28:02,370 - TdmApplication - DEBUG - FrontendConnectionHandler(id=139665543276944, session='2017-10-24T12_18_34_0'): OK
2017-10-24 12:28:02,445 - TdmApplication - DEBUG - FrontendConnectionHandler(id=139665543276944, session='2017-10-24T12_18_34_0').on_event(Event(SELECTED_RECOGNITION, go back, sender=DmeModule, reason=None))
2017-10-24 12:28:02,445 - TdmApplication - DEBUG - FrontendConnectionHandler(id=139665543276944, session='2017-10-24T12_18_34_0'): writing {"content": "go back", "_sender": "DmeModule", "_reason": null, "event_type": "SELECTED_RECOGNITION"}
2017-10-24 12:28:02,445 - TdmApplication - DEBUG - FrontendConnectionHandler(id=139665543276944, session='2017-10-24T12_18_34_0'): OK
2017-10-24 12:28:02,448 - TdmApplication - DEBUG - FrontendConnectionHandler(id=139665543276944, session='2017-10-24T12_18_34_0').on_event(Event(FACTS, [], sender=DmeModule, reason=None))
2017-10-24 12:28:02,448 - TdmApplication - DEBUG - FrontendConnectionHandler(id=139665543276944, session='2017-10-24T12_18_34_0'): writing {"content": [], "_sender": "DmeModule", "_reason": null, "event_type": "FACTS"}
2017-10-24 12:28:02,448 - TdmApplication - DEBUG - FrontendConnectionHandler(id=139665543276944, session='2017-10-24T12_18_34_0'): OK
2017-10-24 12:28:02,457 - TdmApplication - DEBUG - FrontendConnectionHandler(id=139665543276944, session='2017-10-24T12_18_34_0').on_event(Event(SYSTEM_UTTERANCE_TO_SPEAK, [, Went to the previous step], sender=GenerateModule, reason=None))
2017-10-24 12:28:02,457 - TdmApplication - DEBUG - FrontendConnectionHandler(id=139665543276944, session='2017-10-24T12_18_34_0'): writing {"content": ["", "Went to the previous step"], "_sender": "GenerateModule", "_reason": null, "event_type": "SYSTEM_UTTERANCE_TO_SPEAK"}
2017-10-24 12:28:02,457 - TdmApplication - DEBUG - FrontendConnectionHandler(id=139665543276944, session='2017-10-24T12_18_34_0'): OK
2017-10-24 12:28:02,460 - TdmApplication - DEBUG - FrontendConnectionHandler(id=139665543276944, session='2017-10-24T12_18_34_0').on_event(Event(GUI.POPUP, {options: [], title: Went to the previous step}, sender=IndependentGuiBackend, reason=None))
2017-10-24 12:28:02,460 - TdmApplication - DEBUG - FrontendConnectionHandler(id=139665543276944, session='2017-10-24T12_18_34_0'): writing {"content": {"options": [], "title": "Went to the previous step"}, "_sender": "IndependentGuiBackend", "_reason": null, "event_type": "GUI.POPUP"}
2017-10-24 12:28:02,460 - TdmApplication - DEBUG - FrontendConnectionHandler(id=139665543276944, session='2017-10-24T12_18_34_0'): OK
2017-10-24 12:28:02,461 - TdmApplication - DEBUG - FrontendConnectionHandler(id=139665543276944, session='2017-10-24T12_18_34_0').on_event(Event(MESSAGE_TO_GUI, [<tdm.tdm_gui_protocol.DeviceResult instance at 0x7f0668a8ac68>, <tdm.tdm_gui_protocol.Popup instance at 0x7f066825ab90>], sender=GuiBackend, reason=None))
2017-10-24 12:28:02,462 - TdmApplication - DEBUG - FrontendConnectionHandler(id=139665543276944, session='2017-10-24T12_18_34_0'): writing {"content": [{"DeviceResult": {"action": "go_back", "result": true, "arguments": {}, "failure_reason": null}}, {"Popup": {"elements": [], "title": "Went to the previous step"}}], "_sender": "GuiBackend", "_reason": null, "event_type": "MESSAGE_TO_GUI"}
2017-10-24 12:28:02,462 - TdmApplication - DEBUG - FrontendConnectionHandler(id=139665543276944, session='2017-10-24T12_18_34_0'): OK
2017-10-24 12:28:02,473 - TdmApplication - DEBUG - FrontendConnectionHandler(id=139665543276944, session='2017-10-24T12_18_34_0').on_message({"content": ["", "Went to the previous step"], "_sender": "TextOutputComponent", "_reason": null, "event_type": "SYSTEM_UTTERANCE_REALIZED"})
2017-10-24 12:28:02,534 - TdmApplication - DEBUG - FrontendConnectionHandler(id=139665543276944, session='2017-10-24T12_18_34_0').on_event(Event(FACTS, [{predicate: say_step, grammar_entry: None, value:  Step one: Chop onions and garlic.}], sender=DmeModule, reason=None))
2017-10-24 12:28:02,534 - TdmApplication - DEBUG - FrontendConnectionHandler(id=139665543276944, session='2017-10-24T12_18_34_0'): writing {"content": [{"predicate": "say_step", "grammar_entry": null, "value": " Step one: Chop onions and garlic."}], "_sender": "DmeModule", "_reason": null, "event_type": "FACTS"}
2017-10-24 12:28:02,534 - TdmApplication - DEBUG - FrontendConnectionHandler(id=139665543276944, session='2017-10-24T12_18_34_0'): OK
2017-10-24 12:28:02,543 - TdmApplication - DEBUG - FrontendConnectionHandler(id=139665543276944, session='2017-10-24T12_18_34_0').on_event(Event(SYSTEM_UTTERANCE_TO_SPEAK, [Ok  Step one: Chop onions and garlic..], sender=GenerateModule, reason=None))
2017-10-24 12:28:02,543 - TdmApplication - DEBUG - FrontendConnectionHandler(id=139665543276944, session='2017-10-24T12_18_34_0'): writing {"content": ["Ok  Step one: Chop onions and garlic.."], "_sender": "GenerateModule", "_reason": null, "event_type": "SYSTEM_UTTERANCE_TO_SPEAK"}
2017-10-24 12:28:02,544 - TdmApplication - DEBUG - FrontendConnectionHandler(id=139665543276944, session='2017-10-24T12_18_34_0'): OK
2017-10-24 12:28:02,545 - TdmApplication - DEBUG - FrontendConnectionHandler(id=139665543276944, session='2017-10-24T12_18_34_0').on_event(Event(GUI.POPUP, {options: [], title: Ok  Step one: Chop onions and garlic..}, sender=IndependentGuiBackend, reason=None))
2017-10-24 12:28:02,545 - TdmApplication - DEBUG - FrontendConnectionHandler(id=139665543276944, session='2017-10-24T12_18_34_0'): writing {"content": {"options": [], "title": "Ok  Step one: Chop onions and garlic.."}, "_sender": "IndependentGuiBackend", "_reason": null, "event_type": "GUI.POPUP"}
2017-10-24 12:28:02,545 - TdmApplication - DEBUG - FrontendConnectionHandler(id=139665543276944, session='2017-10-24T12_18_34_0'): OK
2017-10-24 12:28:02,546 - TdmApplication - DEBUG - FrontendConnectionHandler(id=139665543276944, session='2017-10-24T12_18_34_0').on_event(Event(MESSAGE_TO_GUI, [<tdm.tdm_gui_protocol.ClosePopup instance at 0x7f06681f2b00>, <tdm.tdm_gui_protocol.Popup instance at 0x7f06681f2050>], sender=GuiBackend, reason=None))
2017-10-24 12:28:02,546 - TdmApplication - DEBUG - FrontendConnectionHandler(id=139665543276944, session='2017-10-24T12_18_34_0'): writing {"content": [{"ClosePopup": {}}, {"Popup": {"elements": [], "title": "Ok  Step one: Chop onions and garlic.."}}], "_sender": "GuiBackend", "_reason": null, "event_type": "MESSAGE_TO_GUI"}
2017-10-24 12:28:02,546 - TdmApplication - DEBUG - FrontendConnectionHandler(id=139665543276944, session='2017-10-24T12_18_34_0'): OK
2017-10-24 12:28:02,585 - TdmApplication - DEBUG - FrontendConnectionHandler(id=139665543276944, session='2017-10-24T12_18_34_0').on_message({"content": ["Ok  Step one: Chop onions and garlic.."], "_sender": "TextOutputComponent", "_reason": null, "event_type": "SYSTEM_UTTERANCE_REALIZED"})
2017-10-24 12:28:02,610 - TdmApplication - DEBUG - FrontendConnectionHandler(id=139665543276944, session='2017-10-24T12_18_34_0').on_event(Event(FACTS, [{predicate: say_step, grammar_entry: None, value:  Step one: Chop onions and garlic.}], sender=DmeModule, reason=None))
2017-10-24 12:28:02,610 - TdmApplication - DEBUG - FrontendConnectionHandler(id=139665543276944, session='2017-10-24T12_18_34_0'): writing {"content": [{"predicate": "say_step", "grammar_entry": null, "value": " Step one: Chop onions and garlic."}], "_sender": "DmeModule", "_reason": null, "event_type": "FACTS"}
2017-10-24 12:28:02,610 - TdmApplication - DEBUG - FrontendConnectionHandler(id=139665543276944, session='2017-10-24T12_18_34_0'): OK
2017-10-24 12:29:34,731 - TdmApplication - DEBUG - FrontendConnectionHandler(id=139665543276944, session='2017-10-24T12_18_34_0').on_message({"content": [{"score": 1.0, "utterance": "go to a step"}], "_sender": "TextInputComponent", "_reason": null, "event_type": "RECOGNITION"})
2017-10-24 12:29:34,735 - TdmApplication - DEBUG - FrontendConnectionHandler(id=139665543276944, session='2017-10-24T12_18_34_0').on_event(Event(FACTS, [], sender=DmeModule, reason=None))
2017-10-24 12:29:34,735 - TdmApplication - DEBUG - FrontendConnectionHandler(id=139665543276944, session='2017-10-24T12_18_34_0'): writing {"content": [], "_sender": "DmeModule", "_reason": null, "event_type": "FACTS"}
2017-10-24 12:29:34,736 - TdmApplication - DEBUG - FrontendConnectionHandler(id=139665543276944, session='2017-10-24T12_18_34_0'): OK
2017-10-24 12:29:34,745 - TdmApplication - DEBUG - FrontendConnectionHandler(id=139665543276944, session='2017-10-24T12_18_34_0').on_event(Event(STOP_SPEAKING, None, sender=TurnManager, reason=None))
2017-10-24 12:29:34,745 - TdmApplication - DEBUG - FrontendConnectionHandler(id=139665543276944, session='2017-10-24T12_18_34_0'): writing {"content": null, "_sender": "TurnManager", "_reason": null, "event_type": "STOP_SPEAKING"}
2017-10-24 12:29:34,745 - TdmApplication - DEBUG - FrontendConnectionHandler(id=139665543276944, session='2017-10-24T12_18_34_0'): OK
2017-10-24 12:29:34,747 - TdmApplication - DEBUG - FrontendConnectionHandler(id=139665543276944, session='2017-10-24T12_18_34_0').on_event(Event(SYSTEM_UTTERANCE_TO_SPEAK, [Returning to the start view., What would you like to do?], sender=GenerateModule, reason=None))
2017-10-24 12:29:34,747 - TdmApplication - DEBUG - FrontendConnectionHandler(id=139665543276944, session='2017-10-24T12_18_34_0'): writing {"content": ["Returning to the start view.", "What would you like to do?"], "_sender": "GenerateModule", "_reason": null, "event_type": "SYSTEM_UTTERANCE_TO_SPEAK"}
2017-10-24 12:29:34,748 - TdmApplication - DEBUG - FrontendConnectionHandler(id=139665543276944, session='2017-10-24T12_18_34_0'): OK
2017-10-24 12:29:34,748 - TdmApplication - DEBUG - FrontendConnectionHandler(id=139665543276944, session='2017-10-24T12_18_34_0').on_event(Event(MESSAGE_TO_GUI, [<tdm.tdm_gui_protocol.ClosePopup instance at 0x7f06681f22d8>], sender=GuiBackend, reason=None))
2017-10-24 12:29:34,749 - TdmApplication - DEBUG - FrontendConnectionHandler(id=139665543276944, session='2017-10-24T12_18_34_0'): writing {"content": [{"ClosePopup": {}}], "_sender": "GuiBackend", "_reason": null, "event_type": "MESSAGE_TO_GUI"}
2017-10-24 12:29:34,749 - TdmApplication - DEBUG - FrontendConnectionHandler(id=139665543276944, session='2017-10-24T12_18_34_0'): OK
2017-10-24 12:29:34,774 - TdmApplication - DEBUG - FrontendConnectionHandler(id=139665543276944, session='2017-10-24T12_18_34_0').on_message({"content": ["Returning to the start view.", "What would you like to do?"], "_sender": "TextOutputComponent", "_reason": null, "event_type": "SYSTEM_UTTERANCE_REALIZED"})
2017-10-24 12:29:34,798 - TdmApplication - DEBUG - FrontendConnectionHandler(id=139665543276944, session='2017-10-24T12_18_34_0').on_event(Event(FACTS, [], sender=DmeModule, reason=None))
2017-10-24 12:29:34,798 - TdmApplication - DEBUG - FrontendConnectionHandler(id=139665543276944, session='2017-10-24T12_18_34_0'): writing {"content": [], "_sender": "DmeModule", "_reason": null, "event_type": "FACTS"}
2017-10-24 12:29:34,798 - TdmApplication - DEBUG - FrontendConnectionHandler(id=139665543276944, session='2017-10-24T12_18_34_0'): OK
2017-10-24 12:29:34,872 - TdmApplication - DEBUG - FrontendConnectionHandler(id=139665543276944, session='2017-10-24T12_18_34_0').on_event(Event(SELECTED_RECOGNITION, go to a step, sender=DmeModule, reason=None))
2017-10-24 12:29:34,872 - TdmApplication - DEBUG - FrontendConnectionHandler(id=139665543276944, session='2017-10-24T12_18_34_0'): writing {"content": "go to a step", "_sender": "DmeModule", "_reason": null, "event_type": "SELECTED_RECOGNITION"}
2017-10-24 12:29:34,872 - TdmApplication - DEBUG - FrontendConnectionHandler(id=139665543276944, session='2017-10-24T12_18_34_0'): OK
2017-10-24 12:29:34,873 - TdmApplication - DEBUG - FrontendConnectionHandler(id=139665543276944, session='2017-10-24T12_18_34_0').on_event(Event(FACTS, [], sender=DmeModule, reason=None))
2017-10-24 12:29:34,873 - TdmApplication - DEBUG - FrontendConnectionHandler(id=139665543276944, session='2017-10-24T12_18_34_0'): writing {"content": [], "_sender": "DmeModule", "_reason": null, "event_type": "FACTS"}
2017-10-24 12:29:34,873 - TdmApplication - DEBUG - FrontendConnectionHandler(id=139665543276944, session='2017-10-24T12_18_34_0'): OK
2017-10-24 12:29:34,885 - TdmApplication - DEBUG - FrontendConnectionHandler(id=139665543276944, session='2017-10-24T12_18_34_0').on_event(Event(SYSTEM_UTTERANCE_TO_SPEAK, [, , Which step?], sender=GenerateModule, reason=None))
2017-10-24 12:29:34,885 - TdmApplication - DEBUG - FrontendConnectionHandler(id=139665543276944, session='2017-10-24T12_18_34_0'): writing {"content": ["", "", "Which step?"], "_sender": "GenerateModule", "_reason": null, "event_type": "SYSTEM_UTTERANCE_TO_SPEAK"}
2017-10-24 12:29:34,885 - TdmApplication - DEBUG - FrontendConnectionHandler(id=139665543276944, session='2017-10-24T12_18_34_0'): OK
2017-10-24 12:29:34,886 - TdmApplication - DEBUG - FrontendConnectionHandler(id=139665543276944, session='2017-10-24T12_18_34_0').on_event(Event(MESSAGE_TO_GUI, [], sender=GuiBackend, reason=None))
2017-10-24 12:29:34,886 - TdmApplication - DEBUG - FrontendConnectionHandler(id=139665543276944, session='2017-10-24T12_18_34_0'): writing {"content": [], "_sender": "GuiBackend", "_reason": null, "event_type": "MESSAGE_TO_GUI"}
2017-10-24 12:29:34,886 - TdmApplication - DEBUG - FrontendConnectionHandler(id=139665543276944, session='2017-10-24T12_18_34_0'): OK
2017-10-24 12:29:34,894 - TdmApplication - DEBUG - FrontendConnectionHandler(id=139665543276944, session='2017-10-24T12_18_34_0').on_message({"content": ["", "", "Which step?"], "_sender": "TextOutputComponent", "_reason": null, "event_type": "SYSTEM_UTTERANCE_REALIZED"})
2017-10-24 12:29:34,926 - TdmApplication - DEBUG - FrontendConnectionHandler(id=139665543276944, session='2017-10-24T12_18_34_0').on_event(Event(FACTS, [], sender=DmeModule, reason=None))
2017-10-24 12:29:34,926 - TdmApplication - DEBUG - FrontendConnectionHandler(id=139665543276944, session='2017-10-24T12_18_34_0'): writing {"content": [], "_sender": "DmeModule", "_reason": null, "event_type": "FACTS"}
2017-10-24 12:29:34,926 - TdmApplication - DEBUG - FrontendConnectionHandler(id=139665543276944, session='2017-10-24T12_18_34_0'): OK
2017-10-24 12:29:38,598 - TdmApplication - DEBUG - FrontendConnectionHandler(id=139665543276944, session='2017-10-24T12_18_34_0').on_message({"content": [{"score": 1.0, "utterance": "step one"}], "_sender": "TextInputComponent", "_reason": null, "event_type": "RECOGNITION"})
2017-10-24 12:29:38,603 - TdmApplication - DEBUG - FrontendConnectionHandler(id=139665543276944, session='2017-10-24T12_18_34_0').on_event(Event(STOP_LISTENING, None, sender=TurnManager, reason=None))
2017-10-24 12:29:38,603 - TdmApplication - DEBUG - FrontendConnectionHandler(id=139665543276944, session='2017-10-24T12_18_34_0'): writing {"content": null, "_sender": "TurnManager", "_reason": null, "event_type": "STOP_LISTENING"}
2017-10-24 12:29:38,603 - TdmApplication - DEBUG - FrontendConnectionHandler(id=139665543276944, session='2017-10-24T12_18_34_0'): OK
2017-10-24 12:29:38,682 - TdmApplication - DEBUG - FrontendConnectionHandler(id=139665543276944, session='2017-10-24T12_18_34_0').on_event(Event(SELECTED_RECOGNITION, step one, sender=DmeModule, reason=None))
2017-10-24 12:29:38,682 - TdmApplication - DEBUG - FrontendConnectionHandler(id=139665543276944, session='2017-10-24T12_18_34_0'): writing {"content": "step one", "_sender": "DmeModule", "_reason": null, "event_type": "SELECTED_RECOGNITION"}
2017-10-24 12:29:38,682 - TdmApplication - DEBUG - FrontendConnectionHandler(id=139665543276944, session='2017-10-24T12_18_34_0'): OK
2017-10-24 12:29:38,683 - TdmApplication - DEBUG - FrontendConnectionHandler(id=139665543276944, session='2017-10-24T12_18_34_0').on_event(Event(FACTS, [{predicate: go_to_step, grammar_entry: None, value: chose a step}], sender=DmeModule, reason=None))
2017-10-24 12:29:38,683 - TdmApplication - DEBUG - FrontendConnectionHandler(id=139665543276944, session='2017-10-24T12_18_34_0'): writing {"content": [{"predicate": "go_to_step", "grammar_entry": null, "value": "chose a step"}], "_sender": "DmeModule", "_reason": null, "event_type": "FACTS"}
2017-10-24 12:29:38,683 - TdmApplication - DEBUG - FrontendConnectionHandler(id=139665543276944, session='2017-10-24T12_18_34_0'): OK
2017-10-24 12:29:38,693 - TdmApplication - DEBUG - FrontendConnectionHandler(id=139665543276944, session='2017-10-24T12_18_34_0').on_event(Event(SYSTEM_UTTERANCE_TO_SPEAK, [Ok chose a step.], sender=GenerateModule, reason=None))
2017-10-24 12:29:38,693 - TdmApplication - DEBUG - FrontendConnectionHandler(id=139665543276944, session='2017-10-24T12_18_34_0'): writing {"content": ["Ok chose a step."], "_sender": "GenerateModule", "_reason": null, "event_type": "SYSTEM_UTTERANCE_TO_SPEAK"}
2017-10-24 12:29:38,693 - TdmApplication - DEBUG - FrontendConnectionHandler(id=139665543276944, session='2017-10-24T12_18_34_0'): OK
2017-10-24 12:29:38,695 - TdmApplication - DEBUG - FrontendConnectionHandler(id=139665543276944, session='2017-10-24T12_18_34_0').on_event(Event(GUI.POPUP, {options: [], title: Ok chose a step.}, sender=IndependentGuiBackend, reason=None))
2017-10-24 12:29:38,695 - TdmApplication - DEBUG - FrontendConnectionHandler(id=139665543276944, session='2017-10-24T12_18_34_0'): writing {"content": {"options": [], "title": "Ok chose a step."}, "_sender": "IndependentGuiBackend", "_reason": null, "event_type": "GUI.POPUP"}
2017-10-24 12:29:38,695 - TdmApplication - DEBUG - FrontendConnectionHandler(id=139665543276944, session='2017-10-24T12_18_34_0'): OK
2017-10-24 12:29:38,696 - TdmApplication - DEBUG - FrontendConnectionHandler(id=139665543276944, session='2017-10-24T12_18_34_0').on_event(Event(MESSAGE_TO_GUI, [<tdm.tdm_gui_protocol.Popup instance at 0x7f066825a248>], sender=GuiBackend, reason=None))
2017-10-24 12:29:38,696 - TdmApplication - DEBUG - FrontendConnectionHandler(id=139665543276944, session='2017-10-24T12_18_34_0'): writing {"content": [{"Popup": {"elements": [], "title": "Ok chose a step."}}], "_sender": "GuiBackend", "_reason": null, "event_type": "MESSAGE_TO_GUI"}
2017-10-24 12:29:38,696 - TdmApplication - DEBUG - FrontendConnectionHandler(id=139665543276944, session='2017-10-24T12_18_34_0'): OK
2017-10-24 12:29:38,718 - TdmApplication - DEBUG - FrontendConnectionHandler(id=139665543276944, session='2017-10-24T12_18_34_0').on_message({"content": ["Ok chose a step."], "_sender": "TextOutputComponent", "_reason": null, "event_type": "SYSTEM_UTTERANCE_REALIZED"})
2017-10-24 12:29:38,744 - TdmApplication - DEBUG - FrontendConnectionHandler(id=139665543276944, session='2017-10-24T12_18_34_0').on_event(Event(FACTS, [{predicate: go_to_step, grammar_entry: None, value: chose a step}], sender=DmeModule, reason=None))
2017-10-24 12:29:38,744 - TdmApplication - DEBUG - FrontendConnectionHandler(id=139665543276944, session='2017-10-24T12_18_34_0'): writing {"content": [{"predicate": "go_to_step", "grammar_entry": null, "value": "chose a step"}], "_sender": "DmeModule", "_reason": null, "event_type": "FACTS"}
2017-10-24 12:29:38,744 - TdmApplication - DEBUG - FrontendConnectionHandler(id=139665543276944, session='2017-10-24T12_18_34_0'): OK
2017-10-24 12:34:56,295 - TdmApplication - DEBUG - FrontendConnectionHandler(id=139665543276944, session='2017-10-24T12_18_34_0').on_close()
2017-10-24 12:34:56,296 - TdmApplication - DEBUG - SessionManager.stop('2017-10-24T12_18_34_0')
2017-10-24 12:34:56,299 - TdmApplication - DEBUG - TdmApplication.stop(): Stopping HTTP server
2017-10-24 12:34:56,300 - TdmApplication - DEBUG - TdmApplication.stop(): Stopping IO-loop
2017-10-24 12:34:56,300 - TdmApplication - DEBUG - TdmApplication.stop(): Stopping sessions []
2017-10-24 12:34:56,302 - TdmApplication - DEBUG - FrontendConnectionHandler(id=139665543276944, session='2017-10-24T12_18_34_0').on_event(Event(FACTS, [], sender=DmeModule, reason=None))
2017-10-24 12:34:56,302 - TdmApplication - DEBUG - FrontendConnectionHandler(id=139665543276944, session='2017-10-24T12_18_34_0'): writing {"content": [], "_sender": "DmeModule", "_reason": null, "event_type": "FACTS"}
2017-10-24 12:34:56,302 - TdmApplication - DEBUG - FrontendConnectionHandler(id=139665543276944, session='2017-10-24T12_18_34_0'): OK
