2017-10-24 11:37:39,622 - TdmApplication - DEBUG - DddDb().__init__(name='ddds', default_ddds=[u'recipehelp'])
2017-10-24 11:37:39,622 - TdmApplication - DEBUG - DddDb(): DB file name is '/home/gusmatssar/recipedialogue/tdm/ddds.json'
2017-10-24 11:37:39,635 - TdmApplication - DEBUG - FrontendConnectionHandler(id=140042536200528, session=None).open()
2017-10-24 11:37:39,637 - TdmApplication - DEBUG - thread_manager.create_thread() with threading.active_count()=3
2017-10-24 11:37:39,638 - TdmApplication - DEBUG - FrontendConnectionHandler(id=140042536200528, session=None).on_message({"handshake_content": {"session_id": null, "keep_session_alive": false}, "name": "Frontend"})
2017-10-24 11:37:39,638 - TdmApplication - DEBUG - FrontendConnectionHandler(id=140042536200528, session=None)._register({"handshake_content": {"session_id": null, "keep_session_alive": false}, "name": "Frontend"})
2017-10-24 11:37:39,639 - TdmApplication - DEBUG - thread_manager.create_thread() with threading.active_count()=4
2017-10-24 11:37:39,640 - TdmApplication - DEBUG - Creating backend and session with id 2017-10-24T11_37_39_0.
2017-10-24 11:37:39,675 - TdmApplication - DEBUG - FrontendConnectionHandler._register: Registered in session 2017-10-24T11_37_39_0 with backend <ThreadedBackend(ThreadedBackend, started daemon 140042425063168)>.
2017-10-24 11:37:39,676 - TdmApplication - DEBUG - FrontendConnectionHandler(id=140042536200528, session='2017-10-24T11_37_39_0').on_event(Event(REGISTER_BACKEND, None, sender=Backend, reason=None))
2017-10-24 11:37:39,676 - TdmApplication - DEBUG - FrontendConnectionHandler(id=140042536200528, session='2017-10-24T11_37_39_0'): writing {"content": null, "_sender": "Backend", "_reason": null, "event_type": "REGISTER_BACKEND"}
2017-10-24 11:37:39,677 - TdmApplication - DEBUG - FrontendConnectionHandler(id=140042536200528, session='2017-10-24T11_37_39_0'): OK
2017-10-24 11:37:39,707 - TdmApplication - DEBUG - FrontendConnectionHandler(id=140042536200528, session='2017-10-24T11_37_39_0').on_message({"content": null, "_sender": "Frontend", "_reason": null, "event_type": "FRONTEND_READY"})
2017-10-24 11:37:39,710 - TdmApplication - DEBUG - FrontendConnectionHandler(id=140042536200528, session='2017-10-24T11_37_39_0').on_event(Event(BACKEND_READY, None, sender=Backend, reason=None))
2017-10-24 11:37:39,710 - TdmApplication - DEBUG - FrontendConnectionHandler(id=140042536200528, session='2017-10-24T11_37_39_0'): writing {"content": null, "_sender": "Backend", "_reason": null, "event_type": "BACKEND_READY"}
2017-10-24 11:37:39,711 - TdmApplication - DEBUG - FrontendConnectionHandler(id=140042536200528, session='2017-10-24T11_37_39_0'): OK
2017-10-24 11:37:39,713 - TdmApplication - DEBUG - FrontendConnectionHandler(id=140042536200528, session='2017-10-24T11_37_39_0').on_message({"content": null, "_sender": "Frontend", "_reason": null, "event_type": "START"})
2017-10-24 11:37:39,750 - TdmApplication - DEBUG - FrontendConnectionHandler(id=140042536200528, session='2017-10-24T11_37_39_0').on_event(Event(SET_DDD, {ddd_name: recipehelp, language_code: eng}, sender=DmeModule, reason=None))
2017-10-24 11:37:39,750 - TdmApplication - DEBUG - FrontendConnectionHandler(id=140042536200528, session='2017-10-24T11_37_39_0'): writing {"content": {"ddd_name": "recipehelp", "language_code": "eng"}, "_sender": "DmeModule", "_reason": null, "event_type": "SET_DDD"}
2017-10-24 11:37:39,750 - TdmApplication - DEBUG - FrontendConnectionHandler(id=140042536200528, session='2017-10-24T11_37_39_0'): OK
2017-10-24 11:37:39,751 - TdmApplication - DEBUG - FrontendConnectionHandler(id=140042536200528, session='2017-10-24T11_37_39_0').on_event(Event(FACTS, [], sender=DmeModule, reason=None))
2017-10-24 11:37:39,751 - TdmApplication - DEBUG - FrontendConnectionHandler(id=140042536200528, session='2017-10-24T11_37_39_0'): writing {"content": [], "_sender": "DmeModule", "_reason": null, "event_type": "FACTS"}
2017-10-24 11:37:39,751 - TdmApplication - DEBUG - FrontendConnectionHandler(id=140042536200528, session='2017-10-24T11_37_39_0'): OK
2017-10-24 11:37:39,760 - TdmApplication - DEBUG - FrontendConnectionHandler(id=140042536200528, session='2017-10-24T11_37_39_0').on_event(Event(SYSTEM_UTTERANCE_TO_SPEAK, [, What would you like to do?], sender=GenerateModule, reason=None))
2017-10-24 11:37:39,760 - TdmApplication - DEBUG - FrontendConnectionHandler(id=140042536200528, session='2017-10-24T11_37_39_0'): writing {"content": ["", "What would you like to do?"], "_sender": "GenerateModule", "_reason": null, "event_type": "SYSTEM_UTTERANCE_TO_SPEAK"}
2017-10-24 11:37:39,760 - TdmApplication - DEBUG - FrontendConnectionHandler(id=140042536200528, session='2017-10-24T11_37_39_0'): OK
2017-10-24 11:37:39,761 - TdmApplication - DEBUG - FrontendConnectionHandler(id=140042536200528, session='2017-10-24T11_37_39_0').on_event(Event(MESSAGE_TO_GUI, [], sender=GuiBackend, reason=None))
2017-10-24 11:37:39,761 - TdmApplication - DEBUG - FrontendConnectionHandler(id=140042536200528, session='2017-10-24T11_37_39_0'): writing {"content": [], "_sender": "GuiBackend", "_reason": null, "event_type": "MESSAGE_TO_GUI"}
2017-10-24 11:37:39,761 - TdmApplication - DEBUG - FrontendConnectionHandler(id=140042536200528, session='2017-10-24T11_37_39_0'): OK
2017-10-24 11:37:39,800 - TdmApplication - DEBUG - FrontendConnectionHandler(id=140042536200528, session='2017-10-24T11_37_39_0').on_message({"content": ["", "What would you like to do?"], "_sender": "TextOutputComponent", "_reason": null, "event_type": "SYSTEM_UTTERANCE_REALIZED"})
2017-10-24 11:37:39,821 - TdmApplication - DEBUG - FrontendConnectionHandler(id=140042536200528, session='2017-10-24T11_37_39_0').on_event(Event(FACTS, [], sender=DmeModule, reason=None))
2017-10-24 11:37:39,822 - TdmApplication - DEBUG - FrontendConnectionHandler(id=140042536200528, session='2017-10-24T11_37_39_0'): writing {"content": [], "_sender": "DmeModule", "_reason": null, "event_type": "FACTS"}
2017-10-24 11:37:39,822 - TdmApplication - DEBUG - FrontendConnectionHandler(id=140042536200528, session='2017-10-24T11_37_39_0'): OK
2017-10-24 11:37:44,676 - TdmApplication - DEBUG - FrontendConnectionHandler(id=140042536200528, session='2017-10-24T11_37_39_0').on_message({"content": [{"score": 1.0, "utterance": "go to a step"}], "_sender": "TextInputComponent", "_reason": null, "event_type": "RECOGNITION"})
2017-10-24 11:37:44,685 - TdmApplication - DEBUG - FrontendConnectionHandler(id=140042536200528, session='2017-10-24T11_37_39_0').on_event(Event(STOP_LISTENING, None, sender=TurnManager, reason=None))
2017-10-24 11:37:44,685 - TdmApplication - DEBUG - FrontendConnectionHandler(id=140042536200528, session='2017-10-24T11_37_39_0'): writing {"content": null, "_sender": "TurnManager", "_reason": null, "event_type": "STOP_LISTENING"}
2017-10-24 11:37:44,685 - TdmApplication - DEBUG - FrontendConnectionHandler(id=140042536200528, session='2017-10-24T11_37_39_0'): OK
2017-10-24 11:37:44,757 - TdmApplication - DEBUG - FrontendConnectionHandler(id=140042536200528, session='2017-10-24T11_37_39_0').on_event(Event(SELECTED_RECOGNITION, go to a step, sender=DmeModule, reason=None))
2017-10-24 11:37:44,757 - TdmApplication - DEBUG - FrontendConnectionHandler(id=140042536200528, session='2017-10-24T11_37_39_0'): writing {"content": "go to a step", "_sender": "DmeModule", "_reason": null, "event_type": "SELECTED_RECOGNITION"}
2017-10-24 11:37:44,757 - TdmApplication - DEBUG - FrontendConnectionHandler(id=140042536200528, session='2017-10-24T11_37_39_0'): OK
2017-10-24 11:37:44,758 - TdmApplication - DEBUG - FrontendConnectionHandler(id=140042536200528, session='2017-10-24T11_37_39_0').on_event(Event(FACTS, [], sender=DmeModule, reason=None))
2017-10-24 11:37:44,758 - TdmApplication - DEBUG - FrontendConnectionHandler(id=140042536200528, session='2017-10-24T11_37_39_0'): writing {"content": [], "_sender": "DmeModule", "_reason": null, "event_type": "FACTS"}
2017-10-24 11:37:44,759 - TdmApplication - DEBUG - FrontendConnectionHandler(id=140042536200528, session='2017-10-24T11_37_39_0'): OK
2017-10-24 11:37:44,769 - TdmApplication - DEBUG - FrontendConnectionHandler(id=140042536200528, session='2017-10-24T11_37_39_0').on_event(Event(SYSTEM_UTTERANCE_TO_SPEAK, [, , Which step?], sender=GenerateModule, reason=None))
2017-10-24 11:37:44,769 - TdmApplication - DEBUG - FrontendConnectionHandler(id=140042536200528, session='2017-10-24T11_37_39_0'): writing {"content": ["", "", "Which step?"], "_sender": "GenerateModule", "_reason": null, "event_type": "SYSTEM_UTTERANCE_TO_SPEAK"}
2017-10-24 11:37:44,769 - TdmApplication - DEBUG - FrontendConnectionHandler(id=140042536200528, session='2017-10-24T11_37_39_0'): OK
2017-10-24 11:37:44,770 - TdmApplication - DEBUG - FrontendConnectionHandler(id=140042536200528, session='2017-10-24T11_37_39_0').on_event(Event(MESSAGE_TO_GUI, [], sender=GuiBackend, reason=None))
2017-10-24 11:37:44,770 - TdmApplication - DEBUG - FrontendConnectionHandler(id=140042536200528, session='2017-10-24T11_37_39_0'): writing {"content": [], "_sender": "GuiBackend", "_reason": null, "event_type": "MESSAGE_TO_GUI"}
2017-10-24 11:37:44,770 - TdmApplication - DEBUG - FrontendConnectionHandler(id=140042536200528, session='2017-10-24T11_37_39_0'): OK
2017-10-24 11:37:44,787 - TdmApplication - DEBUG - FrontendConnectionHandler(id=140042536200528, session='2017-10-24T11_37_39_0').on_message({"content": ["", "", "Which step?"], "_sender": "TextOutputComponent", "_reason": null, "event_type": "SYSTEM_UTTERANCE_REALIZED"})
2017-10-24 11:37:44,819 - TdmApplication - DEBUG - FrontendConnectionHandler(id=140042536200528, session='2017-10-24T11_37_39_0').on_event(Event(FACTS, [], sender=DmeModule, reason=None))
2017-10-24 11:37:44,819 - TdmApplication - DEBUG - FrontendConnectionHandler(id=140042536200528, session='2017-10-24T11_37_39_0'): writing {"content": [], "_sender": "DmeModule", "_reason": null, "event_type": "FACTS"}
2017-10-24 11:37:44,819 - TdmApplication - DEBUG - FrontendConnectionHandler(id=140042536200528, session='2017-10-24T11_37_39_0'): OK
2017-10-24 11:37:55,343 - TdmApplication - DEBUG - FrontendConnectionHandler(id=140042536200528, session='2017-10-24T11_37_39_0').on_message({"content": [{"score": 1.0, "utterance": "step one"}], "_sender": "TextInputComponent", "_reason": null, "event_type": "RECOGNITION"})
2017-10-24 11:37:55,348 - TdmApplication - DEBUG - FrontendConnectionHandler(id=140042536200528, session='2017-10-24T11_37_39_0').on_event(Event(STOP_LISTENING, None, sender=TurnManager, reason=None))
2017-10-24 11:37:55,348 - TdmApplication - DEBUG - FrontendConnectionHandler(id=140042536200528, session='2017-10-24T11_37_39_0'): writing {"content": null, "_sender": "TurnManager", "_reason": null, "event_type": "STOP_LISTENING"}
2017-10-24 11:37:55,348 - TdmApplication - DEBUG - FrontendConnectionHandler(id=140042536200528, session='2017-10-24T11_37_39_0'): OK
2017-10-24 11:37:55,431 - TdmApplication - DEBUG - FrontendConnectionHandler(id=140042536200528, session='2017-10-24T11_37_39_0').on_event(Event(SELECTED_RECOGNITION, step one, sender=DmeModule, reason=None))
2017-10-24 11:37:55,432 - TdmApplication - DEBUG - FrontendConnectionHandler(id=140042536200528, session='2017-10-24T11_37_39_0'): writing {"content": "step one", "_sender": "DmeModule", "_reason": null, "event_type": "SELECTED_RECOGNITION"}
2017-10-24 11:37:55,432 - TdmApplication - DEBUG - FrontendConnectionHandler(id=140042536200528, session='2017-10-24T11_37_39_0'): OK
2017-10-24 11:37:55,433 - TdmApplication - DEBUG - FrontendConnectionHandler(id=140042536200528, session='2017-10-24T11_37_39_0').on_event(Event(FACTS, [{predicate: go_to_step, grammar_entry: None, value: chose a step}], sender=DmeModule, reason=None))
2017-10-24 11:37:55,433 - TdmApplication - DEBUG - FrontendConnectionHandler(id=140042536200528, session='2017-10-24T11_37_39_0'): writing {"content": [{"predicate": "go_to_step", "grammar_entry": null, "value": "chose a step"}], "_sender": "DmeModule", "_reason": null, "event_type": "FACTS"}
2017-10-24 11:37:55,434 - TdmApplication - DEBUG - FrontendConnectionHandler(id=140042536200528, session='2017-10-24T11_37_39_0'): OK
2017-10-24 11:37:55,444 - TdmApplication - DEBUG - FrontendConnectionHandler(id=140042536200528, session='2017-10-24T11_37_39_0').on_event(Event(SYSTEM_UTTERANCE_TO_SPEAK, [Ok chose a step.], sender=GenerateModule, reason=None))
2017-10-24 11:37:55,444 - TdmApplication - DEBUG - FrontendConnectionHandler(id=140042536200528, session='2017-10-24T11_37_39_0'): writing {"content": ["Ok chose a step."], "_sender": "GenerateModule", "_reason": null, "event_type": "SYSTEM_UTTERANCE_TO_SPEAK"}
2017-10-24 11:37:55,444 - TdmApplication - DEBUG - FrontendConnectionHandler(id=140042536200528, session='2017-10-24T11_37_39_0'): OK
2017-10-24 11:37:55,445 - TdmApplication - DEBUG - FrontendConnectionHandler(id=140042536200528, session='2017-10-24T11_37_39_0').on_event(Event(GUI.POPUP, {options: [], title: Ok chose a step.}, sender=IndependentGuiBackend, reason=None))
2017-10-24 11:37:55,445 - TdmApplication - DEBUG - FrontendConnectionHandler(id=140042536200528, session='2017-10-24T11_37_39_0'): writing {"content": {"options": [], "title": "Ok chose a step."}, "_sender": "IndependentGuiBackend", "_reason": null, "event_type": "GUI.POPUP"}
2017-10-24 11:37:55,445 - TdmApplication - DEBUG - FrontendConnectionHandler(id=140042536200528, session='2017-10-24T11_37_39_0'): OK
2017-10-24 11:37:55,446 - TdmApplication - DEBUG - FrontendConnectionHandler(id=140042536200528, session='2017-10-24T11_37_39_0').on_event(Event(MESSAGE_TO_GUI, [<tdm.tdm_gui_protocol.Popup instance at 0x7f5e302ad560>], sender=GuiBackend, reason=None))
2017-10-24 11:37:55,446 - TdmApplication - DEBUG - FrontendConnectionHandler(id=140042536200528, session='2017-10-24T11_37_39_0'): writing {"content": [{"Popup": {"elements": [], "title": "Ok chose a step."}}], "_sender": "GuiBackend", "_reason": null, "event_type": "MESSAGE_TO_GUI"}
2017-10-24 11:37:55,446 - TdmApplication - DEBUG - FrontendConnectionHandler(id=140042536200528, session='2017-10-24T11_37_39_0'): OK
2017-10-24 11:37:55,453 - TdmApplication - DEBUG - FrontendConnectionHandler(id=140042536200528, session='2017-10-24T11_37_39_0').on_message({"content": ["Ok chose a step."], "_sender": "TextOutputComponent", "_reason": null, "event_type": "SYSTEM_UTTERANCE_REALIZED"})
2017-10-24 11:37:55,479 - TdmApplication - DEBUG - FrontendConnectionHandler(id=140042536200528, session='2017-10-24T11_37_39_0').on_event(Event(FACTS, [{predicate: go_to_step, grammar_entry: None, value: chose a step}], sender=DmeModule, reason=None))
2017-10-24 11:37:55,479 - TdmApplication - DEBUG - FrontendConnectionHandler(id=140042536200528, session='2017-10-24T11_37_39_0'): writing {"content": [{"predicate": "go_to_step", "grammar_entry": null, "value": "chose a step"}], "_sender": "DmeModule", "_reason": null, "event_type": "FACTS"}
2017-10-24 11:37:55,480 - TdmApplication - DEBUG - FrontendConnectionHandler(id=140042536200528, session='2017-10-24T11_37_39_0'): OK
2017-10-24 11:38:04,557 - TdmApplication - DEBUG - FrontendConnectionHandler(id=140042536200528, session='2017-10-24T11_37_39_0').on_message({"content": [{"score": 1.0, "utterance": "tell me what to do"}], "_sender": "TextInputComponent", "_reason": null, "event_type": "RECOGNITION"})
2017-10-24 11:38:04,562 - TdmApplication - DEBUG - FrontendConnectionHandler(id=140042536200528, session='2017-10-24T11_37_39_0').on_event(Event(FACTS, [], sender=DmeModule, reason=None))
2017-10-24 11:38:04,562 - TdmApplication - DEBUG - FrontendConnectionHandler(id=140042536200528, session='2017-10-24T11_37_39_0'): writing {"content": [], "_sender": "DmeModule", "_reason": null, "event_type": "FACTS"}
2017-10-24 11:38:04,562 - TdmApplication - DEBUG - FrontendConnectionHandler(id=140042536200528, session='2017-10-24T11_37_39_0'): OK
2017-10-24 11:38:04,573 - TdmApplication - DEBUG - FrontendConnectionHandler(id=140042536200528, session='2017-10-24T11_37_39_0').on_event(Event(STOP_SPEAKING, None, sender=TurnManager, reason=None))
2017-10-24 11:38:04,573 - TdmApplication - DEBUG - FrontendConnectionHandler(id=140042536200528, session='2017-10-24T11_37_39_0'): writing {"content": null, "_sender": "TurnManager", "_reason": null, "event_type": "STOP_SPEAKING"}
2017-10-24 11:38:04,573 - TdmApplication - DEBUG - FrontendConnectionHandler(id=140042536200528, session='2017-10-24T11_37_39_0'): OK
2017-10-24 11:38:04,574 - TdmApplication - DEBUG - FrontendConnectionHandler(id=140042536200528, session='2017-10-24T11_37_39_0').on_event(Event(SYSTEM_UTTERANCE_TO_SPEAK, [Returning to the start view., What would you like to do?], sender=GenerateModule, reason=None))
2017-10-24 11:38:04,575 - TdmApplication - DEBUG - FrontendConnectionHandler(id=140042536200528, session='2017-10-24T11_37_39_0'): writing {"content": ["Returning to the start view.", "What would you like to do?"], "_sender": "GenerateModule", "_reason": null, "event_type": "SYSTEM_UTTERANCE_TO_SPEAK"}
2017-10-24 11:38:04,575 - TdmApplication - DEBUG - FrontendConnectionHandler(id=140042536200528, session='2017-10-24T11_37_39_0'): OK
2017-10-24 11:38:04,578 - TdmApplication - DEBUG - FrontendConnectionHandler(id=140042536200528, session='2017-10-24T11_37_39_0').on_event(Event(MESSAGE_TO_GUI, [<tdm.tdm_gui_protocol.ClosePopup instance at 0x7f5e302ad320>], sender=GuiBackend, reason=None))
2017-10-24 11:38:04,579 - TdmApplication - DEBUG - FrontendConnectionHandler(id=140042536200528, session='2017-10-24T11_37_39_0'): writing {"content": [{"ClosePopup": {}}], "_sender": "GuiBackend", "_reason": null, "event_type": "MESSAGE_TO_GUI"}
2017-10-24 11:38:04,580 - TdmApplication - DEBUG - FrontendConnectionHandler(id=140042536200528, session='2017-10-24T11_37_39_0'): OK
2017-10-24 11:38:04,583 - TdmApplication - DEBUG - FrontendConnectionHandler(id=140042536200528, session='2017-10-24T11_37_39_0').on_message({"content": ["Returning to the start view.", "What would you like to do?"], "_sender": "TextOutputComponent", "_reason": null, "event_type": "SYSTEM_UTTERANCE_REALIZED"})
2017-10-24 11:38:04,609 - TdmApplication - DEBUG - FrontendConnectionHandler(id=140042536200528, session='2017-10-24T11_37_39_0').on_event(Event(FACTS, [], sender=DmeModule, reason=None))
2017-10-24 11:38:04,609 - TdmApplication - DEBUG - FrontendConnectionHandler(id=140042536200528, session='2017-10-24T11_37_39_0'): writing {"content": [], "_sender": "DmeModule", "_reason": null, "event_type": "FACTS"}
2017-10-24 11:38:04,609 - TdmApplication - DEBUG - FrontendConnectionHandler(id=140042536200528, session='2017-10-24T11_37_39_0'): OK
2017-10-24 11:38:04,681 - TdmApplication - DEBUG - FrontendConnectionHandler(id=140042536200528, session='2017-10-24T11_37_39_0').on_event(Event(SELECTED_RECOGNITION, tell me what to do, sender=DmeModule, reason=None))
2017-10-24 11:38:04,681 - TdmApplication - DEBUG - FrontendConnectionHandler(id=140042536200528, session='2017-10-24T11_37_39_0'): writing {"content": "tell me what to do", "_sender": "DmeModule", "_reason": null, "event_type": "SELECTED_RECOGNITION"}
2017-10-24 11:38:04,682 - TdmApplication - DEBUG - FrontendConnectionHandler(id=140042536200528, session='2017-10-24T11_37_39_0'): OK
2017-10-24 11:38:04,682 - TdmApplication - DEBUG - FrontendConnectionHandler(id=140042536200528, session='2017-10-24T11_37_39_0').on_event(Event(FACTS, [{predicate: say_step, grammar_entry: None, value:  Step one: Chop onions and garlic.}], sender=DmeModule, reason=None))
2017-10-24 11:38:04,683 - TdmApplication - DEBUG - FrontendConnectionHandler(id=140042536200528, session='2017-10-24T11_37_39_0'): writing {"content": [{"predicate": "say_step", "grammar_entry": null, "value": " Step one: Chop onions and garlic."}], "_sender": "DmeModule", "_reason": null, "event_type": "FACTS"}
2017-10-24 11:38:04,683 - TdmApplication - DEBUG - FrontendConnectionHandler(id=140042536200528, session='2017-10-24T11_37_39_0'): OK
2017-10-24 11:38:04,691 - TdmApplication - DEBUG - FrontendConnectionHandler(id=140042536200528, session='2017-10-24T11_37_39_0').on_event(Event(SYSTEM_UTTERANCE_TO_SPEAK, [Ok  Step one: Chop onions and garlic..], sender=GenerateModule, reason=None))
2017-10-24 11:38:04,692 - TdmApplication - DEBUG - FrontendConnectionHandler(id=140042536200528, session='2017-10-24T11_37_39_0'): writing {"content": ["Ok  Step one: Chop onions and garlic.."], "_sender": "GenerateModule", "_reason": null, "event_type": "SYSTEM_UTTERANCE_TO_SPEAK"}
2017-10-24 11:38:04,692 - TdmApplication - DEBUG - FrontendConnectionHandler(id=140042536200528, session='2017-10-24T11_37_39_0'): OK
2017-10-24 11:38:04,693 - TdmApplication - DEBUG - FrontendConnectionHandler(id=140042536200528, session='2017-10-24T11_37_39_0').on_event(Event(GUI.POPUP, {options: [], title: Ok  Step one: Chop onions and garlic..}, sender=IndependentGuiBackend, reason=None))
2017-10-24 11:38:04,693 - TdmApplication - DEBUG - FrontendConnectionHandler(id=140042536200528, session='2017-10-24T11_37_39_0'): writing {"content": {"options": [], "title": "Ok  Step one: Chop onions and garlic.."}, "_sender": "IndependentGuiBackend", "_reason": null, "event_type": "GUI.POPUP"}
2017-10-24 11:38:04,693 - TdmApplication - DEBUG - FrontendConnectionHandler(id=140042536200528, session='2017-10-24T11_37_39_0'): OK
2017-10-24 11:38:04,694 - TdmApplication - DEBUG - FrontendConnectionHandler(id=140042536200528, session='2017-10-24T11_37_39_0').on_event(Event(MESSAGE_TO_GUI, [<tdm.tdm_gui_protocol.Popup instance at 0x7f5e302ad5f0>], sender=GuiBackend, reason=None))
2017-10-24 11:38:04,694 - TdmApplication - DEBUG - FrontendConnectionHandler(id=140042536200528, session='2017-10-24T11_37_39_0'): writing {"content": [{"Popup": {"elements": [], "title": "Ok  Step one: Chop onions and garlic.."}}], "_sender": "GuiBackend", "_reason": null, "event_type": "MESSAGE_TO_GUI"}
2017-10-24 11:38:04,694 - TdmApplication - DEBUG - FrontendConnectionHandler(id=140042536200528, session='2017-10-24T11_37_39_0'): OK
2017-10-24 11:38:04,710 - TdmApplication - DEBUG - FrontendConnectionHandler(id=140042536200528, session='2017-10-24T11_37_39_0').on_message({"content": ["Ok  Step one: Chop onions and garlic.."], "_sender": "TextOutputComponent", "_reason": null, "event_type": "SYSTEM_UTTERANCE_REALIZED"})
2017-10-24 11:38:04,736 - TdmApplication - DEBUG - FrontendConnectionHandler(id=140042536200528, session='2017-10-24T11_37_39_0').on_event(Event(FACTS, [{predicate: say_step, grammar_entry: None, value:  Step one: Chop onions and garlic.}], sender=DmeModule, reason=None))
2017-10-24 11:38:04,736 - TdmApplication - DEBUG - FrontendConnectionHandler(id=140042536200528, session='2017-10-24T11_37_39_0'): writing {"content": [{"predicate": "say_step", "grammar_entry": null, "value": " Step one: Chop onions and garlic."}], "_sender": "DmeModule", "_reason": null, "event_type": "FACTS"}
2017-10-24 11:38:04,736 - TdmApplication - DEBUG - FrontendConnectionHandler(id=140042536200528, session='2017-10-24T11_37_39_0'): OK
2017-10-24 11:40:24,121 - TdmApplication - DEBUG - FrontendConnectionHandler(id=140042536200528, session='2017-10-24T11_37_39_0').on_close()
2017-10-24 11:40:24,121 - TdmApplication - DEBUG - SessionManager.stop('2017-10-24T11_37_39_0')
2017-10-24 11:40:24,124 - TdmApplication - DEBUG - TdmApplication.stop(): Stopping HTTP server
2017-10-24 11:40:24,125 - TdmApplication - DEBUG - FrontendConnectionHandler(id=140042536200528, session='2017-10-24T11_37_39_0').on_event(Event(FACTS, [], sender=DmeModule, reason=None))
2017-10-24 11:40:24,125 - TdmApplication - DEBUG - TdmApplication.stop(): Stopping IO-loop
2017-10-24 11:40:24,125 - TdmApplication - DEBUG - FrontendConnectionHandler(id=140042536200528, session='2017-10-24T11_37_39_0'): writing {"content": [], "_sender": "DmeModule", "_reason": null, "event_type": "FACTS"}
2017-10-24 11:40:24,125 - TdmApplication - DEBUG - TdmApplication.stop(): Stopping sessions []
2017-10-24 11:40:24,125 - TdmApplication - DEBUG - FrontendConnectionHandler(id=140042536200528, session='2017-10-24T11_37_39_0'): OK
