2017-10-20 13:50:52,851 - TdmApplication - DEBUG - DddDb().__init__(name='ddds', default_ddds=[u'recipehelp'])
2017-10-20 13:50:52,851 - TdmApplication - DEBUG - DddDb(): DB file name is '/home/gusmatssar/recipedialogue/tdm/ddds.json'
2017-10-20 13:50:52,864 - TdmApplication - DEBUG - FrontendConnectionHandler(id=140064388835664, session=None).open()
2017-10-20 13:50:52,866 - TdmApplication - DEBUG - thread_manager.create_thread() with threading.active_count()=3
2017-10-20 13:50:52,867 - TdmApplication - DEBUG - FrontendConnectionHandler(id=140064388835664, session=None).on_message({"handshake_content": {"session_id": null, "keep_session_alive": false}, "name": "Frontend"})
2017-10-20 13:50:52,867 - TdmApplication - DEBUG - FrontendConnectionHandler(id=140064388835664, session=None)._register({"handshake_content": {"session_id": null, "keep_session_alive": false}, "name": "Frontend"})
2017-10-20 13:50:52,867 - TdmApplication - DEBUG - thread_manager.create_thread() with threading.active_count()=4
2017-10-20 13:50:52,869 - TdmApplication - DEBUG - Creating backend and session with id 2017-10-20T13_50_52_0.
2017-10-20 13:50:52,900 - TdmApplication - DEBUG - FrontendConnectionHandler._register: Registered in session 2017-10-20T13_50_52_0 with backend <ThreadedBackend(ThreadedBackend, started daemon 140064347809536)>.
2017-10-20 13:50:52,900 - TdmApplication - DEBUG - FrontendConnectionHandler(id=140064388835664, session='2017-10-20T13_50_52_0').on_event(Event(REGISTER_BACKEND, None, sender=Backend, reason=None))
2017-10-20 13:50:52,901 - TdmApplication - DEBUG - FrontendConnectionHandler(id=140064388835664, session='2017-10-20T13_50_52_0'): writing {"content": null, "_sender": "Backend", "_reason": null, "event_type": "REGISTER_BACKEND"}
2017-10-20 13:50:52,901 - TdmApplication - DEBUG - FrontendConnectionHandler(id=140064388835664, session='2017-10-20T13_50_52_0'): OK
2017-10-20 13:50:52,936 - TdmApplication - DEBUG - FrontendConnectionHandler(id=140064388835664, session='2017-10-20T13_50_52_0').on_message({"content": null, "_sender": "Frontend", "_reason": null, "event_type": "FRONTEND_READY"})
2017-10-20 13:50:52,938 - TdmApplication - DEBUG - FrontendConnectionHandler(id=140064388835664, session='2017-10-20T13_50_52_0').on_event(Event(BACKEND_READY, None, sender=Backend, reason=None))
2017-10-20 13:50:52,939 - TdmApplication - DEBUG - FrontendConnectionHandler(id=140064388835664, session='2017-10-20T13_50_52_0'): writing {"content": null, "_sender": "Backend", "_reason": null, "event_type": "BACKEND_READY"}
2017-10-20 13:50:52,939 - TdmApplication - DEBUG - FrontendConnectionHandler(id=140064388835664, session='2017-10-20T13_50_52_0'): OK
2017-10-20 13:50:52,945 - TdmApplication - DEBUG - FrontendConnectionHandler(id=140064388835664, session='2017-10-20T13_50_52_0').on_message({"content": null, "_sender": "Frontend", "_reason": null, "event_type": "START"})
2017-10-20 13:50:52,977 - TdmApplication - DEBUG - FrontendConnectionHandler(id=140064388835664, session='2017-10-20T13_50_52_0').on_event(Event(SET_DDD, {ddd_name: recipehelp, language_code: eng}, sender=DmeModule, reason=None))
2017-10-20 13:50:52,977 - TdmApplication - DEBUG - FrontendConnectionHandler(id=140064388835664, session='2017-10-20T13_50_52_0'): writing {"content": {"ddd_name": "recipehelp", "language_code": "eng"}, "_sender": "DmeModule", "_reason": null, "event_type": "SET_DDD"}
2017-10-20 13:50:52,977 - TdmApplication - DEBUG - FrontendConnectionHandler(id=140064388835664, session='2017-10-20T13_50_52_0'): OK
2017-10-20 13:50:52,978 - TdmApplication - DEBUG - FrontendConnectionHandler(id=140064388835664, session='2017-10-20T13_50_52_0').on_event(Event(FACTS, [], sender=DmeModule, reason=None))
2017-10-20 13:50:52,979 - TdmApplication - DEBUG - FrontendConnectionHandler(id=140064388835664, session='2017-10-20T13_50_52_0'): writing {"content": [], "_sender": "DmeModule", "_reason": null, "event_type": "FACTS"}
2017-10-20 13:50:52,979 - TdmApplication - DEBUG - FrontendConnectionHandler(id=140064388835664, session='2017-10-20T13_50_52_0'): OK
2017-10-20 13:50:52,992 - TdmApplication - DEBUG - FrontendConnectionHandler(id=140064388835664, session='2017-10-20T13_50_52_0').on_event(Event(SYSTEM_UTTERANCE_TO_SPEAK, [Do you want to know go to step?], sender=GenerateModule, reason=None))
2017-10-20 13:50:52,992 - TdmApplication - DEBUG - FrontendConnectionHandler(id=140064388835664, session='2017-10-20T13_50_52_0'): writing {"content": ["Do you want to know go to step?"], "_sender": "GenerateModule", "_reason": null, "event_type": "SYSTEM_UTTERANCE_TO_SPEAK"}
2017-10-20 13:50:52,993 - TdmApplication - DEBUG - FrontendConnectionHandler(id=140064388835664, session='2017-10-20T13_50_52_0'): OK
2017-10-20 13:50:52,994 - TdmApplication - DEBUG - FrontendConnectionHandler(id=140064388835664, session='2017-10-20T13_50_52_0').on_event(Event(MESSAGE_TO_GUI, [<tdm.tdm_gui_protocol.Screen instance at 0x7f6345b5a128>], sender=GuiBackend, reason=None))
2017-10-20 13:50:52,994 - TdmApplication - DEBUG - FrontendConnectionHandler(id=140064388835664, session='2017-10-20T13_50_52_0'): writing {"content": [{"Screen": {"elements": [{"Element": {"name": "move", "title": "", "items": [{"Item": {"attributes": null, "selected": false, "predicted": false, "value": "ask(?X.go_to_step(X))", "title": "Go to step?"}}], "format": "", "voice_browsed": false, "value": "", "template": "menu", "type": "list"}}], "name": "top", "title": "The start view"}}], "_sender": "GuiBackend", "_reason": null, "event_type": "MESSAGE_TO_GUI"}
2017-10-20 13:50:52,994 - TdmApplication - DEBUG - FrontendConnectionHandler(id=140064388835664, session='2017-10-20T13_50_52_0'): OK
2017-10-20 13:50:53,024 - TdmApplication - DEBUG - FrontendConnectionHandler(id=140064388835664, session='2017-10-20T13_50_52_0').on_message({"content": ["Do you want to know go to step?"], "_sender": "TextOutputComponent", "_reason": null, "event_type": "SYSTEM_UTTERANCE_REALIZED"})
2017-10-20 13:50:53,045 - TdmApplication - DEBUG - FrontendConnectionHandler(id=140064388835664, session='2017-10-20T13_50_52_0').on_event(Event(FACTS, [], sender=DmeModule, reason=None))
2017-10-20 13:50:53,045 - TdmApplication - DEBUG - FrontendConnectionHandler(id=140064388835664, session='2017-10-20T13_50_52_0'): writing {"content": [], "_sender": "DmeModule", "_reason": null, "event_type": "FACTS"}
2017-10-20 13:50:53,046 - TdmApplication - DEBUG - FrontendConnectionHandler(id=140064388835664, session='2017-10-20T13_50_52_0'): OK
2017-10-20 13:51:04,388 - TdmApplication - DEBUG - FrontendConnectionHandler(id=140064388835664, session='2017-10-20T13_50_52_0').on_message({"content": [{"score": 1.0, "utterance": "go to a step"}], "_sender": "TextInputComponent", "_reason": null, "event_type": "RECOGNITION"})
2017-10-20 13:51:04,396 - TdmApplication - DEBUG - FrontendConnectionHandler(id=140064388835664, session='2017-10-20T13_50_52_0').on_event(Event(STOP_LISTENING, None, sender=TurnManager, reason=None))
2017-10-20 13:51:04,396 - TdmApplication - DEBUG - FrontendConnectionHandler(id=140064388835664, session='2017-10-20T13_50_52_0'): writing {"content": null, "_sender": "TurnManager", "_reason": null, "event_type": "STOP_LISTENING"}
2017-10-20 13:51:04,396 - TdmApplication - DEBUG - FrontendConnectionHandler(id=140064388835664, session='2017-10-20T13_50_52_0'): OK
2017-10-20 13:51:04,473 - TdmApplication - DEBUG - FrontendConnectionHandler(id=140064388835664, session='2017-10-20T13_50_52_0').on_event(Event(SELECTED_RECOGNITION, go to a step, sender=DmeModule, reason=None))
2017-10-20 13:51:04,473 - TdmApplication - DEBUG - FrontendConnectionHandler(id=140064388835664, session='2017-10-20T13_50_52_0'): writing {"content": "go to a step", "_sender": "DmeModule", "_reason": null, "event_type": "SELECTED_RECOGNITION"}
2017-10-20 13:51:04,473 - TdmApplication - DEBUG - FrontendConnectionHandler(id=140064388835664, session='2017-10-20T13_50_52_0'): OK
2017-10-20 13:51:04,474 - TdmApplication - DEBUG - FrontendConnectionHandler(id=140064388835664, session='2017-10-20T13_50_52_0').on_event(Event(FACTS, [], sender=DmeModule, reason=None))
2017-10-20 13:51:04,474 - TdmApplication - DEBUG - FrontendConnectionHandler(id=140064388835664, session='2017-10-20T13_50_52_0'): writing {"content": [], "_sender": "DmeModule", "_reason": null, "event_type": "FACTS"}
2017-10-20 13:51:04,474 - TdmApplication - DEBUG - FrontendConnectionHandler(id=140064388835664, session='2017-10-20T13_50_52_0'): OK
2017-10-20 13:51:04,485 - TdmApplication - DEBUG - FrontendConnectionHandler(id=140064388835664, session='2017-10-20T13_50_52_0').on_event(Event(SYSTEM_UTTERANCE_TO_SPEAK, [, , Which step?], sender=GenerateModule, reason=None))
2017-10-20 13:51:04,485 - TdmApplication - DEBUG - FrontendConnectionHandler(id=140064388835664, session='2017-10-20T13_50_52_0'): writing {"content": ["", "", "Which step?"], "_sender": "GenerateModule", "_reason": null, "event_type": "SYSTEM_UTTERANCE_TO_SPEAK"}
2017-10-20 13:51:04,485 - TdmApplication - DEBUG - FrontendConnectionHandler(id=140064388835664, session='2017-10-20T13_50_52_0'): OK
2017-10-20 13:51:04,486 - TdmApplication - DEBUG - FrontendConnectionHandler(id=140064388835664, session='2017-10-20T13_50_52_0').on_event(Event(MESSAGE_TO_GUI, [], sender=GuiBackend, reason=None))
2017-10-20 13:51:04,486 - TdmApplication - DEBUG - FrontendConnectionHandler(id=140064388835664, session='2017-10-20T13_50_52_0'): writing {"content": [], "_sender": "GuiBackend", "_reason": null, "event_type": "MESSAGE_TO_GUI"}
2017-10-20 13:51:04,486 - TdmApplication - DEBUG - FrontendConnectionHandler(id=140064388835664, session='2017-10-20T13_50_52_0'): OK
2017-10-20 13:51:04,505 - TdmApplication - DEBUG - FrontendConnectionHandler(id=140064388835664, session='2017-10-20T13_50_52_0').on_message({"content": ["", "", "Which step?"], "_sender": "TextOutputComponent", "_reason": null, "event_type": "SYSTEM_UTTERANCE_REALIZED"})
2017-10-20 13:51:04,538 - TdmApplication - DEBUG - FrontendConnectionHandler(id=140064388835664, session='2017-10-20T13_50_52_0').on_event(Event(FACTS, [], sender=DmeModule, reason=None))
2017-10-20 13:51:04,539 - TdmApplication - DEBUG - FrontendConnectionHandler(id=140064388835664, session='2017-10-20T13_50_52_0'): writing {"content": [], "_sender": "DmeModule", "_reason": null, "event_type": "FACTS"}
2017-10-20 13:51:04,539 - TdmApplication - DEBUG - FrontendConnectionHandler(id=140064388835664, session='2017-10-20T13_50_52_0'): OK
2017-10-20 13:51:12,570 - TdmApplication - DEBUG - FrontendConnectionHandler(id=140064388835664, session='2017-10-20T13_50_52_0').on_message({"content": [{"score": 1.0, "utterance": "step one"}], "_sender": "TextInputComponent", "_reason": null, "event_type": "RECOGNITION"})
2017-10-20 13:51:12,575 - TdmApplication - DEBUG - FrontendConnectionHandler(id=140064388835664, session='2017-10-20T13_50_52_0').on_event(Event(STOP_LISTENING, None, sender=TurnManager, reason=None))
2017-10-20 13:51:12,575 - TdmApplication - DEBUG - FrontendConnectionHandler(id=140064388835664, session='2017-10-20T13_50_52_0'): writing {"content": null, "_sender": "TurnManager", "_reason": null, "event_type": "STOP_LISTENING"}
2017-10-20 13:51:12,575 - TdmApplication - DEBUG - FrontendConnectionHandler(id=140064388835664, session='2017-10-20T13_50_52_0'): OK
2017-10-20 13:51:12,657 - TdmApplication - DEBUG - FrontendConnectionHandler(id=140064388835664, session='2017-10-20T13_50_52_0').on_event(Event(SELECTED_RECOGNITION, step one, sender=DmeModule, reason=None))
2017-10-20 13:51:12,657 - TdmApplication - DEBUG - FrontendConnectionHandler(id=140064388835664, session='2017-10-20T13_50_52_0'): writing {"content": "step one", "_sender": "DmeModule", "_reason": null, "event_type": "SELECTED_RECOGNITION"}
2017-10-20 13:51:12,657 - TdmApplication - DEBUG - FrontendConnectionHandler(id=140064388835664, session='2017-10-20T13_50_52_0'): OK
2017-10-20 13:51:12,658 - TdmApplication - DEBUG - FrontendConnectionHandler(id=140064388835664, session='2017-10-20T13_50_52_0').on_event(Event(FACTS, [{predicate: go_to_step, grammar_entry: None, value:  Step one: Chop onions and garlic.}], sender=DmeModule, reason=None))
2017-10-20 13:51:12,658 - TdmApplication - DEBUG - FrontendConnectionHandler(id=140064388835664, session='2017-10-20T13_50_52_0'): writing {"content": [{"predicate": "go_to_step", "grammar_entry": null, "value": " Step one: Chop onions and garlic."}], "_sender": "DmeModule", "_reason": null, "event_type": "FACTS"}
2017-10-20 13:51:12,658 - TdmApplication - DEBUG - FrontendConnectionHandler(id=140064388835664, session='2017-10-20T13_50_52_0'): OK
2017-10-20 13:51:12,667 - TdmApplication - DEBUG - FrontendConnectionHandler(id=140064388835664, session='2017-10-20T13_50_52_0').on_event(Event(SYSTEM_UTTERANCE_TO_SPEAK, [Ok  Step one: Chop onions and garlic..], sender=GenerateModule, reason=None))
2017-10-20 13:51:12,667 - TdmApplication - DEBUG - FrontendConnectionHandler(id=140064388835664, session='2017-10-20T13_50_52_0'): writing {"content": ["Ok  Step one: Chop onions and garlic.."], "_sender": "GenerateModule", "_reason": null, "event_type": "SYSTEM_UTTERANCE_TO_SPEAK"}
2017-10-20 13:51:12,668 - TdmApplication - DEBUG - FrontendConnectionHandler(id=140064388835664, session='2017-10-20T13_50_52_0'): OK
2017-10-20 13:51:12,668 - TdmApplication - DEBUG - FrontendConnectionHandler(id=140064388835664, session='2017-10-20T13_50_52_0').on_event(Event(GUI.POPUP, {options: [], title: Ok  Step one: Chop onions and garlic..}, sender=IndependentGuiBackend, reason=None))
2017-10-20 13:51:12,669 - TdmApplication - DEBUG - FrontendConnectionHandler(id=140064388835664, session='2017-10-20T13_50_52_0'): writing {"content": {"options": [], "title": "Ok  Step one: Chop onions and garlic.."}, "_sender": "IndependentGuiBackend", "_reason": null, "event_type": "GUI.POPUP"}
2017-10-20 13:51:12,669 - TdmApplication - DEBUG - FrontendConnectionHandler(id=140064388835664, session='2017-10-20T13_50_52_0'): OK
2017-10-20 13:51:12,670 - TdmApplication - DEBUG - FrontendConnectionHandler(id=140064388835664, session='2017-10-20T13_50_52_0').on_event(Event(MESSAGE_TO_GUI, [<tdm.tdm_gui_protocol.Popup instance at 0x7f6345b633f8>], sender=GuiBackend, reason=None))
2017-10-20 13:51:12,670 - TdmApplication - DEBUG - FrontendConnectionHandler(id=140064388835664, session='2017-10-20T13_50_52_0'): writing {"content": [{"Popup": {"elements": [], "title": "Ok  Step one: Chop onions and garlic.."}}], "_sender": "GuiBackend", "_reason": null, "event_type": "MESSAGE_TO_GUI"}
2017-10-20 13:51:12,670 - TdmApplication - DEBUG - FrontendConnectionHandler(id=140064388835664, session='2017-10-20T13_50_52_0'): OK
2017-10-20 13:51:12,687 - TdmApplication - DEBUG - FrontendConnectionHandler(id=140064388835664, session='2017-10-20T13_50_52_0').on_message({"content": ["Ok  Step one: Chop onions and garlic.."], "_sender": "TextOutputComponent", "_reason": null, "event_type": "SYSTEM_UTTERANCE_REALIZED"})
2017-10-20 13:51:12,712 - TdmApplication - DEBUG - FrontendConnectionHandler(id=140064388835664, session='2017-10-20T13_50_52_0').on_event(Event(FACTS, [{predicate: go_to_step, grammar_entry: None, value:  Step one: Chop onions and garlic.}], sender=DmeModule, reason=None))
2017-10-20 13:51:12,712 - TdmApplication - DEBUG - FrontendConnectionHandler(id=140064388835664, session='2017-10-20T13_50_52_0'): writing {"content": [{"predicate": "go_to_step", "grammar_entry": null, "value": " Step one: Chop onions and garlic."}], "_sender": "DmeModule", "_reason": null, "event_type": "FACTS"}
2017-10-20 13:51:12,713 - TdmApplication - DEBUG - FrontendConnectionHandler(id=140064388835664, session='2017-10-20T13_50_52_0'): OK
2017-10-20 14:03:47,289 - TdmApplication - DEBUG - FrontendConnectionHandler(id=140064388835664, session='2017-10-20T13_50_52_0').on_close()
2017-10-20 14:03:47,289 - TdmApplication - DEBUG - SessionManager.stop('2017-10-20T13_50_52_0')
2017-10-20 14:03:47,292 - TdmApplication - DEBUG - TdmApplication.stop(): Stopping HTTP server
2017-10-20 14:03:47,292 - TdmApplication - DEBUG - TdmApplication.stop(): Stopping IO-loop
2017-10-20 14:03:47,293 - TdmApplication - DEBUG - TdmApplication.stop(): Stopping sessions []
2017-10-20 14:03:47,295 - TdmApplication - DEBUG - FrontendConnectionHandler(id=140064388835664, session='2017-10-20T13_50_52_0').on_event(Event(FACTS, [{predicate: go_to_step, grammar_entry: None, value:  Step one: Chop onions and garlic.}], sender=DmeModule, reason=None))
2017-10-20 14:03:47,295 - TdmApplication - DEBUG - FrontendConnectionHandler(id=140064388835664, session='2017-10-20T13_50_52_0'): writing {"content": [{"predicate": "go_to_step", "grammar_entry": null, "value": " Step one: Chop onions and garlic."}], "_sender": "DmeModule", "_reason": null, "event_type": "FACTS"}
2017-10-20 14:03:47,295 - TdmApplication - DEBUG - FrontendConnectionHandler(id=140064388835664, session='2017-10-20T13_50_52_0'): OK
