2017-10-24 16:22:11,372 - TdmApplication - DEBUG - DddDb().__init__(name='ddds', default_ddds=[u'recipehelp'])
2017-10-24 16:22:11,372 - TdmApplication - DEBUG - DddDb(): DB file name is '/home/gusmatssar/recipedialogue/tdm/ddds.json'
2017-10-24 16:22:11,380 - TdmApplication - DEBUG - FrontendConnectionHandler(id=140620687280464, session=None).open()
2017-10-24 16:22:11,382 - TdmApplication - DEBUG - thread_manager.create_thread() with threading.active_count()=3
2017-10-24 16:22:11,382 - TdmApplication - DEBUG - FrontendConnectionHandler(id=140620687280464, session=None).on_message({"handshake_content": {"session_id": null, "keep_session_alive": false}, "name": "Frontend"})
2017-10-24 16:22:11,383 - TdmApplication - DEBUG - FrontendConnectionHandler(id=140620687280464, session=None)._register({"handshake_content": {"session_id": null, "keep_session_alive": false}, "name": "Frontend"})
2017-10-24 16:22:11,383 - TdmApplication - DEBUG - thread_manager.create_thread() with threading.active_count()=4
2017-10-24 16:22:11,384 - TdmApplication - DEBUG - Creating backend and session with id 2017-10-24T16_22_11_0.
2017-10-24 16:22:11,421 - TdmApplication - DEBUG - FrontendConnectionHandler._register: Registered in session 2017-10-24T16_22_11_0 with backend <ThreadedBackend(ThreadedBackend, started daemon 140620442101504)>.
2017-10-24 16:22:11,422 - TdmApplication - DEBUG - FrontendConnectionHandler(id=140620687280464, session='2017-10-24T16_22_11_0').on_event(Event(REGISTER_BACKEND, None, sender=Backend, reason=None))
2017-10-24 16:22:11,422 - TdmApplication - DEBUG - FrontendConnectionHandler(id=140620687280464, session='2017-10-24T16_22_11_0'): writing {"content": null, "_sender": "Backend", "_reason": null, "event_type": "REGISTER_BACKEND"}
2017-10-24 16:22:11,422 - TdmApplication - DEBUG - FrontendConnectionHandler(id=140620687280464, session='2017-10-24T16_22_11_0'): OK
2017-10-24 16:22:11,451 - TdmApplication - DEBUG - FrontendConnectionHandler(id=140620687280464, session='2017-10-24T16_22_11_0').on_message({"content": null, "_sender": "Frontend", "_reason": null, "event_type": "FRONTEND_READY"})
2017-10-24 16:22:11,454 - TdmApplication - DEBUG - FrontendConnectionHandler(id=140620687280464, session='2017-10-24T16_22_11_0').on_event(Event(BACKEND_READY, None, sender=Backend, reason=None))
2017-10-24 16:22:11,455 - TdmApplication - DEBUG - FrontendConnectionHandler(id=140620687280464, session='2017-10-24T16_22_11_0'): writing {"content": null, "_sender": "Backend", "_reason": null, "event_type": "BACKEND_READY"}
2017-10-24 16:22:11,455 - TdmApplication - DEBUG - FrontendConnectionHandler(id=140620687280464, session='2017-10-24T16_22_11_0'): OK
2017-10-24 16:22:11,460 - TdmApplication - DEBUG - FrontendConnectionHandler(id=140620687280464, session='2017-10-24T16_22_11_0').on_message({"content": null, "_sender": "Frontend", "_reason": null, "event_type": "START"})
2017-10-24 16:22:11,496 - TdmApplication - DEBUG - FrontendConnectionHandler(id=140620687280464, session='2017-10-24T16_22_11_0').on_event(Event(SET_DDD, {ddd_name: recipehelp, language_code: eng}, sender=DmeModule, reason=None))
2017-10-24 16:22:11,496 - TdmApplication - DEBUG - FrontendConnectionHandler(id=140620687280464, session='2017-10-24T16_22_11_0'): writing {"content": {"ddd_name": "recipehelp", "language_code": "eng"}, "_sender": "DmeModule", "_reason": null, "event_type": "SET_DDD"}
2017-10-24 16:22:11,496 - TdmApplication - DEBUG - FrontendConnectionHandler(id=140620687280464, session='2017-10-24T16_22_11_0'): OK
2017-10-24 16:22:11,497 - TdmApplication - DEBUG - FrontendConnectionHandler(id=140620687280464, session='2017-10-24T16_22_11_0').on_event(Event(FACTS, [], sender=DmeModule, reason=None))
2017-10-24 16:22:11,498 - TdmApplication - DEBUG - FrontendConnectionHandler(id=140620687280464, session='2017-10-24T16_22_11_0'): writing {"content": [], "_sender": "DmeModule", "_reason": null, "event_type": "FACTS"}
2017-10-24 16:22:11,498 - TdmApplication - DEBUG - FrontendConnectionHandler(id=140620687280464, session='2017-10-24T16_22_11_0'): OK
2017-10-24 16:22:11,507 - TdmApplication - DEBUG - FrontendConnectionHandler(id=140620687280464, session='2017-10-24T16_22_11_0').on_event(Event(SYSTEM_UTTERANCE_TO_SPEAK, [, What would you like to do?], sender=GenerateModule, reason=None))
2017-10-24 16:22:11,507 - TdmApplication - DEBUG - FrontendConnectionHandler(id=140620687280464, session='2017-10-24T16_22_11_0'): writing {"content": ["", "What would you like to do?"], "_sender": "GenerateModule", "_reason": null, "event_type": "SYSTEM_UTTERANCE_TO_SPEAK"}
2017-10-24 16:22:11,507 - TdmApplication - DEBUG - FrontendConnectionHandler(id=140620687280464, session='2017-10-24T16_22_11_0'): OK
2017-10-24 16:22:11,508 - TdmApplication - DEBUG - FrontendConnectionHandler(id=140620687280464, session='2017-10-24T16_22_11_0').on_event(Event(MESSAGE_TO_GUI, [], sender=GuiBackend, reason=None))
2017-10-24 16:22:11,508 - TdmApplication - DEBUG - FrontendConnectionHandler(id=140620687280464, session='2017-10-24T16_22_11_0'): writing {"content": [], "_sender": "GuiBackend", "_reason": null, "event_type": "MESSAGE_TO_GUI"}
2017-10-24 16:22:11,508 - TdmApplication - DEBUG - FrontendConnectionHandler(id=140620687280464, session='2017-10-24T16_22_11_0'): OK
2017-10-24 16:22:11,546 - TdmApplication - DEBUG - FrontendConnectionHandler(id=140620687280464, session='2017-10-24T16_22_11_0').on_message({"content": ["", "What would you like to do?"], "_sender": "TextOutputComponent", "_reason": null, "event_type": "SYSTEM_UTTERANCE_REALIZED"})
2017-10-24 16:22:11,567 - TdmApplication - DEBUG - FrontendConnectionHandler(id=140620687280464, session='2017-10-24T16_22_11_0').on_event(Event(FACTS, [], sender=DmeModule, reason=None))
2017-10-24 16:22:11,567 - TdmApplication - DEBUG - FrontendConnectionHandler(id=140620687280464, session='2017-10-24T16_22_11_0'): writing {"content": [], "_sender": "DmeModule", "_reason": null, "event_type": "FACTS"}
2017-10-24 16:22:11,567 - TdmApplication - DEBUG - FrontendConnectionHandler(id=140620687280464, session='2017-10-24T16_22_11_0'): OK
2017-10-24 16:22:19,198 - TdmApplication - DEBUG - FrontendConnectionHandler(id=140620687280464, session='2017-10-24T16_22_11_0').on_message({"content": [{"score": 1.0, "utterance": "go to a step"}], "_sender": "TextInputComponent", "_reason": null, "event_type": "RECOGNITION"})
2017-10-24 16:22:19,207 - TdmApplication - DEBUG - FrontendConnectionHandler(id=140620687280464, session='2017-10-24T16_22_11_0').on_event(Event(STOP_LISTENING, None, sender=TurnManager, reason=None))
2017-10-24 16:22:19,207 - TdmApplication - DEBUG - FrontendConnectionHandler(id=140620687280464, session='2017-10-24T16_22_11_0'): writing {"content": null, "_sender": "TurnManager", "_reason": null, "event_type": "STOP_LISTENING"}
2017-10-24 16:22:19,207 - TdmApplication - DEBUG - FrontendConnectionHandler(id=140620687280464, session='2017-10-24T16_22_11_0'): OK
2017-10-24 16:22:19,279 - TdmApplication - DEBUG - FrontendConnectionHandler(id=140620687280464, session='2017-10-24T16_22_11_0').on_event(Event(SELECTED_RECOGNITION, go to a step, sender=DmeModule, reason=None))
2017-10-24 16:22:19,279 - TdmApplication - DEBUG - FrontendConnectionHandler(id=140620687280464, session='2017-10-24T16_22_11_0'): writing {"content": "go to a step", "_sender": "DmeModule", "_reason": null, "event_type": "SELECTED_RECOGNITION"}
2017-10-24 16:22:19,279 - TdmApplication - DEBUG - FrontendConnectionHandler(id=140620687280464, session='2017-10-24T16_22_11_0'): OK
2017-10-24 16:22:19,280 - TdmApplication - DEBUG - FrontendConnectionHandler(id=140620687280464, session='2017-10-24T16_22_11_0').on_event(Event(FACTS, [], sender=DmeModule, reason=None))
2017-10-24 16:22:19,280 - TdmApplication - DEBUG - FrontendConnectionHandler(id=140620687280464, session='2017-10-24T16_22_11_0'): writing {"content": [], "_sender": "DmeModule", "_reason": null, "event_type": "FACTS"}
2017-10-24 16:22:19,280 - TdmApplication - DEBUG - FrontendConnectionHandler(id=140620687280464, session='2017-10-24T16_22_11_0'): OK
2017-10-24 16:22:19,290 - TdmApplication - DEBUG - FrontendConnectionHandler(id=140620687280464, session='2017-10-24T16_22_11_0').on_event(Event(SYSTEM_UTTERANCE_TO_SPEAK, [, , Which step?], sender=GenerateModule, reason=None))
2017-10-24 16:22:19,290 - TdmApplication - DEBUG - FrontendConnectionHandler(id=140620687280464, session='2017-10-24T16_22_11_0'): writing {"content": ["", "", "Which step?"], "_sender": "GenerateModule", "_reason": null, "event_type": "SYSTEM_UTTERANCE_TO_SPEAK"}
2017-10-24 16:22:19,290 - TdmApplication - DEBUG - FrontendConnectionHandler(id=140620687280464, session='2017-10-24T16_22_11_0'): OK
2017-10-24 16:22:19,291 - TdmApplication - DEBUG - FrontendConnectionHandler(id=140620687280464, session='2017-10-24T16_22_11_0').on_event(Event(MESSAGE_TO_GUI, [], sender=GuiBackend, reason=None))
2017-10-24 16:22:19,292 - TdmApplication - DEBUG - FrontendConnectionHandler(id=140620687280464, session='2017-10-24T16_22_11_0'): writing {"content": [], "_sender": "GuiBackend", "_reason": null, "event_type": "MESSAGE_TO_GUI"}
2017-10-24 16:22:19,293 - TdmApplication - DEBUG - FrontendConnectionHandler(id=140620687280464, session='2017-10-24T16_22_11_0'): OK
2017-10-24 16:22:19,296 - TdmApplication - DEBUG - FrontendConnectionHandler(id=140620687280464, session='2017-10-24T16_22_11_0').on_message({"content": ["", "", "Which step?"], "_sender": "TextOutputComponent", "_reason": null, "event_type": "SYSTEM_UTTERANCE_REALIZED"})
2017-10-24 16:22:19,331 - TdmApplication - DEBUG - FrontendConnectionHandler(id=140620687280464, session='2017-10-24T16_22_11_0').on_event(Event(FACTS, [], sender=DmeModule, reason=None))
2017-10-24 16:22:19,331 - TdmApplication - DEBUG - FrontendConnectionHandler(id=140620687280464, session='2017-10-24T16_22_11_0'): writing {"content": [], "_sender": "DmeModule", "_reason": null, "event_type": "FACTS"}
2017-10-24 16:22:19,331 - TdmApplication - DEBUG - FrontendConnectionHandler(id=140620687280464, session='2017-10-24T16_22_11_0'): OK
2017-10-24 16:22:23,328 - TdmApplication - DEBUG - FrontendConnectionHandler(id=140620687280464, session='2017-10-24T16_22_11_0').on_message({"content": [{"score": 1.0, "utterance": "step one"}], "_sender": "TextInputComponent", "_reason": null, "event_type": "RECOGNITION"})
2017-10-24 16:22:23,333 - TdmApplication - DEBUG - FrontendConnectionHandler(id=140620687280464, session='2017-10-24T16_22_11_0').on_event(Event(STOP_LISTENING, None, sender=TurnManager, reason=None))
2017-10-24 16:22:23,333 - TdmApplication - DEBUG - FrontendConnectionHandler(id=140620687280464, session='2017-10-24T16_22_11_0'): writing {"content": null, "_sender": "TurnManager", "_reason": null, "event_type": "STOP_LISTENING"}
2017-10-24 16:22:23,333 - TdmApplication - DEBUG - FrontendConnectionHandler(id=140620687280464, session='2017-10-24T16_22_11_0'): OK
2017-10-24 16:22:23,415 - TdmApplication - DEBUG - FrontendConnectionHandler(id=140620687280464, session='2017-10-24T16_22_11_0').on_event(Event(SELECTED_RECOGNITION, step one, sender=DmeModule, reason=None))
2017-10-24 16:22:23,415 - TdmApplication - DEBUG - FrontendConnectionHandler(id=140620687280464, session='2017-10-24T16_22_11_0'): writing {"content": "step one", "_sender": "DmeModule", "_reason": null, "event_type": "SELECTED_RECOGNITION"}
2017-10-24 16:22:23,415 - TdmApplication - DEBUG - FrontendConnectionHandler(id=140620687280464, session='2017-10-24T16_22_11_0'): OK
2017-10-24 16:22:23,417 - TdmApplication - DEBUG - FrontendConnectionHandler(id=140620687280464, session='2017-10-24T16_22_11_0').on_event(Event(FACTS, [{predicate: go_to_step, grammar_entry: None, value: chose step1}], sender=DmeModule, reason=None))
2017-10-24 16:22:23,417 - TdmApplication - DEBUG - FrontendConnectionHandler(id=140620687280464, session='2017-10-24T16_22_11_0'): writing {"content": [{"predicate": "go_to_step", "grammar_entry": null, "value": "chose step1"}], "_sender": "DmeModule", "_reason": null, "event_type": "FACTS"}
2017-10-24 16:22:23,417 - TdmApplication - DEBUG - FrontendConnectionHandler(id=140620687280464, session='2017-10-24T16_22_11_0'): OK
2017-10-24 16:22:23,430 - TdmApplication - DEBUG - FrontendConnectionHandler(id=140620687280464, session='2017-10-24T16_22_11_0').on_event(Event(SYSTEM_UTTERANCE_TO_SPEAK, [Ok chose step1.], sender=GenerateModule, reason=None))
2017-10-24 16:22:23,430 - TdmApplication - DEBUG - FrontendConnectionHandler(id=140620687280464, session='2017-10-24T16_22_11_0'): writing {"content": ["Ok chose step1."], "_sender": "GenerateModule", "_reason": null, "event_type": "SYSTEM_UTTERANCE_TO_SPEAK"}
2017-10-24 16:22:23,430 - TdmApplication - DEBUG - FrontendConnectionHandler(id=140620687280464, session='2017-10-24T16_22_11_0'): OK
2017-10-24 16:22:23,431 - TdmApplication - DEBUG - FrontendConnectionHandler(id=140620687280464, session='2017-10-24T16_22_11_0').on_event(Event(GUI.POPUP, {options: [], title: Ok chose step1.}, sender=IndependentGuiBackend, reason=None))
2017-10-24 16:22:23,432 - TdmApplication - DEBUG - FrontendConnectionHandler(id=140620687280464, session='2017-10-24T16_22_11_0'): writing {"content": {"options": [], "title": "Ok chose step1."}, "_sender": "IndependentGuiBackend", "_reason": null, "event_type": "GUI.POPUP"}
2017-10-24 16:22:23,432 - TdmApplication - DEBUG - FrontendConnectionHandler(id=140620687280464, session='2017-10-24T16_22_11_0'): OK
2017-10-24 16:22:23,433 - TdmApplication - DEBUG - FrontendConnectionHandler(id=140620687280464, session='2017-10-24T16_22_11_0').on_event(Event(MESSAGE_TO_GUI, [<tdm.tdm_gui_protocol.Popup instance at 0x7fe4cc2a0b90>], sender=GuiBackend, reason=None))
2017-10-24 16:22:23,434 - TdmApplication - DEBUG - FrontendConnectionHandler(id=140620687280464, session='2017-10-24T16_22_11_0'): writing {"content": [{"Popup": {"elements": [], "title": "Ok chose step1."}}], "_sender": "GuiBackend", "_reason": null, "event_type": "MESSAGE_TO_GUI"}
2017-10-24 16:22:23,434 - TdmApplication - DEBUG - FrontendConnectionHandler(id=140620687280464, session='2017-10-24T16_22_11_0'): OK
2017-10-24 16:22:23,438 - TdmApplication - DEBUG - FrontendConnectionHandler(id=140620687280464, session='2017-10-24T16_22_11_0').on_message({"content": ["Ok chose step1."], "_sender": "TextOutputComponent", "_reason": null, "event_type": "SYSTEM_UTTERANCE_REALIZED"})
2017-10-24 16:22:23,466 - TdmApplication - DEBUG - FrontendConnectionHandler(id=140620687280464, session='2017-10-24T16_22_11_0').on_event(Event(FACTS, [{predicate: go_to_step, grammar_entry: None, value: chose step1}], sender=DmeModule, reason=None))
2017-10-24 16:22:23,466 - TdmApplication - DEBUG - FrontendConnectionHandler(id=140620687280464, session='2017-10-24T16_22_11_0'): writing {"content": [{"predicate": "go_to_step", "grammar_entry": null, "value": "chose step1"}], "_sender": "DmeModule", "_reason": null, "event_type": "FACTS"}
2017-10-24 16:22:23,466 - TdmApplication - DEBUG - FrontendConnectionHandler(id=140620687280464, session='2017-10-24T16_22_11_0'): OK
2017-10-24 16:22:27,596 - TdmApplication - DEBUG - FrontendConnectionHandler(id=140620687280464, session='2017-10-24T16_22_11_0').on_message({"content": [{"score": 1.0, "utterance": "go to next"}], "_sender": "TextInputComponent", "_reason": null, "event_type": "RECOGNITION"})
2017-10-24 16:22:27,600 - TdmApplication - DEBUG - FrontendConnectionHandler(id=140620687280464, session='2017-10-24T16_22_11_0').on_event(Event(FACTS, [], sender=DmeModule, reason=None))
2017-10-24 16:22:27,600 - TdmApplication - DEBUG - FrontendConnectionHandler(id=140620687280464, session='2017-10-24T16_22_11_0'): writing {"content": [], "_sender": "DmeModule", "_reason": null, "event_type": "FACTS"}
2017-10-24 16:22:27,600 - TdmApplication - DEBUG - FrontendConnectionHandler(id=140620687280464, session='2017-10-24T16_22_11_0'): OK
2017-10-24 16:22:27,610 - TdmApplication - DEBUG - FrontendConnectionHandler(id=140620687280464, session='2017-10-24T16_22_11_0').on_event(Event(STOP_SPEAKING, None, sender=TurnManager, reason=None))
2017-10-24 16:22:27,610 - TdmApplication - DEBUG - FrontendConnectionHandler(id=140620687280464, session='2017-10-24T16_22_11_0'): writing {"content": null, "_sender": "TurnManager", "_reason": null, "event_type": "STOP_SPEAKING"}
2017-10-24 16:22:27,610 - TdmApplication - DEBUG - FrontendConnectionHandler(id=140620687280464, session='2017-10-24T16_22_11_0'): OK
2017-10-24 16:22:27,611 - TdmApplication - DEBUG - FrontendConnectionHandler(id=140620687280464, session='2017-10-24T16_22_11_0').on_event(Event(SYSTEM_UTTERANCE_TO_SPEAK, [Returning to the start view., What would you like to do?], sender=GenerateModule, reason=None))
2017-10-24 16:22:27,611 - TdmApplication - DEBUG - FrontendConnectionHandler(id=140620687280464, session='2017-10-24T16_22_11_0'): writing {"content": ["Returning to the start view.", "What would you like to do?"], "_sender": "GenerateModule", "_reason": null, "event_type": "SYSTEM_UTTERANCE_TO_SPEAK"}
2017-10-24 16:22:27,611 - TdmApplication - DEBUG - FrontendConnectionHandler(id=140620687280464, session='2017-10-24T16_22_11_0'): OK
2017-10-24 16:22:27,612 - TdmApplication - DEBUG - FrontendConnectionHandler(id=140620687280464, session='2017-10-24T16_22_11_0').on_event(Event(MESSAGE_TO_GUI, [<tdm.tdm_gui_protocol.ClosePopup instance at 0x7fe4cc23e560>], sender=GuiBackend, reason=None))
2017-10-24 16:22:27,612 - TdmApplication - DEBUG - FrontendConnectionHandler(id=140620687280464, session='2017-10-24T16_22_11_0'): writing {"content": [{"ClosePopup": {}}], "_sender": "GuiBackend", "_reason": null, "event_type": "MESSAGE_TO_GUI"}
2017-10-24 16:22:27,612 - TdmApplication - DEBUG - FrontendConnectionHandler(id=140620687280464, session='2017-10-24T16_22_11_0'): OK
2017-10-24 16:22:27,649 - TdmApplication - DEBUG - FrontendConnectionHandler(id=140620687280464, session='2017-10-24T16_22_11_0').on_message({"content": ["Returning to the start view.", "What would you like to do?"], "_sender": "TextOutputComponent", "_reason": null, "event_type": "SYSTEM_UTTERANCE_REALIZED"})
2017-10-24 16:22:27,672 - TdmApplication - DEBUG - FrontendConnectionHandler(id=140620687280464, session='2017-10-24T16_22_11_0').on_event(Event(FACTS, [], sender=DmeModule, reason=None))
2017-10-24 16:22:27,672 - TdmApplication - DEBUG - FrontendConnectionHandler(id=140620687280464, session='2017-10-24T16_22_11_0'): writing {"content": [], "_sender": "DmeModule", "_reason": null, "event_type": "FACTS"}
2017-10-24 16:22:27,672 - TdmApplication - DEBUG - FrontendConnectionHandler(id=140620687280464, session='2017-10-24T16_22_11_0'): OK
2017-10-24 16:22:27,741 - TdmApplication - DEBUG - FrontendConnectionHandler(id=140620687280464, session='2017-10-24T16_22_11_0').on_event(Event(SELECTED_RECOGNITION, go to next, sender=DmeModule, reason=None))
2017-10-24 16:22:27,741 - TdmApplication - DEBUG - FrontendConnectionHandler(id=140620687280464, session='2017-10-24T16_22_11_0'): writing {"content": "go to next", "_sender": "DmeModule", "_reason": null, "event_type": "SELECTED_RECOGNITION"}
2017-10-24 16:22:27,741 - TdmApplication - DEBUG - FrontendConnectionHandler(id=140620687280464, session='2017-10-24T16_22_11_0'): OK
2017-10-24 16:22:27,742 - TdmApplication - DEBUG - FrontendConnectionHandler(id=140620687280464, session='2017-10-24T16_22_11_0').on_event(Event(FACTS, [], sender=DmeModule, reason=None))
2017-10-24 16:22:27,743 - TdmApplication - DEBUG - FrontendConnectionHandler(id=140620687280464, session='2017-10-24T16_22_11_0'): writing {"content": [], "_sender": "DmeModule", "_reason": null, "event_type": "FACTS"}
2017-10-24 16:22:27,743 - TdmApplication - DEBUG - FrontendConnectionHandler(id=140620687280464, session='2017-10-24T16_22_11_0'): OK
2017-10-24 16:22:27,752 - TdmApplication - DEBUG - FrontendConnectionHandler(id=140620687280464, session='2017-10-24T16_22_11_0').on_event(Event(SYSTEM_UTTERANCE_TO_SPEAK, [, Went to next], sender=GenerateModule, reason=None))
2017-10-24 16:22:27,752 - TdmApplication - DEBUG - FrontendConnectionHandler(id=140620687280464, session='2017-10-24T16_22_11_0'): writing {"content": ["", "Went to next"], "_sender": "GenerateModule", "_reason": null, "event_type": "SYSTEM_UTTERANCE_TO_SPEAK"}
2017-10-24 16:22:27,752 - TdmApplication - DEBUG - FrontendConnectionHandler(id=140620687280464, session='2017-10-24T16_22_11_0'): OK
2017-10-24 16:22:27,753 - TdmApplication - DEBUG - FrontendConnectionHandler(id=140620687280464, session='2017-10-24T16_22_11_0').on_event(Event(GUI.POPUP, {options: [], title: Went to next}, sender=IndependentGuiBackend, reason=None))
2017-10-24 16:22:27,753 - TdmApplication - DEBUG - FrontendConnectionHandler(id=140620687280464, session='2017-10-24T16_22_11_0'): writing {"content": {"options": [], "title": "Went to next"}, "_sender": "IndependentGuiBackend", "_reason": null, "event_type": "GUI.POPUP"}
2017-10-24 16:22:27,753 - TdmApplication - DEBUG - FrontendConnectionHandler(id=140620687280464, session='2017-10-24T16_22_11_0'): OK
2017-10-24 16:22:27,755 - TdmApplication - DEBUG - FrontendConnectionHandler(id=140620687280464, session='2017-10-24T16_22_11_0').on_event(Event(MESSAGE_TO_GUI, [<tdm.tdm_gui_protocol.DeviceResult instance at 0x7fe4cc25a830>, <tdm.tdm_gui_protocol.Popup instance at 0x7fe4cc28c320>], sender=GuiBackend, reason=None))
2017-10-24 16:22:27,755 - TdmApplication - DEBUG - FrontendConnectionHandler(id=140620687280464, session='2017-10-24T16_22_11_0'): writing {"content": [{"DeviceResult": {"action": "go_to_next", "result": true, "arguments": {}, "failure_reason": null}}, {"Popup": {"elements": [], "title": "Went to next"}}], "_sender": "GuiBackend", "_reason": null, "event_type": "MESSAGE_TO_GUI"}
2017-10-24 16:22:27,755 - TdmApplication - DEBUG - FrontendConnectionHandler(id=140620687280464, session='2017-10-24T16_22_11_0'): OK
2017-10-24 16:22:27,771 - TdmApplication - DEBUG - FrontendConnectionHandler(id=140620687280464, session='2017-10-24T16_22_11_0').on_message({"content": ["", "Went to next"], "_sender": "TextOutputComponent", "_reason": null, "event_type": "SYSTEM_UTTERANCE_REALIZED"})
2017-10-24 16:22:27,829 - TdmApplication - DEBUG - FrontendConnectionHandler(id=140620687280464, session='2017-10-24T16_22_11_0').on_event(Event(FACTS, [], sender=DmeModule, reason=None))
2017-10-24 16:22:27,829 - TdmApplication - DEBUG - FrontendConnectionHandler(id=140620687280464, session='2017-10-24T16_22_11_0'): writing {"content": [], "_sender": "DmeModule", "_reason": null, "event_type": "FACTS"}
2017-10-24 16:22:27,829 - TdmApplication - DEBUG - FrontendConnectionHandler(id=140620687280464, session='2017-10-24T16_22_11_0'): OK
2017-10-24 16:22:27,838 - TdmApplication - DEBUG - FrontendConnectionHandler(id=140620687280464, session='2017-10-24T16_22_11_0').on_event(Event(SYSTEM_UTTERANCE_TO_SPEAK, [I'm sorry, something went wrong.], sender=GenerateModule, reason=None))
2017-10-24 16:22:27,838 - TdmApplication - DEBUG - FrontendConnectionHandler(id=140620687280464, session='2017-10-24T16_22_11_0'): writing {"content": ["I'm sorry, something went wrong."], "_sender": "GenerateModule", "_reason": null, "event_type": "SYSTEM_UTTERANCE_TO_SPEAK"}
2017-10-24 16:22:27,838 - TdmApplication - DEBUG - FrontendConnectionHandler(id=140620687280464, session='2017-10-24T16_22_11_0'): OK
2017-10-24 16:22:27,839 - TdmApplication - DEBUG - FrontendConnectionHandler(id=140620687280464, session='2017-10-24T16_22_11_0').on_event(Event(GUI.POPUP, {options: [], title: I'm sorry, something went wrong.}, sender=IndependentGuiBackend, reason=None))
2017-10-24 16:22:27,839 - TdmApplication - DEBUG - FrontendConnectionHandler(id=140620687280464, session='2017-10-24T16_22_11_0'): writing {"content": {"options": [], "title": "I'm sorry, something went wrong."}, "_sender": "IndependentGuiBackend", "_reason": null, "event_type": "GUI.POPUP"}
2017-10-24 16:22:27,839 - TdmApplication - DEBUG - FrontendConnectionHandler(id=140620687280464, session='2017-10-24T16_22_11_0'): OK
2017-10-24 16:22:27,840 - TdmApplication - DEBUG - FrontendConnectionHandler(id=140620687280464, session='2017-10-24T16_22_11_0').on_event(Event(MESSAGE_TO_GUI, [<tdm.tdm_gui_protocol.ClosePopup instance at 0x7fe4cc25a908>, <tdm.tdm_gui_protocol.DeviceResult instance at 0x7fe4cc25a9e0>, <tdm.tdm_gui_protocol.Popup instance at 0x7fe4cc25a200>], sender=GuiBackend, reason=None))
2017-10-24 16:22:27,840 - TdmApplication - DEBUG - FrontendConnectionHandler(id=140620687280464, session='2017-10-24T16_22_11_0'): writing {"content": [{"ClosePopup": {}}, {"DeviceResult": {"action": "say_step", "result": false, "arguments": {}, "failure_reason": "undefined_failure"}}, {"Popup": {"elements": [], "title": "I'm sorry, something went wrong."}}], "_sender": "GuiBackend", "_reason": null, "event_type": "MESSAGE_TO_GUI"}
2017-10-24 16:22:27,840 - TdmApplication - DEBUG - FrontendConnectionHandler(id=140620687280464, session='2017-10-24T16_22_11_0'): OK
2017-10-24 16:22:27,878 - TdmApplication - DEBUG - FrontendConnectionHandler(id=140620687280464, session='2017-10-24T16_22_11_0').on_message({"content": ["I'm sorry, something went wrong."], "_sender": "TextOutputComponent", "_reason": null, "event_type": "SYSTEM_UTTERANCE_REALIZED"})
2017-10-24 16:22:27,899 - TdmApplication - DEBUG - FrontendConnectionHandler(id=140620687280464, session='2017-10-24T16_22_11_0').on_event(Event(FACTS, [], sender=DmeModule, reason=None))
2017-10-24 16:22:27,899 - TdmApplication - DEBUG - FrontendConnectionHandler(id=140620687280464, session='2017-10-24T16_22_11_0'): writing {"content": [], "_sender": "DmeModule", "_reason": null, "event_type": "FACTS"}
2017-10-24 16:22:27,899 - TdmApplication - DEBUG - FrontendConnectionHandler(id=140620687280464, session='2017-10-24T16_22_11_0'): OK
2017-10-24 16:22:35,730 - TdmApplication - DEBUG - FrontendConnectionHandler(id=140620687280464, session='2017-10-24T16_22_11_0').on_message({"content": [{"score": 1.0, "utterance": "go to next"}], "_sender": "TextInputComponent", "_reason": null, "event_type": "RECOGNITION"})
2017-10-24 16:22:35,733 - TdmApplication - DEBUG - FrontendConnectionHandler(id=140620687280464, session='2017-10-24T16_22_11_0').on_event(Event(FACTS, [], sender=DmeModule, reason=None))
2017-10-24 16:22:35,733 - TdmApplication - DEBUG - FrontendConnectionHandler(id=140620687280464, session='2017-10-24T16_22_11_0'): writing {"content": [], "_sender": "DmeModule", "_reason": null, "event_type": "FACTS"}
2017-10-24 16:22:35,733 - TdmApplication - DEBUG - FrontendConnectionHandler(id=140620687280464, session='2017-10-24T16_22_11_0'): OK
2017-10-24 16:22:35,746 - TdmApplication - DEBUG - FrontendConnectionHandler(id=140620687280464, session='2017-10-24T16_22_11_0').on_event(Event(STOP_SPEAKING, None, sender=TurnManager, reason=None))
2017-10-24 16:22:35,746 - TdmApplication - DEBUG - FrontendConnectionHandler(id=140620687280464, session='2017-10-24T16_22_11_0'): writing {"content": null, "_sender": "TurnManager", "_reason": null, "event_type": "STOP_SPEAKING"}
2017-10-24 16:22:35,746 - TdmApplication - DEBUG - FrontendConnectionHandler(id=140620687280464, session='2017-10-24T16_22_11_0'): OK
2017-10-24 16:22:35,748 - TdmApplication - DEBUG - FrontendConnectionHandler(id=140620687280464, session='2017-10-24T16_22_11_0').on_event(Event(SYSTEM_UTTERANCE_TO_SPEAK, [Returning to tell me what to do., I'm sorry, something went wrong.], sender=GenerateModule, reason=None))
2017-10-24 16:22:35,748 - TdmApplication - DEBUG - FrontendConnectionHandler(id=140620687280464, session='2017-10-24T16_22_11_0'): writing {"content": ["Returning to tell me what to do.", "I'm sorry, something went wrong."], "_sender": "GenerateModule", "_reason": null, "event_type": "SYSTEM_UTTERANCE_TO_SPEAK"}
2017-10-24 16:22:35,748 - TdmApplication - DEBUG - FrontendConnectionHandler(id=140620687280464, session='2017-10-24T16_22_11_0'): OK
2017-10-24 16:22:35,750 - TdmApplication - DEBUG - FrontendConnectionHandler(id=140620687280464, session='2017-10-24T16_22_11_0').on_event(Event(GUI.POPUP, {options: [], title: I'm sorry, something went wrong.}, sender=IndependentGuiBackend, reason=None))
2017-10-24 16:22:35,750 - TdmApplication - DEBUG - FrontendConnectionHandler(id=140620687280464, session='2017-10-24T16_22_11_0'): writing {"content": {"options": [], "title": "I'm sorry, something went wrong."}, "_sender": "IndependentGuiBackend", "_reason": null, "event_type": "GUI.POPUP"}
2017-10-24 16:22:35,750 - TdmApplication - DEBUG - FrontendConnectionHandler(id=140620687280464, session='2017-10-24T16_22_11_0'): OK
2017-10-24 16:22:35,751 - TdmApplication - DEBUG - FrontendConnectionHandler(id=140620687280464, session='2017-10-24T16_22_11_0').on_event(Event(MESSAGE_TO_GUI, [<tdm.tdm_gui_protocol.DeviceResult instance at 0x7fe4cc28ca28>, <tdm.tdm_gui_protocol.Popup instance at 0x7fe4cc25ad40>], sender=GuiBackend, reason=None))
2017-10-24 16:22:35,751 - TdmApplication - DEBUG - FrontendConnectionHandler(id=140620687280464, session='2017-10-24T16_22_11_0'): writing {"content": [{"DeviceResult": {"action": "say_step", "result": false, "arguments": {}, "failure_reason": "undefined_failure"}}, {"Popup": {"elements": [], "title": "I'm sorry, something went wrong."}}], "_sender": "GuiBackend", "_reason": null, "event_type": "MESSAGE_TO_GUI"}
2017-10-24 16:22:35,751 - TdmApplication - DEBUG - FrontendConnectionHandler(id=140620687280464, session='2017-10-24T16_22_11_0'): OK
2017-10-24 16:22:35,758 - TdmApplication - DEBUG - FrontendConnectionHandler(id=140620687280464, session='2017-10-24T16_22_11_0').on_message({"content": ["Returning to tell me what to do.", "I'm sorry, something went wrong."], "_sender": "TextOutputComponent", "_reason": null, "event_type": "SYSTEM_UTTERANCE_REALIZED"})
2017-10-24 16:22:35,783 - TdmApplication - DEBUG - FrontendConnectionHandler(id=140620687280464, session='2017-10-24T16_22_11_0').on_event(Event(FACTS, [], sender=DmeModule, reason=None))
2017-10-24 16:22:35,784 - TdmApplication - DEBUG - FrontendConnectionHandler(id=140620687280464, session='2017-10-24T16_22_11_0'): writing {"content": [], "_sender": "DmeModule", "_reason": null, "event_type": "FACTS"}
2017-10-24 16:22:35,784 - TdmApplication - DEBUG - FrontendConnectionHandler(id=140620687280464, session='2017-10-24T16_22_11_0'): OK
2017-10-24 16:22:35,847 - TdmApplication - DEBUG - FrontendConnectionHandler(id=140620687280464, session='2017-10-24T16_22_11_0').on_event(Event(SELECTED_RECOGNITION, go to next, sender=DmeModule, reason=None))
2017-10-24 16:22:35,847 - TdmApplication - DEBUG - FrontendConnectionHandler(id=140620687280464, session='2017-10-24T16_22_11_0'): writing {"content": "go to next", "_sender": "DmeModule", "_reason": null, "event_type": "SELECTED_RECOGNITION"}
2017-10-24 16:22:35,847 - TdmApplication - DEBUG - FrontendConnectionHandler(id=140620687280464, session='2017-10-24T16_22_11_0'): OK
2017-10-24 16:22:35,849 - TdmApplication - DEBUG - FrontendConnectionHandler(id=140620687280464, session='2017-10-24T16_22_11_0').on_event(Event(FACTS, [], sender=DmeModule, reason=None))
2017-10-24 16:22:35,849 - TdmApplication - DEBUG - FrontendConnectionHandler(id=140620687280464, session='2017-10-24T16_22_11_0'): writing {"content": [], "_sender": "DmeModule", "_reason": null, "event_type": "FACTS"}
2017-10-24 16:22:35,849 - TdmApplication - DEBUG - FrontendConnectionHandler(id=140620687280464, session='2017-10-24T16_22_11_0'): OK
2017-10-24 16:22:35,858 - TdmApplication - DEBUG - FrontendConnectionHandler(id=140620687280464, session='2017-10-24T16_22_11_0').on_event(Event(SYSTEM_UTTERANCE_TO_SPEAK, [, Went to next], sender=GenerateModule, reason=None))
2017-10-24 16:22:35,858 - TdmApplication - DEBUG - FrontendConnectionHandler(id=140620687280464, session='2017-10-24T16_22_11_0'): writing {"content": ["", "Went to next"], "_sender": "GenerateModule", "_reason": null, "event_type": "SYSTEM_UTTERANCE_TO_SPEAK"}
2017-10-24 16:22:35,858 - TdmApplication - DEBUG - FrontendConnectionHandler(id=140620687280464, session='2017-10-24T16_22_11_0'): OK
2017-10-24 16:22:35,859 - TdmApplication - DEBUG - FrontendConnectionHandler(id=140620687280464, session='2017-10-24T16_22_11_0').on_event(Event(GUI.POPUP, {options: [], title: Went to next}, sender=IndependentGuiBackend, reason=None))
2017-10-24 16:22:35,859 - TdmApplication - DEBUG - FrontendConnectionHandler(id=140620687280464, session='2017-10-24T16_22_11_0'): writing {"content": {"options": [], "title": "Went to next"}, "_sender": "IndependentGuiBackend", "_reason": null, "event_type": "GUI.POPUP"}
2017-10-24 16:22:35,859 - TdmApplication - DEBUG - FrontendConnectionHandler(id=140620687280464, session='2017-10-24T16_22_11_0'): OK
2017-10-24 16:22:35,861 - TdmApplication - DEBUG - FrontendConnectionHandler(id=140620687280464, session='2017-10-24T16_22_11_0').on_event(Event(MESSAGE_TO_GUI, [<tdm.tdm_gui_protocol.ClosePopup instance at 0x7fe4ce1d53f8>, <tdm.tdm_gui_protocol.DeviceResult instance at 0x7fe4cc2a0f80>, <tdm.tdm_gui_protocol.Popup instance at 0x7fe4cc282368>], sender=GuiBackend, reason=None))
2017-10-24 16:22:35,861 - TdmApplication - DEBUG - FrontendConnectionHandler(id=140620687280464, session='2017-10-24T16_22_11_0'): writing {"content": [{"ClosePopup": {}}, {"DeviceResult": {"action": "go_to_next", "result": true, "arguments": {}, "failure_reason": null}}, {"Popup": {"elements": [], "title": "Went to next"}}], "_sender": "GuiBackend", "_reason": null, "event_type": "MESSAGE_TO_GUI"}
2017-10-24 16:22:35,861 - TdmApplication - DEBUG - FrontendConnectionHandler(id=140620687280464, session='2017-10-24T16_22_11_0'): OK
2017-10-24 16:22:35,882 - TdmApplication - DEBUG - FrontendConnectionHandler(id=140620687280464, session='2017-10-24T16_22_11_0').on_message({"content": ["", "Went to next"], "_sender": "TextOutputComponent", "_reason": null, "event_type": "SYSTEM_UTTERANCE_REALIZED"})
2017-10-24 16:22:35,937 - TdmApplication - DEBUG - FrontendConnectionHandler(id=140620687280464, session='2017-10-24T16_22_11_0').on_event(Event(FACTS, [], sender=DmeModule, reason=None))
2017-10-24 16:22:35,937 - TdmApplication - DEBUG - FrontendConnectionHandler(id=140620687280464, session='2017-10-24T16_22_11_0'): writing {"content": [], "_sender": "DmeModule", "_reason": null, "event_type": "FACTS"}
2017-10-24 16:22:35,938 - TdmApplication - DEBUG - FrontendConnectionHandler(id=140620687280464, session='2017-10-24T16_22_11_0'): OK
2017-10-24 16:22:35,947 - TdmApplication - DEBUG - FrontendConnectionHandler(id=140620687280464, session='2017-10-24T16_22_11_0').on_event(Event(SYSTEM_UTTERANCE_TO_SPEAK, [I'm sorry, something went wrong.], sender=GenerateModule, reason=None))
2017-10-24 16:22:35,947 - TdmApplication - DEBUG - FrontendConnectionHandler(id=140620687280464, session='2017-10-24T16_22_11_0'): writing {"content": ["I'm sorry, something went wrong."], "_sender": "GenerateModule", "_reason": null, "event_type": "SYSTEM_UTTERANCE_TO_SPEAK"}
2017-10-24 16:22:35,947 - TdmApplication - DEBUG - FrontendConnectionHandler(id=140620687280464, session='2017-10-24T16_22_11_0'): OK
2017-10-24 16:22:35,948 - TdmApplication - DEBUG - FrontendConnectionHandler(id=140620687280464, session='2017-10-24T16_22_11_0').on_event(Event(GUI.POPUP, {options: [], title: I'm sorry, something went wrong.}, sender=IndependentGuiBackend, reason=None))
2017-10-24 16:22:35,948 - TdmApplication - DEBUG - FrontendConnectionHandler(id=140620687280464, session='2017-10-24T16_22_11_0'): writing {"content": {"options": [], "title": "I'm sorry, something went wrong."}, "_sender": "IndependentGuiBackend", "_reason": null, "event_type": "GUI.POPUP"}
2017-10-24 16:22:35,948 - TdmApplication - DEBUG - FrontendConnectionHandler(id=140620687280464, session='2017-10-24T16_22_11_0'): OK
2017-10-24 16:22:35,949 - TdmApplication - DEBUG - FrontendConnectionHandler(id=140620687280464, session='2017-10-24T16_22_11_0').on_event(Event(MESSAGE_TO_GUI, [<tdm.tdm_gui_protocol.ClosePopup instance at 0x7fe4cc23eea8>, <tdm.tdm_gui_protocol.DeviceResult instance at 0x7fe4cc23e320>, <tdm.tdm_gui_protocol.Popup instance at 0x7fe4cc23ec68>], sender=GuiBackend, reason=None))
2017-10-24 16:22:35,949 - TdmApplication - DEBUG - FrontendConnectionHandler(id=140620687280464, session='2017-10-24T16_22_11_0'): writing {"content": [{"ClosePopup": {}}, {"DeviceResult": {"action": "say_step", "result": false, "arguments": {}, "failure_reason": "undefined_failure"}}, {"Popup": {"elements": [], "title": "I'm sorry, something went wrong."}}], "_sender": "GuiBackend", "_reason": null, "event_type": "MESSAGE_TO_GUI"}
2017-10-24 16:22:35,949 - TdmApplication - DEBUG - FrontendConnectionHandler(id=140620687280464, session='2017-10-24T16_22_11_0'): OK
2017-10-24 16:22:35,999 - TdmApplication - DEBUG - FrontendConnectionHandler(id=140620687280464, session='2017-10-24T16_22_11_0').on_message({"content": ["I'm sorry, something went wrong."], "_sender": "TextOutputComponent", "_reason": null, "event_type": "SYSTEM_UTTERANCE_REALIZED"})
2017-10-24 16:22:36,020 - TdmApplication - DEBUG - FrontendConnectionHandler(id=140620687280464, session='2017-10-24T16_22_11_0').on_event(Event(FACTS, [], sender=DmeModule, reason=None))
2017-10-24 16:22:36,020 - TdmApplication - DEBUG - FrontendConnectionHandler(id=140620687280464, session='2017-10-24T16_22_11_0'): writing {"content": [], "_sender": "DmeModule", "_reason": null, "event_type": "FACTS"}
2017-10-24 16:22:36,020 - TdmApplication - DEBUG - FrontendConnectionHandler(id=140620687280464, session='2017-10-24T16_22_11_0'): OK
2017-10-24 16:22:42,497 - TdmApplication - DEBUG - FrontendConnectionHandler(id=140620687280464, session='2017-10-24T16_22_11_0').on_message({"content": [{"score": 1.0, "utterance": "go back"}], "_sender": "TextInputComponent", "_reason": null, "event_type": "RECOGNITION"})
2017-10-24 16:22:42,501 - TdmApplication - DEBUG - FrontendConnectionHandler(id=140620687280464, session='2017-10-24T16_22_11_0').on_event(Event(FACTS, [], sender=DmeModule, reason=None))
2017-10-24 16:22:42,501 - TdmApplication - DEBUG - FrontendConnectionHandler(id=140620687280464, session='2017-10-24T16_22_11_0'): writing {"content": [], "_sender": "DmeModule", "_reason": null, "event_type": "FACTS"}
2017-10-24 16:22:42,501 - TdmApplication - DEBUG - FrontendConnectionHandler(id=140620687280464, session='2017-10-24T16_22_11_0'): OK
2017-10-24 16:22:42,513 - TdmApplication - DEBUG - FrontendConnectionHandler(id=140620687280464, session='2017-10-24T16_22_11_0').on_event(Event(STOP_SPEAKING, None, sender=TurnManager, reason=None))
2017-10-24 16:22:42,513 - TdmApplication - DEBUG - FrontendConnectionHandler(id=140620687280464, session='2017-10-24T16_22_11_0'): writing {"content": null, "_sender": "TurnManager", "_reason": null, "event_type": "STOP_SPEAKING"}
2017-10-24 16:22:42,513 - TdmApplication - DEBUG - FrontendConnectionHandler(id=140620687280464, session='2017-10-24T16_22_11_0'): OK
2017-10-24 16:22:42,514 - TdmApplication - DEBUG - FrontendConnectionHandler(id=140620687280464, session='2017-10-24T16_22_11_0').on_event(Event(SYSTEM_UTTERANCE_TO_SPEAK, [Returning to tell me what to do., I'm sorry, something went wrong.], sender=GenerateModule, reason=None))
2017-10-24 16:22:42,515 - TdmApplication - DEBUG - FrontendConnectionHandler(id=140620687280464, session='2017-10-24T16_22_11_0'): writing {"content": ["Returning to tell me what to do.", "I'm sorry, something went wrong."], "_sender": "GenerateModule", "_reason": null, "event_type": "SYSTEM_UTTERANCE_TO_SPEAK"}
2017-10-24 16:22:42,516 - TdmApplication - DEBUG - FrontendConnectionHandler(id=140620687280464, session='2017-10-24T16_22_11_0'): OK
2017-10-24 16:22:42,518 - TdmApplication - DEBUG - FrontendConnectionHandler(id=140620687280464, session='2017-10-24T16_22_11_0').on_event(Event(GUI.POPUP, {options: [], title: I'm sorry, something went wrong.}, sender=IndependentGuiBackend, reason=None))
2017-10-24 16:22:42,519 - TdmApplication - DEBUG - FrontendConnectionHandler(id=140620687280464, session='2017-10-24T16_22_11_0'): writing {"content": {"options": [], "title": "I'm sorry, something went wrong."}, "_sender": "IndependentGuiBackend", "_reason": null, "event_type": "GUI.POPUP"}
2017-10-24 16:22:42,519 - TdmApplication - DEBUG - FrontendConnectionHandler(id=140620687280464, session='2017-10-24T16_22_11_0'): OK
2017-10-24 16:22:42,520 - TdmApplication - DEBUG - FrontendConnectionHandler(id=140620687280464, session='2017-10-24T16_22_11_0').on_event(Event(MESSAGE_TO_GUI, [<tdm.tdm_gui_protocol.DeviceResult instance at 0x7fe4cc23e680>, <tdm.tdm_gui_protocol.Popup instance at 0x7fe4cc234cf8>], sender=GuiBackend, reason=None))
2017-10-24 16:22:42,521 - TdmApplication - DEBUG - FrontendConnectionHandler(id=140620687280464, session='2017-10-24T16_22_11_0'): writing {"content": [{"DeviceResult": {"action": "say_step", "result": false, "arguments": {}, "failure_reason": "undefined_failure"}}, {"Popup": {"elements": [], "title": "I'm sorry, something went wrong."}}], "_sender": "GuiBackend", "_reason": null, "event_type": "MESSAGE_TO_GUI"}
2017-10-24 16:22:42,521 - TdmApplication - DEBUG - FrontendConnectionHandler(id=140620687280464, session='2017-10-24T16_22_11_0'): OK
2017-10-24 16:22:42,524 - TdmApplication - DEBUG - FrontendConnectionHandler(id=140620687280464, session='2017-10-24T16_22_11_0').on_message({"content": ["Returning to tell me what to do.", "I'm sorry, something went wrong."], "_sender": "TextOutputComponent", "_reason": null, "event_type": "SYSTEM_UTTERANCE_REALIZED"})
2017-10-24 16:22:42,551 - TdmApplication - DEBUG - FrontendConnectionHandler(id=140620687280464, session='2017-10-24T16_22_11_0').on_event(Event(FACTS, [], sender=DmeModule, reason=None))
2017-10-24 16:22:42,551 - TdmApplication - DEBUG - FrontendConnectionHandler(id=140620687280464, session='2017-10-24T16_22_11_0'): writing {"content": [], "_sender": "DmeModule", "_reason": null, "event_type": "FACTS"}
2017-10-24 16:22:42,551 - TdmApplication - DEBUG - FrontendConnectionHandler(id=140620687280464, session='2017-10-24T16_22_11_0'): OK
2017-10-24 16:22:42,610 - TdmApplication - DEBUG - FrontendConnectionHandler(id=140620687280464, session='2017-10-24T16_22_11_0').on_event(Event(SELECTED_RECOGNITION, go back, sender=DmeModule, reason=None))
2017-10-24 16:22:42,610 - TdmApplication - DEBUG - FrontendConnectionHandler(id=140620687280464, session='2017-10-24T16_22_11_0'): writing {"content": "go back", "_sender": "DmeModule", "_reason": null, "event_type": "SELECTED_RECOGNITION"}
2017-10-24 16:22:42,610 - TdmApplication - DEBUG - FrontendConnectionHandler(id=140620687280464, session='2017-10-24T16_22_11_0'): OK
2017-10-24 16:22:42,611 - TdmApplication - DEBUG - FrontendConnectionHandler(id=140620687280464, session='2017-10-24T16_22_11_0').on_event(Event(FACTS, [], sender=DmeModule, reason=None))
2017-10-24 16:22:42,611 - TdmApplication - DEBUG - FrontendConnectionHandler(id=140620687280464, session='2017-10-24T16_22_11_0'): writing {"content": [], "_sender": "DmeModule", "_reason": null, "event_type": "FACTS"}
2017-10-24 16:22:42,611 - TdmApplication - DEBUG - FrontendConnectionHandler(id=140620687280464, session='2017-10-24T16_22_11_0'): OK
2017-10-24 16:22:42,621 - TdmApplication - DEBUG - FrontendConnectionHandler(id=140620687280464, session='2017-10-24T16_22_11_0').on_event(Event(SYSTEM_UTTERANCE_TO_SPEAK, [, Went to the previous step], sender=GenerateModule, reason=None))
2017-10-24 16:22:42,621 - TdmApplication - DEBUG - FrontendConnectionHandler(id=140620687280464, session='2017-10-24T16_22_11_0'): writing {"content": ["", "Went to the previous step"], "_sender": "GenerateModule", "_reason": null, "event_type": "SYSTEM_UTTERANCE_TO_SPEAK"}
2017-10-24 16:22:42,621 - TdmApplication - DEBUG - FrontendConnectionHandler(id=140620687280464, session='2017-10-24T16_22_11_0'): OK
2017-10-24 16:22:42,623 - TdmApplication - DEBUG - FrontendConnectionHandler(id=140620687280464, session='2017-10-24T16_22_11_0').on_event(Event(GUI.POPUP, {options: [], title: Went to the previous step}, sender=IndependentGuiBackend, reason=None))
2017-10-24 16:22:42,623 - TdmApplication - DEBUG - FrontendConnectionHandler(id=140620687280464, session='2017-10-24T16_22_11_0'): writing {"content": {"options": [], "title": "Went to the previous step"}, "_sender": "IndependentGuiBackend", "_reason": null, "event_type": "GUI.POPUP"}
2017-10-24 16:22:42,623 - TdmApplication - DEBUG - FrontendConnectionHandler(id=140620687280464, session='2017-10-24T16_22_11_0'): OK
2017-10-24 16:22:42,624 - TdmApplication - DEBUG - FrontendConnectionHandler(id=140620687280464, session='2017-10-24T16_22_11_0').on_event(Event(MESSAGE_TO_GUI, [<tdm.tdm_gui_protocol.ClosePopup instance at 0x7fe4cc28c290>, <tdm.tdm_gui_protocol.DeviceResult instance at 0x7fe4cc2da368>, <tdm.tdm_gui_protocol.Popup instance at 0x7fe4cc2dad40>], sender=GuiBackend, reason=None))
2017-10-24 16:22:42,624 - TdmApplication - DEBUG - FrontendConnectionHandler(id=140620687280464, session='2017-10-24T16_22_11_0'): writing {"content": [{"ClosePopup": {}}, {"DeviceResult": {"action": "go_back", "result": true, "arguments": {}, "failure_reason": null}}, {"Popup": {"elements": [], "title": "Went to the previous step"}}], "_sender": "GuiBackend", "_reason": null, "event_type": "MESSAGE_TO_GUI"}
2017-10-24 16:22:42,624 - TdmApplication - DEBUG - FrontendConnectionHandler(id=140620687280464, session='2017-10-24T16_22_11_0'): OK
2017-10-24 16:22:42,641 - TdmApplication - DEBUG - FrontendConnectionHandler(id=140620687280464, session='2017-10-24T16_22_11_0').on_message({"content": ["", "Went to the previous step"], "_sender": "TextOutputComponent", "_reason": null, "event_type": "SYSTEM_UTTERANCE_REALIZED"})
2017-10-24 16:22:42,695 - TdmApplication - DEBUG - FrontendConnectionHandler(id=140620687280464, session='2017-10-24T16_22_11_0').on_event(Event(FACTS, [], sender=DmeModule, reason=None))
2017-10-24 16:22:42,695 - TdmApplication - DEBUG - FrontendConnectionHandler(id=140620687280464, session='2017-10-24T16_22_11_0'): writing {"content": [], "_sender": "DmeModule", "_reason": null, "event_type": "FACTS"}
2017-10-24 16:22:42,695 - TdmApplication - DEBUG - FrontendConnectionHandler(id=140620687280464, session='2017-10-24T16_22_11_0'): OK
2017-10-24 16:22:42,703 - TdmApplication - DEBUG - FrontendConnectionHandler(id=140620687280464, session='2017-10-24T16_22_11_0').on_event(Event(SYSTEM_UTTERANCE_TO_SPEAK, [I'm sorry, something went wrong.], sender=GenerateModule, reason=None))
2017-10-24 16:22:42,703 - TdmApplication - DEBUG - FrontendConnectionHandler(id=140620687280464, session='2017-10-24T16_22_11_0'): writing {"content": ["I'm sorry, something went wrong."], "_sender": "GenerateModule", "_reason": null, "event_type": "SYSTEM_UTTERANCE_TO_SPEAK"}
2017-10-24 16:22:42,704 - TdmApplication - DEBUG - FrontendConnectionHandler(id=140620687280464, session='2017-10-24T16_22_11_0'): OK
2017-10-24 16:22:42,704 - TdmApplication - DEBUG - FrontendConnectionHandler(id=140620687280464, session='2017-10-24T16_22_11_0').on_event(Event(GUI.POPUP, {options: [], title: I'm sorry, something went wrong.}, sender=IndependentGuiBackend, reason=None))
2017-10-24 16:22:42,704 - TdmApplication - DEBUG - FrontendConnectionHandler(id=140620687280464, session='2017-10-24T16_22_11_0'): writing {"content": {"options": [], "title": "I'm sorry, something went wrong."}, "_sender": "IndependentGuiBackend", "_reason": null, "event_type": "GUI.POPUP"}
2017-10-24 16:22:42,704 - TdmApplication - DEBUG - FrontendConnectionHandler(id=140620687280464, session='2017-10-24T16_22_11_0'): OK
2017-10-24 16:22:42,706 - TdmApplication - DEBUG - FrontendConnectionHandler(id=140620687280464, session='2017-10-24T16_22_11_0').on_event(Event(MESSAGE_TO_GUI, [<tdm.tdm_gui_protocol.ClosePopup instance at 0x7fe4cc25a638>, <tdm.tdm_gui_protocol.DeviceResult instance at 0x7fe4cc2a0200>, <tdm.tdm_gui_protocol.Popup instance at 0x7fe4cc2daab8>], sender=GuiBackend, reason=None))
2017-10-24 16:22:42,706 - TdmApplication - DEBUG - FrontendConnectionHandler(id=140620687280464, session='2017-10-24T16_22_11_0'): writing {"content": [{"ClosePopup": {}}, {"DeviceResult": {"action": "say_step", "result": false, "arguments": {}, "failure_reason": "undefined_failure"}}, {"Popup": {"elements": [], "title": "I'm sorry, something went wrong."}}], "_sender": "GuiBackend", "_reason": null, "event_type": "MESSAGE_TO_GUI"}
2017-10-24 16:22:42,706 - TdmApplication - DEBUG - FrontendConnectionHandler(id=140620687280464, session='2017-10-24T16_22_11_0'): OK
2017-10-24 16:22:42,749 - TdmApplication - DEBUG - FrontendConnectionHandler(id=140620687280464, session='2017-10-24T16_22_11_0').on_message({"content": ["I'm sorry, something went wrong."], "_sender": "TextOutputComponent", "_reason": null, "event_type": "SYSTEM_UTTERANCE_REALIZED"})
2017-10-24 16:22:42,771 - TdmApplication - DEBUG - FrontendConnectionHandler(id=140620687280464, session='2017-10-24T16_22_11_0').on_event(Event(FACTS, [], sender=DmeModule, reason=None))
2017-10-24 16:22:42,771 - TdmApplication - DEBUG - FrontendConnectionHandler(id=140620687280464, session='2017-10-24T16_22_11_0'): writing {"content": [], "_sender": "DmeModule", "_reason": null, "event_type": "FACTS"}
2017-10-24 16:22:42,771 - TdmApplication - DEBUG - FrontendConnectionHandler(id=140620687280464, session='2017-10-24T16_22_11_0'): OK
2017-10-24 16:22:52,553 - TdmApplication - DEBUG - FrontendConnectionHandler(id=140620687280464, session='2017-10-24T16_22_11_0').on_message({"content": [{"score": 1.0, "utterance": "what should i do"}], "_sender": "TextInputComponent", "_reason": null, "event_type": "RECOGNITION"})
2017-10-24 16:22:52,557 - TdmApplication - DEBUG - FrontendConnectionHandler(id=140620687280464, session='2017-10-24T16_22_11_0').on_event(Event(FACTS, [], sender=DmeModule, reason=None))
2017-10-24 16:22:52,557 - TdmApplication - DEBUG - FrontendConnectionHandler(id=140620687280464, session='2017-10-24T16_22_11_0'): writing {"content": [], "_sender": "DmeModule", "_reason": null, "event_type": "FACTS"}
2017-10-24 16:22:52,557 - TdmApplication - DEBUG - FrontendConnectionHandler(id=140620687280464, session='2017-10-24T16_22_11_0'): OK
2017-10-24 16:22:52,569 - TdmApplication - DEBUG - FrontendConnectionHandler(id=140620687280464, session='2017-10-24T16_22_11_0').on_event(Event(STOP_SPEAKING, None, sender=TurnManager, reason=None))
2017-10-24 16:22:52,569 - TdmApplication - DEBUG - FrontendConnectionHandler(id=140620687280464, session='2017-10-24T16_22_11_0'): writing {"content": null, "_sender": "TurnManager", "_reason": null, "event_type": "STOP_SPEAKING"}
2017-10-24 16:22:52,569 - TdmApplication - DEBUG - FrontendConnectionHandler(id=140620687280464, session='2017-10-24T16_22_11_0'): OK
2017-10-24 16:22:52,570 - TdmApplication - DEBUG - FrontendConnectionHandler(id=140620687280464, session='2017-10-24T16_22_11_0').on_event(Event(SYSTEM_UTTERANCE_TO_SPEAK, [Returning to tell me what to do., I'm sorry, something went wrong.], sender=GenerateModule, reason=None))
2017-10-24 16:22:52,570 - TdmApplication - DEBUG - FrontendConnectionHandler(id=140620687280464, session='2017-10-24T16_22_11_0'): writing {"content": ["Returning to tell me what to do.", "I'm sorry, something went wrong."], "_sender": "GenerateModule", "_reason": null, "event_type": "SYSTEM_UTTERANCE_TO_SPEAK"}
2017-10-24 16:22:52,570 - TdmApplication - DEBUG - FrontendConnectionHandler(id=140620687280464, session='2017-10-24T16_22_11_0'): OK
2017-10-24 16:22:52,571 - TdmApplication - DEBUG - FrontendConnectionHandler(id=140620687280464, session='2017-10-24T16_22_11_0').on_event(Event(GUI.POPUP, {options: [], title: I'm sorry, something went wrong.}, sender=IndependentGuiBackend, reason=None))
2017-10-24 16:22:52,571 - TdmApplication - DEBUG - FrontendConnectionHandler(id=140620687280464, session='2017-10-24T16_22_11_0'): writing {"content": {"options": [], "title": "I'm sorry, something went wrong."}, "_sender": "IndependentGuiBackend", "_reason": null, "event_type": "GUI.POPUP"}
2017-10-24 16:22:52,571 - TdmApplication - DEBUG - FrontendConnectionHandler(id=140620687280464, session='2017-10-24T16_22_11_0'): OK
2017-10-24 16:22:52,572 - TdmApplication - DEBUG - FrontendConnectionHandler(id=140620687280464, session='2017-10-24T16_22_11_0').on_event(Event(MESSAGE_TO_GUI, [<tdm.tdm_gui_protocol.DeviceResult instance at 0x7fe4cc23e290>, <tdm.tdm_gui_protocol.Popup instance at 0x7fe4cc27ba28>], sender=GuiBackend, reason=None))
2017-10-24 16:22:52,572 - TdmApplication - DEBUG - FrontendConnectionHandler(id=140620687280464, session='2017-10-24T16_22_11_0'): writing {"content": [{"DeviceResult": {"action": "say_step", "result": false, "arguments": {}, "failure_reason": "undefined_failure"}}, {"Popup": {"elements": [], "title": "I'm sorry, something went wrong."}}], "_sender": "GuiBackend", "_reason": null, "event_type": "MESSAGE_TO_GUI"}
2017-10-24 16:22:52,572 - TdmApplication - DEBUG - FrontendConnectionHandler(id=140620687280464, session='2017-10-24T16_22_11_0'): OK
2017-10-24 16:22:52,612 - TdmApplication - DEBUG - FrontendConnectionHandler(id=140620687280464, session='2017-10-24T16_22_11_0').on_message({"content": ["Returning to tell me what to do.", "I'm sorry, something went wrong."], "_sender": "TextOutputComponent", "_reason": null, "event_type": "SYSTEM_UTTERANCE_REALIZED"})
2017-10-24 16:22:52,637 - TdmApplication - DEBUG - FrontendConnectionHandler(id=140620687280464, session='2017-10-24T16_22_11_0').on_event(Event(FACTS, [], sender=DmeModule, reason=None))
2017-10-24 16:22:52,637 - TdmApplication - DEBUG - FrontendConnectionHandler(id=140620687280464, session='2017-10-24T16_22_11_0'): writing {"content": [], "_sender": "DmeModule", "_reason": null, "event_type": "FACTS"}
2017-10-24 16:22:52,637 - TdmApplication - DEBUG - FrontendConnectionHandler(id=140620687280464, session='2017-10-24T16_22_11_0'): OK
2017-10-24 16:22:52,701 - TdmApplication - DEBUG - FrontendConnectionHandler(id=140620687280464, session='2017-10-24T16_22_11_0').on_event(Event(SELECTED_RECOGNITION, what should i do, sender=DmeModule, reason=None))
2017-10-24 16:22:52,701 - TdmApplication - DEBUG - FrontendConnectionHandler(id=140620687280464, session='2017-10-24T16_22_11_0'): writing {"content": "what should i do", "_sender": "DmeModule", "_reason": null, "event_type": "SELECTED_RECOGNITION"}
2017-10-24 16:22:52,701 - TdmApplication - DEBUG - FrontendConnectionHandler(id=140620687280464, session='2017-10-24T16_22_11_0'): OK
2017-10-24 16:22:52,703 - TdmApplication - DEBUG - FrontendConnectionHandler(id=140620687280464, session='2017-10-24T16_22_11_0').on_event(Event(FACTS, [], sender=DmeModule, reason=None))
2017-10-24 16:22:52,703 - TdmApplication - DEBUG - FrontendConnectionHandler(id=140620687280464, session='2017-10-24T16_22_11_0'): writing {"content": [], "_sender": "DmeModule", "_reason": null, "event_type": "FACTS"}
2017-10-24 16:22:52,703 - TdmApplication - DEBUG - FrontendConnectionHandler(id=140620687280464, session='2017-10-24T16_22_11_0'): OK
2017-10-24 16:22:52,713 - TdmApplication - DEBUG - FrontendConnectionHandler(id=140620687280464, session='2017-10-24T16_22_11_0').on_event(Event(SYSTEM_UTTERANCE_TO_SPEAK, [I'm sorry, something went wrong.], sender=GenerateModule, reason=None))
2017-10-24 16:22:52,713 - TdmApplication - DEBUG - FrontendConnectionHandler(id=140620687280464, session='2017-10-24T16_22_11_0'): writing {"content": ["I'm sorry, something went wrong."], "_sender": "GenerateModule", "_reason": null, "event_type": "SYSTEM_UTTERANCE_TO_SPEAK"}
2017-10-24 16:22:52,713 - TdmApplication - DEBUG - FrontendConnectionHandler(id=140620687280464, session='2017-10-24T16_22_11_0'): OK
2017-10-24 16:22:52,715 - TdmApplication - DEBUG - FrontendConnectionHandler(id=140620687280464, session='2017-10-24T16_22_11_0').on_event(Event(GUI.POPUP, {options: [], title: I'm sorry, something went wrong.}, sender=IndependentGuiBackend, reason=None))
2017-10-24 16:22:52,715 - TdmApplication - DEBUG - FrontendConnectionHandler(id=140620687280464, session='2017-10-24T16_22_11_0'): writing {"content": {"options": [], "title": "I'm sorry, something went wrong."}, "_sender": "IndependentGuiBackend", "_reason": null, "event_type": "GUI.POPUP"}
2017-10-24 16:22:52,715 - TdmApplication - DEBUG - FrontendConnectionHandler(id=140620687280464, session='2017-10-24T16_22_11_0'): OK
2017-10-24 16:22:52,716 - TdmApplication - DEBUG - FrontendConnectionHandler(id=140620687280464, session='2017-10-24T16_22_11_0').on_event(Event(MESSAGE_TO_GUI, [<tdm.tdm_gui_protocol.DeviceResult instance at 0x7fe4cc23e5a8>, <tdm.tdm_gui_protocol.Popup instance at 0x7fe4cc23e758>], sender=GuiBackend, reason=None))
2017-10-24 16:22:52,716 - TdmApplication - DEBUG - FrontendConnectionHandler(id=140620687280464, session='2017-10-24T16_22_11_0'): writing {"content": [{"DeviceResult": {"action": "say_step", "result": false, "arguments": {}, "failure_reason": "undefined_failure"}}, {"Popup": {"elements": [], "title": "I'm sorry, something went wrong."}}], "_sender": "GuiBackend", "_reason": null, "event_type": "MESSAGE_TO_GUI"}
2017-10-24 16:22:52,716 - TdmApplication - DEBUG - FrontendConnectionHandler(id=140620687280464, session='2017-10-24T16_22_11_0'): OK
2017-10-24 16:22:52,736 - TdmApplication - DEBUG - FrontendConnectionHandler(id=140620687280464, session='2017-10-24T16_22_11_0').on_message({"content": ["I'm sorry, something went wrong."], "_sender": "TextOutputComponent", "_reason": null, "event_type": "SYSTEM_UTTERANCE_REALIZED"})
2017-10-24 16:22:52,759 - TdmApplication - DEBUG - FrontendConnectionHandler(id=140620687280464, session='2017-10-24T16_22_11_0').on_event(Event(FACTS, [], sender=DmeModule, reason=None))
2017-10-24 16:22:52,759 - TdmApplication - DEBUG - FrontendConnectionHandler(id=140620687280464, session='2017-10-24T16_22_11_0'): writing {"content": [], "_sender": "DmeModule", "_reason": null, "event_type": "FACTS"}
2017-10-24 16:22:52,759 - TdmApplication - DEBUG - FrontendConnectionHandler(id=140620687280464, session='2017-10-24T16_22_11_0'): OK
2017-10-24 16:25:05,234 - TdmApplication - DEBUG - FrontendConnectionHandler(id=140620687280464, session='2017-10-24T16_22_11_0').on_close()
2017-10-24 16:25:05,234 - TdmApplication - DEBUG - SessionManager.stop('2017-10-24T16_22_11_0')
2017-10-24 16:25:05,237 - TdmApplication - DEBUG - TdmApplication.stop(): Stopping HTTP server
2017-10-24 16:25:05,237 - TdmApplication - DEBUG - TdmApplication.stop(): Stopping IO-loop
2017-10-24 16:25:05,238 - TdmApplication - DEBUG - TdmApplication.stop(): Stopping sessions []
2017-10-24 16:25:05,238 - TdmApplication - DEBUG - FrontendConnectionHandler(id=140620687280464, session='2017-10-24T16_22_11_0').on_event(Event(FACTS, [], sender=DmeModule, reason=None))
2017-10-24 16:25:05,238 - TdmApplication - DEBUG - FrontendConnectionHandler(id=140620687280464, session='2017-10-24T16_22_11_0'): writing {"content": [], "_sender": "DmeModule", "_reason": null, "event_type": "FACTS"}
2017-10-24 16:25:05,239 - TdmApplication - DEBUG - FrontendConnectionHandler(id=140620687280464, session='2017-10-24T16_22_11_0'): OK
