2017-10-24 16:53:13,933 - TdmApplication - DEBUG - DddDb().__init__(name='ddds', default_ddds=[u'recipehelp'])
2017-10-24 16:53:13,933 - TdmApplication - DEBUG - DddDb(): DB file name is '/home/gusmatssar/recipedialogue/tdm/ddds.json'
2017-10-24 16:53:13,945 - TdmApplication - DEBUG - FrontendConnectionHandler(id=139948152633680, session=None).open()
2017-10-24 16:53:13,947 - TdmApplication - DEBUG - thread_manager.create_thread() with threading.active_count()=3
2017-10-24 16:53:13,948 - TdmApplication - DEBUG - FrontendConnectionHandler(id=139948152633680, session=None).on_message({"handshake_content": {"session_id": null, "keep_session_alive": false}, "name": "Frontend"})
2017-10-24 16:53:13,948 - TdmApplication - DEBUG - FrontendConnectionHandler(id=139948152633680, session=None)._register({"handshake_content": {"session_id": null, "keep_session_alive": false}, "name": "Frontend"})
2017-10-24 16:53:13,948 - TdmApplication - DEBUG - thread_manager.create_thread() with threading.active_count()=4
2017-10-24 16:53:13,950 - TdmApplication - DEBUG - Creating backend and session with id 2017-10-24T16_53_13_0.
2017-10-24 16:53:13,986 - TdmApplication - DEBUG - FrontendConnectionHandler._register: Registered in session 2017-10-24T16_53_13_0 with backend <ThreadedBackend(ThreadedBackend, started daemon 139948111345408)>.
2017-10-24 16:53:13,987 - TdmApplication - DEBUG - FrontendConnectionHandler(id=139948152633680, session='2017-10-24T16_53_13_0').on_event(Event(REGISTER_BACKEND, None, sender=Backend, reason=None))
2017-10-24 16:53:13,987 - TdmApplication - DEBUG - FrontendConnectionHandler(id=139948152633680, session='2017-10-24T16_53_13_0'): writing {"content": null, "_sender": "Backend", "_reason": null, "event_type": "REGISTER_BACKEND"}
2017-10-24 16:53:13,987 - TdmApplication - DEBUG - FrontendConnectionHandler(id=139948152633680, session='2017-10-24T16_53_13_0'): OK
2017-10-24 16:53:14,019 - TdmApplication - DEBUG - FrontendConnectionHandler(id=139948152633680, session='2017-10-24T16_53_13_0').on_message({"content": null, "_sender": "Frontend", "_reason": null, "event_type": "FRONTEND_READY"})
2017-10-24 16:53:14,021 - TdmApplication - DEBUG - FrontendConnectionHandler(id=139948152633680, session='2017-10-24T16_53_13_0').on_event(Event(BACKEND_READY, None, sender=Backend, reason=None))
2017-10-24 16:53:14,021 - TdmApplication - DEBUG - FrontendConnectionHandler(id=139948152633680, session='2017-10-24T16_53_13_0'): writing {"content": null, "_sender": "Backend", "_reason": null, "event_type": "BACKEND_READY"}
2017-10-24 16:53:14,021 - TdmApplication - DEBUG - FrontendConnectionHandler(id=139948152633680, session='2017-10-24T16_53_13_0'): OK
2017-10-24 16:53:14,027 - TdmApplication - DEBUG - FrontendConnectionHandler(id=139948152633680, session='2017-10-24T16_53_13_0').on_message({"content": null, "_sender": "Frontend", "_reason": null, "event_type": "START"})
2017-10-24 16:53:14,064 - TdmApplication - DEBUG - FrontendConnectionHandler(id=139948152633680, session='2017-10-24T16_53_13_0').on_event(Event(SET_DDD, {ddd_name: recipehelp, language_code: eng}, sender=DmeModule, reason=None))
2017-10-24 16:53:14,064 - TdmApplication - DEBUG - FrontendConnectionHandler(id=139948152633680, session='2017-10-24T16_53_13_0'): writing {"content": {"ddd_name": "recipehelp", "language_code": "eng"}, "_sender": "DmeModule", "_reason": null, "event_type": "SET_DDD"}
2017-10-24 16:53:14,064 - TdmApplication - DEBUG - FrontendConnectionHandler(id=139948152633680, session='2017-10-24T16_53_13_0'): OK
2017-10-24 16:53:14,066 - TdmApplication - DEBUG - FrontendConnectionHandler(id=139948152633680, session='2017-10-24T16_53_13_0').on_event(Event(FACTS, [], sender=DmeModule, reason=None))
2017-10-24 16:53:14,066 - TdmApplication - DEBUG - FrontendConnectionHandler(id=139948152633680, session='2017-10-24T16_53_13_0'): writing {"content": [], "_sender": "DmeModule", "_reason": null, "event_type": "FACTS"}
2017-10-24 16:53:14,066 - TdmApplication - DEBUG - FrontendConnectionHandler(id=139948152633680, session='2017-10-24T16_53_13_0'): OK
2017-10-24 16:53:14,074 - TdmApplication - DEBUG - FrontendConnectionHandler(id=139948152633680, session='2017-10-24T16_53_13_0').on_event(Event(SYSTEM_UTTERANCE_TO_SPEAK, [, What would you like to do?], sender=GenerateModule, reason=None))
2017-10-24 16:53:14,074 - TdmApplication - DEBUG - FrontendConnectionHandler(id=139948152633680, session='2017-10-24T16_53_13_0'): writing {"content": ["", "What would you like to do?"], "_sender": "GenerateModule", "_reason": null, "event_type": "SYSTEM_UTTERANCE_TO_SPEAK"}
2017-10-24 16:53:14,074 - TdmApplication - DEBUG - FrontendConnectionHandler(id=139948152633680, session='2017-10-24T16_53_13_0'): OK
2017-10-24 16:53:14,075 - TdmApplication - DEBUG - FrontendConnectionHandler(id=139948152633680, session='2017-10-24T16_53_13_0').on_event(Event(MESSAGE_TO_GUI, [], sender=GuiBackend, reason=None))
2017-10-24 16:53:14,075 - TdmApplication - DEBUG - FrontendConnectionHandler(id=139948152633680, session='2017-10-24T16_53_13_0'): writing {"content": [], "_sender": "GuiBackend", "_reason": null, "event_type": "MESSAGE_TO_GUI"}
2017-10-24 16:53:14,075 - TdmApplication - DEBUG - FrontendConnectionHandler(id=139948152633680, session='2017-10-24T16_53_13_0'): OK
2017-10-24 16:53:14,116 - TdmApplication - DEBUG - FrontendConnectionHandler(id=139948152633680, session='2017-10-24T16_53_13_0').on_message({"content": ["", "What would you like to do?"], "_sender": "TextOutputComponent", "_reason": null, "event_type": "SYSTEM_UTTERANCE_REALIZED"})
2017-10-24 16:53:14,139 - TdmApplication - DEBUG - FrontendConnectionHandler(id=139948152633680, session='2017-10-24T16_53_13_0').on_event(Event(FACTS, [], sender=DmeModule, reason=None))
2017-10-24 16:53:14,139 - TdmApplication - DEBUG - FrontendConnectionHandler(id=139948152633680, session='2017-10-24T16_53_13_0'): writing {"content": [], "_sender": "DmeModule", "_reason": null, "event_type": "FACTS"}
2017-10-24 16:53:14,139 - TdmApplication - DEBUG - FrontendConnectionHandler(id=139948152633680, session='2017-10-24T16_53_13_0'): OK
2017-10-24 16:53:17,963 - TdmApplication - DEBUG - FrontendConnectionHandler(id=139948152633680, session='2017-10-24T16_53_13_0').on_message({"content": [{"score": 1.0, "utterance": "go to a step"}], "_sender": "TextInputComponent", "_reason": null, "event_type": "RECOGNITION"})
2017-10-24 16:53:17,972 - TdmApplication - DEBUG - FrontendConnectionHandler(id=139948152633680, session='2017-10-24T16_53_13_0').on_event(Event(STOP_LISTENING, None, sender=TurnManager, reason=None))
2017-10-24 16:53:17,972 - TdmApplication - DEBUG - FrontendConnectionHandler(id=139948152633680, session='2017-10-24T16_53_13_0'): writing {"content": null, "_sender": "TurnManager", "_reason": null, "event_type": "STOP_LISTENING"}
2017-10-24 16:53:17,972 - TdmApplication - DEBUG - FrontendConnectionHandler(id=139948152633680, session='2017-10-24T16_53_13_0'): OK
2017-10-24 16:53:18,044 - TdmApplication - DEBUG - FrontendConnectionHandler(id=139948152633680, session='2017-10-24T16_53_13_0').on_event(Event(SELECTED_RECOGNITION, go to a step, sender=DmeModule, reason=None))
2017-10-24 16:53:18,044 - TdmApplication - DEBUG - FrontendConnectionHandler(id=139948152633680, session='2017-10-24T16_53_13_0'): writing {"content": "go to a step", "_sender": "DmeModule", "_reason": null, "event_type": "SELECTED_RECOGNITION"}
2017-10-24 16:53:18,044 - TdmApplication - DEBUG - FrontendConnectionHandler(id=139948152633680, session='2017-10-24T16_53_13_0'): OK
2017-10-24 16:53:18,045 - TdmApplication - DEBUG - FrontendConnectionHandler(id=139948152633680, session='2017-10-24T16_53_13_0').on_event(Event(FACTS, [], sender=DmeModule, reason=None))
2017-10-24 16:53:18,045 - TdmApplication - DEBUG - FrontendConnectionHandler(id=139948152633680, session='2017-10-24T16_53_13_0'): writing {"content": [], "_sender": "DmeModule", "_reason": null, "event_type": "FACTS"}
2017-10-24 16:53:18,046 - TdmApplication - DEBUG - FrontendConnectionHandler(id=139948152633680, session='2017-10-24T16_53_13_0'): OK
2017-10-24 16:53:18,060 - TdmApplication - DEBUG - FrontendConnectionHandler(id=139948152633680, session='2017-10-24T16_53_13_0').on_event(Event(SYSTEM_UTTERANCE_TO_SPEAK, [, , Which step?], sender=GenerateModule, reason=None))
2017-10-24 16:53:18,060 - TdmApplication - DEBUG - FrontendConnectionHandler(id=139948152633680, session='2017-10-24T16_53_13_0'): writing {"content": ["", "", "Which step?"], "_sender": "GenerateModule", "_reason": null, "event_type": "SYSTEM_UTTERANCE_TO_SPEAK"}
2017-10-24 16:53:18,060 - TdmApplication - DEBUG - FrontendConnectionHandler(id=139948152633680, session='2017-10-24T16_53_13_0'): OK
2017-10-24 16:53:18,061 - TdmApplication - DEBUG - FrontendConnectionHandler(id=139948152633680, session='2017-10-24T16_53_13_0').on_event(Event(MESSAGE_TO_GUI, [], sender=GuiBackend, reason=None))
2017-10-24 16:53:18,061 - TdmApplication - DEBUG - FrontendConnectionHandler(id=139948152633680, session='2017-10-24T16_53_13_0'): writing {"content": [], "_sender": "GuiBackend", "_reason": null, "event_type": "MESSAGE_TO_GUI"}
2017-10-24 16:53:18,062 - TdmApplication - DEBUG - FrontendConnectionHandler(id=139948152633680, session='2017-10-24T16_53_13_0'): OK
2017-10-24 16:53:18,065 - TdmApplication - DEBUG - FrontendConnectionHandler(id=139948152633680, session='2017-10-24T16_53_13_0').on_message({"content": ["", "", "Which step?"], "_sender": "TextOutputComponent", "_reason": null, "event_type": "SYSTEM_UTTERANCE_REALIZED"})
2017-10-24 16:53:18,097 - TdmApplication - DEBUG - FrontendConnectionHandler(id=139948152633680, session='2017-10-24T16_53_13_0').on_event(Event(FACTS, [], sender=DmeModule, reason=None))
2017-10-24 16:53:18,097 - TdmApplication - DEBUG - FrontendConnectionHandler(id=139948152633680, session='2017-10-24T16_53_13_0'): writing {"content": [], "_sender": "DmeModule", "_reason": null, "event_type": "FACTS"}
2017-10-24 16:53:18,097 - TdmApplication - DEBUG - FrontendConnectionHandler(id=139948152633680, session='2017-10-24T16_53_13_0'): OK
2017-10-24 16:53:23,323 - TdmApplication - DEBUG - FrontendConnectionHandler(id=139948152633680, session='2017-10-24T16_53_13_0').on_message({"content": [{"score": 1.0, "utterance": "step one"}], "_sender": "TextInputComponent", "_reason": null, "event_type": "RECOGNITION"})
2017-10-24 16:53:23,328 - TdmApplication - DEBUG - FrontendConnectionHandler(id=139948152633680, session='2017-10-24T16_53_13_0').on_event(Event(STOP_LISTENING, None, sender=TurnManager, reason=None))
2017-10-24 16:53:23,328 - TdmApplication - DEBUG - FrontendConnectionHandler(id=139948152633680, session='2017-10-24T16_53_13_0'): writing {"content": null, "_sender": "TurnManager", "_reason": null, "event_type": "STOP_LISTENING"}
2017-10-24 16:53:23,328 - TdmApplication - DEBUG - FrontendConnectionHandler(id=139948152633680, session='2017-10-24T16_53_13_0'): OK
2017-10-24 16:53:23,408 - TdmApplication - DEBUG - FrontendConnectionHandler(id=139948152633680, session='2017-10-24T16_53_13_0').on_event(Event(SELECTED_RECOGNITION, step one, sender=DmeModule, reason=None))
2017-10-24 16:53:23,408 - TdmApplication - DEBUG - FrontendConnectionHandler(id=139948152633680, session='2017-10-24T16_53_13_0'): writing {"content": "step one", "_sender": "DmeModule", "_reason": null, "event_type": "SELECTED_RECOGNITION"}
2017-10-24 16:53:23,408 - TdmApplication - DEBUG - FrontendConnectionHandler(id=139948152633680, session='2017-10-24T16_53_13_0'): OK
2017-10-24 16:53:23,409 - TdmApplication - DEBUG - FrontendConnectionHandler(id=139948152633680, session='2017-10-24T16_53_13_0').on_event(Event(FACTS, [{predicate: go_to_step, grammar_entry: None, value: chose step1}], sender=DmeModule, reason=None))
2017-10-24 16:53:23,409 - TdmApplication - DEBUG - FrontendConnectionHandler(id=139948152633680, session='2017-10-24T16_53_13_0'): writing {"content": [{"predicate": "go_to_step", "grammar_entry": null, "value": "chose step1"}], "_sender": "DmeModule", "_reason": null, "event_type": "FACTS"}
2017-10-24 16:53:23,410 - TdmApplication - DEBUG - FrontendConnectionHandler(id=139948152633680, session='2017-10-24T16_53_13_0'): OK
2017-10-24 16:53:23,422 - TdmApplication - DEBUG - FrontendConnectionHandler(id=139948152633680, session='2017-10-24T16_53_13_0').on_event(Event(SYSTEM_UTTERANCE_TO_SPEAK, [Ok chose step1.], sender=GenerateModule, reason=None))
2017-10-24 16:53:23,422 - TdmApplication - DEBUG - FrontendConnectionHandler(id=139948152633680, session='2017-10-24T16_53_13_0'): writing {"content": ["Ok chose step1."], "_sender": "GenerateModule", "_reason": null, "event_type": "SYSTEM_UTTERANCE_TO_SPEAK"}
2017-10-24 16:53:23,422 - TdmApplication - DEBUG - FrontendConnectionHandler(id=139948152633680, session='2017-10-24T16_53_13_0'): OK
2017-10-24 16:53:23,423 - TdmApplication - DEBUG - FrontendConnectionHandler(id=139948152633680, session='2017-10-24T16_53_13_0').on_event(Event(GUI.POPUP, {options: [], title: Ok chose step1.}, sender=IndependentGuiBackend, reason=None))
2017-10-24 16:53:23,423 - TdmApplication - DEBUG - FrontendConnectionHandler(id=139948152633680, session='2017-10-24T16_53_13_0'): writing {"content": {"options": [], "title": "Ok chose step1."}, "_sender": "IndependentGuiBackend", "_reason": null, "event_type": "GUI.POPUP"}
2017-10-24 16:53:23,423 - TdmApplication - DEBUG - FrontendConnectionHandler(id=139948152633680, session='2017-10-24T16_53_13_0'): OK
2017-10-24 16:53:23,424 - TdmApplication - DEBUG - FrontendConnectionHandler(id=139948152633680, session='2017-10-24T16_53_13_0').on_event(Event(MESSAGE_TO_GUI, [<tdm.tdm_gui_protocol.Popup instance at 0x7f48357831b8>], sender=GuiBackend, reason=None))
2017-10-24 16:53:23,424 - TdmApplication - DEBUG - FrontendConnectionHandler(id=139948152633680, session='2017-10-24T16_53_13_0'): writing {"content": [{"Popup": {"elements": [], "title": "Ok chose step1."}}], "_sender": "GuiBackend", "_reason": null, "event_type": "MESSAGE_TO_GUI"}
2017-10-24 16:53:23,424 - TdmApplication - DEBUG - FrontendConnectionHandler(id=139948152633680, session='2017-10-24T16_53_13_0'): OK
2017-10-24 16:53:23,429 - TdmApplication - DEBUG - FrontendConnectionHandler(id=139948152633680, session='2017-10-24T16_53_13_0').on_message({"content": ["Ok chose step1."], "_sender": "TextOutputComponent", "_reason": null, "event_type": "SYSTEM_UTTERANCE_REALIZED"})
2017-10-24 16:53:23,456 - TdmApplication - DEBUG - FrontendConnectionHandler(id=139948152633680, session='2017-10-24T16_53_13_0').on_event(Event(FACTS, [{predicate: go_to_step, grammar_entry: None, value: chose step1}], sender=DmeModule, reason=None))
2017-10-24 16:53:23,456 - TdmApplication - DEBUG - FrontendConnectionHandler(id=139948152633680, session='2017-10-24T16_53_13_0'): writing {"content": [{"predicate": "go_to_step", "grammar_entry": null, "value": "chose step1"}], "_sender": "DmeModule", "_reason": null, "event_type": "FACTS"}
2017-10-24 16:53:23,456 - TdmApplication - DEBUG - FrontendConnectionHandler(id=139948152633680, session='2017-10-24T16_53_13_0'): OK
2017-10-24 16:53:28,104 - TdmApplication - DEBUG - FrontendConnectionHandler(id=139948152633680, session='2017-10-24T16_53_13_0').on_message({"content": [{"score": 1.0, "utterance": "go back"}], "_sender": "TextInputComponent", "_reason": null, "event_type": "RECOGNITION"})
2017-10-24 16:53:28,108 - TdmApplication - DEBUG - FrontendConnectionHandler(id=139948152633680, session='2017-10-24T16_53_13_0').on_event(Event(FACTS, [], sender=DmeModule, reason=None))
2017-10-24 16:53:28,108 - TdmApplication - DEBUG - FrontendConnectionHandler(id=139948152633680, session='2017-10-24T16_53_13_0'): writing {"content": [], "_sender": "DmeModule", "_reason": null, "event_type": "FACTS"}
2017-10-24 16:53:28,108 - TdmApplication - DEBUG - FrontendConnectionHandler(id=139948152633680, session='2017-10-24T16_53_13_0'): OK
2017-10-24 16:53:28,117 - TdmApplication - DEBUG - FrontendConnectionHandler(id=139948152633680, session='2017-10-24T16_53_13_0').on_event(Event(STOP_SPEAKING, None, sender=TurnManager, reason=None))
2017-10-24 16:53:28,117 - TdmApplication - DEBUG - FrontendConnectionHandler(id=139948152633680, session='2017-10-24T16_53_13_0'): writing {"content": null, "_sender": "TurnManager", "_reason": null, "event_type": "STOP_SPEAKING"}
2017-10-24 16:53:28,118 - TdmApplication - DEBUG - FrontendConnectionHandler(id=139948152633680, session='2017-10-24T16_53_13_0'): OK
2017-10-24 16:53:28,118 - TdmApplication - DEBUG - FrontendConnectionHandler(id=139948152633680, session='2017-10-24T16_53_13_0').on_event(Event(SYSTEM_UTTERANCE_TO_SPEAK, [Returning to the start view., What would you like to do?], sender=GenerateModule, reason=None))
2017-10-24 16:53:28,119 - TdmApplication - DEBUG - FrontendConnectionHandler(id=139948152633680, session='2017-10-24T16_53_13_0'): writing {"content": ["Returning to the start view.", "What would you like to do?"], "_sender": "GenerateModule", "_reason": null, "event_type": "SYSTEM_UTTERANCE_TO_SPEAK"}
2017-10-24 16:53:28,119 - TdmApplication - DEBUG - FrontendConnectionHandler(id=139948152633680, session='2017-10-24T16_53_13_0'): OK
2017-10-24 16:53:28,120 - TdmApplication - DEBUG - FrontendConnectionHandler(id=139948152633680, session='2017-10-24T16_53_13_0').on_event(Event(MESSAGE_TO_GUI, [<tdm.tdm_gui_protocol.ClosePopup instance at 0x7f48357a2a28>], sender=GuiBackend, reason=None))
2017-10-24 16:53:28,120 - TdmApplication - DEBUG - FrontendConnectionHandler(id=139948152633680, session='2017-10-24T16_53_13_0'): writing {"content": [{"ClosePopup": {}}], "_sender": "GuiBackend", "_reason": null, "event_type": "MESSAGE_TO_GUI"}
2017-10-24 16:53:28,120 - TdmApplication - DEBUG - FrontendConnectionHandler(id=139948152633680, session='2017-10-24T16_53_13_0'): OK
2017-10-24 16:53:28,144 - TdmApplication - DEBUG - FrontendConnectionHandler(id=139948152633680, session='2017-10-24T16_53_13_0').on_message({"content": ["Returning to the start view.", "What would you like to do?"], "_sender": "TextOutputComponent", "_reason": null, "event_type": "SYSTEM_UTTERANCE_REALIZED"})
2017-10-24 16:53:28,170 - TdmApplication - DEBUG - FrontendConnectionHandler(id=139948152633680, session='2017-10-24T16_53_13_0').on_event(Event(FACTS, [], sender=DmeModule, reason=None))
2017-10-24 16:53:28,170 - TdmApplication - DEBUG - FrontendConnectionHandler(id=139948152633680, session='2017-10-24T16_53_13_0'): writing {"content": [], "_sender": "DmeModule", "_reason": null, "event_type": "FACTS"}
2017-10-24 16:53:28,170 - TdmApplication - DEBUG - FrontendConnectionHandler(id=139948152633680, session='2017-10-24T16_53_13_0'): OK
2017-10-24 16:53:28,239 - TdmApplication - DEBUG - FrontendConnectionHandler(id=139948152633680, session='2017-10-24T16_53_13_0').on_event(Event(SELECTED_RECOGNITION, go back, sender=DmeModule, reason=None))
2017-10-24 16:53:28,239 - TdmApplication - DEBUG - FrontendConnectionHandler(id=139948152633680, session='2017-10-24T16_53_13_0'): writing {"content": "go back", "_sender": "DmeModule", "_reason": null, "event_type": "SELECTED_RECOGNITION"}
2017-10-24 16:53:28,240 - TdmApplication - DEBUG - FrontendConnectionHandler(id=139948152633680, session='2017-10-24T16_53_13_0'): OK
2017-10-24 16:53:28,240 - TdmApplication - DEBUG - FrontendConnectionHandler(id=139948152633680, session='2017-10-24T16_53_13_0').on_event(Event(FACTS, [], sender=DmeModule, reason=None))
2017-10-24 16:53:28,241 - TdmApplication - DEBUG - FrontendConnectionHandler(id=139948152633680, session='2017-10-24T16_53_13_0'): writing {"content": [], "_sender": "DmeModule", "_reason": null, "event_type": "FACTS"}
2017-10-24 16:53:28,241 - TdmApplication - DEBUG - FrontendConnectionHandler(id=139948152633680, session='2017-10-24T16_53_13_0'): OK
2017-10-24 16:53:28,250 - TdmApplication - DEBUG - FrontendConnectionHandler(id=139948152633680, session='2017-10-24T16_53_13_0').on_event(Event(SYSTEM_UTTERANCE_TO_SPEAK, [, Went to the previous step], sender=GenerateModule, reason=None))
2017-10-24 16:53:28,250 - TdmApplication - DEBUG - FrontendConnectionHandler(id=139948152633680, session='2017-10-24T16_53_13_0'): writing {"content": ["", "Went to the previous step"], "_sender": "GenerateModule", "_reason": null, "event_type": "SYSTEM_UTTERANCE_TO_SPEAK"}
2017-10-24 16:53:28,250 - TdmApplication - DEBUG - FrontendConnectionHandler(id=139948152633680, session='2017-10-24T16_53_13_0'): OK
2017-10-24 16:53:28,251 - TdmApplication - DEBUG - FrontendConnectionHandler(id=139948152633680, session='2017-10-24T16_53_13_0').on_event(Event(GUI.POPUP, {options: [], title: Went to the previous step}, sender=IndependentGuiBackend, reason=None))
2017-10-24 16:53:28,251 - TdmApplication - DEBUG - FrontendConnectionHandler(id=139948152633680, session='2017-10-24T16_53_13_0'): writing {"content": {"options": [], "title": "Went to the previous step"}, "_sender": "IndependentGuiBackend", "_reason": null, "event_type": "GUI.POPUP"}
2017-10-24 16:53:28,251 - TdmApplication - DEBUG - FrontendConnectionHandler(id=139948152633680, session='2017-10-24T16_53_13_0'): OK
2017-10-24 16:53:28,252 - TdmApplication - DEBUG - FrontendConnectionHandler(id=139948152633680, session='2017-10-24T16_53_13_0').on_event(Event(MESSAGE_TO_GUI, [<tdm.tdm_gui_protocol.DeviceResult instance at 0x7f4837ee4368>, <tdm.tdm_gui_protocol.Popup instance at 0x7f483579de60>], sender=GuiBackend, reason=None))
2017-10-24 16:53:28,252 - TdmApplication - DEBUG - FrontendConnectionHandler(id=139948152633680, session='2017-10-24T16_53_13_0'): writing {"content": [{"DeviceResult": {"action": "go_back", "result": true, "arguments": {}, "failure_reason": null}}, {"Popup": {"elements": [], "title": "Went to the previous step"}}], "_sender": "GuiBackend", "_reason": null, "event_type": "MESSAGE_TO_GUI"}
2017-10-24 16:53:28,252 - TdmApplication - DEBUG - FrontendConnectionHandler(id=139948152633680, session='2017-10-24T16_53_13_0'): OK
2017-10-24 16:53:28,272 - TdmApplication - DEBUG - FrontendConnectionHandler(id=139948152633680, session='2017-10-24T16_53_13_0').on_message({"content": ["", "Went to the previous step"], "_sender": "TextOutputComponent", "_reason": null, "event_type": "SYSTEM_UTTERANCE_REALIZED"})
2017-10-24 16:53:28,329 - TdmApplication - DEBUG - FrontendConnectionHandler(id=139948152633680, session='2017-10-24T16_53_13_0').on_event(Event(FACTS, [], sender=DmeModule, reason=None))
2017-10-24 16:53:28,329 - TdmApplication - DEBUG - FrontendConnectionHandler(id=139948152633680, session='2017-10-24T16_53_13_0'): writing {"content": [], "_sender": "DmeModule", "_reason": null, "event_type": "FACTS"}
2017-10-24 16:53:28,329 - TdmApplication - DEBUG - FrontendConnectionHandler(id=139948152633680, session='2017-10-24T16_53_13_0'): OK
2017-10-24 16:53:28,337 - TdmApplication - DEBUG - FrontendConnectionHandler(id=139948152633680, session='2017-10-24T16_53_13_0').on_event(Event(SYSTEM_UTTERANCE_TO_SPEAK, [Step ended], sender=GenerateModule, reason=None))
2017-10-24 16:53:28,337 - TdmApplication - DEBUG - FrontendConnectionHandler(id=139948152633680, session='2017-10-24T16_53_13_0'): writing {"content": ["Step ended"], "_sender": "GenerateModule", "_reason": null, "event_type": "SYSTEM_UTTERANCE_TO_SPEAK"}
2017-10-24 16:53:28,337 - TdmApplication - DEBUG - FrontendConnectionHandler(id=139948152633680, session='2017-10-24T16_53_13_0'): OK
2017-10-24 16:53:28,338 - TdmApplication - DEBUG - FrontendConnectionHandler(id=139948152633680, session='2017-10-24T16_53_13_0').on_event(Event(GUI.POPUP, {options: [], title: Step ended}, sender=IndependentGuiBackend, reason=None))
2017-10-24 16:53:28,338 - TdmApplication - DEBUG - FrontendConnectionHandler(id=139948152633680, session='2017-10-24T16_53_13_0'): writing {"content": {"options": [], "title": "Step ended"}, "_sender": "IndependentGuiBackend", "_reason": null, "event_type": "GUI.POPUP"}
2017-10-24 16:53:28,338 - TdmApplication - DEBUG - FrontendConnectionHandler(id=139948152633680, session='2017-10-24T16_53_13_0'): OK
2017-10-24 16:53:28,339 - TdmApplication - DEBUG - FrontendConnectionHandler(id=139948152633680, session='2017-10-24T16_53_13_0').on_event(Event(MESSAGE_TO_GUI, [<tdm.tdm_gui_protocol.ClosePopup instance at 0x7f483579d6c8>, <tdm.tdm_gui_protocol.DeviceResult instance at 0x7f48357a2cb0>, <tdm.tdm_gui_protocol.Popup instance at 0x7f48357a2dd0>], sender=GuiBackend, reason=None))
2017-10-24 16:53:28,339 - TdmApplication - DEBUG - FrontendConnectionHandler(id=139948152633680, session='2017-10-24T16_53_13_0'): writing {"content": [{"ClosePopup": {}}, {"DeviceResult": {"action": "say_step", "result": true, "arguments": {}, "failure_reason": null}}, {"Popup": {"elements": [], "title": "Step ended"}}], "_sender": "GuiBackend", "_reason": null, "event_type": "MESSAGE_TO_GUI"}
2017-10-24 16:53:28,339 - TdmApplication - DEBUG - FrontendConnectionHandler(id=139948152633680, session='2017-10-24T16_53_13_0'): OK
2017-10-24 16:53:28,378 - TdmApplication - DEBUG - FrontendConnectionHandler(id=139948152633680, session='2017-10-24T16_53_13_0').on_message({"content": ["Step ended"], "_sender": "TextOutputComponent", "_reason": null, "event_type": "SYSTEM_UTTERANCE_REALIZED"})
2017-10-24 16:53:28,433 - TdmApplication - DEBUG - FrontendConnectionHandler(id=139948152633680, session='2017-10-24T16_53_13_0').on_event(Event(FACTS, [], sender=DmeModule, reason=None))
2017-10-24 16:53:28,433 - TdmApplication - DEBUG - FrontendConnectionHandler(id=139948152633680, session='2017-10-24T16_53_13_0'): writing {"content": [], "_sender": "DmeModule", "_reason": null, "event_type": "FACTS"}
2017-10-24 16:53:28,433 - TdmApplication - DEBUG - FrontendConnectionHandler(id=139948152633680, session='2017-10-24T16_53_13_0'): OK
2017-10-24 16:53:28,444 - TdmApplication - DEBUG - FrontendConnectionHandler(id=139948152633680, session='2017-10-24T16_53_13_0').on_event(Event(SYSTEM_UTTERANCE_TO_SPEAK, [, Are you done?], sender=GenerateModule, reason=None))
2017-10-24 16:53:28,444 - TdmApplication - DEBUG - FrontendConnectionHandler(id=139948152633680, session='2017-10-24T16_53_13_0'): writing {"content": ["", "Are you done?"], "_sender": "GenerateModule", "_reason": null, "event_type": "SYSTEM_UTTERANCE_TO_SPEAK"}
2017-10-24 16:53:28,444 - TdmApplication - DEBUG - FrontendConnectionHandler(id=139948152633680, session='2017-10-24T16_53_13_0'): OK
2017-10-24 16:53:28,445 - TdmApplication - DEBUG - FrontendConnectionHandler(id=139948152633680, session='2017-10-24T16_53_13_0').on_event(Event(MESSAGE_TO_GUI, [<tdm.tdm_gui_protocol.ClosePopup instance at 0x7f48357a2170>], sender=GuiBackend, reason=None))
2017-10-24 16:53:28,445 - TdmApplication - DEBUG - FrontendConnectionHandler(id=139948152633680, session='2017-10-24T16_53_13_0'): writing {"content": [{"ClosePopup": {}}], "_sender": "GuiBackend", "_reason": null, "event_type": "MESSAGE_TO_GUI"}
2017-10-24 16:53:28,445 - TdmApplication - DEBUG - FrontendConnectionHandler(id=139948152633680, session='2017-10-24T16_53_13_0'): OK
2017-10-24 16:53:28,486 - TdmApplication - DEBUG - FrontendConnectionHandler(id=139948152633680, session='2017-10-24T16_53_13_0').on_message({"content": ["", "Are you done?"], "_sender": "TextOutputComponent", "_reason": null, "event_type": "SYSTEM_UTTERANCE_REALIZED"})
2017-10-24 16:53:28,514 - TdmApplication - DEBUG - FrontendConnectionHandler(id=139948152633680, session='2017-10-24T16_53_13_0').on_event(Event(FACTS, [], sender=DmeModule, reason=None))
2017-10-24 16:53:28,514 - TdmApplication - DEBUG - FrontendConnectionHandler(id=139948152633680, session='2017-10-24T16_53_13_0'): writing {"content": [], "_sender": "DmeModule", "_reason": null, "event_type": "FACTS"}
2017-10-24 16:53:28,514 - TdmApplication - DEBUG - FrontendConnectionHandler(id=139948152633680, session='2017-10-24T16_53_13_0'): OK
2017-10-24 16:53:33,797 - TdmApplication - DEBUG - FrontendConnectionHandler(id=139948152633680, session='2017-10-24T16_53_13_0').on_message({"content": [{"score": 1.0, "utterance": "no"}], "_sender": "TextInputComponent", "_reason": null, "event_type": "RECOGNITION"})
2017-10-24 16:53:33,802 - TdmApplication - DEBUG - FrontendConnectionHandler(id=139948152633680, session='2017-10-24T16_53_13_0').on_event(Event(STOP_LISTENING, None, sender=TurnManager, reason=None))
2017-10-24 16:53:33,802 - TdmApplication - DEBUG - FrontendConnectionHandler(id=139948152633680, session='2017-10-24T16_53_13_0'): writing {"content": null, "_sender": "TurnManager", "_reason": null, "event_type": "STOP_LISTENING"}
2017-10-24 16:53:33,802 - TdmApplication - DEBUG - FrontendConnectionHandler(id=139948152633680, session='2017-10-24T16_53_13_0'): OK
2017-10-24 16:53:33,918 - TdmApplication - DEBUG - FrontendConnectionHandler(id=139948152633680, session='2017-10-24T16_53_13_0').on_event(Event(SELECTED_RECOGNITION, no, sender=DmeModule, reason=None))
2017-10-24 16:53:33,918 - TdmApplication - DEBUG - FrontendConnectionHandler(id=139948152633680, session='2017-10-24T16_53_13_0'): writing {"content": "no", "_sender": "DmeModule", "_reason": null, "event_type": "SELECTED_RECOGNITION"}
2017-10-24 16:53:33,918 - TdmApplication - DEBUG - FrontendConnectionHandler(id=139948152633680, session='2017-10-24T16_53_13_0'): OK
2017-10-24 16:53:33,919 - TdmApplication - DEBUG - FrontendConnectionHandler(id=139948152633680, session='2017-10-24T16_53_13_0').on_event(Event(FACTS, [{predicate: confirmation, grammar_entry: None, value: no}], sender=DmeModule, reason=None))
2017-10-24 16:53:33,919 - TdmApplication - DEBUG - FrontendConnectionHandler(id=139948152633680, session='2017-10-24T16_53_13_0'): writing {"content": [{"predicate": "confirmation", "grammar_entry": null, "value": "no"}], "_sender": "DmeModule", "_reason": null, "event_type": "FACTS"}
2017-10-24 16:53:33,920 - TdmApplication - DEBUG - FrontendConnectionHandler(id=139948152633680, session='2017-10-24T16_53_13_0'): OK
2017-10-24 16:53:33,931 - TdmApplication - DEBUG - FrontendConnectionHandler(id=139948152633680, session='2017-10-24T16_53_13_0').on_event(Event(SYSTEM_UTTERANCE_TO_SPEAK, [, Step ended], sender=GenerateModule, reason=None))
2017-10-24 16:53:33,932 - TdmApplication - DEBUG - FrontendConnectionHandler(id=139948152633680, session='2017-10-24T16_53_13_0'): writing {"content": ["", "Step ended"], "_sender": "GenerateModule", "_reason": null, "event_type": "SYSTEM_UTTERANCE_TO_SPEAK"}
2017-10-24 16:53:33,932 - TdmApplication - DEBUG - FrontendConnectionHandler(id=139948152633680, session='2017-10-24T16_53_13_0'): OK
2017-10-24 16:53:33,932 - TdmApplication - DEBUG - FrontendConnectionHandler(id=139948152633680, session='2017-10-24T16_53_13_0').on_event(Event(GUI.POPUP, {options: [], title: Step ended}, sender=IndependentGuiBackend, reason=None))
2017-10-24 16:53:33,933 - TdmApplication - DEBUG - FrontendConnectionHandler(id=139948152633680, session='2017-10-24T16_53_13_0'): writing {"content": {"options": [], "title": "Step ended"}, "_sender": "IndependentGuiBackend", "_reason": null, "event_type": "GUI.POPUP"}
2017-10-24 16:53:33,933 - TdmApplication - DEBUG - FrontendConnectionHandler(id=139948152633680, session='2017-10-24T16_53_13_0'): OK
2017-10-24 16:53:33,934 - TdmApplication - DEBUG - FrontendConnectionHandler(id=139948152633680, session='2017-10-24T16_53_13_0').on_event(Event(MESSAGE_TO_GUI, [<tdm.tdm_gui_protocol.DeviceResult instance at 0x7f483578e9e0>, <tdm.tdm_gui_protocol.Popup instance at 0x7f483578efc8>], sender=GuiBackend, reason=None))
2017-10-24 16:53:33,934 - TdmApplication - DEBUG - FrontendConnectionHandler(id=139948152633680, session='2017-10-24T16_53_13_0'): writing {"content": [{"DeviceResult": {"action": "say_step", "result": true, "arguments": {}, "failure_reason": null}}, {"Popup": {"elements": [], "title": "Step ended"}}], "_sender": "GuiBackend", "_reason": null, "event_type": "MESSAGE_TO_GUI"}
2017-10-24 16:53:33,934 - TdmApplication - DEBUG - FrontendConnectionHandler(id=139948152633680, session='2017-10-24T16_53_13_0'): OK
2017-10-24 16:53:33,971 - TdmApplication - DEBUG - FrontendConnectionHandler(id=139948152633680, session='2017-10-24T16_53_13_0').on_message({"content": ["", "Step ended"], "_sender": "TextOutputComponent", "_reason": null, "event_type": "SYSTEM_UTTERANCE_REALIZED"})
2017-10-24 16:53:34,005 - TdmApplication - DEBUG - FrontendConnectionHandler(id=139948152633680, session='2017-10-24T16_53_13_0').on_event(Event(FACTS, [{predicate: confirmation, grammar_entry: None, value: no}], sender=DmeModule, reason=None))
2017-10-24 16:53:34,005 - TdmApplication - DEBUG - FrontendConnectionHandler(id=139948152633680, session='2017-10-24T16_53_13_0'): writing {"content": [{"predicate": "confirmation", "grammar_entry": null, "value": "no"}], "_sender": "DmeModule", "_reason": null, "event_type": "FACTS"}
2017-10-24 16:53:34,005 - TdmApplication - DEBUG - FrontendConnectionHandler(id=139948152633680, session='2017-10-24T16_53_13_0'): OK
2017-10-24 16:53:50,165 - TdmApplication - DEBUG - FrontendConnectionHandler(id=139948152633680, session='2017-10-24T16_53_13_0').on_message({"content": [{"score": 1.0, "utterance": "next"}], "_sender": "TextInputComponent", "_reason": null, "event_type": "RECOGNITION"})
2017-10-24 16:53:50,172 - TdmApplication - DEBUG - FrontendConnectionHandler(id=139948152633680, session='2017-10-24T16_53_13_0').on_event(Event(FACTS, [{predicate: confirmation, grammar_entry: None, value: no}], sender=DmeModule, reason=None))
2017-10-24 16:53:50,172 - TdmApplication - DEBUG - FrontendConnectionHandler(id=139948152633680, session='2017-10-24T16_53_13_0'): writing {"content": [{"predicate": "confirmation", "grammar_entry": null, "value": "no"}], "_sender": "DmeModule", "_reason": null, "event_type": "FACTS"}
2017-10-24 16:53:50,172 - TdmApplication - DEBUG - FrontendConnectionHandler(id=139948152633680, session='2017-10-24T16_53_13_0'): OK
2017-10-24 16:53:50,183 - TdmApplication - DEBUG - FrontendConnectionHandler(id=139948152633680, session='2017-10-24T16_53_13_0').on_event(Event(STOP_SPEAKING, None, sender=TurnManager, reason=None))
2017-10-24 16:53:50,184 - TdmApplication - DEBUG - FrontendConnectionHandler(id=139948152633680, session='2017-10-24T16_53_13_0'): writing {"content": null, "_sender": "TurnManager", "_reason": null, "event_type": "STOP_SPEAKING"}
2017-10-24 16:53:50,184 - TdmApplication - DEBUG - FrontendConnectionHandler(id=139948152633680, session='2017-10-24T16_53_13_0'): OK
2017-10-24 16:53:50,185 - TdmApplication - DEBUG - FrontendConnectionHandler(id=139948152633680, session='2017-10-24T16_53_13_0').on_event(Event(SYSTEM_UTTERANCE_TO_SPEAK, [Are you done?], sender=GenerateModule, reason=None))
2017-10-24 16:53:50,185 - TdmApplication - DEBUG - FrontendConnectionHandler(id=139948152633680, session='2017-10-24T16_53_13_0'): writing {"content": ["Are you done?"], "_sender": "GenerateModule", "_reason": null, "event_type": "SYSTEM_UTTERANCE_TO_SPEAK"}
2017-10-24 16:53:50,185 - TdmApplication - DEBUG - FrontendConnectionHandler(id=139948152633680, session='2017-10-24T16_53_13_0'): OK
2017-10-24 16:53:50,186 - TdmApplication - DEBUG - FrontendConnectionHandler(id=139948152633680, session='2017-10-24T16_53_13_0').on_event(Event(MESSAGE_TO_GUI, [<tdm.tdm_gui_protocol.ClosePopup instance at 0x7f483577d2d8>], sender=GuiBackend, reason=None))
2017-10-24 16:53:50,186 - TdmApplication - DEBUG - FrontendConnectionHandler(id=139948152633680, session='2017-10-24T16_53_13_0'): writing {"content": [{"ClosePopup": {}}], "_sender": "GuiBackend", "_reason": null, "event_type": "MESSAGE_TO_GUI"}
2017-10-24 16:53:50,186 - TdmApplication - DEBUG - FrontendConnectionHandler(id=139948152633680, session='2017-10-24T16_53_13_0'): OK
2017-10-24 16:53:50,212 - TdmApplication - DEBUG - FrontendConnectionHandler(id=139948152633680, session='2017-10-24T16_53_13_0').on_message({"content": ["Are you done?"], "_sender": "TextOutputComponent", "_reason": null, "event_type": "SYSTEM_UTTERANCE_REALIZED"})
2017-10-24 16:53:50,234 - TdmApplication - DEBUG - FrontendConnectionHandler(id=139948152633680, session='2017-10-24T16_53_13_0').on_event(Event(FACTS, [{predicate: confirmation, grammar_entry: None, value: no}], sender=DmeModule, reason=None))
2017-10-24 16:53:50,234 - TdmApplication - DEBUG - FrontendConnectionHandler(id=139948152633680, session='2017-10-24T16_53_13_0'): writing {"content": [{"predicate": "confirmation", "grammar_entry": null, "value": "no"}], "_sender": "DmeModule", "_reason": null, "event_type": "FACTS"}
2017-10-24 16:53:50,234 - TdmApplication - DEBUG - FrontendConnectionHandler(id=139948152633680, session='2017-10-24T16_53_13_0'): OK
2017-10-24 16:53:50,285 - TdmApplication - DEBUG - FrontendConnectionHandler(id=139948152633680, session='2017-10-24T16_53_13_0').on_event(Event(FACTS, [{predicate: confirmation, grammar_entry: None, value: no}], sender=DmeModule, reason=None))
2017-10-24 16:53:50,285 - TdmApplication - DEBUG - FrontendConnectionHandler(id=139948152633680, session='2017-10-24T16_53_13_0'): writing {"content": [{"predicate": "confirmation", "grammar_entry": null, "value": "no"}], "_sender": "DmeModule", "_reason": null, "event_type": "FACTS"}
2017-10-24 16:53:50,285 - TdmApplication - DEBUG - FrontendConnectionHandler(id=139948152633680, session='2017-10-24T16_53_13_0'): OK
2017-10-24 16:53:50,301 - TdmApplication - DEBUG - FrontendConnectionHandler(id=139948152633680, session='2017-10-24T16_53_13_0').on_event(Event(SYSTEM_UTTERANCE_TO_SPEAK, [I heard you say next., I don't understand., So,, Are you done?], sender=GenerateModule, reason=None))
2017-10-24 16:53:50,301 - TdmApplication - DEBUG - FrontendConnectionHandler(id=139948152633680, session='2017-10-24T16_53_13_0'): writing {"content": ["I heard you say next.", "I don't understand.", "So,", "Are you done?"], "_sender": "GenerateModule", "_reason": null, "event_type": "SYSTEM_UTTERANCE_TO_SPEAK"}
2017-10-24 16:53:50,301 - TdmApplication - DEBUG - FrontendConnectionHandler(id=139948152633680, session='2017-10-24T16_53_13_0'): OK
2017-10-24 16:53:50,302 - TdmApplication - DEBUG - FrontendConnectionHandler(id=139948152633680, session='2017-10-24T16_53_13_0').on_event(Event(MESSAGE_TO_GUI, [], sender=GuiBackend, reason=None))
2017-10-24 16:53:50,302 - TdmApplication - DEBUG - FrontendConnectionHandler(id=139948152633680, session='2017-10-24T16_53_13_0'): writing {"content": [], "_sender": "GuiBackend", "_reason": null, "event_type": "MESSAGE_TO_GUI"}
2017-10-24 16:53:50,302 - TdmApplication - DEBUG - FrontendConnectionHandler(id=139948152633680, session='2017-10-24T16_53_13_0'): OK
2017-10-24 16:53:50,325 - TdmApplication - DEBUG - FrontendConnectionHandler(id=139948152633680, session='2017-10-24T16_53_13_0').on_message({"content": ["I heard you say next.", "I don't understand.", "So,", "Are you done?"], "_sender": "TextOutputComponent", "_reason": null, "event_type": "SYSTEM_UTTERANCE_REALIZED"})
2017-10-24 16:53:50,366 - TdmApplication - DEBUG - FrontendConnectionHandler(id=139948152633680, session='2017-10-24T16_53_13_0').on_event(Event(FACTS, [{predicate: confirmation, grammar_entry: None, value: no}], sender=DmeModule, reason=None))
2017-10-24 16:53:50,366 - TdmApplication - DEBUG - FrontendConnectionHandler(id=139948152633680, session='2017-10-24T16_53_13_0'): writing {"content": [{"predicate": "confirmation", "grammar_entry": null, "value": "no"}], "_sender": "DmeModule", "_reason": null, "event_type": "FACTS"}
2017-10-24 16:53:50,366 - TdmApplication - DEBUG - FrontendConnectionHandler(id=139948152633680, session='2017-10-24T16_53_13_0'): OK
2017-10-24 16:55:54,558 - TdmApplication - DEBUG - FrontendConnectionHandler(id=139948152633680, session='2017-10-24T16_53_13_0').on_close()
2017-10-24 16:55:54,558 - TdmApplication - DEBUG - SessionManager.stop('2017-10-24T16_53_13_0')
2017-10-24 16:55:54,562 - TdmApplication - DEBUG - TdmApplication.stop(): Stopping HTTP server
2017-10-24 16:55:54,563 - TdmApplication - DEBUG - TdmApplication.stop(): Stopping IO-loop
2017-10-24 16:55:54,563 - TdmApplication - DEBUG - TdmApplication.stop(): Stopping sessions []
