2017-10-24 16:15:30,437 - TdmApplication - DEBUG - DddDb().__init__(name='ddds', default_ddds=[u'recipehelp'])
2017-10-24 16:15:30,438 - TdmApplication - DEBUG - DddDb(): DB file name is '/home/gusmatssar/recipedialogue/tdm/ddds.json'
2017-10-24 16:15:30,446 - TdmApplication - DEBUG - FrontendConnectionHandler(id=139862523169104, session=None).open()
2017-10-24 16:15:30,448 - TdmApplication - DEBUG - thread_manager.create_thread() with threading.active_count()=3
2017-10-24 16:15:30,449 - TdmApplication - DEBUG - FrontendConnectionHandler(id=139862523169104, session=None).on_message({"handshake_content": {"session_id": null, "keep_session_alive": false}, "name": "Frontend"})
2017-10-24 16:15:30,449 - TdmApplication - DEBUG - FrontendConnectionHandler(id=139862523169104, session=None)._register({"handshake_content": {"session_id": null, "keep_session_alive": false}, "name": "Frontend"})
2017-10-24 16:15:30,450 - TdmApplication - DEBUG - thread_manager.create_thread() with threading.active_count()=4
2017-10-24 16:15:30,451 - TdmApplication - DEBUG - Creating backend and session with id 2017-10-24T16_15_30_0.
2017-10-24 16:15:30,488 - TdmApplication - DEBUG - FrontendConnectionHandler._register: Registered in session 2017-10-24T16_15_30_0 with backend <ThreadedBackend(ThreadedBackend, started daemon 139862481880832)>.
2017-10-24 16:15:30,489 - TdmApplication - DEBUG - FrontendConnectionHandler(id=139862523169104, session='2017-10-24T16_15_30_0').on_event(Event(REGISTER_BACKEND, None, sender=Backend, reason=None))
2017-10-24 16:15:30,489 - TdmApplication - DEBUG - FrontendConnectionHandler(id=139862523169104, session='2017-10-24T16_15_30_0'): writing {"content": null, "_sender": "Backend", "_reason": null, "event_type": "REGISTER_BACKEND"}
2017-10-24 16:15:30,489 - TdmApplication - DEBUG - FrontendConnectionHandler(id=139862523169104, session='2017-10-24T16_15_30_0'): OK
2017-10-24 16:15:30,519 - TdmApplication - DEBUG - FrontendConnectionHandler(id=139862523169104, session='2017-10-24T16_15_30_0').on_message({"content": null, "_sender": "Frontend", "_reason": null, "event_type": "FRONTEND_READY"})
2017-10-24 16:15:30,521 - TdmApplication - DEBUG - FrontendConnectionHandler(id=139862523169104, session='2017-10-24T16_15_30_0').on_event(Event(BACKEND_READY, None, sender=Backend, reason=None))
2017-10-24 16:15:30,522 - TdmApplication - DEBUG - FrontendConnectionHandler(id=139862523169104, session='2017-10-24T16_15_30_0'): writing {"content": null, "_sender": "Backend", "_reason": null, "event_type": "BACKEND_READY"}
2017-10-24 16:15:30,522 - TdmApplication - DEBUG - FrontendConnectionHandler(id=139862523169104, session='2017-10-24T16_15_30_0'): OK
2017-10-24 16:15:30,524 - TdmApplication - DEBUG - FrontendConnectionHandler(id=139862523169104, session='2017-10-24T16_15_30_0').on_message({"content": null, "_sender": "Frontend", "_reason": null, "event_type": "START"})
2017-10-24 16:15:30,559 - TdmApplication - DEBUG - FrontendConnectionHandler(id=139862523169104, session='2017-10-24T16_15_30_0').on_event(Event(SET_DDD, {ddd_name: recipehelp, language_code: eng}, sender=DmeModule, reason=None))
2017-10-24 16:15:30,559 - TdmApplication - DEBUG - FrontendConnectionHandler(id=139862523169104, session='2017-10-24T16_15_30_0'): writing {"content": {"ddd_name": "recipehelp", "language_code": "eng"}, "_sender": "DmeModule", "_reason": null, "event_type": "SET_DDD"}
2017-10-24 16:15:30,559 - TdmApplication - DEBUG - FrontendConnectionHandler(id=139862523169104, session='2017-10-24T16_15_30_0'): OK
2017-10-24 16:15:30,561 - TdmApplication - DEBUG - FrontendConnectionHandler(id=139862523169104, session='2017-10-24T16_15_30_0').on_event(Event(FACTS, [], sender=DmeModule, reason=None))
2017-10-24 16:15:30,561 - TdmApplication - DEBUG - FrontendConnectionHandler(id=139862523169104, session='2017-10-24T16_15_30_0'): writing {"content": [], "_sender": "DmeModule", "_reason": null, "event_type": "FACTS"}
2017-10-24 16:15:30,561 - TdmApplication - DEBUG - FrontendConnectionHandler(id=139862523169104, session='2017-10-24T16_15_30_0'): OK
2017-10-24 16:15:30,572 - TdmApplication - DEBUG - FrontendConnectionHandler(id=139862523169104, session='2017-10-24T16_15_30_0').on_event(Event(SYSTEM_UTTERANCE_TO_SPEAK, [, What would you like to do?], sender=GenerateModule, reason=None))
2017-10-24 16:15:30,572 - TdmApplication - DEBUG - FrontendConnectionHandler(id=139862523169104, session='2017-10-24T16_15_30_0'): writing {"content": ["", "What would you like to do?"], "_sender": "GenerateModule", "_reason": null, "event_type": "SYSTEM_UTTERANCE_TO_SPEAK"}
2017-10-24 16:15:30,572 - TdmApplication - DEBUG - FrontendConnectionHandler(id=139862523169104, session='2017-10-24T16_15_30_0'): OK
2017-10-24 16:15:30,573 - TdmApplication - DEBUG - FrontendConnectionHandler(id=139862523169104, session='2017-10-24T16_15_30_0').on_event(Event(MESSAGE_TO_GUI, [], sender=GuiBackend, reason=None))
2017-10-24 16:15:30,573 - TdmApplication - DEBUG - FrontendConnectionHandler(id=139862523169104, session='2017-10-24T16_15_30_0'): writing {"content": [], "_sender": "GuiBackend", "_reason": null, "event_type": "MESSAGE_TO_GUI"}
2017-10-24 16:15:30,573 - TdmApplication - DEBUG - FrontendConnectionHandler(id=139862523169104, session='2017-10-24T16_15_30_0'): OK
2017-10-24 16:15:30,635 - TdmApplication - DEBUG - FrontendConnectionHandler(id=139862523169104, session='2017-10-24T16_15_30_0').on_message({"content": ["", "What would you like to do?"], "_sender": "TextOutputComponent", "_reason": null, "event_type": "SYSTEM_UTTERANCE_REALIZED"})
2017-10-24 16:15:30,656 - TdmApplication - DEBUG - FrontendConnectionHandler(id=139862523169104, session='2017-10-24T16_15_30_0').on_event(Event(FACTS, [], sender=DmeModule, reason=None))
2017-10-24 16:15:30,656 - TdmApplication - DEBUG - FrontendConnectionHandler(id=139862523169104, session='2017-10-24T16_15_30_0'): writing {"content": [], "_sender": "DmeModule", "_reason": null, "event_type": "FACTS"}
2017-10-24 16:15:30,656 - TdmApplication - DEBUG - FrontendConnectionHandler(id=139862523169104, session='2017-10-24T16_15_30_0'): OK
2017-10-24 16:15:49,616 - TdmApplication - DEBUG - FrontendConnectionHandler(id=139862523169104, session='2017-10-24T16_15_30_0').on_message({"content": [{"score": 1.0, "utterance": "go to a step"}], "_sender": "TextInputComponent", "_reason": null, "event_type": "RECOGNITION"})
2017-10-24 16:15:49,625 - TdmApplication - DEBUG - FrontendConnectionHandler(id=139862523169104, session='2017-10-24T16_15_30_0').on_event(Event(STOP_LISTENING, None, sender=TurnManager, reason=None))
2017-10-24 16:15:49,625 - TdmApplication - DEBUG - FrontendConnectionHandler(id=139862523169104, session='2017-10-24T16_15_30_0'): writing {"content": null, "_sender": "TurnManager", "_reason": null, "event_type": "STOP_LISTENING"}
2017-10-24 16:15:49,625 - TdmApplication - DEBUG - FrontendConnectionHandler(id=139862523169104, session='2017-10-24T16_15_30_0'): OK
2017-10-24 16:15:49,701 - TdmApplication - DEBUG - FrontendConnectionHandler(id=139862523169104, session='2017-10-24T16_15_30_0').on_event(Event(SELECTED_RECOGNITION, go to a step, sender=DmeModule, reason=None))
2017-10-24 16:15:49,702 - TdmApplication - DEBUG - FrontendConnectionHandler(id=139862523169104, session='2017-10-24T16_15_30_0'): writing {"content": "go to a step", "_sender": "DmeModule", "_reason": null, "event_type": "SELECTED_RECOGNITION"}
2017-10-24 16:15:49,702 - TdmApplication - DEBUG - FrontendConnectionHandler(id=139862523169104, session='2017-10-24T16_15_30_0'): OK
2017-10-24 16:15:49,703 - TdmApplication - DEBUG - FrontendConnectionHandler(id=139862523169104, session='2017-10-24T16_15_30_0').on_event(Event(FACTS, [], sender=DmeModule, reason=None))
2017-10-24 16:15:49,703 - TdmApplication - DEBUG - FrontendConnectionHandler(id=139862523169104, session='2017-10-24T16_15_30_0'): writing {"content": [], "_sender": "DmeModule", "_reason": null, "event_type": "FACTS"}
2017-10-24 16:15:49,703 - TdmApplication - DEBUG - FrontendConnectionHandler(id=139862523169104, session='2017-10-24T16_15_30_0'): OK
2017-10-24 16:15:49,714 - TdmApplication - DEBUG - FrontendConnectionHandler(id=139862523169104, session='2017-10-24T16_15_30_0').on_event(Event(SYSTEM_UTTERANCE_TO_SPEAK, [, , Which step?], sender=GenerateModule, reason=None))
2017-10-24 16:15:49,714 - TdmApplication - DEBUG - FrontendConnectionHandler(id=139862523169104, session='2017-10-24T16_15_30_0'): writing {"content": ["", "", "Which step?"], "_sender": "GenerateModule", "_reason": null, "event_type": "SYSTEM_UTTERANCE_TO_SPEAK"}
2017-10-24 16:15:49,714 - TdmApplication - DEBUG - FrontendConnectionHandler(id=139862523169104, session='2017-10-24T16_15_30_0'): OK
2017-10-24 16:15:49,715 - TdmApplication - DEBUG - FrontendConnectionHandler(id=139862523169104, session='2017-10-24T16_15_30_0').on_event(Event(MESSAGE_TO_GUI, [], sender=GuiBackend, reason=None))
2017-10-24 16:15:49,715 - TdmApplication - DEBUG - FrontendConnectionHandler(id=139862523169104, session='2017-10-24T16_15_30_0'): writing {"content": [], "_sender": "GuiBackend", "_reason": null, "event_type": "MESSAGE_TO_GUI"}
2017-10-24 16:15:49,715 - TdmApplication - DEBUG - FrontendConnectionHandler(id=139862523169104, session='2017-10-24T16_15_30_0'): OK
2017-10-24 16:15:49,736 - TdmApplication - DEBUG - FrontendConnectionHandler(id=139862523169104, session='2017-10-24T16_15_30_0').on_message({"content": ["", "", "Which step?"], "_sender": "TextOutputComponent", "_reason": null, "event_type": "SYSTEM_UTTERANCE_REALIZED"})
2017-10-24 16:15:49,768 - TdmApplication - DEBUG - FrontendConnectionHandler(id=139862523169104, session='2017-10-24T16_15_30_0').on_event(Event(FACTS, [], sender=DmeModule, reason=None))
2017-10-24 16:15:49,768 - TdmApplication - DEBUG - FrontendConnectionHandler(id=139862523169104, session='2017-10-24T16_15_30_0'): writing {"content": [], "_sender": "DmeModule", "_reason": null, "event_type": "FACTS"}
2017-10-24 16:15:49,768 - TdmApplication - DEBUG - FrontendConnectionHandler(id=139862523169104, session='2017-10-24T16_15_30_0'): OK
2017-10-24 16:15:52,725 - TdmApplication - DEBUG - FrontendConnectionHandler(id=139862523169104, session='2017-10-24T16_15_30_0').on_message({"content": [{"score": 1.0, "utterance": "step one"}], "_sender": "TextInputComponent", "_reason": null, "event_type": "RECOGNITION"})
2017-10-24 16:15:52,730 - TdmApplication - DEBUG - FrontendConnectionHandler(id=139862523169104, session='2017-10-24T16_15_30_0').on_event(Event(STOP_LISTENING, None, sender=TurnManager, reason=None))
2017-10-24 16:15:52,730 - TdmApplication - DEBUG - FrontendConnectionHandler(id=139862523169104, session='2017-10-24T16_15_30_0'): writing {"content": null, "_sender": "TurnManager", "_reason": null, "event_type": "STOP_LISTENING"}
2017-10-24 16:15:52,731 - TdmApplication - DEBUG - FrontendConnectionHandler(id=139862523169104, session='2017-10-24T16_15_30_0'): OK
2017-10-24 16:15:52,815 - TdmApplication - DEBUG - FrontendConnectionHandler(id=139862523169104, session='2017-10-24T16_15_30_0').on_event(Event(SELECTED_RECOGNITION, step one, sender=DmeModule, reason=None))
2017-10-24 16:15:52,815 - TdmApplication - DEBUG - FrontendConnectionHandler(id=139862523169104, session='2017-10-24T16_15_30_0'): writing {"content": "step one", "_sender": "DmeModule", "_reason": null, "event_type": "SELECTED_RECOGNITION"}
2017-10-24 16:15:52,815 - TdmApplication - DEBUG - FrontendConnectionHandler(id=139862523169104, session='2017-10-24T16_15_30_0'): OK
2017-10-24 16:15:52,816 - TdmApplication - DEBUG - FrontendConnectionHandler(id=139862523169104, session='2017-10-24T16_15_30_0').on_event(Event(FACTS, [{predicate: go_to_step, grammar_entry: None, value: chose step1}], sender=DmeModule, reason=None))
2017-10-24 16:15:52,816 - TdmApplication - DEBUG - FrontendConnectionHandler(id=139862523169104, session='2017-10-24T16_15_30_0'): writing {"content": [{"predicate": "go_to_step", "grammar_entry": null, "value": "chose step1"}], "_sender": "DmeModule", "_reason": null, "event_type": "FACTS"}
2017-10-24 16:15:52,816 - TdmApplication - DEBUG - FrontendConnectionHandler(id=139862523169104, session='2017-10-24T16_15_30_0'): OK
2017-10-24 16:15:52,826 - TdmApplication - DEBUG - FrontendConnectionHandler(id=139862523169104, session='2017-10-24T16_15_30_0').on_event(Event(SYSTEM_UTTERANCE_TO_SPEAK, [Ok chose step1.], sender=GenerateModule, reason=None))
2017-10-24 16:15:52,826 - TdmApplication - DEBUG - FrontendConnectionHandler(id=139862523169104, session='2017-10-24T16_15_30_0'): writing {"content": ["Ok chose step1."], "_sender": "GenerateModule", "_reason": null, "event_type": "SYSTEM_UTTERANCE_TO_SPEAK"}
2017-10-24 16:15:52,826 - TdmApplication - DEBUG - FrontendConnectionHandler(id=139862523169104, session='2017-10-24T16_15_30_0'): OK
2017-10-24 16:15:52,828 - TdmApplication - DEBUG - FrontendConnectionHandler(id=139862523169104, session='2017-10-24T16_15_30_0').on_event(Event(GUI.POPUP, {options: [], title: Ok chose step1.}, sender=IndependentGuiBackend, reason=None))
2017-10-24 16:15:52,828 - TdmApplication - DEBUG - FrontendConnectionHandler(id=139862523169104, session='2017-10-24T16_15_30_0'): writing {"content": {"options": [], "title": "Ok chose step1."}, "_sender": "IndependentGuiBackend", "_reason": null, "event_type": "GUI.POPUP"}
2017-10-24 16:15:52,828 - TdmApplication - DEBUG - FrontendConnectionHandler(id=139862523169104, session='2017-10-24T16_15_30_0'): OK
2017-10-24 16:15:52,829 - TdmApplication - DEBUG - FrontendConnectionHandler(id=139862523169104, session='2017-10-24T16_15_30_0').on_event(Event(MESSAGE_TO_GUI, [<tdm.tdm_gui_protocol.Popup instance at 0x7f3445900e18>], sender=GuiBackend, reason=None))
2017-10-24 16:15:52,829 - TdmApplication - DEBUG - FrontendConnectionHandler(id=139862523169104, session='2017-10-24T16_15_30_0'): writing {"content": [{"Popup": {"elements": [], "title": "Ok chose step1."}}], "_sender": "GuiBackend", "_reason": null, "event_type": "MESSAGE_TO_GUI"}
2017-10-24 16:15:52,829 - TdmApplication - DEBUG - FrontendConnectionHandler(id=139862523169104, session='2017-10-24T16_15_30_0'): OK
2017-10-24 16:15:52,836 - TdmApplication - DEBUG - FrontendConnectionHandler(id=139862523169104, session='2017-10-24T16_15_30_0').on_message({"content": ["Ok chose step1."], "_sender": "TextOutputComponent", "_reason": null, "event_type": "SYSTEM_UTTERANCE_REALIZED"})
2017-10-24 16:15:52,862 - TdmApplication - DEBUG - FrontendConnectionHandler(id=139862523169104, session='2017-10-24T16_15_30_0').on_event(Event(FACTS, [{predicate: go_to_step, grammar_entry: None, value: chose step1}], sender=DmeModule, reason=None))
2017-10-24 16:15:52,862 - TdmApplication - DEBUG - FrontendConnectionHandler(id=139862523169104, session='2017-10-24T16_15_30_0'): writing {"content": [{"predicate": "go_to_step", "grammar_entry": null, "value": "chose step1"}], "_sender": "DmeModule", "_reason": null, "event_type": "FACTS"}
2017-10-24 16:15:52,863 - TdmApplication - DEBUG - FrontendConnectionHandler(id=139862523169104, session='2017-10-24T16_15_30_0'): OK
2017-10-24 16:15:58,755 - TdmApplication - DEBUG - FrontendConnectionHandler(id=139862523169104, session='2017-10-24T16_15_30_0').on_message({"content": [{"score": 1.0, "utterance": "go to next"}], "_sender": "TextInputComponent", "_reason": null, "event_type": "RECOGNITION"})
2017-10-24 16:15:58,759 - TdmApplication - DEBUG - FrontendConnectionHandler(id=139862523169104, session='2017-10-24T16_15_30_0').on_event(Event(FACTS, [], sender=DmeModule, reason=None))
2017-10-24 16:15:58,759 - TdmApplication - DEBUG - FrontendConnectionHandler(id=139862523169104, session='2017-10-24T16_15_30_0'): writing {"content": [], "_sender": "DmeModule", "_reason": null, "event_type": "FACTS"}
2017-10-24 16:15:58,759 - TdmApplication - DEBUG - FrontendConnectionHandler(id=139862523169104, session='2017-10-24T16_15_30_0'): OK
2017-10-24 16:15:58,769 - TdmApplication - DEBUG - FrontendConnectionHandler(id=139862523169104, session='2017-10-24T16_15_30_0').on_event(Event(STOP_SPEAKING, None, sender=TurnManager, reason=None))
2017-10-24 16:15:58,769 - TdmApplication - DEBUG - FrontendConnectionHandler(id=139862523169104, session='2017-10-24T16_15_30_0'): writing {"content": null, "_sender": "TurnManager", "_reason": null, "event_type": "STOP_SPEAKING"}
2017-10-24 16:15:58,769 - TdmApplication - DEBUG - FrontendConnectionHandler(id=139862523169104, session='2017-10-24T16_15_30_0'): OK
2017-10-24 16:15:58,770 - TdmApplication - DEBUG - FrontendConnectionHandler(id=139862523169104, session='2017-10-24T16_15_30_0').on_event(Event(SYSTEM_UTTERANCE_TO_SPEAK, [Returning to the start view., What would you like to do?], sender=GenerateModule, reason=None))
2017-10-24 16:15:58,770 - TdmApplication - DEBUG - FrontendConnectionHandler(id=139862523169104, session='2017-10-24T16_15_30_0'): writing {"content": ["Returning to the start view.", "What would you like to do?"], "_sender": "GenerateModule", "_reason": null, "event_type": "SYSTEM_UTTERANCE_TO_SPEAK"}
2017-10-24 16:15:58,771 - TdmApplication - DEBUG - FrontendConnectionHandler(id=139862523169104, session='2017-10-24T16_15_30_0'): OK
2017-10-24 16:15:58,772 - TdmApplication - DEBUG - FrontendConnectionHandler(id=139862523169104, session='2017-10-24T16_15_30_0').on_event(Event(MESSAGE_TO_GUI, [<tdm.tdm_gui_protocol.ClosePopup instance at 0x7f34458fcf38>], sender=GuiBackend, reason=None))
2017-10-24 16:15:58,772 - TdmApplication - DEBUG - FrontendConnectionHandler(id=139862523169104, session='2017-10-24T16_15_30_0'): writing {"content": [{"ClosePopup": {}}], "_sender": "GuiBackend", "_reason": null, "event_type": "MESSAGE_TO_GUI"}
2017-10-24 16:15:58,772 - TdmApplication - DEBUG - FrontendConnectionHandler(id=139862523169104, session='2017-10-24T16_15_30_0'): OK
2017-10-24 16:15:58,801 - TdmApplication - DEBUG - FrontendConnectionHandler(id=139862523169104, session='2017-10-24T16_15_30_0').on_message({"content": ["Returning to the start view.", "What would you like to do?"], "_sender": "TextOutputComponent", "_reason": null, "event_type": "SYSTEM_UTTERANCE_REALIZED"})
2017-10-24 16:15:58,827 - TdmApplication - DEBUG - FrontendConnectionHandler(id=139862523169104, session='2017-10-24T16_15_30_0').on_event(Event(FACTS, [], sender=DmeModule, reason=None))
2017-10-24 16:15:58,827 - TdmApplication - DEBUG - FrontendConnectionHandler(id=139862523169104, session='2017-10-24T16_15_30_0'): writing {"content": [], "_sender": "DmeModule", "_reason": null, "event_type": "FACTS"}
2017-10-24 16:15:58,827 - TdmApplication - DEBUG - FrontendConnectionHandler(id=139862523169104, session='2017-10-24T16_15_30_0'): OK
2017-10-24 16:15:58,897 - TdmApplication - DEBUG - FrontendConnectionHandler(id=139862523169104, session='2017-10-24T16_15_30_0').on_event(Event(SELECTED_RECOGNITION, go to next, sender=DmeModule, reason=None))
2017-10-24 16:15:58,897 - TdmApplication - DEBUG - FrontendConnectionHandler(id=139862523169104, session='2017-10-24T16_15_30_0'): writing {"content": "go to next", "_sender": "DmeModule", "_reason": null, "event_type": "SELECTED_RECOGNITION"}
2017-10-24 16:15:58,897 - TdmApplication - DEBUG - FrontendConnectionHandler(id=139862523169104, session='2017-10-24T16_15_30_0'): OK
2017-10-24 16:15:58,898 - TdmApplication - DEBUG - FrontendConnectionHandler(id=139862523169104, session='2017-10-24T16_15_30_0').on_event(Event(FACTS, [], sender=DmeModule, reason=None))
2017-10-24 16:15:58,898 - TdmApplication - DEBUG - FrontendConnectionHandler(id=139862523169104, session='2017-10-24T16_15_30_0'): writing {"content": [], "_sender": "DmeModule", "_reason": null, "event_type": "FACTS"}
2017-10-24 16:15:58,898 - TdmApplication - DEBUG - FrontendConnectionHandler(id=139862523169104, session='2017-10-24T16_15_30_0'): OK
2017-10-24 16:15:58,907 - TdmApplication - DEBUG - FrontendConnectionHandler(id=139862523169104, session='2017-10-24T16_15_30_0').on_event(Event(SYSTEM_UTTERANCE_TO_SPEAK, [, Went to next], sender=GenerateModule, reason=None))
2017-10-24 16:15:58,907 - TdmApplication - DEBUG - FrontendConnectionHandler(id=139862523169104, session='2017-10-24T16_15_30_0'): writing {"content": ["", "Went to next"], "_sender": "GenerateModule", "_reason": null, "event_type": "SYSTEM_UTTERANCE_TO_SPEAK"}
2017-10-24 16:15:58,907 - TdmApplication - DEBUG - FrontendConnectionHandler(id=139862523169104, session='2017-10-24T16_15_30_0'): OK
2017-10-24 16:15:58,909 - TdmApplication - DEBUG - FrontendConnectionHandler(id=139862523169104, session='2017-10-24T16_15_30_0').on_event(Event(GUI.POPUP, {options: [], title: Went to next}, sender=IndependentGuiBackend, reason=None))
2017-10-24 16:15:58,909 - TdmApplication - DEBUG - FrontendConnectionHandler(id=139862523169104, session='2017-10-24T16_15_30_0'): writing {"content": {"options": [], "title": "Went to next"}, "_sender": "IndependentGuiBackend", "_reason": null, "event_type": "GUI.POPUP"}
2017-10-24 16:15:58,909 - TdmApplication - DEBUG - FrontendConnectionHandler(id=139862523169104, session='2017-10-24T16_15_30_0'): OK
2017-10-24 16:15:58,910 - TdmApplication - DEBUG - FrontendConnectionHandler(id=139862523169104, session='2017-10-24T16_15_30_0').on_event(Event(MESSAGE_TO_GUI, [<tdm.tdm_gui_protocol.DeviceResult instance at 0x7f34459001b8>, <tdm.tdm_gui_protocol.Popup instance at 0x7f3445900d88>], sender=GuiBackend, reason=None))
2017-10-24 16:15:58,910 - TdmApplication - DEBUG - FrontendConnectionHandler(id=139862523169104, session='2017-10-24T16_15_30_0'): writing {"content": [{"DeviceResult": {"action": "go_to_next", "result": true, "arguments": {}, "failure_reason": null}}, {"Popup": {"elements": [], "title": "Went to next"}}], "_sender": "GuiBackend", "_reason": null, "event_type": "MESSAGE_TO_GUI"}
2017-10-24 16:15:58,911 - TdmApplication - DEBUG - FrontendConnectionHandler(id=139862523169104, session='2017-10-24T16_15_30_0'): OK
2017-10-24 16:15:58,929 - TdmApplication - DEBUG - FrontendConnectionHandler(id=139862523169104, session='2017-10-24T16_15_30_0').on_message({"content": ["", "Went to next"], "_sender": "TextOutputComponent", "_reason": null, "event_type": "SYSTEM_UTTERANCE_REALIZED"})
2017-10-24 16:15:58,987 - TdmApplication - DEBUG - FrontendConnectionHandler(id=139862523169104, session='2017-10-24T16_15_30_0').on_event(Event(FACTS, [], sender=DmeModule, reason=None))
2017-10-24 16:15:58,987 - TdmApplication - DEBUG - FrontendConnectionHandler(id=139862523169104, session='2017-10-24T16_15_30_0'): writing {"content": [], "_sender": "DmeModule", "_reason": null, "event_type": "FACTS"}
2017-10-24 16:15:58,987 - TdmApplication - DEBUG - FrontendConnectionHandler(id=139862523169104, session='2017-10-24T16_15_30_0'): OK
2017-10-24 16:15:58,995 - TdmApplication - DEBUG - FrontendConnectionHandler(id=139862523169104, session='2017-10-24T16_15_30_0').on_event(Event(SYSTEM_UTTERANCE_TO_SPEAK, [I'm sorry, something went wrong.], sender=GenerateModule, reason=None))
2017-10-24 16:15:58,995 - TdmApplication - DEBUG - FrontendConnectionHandler(id=139862523169104, session='2017-10-24T16_15_30_0'): writing {"content": ["I'm sorry, something went wrong."], "_sender": "GenerateModule", "_reason": null, "event_type": "SYSTEM_UTTERANCE_TO_SPEAK"}
2017-10-24 16:15:58,996 - TdmApplication - DEBUG - FrontendConnectionHandler(id=139862523169104, session='2017-10-24T16_15_30_0'): OK
2017-10-24 16:15:58,996 - TdmApplication - DEBUG - FrontendConnectionHandler(id=139862523169104, session='2017-10-24T16_15_30_0').on_event(Event(GUI.POPUP, {options: [], title: I'm sorry, something went wrong.}, sender=IndependentGuiBackend, reason=None))
2017-10-24 16:15:58,996 - TdmApplication - DEBUG - FrontendConnectionHandler(id=139862523169104, session='2017-10-24T16_15_30_0'): writing {"content": {"options": [], "title": "I'm sorry, something went wrong."}, "_sender": "IndependentGuiBackend", "_reason": null, "event_type": "GUI.POPUP"}
2017-10-24 16:15:58,996 - TdmApplication - DEBUG - FrontendConnectionHandler(id=139862523169104, session='2017-10-24T16_15_30_0'): OK
2017-10-24 16:15:58,997 - TdmApplication - DEBUG - FrontendConnectionHandler(id=139862523169104, session='2017-10-24T16_15_30_0').on_event(Event(MESSAGE_TO_GUI, [<tdm.tdm_gui_protocol.ClosePopup instance at 0x7f3445090fc8>, <tdm.tdm_gui_protocol.DeviceResult instance at 0x7f3445090950>, <tdm.tdm_gui_protocol.Popup instance at 0x7f34450904d0>], sender=GuiBackend, reason=None))
2017-10-24 16:15:58,997 - TdmApplication - DEBUG - FrontendConnectionHandler(id=139862523169104, session='2017-10-24T16_15_30_0'): writing {"content": [{"ClosePopup": {}}, {"DeviceResult": {"action": "say_step", "result": false, "arguments": {}, "failure_reason": "undefined_failure"}}, {"Popup": {"elements": [], "title": "I'm sorry, something went wrong."}}], "_sender": "GuiBackend", "_reason": null, "event_type": "MESSAGE_TO_GUI"}
2017-10-24 16:15:58,997 - TdmApplication - DEBUG - FrontendConnectionHandler(id=139862523169104, session='2017-10-24T16_15_30_0'): OK
2017-10-24 16:15:59,043 - TdmApplication - DEBUG - FrontendConnectionHandler(id=139862523169104, session='2017-10-24T16_15_30_0').on_message({"content": ["I'm sorry, something went wrong."], "_sender": "TextOutputComponent", "_reason": null, "event_type": "SYSTEM_UTTERANCE_REALIZED"})
2017-10-24 16:15:59,064 - TdmApplication - DEBUG - FrontendConnectionHandler(id=139862523169104, session='2017-10-24T16_15_30_0').on_event(Event(FACTS, [], sender=DmeModule, reason=None))
2017-10-24 16:15:59,064 - TdmApplication - DEBUG - FrontendConnectionHandler(id=139862523169104, session='2017-10-24T16_15_30_0'): writing {"content": [], "_sender": "DmeModule", "_reason": null, "event_type": "FACTS"}
2017-10-24 16:15:59,064 - TdmApplication - DEBUG - FrontendConnectionHandler(id=139862523169104, session='2017-10-24T16_15_30_0'): OK
2017-10-24 16:16:23,065 - TdmApplication - DEBUG - FrontendConnectionHandler(id=139862523169104, session='2017-10-24T16_15_30_0').on_message({"content": [{"score": 1.0, "utterance": "tell me what to do"}], "_sender": "TextInputComponent", "_reason": null, "event_type": "RECOGNITION"})
2017-10-24 16:16:23,069 - TdmApplication - DEBUG - FrontendConnectionHandler(id=139862523169104, session='2017-10-24T16_15_30_0').on_event(Event(FACTS, [], sender=DmeModule, reason=None))
2017-10-24 16:16:23,069 - TdmApplication - DEBUG - FrontendConnectionHandler(id=139862523169104, session='2017-10-24T16_15_30_0'): writing {"content": [], "_sender": "DmeModule", "_reason": null, "event_type": "FACTS"}
2017-10-24 16:16:23,069 - TdmApplication - DEBUG - FrontendConnectionHandler(id=139862523169104, session='2017-10-24T16_15_30_0'): OK
2017-10-24 16:16:23,080 - TdmApplication - DEBUG - FrontendConnectionHandler(id=139862523169104, session='2017-10-24T16_15_30_0').on_event(Event(STOP_SPEAKING, None, sender=TurnManager, reason=None))
2017-10-24 16:16:23,080 - TdmApplication - DEBUG - FrontendConnectionHandler(id=139862523169104, session='2017-10-24T16_15_30_0'): writing {"content": null, "_sender": "TurnManager", "_reason": null, "event_type": "STOP_SPEAKING"}
2017-10-24 16:16:23,080 - TdmApplication - DEBUG - FrontendConnectionHandler(id=139862523169104, session='2017-10-24T16_15_30_0'): OK
2017-10-24 16:16:23,081 - TdmApplication - DEBUG - FrontendConnectionHandler(id=139862523169104, session='2017-10-24T16_15_30_0').on_event(Event(SYSTEM_UTTERANCE_TO_SPEAK, [Returning to tell me what to do., I'm sorry, something went wrong.], sender=GenerateModule, reason=None))
2017-10-24 16:16:23,081 - TdmApplication - DEBUG - FrontendConnectionHandler(id=139862523169104, session='2017-10-24T16_15_30_0'): writing {"content": ["Returning to tell me what to do.", "I'm sorry, something went wrong."], "_sender": "GenerateModule", "_reason": null, "event_type": "SYSTEM_UTTERANCE_TO_SPEAK"}
2017-10-24 16:16:23,081 - TdmApplication - DEBUG - FrontendConnectionHandler(id=139862523169104, session='2017-10-24T16_15_30_0'): OK
2017-10-24 16:16:23,082 - TdmApplication - DEBUG - FrontendConnectionHandler(id=139862523169104, session='2017-10-24T16_15_30_0').on_event(Event(GUI.POPUP, {options: [], title: I'm sorry, something went wrong.}, sender=IndependentGuiBackend, reason=None))
2017-10-24 16:16:23,082 - TdmApplication - DEBUG - FrontendConnectionHandler(id=139862523169104, session='2017-10-24T16_15_30_0'): writing {"content": {"options": [], "title": "I'm sorry, something went wrong."}, "_sender": "IndependentGuiBackend", "_reason": null, "event_type": "GUI.POPUP"}
2017-10-24 16:16:23,082 - TdmApplication - DEBUG - FrontendConnectionHandler(id=139862523169104, session='2017-10-24T16_15_30_0'): OK
2017-10-24 16:16:23,083 - TdmApplication - DEBUG - FrontendConnectionHandler(id=139862523169104, session='2017-10-24T16_15_30_0').on_event(Event(MESSAGE_TO_GUI, [<tdm.tdm_gui_protocol.DeviceResult instance at 0x7f34450c6ab8>, <tdm.tdm_gui_protocol.Popup instance at 0x7f3445090248>], sender=GuiBackend, reason=None))
2017-10-24 16:16:23,084 - TdmApplication - DEBUG - FrontendConnectionHandler(id=139862523169104, session='2017-10-24T16_15_30_0'): writing {"content": [{"DeviceResult": {"action": "say_step", "result": false, "arguments": {}, "failure_reason": "undefined_failure"}}, {"Popup": {"elements": [], "title": "I'm sorry, something went wrong."}}], "_sender": "GuiBackend", "_reason": null, "event_type": "MESSAGE_TO_GUI"}
2017-10-24 16:16:23,084 - TdmApplication - DEBUG - FrontendConnectionHandler(id=139862523169104, session='2017-10-24T16_15_30_0'): OK
2017-10-24 16:16:23,089 - TdmApplication - DEBUG - FrontendConnectionHandler(id=139862523169104, session='2017-10-24T16_15_30_0').on_message({"content": ["Returning to tell me what to do.", "I'm sorry, something went wrong."], "_sender": "TextOutputComponent", "_reason": null, "event_type": "SYSTEM_UTTERANCE_REALIZED"})
2017-10-24 16:16:23,114 - TdmApplication - DEBUG - FrontendConnectionHandler(id=139862523169104, session='2017-10-24T16_15_30_0').on_event(Event(FACTS, [], sender=DmeModule, reason=None))
2017-10-24 16:16:23,114 - TdmApplication - DEBUG - FrontendConnectionHandler(id=139862523169104, session='2017-10-24T16_15_30_0'): writing {"content": [], "_sender": "DmeModule", "_reason": null, "event_type": "FACTS"}
2017-10-24 16:16:23,114 - TdmApplication - DEBUG - FrontendConnectionHandler(id=139862523169104, session='2017-10-24T16_15_30_0'): OK
2017-10-24 16:16:23,177 - TdmApplication - DEBUG - FrontendConnectionHandler(id=139862523169104, session='2017-10-24T16_15_30_0').on_event(Event(SELECTED_RECOGNITION, tell me what to do, sender=DmeModule, reason=None))
2017-10-24 16:16:23,177 - TdmApplication - DEBUG - FrontendConnectionHandler(id=139862523169104, session='2017-10-24T16_15_30_0'): writing {"content": "tell me what to do", "_sender": "DmeModule", "_reason": null, "event_type": "SELECTED_RECOGNITION"}
2017-10-24 16:16:23,177 - TdmApplication - DEBUG - FrontendConnectionHandler(id=139862523169104, session='2017-10-24T16_15_30_0'): OK
2017-10-24 16:16:23,178 - TdmApplication - DEBUG - FrontendConnectionHandler(id=139862523169104, session='2017-10-24T16_15_30_0').on_event(Event(FACTS, [], sender=DmeModule, reason=None))
2017-10-24 16:16:23,178 - TdmApplication - DEBUG - FrontendConnectionHandler(id=139862523169104, session='2017-10-24T16_15_30_0'): writing {"content": [], "_sender": "DmeModule", "_reason": null, "event_type": "FACTS"}
2017-10-24 16:16:23,178 - TdmApplication - DEBUG - FrontendConnectionHandler(id=139862523169104, session='2017-10-24T16_15_30_0'): OK
2017-10-24 16:16:23,189 - TdmApplication - DEBUG - FrontendConnectionHandler(id=139862523169104, session='2017-10-24T16_15_30_0').on_event(Event(SYSTEM_UTTERANCE_TO_SPEAK, [I'm sorry, something went wrong.], sender=GenerateModule, reason=None))
2017-10-24 16:16:23,190 - TdmApplication - DEBUG - FrontendConnectionHandler(id=139862523169104, session='2017-10-24T16_15_30_0'): writing {"content": ["I'm sorry, something went wrong."], "_sender": "GenerateModule", "_reason": null, "event_type": "SYSTEM_UTTERANCE_TO_SPEAK"}
2017-10-24 16:16:23,190 - TdmApplication - DEBUG - FrontendConnectionHandler(id=139862523169104, session='2017-10-24T16_15_30_0'): OK
2017-10-24 16:16:23,191 - TdmApplication - DEBUG - FrontendConnectionHandler(id=139862523169104, session='2017-10-24T16_15_30_0').on_event(Event(GUI.POPUP, {options: [], title: I'm sorry, something went wrong.}, sender=IndependentGuiBackend, reason=None))
2017-10-24 16:16:23,191 - TdmApplication - DEBUG - FrontendConnectionHandler(id=139862523169104, session='2017-10-24T16_15_30_0'): writing {"content": {"options": [], "title": "I'm sorry, something went wrong."}, "_sender": "IndependentGuiBackend", "_reason": null, "event_type": "GUI.POPUP"}
2017-10-24 16:16:23,191 - TdmApplication - DEBUG - FrontendConnectionHandler(id=139862523169104, session='2017-10-24T16_15_30_0'): OK
2017-10-24 16:16:23,193 - TdmApplication - DEBUG - FrontendConnectionHandler(id=139862523169104, session='2017-10-24T16_15_30_0').on_event(Event(MESSAGE_TO_GUI, [<tdm.tdm_gui_protocol.DeviceResult instance at 0x7f34450b57a0>, <tdm.tdm_gui_protocol.Popup instance at 0x7f34450b5320>], sender=GuiBackend, reason=None))
2017-10-24 16:16:23,194 - TdmApplication - DEBUG - FrontendConnectionHandler(id=139862523169104, session='2017-10-24T16_15_30_0'): writing {"content": [{"DeviceResult": {"action": "say_step", "result": false, "arguments": {}, "failure_reason": "undefined_failure"}}, {"Popup": {"elements": [], "title": "I'm sorry, something went wrong."}}], "_sender": "GuiBackend", "_reason": null, "event_type": "MESSAGE_TO_GUI"}
2017-10-24 16:16:23,194 - TdmApplication - DEBUG - FrontendConnectionHandler(id=139862523169104, session='2017-10-24T16_15_30_0'): OK
2017-10-24 16:16:23,196 - TdmApplication - DEBUG - FrontendConnectionHandler(id=139862523169104, session='2017-10-24T16_15_30_0').on_message({"content": ["I'm sorry, something went wrong."], "_sender": "TextOutputComponent", "_reason": null, "event_type": "SYSTEM_UTTERANCE_REALIZED"})
2017-10-24 16:16:23,219 - TdmApplication - DEBUG - FrontendConnectionHandler(id=139862523169104, session='2017-10-24T16_15_30_0').on_event(Event(FACTS, [], sender=DmeModule, reason=None))
2017-10-24 16:16:23,219 - TdmApplication - DEBUG - FrontendConnectionHandler(id=139862523169104, session='2017-10-24T16_15_30_0'): writing {"content": [], "_sender": "DmeModule", "_reason": null, "event_type": "FACTS"}
2017-10-24 16:16:23,219 - TdmApplication - DEBUG - FrontendConnectionHandler(id=139862523169104, session='2017-10-24T16_15_30_0'): OK
2017-10-24 16:22:04,407 - TdmApplication - DEBUG - FrontendConnectionHandler(id=139862523169104, session='2017-10-24T16_15_30_0').on_close()
2017-10-24 16:22:04,407 - TdmApplication - DEBUG - SessionManager.stop('2017-10-24T16_15_30_0')
2017-10-24 16:22:04,410 - TdmApplication - DEBUG - TdmApplication.stop(): Stopping HTTP server
2017-10-24 16:22:04,410 - TdmApplication - DEBUG - TdmApplication.stop(): Stopping IO-loop
2017-10-24 16:22:04,411 - TdmApplication - DEBUG - TdmApplication.stop(): Stopping sessions []
2017-10-24 16:22:04,412 - TdmApplication - DEBUG - FrontendConnectionHandler(id=139862523169104, session='2017-10-24T16_15_30_0').on_event(Event(FACTS, [], sender=DmeModule, reason=None))
2017-10-24 16:22:04,412 - TdmApplication - DEBUG - FrontendConnectionHandler(id=139862523169104, session='2017-10-24T16_15_30_0'): writing {"content": [], "_sender": "DmeModule", "_reason": null, "event_type": "FACTS"}
2017-10-24 16:22:04,412 - TdmApplication - DEBUG - FrontendConnectionHandler(id=139862523169104, session='2017-10-24T16_15_30_0'): OK
