2017-10-24 15:42:01,314 - TdmApplication - DEBUG - DddDb().__init__(name='ddds', default_ddds=[u'recipehelp'])
2017-10-24 15:42:01,314 - TdmApplication - DEBUG - DddDb(): DB file name is '/home/gusmatssar/recipedialogue/tdm/ddds.json'
2017-10-24 15:42:01,327 - TdmApplication - DEBUG - FrontendConnectionHandler(id=139753510365520, session=None).open()
2017-10-24 15:42:01,329 - TdmApplication - DEBUG - thread_manager.create_thread() with threading.active_count()=3
2017-10-24 15:42:01,329 - TdmApplication - DEBUG - FrontendConnectionHandler(id=139753510365520, session=None).on_message({"handshake_content": {"session_id": null, "keep_session_alive": false}, "name": "Frontend"})
2017-10-24 15:42:01,330 - TdmApplication - DEBUG - thread_manager.create_thread() with threading.active_count()=4
2017-10-24 15:42:01,330 - TdmApplication - DEBUG - FrontendConnectionHandler(id=139753510365520, session=None)._register({"handshake_content": {"session_id": null, "keep_session_alive": false}, "name": "Frontend"})
2017-10-24 15:42:01,332 - TdmApplication - DEBUG - Creating backend and session with id 2017-10-24T15_42_01_0.
2017-10-24 15:42:01,369 - TdmApplication - DEBUG - FrontendConnectionHandler._register: Registered in session 2017-10-24T15_42_01_0 with backend <ThreadedBackend(ThreadedBackend, started daemon 139753267480320)>.
2017-10-24 15:42:01,371 - TdmApplication - DEBUG - FrontendConnectionHandler(id=139753510365520, session='2017-10-24T15_42_01_0').on_event(Event(REGISTER_BACKEND, None, sender=Backend, reason=None))
2017-10-24 15:42:01,371 - TdmApplication - DEBUG - FrontendConnectionHandler(id=139753510365520, session='2017-10-24T15_42_01_0'): writing {"content": null, "_sender": "Backend", "_reason": null, "event_type": "REGISTER_BACKEND"}
2017-10-24 15:42:01,371 - TdmApplication - DEBUG - FrontendConnectionHandler(id=139753510365520, session='2017-10-24T15_42_01_0'): OK
2017-10-24 15:42:01,399 - TdmApplication - DEBUG - FrontendConnectionHandler(id=139753510365520, session='2017-10-24T15_42_01_0').on_message({"content": null, "_sender": "Frontend", "_reason": null, "event_type": "FRONTEND_READY"})
2017-10-24 15:42:01,401 - TdmApplication - DEBUG - FrontendConnectionHandler(id=139753510365520, session='2017-10-24T15_42_01_0').on_event(Event(BACKEND_READY, None, sender=Backend, reason=None))
2017-10-24 15:42:01,401 - TdmApplication - DEBUG - FrontendConnectionHandler(id=139753510365520, session='2017-10-24T15_42_01_0'): writing {"content": null, "_sender": "Backend", "_reason": null, "event_type": "BACKEND_READY"}
2017-10-24 15:42:01,401 - TdmApplication - DEBUG - FrontendConnectionHandler(id=139753510365520, session='2017-10-24T15_42_01_0'): OK
2017-10-24 15:42:01,407 - TdmApplication - DEBUG - FrontendConnectionHandler(id=139753510365520, session='2017-10-24T15_42_01_0').on_message({"content": null, "_sender": "Frontend", "_reason": null, "event_type": "START"})
2017-10-24 15:42:01,445 - TdmApplication - DEBUG - FrontendConnectionHandler(id=139753510365520, session='2017-10-24T15_42_01_0').on_event(Event(SET_DDD, {ddd_name: recipehelp, language_code: eng}, sender=DmeModule, reason=None))
2017-10-24 15:42:01,445 - TdmApplication - DEBUG - FrontendConnectionHandler(id=139753510365520, session='2017-10-24T15_42_01_0'): writing {"content": {"ddd_name": "recipehelp", "language_code": "eng"}, "_sender": "DmeModule", "_reason": null, "event_type": "SET_DDD"}
2017-10-24 15:42:01,445 - TdmApplication - DEBUG - FrontendConnectionHandler(id=139753510365520, session='2017-10-24T15_42_01_0'): OK
2017-10-24 15:42:01,446 - TdmApplication - DEBUG - FrontendConnectionHandler(id=139753510365520, session='2017-10-24T15_42_01_0').on_event(Event(FACTS, [], sender=DmeModule, reason=None))
2017-10-24 15:42:01,446 - TdmApplication - DEBUG - FrontendConnectionHandler(id=139753510365520, session='2017-10-24T15_42_01_0'): writing {"content": [], "_sender": "DmeModule", "_reason": null, "event_type": "FACTS"}
2017-10-24 15:42:01,446 - TdmApplication - DEBUG - FrontendConnectionHandler(id=139753510365520, session='2017-10-24T15_42_01_0'): OK
2017-10-24 15:42:01,454 - TdmApplication - DEBUG - FrontendConnectionHandler(id=139753510365520, session='2017-10-24T15_42_01_0').on_event(Event(SYSTEM_UTTERANCE_TO_SPEAK, [, What would you like to do?], sender=GenerateModule, reason=None))
2017-10-24 15:42:01,454 - TdmApplication - DEBUG - FrontendConnectionHandler(id=139753510365520, session='2017-10-24T15_42_01_0'): writing {"content": ["", "What would you like to do?"], "_sender": "GenerateModule", "_reason": null, "event_type": "SYSTEM_UTTERANCE_TO_SPEAK"}
2017-10-24 15:42:01,454 - TdmApplication - DEBUG - FrontendConnectionHandler(id=139753510365520, session='2017-10-24T15_42_01_0'): OK
2017-10-24 15:42:01,455 - TdmApplication - DEBUG - FrontendConnectionHandler(id=139753510365520, session='2017-10-24T15_42_01_0').on_event(Event(MESSAGE_TO_GUI, [], sender=GuiBackend, reason=None))
2017-10-24 15:42:01,455 - TdmApplication - DEBUG - FrontendConnectionHandler(id=139753510365520, session='2017-10-24T15_42_01_0'): writing {"content": [], "_sender": "GuiBackend", "_reason": null, "event_type": "MESSAGE_TO_GUI"}
2017-10-24 15:42:01,455 - TdmApplication - DEBUG - FrontendConnectionHandler(id=139753510365520, session='2017-10-24T15_42_01_0'): OK
2017-10-24 15:42:01,493 - TdmApplication - DEBUG - FrontendConnectionHandler(id=139753510365520, session='2017-10-24T15_42_01_0').on_message({"content": ["", "What would you like to do?"], "_sender": "TextOutputComponent", "_reason": null, "event_type": "SYSTEM_UTTERANCE_REALIZED"})
2017-10-24 15:42:01,515 - TdmApplication - DEBUG - FrontendConnectionHandler(id=139753510365520, session='2017-10-24T15_42_01_0').on_event(Event(FACTS, [], sender=DmeModule, reason=None))
2017-10-24 15:42:01,515 - TdmApplication - DEBUG - FrontendConnectionHandler(id=139753510365520, session='2017-10-24T15_42_01_0'): writing {"content": [], "_sender": "DmeModule", "_reason": null, "event_type": "FACTS"}
2017-10-24 15:42:01,515 - TdmApplication - DEBUG - FrontendConnectionHandler(id=139753510365520, session='2017-10-24T15_42_01_0'): OK
2017-10-24 15:42:10,976 - TdmApplication - DEBUG - FrontendConnectionHandler(id=139753510365520, session='2017-10-24T15_42_01_0').on_message({"content": [{"score": 1.0, "utterance": "go to a step"}], "_sender": "TextInputComponent", "_reason": null, "event_type": "RECOGNITION"})
2017-10-24 15:42:10,985 - TdmApplication - DEBUG - FrontendConnectionHandler(id=139753510365520, session='2017-10-24T15_42_01_0').on_event(Event(STOP_LISTENING, None, sender=TurnManager, reason=None))
2017-10-24 15:42:10,985 - TdmApplication - DEBUG - FrontendConnectionHandler(id=139753510365520, session='2017-10-24T15_42_01_0'): writing {"content": null, "_sender": "TurnManager", "_reason": null, "event_type": "STOP_LISTENING"}
2017-10-24 15:42:10,985 - TdmApplication - DEBUG - FrontendConnectionHandler(id=139753510365520, session='2017-10-24T15_42_01_0'): OK
2017-10-24 15:42:11,061 - TdmApplication - DEBUG - FrontendConnectionHandler(id=139753510365520, session='2017-10-24T15_42_01_0').on_event(Event(SELECTED_RECOGNITION, go to a step, sender=DmeModule, reason=None))
2017-10-24 15:42:11,061 - TdmApplication - DEBUG - FrontendConnectionHandler(id=139753510365520, session='2017-10-24T15_42_01_0'): writing {"content": "go to a step", "_sender": "DmeModule", "_reason": null, "event_type": "SELECTED_RECOGNITION"}
2017-10-24 15:42:11,061 - TdmApplication - DEBUG - FrontendConnectionHandler(id=139753510365520, session='2017-10-24T15_42_01_0'): OK
2017-10-24 15:42:11,062 - TdmApplication - DEBUG - FrontendConnectionHandler(id=139753510365520, session='2017-10-24T15_42_01_0').on_event(Event(FACTS, [], sender=DmeModule, reason=None))
2017-10-24 15:42:11,062 - TdmApplication - DEBUG - FrontendConnectionHandler(id=139753510365520, session='2017-10-24T15_42_01_0'): writing {"content": [], "_sender": "DmeModule", "_reason": null, "event_type": "FACTS"}
2017-10-24 15:42:11,062 - TdmApplication - DEBUG - FrontendConnectionHandler(id=139753510365520, session='2017-10-24T15_42_01_0'): OK
2017-10-24 15:42:11,074 - TdmApplication - DEBUG - FrontendConnectionHandler(id=139753510365520, session='2017-10-24T15_42_01_0').on_event(Event(SYSTEM_UTTERANCE_TO_SPEAK, [, , Which step?], sender=GenerateModule, reason=None))
2017-10-24 15:42:11,074 - TdmApplication - DEBUG - FrontendConnectionHandler(id=139753510365520, session='2017-10-24T15_42_01_0'): writing {"content": ["", "", "Which step?"], "_sender": "GenerateModule", "_reason": null, "event_type": "SYSTEM_UTTERANCE_TO_SPEAK"}
2017-10-24 15:42:11,074 - TdmApplication - DEBUG - FrontendConnectionHandler(id=139753510365520, session='2017-10-24T15_42_01_0'): OK
2017-10-24 15:42:11,076 - TdmApplication - DEBUG - FrontendConnectionHandler(id=139753510365520, session='2017-10-24T15_42_01_0').on_event(Event(MESSAGE_TO_GUI, [], sender=GuiBackend, reason=None))
2017-10-24 15:42:11,076 - TdmApplication - DEBUG - FrontendConnectionHandler(id=139753510365520, session='2017-10-24T15_42_01_0'): writing {"content": [], "_sender": "GuiBackend", "_reason": null, "event_type": "MESSAGE_TO_GUI"}
2017-10-24 15:42:11,076 - TdmApplication - DEBUG - FrontendConnectionHandler(id=139753510365520, session='2017-10-24T15_42_01_0'): OK
2017-10-24 15:42:11,083 - TdmApplication - DEBUG - FrontendConnectionHandler(id=139753510365520, session='2017-10-24T15_42_01_0').on_message({"content": ["", "", "Which step?"], "_sender": "TextOutputComponent", "_reason": null, "event_type": "SYSTEM_UTTERANCE_REALIZED"})
2017-10-24 15:42:11,117 - TdmApplication - DEBUG - FrontendConnectionHandler(id=139753510365520, session='2017-10-24T15_42_01_0').on_event(Event(FACTS, [], sender=DmeModule, reason=None))
2017-10-24 15:42:11,117 - TdmApplication - DEBUG - FrontendConnectionHandler(id=139753510365520, session='2017-10-24T15_42_01_0'): writing {"content": [], "_sender": "DmeModule", "_reason": null, "event_type": "FACTS"}
2017-10-24 15:42:11,117 - TdmApplication - DEBUG - FrontendConnectionHandler(id=139753510365520, session='2017-10-24T15_42_01_0'): OK
2017-10-24 15:42:14,209 - TdmApplication - DEBUG - FrontendConnectionHandler(id=139753510365520, session='2017-10-24T15_42_01_0').on_message({"content": [{"score": 1.0, "utterance": "step one"}], "_sender": "TextInputComponent", "_reason": null, "event_type": "RECOGNITION"})
2017-10-24 15:42:14,214 - TdmApplication - DEBUG - FrontendConnectionHandler(id=139753510365520, session='2017-10-24T15_42_01_0').on_event(Event(STOP_LISTENING, None, sender=TurnManager, reason=None))
2017-10-24 15:42:14,215 - TdmApplication - DEBUG - FrontendConnectionHandler(id=139753510365520, session='2017-10-24T15_42_01_0'): writing {"content": null, "_sender": "TurnManager", "_reason": null, "event_type": "STOP_LISTENING"}
2017-10-24 15:42:14,215 - TdmApplication - DEBUG - FrontendConnectionHandler(id=139753510365520, session='2017-10-24T15_42_01_0'): OK
2017-10-24 15:42:14,303 - TdmApplication - DEBUG - FrontendConnectionHandler(id=139753510365520, session='2017-10-24T15_42_01_0').on_event(Event(SELECTED_RECOGNITION, step one, sender=DmeModule, reason=None))
2017-10-24 15:42:14,303 - TdmApplication - DEBUG - FrontendConnectionHandler(id=139753510365520, session='2017-10-24T15_42_01_0'): writing {"content": "step one", "_sender": "DmeModule", "_reason": null, "event_type": "SELECTED_RECOGNITION"}
2017-10-24 15:42:14,303 - TdmApplication - DEBUG - FrontendConnectionHandler(id=139753510365520, session='2017-10-24T15_42_01_0'): OK
2017-10-24 15:42:14,304 - TdmApplication - DEBUG - FrontendConnectionHandler(id=139753510365520, session='2017-10-24T15_42_01_0').on_event(Event(FACTS, [{predicate: go_to_step, grammar_entry: None, value: chose step1}], sender=DmeModule, reason=None))
2017-10-24 15:42:14,304 - TdmApplication - DEBUG - FrontendConnectionHandler(id=139753510365520, session='2017-10-24T15_42_01_0'): writing {"content": [{"predicate": "go_to_step", "grammar_entry": null, "value": "chose step1"}], "_sender": "DmeModule", "_reason": null, "event_type": "FACTS"}
2017-10-24 15:42:14,304 - TdmApplication - DEBUG - FrontendConnectionHandler(id=139753510365520, session='2017-10-24T15_42_01_0'): OK
2017-10-24 15:42:14,313 - TdmApplication - DEBUG - FrontendConnectionHandler(id=139753510365520, session='2017-10-24T15_42_01_0').on_event(Event(SYSTEM_UTTERANCE_TO_SPEAK, [Ok chose step1.], sender=GenerateModule, reason=None))
2017-10-24 15:42:14,313 - TdmApplication - DEBUG - FrontendConnectionHandler(id=139753510365520, session='2017-10-24T15_42_01_0'): writing {"content": ["Ok chose step1."], "_sender": "GenerateModule", "_reason": null, "event_type": "SYSTEM_UTTERANCE_TO_SPEAK"}
2017-10-24 15:42:14,313 - TdmApplication - DEBUG - FrontendConnectionHandler(id=139753510365520, session='2017-10-24T15_42_01_0'): OK
2017-10-24 15:42:14,314 - TdmApplication - DEBUG - FrontendConnectionHandler(id=139753510365520, session='2017-10-24T15_42_01_0').on_event(Event(GUI.POPUP, {options: [], title: Ok chose step1.}, sender=IndependentGuiBackend, reason=None))
2017-10-24 15:42:14,314 - TdmApplication - DEBUG - FrontendConnectionHandler(id=139753510365520, session='2017-10-24T15_42_01_0'): writing {"content": {"options": [], "title": "Ok chose step1."}, "_sender": "IndependentGuiBackend", "_reason": null, "event_type": "GUI.POPUP"}
2017-10-24 15:42:14,314 - TdmApplication - DEBUG - FrontendConnectionHandler(id=139753510365520, session='2017-10-24T15_42_01_0'): OK
2017-10-24 15:42:14,315 - TdmApplication - DEBUG - FrontendConnectionHandler(id=139753510365520, session='2017-10-24T15_42_01_0').on_event(Event(MESSAGE_TO_GUI, [<tdm.tdm_gui_protocol.Popup instance at 0x7f1ae407a368>], sender=GuiBackend, reason=None))
2017-10-24 15:42:14,315 - TdmApplication - DEBUG - FrontendConnectionHandler(id=139753510365520, session='2017-10-24T15_42_01_0'): writing {"content": [{"Popup": {"elements": [], "title": "Ok chose step1."}}], "_sender": "GuiBackend", "_reason": null, "event_type": "MESSAGE_TO_GUI"}
2017-10-24 15:42:14,315 - TdmApplication - DEBUG - FrontendConnectionHandler(id=139753510365520, session='2017-10-24T15_42_01_0'): OK
2017-10-24 15:42:14,331 - TdmApplication - DEBUG - FrontendConnectionHandler(id=139753510365520, session='2017-10-24T15_42_01_0').on_message({"content": ["Ok chose step1."], "_sender": "TextOutputComponent", "_reason": null, "event_type": "SYSTEM_UTTERANCE_REALIZED"})
2017-10-24 15:42:14,359 - TdmApplication - DEBUG - FrontendConnectionHandler(id=139753510365520, session='2017-10-24T15_42_01_0').on_event(Event(FACTS, [{predicate: go_to_step, grammar_entry: None, value: chose step1}], sender=DmeModule, reason=None))
2017-10-24 15:42:14,359 - TdmApplication - DEBUG - FrontendConnectionHandler(id=139753510365520, session='2017-10-24T15_42_01_0'): writing {"content": [{"predicate": "go_to_step", "grammar_entry": null, "value": "chose step1"}], "_sender": "DmeModule", "_reason": null, "event_type": "FACTS"}
2017-10-24 15:42:14,359 - TdmApplication - DEBUG - FrontendConnectionHandler(id=139753510365520, session='2017-10-24T15_42_01_0'): OK
2017-10-24 15:43:07,340 - TdmApplication - DEBUG - FrontendConnectionHandler(id=139753510365520, session='2017-10-24T15_42_01_0').on_message({"content": [{"score": 1.0, "utterance": "go to next"}], "_sender": "TextInputComponent", "_reason": null, "event_type": "RECOGNITION"})
2017-10-24 15:43:07,345 - TdmApplication - DEBUG - FrontendConnectionHandler(id=139753510365520, session='2017-10-24T15_42_01_0').on_event(Event(FACTS, [], sender=DmeModule, reason=None))
2017-10-24 15:43:07,345 - TdmApplication - DEBUG - FrontendConnectionHandler(id=139753510365520, session='2017-10-24T15_42_01_0'): writing {"content": [], "_sender": "DmeModule", "_reason": null, "event_type": "FACTS"}
2017-10-24 15:43:07,345 - TdmApplication - DEBUG - FrontendConnectionHandler(id=139753510365520, session='2017-10-24T15_42_01_0'): OK
2017-10-24 15:43:07,354 - TdmApplication - DEBUG - FrontendConnectionHandler(id=139753510365520, session='2017-10-24T15_42_01_0').on_event(Event(STOP_SPEAKING, None, sender=TurnManager, reason=None))
2017-10-24 15:43:07,354 - TdmApplication - DEBUG - FrontendConnectionHandler(id=139753510365520, session='2017-10-24T15_42_01_0'): writing {"content": null, "_sender": "TurnManager", "_reason": null, "event_type": "STOP_SPEAKING"}
2017-10-24 15:43:07,354 - TdmApplication - DEBUG - FrontendConnectionHandler(id=139753510365520, session='2017-10-24T15_42_01_0'): OK
2017-10-24 15:43:07,355 - TdmApplication - DEBUG - FrontendConnectionHandler(id=139753510365520, session='2017-10-24T15_42_01_0').on_event(Event(SYSTEM_UTTERANCE_TO_SPEAK, [Returning to the start view., What would you like to do?], sender=GenerateModule, reason=None))
2017-10-24 15:43:07,355 - TdmApplication - DEBUG - FrontendConnectionHandler(id=139753510365520, session='2017-10-24T15_42_01_0'): writing {"content": ["Returning to the start view.", "What would you like to do?"], "_sender": "GenerateModule", "_reason": null, "event_type": "SYSTEM_UTTERANCE_TO_SPEAK"}
2017-10-24 15:43:07,355 - TdmApplication - DEBUG - FrontendConnectionHandler(id=139753510365520, session='2017-10-24T15_42_01_0'): OK
2017-10-24 15:43:07,356 - TdmApplication - DEBUG - FrontendConnectionHandler(id=139753510365520, session='2017-10-24T15_42_01_0').on_event(Event(MESSAGE_TO_GUI, [<tdm.tdm_gui_protocol.ClosePopup instance at 0x7f1ae407a3b0>], sender=GuiBackend, reason=None))
2017-10-24 15:43:07,356 - TdmApplication - DEBUG - FrontendConnectionHandler(id=139753510365520, session='2017-10-24T15_42_01_0'): writing {"content": [{"ClosePopup": {}}], "_sender": "GuiBackend", "_reason": null, "event_type": "MESSAGE_TO_GUI"}
2017-10-24 15:43:07,356 - TdmApplication - DEBUG - FrontendConnectionHandler(id=139753510365520, session='2017-10-24T15_42_01_0'): OK
2017-10-24 15:43:07,365 - TdmApplication - DEBUG - FrontendConnectionHandler(id=139753510365520, session='2017-10-24T15_42_01_0').on_message({"content": ["Returning to the start view.", "What would you like to do?"], "_sender": "TextOutputComponent", "_reason": null, "event_type": "SYSTEM_UTTERANCE_REALIZED"})
2017-10-24 15:43:07,390 - TdmApplication - DEBUG - FrontendConnectionHandler(id=139753510365520, session='2017-10-24T15_42_01_0').on_event(Event(FACTS, [], sender=DmeModule, reason=None))
2017-10-24 15:43:07,390 - TdmApplication - DEBUG - FrontendConnectionHandler(id=139753510365520, session='2017-10-24T15_42_01_0'): writing {"content": [], "_sender": "DmeModule", "_reason": null, "event_type": "FACTS"}
2017-10-24 15:43:07,390 - TdmApplication - DEBUG - FrontendConnectionHandler(id=139753510365520, session='2017-10-24T15_42_01_0'): OK
2017-10-24 15:43:07,458 - TdmApplication - DEBUG - FrontendConnectionHandler(id=139753510365520, session='2017-10-24T15_42_01_0').on_event(Event(SELECTED_RECOGNITION, go to next, sender=DmeModule, reason=None))
2017-10-24 15:43:07,458 - TdmApplication - DEBUG - FrontendConnectionHandler(id=139753510365520, session='2017-10-24T15_42_01_0'): writing {"content": "go to next", "_sender": "DmeModule", "_reason": null, "event_type": "SELECTED_RECOGNITION"}
2017-10-24 15:43:07,459 - TdmApplication - DEBUG - FrontendConnectionHandler(id=139753510365520, session='2017-10-24T15_42_01_0'): OK
2017-10-24 15:43:07,459 - TdmApplication - DEBUG - FrontendConnectionHandler(id=139753510365520, session='2017-10-24T15_42_01_0').on_event(Event(FACTS, [], sender=DmeModule, reason=None))
2017-10-24 15:43:07,459 - TdmApplication - DEBUG - FrontendConnectionHandler(id=139753510365520, session='2017-10-24T15_42_01_0'): writing {"content": [], "_sender": "DmeModule", "_reason": null, "event_type": "FACTS"}
2017-10-24 15:43:07,460 - TdmApplication - DEBUG - FrontendConnectionHandler(id=139753510365520, session='2017-10-24T15_42_01_0'): OK
2017-10-24 15:43:07,469 - TdmApplication - DEBUG - FrontendConnectionHandler(id=139753510365520, session='2017-10-24T15_42_01_0').on_event(Event(SYSTEM_UTTERANCE_TO_SPEAK, [, Went to next], sender=GenerateModule, reason=None))
2017-10-24 15:43:07,469 - TdmApplication - DEBUG - FrontendConnectionHandler(id=139753510365520, session='2017-10-24T15_42_01_0'): writing {"content": ["", "Went to next"], "_sender": "GenerateModule", "_reason": null, "event_type": "SYSTEM_UTTERANCE_TO_SPEAK"}
2017-10-24 15:43:07,469 - TdmApplication - DEBUG - FrontendConnectionHandler(id=139753510365520, session='2017-10-24T15_42_01_0'): OK
2017-10-24 15:43:07,470 - TdmApplication - DEBUG - FrontendConnectionHandler(id=139753510365520, session='2017-10-24T15_42_01_0').on_event(Event(GUI.POPUP, {options: [], title: Went to next}, sender=IndependentGuiBackend, reason=None))
2017-10-24 15:43:07,470 - TdmApplication - DEBUG - FrontendConnectionHandler(id=139753510365520, session='2017-10-24T15_42_01_0'): writing {"content": {"options": [], "title": "Went to next"}, "_sender": "IndependentGuiBackend", "_reason": null, "event_type": "GUI.POPUP"}
2017-10-24 15:43:07,471 - TdmApplication - DEBUG - FrontendConnectionHandler(id=139753510365520, session='2017-10-24T15_42_01_0'): OK
2017-10-24 15:43:07,472 - TdmApplication - DEBUG - FrontendConnectionHandler(id=139753510365520, session='2017-10-24T15_42_01_0').on_event(Event(MESSAGE_TO_GUI, [<tdm.tdm_gui_protocol.DeviceResult instance at 0x7f1ae407ae18>, <tdm.tdm_gui_protocol.Popup instance at 0x7f1ae4019758>], sender=GuiBackend, reason=None))
2017-10-24 15:43:07,472 - TdmApplication - DEBUG - FrontendConnectionHandler(id=139753510365520, session='2017-10-24T15_42_01_0'): writing {"content": [{"DeviceResult": {"action": "go_to_next", "result": true, "arguments": {}, "failure_reason": null}}, {"Popup": {"elements": [], "title": "Went to next"}}], "_sender": "GuiBackend", "_reason": null, "event_type": "MESSAGE_TO_GUI"}
2017-10-24 15:43:07,472 - TdmApplication - DEBUG - FrontendConnectionHandler(id=139753510365520, session='2017-10-24T15_42_01_0'): OK
2017-10-24 15:43:07,490 - TdmApplication - DEBUG - FrontendConnectionHandler(id=139753510365520, session='2017-10-24T15_42_01_0').on_message({"content": ["", "Went to next"], "_sender": "TextOutputComponent", "_reason": null, "event_type": "SYSTEM_UTTERANCE_REALIZED"})
2017-10-24 15:43:07,552 - TdmApplication - DEBUG - FrontendConnectionHandler(id=139753510365520, session='2017-10-24T15_42_01_0').on_event(Event(FACTS, [{predicate: say_step, grammar_entry: None, value: Step two: Make the ragu. Heat the olive oil in a frying pan and fry the celery, carrots and onion for approximately 15 minutes. Add the beef and pork. Pour in red wine and stir well. Cook for 45 minutes.}], sender=DmeModule, reason=None))
2017-10-24 15:43:07,553 - TdmApplication - DEBUG - FrontendConnectionHandler(id=139753510365520, session='2017-10-24T15_42_01_0'): writing {"content": [{"predicate": "say_step", "grammar_entry": null, "value": "Step two: Make the ragu. Heat the olive oil in a frying pan and fry the celery, carrots and onion for approximately 15 minutes. Add the beef and pork. Pour in red wine and stir well. Cook for 45 minutes."}], "_sender": "DmeModule", "_reason": null, "event_type": "FACTS"}
2017-10-24 15:43:07,553 - TdmApplication - DEBUG - FrontendConnectionHandler(id=139753510365520, session='2017-10-24T15_42_01_0'): OK
2017-10-24 15:43:07,566 - TdmApplication - DEBUG - FrontendConnectionHandler(id=139753510365520, session='2017-10-24T15_42_01_0').on_event(Event(SYSTEM_UTTERANCE_TO_SPEAK, [, Are you done?], sender=GenerateModule, reason=None))
2017-10-24 15:43:07,566 - TdmApplication - DEBUG - FrontendConnectionHandler(id=139753510365520, session='2017-10-24T15_42_01_0'): writing {"content": ["", "Are you done?"], "_sender": "GenerateModule", "_reason": null, "event_type": "SYSTEM_UTTERANCE_TO_SPEAK"}
2017-10-24 15:43:07,566 - TdmApplication - DEBUG - FrontendConnectionHandler(id=139753510365520, session='2017-10-24T15_42_01_0'): OK
2017-10-24 15:43:07,567 - TdmApplication - DEBUG - FrontendConnectionHandler(id=139753510365520, session='2017-10-24T15_42_01_0').on_event(Event(MESSAGE_TO_GUI, [<tdm.tdm_gui_protocol.ClosePopup instance at 0x7f1ae40b1a70>], sender=GuiBackend, reason=None))
2017-10-24 15:43:07,568 - TdmApplication - DEBUG - FrontendConnectionHandler(id=139753510365520, session='2017-10-24T15_42_01_0'): writing {"content": [{"ClosePopup": {}}], "_sender": "GuiBackend", "_reason": null, "event_type": "MESSAGE_TO_GUI"}
2017-10-24 15:43:07,568 - TdmApplication - DEBUG - FrontendConnectionHandler(id=139753510365520, session='2017-10-24T15_42_01_0'): OK
2017-10-24 15:43:07,631 - TdmApplication - DEBUG - FrontendConnectionHandler(id=139753510365520, session='2017-10-24T15_42_01_0').on_message({"content": ["", "Are you done?"], "_sender": "TextOutputComponent", "_reason": null, "event_type": "SYSTEM_UTTERANCE_REALIZED"})
2017-10-24 15:43:07,658 - TdmApplication - DEBUG - FrontendConnectionHandler(id=139753510365520, session='2017-10-24T15_42_01_0').on_event(Event(FACTS, [{predicate: say_step, grammar_entry: None, value: Step two: Make the ragu. Heat the olive oil in a frying pan and fry the celery, carrots and onion for approximately 15 minutes. Add the beef and pork. Pour in red wine and stir well. Cook for 45 minutes.}], sender=DmeModule, reason=None))
2017-10-24 15:43:07,658 - TdmApplication - DEBUG - FrontendConnectionHandler(id=139753510365520, session='2017-10-24T15_42_01_0'): writing {"content": [{"predicate": "say_step", "grammar_entry": null, "value": "Step two: Make the ragu. Heat the olive oil in a frying pan and fry the celery, carrots and onion for approximately 15 minutes. Add the beef and pork. Pour in red wine and stir well. Cook for 45 minutes."}], "_sender": "DmeModule", "_reason": null, "event_type": "FACTS"}
2017-10-24 15:43:07,658 - TdmApplication - DEBUG - FrontendConnectionHandler(id=139753510365520, session='2017-10-24T15_42_01_0'): OK
2017-10-24 15:43:18,992 - TdmApplication - DEBUG - FrontendConnectionHandler(id=139753510365520, session='2017-10-24T15_42_01_0').on_message({"content": [{"score": 1.0, "utterance": "yes"}], "_sender": "TextInputComponent", "_reason": null, "event_type": "RECOGNITION"})
2017-10-24 15:43:18,997 - TdmApplication - DEBUG - FrontendConnectionHandler(id=139753510365520, session='2017-10-24T15_42_01_0').on_event(Event(STOP_LISTENING, None, sender=TurnManager, reason=None))
2017-10-24 15:43:18,997 - TdmApplication - DEBUG - FrontendConnectionHandler(id=139753510365520, session='2017-10-24T15_42_01_0'): writing {"content": null, "_sender": "TurnManager", "_reason": null, "event_type": "STOP_LISTENING"}
2017-10-24 15:43:18,997 - TdmApplication - DEBUG - FrontendConnectionHandler(id=139753510365520, session='2017-10-24T15_42_01_0'): OK
2017-10-24 15:43:19,083 - TdmApplication - DEBUG - FrontendConnectionHandler(id=139753510365520, session='2017-10-24T15_42_01_0').on_event(Event(SELECTED_RECOGNITION, yes, sender=DmeModule, reason=None))
2017-10-24 15:43:19,083 - TdmApplication - DEBUG - FrontendConnectionHandler(id=139753510365520, session='2017-10-24T15_42_01_0'): writing {"content": "yes", "_sender": "DmeModule", "_reason": null, "event_type": "SELECTED_RECOGNITION"}
2017-10-24 15:43:19,083 - TdmApplication - DEBUG - FrontendConnectionHandler(id=139753510365520, session='2017-10-24T15_42_01_0'): OK
2017-10-24 15:43:19,084 - TdmApplication - DEBUG - FrontendConnectionHandler(id=139753510365520, session='2017-10-24T15_42_01_0').on_event(Event(FACTS, [{predicate: say_step, grammar_entry: None, value: Step two: Make the ragu. Heat the olive oil in a frying pan and fry the celery, carrots and onion for approximately 15 minutes. Add the beef and pork. Pour in red wine and stir well. Cook for 45 minutes.}], sender=DmeModule, reason=None))
2017-10-24 15:43:19,084 - TdmApplication - DEBUG - FrontendConnectionHandler(id=139753510365520, session='2017-10-24T15_42_01_0'): writing {"content": [{"predicate": "say_step", "grammar_entry": null, "value": "Step two: Make the ragu. Heat the olive oil in a frying pan and fry the celery, carrots and onion for approximately 15 minutes. Add the beef and pork. Pour in red wine and stir well. Cook for 45 minutes."}], "_sender": "DmeModule", "_reason": null, "event_type": "FACTS"}
2017-10-24 15:43:19,084 - TdmApplication - DEBUG - FrontendConnectionHandler(id=139753510365520, session='2017-10-24T15_42_01_0'): OK
2017-10-24 15:43:19,093 - TdmApplication - DEBUG - FrontendConnectionHandler(id=139753510365520, session='2017-10-24T15_42_01_0').on_event(Event(SYSTEM_UTTERANCE_TO_SPEAK, [So, Step two: Make the ragu. Heat the olive oil in a frying pan and fry the celery, carrots and onion for approximately 15 minutes. Add the beef and pork. Pour in red wine and stir well. Cook for 45 minutes..], sender=GenerateModule, reason=None))
2017-10-24 15:43:19,094 - TdmApplication - DEBUG - FrontendConnectionHandler(id=139753510365520, session='2017-10-24T15_42_01_0'): writing {"content": ["So, Step two: Make the ragu. Heat the olive oil in a frying pan and fry the celery, carrots and onion for approximately 15 minutes. Add the beef and pork. Pour in red wine and stir well. Cook for 45 minutes.."], "_sender": "GenerateModule", "_reason": null, "event_type": "SYSTEM_UTTERANCE_TO_SPEAK"}
2017-10-24 15:43:19,094 - TdmApplication - DEBUG - FrontendConnectionHandler(id=139753510365520, session='2017-10-24T15_42_01_0'): OK
2017-10-24 15:43:19,095 - TdmApplication - DEBUG - FrontendConnectionHandler(id=139753510365520, session='2017-10-24T15_42_01_0').on_event(Event(GUI.POPUP, {options: [], title: So, Step two: Make the ragu. Heat the olive oil in a frying pan and fry the celery, carrots and onion for approximately 15 minutes. Add the beef and pork. Pour in red wine and stir well. Cook for 45 minutes..}, sender=IndependentGuiBackend, reason=None))
2017-10-24 15:43:19,095 - TdmApplication - DEBUG - FrontendConnectionHandler(id=139753510365520, session='2017-10-24T15_42_01_0'): writing {"content": {"options": [], "title": "So, Step two: Make the ragu. Heat the olive oil in a frying pan and fry the celery, carrots and onion for approximately 15 minutes. Add the beef and pork. Pour in red wine and stir well. Cook for 45 minutes.."}, "_sender": "IndependentGuiBackend", "_reason": null, "event_type": "GUI.POPUP"}
2017-10-24 15:43:19,095 - TdmApplication - DEBUG - FrontendConnectionHandler(id=139753510365520, session='2017-10-24T15_42_01_0'): OK
2017-10-24 15:43:19,096 - TdmApplication - DEBUG - FrontendConnectionHandler(id=139753510365520, session='2017-10-24T15_42_01_0').on_event(Event(MESSAGE_TO_GUI, [<tdm.tdm_gui_protocol.Popup instance at 0x7f1ae400eab8>], sender=GuiBackend, reason=None))
2017-10-24 15:43:19,096 - TdmApplication - DEBUG - FrontendConnectionHandler(id=139753510365520, session='2017-10-24T15_42_01_0'): writing {"content": [{"Popup": {"elements": [], "title": "So, Step two: Make the ragu. Heat the olive oil in a frying pan and fry the celery, carrots and onion for approximately 15 minutes. Add the beef and pork. Pour in red wine and stir well. Cook for 45 minutes.."}}], "_sender": "GuiBackend", "_reason": null, "event_type": "MESSAGE_TO_GUI"}
2017-10-24 15:43:19,096 - TdmApplication - DEBUG - FrontendConnectionHandler(id=139753510365520, session='2017-10-24T15_42_01_0'): OK
2017-10-24 15:43:19,114 - TdmApplication - DEBUG - FrontendConnectionHandler(id=139753510365520, session='2017-10-24T15_42_01_0').on_message({"content": ["So, Step two: Make the ragu. Heat the olive oil in a frying pan and fry the celery, carrots and onion for approximately 15 minutes. Add the beef and pork. Pour in red wine and stir well. Cook for 45 minutes.."], "_sender": "TextOutputComponent", "_reason": null, "event_type": "SYSTEM_UTTERANCE_REALIZED"})
2017-10-24 15:43:19,142 - TdmApplication - DEBUG - FrontendConnectionHandler(id=139753510365520, session='2017-10-24T15_42_01_0').on_event(Event(FACTS, [{predicate: say_step, grammar_entry: None, value: Step two: Make the ragu. Heat the olive oil in a frying pan and fry the celery, carrots and onion for approximately 15 minutes. Add the beef and pork. Pour in red wine and stir well. Cook for 45 minutes.}], sender=DmeModule, reason=None))
2017-10-24 15:43:19,142 - TdmApplication - DEBUG - FrontendConnectionHandler(id=139753510365520, session='2017-10-24T15_42_01_0'): writing {"content": [{"predicate": "say_step", "grammar_entry": null, "value": "Step two: Make the ragu. Heat the olive oil in a frying pan and fry the celery, carrots and onion for approximately 15 minutes. Add the beef and pork. Pour in red wine and stir well. Cook for 45 minutes."}], "_sender": "DmeModule", "_reason": null, "event_type": "FACTS"}
2017-10-24 15:43:19,142 - TdmApplication - DEBUG - FrontendConnectionHandler(id=139753510365520, session='2017-10-24T15_42_01_0'): OK
2017-10-24 15:43:51,838 - TdmApplication - DEBUG - FrontendConnectionHandler(id=139753510365520, session='2017-10-24T15_42_01_0').on_message({"content": [{"score": 1.0, "utterance": "yes"}], "_sender": "TextInputComponent", "_reason": null, "event_type": "RECOGNITION"})
2017-10-24 15:43:51,842 - TdmApplication - DEBUG - FrontendConnectionHandler(id=139753510365520, session='2017-10-24T15_42_01_0').on_event(Event(FACTS, [], sender=DmeModule, reason=None))
2017-10-24 15:43:51,842 - TdmApplication - DEBUG - FrontendConnectionHandler(id=139753510365520, session='2017-10-24T15_42_01_0'): writing {"content": [], "_sender": "DmeModule", "_reason": null, "event_type": "FACTS"}
2017-10-24 15:43:51,842 - TdmApplication - DEBUG - FrontendConnectionHandler(id=139753510365520, session='2017-10-24T15_42_01_0'): OK
2017-10-24 15:43:51,852 - TdmApplication - DEBUG - FrontendConnectionHandler(id=139753510365520, session='2017-10-24T15_42_01_0').on_event(Event(STOP_SPEAKING, None, sender=TurnManager, reason=None))
2017-10-24 15:43:51,852 - TdmApplication - DEBUG - FrontendConnectionHandler(id=139753510365520, session='2017-10-24T15_42_01_0'): writing {"content": null, "_sender": "TurnManager", "_reason": null, "event_type": "STOP_SPEAKING"}
2017-10-24 15:43:51,852 - TdmApplication - DEBUG - FrontendConnectionHandler(id=139753510365520, session='2017-10-24T15_42_01_0'): OK
2017-10-24 15:43:51,853 - TdmApplication - DEBUG - FrontendConnectionHandler(id=139753510365520, session='2017-10-24T15_42_01_0').on_event(Event(SYSTEM_UTTERANCE_TO_SPEAK, [Returning to the start view., What would you like to do?], sender=GenerateModule, reason=None))
2017-10-24 15:43:51,853 - TdmApplication - DEBUG - FrontendConnectionHandler(id=139753510365520, session='2017-10-24T15_42_01_0'): writing {"content": ["Returning to the start view.", "What would you like to do?"], "_sender": "GenerateModule", "_reason": null, "event_type": "SYSTEM_UTTERANCE_TO_SPEAK"}
2017-10-24 15:43:51,853 - TdmApplication - DEBUG - FrontendConnectionHandler(id=139753510365520, session='2017-10-24T15_42_01_0'): OK
2017-10-24 15:43:51,854 - TdmApplication - DEBUG - FrontendConnectionHandler(id=139753510365520, session='2017-10-24T15_42_01_0').on_event(Event(MESSAGE_TO_GUI, [<tdm.tdm_gui_protocol.ClosePopup instance at 0x7f1ae4065d40>], sender=GuiBackend, reason=None))
2017-10-24 15:43:51,854 - TdmApplication - DEBUG - FrontendConnectionHandler(id=139753510365520, session='2017-10-24T15_42_01_0'): writing {"content": [{"ClosePopup": {}}], "_sender": "GuiBackend", "_reason": null, "event_type": "MESSAGE_TO_GUI"}
2017-10-24 15:43:51,854 - TdmApplication - DEBUG - FrontendConnectionHandler(id=139753510365520, session='2017-10-24T15_42_01_0'): OK
2017-10-24 15:43:51,884 - TdmApplication - DEBUG - FrontendConnectionHandler(id=139753510365520, session='2017-10-24T15_42_01_0').on_message({"content": ["Returning to the start view.", "What would you like to do?"], "_sender": "TextOutputComponent", "_reason": null, "event_type": "SYSTEM_UTTERANCE_REALIZED"})
2017-10-24 15:43:51,910 - TdmApplication - DEBUG - FrontendConnectionHandler(id=139753510365520, session='2017-10-24T15_42_01_0').on_event(Event(FACTS, [], sender=DmeModule, reason=None))
2017-10-24 15:43:51,910 - TdmApplication - DEBUG - FrontendConnectionHandler(id=139753510365520, session='2017-10-24T15_42_01_0'): writing {"content": [], "_sender": "DmeModule", "_reason": null, "event_type": "FACTS"}
2017-10-24 15:43:51,910 - TdmApplication - DEBUG - FrontendConnectionHandler(id=139753510365520, session='2017-10-24T15_42_01_0'): OK
2017-10-24 15:43:51,968 - TdmApplication - DEBUG - FrontendConnectionHandler(id=139753510365520, session='2017-10-24T15_42_01_0').on_event(Event(SELECTED_RECOGNITION, yes, sender=DmeModule, reason=None))
2017-10-24 15:43:51,969 - TdmApplication - DEBUG - FrontendConnectionHandler(id=139753510365520, session='2017-10-24T15_42_01_0'): writing {"content": "yes", "_sender": "DmeModule", "_reason": null, "event_type": "SELECTED_RECOGNITION"}
2017-10-24 15:43:51,969 - TdmApplication - DEBUG - FrontendConnectionHandler(id=139753510365520, session='2017-10-24T15_42_01_0'): OK
2017-10-24 15:43:51,969 - TdmApplication - DEBUG - FrontendConnectionHandler(id=139753510365520, session='2017-10-24T15_42_01_0').on_event(Event(FACTS, [], sender=DmeModule, reason=None))
2017-10-24 15:43:51,970 - TdmApplication - DEBUG - FrontendConnectionHandler(id=139753510365520, session='2017-10-24T15_42_01_0'): writing {"content": [], "_sender": "DmeModule", "_reason": null, "event_type": "FACTS"}
2017-10-24 15:43:51,970 - TdmApplication - DEBUG - FrontendConnectionHandler(id=139753510365520, session='2017-10-24T15_42_01_0'): OK
2017-10-24 15:43:51,980 - TdmApplication - DEBUG - FrontendConnectionHandler(id=139753510365520, session='2017-10-24T15_42_01_0').on_event(Event(SYSTEM_UTTERANCE_TO_SPEAK, [What would you like to do?], sender=GenerateModule, reason=None))
2017-10-24 15:43:51,980 - TdmApplication - DEBUG - FrontendConnectionHandler(id=139753510365520, session='2017-10-24T15_42_01_0'): writing {"content": ["What would you like to do?"], "_sender": "GenerateModule", "_reason": null, "event_type": "SYSTEM_UTTERANCE_TO_SPEAK"}
2017-10-24 15:43:51,980 - TdmApplication - DEBUG - FrontendConnectionHandler(id=139753510365520, session='2017-10-24T15_42_01_0'): OK
2017-10-24 15:43:51,981 - TdmApplication - DEBUG - FrontendConnectionHandler(id=139753510365520, session='2017-10-24T15_42_01_0').on_event(Event(MESSAGE_TO_GUI, [], sender=GuiBackend, reason=None))
2017-10-24 15:43:51,982 - TdmApplication - DEBUG - FrontendConnectionHandler(id=139753510365520, session='2017-10-24T15_42_01_0'): writing {"content": [], "_sender": "GuiBackend", "_reason": null, "event_type": "MESSAGE_TO_GUI"}
2017-10-24 15:43:51,982 - TdmApplication - DEBUG - FrontendConnectionHandler(id=139753510365520, session='2017-10-24T15_42_01_0'): OK
2017-10-24 15:43:51,985 - TdmApplication - DEBUG - FrontendConnectionHandler(id=139753510365520, session='2017-10-24T15_42_01_0').on_message({"content": ["What would you like to do?"], "_sender": "TextOutputComponent", "_reason": null, "event_type": "SYSTEM_UTTERANCE_REALIZED"})
2017-10-24 15:43:52,006 - TdmApplication - DEBUG - FrontendConnectionHandler(id=139753510365520, session='2017-10-24T15_42_01_0').on_event(Event(FACTS, [], sender=DmeModule, reason=None))
2017-10-24 15:43:52,006 - TdmApplication - DEBUG - FrontendConnectionHandler(id=139753510365520, session='2017-10-24T15_42_01_0'): writing {"content": [], "_sender": "DmeModule", "_reason": null, "event_type": "FACTS"}
2017-10-24 15:43:52,006 - TdmApplication - DEBUG - FrontendConnectionHandler(id=139753510365520, session='2017-10-24T15_42_01_0'): OK
2017-10-24 15:44:23,888 - TdmApplication - DEBUG - FrontendConnectionHandler(id=139753510365520, session='2017-10-24T15_42_01_0').on_message({"content": [{"score": 1.0, "utterance": "go to next"}], "_sender": "TextInputComponent", "_reason": null, "event_type": "RECOGNITION"})
2017-10-24 15:44:23,892 - TdmApplication - DEBUG - FrontendConnectionHandler(id=139753510365520, session='2017-10-24T15_42_01_0').on_event(Event(STOP_LISTENING, None, sender=TurnManager, reason=None))
2017-10-24 15:44:23,892 - TdmApplication - DEBUG - FrontendConnectionHandler(id=139753510365520, session='2017-10-24T15_42_01_0'): writing {"content": null, "_sender": "TurnManager", "_reason": null, "event_type": "STOP_LISTENING"}
2017-10-24 15:44:23,892 - TdmApplication - DEBUG - FrontendConnectionHandler(id=139753510365520, session='2017-10-24T15_42_01_0'): OK
2017-10-24 15:44:23,954 - TdmApplication - DEBUG - FrontendConnectionHandler(id=139753510365520, session='2017-10-24T15_42_01_0').on_event(Event(SELECTED_RECOGNITION, go to next, sender=DmeModule, reason=None))
2017-10-24 15:44:23,954 - TdmApplication - DEBUG - FrontendConnectionHandler(id=139753510365520, session='2017-10-24T15_42_01_0'): writing {"content": "go to next", "_sender": "DmeModule", "_reason": null, "event_type": "SELECTED_RECOGNITION"}
2017-10-24 15:44:23,954 - TdmApplication - DEBUG - FrontendConnectionHandler(id=139753510365520, session='2017-10-24T15_42_01_0'): OK
2017-10-24 15:44:23,955 - TdmApplication - DEBUG - FrontendConnectionHandler(id=139753510365520, session='2017-10-24T15_42_01_0').on_event(Event(FACTS, [], sender=DmeModule, reason=None))
2017-10-24 15:44:23,955 - TdmApplication - DEBUG - FrontendConnectionHandler(id=139753510365520, session='2017-10-24T15_42_01_0'): writing {"content": [], "_sender": "DmeModule", "_reason": null, "event_type": "FACTS"}
2017-10-24 15:44:23,955 - TdmApplication - DEBUG - FrontendConnectionHandler(id=139753510365520, session='2017-10-24T15_42_01_0'): OK
2017-10-24 15:44:23,965 - TdmApplication - DEBUG - FrontendConnectionHandler(id=139753510365520, session='2017-10-24T15_42_01_0').on_event(Event(SYSTEM_UTTERANCE_TO_SPEAK, [, Went to next], sender=GenerateModule, reason=None))
2017-10-24 15:44:23,965 - TdmApplication - DEBUG - FrontendConnectionHandler(id=139753510365520, session='2017-10-24T15_42_01_0'): writing {"content": ["", "Went to next"], "_sender": "GenerateModule", "_reason": null, "event_type": "SYSTEM_UTTERANCE_TO_SPEAK"}
2017-10-24 15:44:23,965 - TdmApplication - DEBUG - FrontendConnectionHandler(id=139753510365520, session='2017-10-24T15_42_01_0'): OK
2017-10-24 15:44:23,966 - TdmApplication - DEBUG - FrontendConnectionHandler(id=139753510365520, session='2017-10-24T15_42_01_0').on_event(Event(GUI.POPUP, {options: [], title: Went to next}, sender=IndependentGuiBackend, reason=None))
2017-10-24 15:44:23,966 - TdmApplication - DEBUG - FrontendConnectionHandler(id=139753510365520, session='2017-10-24T15_42_01_0'): writing {"content": {"options": [], "title": "Went to next"}, "_sender": "IndependentGuiBackend", "_reason": null, "event_type": "GUI.POPUP"}
2017-10-24 15:44:23,966 - TdmApplication - DEBUG - FrontendConnectionHandler(id=139753510365520, session='2017-10-24T15_42_01_0'): OK
2017-10-24 15:44:23,967 - TdmApplication - DEBUG - FrontendConnectionHandler(id=139753510365520, session='2017-10-24T15_42_01_0').on_event(Event(MESSAGE_TO_GUI, [<tdm.tdm_gui_protocol.DeviceResult instance at 0x7f1ae407a2d8>, <tdm.tdm_gui_protocol.Popup instance at 0x7f1ae40b17e8>], sender=GuiBackend, reason=None))
2017-10-24 15:44:23,968 - TdmApplication - DEBUG - FrontendConnectionHandler(id=139753510365520, session='2017-10-24T15_42_01_0'): writing {"content": [{"DeviceResult": {"action": "go_to_next", "result": true, "arguments": {}, "failure_reason": null}}, {"Popup": {"elements": [], "title": "Went to next"}}], "_sender": "GuiBackend", "_reason": null, "event_type": "MESSAGE_TO_GUI"}
2017-10-24 15:44:23,968 - TdmApplication - DEBUG - FrontendConnectionHandler(id=139753510365520, session='2017-10-24T15_42_01_0'): OK
2017-10-24 15:44:23,975 - TdmApplication - DEBUG - FrontendConnectionHandler(id=139753510365520, session='2017-10-24T15_42_01_0').on_message({"content": ["", "Went to next"], "_sender": "TextOutputComponent", "_reason": null, "event_type": "SYSTEM_UTTERANCE_REALIZED"})
2017-10-24 15:44:24,035 - TdmApplication - DEBUG - FrontendConnectionHandler(id=139753510365520, session='2017-10-24T15_42_01_0').on_event(Event(FACTS, [{predicate: say_step, grammar_entry: None, value: Step three: add the tomatoes and stock. Cook slowly for two hours. Season with salt and freshly ground black pepper.}], sender=DmeModule, reason=None))
2017-10-24 15:44:24,035 - TdmApplication - DEBUG - FrontendConnectionHandler(id=139753510365520, session='2017-10-24T15_42_01_0'): writing {"content": [{"predicate": "say_step", "grammar_entry": null, "value": "Step three: add the tomatoes and stock. Cook slowly for two hours. Season with salt and freshly ground black pepper."}], "_sender": "DmeModule", "_reason": null, "event_type": "FACTS"}
2017-10-24 15:44:24,035 - TdmApplication - DEBUG - FrontendConnectionHandler(id=139753510365520, session='2017-10-24T15_42_01_0'): OK
2017-10-24 15:44:24,045 - TdmApplication - DEBUG - FrontendConnectionHandler(id=139753510365520, session='2017-10-24T15_42_01_0').on_event(Event(SYSTEM_UTTERANCE_TO_SPEAK, [, Are you done?], sender=GenerateModule, reason=None))
2017-10-24 15:44:24,045 - TdmApplication - DEBUG - FrontendConnectionHandler(id=139753510365520, session='2017-10-24T15_42_01_0'): writing {"content": ["", "Are you done?"], "_sender": "GenerateModule", "_reason": null, "event_type": "SYSTEM_UTTERANCE_TO_SPEAK"}
2017-10-24 15:44:24,045 - TdmApplication - DEBUG - FrontendConnectionHandler(id=139753510365520, session='2017-10-24T15_42_01_0'): OK
2017-10-24 15:44:24,047 - TdmApplication - DEBUG - FrontendConnectionHandler(id=139753510365520, session='2017-10-24T15_42_01_0').on_event(Event(MESSAGE_TO_GUI, [<tdm.tdm_gui_protocol.ClosePopup instance at 0x7f1ae407a3f8>], sender=GuiBackend, reason=None))
2017-10-24 15:44:24,047 - TdmApplication - DEBUG - FrontendConnectionHandler(id=139753510365520, session='2017-10-24T15_42_01_0'): writing {"content": [{"ClosePopup": {}}], "_sender": "GuiBackend", "_reason": null, "event_type": "MESSAGE_TO_GUI"}
2017-10-24 15:44:24,048 - TdmApplication - DEBUG - FrontendConnectionHandler(id=139753510365520, session='2017-10-24T15_42_01_0'): OK
2017-10-24 15:44:24,082 - TdmApplication - DEBUG - FrontendConnectionHandler(id=139753510365520, session='2017-10-24T15_42_01_0').on_message({"content": ["", "Are you done?"], "_sender": "TextOutputComponent", "_reason": null, "event_type": "SYSTEM_UTTERANCE_REALIZED"})
2017-10-24 15:44:24,108 - TdmApplication - DEBUG - FrontendConnectionHandler(id=139753510365520, session='2017-10-24T15_42_01_0').on_event(Event(FACTS, [{predicate: say_step, grammar_entry: None, value: Step three: add the tomatoes and stock. Cook slowly for two hours. Season with salt and freshly ground black pepper.}], sender=DmeModule, reason=None))
2017-10-24 15:44:24,108 - TdmApplication - DEBUG - FrontendConnectionHandler(id=139753510365520, session='2017-10-24T15_42_01_0'): writing {"content": [{"predicate": "say_step", "grammar_entry": null, "value": "Step three: add the tomatoes and stock. Cook slowly for two hours. Season with salt and freshly ground black pepper."}], "_sender": "DmeModule", "_reason": null, "event_type": "FACTS"}
2017-10-24 15:44:24,108 - TdmApplication - DEBUG - FrontendConnectionHandler(id=139753510365520, session='2017-10-24T15_42_01_0'): OK
2017-10-24 15:44:26,882 - TdmApplication - DEBUG - FrontendConnectionHandler(id=139753510365520, session='2017-10-24T15_42_01_0').on_message({"content": [{"score": 1.0, "utterance": "no"}], "_sender": "TextInputComponent", "_reason": null, "event_type": "RECOGNITION"})
2017-10-24 15:44:26,888 - TdmApplication - DEBUG - FrontendConnectionHandler(id=139753510365520, session='2017-10-24T15_42_01_0').on_event(Event(STOP_LISTENING, None, sender=TurnManager, reason=None))
2017-10-24 15:44:26,888 - TdmApplication - DEBUG - FrontendConnectionHandler(id=139753510365520, session='2017-10-24T15_42_01_0'): writing {"content": null, "_sender": "TurnManager", "_reason": null, "event_type": "STOP_LISTENING"}
2017-10-24 15:44:26,888 - TdmApplication - DEBUG - FrontendConnectionHandler(id=139753510365520, session='2017-10-24T15_42_01_0'): OK
2017-10-24 15:44:26,978 - TdmApplication - DEBUG - FrontendConnectionHandler(id=139753510365520, session='2017-10-24T15_42_01_0').on_event(Event(SELECTED_RECOGNITION, no, sender=DmeModule, reason=None))
2017-10-24 15:44:26,978 - TdmApplication - DEBUG - FrontendConnectionHandler(id=139753510365520, session='2017-10-24T15_42_01_0'): writing {"content": "no", "_sender": "DmeModule", "_reason": null, "event_type": "SELECTED_RECOGNITION"}
2017-10-24 15:44:26,978 - TdmApplication - DEBUG - FrontendConnectionHandler(id=139753510365520, session='2017-10-24T15_42_01_0'): OK
2017-10-24 15:44:26,979 - TdmApplication - DEBUG - FrontendConnectionHandler(id=139753510365520, session='2017-10-24T15_42_01_0').on_event(Event(FACTS, [{predicate: say_step, grammar_entry: None, value: Step three: add the tomatoes and stock. Cook slowly for two hours. Season with salt and freshly ground black pepper.}], sender=DmeModule, reason=None))
2017-10-24 15:44:26,979 - TdmApplication - DEBUG - FrontendConnectionHandler(id=139753510365520, session='2017-10-24T15_42_01_0'): writing {"content": [{"predicate": "say_step", "grammar_entry": null, "value": "Step three: add the tomatoes and stock. Cook slowly for two hours. Season with salt and freshly ground black pepper."}], "_sender": "DmeModule", "_reason": null, "event_type": "FACTS"}
2017-10-24 15:44:26,980 - TdmApplication - DEBUG - FrontendConnectionHandler(id=139753510365520, session='2017-10-24T15_42_01_0'): OK
2017-10-24 15:44:26,991 - TdmApplication - DEBUG - FrontendConnectionHandler(id=139753510365520, session='2017-10-24T15_42_01_0').on_event(Event(SYSTEM_UTTERANCE_TO_SPEAK, [So, Step three: add the tomatoes and stock. Cook slowly for two hours. Season with salt and freshly ground black pepper..], sender=GenerateModule, reason=None))
2017-10-24 15:44:26,991 - TdmApplication - DEBUG - FrontendConnectionHandler(id=139753510365520, session='2017-10-24T15_42_01_0'): writing {"content": ["So, Step three: add the tomatoes and stock. Cook slowly for two hours. Season with salt and freshly ground black pepper.."], "_sender": "GenerateModule", "_reason": null, "event_type": "SYSTEM_UTTERANCE_TO_SPEAK"}
2017-10-24 15:44:26,991 - TdmApplication - DEBUG - FrontendConnectionHandler(id=139753510365520, session='2017-10-24T15_42_01_0'): OK
2017-10-24 15:44:26,992 - TdmApplication - DEBUG - FrontendConnectionHandler(id=139753510365520, session='2017-10-24T15_42_01_0').on_event(Event(GUI.POPUP, {options: [], title: So, Step three: add the tomatoes and stock. Cook slowly for two hours. Season with salt and freshly ground black pepper..}, sender=IndependentGuiBackend, reason=None))
2017-10-24 15:44:26,992 - TdmApplication - DEBUG - FrontendConnectionHandler(id=139753510365520, session='2017-10-24T15_42_01_0'): writing {"content": {"options": [], "title": "So, Step three: add the tomatoes and stock. Cook slowly for two hours. Season with salt and freshly ground black pepper.."}, "_sender": "IndependentGuiBackend", "_reason": null, "event_type": "GUI.POPUP"}
2017-10-24 15:44:26,992 - TdmApplication - DEBUG - FrontendConnectionHandler(id=139753510365520, session='2017-10-24T15_42_01_0'): OK
2017-10-24 15:44:26,993 - TdmApplication - DEBUG - FrontendConnectionHandler(id=139753510365520, session='2017-10-24T15_42_01_0').on_event(Event(MESSAGE_TO_GUI, [<tdm.tdm_gui_protocol.Popup instance at 0x7f1ae405b998>], sender=GuiBackend, reason=None))
2017-10-24 15:44:26,994 - TdmApplication - DEBUG - FrontendConnectionHandler(id=139753510365520, session='2017-10-24T15_42_01_0'): writing {"content": [{"Popup": {"elements": [], "title": "So, Step three: add the tomatoes and stock. Cook slowly for two hours. Season with salt and freshly ground black pepper.."}}], "_sender": "GuiBackend", "_reason": null, "event_type": "MESSAGE_TO_GUI"}
2017-10-24 15:44:26,994 - TdmApplication - DEBUG - FrontendConnectionHandler(id=139753510365520, session='2017-10-24T15_42_01_0'): OK
2017-10-24 15:44:27,016 - TdmApplication - DEBUG - FrontendConnectionHandler(id=139753510365520, session='2017-10-24T15_42_01_0').on_message({"content": ["So, Step three: add the tomatoes and stock. Cook slowly for two hours. Season with salt and freshly ground black pepper.."], "_sender": "TextOutputComponent", "_reason": null, "event_type": "SYSTEM_UTTERANCE_REALIZED"})
2017-10-24 15:44:27,042 - TdmApplication - DEBUG - FrontendConnectionHandler(id=139753510365520, session='2017-10-24T15_42_01_0').on_event(Event(FACTS, [{predicate: say_step, grammar_entry: None, value: Step three: add the tomatoes and stock. Cook slowly for two hours. Season with salt and freshly ground black pepper.}], sender=DmeModule, reason=None))
2017-10-24 15:44:27,042 - TdmApplication - DEBUG - FrontendConnectionHandler(id=139753510365520, session='2017-10-24T15_42_01_0'): writing {"content": [{"predicate": "say_step", "grammar_entry": null, "value": "Step three: add the tomatoes and stock. Cook slowly for two hours. Season with salt and freshly ground black pepper."}], "_sender": "DmeModule", "_reason": null, "event_type": "FACTS"}
2017-10-24 15:44:27,043 - TdmApplication - DEBUG - FrontendConnectionHandler(id=139753510365520, session='2017-10-24T15_42_01_0'): OK
2017-10-24 15:58:10,739 - TdmApplication - DEBUG - FrontendConnectionHandler(id=139753510365520, session='2017-10-24T15_42_01_0').on_message({"content": [{"score": 1.0, "utterance": "confirm"}], "_sender": "TextInputComponent", "_reason": null, "event_type": "RECOGNITION"})
2017-10-24 15:58:10,745 - TdmApplication - DEBUG - FrontendConnectionHandler(id=139753510365520, session='2017-10-24T15_42_01_0').on_event(Event(FACTS, [], sender=DmeModule, reason=None))
2017-10-24 15:58:10,745 - TdmApplication - DEBUG - FrontendConnectionHandler(id=139753510365520, session='2017-10-24T15_42_01_0'): writing {"content": [], "_sender": "DmeModule", "_reason": null, "event_type": "FACTS"}
2017-10-24 15:58:10,746 - TdmApplication - DEBUG - FrontendConnectionHandler(id=139753510365520, session='2017-10-24T15_42_01_0'): OK
2017-10-24 15:58:10,755 - TdmApplication - DEBUG - FrontendConnectionHandler(id=139753510365520, session='2017-10-24T15_42_01_0').on_event(Event(STOP_SPEAKING, None, sender=TurnManager, reason=None))
2017-10-24 15:58:10,755 - TdmApplication - DEBUG - FrontendConnectionHandler(id=139753510365520, session='2017-10-24T15_42_01_0'): writing {"content": null, "_sender": "TurnManager", "_reason": null, "event_type": "STOP_SPEAKING"}
2017-10-24 15:58:10,755 - TdmApplication - DEBUG - FrontendConnectionHandler(id=139753510365520, session='2017-10-24T15_42_01_0'): OK
2017-10-24 15:58:10,756 - TdmApplication - DEBUG - FrontendConnectionHandler(id=139753510365520, session='2017-10-24T15_42_01_0').on_event(Event(SYSTEM_UTTERANCE_TO_SPEAK, [Returning to the start view., What would you like to do?], sender=GenerateModule, reason=None))
2017-10-24 15:58:10,757 - TdmApplication - DEBUG - FrontendConnectionHandler(id=139753510365520, session='2017-10-24T15_42_01_0'): writing {"content": ["Returning to the start view.", "What would you like to do?"], "_sender": "GenerateModule", "_reason": null, "event_type": "SYSTEM_UTTERANCE_TO_SPEAK"}
2017-10-24 15:58:10,757 - TdmApplication - DEBUG - FrontendConnectionHandler(id=139753510365520, session='2017-10-24T15_42_01_0'): OK
2017-10-24 15:58:10,758 - TdmApplication - DEBUG - FrontendConnectionHandler(id=139753510365520, session='2017-10-24T15_42_01_0').on_event(Event(MESSAGE_TO_GUI, [<tdm.tdm_gui_protocol.ClosePopup instance at 0x7f1ae405b638>], sender=GuiBackend, reason=None))
2017-10-24 15:58:10,758 - TdmApplication - DEBUG - FrontendConnectionHandler(id=139753510365520, session='2017-10-24T15_42_01_0'): writing {"content": [{"ClosePopup": {}}], "_sender": "GuiBackend", "_reason": null, "event_type": "MESSAGE_TO_GUI"}
2017-10-24 15:58:10,758 - TdmApplication - DEBUG - FrontendConnectionHandler(id=139753510365520, session='2017-10-24T15_42_01_0'): OK
2017-10-24 15:58:10,797 - TdmApplication - DEBUG - FrontendConnectionHandler(id=139753510365520, session='2017-10-24T15_42_01_0').on_message({"content": ["Returning to the start view.", "What would you like to do?"], "_sender": "TextOutputComponent", "_reason": null, "event_type": "SYSTEM_UTTERANCE_REALIZED"})
2017-10-24 15:58:10,822 - TdmApplication - DEBUG - FrontendConnectionHandler(id=139753510365520, session='2017-10-24T15_42_01_0').on_event(Event(FACTS, [], sender=DmeModule, reason=None))
2017-10-24 15:58:10,822 - TdmApplication - DEBUG - FrontendConnectionHandler(id=139753510365520, session='2017-10-24T15_42_01_0'): writing {"content": [], "_sender": "DmeModule", "_reason": null, "event_type": "FACTS"}
2017-10-24 15:58:10,822 - TdmApplication - DEBUG - FrontendConnectionHandler(id=139753510365520, session='2017-10-24T15_42_01_0'): OK
2017-10-24 15:58:10,907 - TdmApplication - DEBUG - FrontendConnectionHandler(id=139753510365520, session='2017-10-24T15_42_01_0').on_event(Event(SELECTED_RECOGNITION, confirm, sender=DmeModule, reason=None))
2017-10-24 15:58:10,907 - TdmApplication - DEBUG - FrontendConnectionHandler(id=139753510365520, session='2017-10-24T15_42_01_0'): writing {"content": "confirm", "_sender": "DmeModule", "_reason": null, "event_type": "SELECTED_RECOGNITION"}
2017-10-24 15:58:10,907 - TdmApplication - DEBUG - FrontendConnectionHandler(id=139753510365520, session='2017-10-24T15_42_01_0'): OK
2017-10-24 15:58:10,908 - TdmApplication - DEBUG - FrontendConnectionHandler(id=139753510365520, session='2017-10-24T15_42_01_0').on_event(Event(FACTS, [], sender=DmeModule, reason=None))
2017-10-24 15:58:10,908 - TdmApplication - DEBUG - FrontendConnectionHandler(id=139753510365520, session='2017-10-24T15_42_01_0'): writing {"content": [], "_sender": "DmeModule", "_reason": null, "event_type": "FACTS"}
2017-10-24 15:58:10,909 - TdmApplication - DEBUG - FrontendConnectionHandler(id=139753510365520, session='2017-10-24T15_42_01_0'): OK
2017-10-24 15:58:10,920 - TdmApplication - DEBUG - FrontendConnectionHandler(id=139753510365520, session='2017-10-24T15_42_01_0').on_event(Event(SYSTEM_UTTERANCE_TO_SPEAK, [, , What is confirmation yn?], sender=GenerateModule, reason=None))
2017-10-24 15:58:10,920 - TdmApplication - DEBUG - FrontendConnectionHandler(id=139753510365520, session='2017-10-24T15_42_01_0'): writing {"content": ["", "", "What is confirmation yn?"], "_sender": "GenerateModule", "_reason": null, "event_type": "SYSTEM_UTTERANCE_TO_SPEAK"}
2017-10-24 15:58:10,920 - TdmApplication - DEBUG - FrontendConnectionHandler(id=139753510365520, session='2017-10-24T15_42_01_0'): OK
2017-10-24 15:58:10,921 - TdmApplication - DEBUG - FrontendConnectionHandler(id=139753510365520, session='2017-10-24T15_42_01_0').on_event(Event(MESSAGE_TO_GUI, [], sender=GuiBackend, reason=None))
2017-10-24 15:58:10,922 - TdmApplication - DEBUG - FrontendConnectionHandler(id=139753510365520, session='2017-10-24T15_42_01_0'): writing {"content": [], "_sender": "GuiBackend", "_reason": null, "event_type": "MESSAGE_TO_GUI"}
2017-10-24 15:58:10,922 - TdmApplication - DEBUG - FrontendConnectionHandler(id=139753510365520, session='2017-10-24T15_42_01_0'): OK
2017-10-24 15:58:10,928 - TdmApplication - DEBUG - FrontendConnectionHandler(id=139753510365520, session='2017-10-24T15_42_01_0').on_message({"content": ["", "", "What is confirmation yn?"], "_sender": "TextOutputComponent", "_reason": null, "event_type": "SYSTEM_UTTERANCE_REALIZED"})
2017-10-24 15:58:10,961 - TdmApplication - DEBUG - FrontendConnectionHandler(id=139753510365520, session='2017-10-24T15_42_01_0').on_event(Event(FACTS, [], sender=DmeModule, reason=None))
2017-10-24 15:58:10,961 - TdmApplication - DEBUG - FrontendConnectionHandler(id=139753510365520, session='2017-10-24T15_42_01_0'): writing {"content": [], "_sender": "DmeModule", "_reason": null, "event_type": "FACTS"}
2017-10-24 15:58:10,961 - TdmApplication - DEBUG - FrontendConnectionHandler(id=139753510365520, session='2017-10-24T15_42_01_0'): OK
2017-10-24 16:00:06,961 - TdmApplication - DEBUG - FrontendConnectionHandler(id=139753510365520, session='2017-10-24T15_42_01_0').on_close()
2017-10-24 16:00:06,962 - TdmApplication - DEBUG - SessionManager.stop('2017-10-24T15_42_01_0')
2017-10-24 16:00:06,967 - TdmApplication - DEBUG - TdmApplication.stop(): Stopping HTTP server
2017-10-24 16:00:06,967 - TdmApplication - DEBUG - TdmApplication.stop(): Stopping IO-loop
2017-10-24 16:00:06,967 - TdmApplication - DEBUG - TdmApplication.stop(): Stopping sessions []
