2017-10-24 11:18:57,521 - TdmApplication - DEBUG - DddDb().__init__(name='ddds', default_ddds=[u'recipehelp'])
2017-10-24 11:18:57,521 - TdmApplication - DEBUG - DddDb(): DB file name is '/home/gusmatssar/recipedialogue/tdm/ddds.json'
2017-10-24 11:18:57,533 - TdmApplication - DEBUG - FrontendConnectionHandler(id=140470480058704, session=None).open()
2017-10-24 11:18:57,535 - TdmApplication - DEBUG - thread_manager.create_thread() with threading.active_count()=3
2017-10-24 11:18:57,536 - TdmApplication - DEBUG - FrontendConnectionHandler(id=140470480058704, session=None).on_message({"handshake_content": {"session_id": null, "keep_session_alive": false}, "name": "Frontend"})
2017-10-24 11:18:57,536 - TdmApplication - DEBUG - FrontendConnectionHandler(id=140470480058704, session=None)._register({"handshake_content": {"session_id": null, "keep_session_alive": false}, "name": "Frontend"})
2017-10-24 11:18:57,537 - TdmApplication - DEBUG - thread_manager.create_thread() with threading.active_count()=4
2017-10-24 11:18:57,538 - TdmApplication - DEBUG - Creating backend and session with id 2017-10-24T11_18_57_0.
2017-10-24 11:18:57,571 - TdmApplication - DEBUG - FrontendConnectionHandler._register: Registered in session 2017-10-24T11_18_57_0 with backend <ThreadedBackend(ThreadedBackend, started daemon 140470369896192)>.
2017-10-24 11:18:57,572 - TdmApplication - DEBUG - FrontendConnectionHandler(id=140470480058704, session='2017-10-24T11_18_57_0').on_event(Event(REGISTER_BACKEND, None, sender=Backend, reason=None))
2017-10-24 11:18:57,572 - TdmApplication - DEBUG - FrontendConnectionHandler(id=140470480058704, session='2017-10-24T11_18_57_0'): writing {"content": null, "_sender": "Backend", "_reason": null, "event_type": "REGISTER_BACKEND"}
2017-10-24 11:18:57,572 - TdmApplication - DEBUG - FrontendConnectionHandler(id=140470480058704, session='2017-10-24T11_18_57_0'): OK
2017-10-24 11:18:57,604 - TdmApplication - DEBUG - FrontendConnectionHandler(id=140470480058704, session='2017-10-24T11_18_57_0').on_message({"content": null, "_sender": "Frontend", "_reason": null, "event_type": "FRONTEND_READY"})
2017-10-24 11:18:57,608 - TdmApplication - DEBUG - FrontendConnectionHandler(id=140470480058704, session='2017-10-24T11_18_57_0').on_event(Event(BACKEND_READY, None, sender=Backend, reason=None))
2017-10-24 11:18:57,608 - TdmApplication - DEBUG - FrontendConnectionHandler(id=140470480058704, session='2017-10-24T11_18_57_0'): writing {"content": null, "_sender": "Backend", "_reason": null, "event_type": "BACKEND_READY"}
2017-10-24 11:18:57,608 - TdmApplication - DEBUG - FrontendConnectionHandler(id=140470480058704, session='2017-10-24T11_18_57_0'): OK
2017-10-24 11:18:57,611 - TdmApplication - DEBUG - FrontendConnectionHandler(id=140470480058704, session='2017-10-24T11_18_57_0').on_message({"content": null, "_sender": "Frontend", "_reason": null, "event_type": "START"})
2017-10-24 11:18:57,646 - TdmApplication - DEBUG - FrontendConnectionHandler(id=140470480058704, session='2017-10-24T11_18_57_0').on_event(Event(SET_DDD, {ddd_name: recipehelp, language_code: eng}, sender=DmeModule, reason=None))
2017-10-24 11:18:57,646 - TdmApplication - DEBUG - FrontendConnectionHandler(id=140470480058704, session='2017-10-24T11_18_57_0'): writing {"content": {"ddd_name": "recipehelp", "language_code": "eng"}, "_sender": "DmeModule", "_reason": null, "event_type": "SET_DDD"}
2017-10-24 11:18:57,646 - TdmApplication - DEBUG - FrontendConnectionHandler(id=140470480058704, session='2017-10-24T11_18_57_0'): OK
2017-10-24 11:18:57,647 - TdmApplication - DEBUG - FrontendConnectionHandler(id=140470480058704, session='2017-10-24T11_18_57_0').on_event(Event(FACTS, [], sender=DmeModule, reason=None))
2017-10-24 11:18:57,647 - TdmApplication - DEBUG - FrontendConnectionHandler(id=140470480058704, session='2017-10-24T11_18_57_0'): writing {"content": [], "_sender": "DmeModule", "_reason": null, "event_type": "FACTS"}
2017-10-24 11:18:57,648 - TdmApplication - DEBUG - FrontendConnectionHandler(id=140470480058704, session='2017-10-24T11_18_57_0'): OK
2017-10-24 11:18:57,656 - TdmApplication - DEBUG - FrontendConnectionHandler(id=140470480058704, session='2017-10-24T11_18_57_0').on_event(Event(SYSTEM_UTTERANCE_TO_SPEAK, [, What would you like to do?], sender=GenerateModule, reason=None))
2017-10-24 11:18:57,656 - TdmApplication - DEBUG - FrontendConnectionHandler(id=140470480058704, session='2017-10-24T11_18_57_0'): writing {"content": ["", "What would you like to do?"], "_sender": "GenerateModule", "_reason": null, "event_type": "SYSTEM_UTTERANCE_TO_SPEAK"}
2017-10-24 11:18:57,656 - TdmApplication - DEBUG - FrontendConnectionHandler(id=140470480058704, session='2017-10-24T11_18_57_0'): OK
2017-10-24 11:18:57,657 - TdmApplication - DEBUG - FrontendConnectionHandler(id=140470480058704, session='2017-10-24T11_18_57_0').on_event(Event(MESSAGE_TO_GUI, [], sender=GuiBackend, reason=None))
2017-10-24 11:18:57,657 - TdmApplication - DEBUG - FrontendConnectionHandler(id=140470480058704, session='2017-10-24T11_18_57_0'): writing {"content": [], "_sender": "GuiBackend", "_reason": null, "event_type": "MESSAGE_TO_GUI"}
2017-10-24 11:18:57,657 - TdmApplication - DEBUG - FrontendConnectionHandler(id=140470480058704, session='2017-10-24T11_18_57_0'): OK
2017-10-24 11:18:57,698 - TdmApplication - DEBUG - FrontendConnectionHandler(id=140470480058704, session='2017-10-24T11_18_57_0').on_message({"content": ["", "What would you like to do?"], "_sender": "TextOutputComponent", "_reason": null, "event_type": "SYSTEM_UTTERANCE_REALIZED"})
2017-10-24 11:18:57,721 - TdmApplication - DEBUG - FrontendConnectionHandler(id=140470480058704, session='2017-10-24T11_18_57_0').on_event(Event(FACTS, [], sender=DmeModule, reason=None))
2017-10-24 11:18:57,721 - TdmApplication - DEBUG - FrontendConnectionHandler(id=140470480058704, session='2017-10-24T11_18_57_0'): writing {"content": [], "_sender": "DmeModule", "_reason": null, "event_type": "FACTS"}
2017-10-24 11:18:57,721 - TdmApplication - DEBUG - FrontendConnectionHandler(id=140470480058704, session='2017-10-24T11_18_57_0'): OK
2017-10-24 11:19:09,217 - TdmApplication - DEBUG - FrontendConnectionHandler(id=140470480058704, session='2017-10-24T11_18_57_0').on_message({"content": [{"score": 1.0, "utterance": "\u00f9tell me what to do"}], "_sender": "TextInputComponent", "_reason": null, "event_type": "RECOGNITION"})
2017-10-24 11:19:09,265 - TdmApplication - DEBUG - FrontendConnectionHandler(id=140470480058704, session='2017-10-24T11_18_57_0').on_event(Event(STOP_LISTENING, None, sender=TurnManager, reason=None))
2017-10-24 11:19:09,265 - TdmApplication - DEBUG - FrontendConnectionHandler(id=140470480058704, session='2017-10-24T11_18_57_0'): writing {"content": null, "_sender": "TurnManager", "_reason": null, "event_type": "STOP_LISTENING"}
2017-10-24 11:19:09,265 - TdmApplication - DEBUG - FrontendConnectionHandler(id=140470480058704, session='2017-10-24T11_18_57_0'): OK
2017-10-24 11:19:09,308 - TdmApplication - DEBUG - FrontendConnectionHandler(id=140470480058704, session='2017-10-24T11_18_57_0').on_event(Event(FACTS, [], sender=DmeModule, reason=None))
2017-10-24 11:19:09,309 - TdmApplication - DEBUG - FrontendConnectionHandler(id=140470480058704, session='2017-10-24T11_18_57_0'): writing {"content": [], "_sender": "DmeModule", "_reason": null, "event_type": "FACTS"}
2017-10-24 11:19:09,309 - TdmApplication - DEBUG - FrontendConnectionHandler(id=140470480058704, session='2017-10-24T11_18_57_0'): OK
2017-10-24 11:19:09,322 - TdmApplication - DEBUG - FrontendConnectionHandler(id=140470480058704, session='2017-10-24T11_18_57_0').on_event(Event(SYSTEM_UTTERANCE_TO_SPEAK, [I heard you say ùtell me what to do., I don't understand., So,, What would you like to do?], sender=GenerateModule, reason=None))
2017-10-24 11:19:09,322 - TdmApplication - DEBUG - FrontendConnectionHandler(id=140470480058704, session='2017-10-24T11_18_57_0'): writing {"content": ["I heard you say \u00f9tell me what to do.", "I don't understand.", "So,", "What would you like to do?"], "_sender": "GenerateModule", "_reason": null, "event_type": "SYSTEM_UTTERANCE_TO_SPEAK"}
2017-10-24 11:19:09,322 - TdmApplication - DEBUG - FrontendConnectionHandler(id=140470480058704, session='2017-10-24T11_18_57_0'): OK
2017-10-24 11:19:09,323 - TdmApplication - DEBUG - FrontendConnectionHandler(id=140470480058704, session='2017-10-24T11_18_57_0').on_event(Event(MESSAGE_TO_GUI, [], sender=GuiBackend, reason=None))
2017-10-24 11:19:09,323 - TdmApplication - DEBUG - FrontendConnectionHandler(id=140470480058704, session='2017-10-24T11_18_57_0'): writing {"content": [], "_sender": "GuiBackend", "_reason": null, "event_type": "MESSAGE_TO_GUI"}
2017-10-24 11:19:09,324 - TdmApplication - DEBUG - FrontendConnectionHandler(id=140470480058704, session='2017-10-24T11_18_57_0'): OK
2017-10-24 11:19:09,326 - TdmApplication - DEBUG - FrontendConnectionHandler(id=140470480058704, session='2017-10-24T11_18_57_0').on_message({"content": ["I heard you say \u00f9tell me what to do.", "I don't understand.", "So,", "What would you like to do?"], "_sender": "TextOutputComponent", "_reason": null, "event_type": "SYSTEM_UTTERANCE_REALIZED"})
2017-10-24 11:19:09,361 - TdmApplication - DEBUG - FrontendConnectionHandler(id=140470480058704, session='2017-10-24T11_18_57_0').on_event(Event(FACTS, [], sender=DmeModule, reason=None))
2017-10-24 11:19:09,361 - TdmApplication - DEBUG - FrontendConnectionHandler(id=140470480058704, session='2017-10-24T11_18_57_0'): writing {"content": [], "_sender": "DmeModule", "_reason": null, "event_type": "FACTS"}
2017-10-24 11:19:09,361 - TdmApplication - DEBUG - FrontendConnectionHandler(id=140470480058704, session='2017-10-24T11_18_57_0'): OK
2017-10-24 11:19:18,678 - TdmApplication - DEBUG - FrontendConnectionHandler(id=140470480058704, session='2017-10-24T11_18_57_0').on_message({"content": [{"score": 1.0, "utterance": "go to a step"}], "_sender": "TextInputComponent", "_reason": null, "event_type": "RECOGNITION"})
2017-10-24 11:19:18,684 - TdmApplication - DEBUG - FrontendConnectionHandler(id=140470480058704, session='2017-10-24T11_18_57_0').on_event(Event(STOP_LISTENING, None, sender=TurnManager, reason=None))
2017-10-24 11:19:18,684 - TdmApplication - DEBUG - FrontendConnectionHandler(id=140470480058704, session='2017-10-24T11_18_57_0'): writing {"content": null, "_sender": "TurnManager", "_reason": null, "event_type": "STOP_LISTENING"}
2017-10-24 11:19:18,684 - TdmApplication - DEBUG - FrontendConnectionHandler(id=140470480058704, session='2017-10-24T11_18_57_0'): OK
2017-10-24 11:19:18,758 - TdmApplication - DEBUG - FrontendConnectionHandler(id=140470480058704, session='2017-10-24T11_18_57_0').on_event(Event(SELECTED_RECOGNITION, go to a step, sender=DmeModule, reason=None))
2017-10-24 11:19:18,758 - TdmApplication - DEBUG - FrontendConnectionHandler(id=140470480058704, session='2017-10-24T11_18_57_0'): writing {"content": "go to a step", "_sender": "DmeModule", "_reason": null, "event_type": "SELECTED_RECOGNITION"}
2017-10-24 11:19:18,758 - TdmApplication - DEBUG - FrontendConnectionHandler(id=140470480058704, session='2017-10-24T11_18_57_0'): OK
2017-10-24 11:19:18,759 - TdmApplication - DEBUG - FrontendConnectionHandler(id=140470480058704, session='2017-10-24T11_18_57_0').on_event(Event(FACTS, [], sender=DmeModule, reason=None))
2017-10-24 11:19:18,759 - TdmApplication - DEBUG - FrontendConnectionHandler(id=140470480058704, session='2017-10-24T11_18_57_0'): writing {"content": [], "_sender": "DmeModule", "_reason": null, "event_type": "FACTS"}
2017-10-24 11:19:18,759 - TdmApplication - DEBUG - FrontendConnectionHandler(id=140470480058704, session='2017-10-24T11_18_57_0'): OK
2017-10-24 11:19:18,774 - TdmApplication - DEBUG - FrontendConnectionHandler(id=140470480058704, session='2017-10-24T11_18_57_0').on_event(Event(SYSTEM_UTTERANCE_TO_SPEAK, [, , Which step?], sender=GenerateModule, reason=None))
2017-10-24 11:19:18,775 - TdmApplication - DEBUG - FrontendConnectionHandler(id=140470480058704, session='2017-10-24T11_18_57_0'): writing {"content": ["", "", "Which step?"], "_sender": "GenerateModule", "_reason": null, "event_type": "SYSTEM_UTTERANCE_TO_SPEAK"}
2017-10-24 11:19:18,775 - TdmApplication - DEBUG - FrontendConnectionHandler(id=140470480058704, session='2017-10-24T11_18_57_0'): OK
2017-10-24 11:19:18,775 - TdmApplication - DEBUG - FrontendConnectionHandler(id=140470480058704, session='2017-10-24T11_18_57_0').on_event(Event(MESSAGE_TO_GUI, [], sender=GuiBackend, reason=None))
2017-10-24 11:19:18,776 - TdmApplication - DEBUG - FrontendConnectionHandler(id=140470480058704, session='2017-10-24T11_18_57_0'): writing {"content": [], "_sender": "GuiBackend", "_reason": null, "event_type": "MESSAGE_TO_GUI"}
2017-10-24 11:19:18,776 - TdmApplication - DEBUG - FrontendConnectionHandler(id=140470480058704, session='2017-10-24T11_18_57_0'): OK
2017-10-24 11:19:18,782 - TdmApplication - DEBUG - FrontendConnectionHandler(id=140470480058704, session='2017-10-24T11_18_57_0').on_message({"content": ["", "", "Which step?"], "_sender": "TextOutputComponent", "_reason": null, "event_type": "SYSTEM_UTTERANCE_REALIZED"})
2017-10-24 11:19:18,814 - TdmApplication - DEBUG - FrontendConnectionHandler(id=140470480058704, session='2017-10-24T11_18_57_0').on_event(Event(FACTS, [], sender=DmeModule, reason=None))
2017-10-24 11:19:18,814 - TdmApplication - DEBUG - FrontendConnectionHandler(id=140470480058704, session='2017-10-24T11_18_57_0'): writing {"content": [], "_sender": "DmeModule", "_reason": null, "event_type": "FACTS"}
2017-10-24 11:19:18,814 - TdmApplication - DEBUG - FrontendConnectionHandler(id=140470480058704, session='2017-10-24T11_18_57_0'): OK
2017-10-24 11:19:32,706 - TdmApplication - DEBUG - FrontendConnectionHandler(id=140470480058704, session='2017-10-24T11_18_57_0').on_message({"content": [{"score": 1.0, "utterance": "tell me what to do"}], "_sender": "TextInputComponent", "_reason": null, "event_type": "RECOGNITION"})
2017-10-24 11:19:32,711 - TdmApplication - DEBUG - FrontendConnectionHandler(id=140470480058704, session='2017-10-24T11_18_57_0').on_event(Event(STOP_LISTENING, None, sender=TurnManager, reason=None))
2017-10-24 11:19:32,711 - TdmApplication - DEBUG - FrontendConnectionHandler(id=140470480058704, session='2017-10-24T11_18_57_0'): writing {"content": null, "_sender": "TurnManager", "_reason": null, "event_type": "STOP_LISTENING"}
2017-10-24 11:19:32,711 - TdmApplication - DEBUG - FrontendConnectionHandler(id=140470480058704, session='2017-10-24T11_18_57_0'): OK
2017-10-24 11:19:32,780 - TdmApplication - DEBUG - FrontendConnectionHandler(id=140470480058704, session='2017-10-24T11_18_57_0').on_event(Event(SELECTED_RECOGNITION, tell me what to do, sender=DmeModule, reason=None))
2017-10-24 11:19:32,780 - TdmApplication - DEBUG - FrontendConnectionHandler(id=140470480058704, session='2017-10-24T11_18_57_0'): writing {"content": "tell me what to do", "_sender": "DmeModule", "_reason": null, "event_type": "SELECTED_RECOGNITION"}
2017-10-24 11:19:32,780 - TdmApplication - DEBUG - FrontendConnectionHandler(id=140470480058704, session='2017-10-24T11_18_57_0'): OK
2017-10-24 11:19:32,781 - TdmApplication - DEBUG - FrontendConnectionHandler(id=140470480058704, session='2017-10-24T11_18_57_0').on_event(Event(FACTS, [{predicate: say_step, grammar_entry: None, value: 0}], sender=DmeModule, reason=None))
2017-10-24 11:19:32,782 - TdmApplication - DEBUG - FrontendConnectionHandler(id=140470480058704, session='2017-10-24T11_18_57_0'): writing {"content": [{"predicate": "say_step", "grammar_entry": null, "value": "0"}], "_sender": "DmeModule", "_reason": null, "event_type": "FACTS"}
2017-10-24 11:19:32,782 - TdmApplication - DEBUG - FrontendConnectionHandler(id=140470480058704, session='2017-10-24T11_18_57_0'): OK
2017-10-24 11:19:32,791 - TdmApplication - DEBUG - FrontendConnectionHandler(id=140470480058704, session='2017-10-24T11_18_57_0').on_event(Event(SYSTEM_UTTERANCE_TO_SPEAK, [Ok 0.], sender=GenerateModule, reason=None))
2017-10-24 11:19:32,791 - TdmApplication - DEBUG - FrontendConnectionHandler(id=140470480058704, session='2017-10-24T11_18_57_0'): writing {"content": ["Ok 0."], "_sender": "GenerateModule", "_reason": null, "event_type": "SYSTEM_UTTERANCE_TO_SPEAK"}
2017-10-24 11:19:32,792 - TdmApplication - DEBUG - FrontendConnectionHandler(id=140470480058704, session='2017-10-24T11_18_57_0'): OK
2017-10-24 11:19:32,792 - TdmApplication - DEBUG - FrontendConnectionHandler(id=140470480058704, session='2017-10-24T11_18_57_0').on_event(Event(GUI.POPUP, {options: [], title: Ok 0.}, sender=IndependentGuiBackend, reason=None))
2017-10-24 11:19:32,793 - TdmApplication - DEBUG - FrontendConnectionHandler(id=140470480058704, session='2017-10-24T11_18_57_0'): writing {"content": {"options": [], "title": "Ok 0."}, "_sender": "IndependentGuiBackend", "_reason": null, "event_type": "GUI.POPUP"}
2017-10-24 11:19:32,793 - TdmApplication - DEBUG - FrontendConnectionHandler(id=140470480058704, session='2017-10-24T11_18_57_0'): OK
2017-10-24 11:19:32,794 - TdmApplication - DEBUG - FrontendConnectionHandler(id=140470480058704, session='2017-10-24T11_18_57_0').on_event(Event(MESSAGE_TO_GUI, [<tdm.tdm_gui_protocol.Popup instance at 0x7fc1d41c7a28>], sender=GuiBackend, reason=None))
2017-10-24 11:19:32,794 - TdmApplication - DEBUG - FrontendConnectionHandler(id=140470480058704, session='2017-10-24T11_18_57_0'): writing {"content": [{"Popup": {"elements": [], "title": "Ok 0."}}], "_sender": "GuiBackend", "_reason": null, "event_type": "MESSAGE_TO_GUI"}
2017-10-24 11:19:32,794 - TdmApplication - DEBUG - FrontendConnectionHandler(id=140470480058704, session='2017-10-24T11_18_57_0'): OK
2017-10-24 11:19:32,817 - TdmApplication - DEBUG - FrontendConnectionHandler(id=140470480058704, session='2017-10-24T11_18_57_0').on_message({"content": ["Ok 0."], "_sender": "TextOutputComponent", "_reason": null, "event_type": "SYSTEM_UTTERANCE_REALIZED"})
2017-10-24 11:19:32,871 - TdmApplication - DEBUG - FrontendConnectionHandler(id=140470480058704, session='2017-10-24T11_18_57_0').on_event(Event(FACTS, [{predicate: say_step, grammar_entry: None, value: 0}], sender=DmeModule, reason=None))
2017-10-24 11:19:32,871 - TdmApplication - DEBUG - FrontendConnectionHandler(id=140470480058704, session='2017-10-24T11_18_57_0'): writing {"content": [{"predicate": "say_step", "grammar_entry": null, "value": "0"}], "_sender": "DmeModule", "_reason": null, "event_type": "FACTS"}
2017-10-24 11:19:32,871 - TdmApplication - DEBUG - FrontendConnectionHandler(id=140470480058704, session='2017-10-24T11_18_57_0'): OK
2017-10-24 11:19:32,885 - TdmApplication - DEBUG - FrontendConnectionHandler(id=140470480058704, session='2017-10-24T11_18_57_0').on_event(Event(SYSTEM_UTTERANCE_TO_SPEAK, [Returning to go to step., Which step?], sender=GenerateModule, reason=None))
2017-10-24 11:19:32,885 - TdmApplication - DEBUG - FrontendConnectionHandler(id=140470480058704, session='2017-10-24T11_18_57_0'): writing {"content": ["Returning to go to step.", "Which step?"], "_sender": "GenerateModule", "_reason": null, "event_type": "SYSTEM_UTTERANCE_TO_SPEAK"}
2017-10-24 11:19:32,885 - TdmApplication - DEBUG - FrontendConnectionHandler(id=140470480058704, session='2017-10-24T11_18_57_0'): OK
2017-10-24 11:19:32,886 - TdmApplication - DEBUG - FrontendConnectionHandler(id=140470480058704, session='2017-10-24T11_18_57_0').on_event(Event(MESSAGE_TO_GUI, [<tdm.tdm_gui_protocol.ClosePopup instance at 0x7fc1d420c200>], sender=GuiBackend, reason=None))
2017-10-24 11:19:32,886 - TdmApplication - DEBUG - FrontendConnectionHandler(id=140470480058704, session='2017-10-24T11_18_57_0'): writing {"content": [{"ClosePopup": {}}], "_sender": "GuiBackend", "_reason": null, "event_type": "MESSAGE_TO_GUI"}
2017-10-24 11:19:32,887 - TdmApplication - DEBUG - FrontendConnectionHandler(id=140470480058704, session='2017-10-24T11_18_57_0'): OK
2017-10-24 11:19:32,924 - TdmApplication - DEBUG - FrontendConnectionHandler(id=140470480058704, session='2017-10-24T11_18_57_0').on_message({"content": ["Returning to go to step.", "Which step?"], "_sender": "TextOutputComponent", "_reason": null, "event_type": "SYSTEM_UTTERANCE_REALIZED"})
2017-10-24 11:19:32,954 - TdmApplication - DEBUG - FrontendConnectionHandler(id=140470480058704, session='2017-10-24T11_18_57_0').on_event(Event(FACTS, [{predicate: say_step, grammar_entry: None, value: 0}], sender=DmeModule, reason=None))
2017-10-24 11:19:32,954 - TdmApplication - DEBUG - FrontendConnectionHandler(id=140470480058704, session='2017-10-24T11_18_57_0'): writing {"content": [{"predicate": "say_step", "grammar_entry": null, "value": "0"}], "_sender": "DmeModule", "_reason": null, "event_type": "FACTS"}
2017-10-24 11:19:32,954 - TdmApplication - DEBUG - FrontendConnectionHandler(id=140470480058704, session='2017-10-24T11_18_57_0'): OK
2017-10-24 11:19:41,066 - TdmApplication - DEBUG - FrontendConnectionHandler(id=140470480058704, session='2017-10-24T11_18_57_0').on_message({"content": [{"score": 1.0, "utterance": "step one"}], "_sender": "TextInputComponent", "_reason": null, "event_type": "RECOGNITION"})
2017-10-24 11:19:41,072 - TdmApplication - DEBUG - FrontendConnectionHandler(id=140470480058704, session='2017-10-24T11_18_57_0').on_event(Event(STOP_LISTENING, None, sender=TurnManager, reason=None))
2017-10-24 11:19:41,072 - TdmApplication - DEBUG - FrontendConnectionHandler(id=140470480058704, session='2017-10-24T11_18_57_0'): writing {"content": null, "_sender": "TurnManager", "_reason": null, "event_type": "STOP_LISTENING"}
2017-10-24 11:19:41,072 - TdmApplication - DEBUG - FrontendConnectionHandler(id=140470480058704, session='2017-10-24T11_18_57_0'): OK
2017-10-24 11:19:41,164 - TdmApplication - DEBUG - FrontendConnectionHandler(id=140470480058704, session='2017-10-24T11_18_57_0').on_event(Event(SELECTED_RECOGNITION, step one, sender=DmeModule, reason=None))
2017-10-24 11:19:41,164 - TdmApplication - DEBUG - FrontendConnectionHandler(id=140470480058704, session='2017-10-24T11_18_57_0'): writing {"content": "step one", "_sender": "DmeModule", "_reason": null, "event_type": "SELECTED_RECOGNITION"}
2017-10-24 11:19:41,164 - TdmApplication - DEBUG - FrontendConnectionHandler(id=140470480058704, session='2017-10-24T11_18_57_0'): OK
2017-10-24 11:19:41,165 - TdmApplication - DEBUG - FrontendConnectionHandler(id=140470480058704, session='2017-10-24T11_18_57_0').on_event(Event(FACTS, [{predicate: say_step, grammar_entry: None, value: 0}, {predicate: go_to_step, grammar_entry: None, value: chose a step}], sender=DmeModule, reason=None))
2017-10-24 11:19:41,165 - TdmApplication - DEBUG - FrontendConnectionHandler(id=140470480058704, session='2017-10-24T11_18_57_0'): writing {"content": [{"predicate": "say_step", "grammar_entry": null, "value": "0"}, {"predicate": "go_to_step", "grammar_entry": null, "value": "chose a step"}], "_sender": "DmeModule", "_reason": null, "event_type": "FACTS"}
2017-10-24 11:19:41,165 - TdmApplication - DEBUG - FrontendConnectionHandler(id=140470480058704, session='2017-10-24T11_18_57_0'): OK
2017-10-24 11:19:41,180 - TdmApplication - DEBUG - FrontendConnectionHandler(id=140470480058704, session='2017-10-24T11_18_57_0').on_event(Event(SYSTEM_UTTERANCE_TO_SPEAK, [Ok chose a step.], sender=GenerateModule, reason=None))
2017-10-24 11:19:41,180 - TdmApplication - DEBUG - FrontendConnectionHandler(id=140470480058704, session='2017-10-24T11_18_57_0'): writing {"content": ["Ok chose a step."], "_sender": "GenerateModule", "_reason": null, "event_type": "SYSTEM_UTTERANCE_TO_SPEAK"}
2017-10-24 11:19:41,180 - TdmApplication - DEBUG - FrontendConnectionHandler(id=140470480058704, session='2017-10-24T11_18_57_0'): OK
2017-10-24 11:19:41,183 - TdmApplication - DEBUG - FrontendConnectionHandler(id=140470480058704, session='2017-10-24T11_18_57_0').on_event(Event(GUI.POPUP, {options: [], title: Ok chose a step.}, sender=IndependentGuiBackend, reason=None))
2017-10-24 11:19:41,184 - TdmApplication - DEBUG - FrontendConnectionHandler(id=140470480058704, session='2017-10-24T11_18_57_0'): writing {"content": {"options": [], "title": "Ok chose a step."}, "_sender": "IndependentGuiBackend", "_reason": null, "event_type": "GUI.POPUP"}
2017-10-24 11:19:41,184 - TdmApplication - DEBUG - FrontendConnectionHandler(id=140470480058704, session='2017-10-24T11_18_57_0'): OK
2017-10-24 11:19:41,187 - TdmApplication - DEBUG - FrontendConnectionHandler(id=140470480058704, session='2017-10-24T11_18_57_0').on_event(Event(MESSAGE_TO_GUI, [<tdm.tdm_gui_protocol.Popup instance at 0x7fc1d4224098>], sender=GuiBackend, reason=None))
2017-10-24 11:19:41,187 - TdmApplication - DEBUG - FrontendConnectionHandler(id=140470480058704, session='2017-10-24T11_18_57_0').on_message({"content": ["Ok chose a step."], "_sender": "TextOutputComponent", "_reason": null, "event_type": "SYSTEM_UTTERANCE_REALIZED"})
2017-10-24 11:19:41,187 - TdmApplication - DEBUG - FrontendConnectionHandler(id=140470480058704, session='2017-10-24T11_18_57_0'): writing {"content": [{"Popup": {"elements": [], "title": "Ok chose a step."}}], "_sender": "GuiBackend", "_reason": null, "event_type": "MESSAGE_TO_GUI"}
2017-10-24 11:19:41,188 - TdmApplication - DEBUG - FrontendConnectionHandler(id=140470480058704, session='2017-10-24T11_18_57_0'): OK
2017-10-24 11:19:41,218 - TdmApplication - DEBUG - FrontendConnectionHandler(id=140470480058704, session='2017-10-24T11_18_57_0').on_event(Event(FACTS, [{predicate: say_step, grammar_entry: None, value: 0}, {predicate: go_to_step, grammar_entry: None, value: chose a step}], sender=DmeModule, reason=None))
2017-10-24 11:19:41,218 - TdmApplication - DEBUG - FrontendConnectionHandler(id=140470480058704, session='2017-10-24T11_18_57_0'): writing {"content": [{"predicate": "say_step", "grammar_entry": null, "value": "0"}, {"predicate": "go_to_step", "grammar_entry": null, "value": "chose a step"}], "_sender": "DmeModule", "_reason": null, "event_type": "FACTS"}
2017-10-24 11:19:41,219 - TdmApplication - DEBUG - FrontendConnectionHandler(id=140470480058704, session='2017-10-24T11_18_57_0'): OK
2017-10-24 11:19:46,996 - TdmApplication - DEBUG - FrontendConnectionHandler(id=140470480058704, session='2017-10-24T11_18_57_0').on_message({"content": [{"score": 1.0, "utterance": "tell me what to do"}], "_sender": "TextInputComponent", "_reason": null, "event_type": "RECOGNITION"})
2017-10-24 11:19:47,000 - TdmApplication - DEBUG - FrontendConnectionHandler(id=140470480058704, session='2017-10-24T11_18_57_0').on_event(Event(FACTS, [], sender=DmeModule, reason=None))
2017-10-24 11:19:47,000 - TdmApplication - DEBUG - FrontendConnectionHandler(id=140470480058704, session='2017-10-24T11_18_57_0'): writing {"content": [], "_sender": "DmeModule", "_reason": null, "event_type": "FACTS"}
2017-10-24 11:19:47,000 - TdmApplication - DEBUG - FrontendConnectionHandler(id=140470480058704, session='2017-10-24T11_18_57_0'): OK
2017-10-24 11:19:47,009 - TdmApplication - DEBUG - FrontendConnectionHandler(id=140470480058704, session='2017-10-24T11_18_57_0').on_event(Event(STOP_SPEAKING, None, sender=TurnManager, reason=None))
2017-10-24 11:19:47,009 - TdmApplication - DEBUG - FrontendConnectionHandler(id=140470480058704, session='2017-10-24T11_18_57_0'): writing {"content": null, "_sender": "TurnManager", "_reason": null, "event_type": "STOP_SPEAKING"}
2017-10-24 11:19:47,009 - TdmApplication - DEBUG - FrontendConnectionHandler(id=140470480058704, session='2017-10-24T11_18_57_0'): OK
2017-10-24 11:19:47,010 - TdmApplication - DEBUG - FrontendConnectionHandler(id=140470480058704, session='2017-10-24T11_18_57_0').on_event(Event(SYSTEM_UTTERANCE_TO_SPEAK, [Returning to the start view., What would you like to do?], sender=GenerateModule, reason=None))
2017-10-24 11:19:47,011 - TdmApplication - DEBUG - FrontendConnectionHandler(id=140470480058704, session='2017-10-24T11_18_57_0'): writing {"content": ["Returning to the start view.", "What would you like to do?"], "_sender": "GenerateModule", "_reason": null, "event_type": "SYSTEM_UTTERANCE_TO_SPEAK"}
2017-10-24 11:19:47,011 - TdmApplication - DEBUG - FrontendConnectionHandler(id=140470480058704, session='2017-10-24T11_18_57_0'): OK
2017-10-24 11:19:47,011 - TdmApplication - DEBUG - FrontendConnectionHandler(id=140470480058704, session='2017-10-24T11_18_57_0').on_event(Event(MESSAGE_TO_GUI, [<tdm.tdm_gui_protocol.ClosePopup instance at 0x7fc1d41b9c20>], sender=GuiBackend, reason=None))
2017-10-24 11:19:47,012 - TdmApplication - DEBUG - FrontendConnectionHandler(id=140470480058704, session='2017-10-24T11_18_57_0'): writing {"content": [{"ClosePopup": {}}], "_sender": "GuiBackend", "_reason": null, "event_type": "MESSAGE_TO_GUI"}
2017-10-24 11:19:47,012 - TdmApplication - DEBUG - FrontendConnectionHandler(id=140470480058704, session='2017-10-24T11_18_57_0'): OK
2017-10-24 11:19:47,032 - TdmApplication - DEBUG - FrontendConnectionHandler(id=140470480058704, session='2017-10-24T11_18_57_0').on_message({"content": ["Returning to the start view.", "What would you like to do?"], "_sender": "TextOutputComponent", "_reason": null, "event_type": "SYSTEM_UTTERANCE_REALIZED"})
2017-10-24 11:19:47,056 - TdmApplication - DEBUG - FrontendConnectionHandler(id=140470480058704, session='2017-10-24T11_18_57_0').on_event(Event(FACTS, [], sender=DmeModule, reason=None))
2017-10-24 11:19:47,056 - TdmApplication - DEBUG - FrontendConnectionHandler(id=140470480058704, session='2017-10-24T11_18_57_0'): writing {"content": [], "_sender": "DmeModule", "_reason": null, "event_type": "FACTS"}
2017-10-24 11:19:47,056 - TdmApplication - DEBUG - FrontendConnectionHandler(id=140470480058704, session='2017-10-24T11_18_57_0'): OK
2017-10-24 11:19:47,132 - TdmApplication - DEBUG - FrontendConnectionHandler(id=140470480058704, session='2017-10-24T11_18_57_0').on_event(Event(SELECTED_RECOGNITION, tell me what to do, sender=DmeModule, reason=None))
2017-10-24 11:19:47,132 - TdmApplication - DEBUG - FrontendConnectionHandler(id=140470480058704, session='2017-10-24T11_18_57_0'): writing {"content": "tell me what to do", "_sender": "DmeModule", "_reason": null, "event_type": "SELECTED_RECOGNITION"}
2017-10-24 11:19:47,132 - TdmApplication - DEBUG - FrontendConnectionHandler(id=140470480058704, session='2017-10-24T11_18_57_0'): OK
2017-10-24 11:19:47,134 - TdmApplication - DEBUG - FrontendConnectionHandler(id=140470480058704, session='2017-10-24T11_18_57_0').on_event(Event(FACTS, [{predicate: say_step, grammar_entry: None, value: 0}], sender=DmeModule, reason=None))
2017-10-24 11:19:47,134 - TdmApplication - DEBUG - FrontendConnectionHandler(id=140470480058704, session='2017-10-24T11_18_57_0'): writing {"content": [{"predicate": "say_step", "grammar_entry": null, "value": "0"}], "_sender": "DmeModule", "_reason": null, "event_type": "FACTS"}
2017-10-24 11:19:47,134 - TdmApplication - DEBUG - FrontendConnectionHandler(id=140470480058704, session='2017-10-24T11_18_57_0'): OK
2017-10-24 11:19:47,143 - TdmApplication - DEBUG - FrontendConnectionHandler(id=140470480058704, session='2017-10-24T11_18_57_0').on_event(Event(SYSTEM_UTTERANCE_TO_SPEAK, [Ok 0.], sender=GenerateModule, reason=None))
2017-10-24 11:19:47,144 - TdmApplication - DEBUG - FrontendConnectionHandler(id=140470480058704, session='2017-10-24T11_18_57_0'): writing {"content": ["Ok 0."], "_sender": "GenerateModule", "_reason": null, "event_type": "SYSTEM_UTTERANCE_TO_SPEAK"}
2017-10-24 11:19:47,144 - TdmApplication - DEBUG - FrontendConnectionHandler(id=140470480058704, session='2017-10-24T11_18_57_0'): OK
2017-10-24 11:19:47,145 - TdmApplication - DEBUG - FrontendConnectionHandler(id=140470480058704, session='2017-10-24T11_18_57_0').on_event(Event(GUI.POPUP, {options: [], title: Ok 0.}, sender=IndependentGuiBackend, reason=None))
2017-10-24 11:19:47,145 - TdmApplication - DEBUG - FrontendConnectionHandler(id=140470480058704, session='2017-10-24T11_18_57_0'): writing {"content": {"options": [], "title": "Ok 0."}, "_sender": "IndependentGuiBackend", "_reason": null, "event_type": "GUI.POPUP"}
2017-10-24 11:19:47,145 - TdmApplication - DEBUG - FrontendConnectionHandler(id=140470480058704, session='2017-10-24T11_18_57_0'): OK
2017-10-24 11:19:47,146 - TdmApplication - DEBUG - FrontendConnectionHandler(id=140470480058704, session='2017-10-24T11_18_57_0').on_event(Event(MESSAGE_TO_GUI, [<tdm.tdm_gui_protocol.Popup instance at 0x7fc1d42063b0>], sender=GuiBackend, reason=None))
2017-10-24 11:19:47,146 - TdmApplication - DEBUG - FrontendConnectionHandler(id=140470480058704, session='2017-10-24T11_18_57_0'): writing {"content": [{"Popup": {"elements": [], "title": "Ok 0."}}], "_sender": "GuiBackend", "_reason": null, "event_type": "MESSAGE_TO_GUI"}
2017-10-24 11:19:47,146 - TdmApplication - DEBUG - FrontendConnectionHandler(id=140470480058704, session='2017-10-24T11_18_57_0'): OK
2017-10-24 11:19:47,159 - TdmApplication - DEBUG - FrontendConnectionHandler(id=140470480058704, session='2017-10-24T11_18_57_0').on_message({"content": ["Ok 0."], "_sender": "TextOutputComponent", "_reason": null, "event_type": "SYSTEM_UTTERANCE_REALIZED"})
2017-10-24 11:19:47,186 - TdmApplication - DEBUG - FrontendConnectionHandler(id=140470480058704, session='2017-10-24T11_18_57_0').on_event(Event(FACTS, [{predicate: say_step, grammar_entry: None, value: 0}], sender=DmeModule, reason=None))
2017-10-24 11:19:47,186 - TdmApplication - DEBUG - FrontendConnectionHandler(id=140470480058704, session='2017-10-24T11_18_57_0'): writing {"content": [{"predicate": "say_step", "grammar_entry": null, "value": "0"}], "_sender": "DmeModule", "_reason": null, "event_type": "FACTS"}
2017-10-24 11:19:47,186 - TdmApplication - DEBUG - FrontendConnectionHandler(id=140470480058704, session='2017-10-24T11_18_57_0'): OK
2017-10-24 11:25:20,085 - TdmApplication - DEBUG - FrontendConnectionHandler(id=140470480058704, session='2017-10-24T11_18_57_0').on_close()
2017-10-24 11:25:20,085 - TdmApplication - DEBUG - SessionManager.stop('2017-10-24T11_18_57_0')
2017-10-24 11:25:20,089 - TdmApplication - DEBUG - TdmApplication.stop(): Stopping HTTP server
2017-10-24 11:25:20,090 - TdmApplication - DEBUG - FrontendConnectionHandler(id=140470480058704, session='2017-10-24T11_18_57_0').on_event(Event(FACTS, [], sender=DmeModule, reason=None))
2017-10-24 11:25:20,090 - TdmApplication - DEBUG - TdmApplication.stop(): Stopping IO-loop
2017-10-24 11:25:20,090 - TdmApplication - DEBUG - FrontendConnectionHandler(id=140470480058704, session='2017-10-24T11_18_57_0'): writing {"content": [], "_sender": "DmeModule", "_reason": null, "event_type": "FACTS"}
2017-10-24 11:25:20,090 - TdmApplication - DEBUG - TdmApplication.stop(): Stopping sessions []
2017-10-24 11:25:20,090 - TdmApplication - DEBUG - FrontendConnectionHandler(id=140470480058704, session='2017-10-24T11_18_57_0'): OK
