2017-10-20 17:59:32,449 - TdmApplication - DEBUG - DddDb().__init__(name='ddds', default_ddds=[u'recipehelp'])
2017-10-20 17:59:32,449 - TdmApplication - DEBUG - DddDb(): DB file name is '/home/gusmatssar/recipedialogue/tdm/ddds.json'
2017-10-20 17:59:32,457 - TdmApplication - DEBUG - FrontendConnectionHandler(id=140639875721552, session=None).open()
2017-10-20 17:59:32,459 - TdmApplication - DEBUG - thread_manager.create_thread() with threading.active_count()=3
2017-10-20 17:59:32,460 - TdmApplication - DEBUG - FrontendConnectionHandler(id=140639875721552, session=None).on_message({"handshake_content": {"session_id": null, "keep_session_alive": false}, "name": "Frontend"})
2017-10-20 17:59:32,460 - TdmApplication - DEBUG - FrontendConnectionHandler(id=140639875721552, session=None)._register({"handshake_content": {"session_id": null, "keep_session_alive": false}, "name": "Frontend"})
2017-10-20 17:59:32,461 - TdmApplication - DEBUG - thread_manager.create_thread() with threading.active_count()=4
2017-10-20 17:59:32,462 - TdmApplication - DEBUG - Creating backend and session with id 2017-10-20T17_59_32_0.
2017-10-20 17:59:32,497 - TdmApplication - DEBUG - FrontendConnectionHandler._register: Registered in session 2017-10-20T17_59_32_0 with backend <ThreadedBackend(ThreadedBackend, started daemon 140639632963328)>.
2017-10-20 17:59:32,498 - TdmApplication - DEBUG - FrontendConnectionHandler(id=140639875721552, session='2017-10-20T17_59_32_0').on_event(Event(REGISTER_BACKEND, None, sender=Backend, reason=None))
2017-10-20 17:59:32,498 - TdmApplication - DEBUG - FrontendConnectionHandler(id=140639875721552, session='2017-10-20T17_59_32_0'): writing {"content": null, "_sender": "Backend", "_reason": null, "event_type": "REGISTER_BACKEND"}
2017-10-20 17:59:32,498 - TdmApplication - DEBUG - FrontendConnectionHandler(id=140639875721552, session='2017-10-20T17_59_32_0'): OK
2017-10-20 17:59:32,530 - TdmApplication - DEBUG - FrontendConnectionHandler(id=140639875721552, session='2017-10-20T17_59_32_0').on_message({"content": null, "_sender": "Frontend", "_reason": null, "event_type": "FRONTEND_READY"})
2017-10-20 17:59:32,532 - TdmApplication - DEBUG - FrontendConnectionHandler(id=140639875721552, session='2017-10-20T17_59_32_0').on_event(Event(BACKEND_READY, None, sender=Backend, reason=None))
2017-10-20 17:59:32,532 - TdmApplication - DEBUG - FrontendConnectionHandler(id=140639875721552, session='2017-10-20T17_59_32_0'): writing {"content": null, "_sender": "Backend", "_reason": null, "event_type": "BACKEND_READY"}
2017-10-20 17:59:32,532 - TdmApplication - DEBUG - FrontendConnectionHandler(id=140639875721552, session='2017-10-20T17_59_32_0'): OK
2017-10-20 17:59:32,535 - TdmApplication - DEBUG - FrontendConnectionHandler(id=140639875721552, session='2017-10-20T17_59_32_0').on_message({"content": null, "_sender": "Frontend", "_reason": null, "event_type": "START"})
2017-10-20 17:59:32,570 - TdmApplication - DEBUG - FrontendConnectionHandler(id=140639875721552, session='2017-10-20T17_59_32_0').on_event(Event(SET_DDD, {ddd_name: recipehelp, language_code: eng}, sender=DmeModule, reason=None))
2017-10-20 17:59:32,570 - TdmApplication - DEBUG - FrontendConnectionHandler(id=140639875721552, session='2017-10-20T17_59_32_0'): writing {"content": {"ddd_name": "recipehelp", "language_code": "eng"}, "_sender": "DmeModule", "_reason": null, "event_type": "SET_DDD"}
2017-10-20 17:59:32,571 - TdmApplication - DEBUG - FrontendConnectionHandler(id=140639875721552, session='2017-10-20T17_59_32_0'): OK
2017-10-20 17:59:32,572 - TdmApplication - DEBUG - FrontendConnectionHandler(id=140639875721552, session='2017-10-20T17_59_32_0').on_event(Event(FACTS, [], sender=DmeModule, reason=None))
2017-10-20 17:59:32,572 - TdmApplication - DEBUG - FrontendConnectionHandler(id=140639875721552, session='2017-10-20T17_59_32_0'): writing {"content": [], "_sender": "DmeModule", "_reason": null, "event_type": "FACTS"}
2017-10-20 17:59:32,572 - TdmApplication - DEBUG - FrontendConnectionHandler(id=140639875721552, session='2017-10-20T17_59_32_0'): OK
2017-10-20 17:59:32,580 - TdmApplication - DEBUG - FrontendConnectionHandler(id=140639875721552, session='2017-10-20T17_59_32_0').on_event(Event(SYSTEM_UTTERANCE_TO_SPEAK, [, What would you like to do?], sender=GenerateModule, reason=None))
2017-10-20 17:59:32,581 - TdmApplication - DEBUG - FrontendConnectionHandler(id=140639875721552, session='2017-10-20T17_59_32_0'): writing {"content": ["", "What would you like to do?"], "_sender": "GenerateModule", "_reason": null, "event_type": "SYSTEM_UTTERANCE_TO_SPEAK"}
2017-10-20 17:59:32,581 - TdmApplication - DEBUG - FrontendConnectionHandler(id=140639875721552, session='2017-10-20T17_59_32_0'): OK
2017-10-20 17:59:32,581 - TdmApplication - DEBUG - FrontendConnectionHandler(id=140639875721552, session='2017-10-20T17_59_32_0').on_event(Event(MESSAGE_TO_GUI, [], sender=GuiBackend, reason=None))
2017-10-20 17:59:32,581 - TdmApplication - DEBUG - FrontendConnectionHandler(id=140639875721552, session='2017-10-20T17_59_32_0'): writing {"content": [], "_sender": "GuiBackend", "_reason": null, "event_type": "MESSAGE_TO_GUI"}
2017-10-20 17:59:32,582 - TdmApplication - DEBUG - FrontendConnectionHandler(id=140639875721552, session='2017-10-20T17_59_32_0'): OK
2017-10-20 17:59:32,624 - TdmApplication - DEBUG - FrontendConnectionHandler(id=140639875721552, session='2017-10-20T17_59_32_0').on_message({"content": ["", "What would you like to do?"], "_sender": "TextOutputComponent", "_reason": null, "event_type": "SYSTEM_UTTERANCE_REALIZED"})
2017-10-20 17:59:32,647 - TdmApplication - DEBUG - FrontendConnectionHandler(id=140639875721552, session='2017-10-20T17_59_32_0').on_event(Event(FACTS, [], sender=DmeModule, reason=None))
2017-10-20 17:59:32,647 - TdmApplication - DEBUG - FrontendConnectionHandler(id=140639875721552, session='2017-10-20T17_59_32_0'): writing {"content": [], "_sender": "DmeModule", "_reason": null, "event_type": "FACTS"}
2017-10-20 17:59:32,647 - TdmApplication - DEBUG - FrontendConnectionHandler(id=140639875721552, session='2017-10-20T17_59_32_0'): OK
2017-10-20 17:59:40,114 - TdmApplication - DEBUG - FrontendConnectionHandler(id=140639875721552, session='2017-10-20T17_59_32_0').on_message({"content": [{"score": 1.0, "utterance": "go to a step"}], "_sender": "TextInputComponent", "_reason": null, "event_type": "RECOGNITION"})
2017-10-20 17:59:40,122 - TdmApplication - DEBUG - FrontendConnectionHandler(id=140639875721552, session='2017-10-20T17_59_32_0').on_event(Event(STOP_LISTENING, None, sender=TurnManager, reason=None))
2017-10-20 17:59:40,122 - TdmApplication - DEBUG - FrontendConnectionHandler(id=140639875721552, session='2017-10-20T17_59_32_0'): writing {"content": null, "_sender": "TurnManager", "_reason": null, "event_type": "STOP_LISTENING"}
2017-10-20 17:59:40,123 - TdmApplication - DEBUG - FrontendConnectionHandler(id=140639875721552, session='2017-10-20T17_59_32_0'): OK
2017-10-20 17:59:40,195 - TdmApplication - DEBUG - FrontendConnectionHandler(id=140639875721552, session='2017-10-20T17_59_32_0').on_event(Event(SELECTED_RECOGNITION, go to a step, sender=DmeModule, reason=None))
2017-10-20 17:59:40,196 - TdmApplication - DEBUG - FrontendConnectionHandler(id=140639875721552, session='2017-10-20T17_59_32_0'): writing {"content": "go to a step", "_sender": "DmeModule", "_reason": null, "event_type": "SELECTED_RECOGNITION"}
2017-10-20 17:59:40,196 - TdmApplication - DEBUG - FrontendConnectionHandler(id=140639875721552, session='2017-10-20T17_59_32_0'): OK
2017-10-20 17:59:40,197 - TdmApplication - DEBUG - FrontendConnectionHandler(id=140639875721552, session='2017-10-20T17_59_32_0').on_event(Event(FACTS, [], sender=DmeModule, reason=None))
2017-10-20 17:59:40,197 - TdmApplication - DEBUG - FrontendConnectionHandler(id=140639875721552, session='2017-10-20T17_59_32_0'): writing {"content": [], "_sender": "DmeModule", "_reason": null, "event_type": "FACTS"}
2017-10-20 17:59:40,197 - TdmApplication - DEBUG - FrontendConnectionHandler(id=140639875721552, session='2017-10-20T17_59_32_0'): OK
2017-10-20 17:59:40,209 - TdmApplication - DEBUG - FrontendConnectionHandler(id=140639875721552, session='2017-10-20T17_59_32_0').on_event(Event(SYSTEM_UTTERANCE_TO_SPEAK, [, , Which step?], sender=GenerateModule, reason=None))
2017-10-20 17:59:40,210 - TdmApplication - DEBUG - FrontendConnectionHandler(id=140639875721552, session='2017-10-20T17_59_32_0'): writing {"content": ["", "", "Which step?"], "_sender": "GenerateModule", "_reason": null, "event_type": "SYSTEM_UTTERANCE_TO_SPEAK"}
2017-10-20 17:59:40,210 - TdmApplication - DEBUG - FrontendConnectionHandler(id=140639875721552, session='2017-10-20T17_59_32_0'): OK
2017-10-20 17:59:40,211 - TdmApplication - DEBUG - FrontendConnectionHandler(id=140639875721552, session='2017-10-20T17_59_32_0').on_event(Event(MESSAGE_TO_GUI, [], sender=GuiBackend, reason=None))
2017-10-20 17:59:40,211 - TdmApplication - DEBUG - FrontendConnectionHandler(id=140639875721552, session='2017-10-20T17_59_32_0'): writing {"content": [], "_sender": "GuiBackend", "_reason": null, "event_type": "MESSAGE_TO_GUI"}
2017-10-20 17:59:40,212 - TdmApplication - DEBUG - FrontendConnectionHandler(id=140639875721552, session='2017-10-20T17_59_32_0'): OK
2017-10-20 17:59:40,215 - TdmApplication - DEBUG - FrontendConnectionHandler(id=140639875721552, session='2017-10-20T17_59_32_0').on_message({"content": ["", "", "Which step?"], "_sender": "TextOutputComponent", "_reason": null, "event_type": "SYSTEM_UTTERANCE_REALIZED"})
2017-10-20 17:59:40,248 - TdmApplication - DEBUG - FrontendConnectionHandler(id=140639875721552, session='2017-10-20T17_59_32_0').on_event(Event(FACTS, [], sender=DmeModule, reason=None))
2017-10-20 17:59:40,248 - TdmApplication - DEBUG - FrontendConnectionHandler(id=140639875721552, session='2017-10-20T17_59_32_0'): writing {"content": [], "_sender": "DmeModule", "_reason": null, "event_type": "FACTS"}
2017-10-20 17:59:40,248 - TdmApplication - DEBUG - FrontendConnectionHandler(id=140639875721552, session='2017-10-20T17_59_32_0'): OK
2017-10-20 17:59:43,565 - TdmApplication - DEBUG - FrontendConnectionHandler(id=140639875721552, session='2017-10-20T17_59_32_0').on_message({"content": [{"score": 1.0, "utterance": "step one"}], "_sender": "TextInputComponent", "_reason": null, "event_type": "RECOGNITION"})
2017-10-20 17:59:43,570 - TdmApplication - DEBUG - FrontendConnectionHandler(id=140639875721552, session='2017-10-20T17_59_32_0').on_event(Event(STOP_LISTENING, None, sender=TurnManager, reason=None))
2017-10-20 17:59:43,570 - TdmApplication - DEBUG - FrontendConnectionHandler(id=140639875721552, session='2017-10-20T17_59_32_0'): writing {"content": null, "_sender": "TurnManager", "_reason": null, "event_type": "STOP_LISTENING"}
2017-10-20 17:59:43,570 - TdmApplication - DEBUG - FrontendConnectionHandler(id=140639875721552, session='2017-10-20T17_59_32_0'): OK
2017-10-20 17:59:43,648 - TdmApplication - DEBUG - FrontendConnectionHandler(id=140639875721552, session='2017-10-20T17_59_32_0').on_event(Event(SELECTED_RECOGNITION, step one, sender=DmeModule, reason=None))
2017-10-20 17:59:43,648 - TdmApplication - DEBUG - FrontendConnectionHandler(id=140639875721552, session='2017-10-20T17_59_32_0'): writing {"content": "step one", "_sender": "DmeModule", "_reason": null, "event_type": "SELECTED_RECOGNITION"}
2017-10-20 17:59:43,648 - TdmApplication - DEBUG - FrontendConnectionHandler(id=140639875721552, session='2017-10-20T17_59_32_0'): OK
2017-10-20 17:59:43,649 - TdmApplication - DEBUG - FrontendConnectionHandler(id=140639875721552, session='2017-10-20T17_59_32_0').on_event(Event(FACTS, [{predicate: go_to_step, grammar_entry: None, value: chose a step}], sender=DmeModule, reason=None))
2017-10-20 17:59:43,650 - TdmApplication - DEBUG - FrontendConnectionHandler(id=140639875721552, session='2017-10-20T17_59_32_0'): writing {"content": [{"predicate": "go_to_step", "grammar_entry": null, "value": "chose a step"}], "_sender": "DmeModule", "_reason": null, "event_type": "FACTS"}
2017-10-20 17:59:43,650 - TdmApplication - DEBUG - FrontendConnectionHandler(id=140639875721552, session='2017-10-20T17_59_32_0'): OK
2017-10-20 17:59:43,659 - TdmApplication - DEBUG - FrontendConnectionHandler(id=140639875721552, session='2017-10-20T17_59_32_0').on_event(Event(SYSTEM_UTTERANCE_TO_SPEAK, [Ok chose a step.], sender=GenerateModule, reason=None))
2017-10-20 17:59:43,659 - TdmApplication - DEBUG - FrontendConnectionHandler(id=140639875721552, session='2017-10-20T17_59_32_0'): writing {"content": ["Ok chose a step."], "_sender": "GenerateModule", "_reason": null, "event_type": "SYSTEM_UTTERANCE_TO_SPEAK"}
2017-10-20 17:59:43,660 - TdmApplication - DEBUG - FrontendConnectionHandler(id=140639875721552, session='2017-10-20T17_59_32_0'): OK
2017-10-20 17:59:43,661 - TdmApplication - DEBUG - FrontendConnectionHandler(id=140639875721552, session='2017-10-20T17_59_32_0').on_event(Event(GUI.POPUP, {options: [], title: Ok chose a step.}, sender=IndependentGuiBackend, reason=None))
2017-10-20 17:59:43,661 - TdmApplication - DEBUG - FrontendConnectionHandler(id=140639875721552, session='2017-10-20T17_59_32_0'): writing {"content": {"options": [], "title": "Ok chose a step."}, "_sender": "IndependentGuiBackend", "_reason": null, "event_type": "GUI.POPUP"}
2017-10-20 17:59:43,662 - TdmApplication - DEBUG - FrontendConnectionHandler(id=140639875721552, session='2017-10-20T17_59_32_0'): OK
2017-10-20 17:59:43,663 - TdmApplication - DEBUG - FrontendConnectionHandler(id=140639875721552, session='2017-10-20T17_59_32_0').on_event(Event(MESSAGE_TO_GUI, [<tdm.tdm_gui_protocol.Popup instance at 0x7fe944088710>], sender=GuiBackend, reason=None))
2017-10-20 17:59:43,663 - TdmApplication - DEBUG - FrontendConnectionHandler(id=140639875721552, session='2017-10-20T17_59_32_0'): writing {"content": [{"Popup": {"elements": [], "title": "Ok chose a step."}}], "_sender": "GuiBackend", "_reason": null, "event_type": "MESSAGE_TO_GUI"}
2017-10-20 17:59:43,663 - TdmApplication - DEBUG - FrontendConnectionHandler(id=140639875721552, session='2017-10-20T17_59_32_0'): OK
2017-10-20 17:59:43,695 - TdmApplication - DEBUG - FrontendConnectionHandler(id=140639875721552, session='2017-10-20T17_59_32_0').on_message({"content": ["Ok chose a step."], "_sender": "TextOutputComponent", "_reason": null, "event_type": "SYSTEM_UTTERANCE_REALIZED"})
2017-10-20 17:59:43,721 - TdmApplication - DEBUG - FrontendConnectionHandler(id=140639875721552, session='2017-10-20T17_59_32_0').on_event(Event(FACTS, [{predicate: go_to_step, grammar_entry: None, value: chose a step}], sender=DmeModule, reason=None))
2017-10-20 17:59:43,722 - TdmApplication - DEBUG - FrontendConnectionHandler(id=140639875721552, session='2017-10-20T17_59_32_0'): writing {"content": [{"predicate": "go_to_step", "grammar_entry": null, "value": "chose a step"}], "_sender": "DmeModule", "_reason": null, "event_type": "FACTS"}
2017-10-20 17:59:43,722 - TdmApplication - DEBUG - FrontendConnectionHandler(id=140639875721552, session='2017-10-20T17_59_32_0'): OK
2017-10-20 17:59:49,305 - TdmApplication - DEBUG - FrontendConnectionHandler(id=140639875721552, session='2017-10-20T17_59_32_0').on_message({"content": [{"score": 1.0, "utterance": "step one"}], "_sender": "TextInputComponent", "_reason": null, "event_type": "RECOGNITION"})
2017-10-20 17:59:49,309 - TdmApplication - DEBUG - FrontendConnectionHandler(id=140639875721552, session='2017-10-20T17_59_32_0').on_event(Event(FACTS, [], sender=DmeModule, reason=None))
2017-10-20 17:59:49,309 - TdmApplication - DEBUG - FrontendConnectionHandler(id=140639875721552, session='2017-10-20T17_59_32_0'): writing {"content": [], "_sender": "DmeModule", "_reason": null, "event_type": "FACTS"}
2017-10-20 17:59:49,310 - TdmApplication - DEBUG - FrontendConnectionHandler(id=140639875721552, session='2017-10-20T17_59_32_0'): OK
2017-10-20 17:59:49,318 - TdmApplication - DEBUG - FrontendConnectionHandler(id=140639875721552, session='2017-10-20T17_59_32_0').on_event(Event(STOP_SPEAKING, None, sender=TurnManager, reason=None))
2017-10-20 17:59:49,318 - TdmApplication - DEBUG - FrontendConnectionHandler(id=140639875721552, session='2017-10-20T17_59_32_0'): writing {"content": null, "_sender": "TurnManager", "_reason": null, "event_type": "STOP_SPEAKING"}
2017-10-20 17:59:49,318 - TdmApplication - DEBUG - FrontendConnectionHandler(id=140639875721552, session='2017-10-20T17_59_32_0'): OK
2017-10-20 17:59:49,319 - TdmApplication - DEBUG - FrontendConnectionHandler(id=140639875721552, session='2017-10-20T17_59_32_0').on_event(Event(SYSTEM_UTTERANCE_TO_SPEAK, [Returning to the start view., What would you like to do?], sender=GenerateModule, reason=None))
2017-10-20 17:59:49,319 - TdmApplication - DEBUG - FrontendConnectionHandler(id=140639875721552, session='2017-10-20T17_59_32_0'): writing {"content": ["Returning to the start view.", "What would you like to do?"], "_sender": "GenerateModule", "_reason": null, "event_type": "SYSTEM_UTTERANCE_TO_SPEAK"}
2017-10-20 17:59:49,319 - TdmApplication - DEBUG - FrontendConnectionHandler(id=140639875721552, session='2017-10-20T17_59_32_0'): OK
2017-10-20 17:59:49,321 - TdmApplication - DEBUG - FrontendConnectionHandler(id=140639875721552, session='2017-10-20T17_59_32_0').on_event(Event(MESSAGE_TO_GUI, [<tdm.tdm_gui_protocol.ClosePopup instance at 0x7fe9440887e8>], sender=GuiBackend, reason=None))
2017-10-20 17:59:49,321 - TdmApplication - DEBUG - FrontendConnectionHandler(id=140639875721552, session='2017-10-20T17_59_32_0'): writing {"content": [{"ClosePopup": {}}], "_sender": "GuiBackend", "_reason": null, "event_type": "MESSAGE_TO_GUI"}
2017-10-20 17:59:49,321 - TdmApplication - DEBUG - FrontendConnectionHandler(id=140639875721552, session='2017-10-20T17_59_32_0'): OK
2017-10-20 17:59:49,354 - TdmApplication - DEBUG - FrontendConnectionHandler(id=140639875721552, session='2017-10-20T17_59_32_0').on_message({"content": ["Returning to the start view.", "What would you like to do?"], "_sender": "TextOutputComponent", "_reason": null, "event_type": "SYSTEM_UTTERANCE_REALIZED"})
2017-10-20 17:59:49,378 - TdmApplication - DEBUG - FrontendConnectionHandler(id=140639875721552, session='2017-10-20T17_59_32_0').on_event(Event(FACTS, [], sender=DmeModule, reason=None))
2017-10-20 17:59:49,378 - TdmApplication - DEBUG - FrontendConnectionHandler(id=140639875721552, session='2017-10-20T17_59_32_0'): writing {"content": [], "_sender": "DmeModule", "_reason": null, "event_type": "FACTS"}
2017-10-20 17:59:49,378 - TdmApplication - DEBUG - FrontendConnectionHandler(id=140639875721552, session='2017-10-20T17_59_32_0'): OK
2017-10-20 17:59:49,441 - TdmApplication - DEBUG - FrontendConnectionHandler(id=140639875721552, session='2017-10-20T17_59_32_0').on_event(Event(SELECTED_RECOGNITION, step one, sender=DmeModule, reason=None))
2017-10-20 17:59:49,441 - TdmApplication - DEBUG - FrontendConnectionHandler(id=140639875721552, session='2017-10-20T17_59_32_0'): writing {"content": "step one", "_sender": "DmeModule", "_reason": null, "event_type": "SELECTED_RECOGNITION"}
2017-10-20 17:59:49,441 - TdmApplication - DEBUG - FrontendConnectionHandler(id=140639875721552, session='2017-10-20T17_59_32_0'): OK
2017-10-20 17:59:49,442 - TdmApplication - DEBUG - FrontendConnectionHandler(id=140639875721552, session='2017-10-20T17_59_32_0').on_event(Event(FACTS, [], sender=DmeModule, reason=None))
2017-10-20 17:59:49,442 - TdmApplication - DEBUG - FrontendConnectionHandler(id=140639875721552, session='2017-10-20T17_59_32_0'): writing {"content": [], "_sender": "DmeModule", "_reason": null, "event_type": "FACTS"}
2017-10-20 17:59:49,442 - TdmApplication - DEBUG - FrontendConnectionHandler(id=140639875721552, session='2017-10-20T17_59_32_0'): OK
2017-10-20 17:59:49,455 - TdmApplication - DEBUG - FrontendConnectionHandler(id=140639875721552, session='2017-10-20T17_59_32_0').on_event(Event(SYSTEM_UTTERANCE_TO_SPEAK, [So,, You want to know go to step.], sender=GenerateModule, reason=None))
2017-10-20 17:59:49,455 - TdmApplication - DEBUG - FrontendConnectionHandler(id=140639875721552, session='2017-10-20T17_59_32_0'): writing {"content": ["So,", "You want to know go to step."], "_sender": "GenerateModule", "_reason": null, "event_type": "SYSTEM_UTTERANCE_TO_SPEAK"}
2017-10-20 17:59:49,455 - TdmApplication - DEBUG - FrontendConnectionHandler(id=140639875721552, session='2017-10-20T17_59_32_0'): OK
2017-10-20 17:59:49,456 - TdmApplication - DEBUG - FrontendConnectionHandler(id=140639875721552, session='2017-10-20T17_59_32_0').on_event(Event(GUI.POPUP, {options: [{value: answer(yes), title: Yes}, {value: answer(no), title: No}], title: You want to know go to step.}, sender=IndependentGuiBackend, reason=None))
2017-10-20 17:59:49,456 - TdmApplication - DEBUG - FrontendConnectionHandler(id=140639875721552, session='2017-10-20T17_59_32_0'): writing {"content": {"options": [{"value": "answer(yes)", "title": "Yes"}, {"value": "answer(no)", "title": "No"}], "title": "You want to know go to step."}, "_sender": "IndependentGuiBackend", "_reason": null, "event_type": "GUI.POPUP"}
2017-10-20 17:59:49,457 - TdmApplication - DEBUG - FrontendConnectionHandler(id=140639875721552, session='2017-10-20T17_59_32_0'): OK
2017-10-20 17:59:49,458 - TdmApplication - DEBUG - FrontendConnectionHandler(id=140639875721552, session='2017-10-20T17_59_32_0').on_event(Event(MESSAGE_TO_GUI, [<tdm.tdm_gui_protocol.Popup instance at 0x7fe94409ee18>], sender=GuiBackend, reason=None))
2017-10-20 17:59:49,458 - TdmApplication - DEBUG - FrontendConnectionHandler(id=140639875721552, session='2017-10-20T17_59_32_0'): writing {"content": [{"Popup": {"elements": [{"Element": {"name": "move", "title": "", "items": [{"Item": {"attributes": null, "selected": false, "predicted": false, "value": "answer(yes)", "title": "Yes"}}, {"Item": {"attributes": null, "selected": false, "predicted": false, "value": "answer(no)", "title": "No"}}], "format": "", "voice_browsed": false, "value": "", "template": "menu", "type": "list"}}], "title": "You want to know go to step."}}], "_sender": "GuiBackend", "_reason": null, "event_type": "MESSAGE_TO_GUI"}
2017-10-20 17:59:49,458 - TdmApplication - DEBUG - FrontendConnectionHandler(id=140639875721552, session='2017-10-20T17_59_32_0'): OK
2017-10-20 17:59:49,473 - TdmApplication - DEBUG - FrontendConnectionHandler(id=140639875721552, session='2017-10-20T17_59_32_0').on_message({"content": ["So,", "You want to know go to step."], "_sender": "TextOutputComponent", "_reason": null, "event_type": "SYSTEM_UTTERANCE_REALIZED"})
2017-10-20 17:59:49,502 - TdmApplication - DEBUG - FrontendConnectionHandler(id=140639875721552, session='2017-10-20T17_59_32_0').on_event(Event(FACTS, [], sender=DmeModule, reason=None))
2017-10-20 17:59:49,502 - TdmApplication - DEBUG - FrontendConnectionHandler(id=140639875721552, session='2017-10-20T17_59_32_0'): writing {"content": [], "_sender": "DmeModule", "_reason": null, "event_type": "FACTS"}
2017-10-20 17:59:49,502 - TdmApplication - DEBUG - FrontendConnectionHandler(id=140639875721552, session='2017-10-20T17_59_32_0'): OK
2017-10-20 18:00:23,766 - TdmApplication - DEBUG - FrontendConnectionHandler(id=140639875721552, session='2017-10-20T17_59_32_0').on_message({"content": [{"score": 1.0, "utterance": "tell me what to do"}], "_sender": "TextInputComponent", "_reason": null, "event_type": "RECOGNITION"})
2017-10-20 18:00:23,771 - TdmApplication - DEBUG - FrontendConnectionHandler(id=140639875721552, session='2017-10-20T17_59_32_0').on_event(Event(FACTS, [{predicate: go_to_step, grammar_entry: None, value: chose a step}], sender=DmeModule, reason=None))
2017-10-20 18:00:23,771 - TdmApplication - DEBUG - FrontendConnectionHandler(id=140639875721552, session='2017-10-20T17_59_32_0'): writing {"content": [{"predicate": "go_to_step", "grammar_entry": null, "value": "chose a step"}], "_sender": "DmeModule", "_reason": null, "event_type": "FACTS"}
2017-10-20 18:00:23,771 - TdmApplication - DEBUG - FrontendConnectionHandler(id=140639875721552, session='2017-10-20T17_59_32_0'): OK
2017-10-20 18:00:23,781 - TdmApplication - DEBUG - FrontendConnectionHandler(id=140639875721552, session='2017-10-20T17_59_32_0').on_event(Event(STOP_SPEAKING, None, sender=TurnManager, reason=None))
2017-10-20 18:00:23,781 - TdmApplication - DEBUG - FrontendConnectionHandler(id=140639875721552, session='2017-10-20T17_59_32_0'): writing {"content": null, "_sender": "TurnManager", "_reason": null, "event_type": "STOP_SPEAKING"}
2017-10-20 18:00:23,781 - TdmApplication - DEBUG - FrontendConnectionHandler(id=140639875721552, session='2017-10-20T17_59_32_0'): OK
2017-10-20 18:00:23,783 - TdmApplication - DEBUG - FrontendConnectionHandler(id=140639875721552, session='2017-10-20T17_59_32_0').on_event(Event(SYSTEM_UTTERANCE_TO_SPEAK, [Ok chose a step.], sender=GenerateModule, reason=None))
2017-10-20 18:00:23,783 - TdmApplication - DEBUG - FrontendConnectionHandler(id=140639875721552, session='2017-10-20T17_59_32_0'): writing {"content": ["Ok chose a step."], "_sender": "GenerateModule", "_reason": null, "event_type": "SYSTEM_UTTERANCE_TO_SPEAK"}
2017-10-20 18:00:23,783 - TdmApplication - DEBUG - FrontendConnectionHandler(id=140639875721552, session='2017-10-20T17_59_32_0'): OK
2017-10-20 18:00:23,784 - TdmApplication - DEBUG - FrontendConnectionHandler(id=140639875721552, session='2017-10-20T17_59_32_0').on_event(Event(GUI.POPUP, {options: [], title: Ok chose a step.}, sender=IndependentGuiBackend, reason=None))
2017-10-20 18:00:23,784 - TdmApplication - DEBUG - FrontendConnectionHandler(id=140639875721552, session='2017-10-20T17_59_32_0'): writing {"content": {"options": [], "title": "Ok chose a step."}, "_sender": "IndependentGuiBackend", "_reason": null, "event_type": "GUI.POPUP"}
2017-10-20 18:00:23,784 - TdmApplication - DEBUG - FrontendConnectionHandler(id=140639875721552, session='2017-10-20T17_59_32_0'): OK
2017-10-20 18:00:23,785 - TdmApplication - DEBUG - FrontendConnectionHandler(id=140639875721552, session='2017-10-20T17_59_32_0').on_event(Event(MESSAGE_TO_GUI, [<tdm.tdm_gui_protocol.ClosePopup instance at 0x7fe944080248>, <tdm.tdm_gui_protocol.Popup instance at 0x7fe94402d908>], sender=GuiBackend, reason=None))
2017-10-20 18:00:23,785 - TdmApplication - DEBUG - FrontendConnectionHandler(id=140639875721552, session='2017-10-20T17_59_32_0'): writing {"content": [{"ClosePopup": {}}, {"Popup": {"elements": [], "title": "Ok chose a step."}}], "_sender": "GuiBackend", "_reason": null, "event_type": "MESSAGE_TO_GUI"}
2017-10-20 18:00:23,785 - TdmApplication - DEBUG - FrontendConnectionHandler(id=140639875721552, session='2017-10-20T17_59_32_0'): OK
2017-10-20 18:00:23,796 - TdmApplication - DEBUG - FrontendConnectionHandler(id=140639875721552, session='2017-10-20T17_59_32_0').on_message({"content": ["Ok chose a step."], "_sender": "TextOutputComponent", "_reason": null, "event_type": "SYSTEM_UTTERANCE_REALIZED"})
2017-10-20 18:00:23,822 - TdmApplication - DEBUG - FrontendConnectionHandler(id=140639875721552, session='2017-10-20T17_59_32_0').on_event(Event(FACTS, [{predicate: go_to_step, grammar_entry: None, value: chose a step}], sender=DmeModule, reason=None))
2017-10-20 18:00:23,822 - TdmApplication - DEBUG - FrontendConnectionHandler(id=140639875721552, session='2017-10-20T17_59_32_0'): writing {"content": [{"predicate": "go_to_step", "grammar_entry": null, "value": "chose a step"}], "_sender": "DmeModule", "_reason": null, "event_type": "FACTS"}
2017-10-20 18:00:23,822 - TdmApplication - DEBUG - FrontendConnectionHandler(id=140639875721552, session='2017-10-20T17_59_32_0'): OK
2017-10-20 18:00:23,899 - TdmApplication - DEBUG - FrontendConnectionHandler(id=140639875721552, session='2017-10-20T17_59_32_0').on_event(Event(SELECTED_RECOGNITION, tell me what to do, sender=DmeModule, reason=None))
2017-10-20 18:00:23,899 - TdmApplication - DEBUG - FrontendConnectionHandler(id=140639875721552, session='2017-10-20T17_59_32_0'): writing {"content": "tell me what to do", "_sender": "DmeModule", "_reason": null, "event_type": "SELECTED_RECOGNITION"}
2017-10-20 18:00:23,899 - TdmApplication - DEBUG - FrontendConnectionHandler(id=140639875721552, session='2017-10-20T17_59_32_0'): OK
2017-10-20 18:00:23,901 - TdmApplication - DEBUG - FrontendConnectionHandler(id=140639875721552, session='2017-10-20T17_59_32_0').on_event(Event(FACTS, [{predicate: go_to_step, grammar_entry: None, value: chose a step}, {predicate: say_step, grammar_entry: None, value: unknown step}], sender=DmeModule, reason=None))
2017-10-20 18:00:23,901 - TdmApplication - DEBUG - FrontendConnectionHandler(id=140639875721552, session='2017-10-20T17_59_32_0'): writing {"content": [{"predicate": "go_to_step", "grammar_entry": null, "value": "chose a step"}, {"predicate": "say_step", "grammar_entry": null, "value": "unknown step"}], "_sender": "DmeModule", "_reason": null, "event_type": "FACTS"}
2017-10-20 18:00:23,901 - TdmApplication - DEBUG - FrontendConnectionHandler(id=140639875721552, session='2017-10-20T17_59_32_0'): OK
2017-10-20 18:00:23,911 - TdmApplication - DEBUG - FrontendConnectionHandler(id=140639875721552, session='2017-10-20T17_59_32_0').on_event(Event(SYSTEM_UTTERANCE_TO_SPEAK, [Ok unknown step.], sender=GenerateModule, reason=None))
2017-10-20 18:00:23,911 - TdmApplication - DEBUG - FrontendConnectionHandler(id=140639875721552, session='2017-10-20T17_59_32_0'): writing {"content": ["Ok unknown step."], "_sender": "GenerateModule", "_reason": null, "event_type": "SYSTEM_UTTERANCE_TO_SPEAK"}
2017-10-20 18:00:23,911 - TdmApplication - DEBUG - FrontendConnectionHandler(id=140639875721552, session='2017-10-20T17_59_32_0'): OK
2017-10-20 18:00:23,912 - TdmApplication - DEBUG - FrontendConnectionHandler(id=140639875721552, session='2017-10-20T17_59_32_0').on_event(Event(GUI.POPUP, {options: [], title: Ok unknown step.}, sender=IndependentGuiBackend, reason=None))
2017-10-20 18:00:23,912 - TdmApplication - DEBUG - FrontendConnectionHandler(id=140639875721552, session='2017-10-20T17_59_32_0'): writing {"content": {"options": [], "title": "Ok unknown step."}, "_sender": "IndependentGuiBackend", "_reason": null, "event_type": "GUI.POPUP"}
2017-10-20 18:00:23,912 - TdmApplication - DEBUG - FrontendConnectionHandler(id=140639875721552, session='2017-10-20T17_59_32_0'): OK
2017-10-20 18:00:23,914 - TdmApplication - DEBUG - FrontendConnectionHandler(id=140639875721552, session='2017-10-20T17_59_32_0').on_event(Event(MESSAGE_TO_GUI, [<tdm.tdm_gui_protocol.ClosePopup instance at 0x7fe9440881b8>, <tdm.tdm_gui_protocol.Popup instance at 0x7fe944088a70>], sender=GuiBackend, reason=None))
2017-10-20 18:00:23,914 - TdmApplication - DEBUG - FrontendConnectionHandler(id=140639875721552, session='2017-10-20T17_59_32_0'): writing {"content": [{"ClosePopup": {}}, {"Popup": {"elements": [], "title": "Ok unknown step."}}], "_sender": "GuiBackend", "_reason": null, "event_type": "MESSAGE_TO_GUI"}
2017-10-20 18:00:23,914 - TdmApplication - DEBUG - FrontendConnectionHandler(id=140639875721552, session='2017-10-20T17_59_32_0'): OK
2017-10-20 18:00:23,935 - TdmApplication - DEBUG - FrontendConnectionHandler(id=140639875721552, session='2017-10-20T17_59_32_0').on_message({"content": ["Ok unknown step."], "_sender": "TextOutputComponent", "_reason": null, "event_type": "SYSTEM_UTTERANCE_REALIZED"})
2017-10-20 18:00:23,961 - TdmApplication - DEBUG - FrontendConnectionHandler(id=140639875721552, session='2017-10-20T17_59_32_0').on_event(Event(FACTS, [{predicate: go_to_step, grammar_entry: None, value: chose a step}, {predicate: say_step, grammar_entry: None, value: unknown step}], sender=DmeModule, reason=None))
2017-10-20 18:00:23,961 - TdmApplication - DEBUG - FrontendConnectionHandler(id=140639875721552, session='2017-10-20T17_59_32_0'): writing {"content": [{"predicate": "go_to_step", "grammar_entry": null, "value": "chose a step"}, {"predicate": "say_step", "grammar_entry": null, "value": "unknown step"}], "_sender": "DmeModule", "_reason": null, "event_type": "FACTS"}
2017-10-20 18:00:23,962 - TdmApplication - DEBUG - FrontendConnectionHandler(id=140639875721552, session='2017-10-20T17_59_32_0'): OK
2017-10-20 18:01:50,461 - TdmApplication - DEBUG - FrontendConnectionHandler(id=140639875721552, session='2017-10-20T17_59_32_0').on_close()
2017-10-20 18:01:50,461 - TdmApplication - DEBUG - SessionManager.stop('2017-10-20T17_59_32_0')
2017-10-20 18:01:50,464 - TdmApplication - DEBUG - TdmApplication.stop(): Stopping HTTP server
2017-10-20 18:01:50,464 - TdmApplication - DEBUG - TdmApplication.stop(): Stopping IO-loop
2017-10-20 18:01:50,465 - TdmApplication - DEBUG - TdmApplication.stop(): Stopping sessions []
2017-10-20 18:01:50,467 - TdmApplication - DEBUG - FrontendConnectionHandler(id=140639875721552, session='2017-10-20T17_59_32_0').on_event(Event(FACTS, [], sender=DmeModule, reason=None))
2017-10-20 18:01:50,467 - TdmApplication - DEBUG - FrontendConnectionHandler(id=140639875721552, session='2017-10-20T17_59_32_0'): writing {"content": [], "_sender": "DmeModule", "_reason": null, "event_type": "FACTS"}
2017-10-20 18:01:50,467 - TdmApplication - DEBUG - FrontendConnectionHandler(id=140639875721552, session='2017-10-20T17_59_32_0'): OK
