2017-10-24 11:45:36,261 - TdmApplication - DEBUG - DddDb().__init__(name='ddds', default_ddds=[u'recipehelp'])
2017-10-24 11:45:36,261 - TdmApplication - DEBUG - DddDb(): DB file name is '/home/gusmatssar/recipedialogue/tdm/ddds.json'
2017-10-24 11:45:36,272 - TdmApplication - DEBUG - FrontendConnectionHandler(id=140274872531280, session=None).open()
2017-10-24 11:45:36,274 - TdmApplication - DEBUG - thread_manager.create_thread() with threading.active_count()=3
2017-10-24 11:45:36,274 - TdmApplication - DEBUG - thread_manager.create_thread() with threading.active_count()=4
2017-10-24 11:45:36,275 - TdmApplication - DEBUG - FrontendConnectionHandler(id=140274872531280, session=None).on_message({"handshake_content": {"session_id": null, "keep_session_alive": false}, "name": "Frontend"})
2017-10-24 11:45:36,275 - TdmApplication - DEBUG - FrontendConnectionHandler(id=140274872531280, session=None)._register({"handshake_content": {"session_id": null, "keep_session_alive": false}, "name": "Frontend"})
2017-10-24 11:45:36,276 - TdmApplication - DEBUG - Creating backend and session with id 2017-10-24T11_45_36_0.
2017-10-24 11:45:36,310 - TdmApplication - DEBUG - FrontendConnectionHandler._register: Registered in session 2017-10-24T11_45_36_0 with backend <ThreadedBackend(ThreadedBackend, started daemon 140274630125312)>.
2017-10-24 11:45:36,311 - TdmApplication - DEBUG - FrontendConnectionHandler(id=140274872531280, session='2017-10-24T11_45_36_0').on_event(Event(REGISTER_BACKEND, None, sender=Backend, reason=None))
2017-10-24 11:45:36,312 - TdmApplication - DEBUG - FrontendConnectionHandler(id=140274872531280, session='2017-10-24T11_45_36_0'): writing {"content": null, "_sender": "Backend", "_reason": null, "event_type": "REGISTER_BACKEND"}
2017-10-24 11:45:36,312 - TdmApplication - DEBUG - FrontendConnectionHandler(id=140274872531280, session='2017-10-24T11_45_36_0'): OK
2017-10-24 11:45:36,343 - TdmApplication - DEBUG - FrontendConnectionHandler(id=140274872531280, session='2017-10-24T11_45_36_0').on_message({"content": null, "_sender": "Frontend", "_reason": null, "event_type": "FRONTEND_READY"})
2017-10-24 11:45:36,345 - TdmApplication - DEBUG - FrontendConnectionHandler(id=140274872531280, session='2017-10-24T11_45_36_0').on_event(Event(BACKEND_READY, None, sender=Backend, reason=None))
2017-10-24 11:45:36,345 - TdmApplication - DEBUG - FrontendConnectionHandler(id=140274872531280, session='2017-10-24T11_45_36_0'): writing {"content": null, "_sender": "Backend", "_reason": null, "event_type": "BACKEND_READY"}
2017-10-24 11:45:36,345 - TdmApplication - DEBUG - FrontendConnectionHandler(id=140274872531280, session='2017-10-24T11_45_36_0'): OK
2017-10-24 11:45:36,348 - TdmApplication - DEBUG - FrontendConnectionHandler(id=140274872531280, session='2017-10-24T11_45_36_0').on_message({"content": null, "_sender": "Frontend", "_reason": null, "event_type": "START"})
2017-10-24 11:45:36,384 - TdmApplication - DEBUG - FrontendConnectionHandler(id=140274872531280, session='2017-10-24T11_45_36_0').on_event(Event(SET_DDD, {ddd_name: recipehelp, language_code: eng}, sender=DmeModule, reason=None))
2017-10-24 11:45:36,384 - TdmApplication - DEBUG - FrontendConnectionHandler(id=140274872531280, session='2017-10-24T11_45_36_0'): writing {"content": {"ddd_name": "recipehelp", "language_code": "eng"}, "_sender": "DmeModule", "_reason": null, "event_type": "SET_DDD"}
2017-10-24 11:45:36,385 - TdmApplication - DEBUG - FrontendConnectionHandler(id=140274872531280, session='2017-10-24T11_45_36_0'): OK
2017-10-24 11:45:36,385 - TdmApplication - DEBUG - FrontendConnectionHandler(id=140274872531280, session='2017-10-24T11_45_36_0').on_event(Event(FACTS, [], sender=DmeModule, reason=None))
2017-10-24 11:45:36,386 - TdmApplication - DEBUG - FrontendConnectionHandler(id=140274872531280, session='2017-10-24T11_45_36_0'): writing {"content": [], "_sender": "DmeModule", "_reason": null, "event_type": "FACTS"}
2017-10-24 11:45:36,386 - TdmApplication - DEBUG - FrontendConnectionHandler(id=140274872531280, session='2017-10-24T11_45_36_0'): OK
2017-10-24 11:45:36,395 - TdmApplication - DEBUG - FrontendConnectionHandler(id=140274872531280, session='2017-10-24T11_45_36_0').on_event(Event(SYSTEM_UTTERANCE_TO_SPEAK, [, What would you like to do?], sender=GenerateModule, reason=None))
2017-10-24 11:45:36,395 - TdmApplication - DEBUG - FrontendConnectionHandler(id=140274872531280, session='2017-10-24T11_45_36_0'): writing {"content": ["", "What would you like to do?"], "_sender": "GenerateModule", "_reason": null, "event_type": "SYSTEM_UTTERANCE_TO_SPEAK"}
2017-10-24 11:45:36,395 - TdmApplication - DEBUG - FrontendConnectionHandler(id=140274872531280, session='2017-10-24T11_45_36_0'): OK
2017-10-24 11:45:36,396 - TdmApplication - DEBUG - FrontendConnectionHandler(id=140274872531280, session='2017-10-24T11_45_36_0').on_event(Event(MESSAGE_TO_GUI, [], sender=GuiBackend, reason=None))
2017-10-24 11:45:36,396 - TdmApplication - DEBUG - FrontendConnectionHandler(id=140274872531280, session='2017-10-24T11_45_36_0'): writing {"content": [], "_sender": "GuiBackend", "_reason": null, "event_type": "MESSAGE_TO_GUI"}
2017-10-24 11:45:36,396 - TdmApplication - DEBUG - FrontendConnectionHandler(id=140274872531280, session='2017-10-24T11_45_36_0'): OK
2017-10-24 11:45:36,435 - TdmApplication - DEBUG - FrontendConnectionHandler(id=140274872531280, session='2017-10-24T11_45_36_0').on_message({"content": ["", "What would you like to do?"], "_sender": "TextOutputComponent", "_reason": null, "event_type": "SYSTEM_UTTERANCE_REALIZED"})
2017-10-24 11:45:36,457 - TdmApplication - DEBUG - FrontendConnectionHandler(id=140274872531280, session='2017-10-24T11_45_36_0').on_event(Event(FACTS, [], sender=DmeModule, reason=None))
2017-10-24 11:45:36,457 - TdmApplication - DEBUG - FrontendConnectionHandler(id=140274872531280, session='2017-10-24T11_45_36_0'): writing {"content": [], "_sender": "DmeModule", "_reason": null, "event_type": "FACTS"}
2017-10-24 11:45:36,457 - TdmApplication - DEBUG - FrontendConnectionHandler(id=140274872531280, session='2017-10-24T11_45_36_0'): OK
2017-10-24 11:45:40,658 - TdmApplication - DEBUG - FrontendConnectionHandler(id=140274872531280, session='2017-10-24T11_45_36_0').on_message({"content": [{"score": 1.0, "utterance": "go to a step"}], "_sender": "TextInputComponent", "_reason": null, "event_type": "RECOGNITION"})
2017-10-24 11:45:40,666 - TdmApplication - DEBUG - FrontendConnectionHandler(id=140274872531280, session='2017-10-24T11_45_36_0').on_event(Event(STOP_LISTENING, None, sender=TurnManager, reason=None))
2017-10-24 11:45:40,666 - TdmApplication - DEBUG - FrontendConnectionHandler(id=140274872531280, session='2017-10-24T11_45_36_0'): writing {"content": null, "_sender": "TurnManager", "_reason": null, "event_type": "STOP_LISTENING"}
2017-10-24 11:45:40,666 - TdmApplication - DEBUG - FrontendConnectionHandler(id=140274872531280, session='2017-10-24T11_45_36_0'): OK
2017-10-24 11:45:40,739 - TdmApplication - DEBUG - FrontendConnectionHandler(id=140274872531280, session='2017-10-24T11_45_36_0').on_event(Event(SELECTED_RECOGNITION, go to a step, sender=DmeModule, reason=None))
2017-10-24 11:45:40,739 - TdmApplication - DEBUG - FrontendConnectionHandler(id=140274872531280, session='2017-10-24T11_45_36_0'): writing {"content": "go to a step", "_sender": "DmeModule", "_reason": null, "event_type": "SELECTED_RECOGNITION"}
2017-10-24 11:45:40,740 - TdmApplication - DEBUG - FrontendConnectionHandler(id=140274872531280, session='2017-10-24T11_45_36_0'): OK
2017-10-24 11:45:40,741 - TdmApplication - DEBUG - FrontendConnectionHandler(id=140274872531280, session='2017-10-24T11_45_36_0').on_event(Event(FACTS, [], sender=DmeModule, reason=None))
2017-10-24 11:45:40,741 - TdmApplication - DEBUG - FrontendConnectionHandler(id=140274872531280, session='2017-10-24T11_45_36_0'): writing {"content": [], "_sender": "DmeModule", "_reason": null, "event_type": "FACTS"}
2017-10-24 11:45:40,741 - TdmApplication - DEBUG - FrontendConnectionHandler(id=140274872531280, session='2017-10-24T11_45_36_0'): OK
2017-10-24 11:45:40,753 - TdmApplication - DEBUG - FrontendConnectionHandler(id=140274872531280, session='2017-10-24T11_45_36_0').on_event(Event(SYSTEM_UTTERANCE_TO_SPEAK, [, , Which step?], sender=GenerateModule, reason=None))
2017-10-24 11:45:40,753 - TdmApplication - DEBUG - FrontendConnectionHandler(id=140274872531280, session='2017-10-24T11_45_36_0'): writing {"content": ["", "", "Which step?"], "_sender": "GenerateModule", "_reason": null, "event_type": "SYSTEM_UTTERANCE_TO_SPEAK"}
2017-10-24 11:45:40,753 - TdmApplication - DEBUG - FrontendConnectionHandler(id=140274872531280, session='2017-10-24T11_45_36_0'): OK
2017-10-24 11:45:40,754 - TdmApplication - DEBUG - FrontendConnectionHandler(id=140274872531280, session='2017-10-24T11_45_36_0').on_event(Event(MESSAGE_TO_GUI, [], sender=GuiBackend, reason=None))
2017-10-24 11:45:40,754 - TdmApplication - DEBUG - FrontendConnectionHandler(id=140274872531280, session='2017-10-24T11_45_36_0'): writing {"content": [], "_sender": "GuiBackend", "_reason": null, "event_type": "MESSAGE_TO_GUI"}
2017-10-24 11:45:40,754 - TdmApplication - DEBUG - FrontendConnectionHandler(id=140274872531280, session='2017-10-24T11_45_36_0'): OK
2017-10-24 11:45:40,775 - TdmApplication - DEBUG - FrontendConnectionHandler(id=140274872531280, session='2017-10-24T11_45_36_0').on_message({"content": ["", "", "Which step?"], "_sender": "TextOutputComponent", "_reason": null, "event_type": "SYSTEM_UTTERANCE_REALIZED"})
2017-10-24 11:45:40,809 - TdmApplication - DEBUG - FrontendConnectionHandler(id=140274872531280, session='2017-10-24T11_45_36_0').on_event(Event(FACTS, [], sender=DmeModule, reason=None))
2017-10-24 11:45:40,809 - TdmApplication - DEBUG - FrontendConnectionHandler(id=140274872531280, session='2017-10-24T11_45_36_0'): writing {"content": [], "_sender": "DmeModule", "_reason": null, "event_type": "FACTS"}
2017-10-24 11:45:40,809 - TdmApplication - DEBUG - FrontendConnectionHandler(id=140274872531280, session='2017-10-24T11_45_36_0'): OK
2017-10-24 11:45:42,701 - TdmApplication - DEBUG - FrontendConnectionHandler(id=140274872531280, session='2017-10-24T11_45_36_0').on_message({"content": [{"score": 1.0, "utterance": "back"}], "_sender": "TextInputComponent", "_reason": null, "event_type": "RECOGNITION"})
2017-10-24 11:45:42,705 - TdmApplication - DEBUG - FrontendConnectionHandler(id=140274872531280, session='2017-10-24T11_45_36_0').on_event(Event(STOP_LISTENING, None, sender=TurnManager, reason=None))
2017-10-24 11:45:42,705 - TdmApplication - DEBUG - FrontendConnectionHandler(id=140274872531280, session='2017-10-24T11_45_36_0'): writing {"content": null, "_sender": "TurnManager", "_reason": null, "event_type": "STOP_LISTENING"}
2017-10-24 11:45:42,706 - TdmApplication - DEBUG - FrontendConnectionHandler(id=140274872531280, session='2017-10-24T11_45_36_0'): OK
2017-10-24 11:45:42,761 - TdmApplication - DEBUG - FrontendConnectionHandler(id=140274872531280, session='2017-10-24T11_45_36_0').on_event(Event(SELECTED_RECOGNITION, back, sender=DmeModule, reason=None))
2017-10-24 11:45:42,762 - TdmApplication - DEBUG - FrontendConnectionHandler(id=140274872531280, session='2017-10-24T11_45_36_0'): writing {"content": "back", "_sender": "DmeModule", "_reason": null, "event_type": "SELECTED_RECOGNITION"}
2017-10-24 11:45:42,762 - TdmApplication - DEBUG - FrontendConnectionHandler(id=140274872531280, session='2017-10-24T11_45_36_0'): OK
2017-10-24 11:45:42,762 - TdmApplication - DEBUG - FrontendConnectionHandler(id=140274872531280, session='2017-10-24T11_45_36_0').on_event(Event(FACTS, [], sender=DmeModule, reason=None))
2017-10-24 11:45:42,763 - TdmApplication - DEBUG - FrontendConnectionHandler(id=140274872531280, session='2017-10-24T11_45_36_0'): writing {"content": [], "_sender": "DmeModule", "_reason": null, "event_type": "FACTS"}
2017-10-24 11:45:42,763 - TdmApplication - DEBUG - FrontendConnectionHandler(id=140274872531280, session='2017-10-24T11_45_36_0'): OK
2017-10-24 11:45:42,769 - TdmApplication - DEBUG - FrontendConnectionHandler(id=140274872531280, session='2017-10-24T11_45_36_0').on_event(Event(SYSTEM_UTTERANCE_TO_SPEAK, [], sender=GenerateModule, reason=None))
2017-10-24 11:45:42,769 - TdmApplication - DEBUG - FrontendConnectionHandler(id=140274872531280, session='2017-10-24T11_45_36_0'): writing {"content": [""], "_sender": "GenerateModule", "_reason": null, "event_type": "SYSTEM_UTTERANCE_TO_SPEAK"}
2017-10-24 11:45:42,769 - TdmApplication - DEBUG - FrontendConnectionHandler(id=140274872531280, session='2017-10-24T11_45_36_0'): OK
2017-10-24 11:45:42,770 - TdmApplication - DEBUG - FrontendConnectionHandler(id=140274872531280, session='2017-10-24T11_45_36_0').on_event(Event(MESSAGE_TO_GUI, [], sender=GuiBackend, reason=None))
2017-10-24 11:45:42,770 - TdmApplication - DEBUG - FrontendConnectionHandler(id=140274872531280, session='2017-10-24T11_45_36_0'): writing {"content": [], "_sender": "GuiBackend", "_reason": null, "event_type": "MESSAGE_TO_GUI"}
2017-10-24 11:45:42,770 - TdmApplication - DEBUG - FrontendConnectionHandler(id=140274872531280, session='2017-10-24T11_45_36_0'): OK
2017-10-24 11:45:42,780 - TdmApplication - DEBUG - FrontendConnectionHandler(id=140274872531280, session='2017-10-24T11_45_36_0').on_message({"content": [""], "_sender": "TextOutputComponent", "_reason": null, "event_type": "SYSTEM_UTTERANCE_REALIZED"})
2017-10-24 11:45:42,825 - TdmApplication - DEBUG - FrontendConnectionHandler(id=140274872531280, session='2017-10-24T11_45_36_0').on_event(Event(FACTS, [], sender=DmeModule, reason=None))
2017-10-24 11:45:42,825 - TdmApplication - DEBUG - FrontendConnectionHandler(id=140274872531280, session='2017-10-24T11_45_36_0'): writing {"content": [], "_sender": "DmeModule", "_reason": null, "event_type": "FACTS"}
2017-10-24 11:45:42,825 - TdmApplication - DEBUG - FrontendConnectionHandler(id=140274872531280, session='2017-10-24T11_45_36_0'): OK
2017-10-24 11:45:42,834 - TdmApplication - DEBUG - FrontendConnectionHandler(id=140274872531280, session='2017-10-24T11_45_36_0').on_event(Event(SYSTEM_UTTERANCE_TO_SPEAK, [Returning to the start view., What would you like to do?], sender=GenerateModule, reason=None))
2017-10-24 11:45:42,835 - TdmApplication - DEBUG - FrontendConnectionHandler(id=140274872531280, session='2017-10-24T11_45_36_0'): writing {"content": ["Returning to the start view.", "What would you like to do?"], "_sender": "GenerateModule", "_reason": null, "event_type": "SYSTEM_UTTERANCE_TO_SPEAK"}
2017-10-24 11:45:42,835 - TdmApplication - DEBUG - FrontendConnectionHandler(id=140274872531280, session='2017-10-24T11_45_36_0'): OK
2017-10-24 11:45:42,836 - TdmApplication - DEBUG - FrontendConnectionHandler(id=140274872531280, session='2017-10-24T11_45_36_0').on_event(Event(MESSAGE_TO_GUI, [], sender=GuiBackend, reason=None))
2017-10-24 11:45:42,836 - TdmApplication - DEBUG - FrontendConnectionHandler(id=140274872531280, session='2017-10-24T11_45_36_0'): writing {"content": [], "_sender": "GuiBackend", "_reason": null, "event_type": "MESSAGE_TO_GUI"}
2017-10-24 11:45:42,836 - TdmApplication - DEBUG - FrontendConnectionHandler(id=140274872531280, session='2017-10-24T11_45_36_0'): OK
2017-10-24 11:45:42,874 - TdmApplication - DEBUG - FrontendConnectionHandler(id=140274872531280, session='2017-10-24T11_45_36_0').on_message({"content": ["Returning to the start view.", "What would you like to do?"], "_sender": "TextOutputComponent", "_reason": null, "event_type": "SYSTEM_UTTERANCE_REALIZED"})
2017-10-24 11:45:42,901 - TdmApplication - DEBUG - FrontendConnectionHandler(id=140274872531280, session='2017-10-24T11_45_36_0').on_event(Event(FACTS, [], sender=DmeModule, reason=None))
2017-10-24 11:45:42,901 - TdmApplication - DEBUG - FrontendConnectionHandler(id=140274872531280, session='2017-10-24T11_45_36_0'): writing {"content": [], "_sender": "DmeModule", "_reason": null, "event_type": "FACTS"}
2017-10-24 11:45:42,901 - TdmApplication - DEBUG - FrontendConnectionHandler(id=140274872531280, session='2017-10-24T11_45_36_0'): OK
2017-10-24 12:10:36,466 - TdmApplication - DEBUG - FrontendConnectionHandler(id=140274872531280, session='2017-10-24T11_45_36_0').on_close()
2017-10-24 12:10:36,467 - TdmApplication - DEBUG - SessionManager.stop('2017-10-24T11_45_36_0')
2017-10-24 12:10:36,469 - TdmApplication - DEBUG - TdmApplication.stop(): Stopping HTTP server
2017-10-24 12:10:36,470 - TdmApplication - DEBUG - TdmApplication.stop(): Stopping IO-loop
2017-10-24 12:10:36,470 - TdmApplication - DEBUG - TdmApplication.stop(): Stopping sessions []
