2017-10-20 17:48:43,171 - TdmApplication - DEBUG - DddDb().__init__(name='ddds', default_ddds=[u'recipehelp'])
2017-10-20 17:48:43,171 - TdmApplication - DEBUG - DddDb(): DB file name is '/home/gusmatssar/recipedialogue/tdm/ddds.json'
2017-10-20 17:48:43,181 - TdmApplication - DEBUG - FrontendConnectionHandler(id=140183203400016, session=None).open()
2017-10-20 17:48:43,183 - TdmApplication - DEBUG - thread_manager.create_thread() with threading.active_count()=3
2017-10-20 17:48:43,184 - TdmApplication - DEBUG - thread_manager.create_thread() with threading.active_count()=4
2017-10-20 17:48:43,184 - TdmApplication - DEBUG - FrontendConnectionHandler(id=140183203400016, session=None).on_message({"handshake_content": {"session_id": null, "keep_session_alive": false}, "name": "Frontend"})
2017-10-20 17:48:43,184 - TdmApplication - DEBUG - FrontendConnectionHandler(id=140183203400016, session=None)._register({"handshake_content": {"session_id": null, "keep_session_alive": false}, "name": "Frontend"})
2017-10-20 17:48:43,185 - TdmApplication - DEBUG - Creating backend and session with id 2017-10-20T17_48_43_0.
2017-10-20 17:48:43,221 - TdmApplication - DEBUG - FrontendConnectionHandler._register: Registered in session 2017-10-20T17_48_43_0 with backend <ThreadedBackend(ThreadedBackend, started daemon 140182959417088)>.
2017-10-20 17:48:43,222 - TdmApplication - DEBUG - FrontendConnectionHandler(id=140183203400016, session='2017-10-20T17_48_43_0').on_event(Event(REGISTER_BACKEND, None, sender=Backend, reason=None))
2017-10-20 17:48:43,222 - TdmApplication - DEBUG - FrontendConnectionHandler(id=140183203400016, session='2017-10-20T17_48_43_0'): writing {"content": null, "_sender": "Backend", "_reason": null, "event_type": "REGISTER_BACKEND"}
2017-10-20 17:48:43,222 - TdmApplication - DEBUG - FrontendConnectionHandler(id=140183203400016, session='2017-10-20T17_48_43_0'): OK
2017-10-20 17:48:43,251 - TdmApplication - DEBUG - FrontendConnectionHandler(id=140183203400016, session='2017-10-20T17_48_43_0').on_message({"content": null, "_sender": "Frontend", "_reason": null, "event_type": "FRONTEND_READY"})
2017-10-20 17:48:43,254 - TdmApplication - DEBUG - FrontendConnectionHandler(id=140183203400016, session='2017-10-20T17_48_43_0').on_event(Event(BACKEND_READY, None, sender=Backend, reason=None))
2017-10-20 17:48:43,254 - TdmApplication - DEBUG - FrontendConnectionHandler(id=140183203400016, session='2017-10-20T17_48_43_0'): writing {"content": null, "_sender": "Backend", "_reason": null, "event_type": "BACKEND_READY"}
2017-10-20 17:48:43,255 - TdmApplication - DEBUG - FrontendConnectionHandler(id=140183203400016, session='2017-10-20T17_48_43_0'): OK
2017-10-20 17:48:43,258 - TdmApplication - DEBUG - FrontendConnectionHandler(id=140183203400016, session='2017-10-20T17_48_43_0').on_message({"content": null, "_sender": "Frontend", "_reason": null, "event_type": "START"})
2017-10-20 17:48:43,293 - TdmApplication - DEBUG - FrontendConnectionHandler(id=140183203400016, session='2017-10-20T17_48_43_0').on_event(Event(SET_DDD, {ddd_name: recipehelp, language_code: eng}, sender=DmeModule, reason=None))
2017-10-20 17:48:43,293 - TdmApplication - DEBUG - FrontendConnectionHandler(id=140183203400016, session='2017-10-20T17_48_43_0'): writing {"content": {"ddd_name": "recipehelp", "language_code": "eng"}, "_sender": "DmeModule", "_reason": null, "event_type": "SET_DDD"}
2017-10-20 17:48:43,293 - TdmApplication - DEBUG - FrontendConnectionHandler(id=140183203400016, session='2017-10-20T17_48_43_0'): OK
2017-10-20 17:48:43,294 - TdmApplication - DEBUG - FrontendConnectionHandler(id=140183203400016, session='2017-10-20T17_48_43_0').on_event(Event(FACTS, [], sender=DmeModule, reason=None))
2017-10-20 17:48:43,294 - TdmApplication - DEBUG - FrontendConnectionHandler(id=140183203400016, session='2017-10-20T17_48_43_0'): writing {"content": [], "_sender": "DmeModule", "_reason": null, "event_type": "FACTS"}
2017-10-20 17:48:43,295 - TdmApplication - DEBUG - FrontendConnectionHandler(id=140183203400016, session='2017-10-20T17_48_43_0'): OK
2017-10-20 17:48:43,303 - TdmApplication - DEBUG - FrontendConnectionHandler(id=140183203400016, session='2017-10-20T17_48_43_0').on_event(Event(SYSTEM_UTTERANCE_TO_SPEAK, [, What would you like to do?], sender=GenerateModule, reason=None))
2017-10-20 17:48:43,303 - TdmApplication - DEBUG - FrontendConnectionHandler(id=140183203400016, session='2017-10-20T17_48_43_0'): writing {"content": ["", "What would you like to do?"], "_sender": "GenerateModule", "_reason": null, "event_type": "SYSTEM_UTTERANCE_TO_SPEAK"}
2017-10-20 17:48:43,303 - TdmApplication - DEBUG - FrontendConnectionHandler(id=140183203400016, session='2017-10-20T17_48_43_0'): OK
2017-10-20 17:48:43,303 - TdmApplication - DEBUG - FrontendConnectionHandler(id=140183203400016, session='2017-10-20T17_48_43_0').on_event(Event(MESSAGE_TO_GUI, [], sender=GuiBackend, reason=None))
2017-10-20 17:48:43,304 - TdmApplication - DEBUG - FrontendConnectionHandler(id=140183203400016, session='2017-10-20T17_48_43_0'): writing {"content": [], "_sender": "GuiBackend", "_reason": null, "event_type": "MESSAGE_TO_GUI"}
2017-10-20 17:48:43,304 - TdmApplication - DEBUG - FrontendConnectionHandler(id=140183203400016, session='2017-10-20T17_48_43_0'): OK
2017-10-20 17:48:43,344 - TdmApplication - DEBUG - FrontendConnectionHandler(id=140183203400016, session='2017-10-20T17_48_43_0').on_message({"content": ["", "What would you like to do?"], "_sender": "TextOutputComponent", "_reason": null, "event_type": "SYSTEM_UTTERANCE_REALIZED"})
2017-10-20 17:48:43,365 - TdmApplication - DEBUG - FrontendConnectionHandler(id=140183203400016, session='2017-10-20T17_48_43_0').on_event(Event(FACTS, [], sender=DmeModule, reason=None))
2017-10-20 17:48:43,365 - TdmApplication - DEBUG - FrontendConnectionHandler(id=140183203400016, session='2017-10-20T17_48_43_0'): writing {"content": [], "_sender": "DmeModule", "_reason": null, "event_type": "FACTS"}
2017-10-20 17:48:43,366 - TdmApplication - DEBUG - FrontendConnectionHandler(id=140183203400016, session='2017-10-20T17_48_43_0'): OK
2017-10-20 17:48:47,058 - TdmApplication - DEBUG - FrontendConnectionHandler(id=140183203400016, session='2017-10-20T17_48_43_0').on_message({"content": [{"score": 1.0, "utterance": "tell me what to do"}], "_sender": "TextInputComponent", "_reason": null, "event_type": "RECOGNITION"})
2017-10-20 17:48:47,066 - TdmApplication - DEBUG - FrontendConnectionHandler(id=140183203400016, session='2017-10-20T17_48_43_0').on_event(Event(STOP_LISTENING, None, sender=TurnManager, reason=None))
2017-10-20 17:48:47,066 - TdmApplication - DEBUG - FrontendConnectionHandler(id=140183203400016, session='2017-10-20T17_48_43_0'): writing {"content": null, "_sender": "TurnManager", "_reason": null, "event_type": "STOP_LISTENING"}
2017-10-20 17:48:47,066 - TdmApplication - DEBUG - FrontendConnectionHandler(id=140183203400016, session='2017-10-20T17_48_43_0'): OK
2017-10-20 17:53:15,594 - TdmApplication - DEBUG - FrontendConnectionHandler(id=140183203400016, session='2017-10-20T17_48_43_0').on_close()
2017-10-20 17:53:15,594 - TdmApplication - DEBUG - SessionManager.stop('2017-10-20T17_48_43_0')
2017-10-20 17:53:15,597 - TdmApplication - DEBUG - TdmApplication.stop(): Stopping HTTP server
2017-10-20 17:53:15,597 - TdmApplication - DEBUG - TdmApplication.stop(): Stopping IO-loop
2017-10-20 17:53:15,598 - TdmApplication - DEBUG - TdmApplication.stop(): Stopping sessions []
