2017-10-24 16:25:12,136 - TdmApplication - DEBUG - DddDb().__init__(name='ddds', default_ddds=[u'recipehelp'])
2017-10-24 16:25:12,136 - TdmApplication - DEBUG - DddDb(): DB file name is '/home/gusmatssar/recipedialogue/tdm/ddds.json'
2017-10-24 16:25:12,146 - TdmApplication - DEBUG - FrontendConnectionHandler(id=140014299171152, session=None).open()
2017-10-24 16:25:12,148 - TdmApplication - DEBUG - thread_manager.create_thread() with threading.active_count()=3
2017-10-24 16:25:12,149 - TdmApplication - DEBUG - FrontendConnectionHandler(id=140014299171152, session=None).on_message({"handshake_content": {"session_id": null, "keep_session_alive": false}, "name": "Frontend"})
2017-10-24 16:25:12,149 - TdmApplication - DEBUG - FrontendConnectionHandler(id=140014299171152, session=None)._register({"handshake_content": {"session_id": null, "keep_session_alive": false}, "name": "Frontend"})
2017-10-24 16:25:12,149 - TdmApplication - DEBUG - thread_manager.create_thread() with threading.active_count()=4
2017-10-24 16:25:12,151 - TdmApplication - DEBUG - Creating backend and session with id 2017-10-24T16_25_12_0.
2017-10-24 16:25:12,187 - TdmApplication - DEBUG - FrontendConnectionHandler._register: Registered in session 2017-10-24T16_25_12_0 with backend <ThreadedBackend(ThreadedBackend, started daemon 140014054799104)>.
2017-10-24 16:25:12,188 - TdmApplication - DEBUG - FrontendConnectionHandler(id=140014299171152, session='2017-10-24T16_25_12_0').on_event(Event(REGISTER_BACKEND, None, sender=Backend, reason=None))
2017-10-24 16:25:12,189 - TdmApplication - DEBUG - FrontendConnectionHandler(id=140014299171152, session='2017-10-24T16_25_12_0'): writing {"content": null, "_sender": "Backend", "_reason": null, "event_type": "REGISTER_BACKEND"}
2017-10-24 16:25:12,189 - TdmApplication - DEBUG - FrontendConnectionHandler(id=140014299171152, session='2017-10-24T16_25_12_0'): OK
2017-10-24 16:25:12,218 - TdmApplication - DEBUG - FrontendConnectionHandler(id=140014299171152, session='2017-10-24T16_25_12_0').on_message({"content": null, "_sender": "Frontend", "_reason": null, "event_type": "FRONTEND_READY"})
2017-10-24 16:25:12,221 - TdmApplication - DEBUG - FrontendConnectionHandler(id=140014299171152, session='2017-10-24T16_25_12_0').on_event(Event(BACKEND_READY, None, sender=Backend, reason=None))
2017-10-24 16:25:12,221 - TdmApplication - DEBUG - FrontendConnectionHandler(id=140014299171152, session='2017-10-24T16_25_12_0'): writing {"content": null, "_sender": "Backend", "_reason": null, "event_type": "BACKEND_READY"}
2017-10-24 16:25:12,221 - TdmApplication - DEBUG - FrontendConnectionHandler(id=140014299171152, session='2017-10-24T16_25_12_0'): OK
2017-10-24 16:25:12,227 - TdmApplication - DEBUG - FrontendConnectionHandler(id=140014299171152, session='2017-10-24T16_25_12_0').on_message({"content": null, "_sender": "Frontend", "_reason": null, "event_type": "START"})
2017-10-24 16:25:12,262 - TdmApplication - DEBUG - FrontendConnectionHandler(id=140014299171152, session='2017-10-24T16_25_12_0').on_event(Event(SET_DDD, {ddd_name: recipehelp, language_code: eng}, sender=DmeModule, reason=None))
2017-10-24 16:25:12,262 - TdmApplication - DEBUG - FrontendConnectionHandler(id=140014299171152, session='2017-10-24T16_25_12_0'): writing {"content": {"ddd_name": "recipehelp", "language_code": "eng"}, "_sender": "DmeModule", "_reason": null, "event_type": "SET_DDD"}
2017-10-24 16:25:12,262 - TdmApplication - DEBUG - FrontendConnectionHandler(id=140014299171152, session='2017-10-24T16_25_12_0'): OK
2017-10-24 16:25:12,263 - TdmApplication - DEBUG - FrontendConnectionHandler(id=140014299171152, session='2017-10-24T16_25_12_0').on_event(Event(FACTS, [], sender=DmeModule, reason=None))
2017-10-24 16:25:12,263 - TdmApplication - DEBUG - FrontendConnectionHandler(id=140014299171152, session='2017-10-24T16_25_12_0'): writing {"content": [], "_sender": "DmeModule", "_reason": null, "event_type": "FACTS"}
2017-10-24 16:25:12,263 - TdmApplication - DEBUG - FrontendConnectionHandler(id=140014299171152, session='2017-10-24T16_25_12_0'): OK
2017-10-24 16:25:12,273 - TdmApplication - DEBUG - FrontendConnectionHandler(id=140014299171152, session='2017-10-24T16_25_12_0').on_event(Event(SYSTEM_UTTERANCE_TO_SPEAK, [, What would you like to do?], sender=GenerateModule, reason=None))
2017-10-24 16:25:12,273 - TdmApplication - DEBUG - FrontendConnectionHandler(id=140014299171152, session='2017-10-24T16_25_12_0'): writing {"content": ["", "What would you like to do?"], "_sender": "GenerateModule", "_reason": null, "event_type": "SYSTEM_UTTERANCE_TO_SPEAK"}
2017-10-24 16:25:12,274 - TdmApplication - DEBUG - FrontendConnectionHandler(id=140014299171152, session='2017-10-24T16_25_12_0'): OK
2017-10-24 16:25:12,274 - TdmApplication - DEBUG - FrontendConnectionHandler(id=140014299171152, session='2017-10-24T16_25_12_0').on_event(Event(MESSAGE_TO_GUI, [], sender=GuiBackend, reason=None))
2017-10-24 16:25:12,275 - TdmApplication - DEBUG - FrontendConnectionHandler(id=140014299171152, session='2017-10-24T16_25_12_0'): writing {"content": [], "_sender": "GuiBackend", "_reason": null, "event_type": "MESSAGE_TO_GUI"}
2017-10-24 16:25:12,275 - TdmApplication - DEBUG - FrontendConnectionHandler(id=140014299171152, session='2017-10-24T16_25_12_0'): OK
2017-10-24 16:25:12,335 - TdmApplication - DEBUG - FrontendConnectionHandler(id=140014299171152, session='2017-10-24T16_25_12_0').on_message({"content": ["", "What would you like to do?"], "_sender": "TextOutputComponent", "_reason": null, "event_type": "SYSTEM_UTTERANCE_REALIZED"})
2017-10-24 16:25:12,356 - TdmApplication - DEBUG - FrontendConnectionHandler(id=140014299171152, session='2017-10-24T16_25_12_0').on_event(Event(FACTS, [], sender=DmeModule, reason=None))
2017-10-24 16:25:12,356 - TdmApplication - DEBUG - FrontendConnectionHandler(id=140014299171152, session='2017-10-24T16_25_12_0'): writing {"content": [], "_sender": "DmeModule", "_reason": null, "event_type": "FACTS"}
2017-10-24 16:25:12,356 - TdmApplication - DEBUG - FrontendConnectionHandler(id=140014299171152, session='2017-10-24T16_25_12_0'): OK
2017-10-24 16:25:21,321 - TdmApplication - DEBUG - FrontendConnectionHandler(id=140014299171152, session='2017-10-24T16_25_12_0').on_message({"content": [{"score": 1.0, "utterance": "go to a step"}], "_sender": "TextInputComponent", "_reason": null, "event_type": "RECOGNITION"})
2017-10-24 16:25:21,330 - TdmApplication - DEBUG - FrontendConnectionHandler(id=140014299171152, session='2017-10-24T16_25_12_0').on_event(Event(STOP_LISTENING, None, sender=TurnManager, reason=None))
2017-10-24 16:25:21,330 - TdmApplication - DEBUG - FrontendConnectionHandler(id=140014299171152, session='2017-10-24T16_25_12_0'): writing {"content": null, "_sender": "TurnManager", "_reason": null, "event_type": "STOP_LISTENING"}
2017-10-24 16:25:21,330 - TdmApplication - DEBUG - FrontendConnectionHandler(id=140014299171152, session='2017-10-24T16_25_12_0'): OK
2017-10-24 16:25:21,404 - TdmApplication - DEBUG - FrontendConnectionHandler(id=140014299171152, session='2017-10-24T16_25_12_0').on_event(Event(SELECTED_RECOGNITION, go to a step, sender=DmeModule, reason=None))
2017-10-24 16:25:21,404 - TdmApplication - DEBUG - FrontendConnectionHandler(id=140014299171152, session='2017-10-24T16_25_12_0'): writing {"content": "go to a step", "_sender": "DmeModule", "_reason": null, "event_type": "SELECTED_RECOGNITION"}
2017-10-24 16:25:21,404 - TdmApplication - DEBUG - FrontendConnectionHandler(id=140014299171152, session='2017-10-24T16_25_12_0'): OK
2017-10-24 16:25:21,405 - TdmApplication - DEBUG - FrontendConnectionHandler(id=140014299171152, session='2017-10-24T16_25_12_0').on_event(Event(FACTS, [], sender=DmeModule, reason=None))
2017-10-24 16:25:21,405 - TdmApplication - DEBUG - FrontendConnectionHandler(id=140014299171152, session='2017-10-24T16_25_12_0'): writing {"content": [], "_sender": "DmeModule", "_reason": null, "event_type": "FACTS"}
2017-10-24 16:25:21,405 - TdmApplication - DEBUG - FrontendConnectionHandler(id=140014299171152, session='2017-10-24T16_25_12_0'): OK
2017-10-24 16:25:21,418 - TdmApplication - DEBUG - FrontendConnectionHandler(id=140014299171152, session='2017-10-24T16_25_12_0').on_event(Event(SYSTEM_UTTERANCE_TO_SPEAK, [, , Which step?], sender=GenerateModule, reason=None))
2017-10-24 16:25:21,420 - TdmApplication - DEBUG - FrontendConnectionHandler(id=140014299171152, session='2017-10-24T16_25_12_0'): writing {"content": ["", "", "Which step?"], "_sender": "GenerateModule", "_reason": null, "event_type": "SYSTEM_UTTERANCE_TO_SPEAK"}
2017-10-24 16:25:21,421 - TdmApplication - DEBUG - FrontendConnectionHandler(id=140014299171152, session='2017-10-24T16_25_12_0'): OK
2017-10-24 16:25:21,423 - TdmApplication - DEBUG - FrontendConnectionHandler(id=140014299171152, session='2017-10-24T16_25_12_0').on_event(Event(MESSAGE_TO_GUI, [], sender=GuiBackend, reason=None))
2017-10-24 16:25:21,423 - TdmApplication - DEBUG - FrontendConnectionHandler(id=140014299171152, session='2017-10-24T16_25_12_0'): writing {"content": [], "_sender": "GuiBackend", "_reason": null, "event_type": "MESSAGE_TO_GUI"}
2017-10-24 16:25:21,424 - TdmApplication - DEBUG - FrontendConnectionHandler(id=140014299171152, session='2017-10-24T16_25_12_0'): OK
2017-10-24 16:25:21,426 - TdmApplication - DEBUG - FrontendConnectionHandler(id=140014299171152, session='2017-10-24T16_25_12_0').on_message({"content": ["", "", "Which step?"], "_sender": "TextOutputComponent", "_reason": null, "event_type": "SYSTEM_UTTERANCE_REALIZED"})
2017-10-24 16:25:21,460 - TdmApplication - DEBUG - FrontendConnectionHandler(id=140014299171152, session='2017-10-24T16_25_12_0').on_event(Event(FACTS, [], sender=DmeModule, reason=None))
2017-10-24 16:25:21,460 - TdmApplication - DEBUG - FrontendConnectionHandler(id=140014299171152, session='2017-10-24T16_25_12_0'): writing {"content": [], "_sender": "DmeModule", "_reason": null, "event_type": "FACTS"}
2017-10-24 16:25:21,460 - TdmApplication - DEBUG - FrontendConnectionHandler(id=140014299171152, session='2017-10-24T16_25_12_0'): OK
2017-10-24 16:25:24,578 - TdmApplication - DEBUG - FrontendConnectionHandler(id=140014299171152, session='2017-10-24T16_25_12_0').on_message({"content": [{"score": 1.0, "utterance": "step one"}], "_sender": "TextInputComponent", "_reason": null, "event_type": "RECOGNITION"})
2017-10-24 16:25:24,583 - TdmApplication - DEBUG - FrontendConnectionHandler(id=140014299171152, session='2017-10-24T16_25_12_0').on_event(Event(STOP_LISTENING, None, sender=TurnManager, reason=None))
2017-10-24 16:25:24,583 - TdmApplication - DEBUG - FrontendConnectionHandler(id=140014299171152, session='2017-10-24T16_25_12_0'): writing {"content": null, "_sender": "TurnManager", "_reason": null, "event_type": "STOP_LISTENING"}
2017-10-24 16:25:24,583 - TdmApplication - DEBUG - FrontendConnectionHandler(id=140014299171152, session='2017-10-24T16_25_12_0'): OK
2017-10-24 16:25:24,664 - TdmApplication - DEBUG - FrontendConnectionHandler(id=140014299171152, session='2017-10-24T16_25_12_0').on_event(Event(SELECTED_RECOGNITION, step one, sender=DmeModule, reason=None))
2017-10-24 16:25:24,664 - TdmApplication - DEBUG - FrontendConnectionHandler(id=140014299171152, session='2017-10-24T16_25_12_0'): writing {"content": "step one", "_sender": "DmeModule", "_reason": null, "event_type": "SELECTED_RECOGNITION"}
2017-10-24 16:25:24,664 - TdmApplication - DEBUG - FrontendConnectionHandler(id=140014299171152, session='2017-10-24T16_25_12_0'): OK
2017-10-24 16:25:24,665 - TdmApplication - DEBUG - FrontendConnectionHandler(id=140014299171152, session='2017-10-24T16_25_12_0').on_event(Event(FACTS, [{predicate: go_to_step, grammar_entry: None, value: chose step1}], sender=DmeModule, reason=None))
2017-10-24 16:25:24,665 - TdmApplication - DEBUG - FrontendConnectionHandler(id=140014299171152, session='2017-10-24T16_25_12_0'): writing {"content": [{"predicate": "go_to_step", "grammar_entry": null, "value": "chose step1"}], "_sender": "DmeModule", "_reason": null, "event_type": "FACTS"}
2017-10-24 16:25:24,666 - TdmApplication - DEBUG - FrontendConnectionHandler(id=140014299171152, session='2017-10-24T16_25_12_0'): OK
2017-10-24 16:25:24,674 - TdmApplication - DEBUG - FrontendConnectionHandler(id=140014299171152, session='2017-10-24T16_25_12_0').on_event(Event(SYSTEM_UTTERANCE_TO_SPEAK, [Ok chose step1.], sender=GenerateModule, reason=None))
2017-10-24 16:25:24,674 - TdmApplication - DEBUG - FrontendConnectionHandler(id=140014299171152, session='2017-10-24T16_25_12_0'): writing {"content": ["Ok chose step1."], "_sender": "GenerateModule", "_reason": null, "event_type": "SYSTEM_UTTERANCE_TO_SPEAK"}
2017-10-24 16:25:24,674 - TdmApplication - DEBUG - FrontendConnectionHandler(id=140014299171152, session='2017-10-24T16_25_12_0'): OK
2017-10-24 16:25:24,675 - TdmApplication - DEBUG - FrontendConnectionHandler(id=140014299171152, session='2017-10-24T16_25_12_0').on_event(Event(GUI.POPUP, {options: [], title: Ok chose step1.}, sender=IndependentGuiBackend, reason=None))
2017-10-24 16:25:24,675 - TdmApplication - DEBUG - FrontendConnectionHandler(id=140014299171152, session='2017-10-24T16_25_12_0'): writing {"content": {"options": [], "title": "Ok chose step1."}, "_sender": "IndependentGuiBackend", "_reason": null, "event_type": "GUI.POPUP"}
2017-10-24 16:25:24,675 - TdmApplication - DEBUG - FrontendConnectionHandler(id=140014299171152, session='2017-10-24T16_25_12_0'): OK
2017-10-24 16:25:24,676 - TdmApplication - DEBUG - FrontendConnectionHandler(id=140014299171152, session='2017-10-24T16_25_12_0').on_event(Event(MESSAGE_TO_GUI, [<tdm.tdm_gui_protocol.Popup instance at 0x7f579c1e5dd0>], sender=GuiBackend, reason=None))
2017-10-24 16:25:24,676 - TdmApplication - DEBUG - FrontendConnectionHandler(id=140014299171152, session='2017-10-24T16_25_12_0'): writing {"content": [{"Popup": {"elements": [], "title": "Ok chose step1."}}], "_sender": "GuiBackend", "_reason": null, "event_type": "MESSAGE_TO_GUI"}
2017-10-24 16:25:24,677 - TdmApplication - DEBUG - FrontendConnectionHandler(id=140014299171152, session='2017-10-24T16_25_12_0'): OK
2017-10-24 16:25:24,680 - TdmApplication - DEBUG - FrontendConnectionHandler(id=140014299171152, session='2017-10-24T16_25_12_0').on_message({"content": ["Ok chose step1."], "_sender": "TextOutputComponent", "_reason": null, "event_type": "SYSTEM_UTTERANCE_REALIZED"})
2017-10-24 16:25:24,707 - TdmApplication - DEBUG - FrontendConnectionHandler(id=140014299171152, session='2017-10-24T16_25_12_0').on_event(Event(FACTS, [{predicate: go_to_step, grammar_entry: None, value: chose step1}], sender=DmeModule, reason=None))
2017-10-24 16:25:24,707 - TdmApplication - DEBUG - FrontendConnectionHandler(id=140014299171152, session='2017-10-24T16_25_12_0'): writing {"content": [{"predicate": "go_to_step", "grammar_entry": null, "value": "chose step1"}], "_sender": "DmeModule", "_reason": null, "event_type": "FACTS"}
2017-10-24 16:25:24,707 - TdmApplication - DEBUG - FrontendConnectionHandler(id=140014299171152, session='2017-10-24T16_25_12_0'): OK
2017-10-24 16:25:30,582 - TdmApplication - DEBUG - FrontendConnectionHandler(id=140014299171152, session='2017-10-24T16_25_12_0').on_message({"content": [{"score": 1.0, "utterance": "go to next"}], "_sender": "TextInputComponent", "_reason": null, "event_type": "RECOGNITION"})
2017-10-24 16:25:30,587 - TdmApplication - DEBUG - FrontendConnectionHandler(id=140014299171152, session='2017-10-24T16_25_12_0').on_event(Event(FACTS, [], sender=DmeModule, reason=None))
2017-10-24 16:25:30,587 - TdmApplication - DEBUG - FrontendConnectionHandler(id=140014299171152, session='2017-10-24T16_25_12_0'): writing {"content": [], "_sender": "DmeModule", "_reason": null, "event_type": "FACTS"}
2017-10-24 16:25:30,587 - TdmApplication - DEBUG - FrontendConnectionHandler(id=140014299171152, session='2017-10-24T16_25_12_0'): OK
2017-10-24 16:25:30,596 - TdmApplication - DEBUG - FrontendConnectionHandler(id=140014299171152, session='2017-10-24T16_25_12_0').on_event(Event(STOP_SPEAKING, None, sender=TurnManager, reason=None))
2017-10-24 16:25:30,596 - TdmApplication - DEBUG - FrontendConnectionHandler(id=140014299171152, session='2017-10-24T16_25_12_0'): writing {"content": null, "_sender": "TurnManager", "_reason": null, "event_type": "STOP_SPEAKING"}
2017-10-24 16:25:30,596 - TdmApplication - DEBUG - FrontendConnectionHandler(id=140014299171152, session='2017-10-24T16_25_12_0'): OK
2017-10-24 16:25:30,598 - TdmApplication - DEBUG - FrontendConnectionHandler(id=140014299171152, session='2017-10-24T16_25_12_0').on_event(Event(SYSTEM_UTTERANCE_TO_SPEAK, [Returning to the start view., What would you like to do?], sender=GenerateModule, reason=None))
2017-10-24 16:25:30,598 - TdmApplication - DEBUG - FrontendConnectionHandler(id=140014299171152, session='2017-10-24T16_25_12_0'): writing {"content": ["Returning to the start view.", "What would you like to do?"], "_sender": "GenerateModule", "_reason": null, "event_type": "SYSTEM_UTTERANCE_TO_SPEAK"}
2017-10-24 16:25:30,598 - TdmApplication - DEBUG - FrontendConnectionHandler(id=140014299171152, session='2017-10-24T16_25_12_0'): OK
2017-10-24 16:25:30,599 - TdmApplication - DEBUG - FrontendConnectionHandler(id=140014299171152, session='2017-10-24T16_25_12_0').on_event(Event(MESSAGE_TO_GUI, [<tdm.tdm_gui_protocol.ClosePopup instance at 0x7f579c1cadd0>], sender=GuiBackend, reason=None))
2017-10-24 16:25:30,599 - TdmApplication - DEBUG - FrontendConnectionHandler(id=140014299171152, session='2017-10-24T16_25_12_0'): writing {"content": [{"ClosePopup": {}}], "_sender": "GuiBackend", "_reason": null, "event_type": "MESSAGE_TO_GUI"}
2017-10-24 16:25:30,599 - TdmApplication - DEBUG - FrontendConnectionHandler(id=140014299171152, session='2017-10-24T16_25_12_0'): OK
2017-10-24 16:25:30,641 - TdmApplication - DEBUG - FrontendConnectionHandler(id=140014299171152, session='2017-10-24T16_25_12_0').on_message({"content": ["Returning to the start view.", "What would you like to do?"], "_sender": "TextOutputComponent", "_reason": null, "event_type": "SYSTEM_UTTERANCE_REALIZED"})
2017-10-24 16:25:30,666 - TdmApplication - DEBUG - FrontendConnectionHandler(id=140014299171152, session='2017-10-24T16_25_12_0').on_event(Event(FACTS, [], sender=DmeModule, reason=None))
2017-10-24 16:25:30,666 - TdmApplication - DEBUG - FrontendConnectionHandler(id=140014299171152, session='2017-10-24T16_25_12_0'): writing {"content": [], "_sender": "DmeModule", "_reason": null, "event_type": "FACTS"}
2017-10-24 16:25:30,667 - TdmApplication - DEBUG - FrontendConnectionHandler(id=140014299171152, session='2017-10-24T16_25_12_0'): OK
2017-10-24 16:25:30,737 - TdmApplication - DEBUG - FrontendConnectionHandler(id=140014299171152, session='2017-10-24T16_25_12_0').on_event(Event(SELECTED_RECOGNITION, go to next, sender=DmeModule, reason=None))
2017-10-24 16:25:30,737 - TdmApplication - DEBUG - FrontendConnectionHandler(id=140014299171152, session='2017-10-24T16_25_12_0'): writing {"content": "go to next", "_sender": "DmeModule", "_reason": null, "event_type": "SELECTED_RECOGNITION"}
2017-10-24 16:25:30,737 - TdmApplication - DEBUG - FrontendConnectionHandler(id=140014299171152, session='2017-10-24T16_25_12_0'): OK
2017-10-24 16:25:30,738 - TdmApplication - DEBUG - FrontendConnectionHandler(id=140014299171152, session='2017-10-24T16_25_12_0').on_event(Event(FACTS, [], sender=DmeModule, reason=None))
2017-10-24 16:25:30,738 - TdmApplication - DEBUG - FrontendConnectionHandler(id=140014299171152, session='2017-10-24T16_25_12_0'): writing {"content": [], "_sender": "DmeModule", "_reason": null, "event_type": "FACTS"}
2017-10-24 16:25:30,738 - TdmApplication - DEBUG - FrontendConnectionHandler(id=140014299171152, session='2017-10-24T16_25_12_0'): OK
2017-10-24 16:25:30,748 - TdmApplication - DEBUG - FrontendConnectionHandler(id=140014299171152, session='2017-10-24T16_25_12_0').on_event(Event(SYSTEM_UTTERANCE_TO_SPEAK, [, Went to next], sender=GenerateModule, reason=None))
2017-10-24 16:25:30,748 - TdmApplication - DEBUG - FrontendConnectionHandler(id=140014299171152, session='2017-10-24T16_25_12_0'): writing {"content": ["", "Went to next"], "_sender": "GenerateModule", "_reason": null, "event_type": "SYSTEM_UTTERANCE_TO_SPEAK"}
2017-10-24 16:25:30,748 - TdmApplication - DEBUG - FrontendConnectionHandler(id=140014299171152, session='2017-10-24T16_25_12_0'): OK
2017-10-24 16:25:30,749 - TdmApplication - DEBUG - FrontendConnectionHandler(id=140014299171152, session='2017-10-24T16_25_12_0').on_event(Event(GUI.POPUP, {options: [], title: Went to next}, sender=IndependentGuiBackend, reason=None))
2017-10-24 16:25:30,749 - TdmApplication - DEBUG - FrontendConnectionHandler(id=140014299171152, session='2017-10-24T16_25_12_0'): writing {"content": {"options": [], "title": "Went to next"}, "_sender": "IndependentGuiBackend", "_reason": null, "event_type": "GUI.POPUP"}
2017-10-24 16:25:30,749 - TdmApplication - DEBUG - FrontendConnectionHandler(id=140014299171152, session='2017-10-24T16_25_12_0'): OK
2017-10-24 16:25:30,751 - TdmApplication - DEBUG - FrontendConnectionHandler(id=140014299171152, session='2017-10-24T16_25_12_0').on_event(Event(MESSAGE_TO_GUI, [<tdm.tdm_gui_protocol.DeviceResult instance at 0x7f579c1caea8>, <tdm.tdm_gui_protocol.Popup instance at 0x7f579c1ca8c0>], sender=GuiBackend, reason=None))
2017-10-24 16:25:30,751 - TdmApplication - DEBUG - FrontendConnectionHandler(id=140014299171152, session='2017-10-24T16_25_12_0'): writing {"content": [{"DeviceResult": {"action": "go_to_next", "result": true, "arguments": {}, "failure_reason": null}}, {"Popup": {"elements": [], "title": "Went to next"}}], "_sender": "GuiBackend", "_reason": null, "event_type": "MESSAGE_TO_GUI"}
2017-10-24 16:25:30,751 - TdmApplication - DEBUG - FrontendConnectionHandler(id=140014299171152, session='2017-10-24T16_25_12_0'): OK
2017-10-24 16:25:30,770 - TdmApplication - DEBUG - FrontendConnectionHandler(id=140014299171152, session='2017-10-24T16_25_12_0').on_message({"content": ["", "Went to next"], "_sender": "TextOutputComponent", "_reason": null, "event_type": "SYSTEM_UTTERANCE_REALIZED"})
2017-10-24 16:25:30,829 - TdmApplication - DEBUG - FrontendConnectionHandler(id=140014299171152, session='2017-10-24T16_25_12_0').on_event(Event(FACTS, [], sender=DmeModule, reason=None))
2017-10-24 16:25:30,830 - TdmApplication - DEBUG - FrontendConnectionHandler(id=140014299171152, session='2017-10-24T16_25_12_0'): writing {"content": [], "_sender": "DmeModule", "_reason": null, "event_type": "FACTS"}
2017-10-24 16:25:30,830 - TdmApplication - DEBUG - FrontendConnectionHandler(id=140014299171152, session='2017-10-24T16_25_12_0'): OK
2017-10-24 16:25:30,841 - TdmApplication - DEBUG - FrontendConnectionHandler(id=140014299171152, session='2017-10-24T16_25_12_0').on_event(Event(SYSTEM_UTTERANCE_TO_SPEAK, [, I'm sorry, something went wrong.], sender=GenerateModule, reason=None))
2017-10-24 16:25:30,841 - TdmApplication - DEBUG - FrontendConnectionHandler(id=140014299171152, session='2017-10-24T16_25_12_0'): writing {"content": ["", "I'm sorry, something went wrong."], "_sender": "GenerateModule", "_reason": null, "event_type": "SYSTEM_UTTERANCE_TO_SPEAK"}
2017-10-24 16:25:30,841 - TdmApplication - DEBUG - FrontendConnectionHandler(id=140014299171152, session='2017-10-24T16_25_12_0'): OK
2017-10-24 16:25:30,843 - TdmApplication - DEBUG - FrontendConnectionHandler(id=140014299171152, session='2017-10-24T16_25_12_0').on_event(Event(GUI.POPUP, {options: [], title: I'm sorry, something went wrong.}, sender=IndependentGuiBackend, reason=None))
2017-10-24 16:25:30,843 - TdmApplication - DEBUG - FrontendConnectionHandler(id=140014299171152, session='2017-10-24T16_25_12_0'): writing {"content": {"options": [], "title": "I'm sorry, something went wrong."}, "_sender": "IndependentGuiBackend", "_reason": null, "event_type": "GUI.POPUP"}
2017-10-24 16:25:30,843 - TdmApplication - DEBUG - FrontendConnectionHandler(id=140014299171152, session='2017-10-24T16_25_12_0'): OK
2017-10-24 16:25:30,844 - TdmApplication - DEBUG - FrontendConnectionHandler(id=140014299171152, session='2017-10-24T16_25_12_0').on_event(Event(MESSAGE_TO_GUI, [<tdm.tdm_gui_protocol.ClosePopup instance at 0x7f579c1cad88>, <tdm.tdm_gui_protocol.DeviceResult instance at 0x7f579c19c200>, <tdm.tdm_gui_protocol.Popup instance at 0x7f579c19c758>], sender=GuiBackend, reason=None))
2017-10-24 16:25:30,844 - TdmApplication - DEBUG - FrontendConnectionHandler(id=140014299171152, session='2017-10-24T16_25_12_0'): writing {"content": [{"ClosePopup": {}}, {"DeviceResult": {"action": "say_step", "result": false, "arguments": {}, "failure_reason": "undefined_failure"}}, {"Popup": {"elements": [], "title": "I'm sorry, something went wrong."}}], "_sender": "GuiBackend", "_reason": null, "event_type": "MESSAGE_TO_GUI"}
2017-10-24 16:25:30,844 - TdmApplication - DEBUG - FrontendConnectionHandler(id=140014299171152, session='2017-10-24T16_25_12_0'): OK
2017-10-24 16:25:30,885 - TdmApplication - DEBUG - FrontendConnectionHandler(id=140014299171152, session='2017-10-24T16_25_12_0').on_message({"content": ["", "I'm sorry, something went wrong."], "_sender": "TextOutputComponent", "_reason": null, "event_type": "SYSTEM_UTTERANCE_REALIZED"})
2017-10-24 16:25:30,911 - TdmApplication - DEBUG - FrontendConnectionHandler(id=140014299171152, session='2017-10-24T16_25_12_0').on_event(Event(FACTS, [], sender=DmeModule, reason=None))
2017-10-24 16:25:30,912 - TdmApplication - DEBUG - FrontendConnectionHandler(id=140014299171152, session='2017-10-24T16_25_12_0'): writing {"content": [], "_sender": "DmeModule", "_reason": null, "event_type": "FACTS"}
2017-10-24 16:25:30,912 - TdmApplication - DEBUG - FrontendConnectionHandler(id=140014299171152, session='2017-10-24T16_25_12_0'): OK
2017-10-24 16:25:36,366 - TdmApplication - DEBUG - FrontendConnectionHandler(id=140014299171152, session='2017-10-24T16_25_12_0').on_message({"content": [{"score": 1.0, "utterance": "go to next"}], "_sender": "TextInputComponent", "_reason": null, "event_type": "RECOGNITION"})
2017-10-24 16:25:36,370 - TdmApplication - DEBUG - FrontendConnectionHandler(id=140014299171152, session='2017-10-24T16_25_12_0').on_event(Event(FACTS, [], sender=DmeModule, reason=None))
2017-10-24 16:25:36,370 - TdmApplication - DEBUG - FrontendConnectionHandler(id=140014299171152, session='2017-10-24T16_25_12_0'): writing {"content": [], "_sender": "DmeModule", "_reason": null, "event_type": "FACTS"}
2017-10-24 16:25:36,370 - TdmApplication - DEBUG - FrontendConnectionHandler(id=140014299171152, session='2017-10-24T16_25_12_0'): OK
2017-10-24 16:25:36,378 - TdmApplication - DEBUG - FrontendConnectionHandler(id=140014299171152, session='2017-10-24T16_25_12_0').on_event(Event(STOP_SPEAKING, None, sender=TurnManager, reason=None))
2017-10-24 16:25:36,378 - TdmApplication - DEBUG - FrontendConnectionHandler(id=140014299171152, session='2017-10-24T16_25_12_0'): writing {"content": null, "_sender": "TurnManager", "_reason": null, "event_type": "STOP_SPEAKING"}
2017-10-24 16:25:36,378 - TdmApplication - DEBUG - FrontendConnectionHandler(id=140014299171152, session='2017-10-24T16_25_12_0'): OK
2017-10-24 16:25:36,379 - TdmApplication - DEBUG - FrontendConnectionHandler(id=140014299171152, session='2017-10-24T16_25_12_0').on_event(Event(SYSTEM_UTTERANCE_TO_SPEAK, [Are you done?], sender=GenerateModule, reason=None))
2017-10-24 16:25:36,380 - TdmApplication - DEBUG - FrontendConnectionHandler(id=140014299171152, session='2017-10-24T16_25_12_0'): writing {"content": ["Are you done?"], "_sender": "GenerateModule", "_reason": null, "event_type": "SYSTEM_UTTERANCE_TO_SPEAK"}
2017-10-24 16:25:36,380 - TdmApplication - DEBUG - FrontendConnectionHandler(id=140014299171152, session='2017-10-24T16_25_12_0'): OK
2017-10-24 16:25:36,381 - TdmApplication - DEBUG - FrontendConnectionHandler(id=140014299171152, session='2017-10-24T16_25_12_0').on_event(Event(MESSAGE_TO_GUI, [<tdm.tdm_gui_protocol.ClosePopup instance at 0x7f579c180200>], sender=GuiBackend, reason=None))
2017-10-24 16:25:36,381 - TdmApplication - DEBUG - FrontendConnectionHandler(id=140014299171152, session='2017-10-24T16_25_12_0'): writing {"content": [{"ClosePopup": {}}], "_sender": "GuiBackend", "_reason": null, "event_type": "MESSAGE_TO_GUI"}
2017-10-24 16:25:36,381 - TdmApplication - DEBUG - FrontendConnectionHandler(id=140014299171152, session='2017-10-24T16_25_12_0'): OK
2017-10-24 16:25:36,392 - TdmApplication - DEBUG - FrontendConnectionHandler(id=140014299171152, session='2017-10-24T16_25_12_0').on_message({"content": ["Are you done?"], "_sender": "TextOutputComponent", "_reason": null, "event_type": "SYSTEM_UTTERANCE_REALIZED"})
2017-10-24 16:25:36,413 - TdmApplication - DEBUG - FrontendConnectionHandler(id=140014299171152, session='2017-10-24T16_25_12_0').on_event(Event(FACTS, [], sender=DmeModule, reason=None))
2017-10-24 16:25:36,413 - TdmApplication - DEBUG - FrontendConnectionHandler(id=140014299171152, session='2017-10-24T16_25_12_0'): writing {"content": [], "_sender": "DmeModule", "_reason": null, "event_type": "FACTS"}
2017-10-24 16:25:36,413 - TdmApplication - DEBUG - FrontendConnectionHandler(id=140014299171152, session='2017-10-24T16_25_12_0'): OK
2017-10-24 16:25:36,478 - TdmApplication - DEBUG - FrontendConnectionHandler(id=140014299171152, session='2017-10-24T16_25_12_0').on_event(Event(SELECTED_RECOGNITION, go to next, sender=DmeModule, reason=None))
2017-10-24 16:25:36,478 - TdmApplication - DEBUG - FrontendConnectionHandler(id=140014299171152, session='2017-10-24T16_25_12_0'): writing {"content": "go to next", "_sender": "DmeModule", "_reason": null, "event_type": "SELECTED_RECOGNITION"}
2017-10-24 16:25:36,478 - TdmApplication - DEBUG - FrontendConnectionHandler(id=140014299171152, session='2017-10-24T16_25_12_0'): OK
2017-10-24 16:25:36,479 - TdmApplication - DEBUG - FrontendConnectionHandler(id=140014299171152, session='2017-10-24T16_25_12_0').on_event(Event(FACTS, [], sender=DmeModule, reason=None))
2017-10-24 16:25:36,479 - TdmApplication - DEBUG - FrontendConnectionHandler(id=140014299171152, session='2017-10-24T16_25_12_0'): writing {"content": [], "_sender": "DmeModule", "_reason": null, "event_type": "FACTS"}
2017-10-24 16:25:36,479 - TdmApplication - DEBUG - FrontendConnectionHandler(id=140014299171152, session='2017-10-24T16_25_12_0'): OK
2017-10-24 16:25:36,489 - TdmApplication - DEBUG - FrontendConnectionHandler(id=140014299171152, session='2017-10-24T16_25_12_0').on_event(Event(SYSTEM_UTTERANCE_TO_SPEAK, [, Went to next], sender=GenerateModule, reason=None))
2017-10-24 16:25:36,489 - TdmApplication - DEBUG - FrontendConnectionHandler(id=140014299171152, session='2017-10-24T16_25_12_0'): writing {"content": ["", "Went to next"], "_sender": "GenerateModule", "_reason": null, "event_type": "SYSTEM_UTTERANCE_TO_SPEAK"}
2017-10-24 16:25:36,489 - TdmApplication - DEBUG - FrontendConnectionHandler(id=140014299171152, session='2017-10-24T16_25_12_0'): OK
2017-10-24 16:25:36,490 - TdmApplication - DEBUG - FrontendConnectionHandler(id=140014299171152, session='2017-10-24T16_25_12_0').on_event(Event(GUI.POPUP, {options: [], title: Went to next}, sender=IndependentGuiBackend, reason=None))
2017-10-24 16:25:36,490 - TdmApplication - DEBUG - FrontendConnectionHandler(id=140014299171152, session='2017-10-24T16_25_12_0'): writing {"content": {"options": [], "title": "Went to next"}, "_sender": "IndependentGuiBackend", "_reason": null, "event_type": "GUI.POPUP"}
2017-10-24 16:25:36,491 - TdmApplication - DEBUG - FrontendConnectionHandler(id=140014299171152, session='2017-10-24T16_25_12_0'): OK
2017-10-24 16:25:36,492 - TdmApplication - DEBUG - FrontendConnectionHandler(id=140014299171152, session='2017-10-24T16_25_12_0').on_event(Event(MESSAGE_TO_GUI, [<tdm.tdm_gui_protocol.DeviceResult instance at 0x7f579c21d170>, <tdm.tdm_gui_protocol.Popup instance at 0x7f579c21d290>], sender=GuiBackend, reason=None))
2017-10-24 16:25:36,492 - TdmApplication - DEBUG - FrontendConnectionHandler(id=140014299171152, session='2017-10-24T16_25_12_0'): writing {"content": [{"DeviceResult": {"action": "go_to_next", "result": true, "arguments": {}, "failure_reason": null}}, {"Popup": {"elements": [], "title": "Went to next"}}], "_sender": "GuiBackend", "_reason": null, "event_type": "MESSAGE_TO_GUI"}
2017-10-24 16:25:36,492 - TdmApplication - DEBUG - FrontendConnectionHandler(id=140014299171152, session='2017-10-24T16_25_12_0'): OK
2017-10-24 16:25:36,512 - TdmApplication - DEBUG - FrontendConnectionHandler(id=140014299171152, session='2017-10-24T16_25_12_0').on_message({"content": ["", "Went to next"], "_sender": "TextOutputComponent", "_reason": null, "event_type": "SYSTEM_UTTERANCE_REALIZED"})
2017-10-24 16:25:36,570 - TdmApplication - DEBUG - FrontendConnectionHandler(id=140014299171152, session='2017-10-24T16_25_12_0').on_event(Event(FACTS, [], sender=DmeModule, reason=None))
2017-10-24 16:25:36,570 - TdmApplication - DEBUG - FrontendConnectionHandler(id=140014299171152, session='2017-10-24T16_25_12_0'): writing {"content": [], "_sender": "DmeModule", "_reason": null, "event_type": "FACTS"}
2017-10-24 16:25:36,570 - TdmApplication - DEBUG - FrontendConnectionHandler(id=140014299171152, session='2017-10-24T16_25_12_0'): OK
2017-10-24 16:25:36,581 - TdmApplication - DEBUG - FrontendConnectionHandler(id=140014299171152, session='2017-10-24T16_25_12_0').on_event(Event(SYSTEM_UTTERANCE_TO_SPEAK, [, I'm sorry, something went wrong.], sender=GenerateModule, reason=None))
2017-10-24 16:25:36,582 - TdmApplication - DEBUG - FrontendConnectionHandler(id=140014299171152, session='2017-10-24T16_25_12_0'): writing {"content": ["", "I'm sorry, something went wrong."], "_sender": "GenerateModule", "_reason": null, "event_type": "SYSTEM_UTTERANCE_TO_SPEAK"}
2017-10-24 16:25:36,582 - TdmApplication - DEBUG - FrontendConnectionHandler(id=140014299171152, session='2017-10-24T16_25_12_0'): OK
2017-10-24 16:25:36,583 - TdmApplication - DEBUG - FrontendConnectionHandler(id=140014299171152, session='2017-10-24T16_25_12_0').on_event(Event(GUI.POPUP, {options: [], title: I'm sorry, something went wrong.}, sender=IndependentGuiBackend, reason=None))
2017-10-24 16:25:36,583 - TdmApplication - DEBUG - FrontendConnectionHandler(id=140014299171152, session='2017-10-24T16_25_12_0'): writing {"content": {"options": [], "title": "I'm sorry, something went wrong."}, "_sender": "IndependentGuiBackend", "_reason": null, "event_type": "GUI.POPUP"}
2017-10-24 16:25:36,583 - TdmApplication - DEBUG - FrontendConnectionHandler(id=140014299171152, session='2017-10-24T16_25_12_0'): OK
2017-10-24 16:25:36,584 - TdmApplication - DEBUG - FrontendConnectionHandler(id=140014299171152, session='2017-10-24T16_25_12_0').on_event(Event(MESSAGE_TO_GUI, [<tdm.tdm_gui_protocol.ClosePopup instance at 0x7f579c19c8c0>, <tdm.tdm_gui_protocol.DeviceResult instance at 0x7f579c19c320>, <tdm.tdm_gui_protocol.Popup instance at 0x7f579c19c248>], sender=GuiBackend, reason=None))
2017-10-24 16:25:36,584 - TdmApplication - DEBUG - FrontendConnectionHandler(id=140014299171152, session='2017-10-24T16_25_12_0'): writing {"content": [{"ClosePopup": {}}, {"DeviceResult": {"action": "say_step", "result": false, "arguments": {}, "failure_reason": "undefined_failure"}}, {"Popup": {"elements": [], "title": "I'm sorry, something went wrong."}}], "_sender": "GuiBackend", "_reason": null, "event_type": "MESSAGE_TO_GUI"}
2017-10-24 16:25:36,584 - TdmApplication - DEBUG - FrontendConnectionHandler(id=140014299171152, session='2017-10-24T16_25_12_0'): OK
2017-10-24 16:25:36,629 - TdmApplication - DEBUG - FrontendConnectionHandler(id=140014299171152, session='2017-10-24T16_25_12_0').on_message({"content": ["", "I'm sorry, something went wrong."], "_sender": "TextOutputComponent", "_reason": null, "event_type": "SYSTEM_UTTERANCE_REALIZED"})
2017-10-24 16:25:36,655 - TdmApplication - DEBUG - FrontendConnectionHandler(id=140014299171152, session='2017-10-24T16_25_12_0').on_event(Event(FACTS, [], sender=DmeModule, reason=None))
2017-10-24 16:25:36,655 - TdmApplication - DEBUG - FrontendConnectionHandler(id=140014299171152, session='2017-10-24T16_25_12_0'): writing {"content": [], "_sender": "DmeModule", "_reason": null, "event_type": "FACTS"}
2017-10-24 16:25:36,655 - TdmApplication - DEBUG - FrontendConnectionHandler(id=140014299171152, session='2017-10-24T16_25_12_0'): OK
2017-10-24 16:27:04,671 - TdmApplication - DEBUG - FrontendConnectionHandler(id=140014299171152, session='2017-10-24T16_25_12_0').on_message({"content": [{"score": 1.0, "utterance": "tell me what to do"}], "_sender": "TextInputComponent", "_reason": null, "event_type": "RECOGNITION"})
2017-10-24 16:27:04,676 - TdmApplication - DEBUG - FrontendConnectionHandler(id=140014299171152, session='2017-10-24T16_25_12_0').on_event(Event(FACTS, [], sender=DmeModule, reason=None))
2017-10-24 16:27:04,676 - TdmApplication - DEBUG - FrontendConnectionHandler(id=140014299171152, session='2017-10-24T16_25_12_0'): writing {"content": [], "_sender": "DmeModule", "_reason": null, "event_type": "FACTS"}
2017-10-24 16:27:04,677 - TdmApplication - DEBUG - FrontendConnectionHandler(id=140014299171152, session='2017-10-24T16_25_12_0'): OK
2017-10-24 16:27:04,686 - TdmApplication - DEBUG - FrontendConnectionHandler(id=140014299171152, session='2017-10-24T16_25_12_0').on_event(Event(STOP_SPEAKING, None, sender=TurnManager, reason=None))
2017-10-24 16:27:04,686 - TdmApplication - DEBUG - FrontendConnectionHandler(id=140014299171152, session='2017-10-24T16_25_12_0'): writing {"content": null, "_sender": "TurnManager", "_reason": null, "event_type": "STOP_SPEAKING"}
2017-10-24 16:27:04,686 - TdmApplication - DEBUG - FrontendConnectionHandler(id=140014299171152, session='2017-10-24T16_25_12_0'): OK
2017-10-24 16:27:04,687 - TdmApplication - DEBUG - FrontendConnectionHandler(id=140014299171152, session='2017-10-24T16_25_12_0').on_event(Event(SYSTEM_UTTERANCE_TO_SPEAK, [Are you done?], sender=GenerateModule, reason=None))
2017-10-24 16:27:04,687 - TdmApplication - DEBUG - FrontendConnectionHandler(id=140014299171152, session='2017-10-24T16_25_12_0'): writing {"content": ["Are you done?"], "_sender": "GenerateModule", "_reason": null, "event_type": "SYSTEM_UTTERANCE_TO_SPEAK"}
2017-10-24 16:27:04,687 - TdmApplication - DEBUG - FrontendConnectionHandler(id=140014299171152, session='2017-10-24T16_25_12_0'): OK
2017-10-24 16:27:04,688 - TdmApplication - DEBUG - FrontendConnectionHandler(id=140014299171152, session='2017-10-24T16_25_12_0').on_event(Event(MESSAGE_TO_GUI, [<tdm.tdm_gui_protocol.ClosePopup instance at 0x7f579e9181b8>], sender=GuiBackend, reason=None))
2017-10-24 16:27:04,688 - TdmApplication - DEBUG - FrontendConnectionHandler(id=140014299171152, session='2017-10-24T16_25_12_0'): writing {"content": [{"ClosePopup": {}}], "_sender": "GuiBackend", "_reason": null, "event_type": "MESSAGE_TO_GUI"}
2017-10-24 16:27:04,688 - TdmApplication - DEBUG - FrontendConnectionHandler(id=140014299171152, session='2017-10-24T16_25_12_0'): OK
2017-10-24 16:27:04,703 - TdmApplication - DEBUG - FrontendConnectionHandler(id=140014299171152, session='2017-10-24T16_25_12_0').on_message({"content": ["Are you done?"], "_sender": "TextOutputComponent", "_reason": null, "event_type": "SYSTEM_UTTERANCE_REALIZED"})
2017-10-24 16:27:04,724 - TdmApplication - DEBUG - FrontendConnectionHandler(id=140014299171152, session='2017-10-24T16_25_12_0').on_event(Event(FACTS, [], sender=DmeModule, reason=None))
2017-10-24 16:27:04,724 - TdmApplication - DEBUG - FrontendConnectionHandler(id=140014299171152, session='2017-10-24T16_25_12_0'): writing {"content": [], "_sender": "DmeModule", "_reason": null, "event_type": "FACTS"}
2017-10-24 16:27:04,724 - TdmApplication - DEBUG - FrontendConnectionHandler(id=140014299171152, session='2017-10-24T16_25_12_0'): OK
2017-10-24 16:27:04,791 - TdmApplication - DEBUG - FrontendConnectionHandler(id=140014299171152, session='2017-10-24T16_25_12_0').on_event(Event(SELECTED_RECOGNITION, tell me what to do, sender=DmeModule, reason=None))
2017-10-24 16:27:04,791 - TdmApplication - DEBUG - FrontendConnectionHandler(id=140014299171152, session='2017-10-24T16_25_12_0'): writing {"content": "tell me what to do", "_sender": "DmeModule", "_reason": null, "event_type": "SELECTED_RECOGNITION"}
2017-10-24 16:27:04,791 - TdmApplication - DEBUG - FrontendConnectionHandler(id=140014299171152, session='2017-10-24T16_25_12_0'): OK
2017-10-24 16:27:04,792 - TdmApplication - DEBUG - FrontendConnectionHandler(id=140014299171152, session='2017-10-24T16_25_12_0').on_event(Event(FACTS, [], sender=DmeModule, reason=None))
2017-10-24 16:27:04,792 - TdmApplication - DEBUG - FrontendConnectionHandler(id=140014299171152, session='2017-10-24T16_25_12_0'): writing {"content": [], "_sender": "DmeModule", "_reason": null, "event_type": "FACTS"}
2017-10-24 16:27:04,793 - TdmApplication - DEBUG - FrontendConnectionHandler(id=140014299171152, session='2017-10-24T16_25_12_0'): OK
2017-10-24 16:27:04,803 - TdmApplication - DEBUG - FrontendConnectionHandler(id=140014299171152, session='2017-10-24T16_25_12_0').on_event(Event(SYSTEM_UTTERANCE_TO_SPEAK, [, I'm sorry, something went wrong.], sender=GenerateModule, reason=None))
2017-10-24 16:27:04,804 - TdmApplication - DEBUG - FrontendConnectionHandler(id=140014299171152, session='2017-10-24T16_25_12_0'): writing {"content": ["", "I'm sorry, something went wrong."], "_sender": "GenerateModule", "_reason": null, "event_type": "SYSTEM_UTTERANCE_TO_SPEAK"}
2017-10-24 16:27:04,804 - TdmApplication - DEBUG - FrontendConnectionHandler(id=140014299171152, session='2017-10-24T16_25_12_0'): OK
2017-10-24 16:27:04,805 - TdmApplication - DEBUG - FrontendConnectionHandler(id=140014299171152, session='2017-10-24T16_25_12_0').on_event(Event(GUI.POPUP, {options: [], title: I'm sorry, something went wrong.}, sender=IndependentGuiBackend, reason=None))
2017-10-24 16:27:04,805 - TdmApplication - DEBUG - FrontendConnectionHandler(id=140014299171152, session='2017-10-24T16_25_12_0'): writing {"content": {"options": [], "title": "I'm sorry, something went wrong."}, "_sender": "IndependentGuiBackend", "_reason": null, "event_type": "GUI.POPUP"}
2017-10-24 16:27:04,805 - TdmApplication - DEBUG - FrontendConnectionHandler(id=140014299171152, session='2017-10-24T16_25_12_0'): OK
2017-10-24 16:27:04,806 - TdmApplication - DEBUG - FrontendConnectionHandler(id=140014299171152, session='2017-10-24T16_25_12_0').on_event(Event(MESSAGE_TO_GUI, [<tdm.tdm_gui_protocol.DeviceResult instance at 0x7f579c213128>, <tdm.tdm_gui_protocol.Popup instance at 0x7f579c213e18>], sender=GuiBackend, reason=None))
2017-10-24 16:27:04,806 - TdmApplication - DEBUG - FrontendConnectionHandler(id=140014299171152, session='2017-10-24T16_25_12_0'): writing {"content": [{"DeviceResult": {"action": "say_step", "result": false, "arguments": {}, "failure_reason": "undefined_failure"}}, {"Popup": {"elements": [], "title": "I'm sorry, something went wrong."}}], "_sender": "GuiBackend", "_reason": null, "event_type": "MESSAGE_TO_GUI"}
2017-10-24 16:27:04,807 - TdmApplication - DEBUG - FrontendConnectionHandler(id=140014299171152, session='2017-10-24T16_25_12_0'): OK
2017-10-24 16:27:04,827 - TdmApplication - DEBUG - FrontendConnectionHandler(id=140014299171152, session='2017-10-24T16_25_12_0').on_message({"content": ["", "I'm sorry, something went wrong."], "_sender": "TextOutputComponent", "_reason": null, "event_type": "SYSTEM_UTTERANCE_REALIZED"})
2017-10-24 16:27:04,855 - TdmApplication - DEBUG - FrontendConnectionHandler(id=140014299171152, session='2017-10-24T16_25_12_0').on_event(Event(FACTS, [], sender=DmeModule, reason=None))
2017-10-24 16:27:04,855 - TdmApplication - DEBUG - FrontendConnectionHandler(id=140014299171152, session='2017-10-24T16_25_12_0'): writing {"content": [], "_sender": "DmeModule", "_reason": null, "event_type": "FACTS"}
2017-10-24 16:27:04,855 - TdmApplication - DEBUG - FrontendConnectionHandler(id=140014299171152, session='2017-10-24T16_25_12_0'): OK
2017-10-24 16:29:57,067 - TdmApplication - DEBUG - FrontendConnectionHandler(id=140014299171152, session='2017-10-24T16_25_12_0').on_close()
2017-10-24 16:29:57,068 - TdmApplication - DEBUG - SessionManager.stop('2017-10-24T16_25_12_0')
2017-10-24 16:29:57,069 - TdmApplication - DEBUG - TdmApplication.stop(): Stopping HTTP server
2017-10-24 16:29:57,069 - TdmApplication - DEBUG - TdmApplication.stop(): Stopping IO-loop
2017-10-24 16:29:57,069 - TdmApplication - DEBUG - TdmApplication.stop(): Stopping sessions []
2017-10-24 16:29:57,072 - TdmApplication - DEBUG - FrontendConnectionHandler(id=140014299171152, session='2017-10-24T16_25_12_0').on_event(Event(FACTS, [], sender=DmeModule, reason=None))
2017-10-24 16:29:57,072 - TdmApplication - DEBUG - FrontendConnectionHandler(id=140014299171152, session='2017-10-24T16_25_12_0'): writing {"content": [], "_sender": "DmeModule", "_reason": null, "event_type": "FACTS"}
2017-10-24 16:29:57,072 - TdmApplication - DEBUG - FrontendConnectionHandler(id=140014299171152, session='2017-10-24T16_25_12_0'): OK
