2017-10-20 17:56:42,366 - TdmApplication - DEBUG - DddDb().__init__(name='ddds', default_ddds=[u'recipehelp'])
2017-10-20 17:56:42,366 - TdmApplication - DEBUG - DddDb(): DB file name is '/home/gusmatssar/recipedialogue/tdm/ddds.json'
2017-10-20 17:56:42,376 - TdmApplication - DEBUG - FrontendConnectionHandler(id=139989811493200, session=None).open()
2017-10-20 17:56:42,378 - TdmApplication - DEBUG - thread_manager.create_thread() with threading.active_count()=3
2017-10-20 17:56:42,378 - TdmApplication - DEBUG - FrontendConnectionHandler(id=139989811493200, session=None).on_message({"handshake_content": {"session_id": null, "keep_session_alive": false}, "name": "Frontend"})
2017-10-20 17:56:42,378 - TdmApplication - DEBUG - FrontendConnectionHandler(id=139989811493200, session=None)._register({"handshake_content": {"session_id": null, "keep_session_alive": false}, "name": "Frontend"})
2017-10-20 17:56:42,379 - TdmApplication - DEBUG - thread_manager.create_thread() with threading.active_count()=4
2017-10-20 17:56:42,382 - TdmApplication - DEBUG - Creating backend and session with id 2017-10-20T17_56_42_0.
2017-10-20 17:56:42,419 - TdmApplication - DEBUG - FrontendConnectionHandler._register: Registered in session 2017-10-20T17_56_42_0 with backend <ThreadedBackend(ThreadedBackend, started daemon 139989770467072)>.
2017-10-20 17:56:42,420 - TdmApplication - DEBUG - FrontendConnectionHandler(id=139989811493200, session='2017-10-20T17_56_42_0').on_event(Event(REGISTER_BACKEND, None, sender=Backend, reason=None))
2017-10-20 17:56:42,420 - TdmApplication - DEBUG - FrontendConnectionHandler(id=139989811493200, session='2017-10-20T17_56_42_0'): writing {"content": null, "_sender": "Backend", "_reason": null, "event_type": "REGISTER_BACKEND"}
2017-10-20 17:56:42,420 - TdmApplication - DEBUG - FrontendConnectionHandler(id=139989811493200, session='2017-10-20T17_56_42_0'): OK
2017-10-20 17:56:42,452 - TdmApplication - DEBUG - FrontendConnectionHandler(id=139989811493200, session='2017-10-20T17_56_42_0').on_message({"content": null, "_sender": "Frontend", "_reason": null, "event_type": "FRONTEND_READY"})
2017-10-20 17:56:42,455 - TdmApplication - DEBUG - FrontendConnectionHandler(id=139989811493200, session='2017-10-20T17_56_42_0').on_event(Event(BACKEND_READY, None, sender=Backend, reason=None))
2017-10-20 17:56:42,455 - TdmApplication - DEBUG - FrontendConnectionHandler(id=139989811493200, session='2017-10-20T17_56_42_0'): writing {"content": null, "_sender": "Backend", "_reason": null, "event_type": "BACKEND_READY"}
2017-10-20 17:56:42,455 - TdmApplication - DEBUG - FrontendConnectionHandler(id=139989811493200, session='2017-10-20T17_56_42_0'): OK
2017-10-20 17:56:42,460 - TdmApplication - DEBUG - FrontendConnectionHandler(id=139989811493200, session='2017-10-20T17_56_42_0').on_message({"content": null, "_sender": "Frontend", "_reason": null, "event_type": "START"})
2017-10-20 17:56:42,496 - TdmApplication - DEBUG - FrontendConnectionHandler(id=139989811493200, session='2017-10-20T17_56_42_0').on_event(Event(SET_DDD, {ddd_name: recipehelp, language_code: eng}, sender=DmeModule, reason=None))
2017-10-20 17:56:42,496 - TdmApplication - DEBUG - FrontendConnectionHandler(id=139989811493200, session='2017-10-20T17_56_42_0'): writing {"content": {"ddd_name": "recipehelp", "language_code": "eng"}, "_sender": "DmeModule", "_reason": null, "event_type": "SET_DDD"}
2017-10-20 17:56:42,496 - TdmApplication - DEBUG - FrontendConnectionHandler(id=139989811493200, session='2017-10-20T17_56_42_0'): OK
2017-10-20 17:56:42,497 - TdmApplication - DEBUG - FrontendConnectionHandler(id=139989811493200, session='2017-10-20T17_56_42_0').on_event(Event(FACTS, [], sender=DmeModule, reason=None))
2017-10-20 17:56:42,497 - TdmApplication - DEBUG - FrontendConnectionHandler(id=139989811493200, session='2017-10-20T17_56_42_0'): writing {"content": [], "_sender": "DmeModule", "_reason": null, "event_type": "FACTS"}
2017-10-20 17:56:42,497 - TdmApplication - DEBUG - FrontendConnectionHandler(id=139989811493200, session='2017-10-20T17_56_42_0'): OK
2017-10-20 17:56:42,508 - TdmApplication - DEBUG - FrontendConnectionHandler(id=139989811493200, session='2017-10-20T17_56_42_0').on_event(Event(SYSTEM_UTTERANCE_TO_SPEAK, [, What would you like to do?], sender=GenerateModule, reason=None))
2017-10-20 17:56:42,508 - TdmApplication - DEBUG - FrontendConnectionHandler(id=139989811493200, session='2017-10-20T17_56_42_0'): writing {"content": ["", "What would you like to do?"], "_sender": "GenerateModule", "_reason": null, "event_type": "SYSTEM_UTTERANCE_TO_SPEAK"}
2017-10-20 17:56:42,508 - TdmApplication - DEBUG - FrontendConnectionHandler(id=139989811493200, session='2017-10-20T17_56_42_0'): OK
2017-10-20 17:56:42,510 - TdmApplication - DEBUG - FrontendConnectionHandler(id=139989811493200, session='2017-10-20T17_56_42_0').on_event(Event(MESSAGE_TO_GUI, [], sender=GuiBackend, reason=None))
2017-10-20 17:56:42,510 - TdmApplication - DEBUG - FrontendConnectionHandler(id=139989811493200, session='2017-10-20T17_56_42_0'): writing {"content": [], "_sender": "GuiBackend", "_reason": null, "event_type": "MESSAGE_TO_GUI"}
2017-10-20 17:56:42,510 - TdmApplication - DEBUG - FrontendConnectionHandler(id=139989811493200, session='2017-10-20T17_56_42_0'): OK
2017-10-20 17:56:42,571 - TdmApplication - DEBUG - FrontendConnectionHandler(id=139989811493200, session='2017-10-20T17_56_42_0').on_message({"content": ["", "What would you like to do?"], "_sender": "TextOutputComponent", "_reason": null, "event_type": "SYSTEM_UTTERANCE_REALIZED"})
2017-10-20 17:56:42,594 - TdmApplication - DEBUG - FrontendConnectionHandler(id=139989811493200, session='2017-10-20T17_56_42_0').on_event(Event(FACTS, [], sender=DmeModule, reason=None))
2017-10-20 17:56:42,594 - TdmApplication - DEBUG - FrontendConnectionHandler(id=139989811493200, session='2017-10-20T17_56_42_0'): writing {"content": [], "_sender": "DmeModule", "_reason": null, "event_type": "FACTS"}
2017-10-20 17:56:42,594 - TdmApplication - DEBUG - FrontendConnectionHandler(id=139989811493200, session='2017-10-20T17_56_42_0'): OK
2017-10-20 17:56:50,823 - TdmApplication - DEBUG - FrontendConnectionHandler(id=139989811493200, session='2017-10-20T17_56_42_0').on_message({"content": [{"score": 1.0, "utterance": "tell me what to do"}], "_sender": "TextInputComponent", "_reason": null, "event_type": "RECOGNITION"})
2017-10-20 17:56:50,833 - TdmApplication - DEBUG - FrontendConnectionHandler(id=139989811493200, session='2017-10-20T17_56_42_0').on_event(Event(STOP_LISTENING, None, sender=TurnManager, reason=None))
2017-10-20 17:56:50,833 - TdmApplication - DEBUG - FrontendConnectionHandler(id=139989811493200, session='2017-10-20T17_56_42_0'): writing {"content": null, "_sender": "TurnManager", "_reason": null, "event_type": "STOP_LISTENING"}
2017-10-20 17:56:50,834 - TdmApplication - DEBUG - FrontendConnectionHandler(id=139989811493200, session='2017-10-20T17_56_42_0'): OK
2017-10-20 17:56:50,912 - TdmApplication - DEBUG - FrontendConnectionHandler(id=139989811493200, session='2017-10-20T17_56_42_0').on_event(Event(SELECTED_RECOGNITION, tell me what to do, sender=DmeModule, reason=None))
2017-10-20 17:56:50,912 - TdmApplication - DEBUG - FrontendConnectionHandler(id=139989811493200, session='2017-10-20T17_56_42_0'): writing {"content": "tell me what to do", "_sender": "DmeModule", "_reason": null, "event_type": "SELECTED_RECOGNITION"}
2017-10-20 17:56:50,912 - TdmApplication - DEBUG - FrontendConnectionHandler(id=139989811493200, session='2017-10-20T17_56_42_0'): OK
2017-10-20 17:56:50,913 - TdmApplication - DEBUG - FrontendConnectionHandler(id=139989811493200, session='2017-10-20T17_56_42_0').on_event(Event(FACTS, [{predicate: say_step, grammar_entry: None, value: unknown step}], sender=DmeModule, reason=None))
2017-10-20 17:56:50,913 - TdmApplication - DEBUG - FrontendConnectionHandler(id=139989811493200, session='2017-10-20T17_56_42_0'): writing {"content": [{"predicate": "say_step", "grammar_entry": null, "value": "unknown step"}], "_sender": "DmeModule", "_reason": null, "event_type": "FACTS"}
2017-10-20 17:56:50,913 - TdmApplication - DEBUG - FrontendConnectionHandler(id=139989811493200, session='2017-10-20T17_56_42_0'): OK
2017-10-20 17:56:50,926 - TdmApplication - DEBUG - FrontendConnectionHandler(id=139989811493200, session='2017-10-20T17_56_42_0').on_event(Event(SYSTEM_UTTERANCE_TO_SPEAK, [, , Are you done?], sender=GenerateModule, reason=None))
2017-10-20 17:56:50,927 - TdmApplication - DEBUG - FrontendConnectionHandler(id=139989811493200, session='2017-10-20T17_56_42_0'): writing {"content": ["", "", "Are you done?"], "_sender": "GenerateModule", "_reason": null, "event_type": "SYSTEM_UTTERANCE_TO_SPEAK"}
2017-10-20 17:56:50,927 - TdmApplication - DEBUG - FrontendConnectionHandler(id=139989811493200, session='2017-10-20T17_56_42_0'): OK
2017-10-20 17:56:50,928 - TdmApplication - DEBUG - FrontendConnectionHandler(id=139989811493200, session='2017-10-20T17_56_42_0').on_event(Event(GUI.POPUP, {options: [], title: Are you done?}, sender=IndependentGuiBackend, reason=None))
2017-10-20 17:56:50,929 - TdmApplication - DEBUG - FrontendConnectionHandler(id=139989811493200, session='2017-10-20T17_56_42_0'): writing {"content": {"options": [], "title": "Are you done?"}, "_sender": "IndependentGuiBackend", "_reason": null, "event_type": "GUI.POPUP"}
2017-10-20 17:56:50,929 - TdmApplication - DEBUG - FrontendConnectionHandler(id=139989811493200, session='2017-10-20T17_56_42_0'): OK
2017-10-20 17:56:50,930 - TdmApplication - DEBUG - FrontendConnectionHandler(id=139989811493200, session='2017-10-20T17_56_42_0').on_event(Event(MESSAGE_TO_GUI, [<tdm.tdm_gui_protocol.Popup instance at 0x7f51eafd9c68>], sender=GuiBackend, reason=None))
2017-10-20 17:56:50,931 - TdmApplication - DEBUG - FrontendConnectionHandler(id=139989811493200, session='2017-10-20T17_56_42_0'): writing {"content": [{"Popup": {"elements": [], "title": "Are you done?"}}], "_sender": "GuiBackend", "_reason": null, "event_type": "MESSAGE_TO_GUI"}
2017-10-20 17:56:50,931 - TdmApplication - DEBUG - FrontendConnectionHandler(id=139989811493200, session='2017-10-20T17_56_42_0'): OK
2017-10-20 17:56:50,933 - TdmApplication - DEBUG - FrontendConnectionHandler(id=139989811493200, session='2017-10-20T17_56_42_0').on_message({"content": ["", "", "Are you done?"], "_sender": "TextOutputComponent", "_reason": null, "event_type": "SYSTEM_UTTERANCE_REALIZED"})
2017-10-20 17:56:50,969 - TdmApplication - DEBUG - FrontendConnectionHandler(id=139989811493200, session='2017-10-20T17_56_42_0').on_event(Event(FACTS, [{predicate: say_step, grammar_entry: None, value: unknown step}], sender=DmeModule, reason=None))
2017-10-20 17:56:50,969 - TdmApplication - DEBUG - FrontendConnectionHandler(id=139989811493200, session='2017-10-20T17_56_42_0'): writing {"content": [{"predicate": "say_step", "grammar_entry": null, "value": "unknown step"}], "_sender": "DmeModule", "_reason": null, "event_type": "FACTS"}
2017-10-20 17:56:50,969 - TdmApplication - DEBUG - FrontendConnectionHandler(id=139989811493200, session='2017-10-20T17_56_42_0'): OK
2017-10-20 17:57:00,446 - TdmApplication - DEBUG - FrontendConnectionHandler(id=139989811493200, session='2017-10-20T17_56_42_0').on_message({"content": [{"score": 1.0, "utterance": "yes"}], "_sender": "TextInputComponent", "_reason": null, "event_type": "RECOGNITION"})
2017-10-20 17:57:00,452 - TdmApplication - DEBUG - FrontendConnectionHandler(id=139989811493200, session='2017-10-20T17_56_42_0').on_event(Event(STOP_LISTENING, None, sender=TurnManager, reason=None))
2017-10-20 17:57:00,452 - TdmApplication - DEBUG - FrontendConnectionHandler(id=139989811493200, session='2017-10-20T17_56_42_0'): writing {"content": null, "_sender": "TurnManager", "_reason": null, "event_type": "STOP_LISTENING"}
2017-10-20 17:57:00,453 - TdmApplication - DEBUG - FrontendConnectionHandler(id=139989811493200, session='2017-10-20T17_56_42_0'): OK
2017-10-20 17:57:00,532 - TdmApplication - DEBUG - FrontendConnectionHandler(id=139989811493200, session='2017-10-20T17_56_42_0').on_event(Event(SELECTED_RECOGNITION, yes, sender=DmeModule, reason=None))
2017-10-20 17:57:00,532 - TdmApplication - DEBUG - FrontendConnectionHandler(id=139989811493200, session='2017-10-20T17_56_42_0'): writing {"content": "yes", "_sender": "DmeModule", "_reason": null, "event_type": "SELECTED_RECOGNITION"}
2017-10-20 17:57:00,533 - TdmApplication - DEBUG - FrontendConnectionHandler(id=139989811493200, session='2017-10-20T17_56_42_0'): OK
2017-10-20 17:57:00,534 - TdmApplication - DEBUG - FrontendConnectionHandler(id=139989811493200, session='2017-10-20T17_56_42_0').on_event(Event(FACTS, [{predicate: say_step, grammar_entry: None, value: unknown step}], sender=DmeModule, reason=None))
2017-10-20 17:57:00,534 - TdmApplication - DEBUG - FrontendConnectionHandler(id=139989811493200, session='2017-10-20T17_56_42_0'): writing {"content": [{"predicate": "say_step", "grammar_entry": null, "value": "unknown step"}], "_sender": "DmeModule", "_reason": null, "event_type": "FACTS"}
2017-10-20 17:57:00,534 - TdmApplication - DEBUG - FrontendConnectionHandler(id=139989811493200, session='2017-10-20T17_56_42_0'): OK
2017-10-20 17:57:00,542 - TdmApplication - DEBUG - FrontendConnectionHandler(id=139989811493200, session='2017-10-20T17_56_42_0').on_event(Event(SYSTEM_UTTERANCE_TO_SPEAK, [], sender=GenerateModule, reason=None))
2017-10-20 17:57:00,542 - TdmApplication - DEBUG - FrontendConnectionHandler(id=139989811493200, session='2017-10-20T17_56_42_0'): writing {"content": [""], "_sender": "GenerateModule", "_reason": null, "event_type": "SYSTEM_UTTERANCE_TO_SPEAK"}
2017-10-20 17:57:00,542 - TdmApplication - DEBUG - FrontendConnectionHandler(id=139989811493200, session='2017-10-20T17_56_42_0'): OK
2017-10-20 17:57:00,543 - TdmApplication - DEBUG - FrontendConnectionHandler(id=139989811493200, session='2017-10-20T17_56_42_0').on_event(Event(MESSAGE_TO_GUI, [<tdm.tdm_gui_protocol.ClosePopup instance at 0x7f51e8072368>], sender=GuiBackend, reason=None))
2017-10-20 17:57:00,543 - TdmApplication - DEBUG - FrontendConnectionHandler(id=139989811493200, session='2017-10-20T17_56_42_0'): writing {"content": [{"ClosePopup": {}}], "_sender": "GuiBackend", "_reason": null, "event_type": "MESSAGE_TO_GUI"}
2017-10-20 17:57:00,543 - TdmApplication - DEBUG - FrontendConnectionHandler(id=139989811493200, session='2017-10-20T17_56_42_0'): OK
2017-10-20 17:57:00,569 - TdmApplication - DEBUG - FrontendConnectionHandler(id=139989811493200, session='2017-10-20T17_56_42_0').on_message({"content": [""], "_sender": "TextOutputComponent", "_reason": null, "event_type": "SYSTEM_UTTERANCE_REALIZED"})
2017-10-20 17:57:00,617 - TdmApplication - DEBUG - FrontendConnectionHandler(id=139989811493200, session='2017-10-20T17_56_42_0').on_event(Event(FACTS, [], sender=DmeModule, reason=None))
2017-10-20 17:57:00,617 - TdmApplication - DEBUG - FrontendConnectionHandler(id=139989811493200, session='2017-10-20T17_56_42_0'): writing {"content": [], "_sender": "DmeModule", "_reason": null, "event_type": "FACTS"}
2017-10-20 17:57:00,617 - TdmApplication - DEBUG - FrontendConnectionHandler(id=139989811493200, session='2017-10-20T17_56_42_0'): OK
2017-10-20 17:57:00,627 - TdmApplication - DEBUG - FrontendConnectionHandler(id=139989811493200, session='2017-10-20T17_56_42_0').on_event(Event(SYSTEM_UTTERANCE_TO_SPEAK, [Returning to the start view., What would you like to do?], sender=GenerateModule, reason=None))
2017-10-20 17:57:00,627 - TdmApplication - DEBUG - FrontendConnectionHandler(id=139989811493200, session='2017-10-20T17_56_42_0'): writing {"content": ["Returning to the start view.", "What would you like to do?"], "_sender": "GenerateModule", "_reason": null, "event_type": "SYSTEM_UTTERANCE_TO_SPEAK"}
2017-10-20 17:57:00,627 - TdmApplication - DEBUG - FrontendConnectionHandler(id=139989811493200, session='2017-10-20T17_56_42_0'): OK
2017-10-20 17:57:00,628 - TdmApplication - DEBUG - FrontendConnectionHandler(id=139989811493200, session='2017-10-20T17_56_42_0').on_event(Event(MESSAGE_TO_GUI, [], sender=GuiBackend, reason=None))
2017-10-20 17:57:00,628 - TdmApplication - DEBUG - FrontendConnectionHandler(id=139989811493200, session='2017-10-20T17_56_42_0'): writing {"content": [], "_sender": "GuiBackend", "_reason": null, "event_type": "MESSAGE_TO_GUI"}
2017-10-20 17:57:00,628 - TdmApplication - DEBUG - FrontendConnectionHandler(id=139989811493200, session='2017-10-20T17_56_42_0'): OK
2017-10-20 17:57:00,670 - TdmApplication - DEBUG - FrontendConnectionHandler(id=139989811493200, session='2017-10-20T17_56_42_0').on_message({"content": ["Returning to the start view.", "What would you like to do?"], "_sender": "TextOutputComponent", "_reason": null, "event_type": "SYSTEM_UTTERANCE_REALIZED"})
2017-10-20 17:57:00,696 - TdmApplication - DEBUG - FrontendConnectionHandler(id=139989811493200, session='2017-10-20T17_56_42_0').on_event(Event(FACTS, [], sender=DmeModule, reason=None))
2017-10-20 17:57:00,696 - TdmApplication - DEBUG - FrontendConnectionHandler(id=139989811493200, session='2017-10-20T17_56_42_0'): writing {"content": [], "_sender": "DmeModule", "_reason": null, "event_type": "FACTS"}
2017-10-20 17:57:00,696 - TdmApplication - DEBUG - FrontendConnectionHandler(id=139989811493200, session='2017-10-20T17_56_42_0'): OK
2017-10-20 17:57:05,072 - TdmApplication - DEBUG - FrontendConnectionHandler(id=139989811493200, session='2017-10-20T17_56_42_0').on_message({"content": [{"score": 1.0, "utterance": "go to a step"}], "_sender": "TextInputComponent", "_reason": null, "event_type": "RECOGNITION"})
2017-10-20 17:57:05,077 - TdmApplication - DEBUG - FrontendConnectionHandler(id=139989811493200, session='2017-10-20T17_56_42_0').on_event(Event(STOP_LISTENING, None, sender=TurnManager, reason=None))
2017-10-20 17:57:05,077 - TdmApplication - DEBUG - FrontendConnectionHandler(id=139989811493200, session='2017-10-20T17_56_42_0'): writing {"content": null, "_sender": "TurnManager", "_reason": null, "event_type": "STOP_LISTENING"}
2017-10-20 17:57:05,077 - TdmApplication - DEBUG - FrontendConnectionHandler(id=139989811493200, session='2017-10-20T17_56_42_0'): OK
2017-10-20 17:57:05,154 - TdmApplication - DEBUG - FrontendConnectionHandler(id=139989811493200, session='2017-10-20T17_56_42_0').on_event(Event(SELECTED_RECOGNITION, go to a step, sender=DmeModule, reason=None))
2017-10-20 17:57:05,154 - TdmApplication - DEBUG - FrontendConnectionHandler(id=139989811493200, session='2017-10-20T17_56_42_0'): writing {"content": "go to a step", "_sender": "DmeModule", "_reason": null, "event_type": "SELECTED_RECOGNITION"}
2017-10-20 17:57:05,154 - TdmApplication - DEBUG - FrontendConnectionHandler(id=139989811493200, session='2017-10-20T17_56_42_0'): OK
2017-10-20 17:57:05,155 - TdmApplication - DEBUG - FrontendConnectionHandler(id=139989811493200, session='2017-10-20T17_56_42_0').on_event(Event(FACTS, [], sender=DmeModule, reason=None))
2017-10-20 17:57:05,156 - TdmApplication - DEBUG - FrontendConnectionHandler(id=139989811493200, session='2017-10-20T17_56_42_0'): writing {"content": [], "_sender": "DmeModule", "_reason": null, "event_type": "FACTS"}
2017-10-20 17:57:05,156 - TdmApplication - DEBUG - FrontendConnectionHandler(id=139989811493200, session='2017-10-20T17_56_42_0'): OK
2017-10-20 17:57:05,168 - TdmApplication - DEBUG - FrontendConnectionHandler(id=139989811493200, session='2017-10-20T17_56_42_0').on_event(Event(SYSTEM_UTTERANCE_TO_SPEAK, [, , Which step?], sender=GenerateModule, reason=None))
2017-10-20 17:57:05,168 - TdmApplication - DEBUG - FrontendConnectionHandler(id=139989811493200, session='2017-10-20T17_56_42_0'): writing {"content": ["", "", "Which step?"], "_sender": "GenerateModule", "_reason": null, "event_type": "SYSTEM_UTTERANCE_TO_SPEAK"}
2017-10-20 17:57:05,169 - TdmApplication - DEBUG - FrontendConnectionHandler(id=139989811493200, session='2017-10-20T17_56_42_0'): OK
2017-10-20 17:57:05,170 - TdmApplication - DEBUG - FrontendConnectionHandler(id=139989811493200, session='2017-10-20T17_56_42_0').on_event(Event(MESSAGE_TO_GUI, [], sender=GuiBackend, reason=None))
2017-10-20 17:57:05,170 - TdmApplication - DEBUG - FrontendConnectionHandler(id=139989811493200, session='2017-10-20T17_56_42_0'): writing {"content": [], "_sender": "GuiBackend", "_reason": null, "event_type": "MESSAGE_TO_GUI"}
2017-10-20 17:57:05,170 - TdmApplication - DEBUG - FrontendConnectionHandler(id=139989811493200, session='2017-10-20T17_56_42_0'): OK
2017-10-20 17:57:05,174 - TdmApplication - DEBUG - FrontendConnectionHandler(id=139989811493200, session='2017-10-20T17_56_42_0').on_message({"content": ["", "", "Which step?"], "_sender": "TextOutputComponent", "_reason": null, "event_type": "SYSTEM_UTTERANCE_REALIZED"})
2017-10-20 17:57:05,208 - TdmApplication - DEBUG - FrontendConnectionHandler(id=139989811493200, session='2017-10-20T17_56_42_0').on_event(Event(FACTS, [], sender=DmeModule, reason=None))
2017-10-20 17:57:05,208 - TdmApplication - DEBUG - FrontendConnectionHandler(id=139989811493200, session='2017-10-20T17_56_42_0'): writing {"content": [], "_sender": "DmeModule", "_reason": null, "event_type": "FACTS"}
2017-10-20 17:57:05,208 - TdmApplication - DEBUG - FrontendConnectionHandler(id=139989811493200, session='2017-10-20T17_56_42_0'): OK
2017-10-20 17:57:09,618 - TdmApplication - DEBUG - FrontendConnectionHandler(id=139989811493200, session='2017-10-20T17_56_42_0').on_message({"content": [{"score": 1.0, "utterance": "step one"}], "_sender": "TextInputComponent", "_reason": null, "event_type": "RECOGNITION"})
2017-10-20 17:57:09,623 - TdmApplication - DEBUG - FrontendConnectionHandler(id=139989811493200, session='2017-10-20T17_56_42_0').on_event(Event(STOP_LISTENING, None, sender=TurnManager, reason=None))
2017-10-20 17:57:09,623 - TdmApplication - DEBUG - FrontendConnectionHandler(id=139989811493200, session='2017-10-20T17_56_42_0'): writing {"content": null, "_sender": "TurnManager", "_reason": null, "event_type": "STOP_LISTENING"}
2017-10-20 17:57:09,623 - TdmApplication - DEBUG - FrontendConnectionHandler(id=139989811493200, session='2017-10-20T17_56_42_0'): OK
2017-10-20 17:57:09,706 - TdmApplication - DEBUG - FrontendConnectionHandler(id=139989811493200, session='2017-10-20T17_56_42_0').on_event(Event(SELECTED_RECOGNITION, step one, sender=DmeModule, reason=None))
2017-10-20 17:57:09,706 - TdmApplication - DEBUG - FrontendConnectionHandler(id=139989811493200, session='2017-10-20T17_56_42_0'): writing {"content": "step one", "_sender": "DmeModule", "_reason": null, "event_type": "SELECTED_RECOGNITION"}
2017-10-20 17:57:09,706 - TdmApplication - DEBUG - FrontendConnectionHandler(id=139989811493200, session='2017-10-20T17_56_42_0'): OK
2017-10-20 17:57:09,707 - TdmApplication - DEBUG - FrontendConnectionHandler(id=139989811493200, session='2017-10-20T17_56_42_0').on_event(Event(FACTS, [{predicate: go_to_step, grammar_entry: None, value: chose a step}], sender=DmeModule, reason=None))
2017-10-20 17:57:09,707 - TdmApplication - DEBUG - FrontendConnectionHandler(id=139989811493200, session='2017-10-20T17_56_42_0'): writing {"content": [{"predicate": "go_to_step", "grammar_entry": null, "value": "chose a step"}], "_sender": "DmeModule", "_reason": null, "event_type": "FACTS"}
2017-10-20 17:57:09,707 - TdmApplication - DEBUG - FrontendConnectionHandler(id=139989811493200, session='2017-10-20T17_56_42_0'): OK
2017-10-20 17:57:09,716 - TdmApplication - DEBUG - FrontendConnectionHandler(id=139989811493200, session='2017-10-20T17_56_42_0').on_event(Event(SYSTEM_UTTERANCE_TO_SPEAK, [Ok chose a step.], sender=GenerateModule, reason=None))
2017-10-20 17:57:09,716 - TdmApplication - DEBUG - FrontendConnectionHandler(id=139989811493200, session='2017-10-20T17_56_42_0'): writing {"content": ["Ok chose a step."], "_sender": "GenerateModule", "_reason": null, "event_type": "SYSTEM_UTTERANCE_TO_SPEAK"}
2017-10-20 17:57:09,716 - TdmApplication - DEBUG - FrontendConnectionHandler(id=139989811493200, session='2017-10-20T17_56_42_0'): OK
2017-10-20 17:57:09,717 - TdmApplication - DEBUG - FrontendConnectionHandler(id=139989811493200, session='2017-10-20T17_56_42_0').on_event(Event(GUI.POPUP, {options: [], title: Ok chose a step.}, sender=IndependentGuiBackend, reason=None))
2017-10-20 17:57:09,717 - TdmApplication - DEBUG - FrontendConnectionHandler(id=139989811493200, session='2017-10-20T17_56_42_0'): writing {"content": {"options": [], "title": "Ok chose a step."}, "_sender": "IndependentGuiBackend", "_reason": null, "event_type": "GUI.POPUP"}
2017-10-20 17:57:09,717 - TdmApplication - DEBUG - FrontendConnectionHandler(id=139989811493200, session='2017-10-20T17_56_42_0'): OK
2017-10-20 17:57:09,718 - TdmApplication - DEBUG - FrontendConnectionHandler(id=139989811493200, session='2017-10-20T17_56_42_0').on_event(Event(MESSAGE_TO_GUI, [<tdm.tdm_gui_protocol.Popup instance at 0x7f51e8072518>], sender=GuiBackend, reason=None))
2017-10-20 17:57:09,718 - TdmApplication - DEBUG - FrontendConnectionHandler(id=139989811493200, session='2017-10-20T17_56_42_0'): writing {"content": [{"Popup": {"elements": [], "title": "Ok chose a step."}}], "_sender": "GuiBackend", "_reason": null, "event_type": "MESSAGE_TO_GUI"}
2017-10-20 17:57:09,718 - TdmApplication - DEBUG - FrontendConnectionHandler(id=139989811493200, session='2017-10-20T17_56_42_0'): OK
2017-10-20 17:57:09,726 - TdmApplication - DEBUG - FrontendConnectionHandler(id=139989811493200, session='2017-10-20T17_56_42_0').on_message({"content": ["Ok chose a step."], "_sender": "TextOutputComponent", "_reason": null, "event_type": "SYSTEM_UTTERANCE_REALIZED"})
2017-10-20 17:57:09,754 - TdmApplication - DEBUG - FrontendConnectionHandler(id=139989811493200, session='2017-10-20T17_56_42_0').on_event(Event(FACTS, [{predicate: go_to_step, grammar_entry: None, value: chose a step}], sender=DmeModule, reason=None))
2017-10-20 17:57:09,754 - TdmApplication - DEBUG - FrontendConnectionHandler(id=139989811493200, session='2017-10-20T17_56_42_0'): writing {"content": [{"predicate": "go_to_step", "grammar_entry": null, "value": "chose a step"}], "_sender": "DmeModule", "_reason": null, "event_type": "FACTS"}
2017-10-20 17:57:09,754 - TdmApplication - DEBUG - FrontendConnectionHandler(id=139989811493200, session='2017-10-20T17_56_42_0'): OK
2017-10-20 17:57:23,235 - TdmApplication - DEBUG - FrontendConnectionHandler(id=139989811493200, session='2017-10-20T17_56_42_0').on_message({"content": [{"score": 1.0, "utterance": "go to next"}], "_sender": "TextInputComponent", "_reason": null, "event_type": "RECOGNITION"})
2017-10-20 17:57:23,240 - TdmApplication - DEBUG - FrontendConnectionHandler(id=139989811493200, session='2017-10-20T17_56_42_0').on_event(Event(FACTS, [], sender=DmeModule, reason=None))
2017-10-20 17:57:23,240 - TdmApplication - DEBUG - FrontendConnectionHandler(id=139989811493200, session='2017-10-20T17_56_42_0'): writing {"content": [], "_sender": "DmeModule", "_reason": null, "event_type": "FACTS"}
2017-10-20 17:57:23,241 - TdmApplication - DEBUG - FrontendConnectionHandler(id=139989811493200, session='2017-10-20T17_56_42_0'): OK
2017-10-20 17:57:23,250 - TdmApplication - DEBUG - FrontendConnectionHandler(id=139989811493200, session='2017-10-20T17_56_42_0').on_event(Event(STOP_SPEAKING, None, sender=TurnManager, reason=None))
2017-10-20 17:57:23,250 - TdmApplication - DEBUG - FrontendConnectionHandler(id=139989811493200, session='2017-10-20T17_56_42_0'): writing {"content": null, "_sender": "TurnManager", "_reason": null, "event_type": "STOP_SPEAKING"}
2017-10-20 17:57:23,250 - TdmApplication - DEBUG - FrontendConnectionHandler(id=139989811493200, session='2017-10-20T17_56_42_0'): OK
2017-10-20 17:57:23,251 - TdmApplication - DEBUG - FrontendConnectionHandler(id=139989811493200, session='2017-10-20T17_56_42_0').on_event(Event(SYSTEM_UTTERANCE_TO_SPEAK, [Returning to the start view., What would you like to do?], sender=GenerateModule, reason=None))
2017-10-20 17:57:23,251 - TdmApplication - DEBUG - FrontendConnectionHandler(id=139989811493200, session='2017-10-20T17_56_42_0'): writing {"content": ["Returning to the start view.", "What would you like to do?"], "_sender": "GenerateModule", "_reason": null, "event_type": "SYSTEM_UTTERANCE_TO_SPEAK"}
2017-10-20 17:57:23,251 - TdmApplication - DEBUG - FrontendConnectionHandler(id=139989811493200, session='2017-10-20T17_56_42_0'): OK
2017-10-20 17:57:23,252 - TdmApplication - DEBUG - FrontendConnectionHandler(id=139989811493200, session='2017-10-20T17_56_42_0').on_event(Event(MESSAGE_TO_GUI, [<tdm.tdm_gui_protocol.ClosePopup instance at 0x7f51e88c0878>], sender=GuiBackend, reason=None))
2017-10-20 17:57:23,252 - TdmApplication - DEBUG - FrontendConnectionHandler(id=139989811493200, session='2017-10-20T17_56_42_0'): writing {"content": [{"ClosePopup": {}}], "_sender": "GuiBackend", "_reason": null, "event_type": "MESSAGE_TO_GUI"}
2017-10-20 17:57:23,253 - TdmApplication - DEBUG - FrontendConnectionHandler(id=139989811493200, session='2017-10-20T17_56_42_0'): OK
2017-10-20 17:57:23,276 - TdmApplication - DEBUG - FrontendConnectionHandler(id=139989811493200, session='2017-10-20T17_56_42_0').on_message({"content": ["Returning to the start view.", "What would you like to do?"], "_sender": "TextOutputComponent", "_reason": null, "event_type": "SYSTEM_UTTERANCE_REALIZED"})
2017-10-20 17:57:23,300 - TdmApplication - DEBUG - FrontendConnectionHandler(id=139989811493200, session='2017-10-20T17_56_42_0').on_event(Event(FACTS, [], sender=DmeModule, reason=None))
2017-10-20 17:57:23,300 - TdmApplication - DEBUG - FrontendConnectionHandler(id=139989811493200, session='2017-10-20T17_56_42_0'): writing {"content": [], "_sender": "DmeModule", "_reason": null, "event_type": "FACTS"}
2017-10-20 17:57:23,301 - TdmApplication - DEBUG - FrontendConnectionHandler(id=139989811493200, session='2017-10-20T17_56_42_0'): OK
2017-10-20 17:57:23,371 - TdmApplication - DEBUG - FrontendConnectionHandler(id=139989811493200, session='2017-10-20T17_56_42_0').on_event(Event(SELECTED_RECOGNITION, go to next, sender=DmeModule, reason=None))
2017-10-20 17:57:23,371 - TdmApplication - DEBUG - FrontendConnectionHandler(id=139989811493200, session='2017-10-20T17_56_42_0'): writing {"content": "go to next", "_sender": "DmeModule", "_reason": null, "event_type": "SELECTED_RECOGNITION"}
2017-10-20 17:57:23,371 - TdmApplication - DEBUG - FrontendConnectionHandler(id=139989811493200, session='2017-10-20T17_56_42_0'): OK
2017-10-20 17:57:23,372 - TdmApplication - DEBUG - FrontendConnectionHandler(id=139989811493200, session='2017-10-20T17_56_42_0').on_event(Event(FACTS, [], sender=DmeModule, reason=None))
2017-10-20 17:57:23,372 - TdmApplication - DEBUG - FrontendConnectionHandler(id=139989811493200, session='2017-10-20T17_56_42_0'): writing {"content": [], "_sender": "DmeModule", "_reason": null, "event_type": "FACTS"}
2017-10-20 17:57:23,372 - TdmApplication - DEBUG - FrontendConnectionHandler(id=139989811493200, session='2017-10-20T17_56_42_0'): OK
2017-10-20 17:57:23,381 - TdmApplication - DEBUG - FrontendConnectionHandler(id=139989811493200, session='2017-10-20T17_56_42_0').on_event(Event(SYSTEM_UTTERANCE_TO_SPEAK, [, Went to next], sender=GenerateModule, reason=None))
2017-10-20 17:57:23,381 - TdmApplication - DEBUG - FrontendConnectionHandler(id=139989811493200, session='2017-10-20T17_56_42_0'): writing {"content": ["", "Went to next"], "_sender": "GenerateModule", "_reason": null, "event_type": "SYSTEM_UTTERANCE_TO_SPEAK"}
2017-10-20 17:57:23,381 - TdmApplication - DEBUG - FrontendConnectionHandler(id=139989811493200, session='2017-10-20T17_56_42_0'): OK
2017-10-20 17:57:23,382 - TdmApplication - DEBUG - FrontendConnectionHandler(id=139989811493200, session='2017-10-20T17_56_42_0').on_event(Event(GUI.POPUP, {options: [], title: Went to next}, sender=IndependentGuiBackend, reason=None))
2017-10-20 17:57:23,382 - TdmApplication - DEBUG - FrontendConnectionHandler(id=139989811493200, session='2017-10-20T17_56_42_0'): writing {"content": {"options": [], "title": "Went to next"}, "_sender": "IndependentGuiBackend", "_reason": null, "event_type": "GUI.POPUP"}
2017-10-20 17:57:23,382 - TdmApplication - DEBUG - FrontendConnectionHandler(id=139989811493200, session='2017-10-20T17_56_42_0'): OK
2017-10-20 17:57:23,383 - TdmApplication - DEBUG - FrontendConnectionHandler(id=139989811493200, session='2017-10-20T17_56_42_0').on_event(Event(MESSAGE_TO_GUI, [<tdm.tdm_gui_protocol.DeviceResult instance at 0x7f51e88c66c8>, <tdm.tdm_gui_protocol.Popup instance at 0x7f51e8031170>], sender=GuiBackend, reason=None))
2017-10-20 17:57:23,383 - TdmApplication - DEBUG - FrontendConnectionHandler(id=139989811493200, session='2017-10-20T17_56_42_0'): writing {"content": [{"DeviceResult": {"action": "go_to_next", "result": true, "arguments": {}, "failure_reason": null}}, {"Popup": {"elements": [], "title": "Went to next"}}], "_sender": "GuiBackend", "_reason": null, "event_type": "MESSAGE_TO_GUI"}
2017-10-20 17:57:23,383 - TdmApplication - DEBUG - FrontendConnectionHandler(id=139989811493200, session='2017-10-20T17_56_42_0'): OK
2017-10-20 17:57:23,392 - TdmApplication - DEBUG - FrontendConnectionHandler(id=139989811493200, session='2017-10-20T17_56_42_0').on_message({"content": ["", "Went to next"], "_sender": "TextOutputComponent", "_reason": null, "event_type": "SYSTEM_UTTERANCE_REALIZED"})
2017-10-20 17:57:23,456 - TdmApplication - DEBUG - FrontendConnectionHandler(id=139989811493200, session='2017-10-20T17_56_42_0').on_event(Event(FACTS, [{predicate: say_step, grammar_entry: None, value:  Step one: Chop onions and garlic.}], sender=DmeModule, reason=None))
2017-10-20 17:57:23,456 - TdmApplication - DEBUG - FrontendConnectionHandler(id=139989811493200, session='2017-10-20T17_56_42_0'): writing {"content": [{"predicate": "say_step", "grammar_entry": null, "value": " Step one: Chop onions and garlic."}], "_sender": "DmeModule", "_reason": null, "event_type": "FACTS"}
2017-10-20 17:57:23,456 - TdmApplication - DEBUG - FrontendConnectionHandler(id=139989811493200, session='2017-10-20T17_56_42_0'): OK
2017-10-20 17:57:23,469 - TdmApplication - DEBUG - FrontendConnectionHandler(id=139989811493200, session='2017-10-20T17_56_42_0').on_event(Event(SYSTEM_UTTERANCE_TO_SPEAK, [, Are you done?], sender=GenerateModule, reason=None))
2017-10-20 17:57:23,469 - TdmApplication - DEBUG - FrontendConnectionHandler(id=139989811493200, session='2017-10-20T17_56_42_0'): writing {"content": ["", "Are you done?"], "_sender": "GenerateModule", "_reason": null, "event_type": "SYSTEM_UTTERANCE_TO_SPEAK"}
2017-10-20 17:57:23,470 - TdmApplication - DEBUG - FrontendConnectionHandler(id=139989811493200, session='2017-10-20T17_56_42_0'): OK
2017-10-20 17:57:23,470 - TdmApplication - DEBUG - FrontendConnectionHandler(id=139989811493200, session='2017-10-20T17_56_42_0').on_event(Event(GUI.POPUP, {options: [], title: Are you done?}, sender=IndependentGuiBackend, reason=None))
2017-10-20 17:57:23,470 - TdmApplication - DEBUG - FrontendConnectionHandler(id=139989811493200, session='2017-10-20T17_56_42_0'): writing {"content": {"options": [], "title": "Are you done?"}, "_sender": "IndependentGuiBackend", "_reason": null, "event_type": "GUI.POPUP"}
2017-10-20 17:57:23,471 - TdmApplication - DEBUG - FrontendConnectionHandler(id=139989811493200, session='2017-10-20T17_56_42_0'): OK
2017-10-20 17:57:23,472 - TdmApplication - DEBUG - FrontendConnectionHandler(id=139989811493200, session='2017-10-20T17_56_42_0').on_event(Event(MESSAGE_TO_GUI, [<tdm.tdm_gui_protocol.ClosePopup instance at 0x7f51e8031cf8>, <tdm.tdm_gui_protocol.Popup instance at 0x7f51e88c96c8>], sender=GuiBackend, reason=None))
2017-10-20 17:57:23,472 - TdmApplication - DEBUG - FrontendConnectionHandler(id=139989811493200, session='2017-10-20T17_56_42_0'): writing {"content": [{"ClosePopup": {}}, {"Popup": {"elements": [], "title": "Are you done?"}}], "_sender": "GuiBackend", "_reason": null, "event_type": "MESSAGE_TO_GUI"}
2017-10-20 17:57:23,472 - TdmApplication - DEBUG - FrontendConnectionHandler(id=139989811493200, session='2017-10-20T17_56_42_0'): OK
2017-10-20 17:57:23,504 - TdmApplication - DEBUG - FrontendConnectionHandler(id=139989811493200, session='2017-10-20T17_56_42_0').on_message({"content": ["", "Are you done?"], "_sender": "TextOutputComponent", "_reason": null, "event_type": "SYSTEM_UTTERANCE_REALIZED"})
2017-10-20 17:57:23,531 - TdmApplication - DEBUG - FrontendConnectionHandler(id=139989811493200, session='2017-10-20T17_56_42_0').on_event(Event(FACTS, [{predicate: say_step, grammar_entry: None, value:  Step one: Chop onions and garlic.}], sender=DmeModule, reason=None))
2017-10-20 17:57:23,531 - TdmApplication - DEBUG - FrontendConnectionHandler(id=139989811493200, session='2017-10-20T17_56_42_0'): writing {"content": [{"predicate": "say_step", "grammar_entry": null, "value": " Step one: Chop onions and garlic."}], "_sender": "DmeModule", "_reason": null, "event_type": "FACTS"}
2017-10-20 17:57:23,531 - TdmApplication - DEBUG - FrontendConnectionHandler(id=139989811493200, session='2017-10-20T17_56_42_0'): OK
2017-10-20 17:58:13,331 - TdmApplication - DEBUG - FrontendConnectionHandler(id=139989811493200, session='2017-10-20T17_56_42_0').on_message({"content": [{"score": 1.0, "utterance": "no"}], "_sender": "TextInputComponent", "_reason": null, "event_type": "RECOGNITION"})
2017-10-20 17:58:13,337 - TdmApplication - DEBUG - FrontendConnectionHandler(id=139989811493200, session='2017-10-20T17_56_42_0').on_event(Event(STOP_LISTENING, None, sender=TurnManager, reason=None))
2017-10-20 17:58:13,337 - TdmApplication - DEBUG - FrontendConnectionHandler(id=139989811493200, session='2017-10-20T17_56_42_0'): writing {"content": null, "_sender": "TurnManager", "_reason": null, "event_type": "STOP_LISTENING"}
2017-10-20 17:58:13,337 - TdmApplication - DEBUG - FrontendConnectionHandler(id=139989811493200, session='2017-10-20T17_56_42_0'): OK
2017-10-20 17:58:13,424 - TdmApplication - DEBUG - FrontendConnectionHandler(id=139989811493200, session='2017-10-20T17_56_42_0').on_event(Event(SELECTED_RECOGNITION, no, sender=DmeModule, reason=None))
2017-10-20 17:58:13,424 - TdmApplication - DEBUG - FrontendConnectionHandler(id=139989811493200, session='2017-10-20T17_56_42_0'): writing {"content": "no", "_sender": "DmeModule", "_reason": null, "event_type": "SELECTED_RECOGNITION"}
2017-10-20 17:58:13,424 - TdmApplication - DEBUG - FrontendConnectionHandler(id=139989811493200, session='2017-10-20T17_56_42_0'): OK
2017-10-20 17:58:13,425 - TdmApplication - DEBUG - FrontendConnectionHandler(id=139989811493200, session='2017-10-20T17_56_42_0').on_event(Event(FACTS, [{predicate: say_step, grammar_entry: None, value:  Step one: Chop onions and garlic.}], sender=DmeModule, reason=None))
2017-10-20 17:58:13,425 - TdmApplication - DEBUG - FrontendConnectionHandler(id=139989811493200, session='2017-10-20T17_56_42_0'): writing {"content": [{"predicate": "say_step", "grammar_entry": null, "value": " Step one: Chop onions and garlic."}], "_sender": "DmeModule", "_reason": null, "event_type": "FACTS"}
2017-10-20 17:58:13,425 - TdmApplication - DEBUG - FrontendConnectionHandler(id=139989811493200, session='2017-10-20T17_56_42_0'): OK
2017-10-20 17:58:13,434 - TdmApplication - DEBUG - FrontendConnectionHandler(id=139989811493200, session='2017-10-20T17_56_42_0').on_event(Event(SYSTEM_UTTERANCE_TO_SPEAK, [], sender=GenerateModule, reason=None))
2017-10-20 17:58:13,434 - TdmApplication - DEBUG - FrontendConnectionHandler(id=139989811493200, session='2017-10-20T17_56_42_0'): writing {"content": [""], "_sender": "GenerateModule", "_reason": null, "event_type": "SYSTEM_UTTERANCE_TO_SPEAK"}
2017-10-20 17:58:13,434 - TdmApplication - DEBUG - FrontendConnectionHandler(id=139989811493200, session='2017-10-20T17_56_42_0'): OK
2017-10-20 17:58:13,435 - TdmApplication - DEBUG - FrontendConnectionHandler(id=139989811493200, session='2017-10-20T17_56_42_0').on_event(Event(MESSAGE_TO_GUI, [<tdm.tdm_gui_protocol.ClosePopup instance at 0x7f51e8031560>], sender=GuiBackend, reason=None))
2017-10-20 17:58:13,435 - TdmApplication - DEBUG - FrontendConnectionHandler(id=139989811493200, session='2017-10-20T17_56_42_0'): writing {"content": [{"ClosePopup": {}}], "_sender": "GuiBackend", "_reason": null, "event_type": "MESSAGE_TO_GUI"}
2017-10-20 17:58:13,435 - TdmApplication - DEBUG - FrontendConnectionHandler(id=139989811493200, session='2017-10-20T17_56_42_0'): OK
2017-10-20 17:58:13,456 - TdmApplication - DEBUG - FrontendConnectionHandler(id=139989811493200, session='2017-10-20T17_56_42_0').on_message({"content": [""], "_sender": "TextOutputComponent", "_reason": null, "event_type": "SYSTEM_UTTERANCE_REALIZED"})
2017-10-20 17:58:13,510 - TdmApplication - DEBUG - FrontendConnectionHandler(id=139989811493200, session='2017-10-20T17_56_42_0').on_event(Event(FACTS, [], sender=DmeModule, reason=None))
2017-10-20 17:58:13,510 - TdmApplication - DEBUG - FrontendConnectionHandler(id=139989811493200, session='2017-10-20T17_56_42_0'): writing {"content": [], "_sender": "DmeModule", "_reason": null, "event_type": "FACTS"}
2017-10-20 17:58:13,510 - TdmApplication - DEBUG - FrontendConnectionHandler(id=139989811493200, session='2017-10-20T17_56_42_0'): OK
2017-10-20 17:58:13,522 - TdmApplication - DEBUG - FrontendConnectionHandler(id=139989811493200, session='2017-10-20T17_56_42_0').on_event(Event(SYSTEM_UTTERANCE_TO_SPEAK, [Returning to the start view., What would you like to do?], sender=GenerateModule, reason=None))
2017-10-20 17:58:13,522 - TdmApplication - DEBUG - FrontendConnectionHandler(id=139989811493200, session='2017-10-20T17_56_42_0'): writing {"content": ["Returning to the start view.", "What would you like to do?"], "_sender": "GenerateModule", "_reason": null, "event_type": "SYSTEM_UTTERANCE_TO_SPEAK"}
2017-10-20 17:58:13,522 - TdmApplication - DEBUG - FrontendConnectionHandler(id=139989811493200, session='2017-10-20T17_56_42_0'): OK
2017-10-20 17:58:13,523 - TdmApplication - DEBUG - FrontendConnectionHandler(id=139989811493200, session='2017-10-20T17_56_42_0').on_event(Event(MESSAGE_TO_GUI, [], sender=GuiBackend, reason=None))
2017-10-20 17:58:13,523 - TdmApplication - DEBUG - FrontendConnectionHandler(id=139989811493200, session='2017-10-20T17_56_42_0'): writing {"content": [], "_sender": "GuiBackend", "_reason": null, "event_type": "MESSAGE_TO_GUI"}
2017-10-20 17:58:13,523 - TdmApplication - DEBUG - FrontendConnectionHandler(id=139989811493200, session='2017-10-20T17_56_42_0'): OK
2017-10-20 17:58:13,567 - TdmApplication - DEBUG - FrontendConnectionHandler(id=139989811493200, session='2017-10-20T17_56_42_0').on_message({"content": ["Returning to the start view.", "What would you like to do?"], "_sender": "TextOutputComponent", "_reason": null, "event_type": "SYSTEM_UTTERANCE_REALIZED"})
2017-10-20 17:58:13,593 - TdmApplication - DEBUG - FrontendConnectionHandler(id=139989811493200, session='2017-10-20T17_56_42_0').on_event(Event(FACTS, [], sender=DmeModule, reason=None))
2017-10-20 17:58:13,594 - TdmApplication - DEBUG - FrontendConnectionHandler(id=139989811493200, session='2017-10-20T17_56_42_0'): writing {"content": [], "_sender": "DmeModule", "_reason": null, "event_type": "FACTS"}
2017-10-20 17:58:13,594 - TdmApplication - DEBUG - FrontendConnectionHandler(id=139989811493200, session='2017-10-20T17_56_42_0'): OK
2017-10-20 17:58:33,996 - TdmApplication - DEBUG - FrontendConnectionHandler(id=139989811493200, session='2017-10-20T17_56_42_0').on_message({"content": [{"score": 1.0, "utterance": "tell me what to do"}], "_sender": "TextInputComponent", "_reason": null, "event_type": "RECOGNITION"})
2017-10-20 17:58:34,001 - TdmApplication - DEBUG - FrontendConnectionHandler(id=139989811493200, session='2017-10-20T17_56_42_0').on_event(Event(STOP_LISTENING, None, sender=TurnManager, reason=None))
2017-10-20 17:58:34,001 - TdmApplication - DEBUG - FrontendConnectionHandler(id=139989811493200, session='2017-10-20T17_56_42_0'): writing {"content": null, "_sender": "TurnManager", "_reason": null, "event_type": "STOP_LISTENING"}
2017-10-20 17:58:34,001 - TdmApplication - DEBUG - FrontendConnectionHandler(id=139989811493200, session='2017-10-20T17_56_42_0'): OK
2017-10-20 17:58:34,083 - TdmApplication - DEBUG - FrontendConnectionHandler(id=139989811493200, session='2017-10-20T17_56_42_0').on_event(Event(SELECTED_RECOGNITION, tell me what to do, sender=DmeModule, reason=None))
2017-10-20 17:58:34,083 - TdmApplication - DEBUG - FrontendConnectionHandler(id=139989811493200, session='2017-10-20T17_56_42_0'): writing {"content": "tell me what to do", "_sender": "DmeModule", "_reason": null, "event_type": "SELECTED_RECOGNITION"}
2017-10-20 17:58:34,083 - TdmApplication - DEBUG - FrontendConnectionHandler(id=139989811493200, session='2017-10-20T17_56_42_0'): OK
2017-10-20 17:58:34,084 - TdmApplication - DEBUG - FrontendConnectionHandler(id=139989811493200, session='2017-10-20T17_56_42_0').on_event(Event(FACTS, [{predicate: say_step, grammar_entry: None, value:  Step one: Chop onions and garlic.}], sender=DmeModule, reason=None))
2017-10-20 17:58:34,085 - TdmApplication - DEBUG - FrontendConnectionHandler(id=139989811493200, session='2017-10-20T17_56_42_0'): writing {"content": [{"predicate": "say_step", "grammar_entry": null, "value": " Step one: Chop onions and garlic."}], "_sender": "DmeModule", "_reason": null, "event_type": "FACTS"}
2017-10-20 17:58:34,085 - TdmApplication - DEBUG - FrontendConnectionHandler(id=139989811493200, session='2017-10-20T17_56_42_0'): OK
2017-10-20 17:58:34,098 - TdmApplication - DEBUG - FrontendConnectionHandler(id=139989811493200, session='2017-10-20T17_56_42_0').on_event(Event(SYSTEM_UTTERANCE_TO_SPEAK, [, , Are you done?], sender=GenerateModule, reason=None))
2017-10-20 17:58:34,098 - TdmApplication - DEBUG - FrontendConnectionHandler(id=139989811493200, session='2017-10-20T17_56_42_0'): writing {"content": ["", "", "Are you done?"], "_sender": "GenerateModule", "_reason": null, "event_type": "SYSTEM_UTTERANCE_TO_SPEAK"}
2017-10-20 17:58:34,098 - TdmApplication - DEBUG - FrontendConnectionHandler(id=139989811493200, session='2017-10-20T17_56_42_0'): OK
2017-10-20 17:58:34,099 - TdmApplication - DEBUG - FrontendConnectionHandler(id=139989811493200, session='2017-10-20T17_56_42_0').on_event(Event(GUI.POPUP, {options: [], title: Are you done?}, sender=IndependentGuiBackend, reason=None))
2017-10-20 17:58:34,099 - TdmApplication - DEBUG - FrontendConnectionHandler(id=139989811493200, session='2017-10-20T17_56_42_0'): writing {"content": {"options": [], "title": "Are you done?"}, "_sender": "IndependentGuiBackend", "_reason": null, "event_type": "GUI.POPUP"}
2017-10-20 17:58:34,099 - TdmApplication - DEBUG - FrontendConnectionHandler(id=139989811493200, session='2017-10-20T17_56_42_0'): OK
2017-10-20 17:58:34,101 - TdmApplication - DEBUG - FrontendConnectionHandler(id=139989811493200, session='2017-10-20T17_56_42_0').on_event(Event(MESSAGE_TO_GUI, [<tdm.tdm_gui_protocol.Popup instance at 0x7f51e8099098>], sender=GuiBackend, reason=None))
2017-10-20 17:58:34,101 - TdmApplication - DEBUG - FrontendConnectionHandler(id=139989811493200, session='2017-10-20T17_56_42_0'): writing {"content": [{"Popup": {"elements": [], "title": "Are you done?"}}], "_sender": "GuiBackend", "_reason": null, "event_type": "MESSAGE_TO_GUI"}
2017-10-20 17:58:34,101 - TdmApplication - DEBUG - FrontendConnectionHandler(id=139989811493200, session='2017-10-20T17_56_42_0'): OK
2017-10-20 17:58:34,106 - TdmApplication - DEBUG - FrontendConnectionHandler(id=139989811493200, session='2017-10-20T17_56_42_0').on_message({"content": ["", "", "Are you done?"], "_sender": "TextOutputComponent", "_reason": null, "event_type": "SYSTEM_UTTERANCE_REALIZED"})
2017-10-20 17:58:34,140 - TdmApplication - DEBUG - FrontendConnectionHandler(id=139989811493200, session='2017-10-20T17_56_42_0').on_event(Event(FACTS, [{predicate: say_step, grammar_entry: None, value:  Step one: Chop onions and garlic.}], sender=DmeModule, reason=None))
2017-10-20 17:58:34,140 - TdmApplication - DEBUG - FrontendConnectionHandler(id=139989811493200, session='2017-10-20T17_56_42_0'): writing {"content": [{"predicate": "say_step", "grammar_entry": null, "value": " Step one: Chop onions and garlic."}], "_sender": "DmeModule", "_reason": null, "event_type": "FACTS"}
2017-10-20 17:58:34,140 - TdmApplication - DEBUG - FrontendConnectionHandler(id=139989811493200, session='2017-10-20T17_56_42_0'): OK
2017-10-20 17:59:26,318 - TdmApplication - DEBUG - FrontendConnectionHandler(id=139989811493200, session='2017-10-20T17_56_42_0').on_close()
2017-10-20 17:59:26,318 - TdmApplication - DEBUG - SessionManager.stop('2017-10-20T17_56_42_0')
2017-10-20 17:59:26,321 - TdmApplication - DEBUG - TdmApplication.stop(): Stopping HTTP server
2017-10-20 17:59:26,322 - TdmApplication - DEBUG - TdmApplication.stop(): Stopping IO-loop
2017-10-20 17:59:26,322 - TdmApplication - DEBUG - TdmApplication.stop(): Stopping sessions []
