2017-10-24 11:20:24,756 - TdmApplication - DEBUG - DddDb().__init__(name='ddds', default_ddds=[u'recipehelp'])
2017-10-24 11:20:24,756 - TdmApplication - DEBUG - DddDb(): DB file name is '/home/gusmatssar/recipedialogue/tdm/ddds.json'
2017-10-24 11:20:24,764 - TdmApplication - DEBUG - FrontendConnectionHandler(id=139685262870864, session=None).open()
2017-10-24 11:20:24,766 - TdmApplication - DEBUG - thread_manager.create_thread() with threading.active_count()=3
2017-10-24 11:20:24,767 - TdmApplication - DEBUG - FrontendConnectionHandler(id=139685262870864, session=None).on_message({"handshake_content": {"session_id": null, "keep_session_alive": false}, "name": "Frontend"})
2017-10-24 11:20:24,767 - TdmApplication - DEBUG - FrontendConnectionHandler(id=139685262870864, session=None)._register({"handshake_content": {"session_id": null, "keep_session_alive": false}, "name": "Frontend"})
2017-10-24 11:20:24,768 - TdmApplication - DEBUG - thread_manager.create_thread() with threading.active_count()=4
2017-10-24 11:20:24,769 - TdmApplication - DEBUG - Creating backend and session with id 2017-10-24T11_20_24_0.
2017-10-24 11:20:24,803 - TdmApplication - DEBUG - FrontendConnectionHandler._register: Registered in session 2017-10-24T11_20_24_0 with backend <ThreadedBackend(ThreadedBackend, started daemon 139685020038912)>.
2017-10-24 11:20:24,803 - TdmApplication - DEBUG - FrontendConnectionHandler(id=139685262870864, session='2017-10-24T11_20_24_0').on_event(Event(REGISTER_BACKEND, None, sender=Backend, reason=None))
2017-10-24 11:20:24,804 - TdmApplication - DEBUG - FrontendConnectionHandler(id=139685262870864, session='2017-10-24T11_20_24_0'): writing {"content": null, "_sender": "Backend", "_reason": null, "event_type": "REGISTER_BACKEND"}
2017-10-24 11:20:24,804 - TdmApplication - DEBUG - FrontendConnectionHandler(id=139685262870864, session='2017-10-24T11_20_24_0'): OK
2017-10-24 11:20:24,836 - TdmApplication - DEBUG - FrontendConnectionHandler(id=139685262870864, session='2017-10-24T11_20_24_0').on_message({"content": null, "_sender": "Frontend", "_reason": null, "event_type": "FRONTEND_READY"})
2017-10-24 11:20:24,838 - TdmApplication - DEBUG - FrontendConnectionHandler(id=139685262870864, session='2017-10-24T11_20_24_0').on_event(Event(BACKEND_READY, None, sender=Backend, reason=None))
2017-10-24 11:20:24,838 - TdmApplication - DEBUG - FrontendConnectionHandler(id=139685262870864, session='2017-10-24T11_20_24_0'): writing {"content": null, "_sender": "Backend", "_reason": null, "event_type": "BACKEND_READY"}
2017-10-24 11:20:24,838 - TdmApplication - DEBUG - FrontendConnectionHandler(id=139685262870864, session='2017-10-24T11_20_24_0'): OK
2017-10-24 11:20:24,844 - TdmApplication - DEBUG - FrontendConnectionHandler(id=139685262870864, session='2017-10-24T11_20_24_0').on_message({"content": null, "_sender": "Frontend", "_reason": null, "event_type": "START"})
2017-10-24 11:20:24,880 - TdmApplication - DEBUG - FrontendConnectionHandler(id=139685262870864, session='2017-10-24T11_20_24_0').on_event(Event(SET_DDD, {ddd_name: recipehelp, language_code: eng}, sender=DmeModule, reason=None))
2017-10-24 11:20:24,880 - TdmApplication - DEBUG - FrontendConnectionHandler(id=139685262870864, session='2017-10-24T11_20_24_0'): writing {"content": {"ddd_name": "recipehelp", "language_code": "eng"}, "_sender": "DmeModule", "_reason": null, "event_type": "SET_DDD"}
2017-10-24 11:20:24,880 - TdmApplication - DEBUG - FrontendConnectionHandler(id=139685262870864, session='2017-10-24T11_20_24_0'): OK
2017-10-24 11:20:24,881 - TdmApplication - DEBUG - FrontendConnectionHandler(id=139685262870864, session='2017-10-24T11_20_24_0').on_event(Event(FACTS, [], sender=DmeModule, reason=None))
2017-10-24 11:20:24,881 - TdmApplication - DEBUG - FrontendConnectionHandler(id=139685262870864, session='2017-10-24T11_20_24_0'): writing {"content": [], "_sender": "DmeModule", "_reason": null, "event_type": "FACTS"}
2017-10-24 11:20:24,881 - TdmApplication - DEBUG - FrontendConnectionHandler(id=139685262870864, session='2017-10-24T11_20_24_0'): OK
2017-10-24 11:20:24,893 - TdmApplication - DEBUG - FrontendConnectionHandler(id=139685262870864, session='2017-10-24T11_20_24_0').on_event(Event(SYSTEM_UTTERANCE_TO_SPEAK, [, What would you like to do?], sender=GenerateModule, reason=None))
2017-10-24 11:20:24,893 - TdmApplication - DEBUG - FrontendConnectionHandler(id=139685262870864, session='2017-10-24T11_20_24_0'): writing {"content": ["", "What would you like to do?"], "_sender": "GenerateModule", "_reason": null, "event_type": "SYSTEM_UTTERANCE_TO_SPEAK"}
2017-10-24 11:20:24,893 - TdmApplication - DEBUG - FrontendConnectionHandler(id=139685262870864, session='2017-10-24T11_20_24_0'): OK
2017-10-24 11:20:24,893 - TdmApplication - DEBUG - FrontendConnectionHandler(id=139685262870864, session='2017-10-24T11_20_24_0').on_event(Event(MESSAGE_TO_GUI, [], sender=GuiBackend, reason=None))
2017-10-24 11:20:24,894 - TdmApplication - DEBUG - FrontendConnectionHandler(id=139685262870864, session='2017-10-24T11_20_24_0'): writing {"content": [], "_sender": "GuiBackend", "_reason": null, "event_type": "MESSAGE_TO_GUI"}
2017-10-24 11:20:24,894 - TdmApplication - DEBUG - FrontendConnectionHandler(id=139685262870864, session='2017-10-24T11_20_24_0'): OK
2017-10-24 11:20:24,952 - TdmApplication - DEBUG - FrontendConnectionHandler(id=139685262870864, session='2017-10-24T11_20_24_0').on_message({"content": ["", "What would you like to do?"], "_sender": "TextOutputComponent", "_reason": null, "event_type": "SYSTEM_UTTERANCE_REALIZED"})
2017-10-24 11:20:24,973 - TdmApplication - DEBUG - FrontendConnectionHandler(id=139685262870864, session='2017-10-24T11_20_24_0').on_event(Event(FACTS, [], sender=DmeModule, reason=None))
2017-10-24 11:20:24,973 - TdmApplication - DEBUG - FrontendConnectionHandler(id=139685262870864, session='2017-10-24T11_20_24_0'): writing {"content": [], "_sender": "DmeModule", "_reason": null, "event_type": "FACTS"}
2017-10-24 11:20:24,973 - TdmApplication - DEBUG - FrontendConnectionHandler(id=139685262870864, session='2017-10-24T11_20_24_0'): OK
2017-10-24 11:23:17,031 - TdmApplication - DEBUG - FrontendConnectionHandler(id=139685262870864, session='2017-10-24T11_20_24_0').on_message({"content": [{"score": 1.0, "utterance": "tell me what to do"}], "_sender": "TextInputComponent", "_reason": null, "event_type": "RECOGNITION"})
2017-10-24 11:23:17,040 - TdmApplication - DEBUG - FrontendConnectionHandler(id=139685262870864, session='2017-10-24T11_20_24_0').on_event(Event(STOP_LISTENING, None, sender=TurnManager, reason=None))
2017-10-24 11:23:17,041 - TdmApplication - DEBUG - FrontendConnectionHandler(id=139685262870864, session='2017-10-24T11_20_24_0'): writing {"content": null, "_sender": "TurnManager", "_reason": null, "event_type": "STOP_LISTENING"}
2017-10-24 11:23:17,041 - TdmApplication - DEBUG - FrontendConnectionHandler(id=139685262870864, session='2017-10-24T11_20_24_0'): OK
2017-10-24 11:23:17,113 - TdmApplication - DEBUG - FrontendConnectionHandler(id=139685262870864, session='2017-10-24T11_20_24_0').on_event(Event(SELECTED_RECOGNITION, tell me what to do, sender=DmeModule, reason=None))
2017-10-24 11:23:17,113 - TdmApplication - DEBUG - FrontendConnectionHandler(id=139685262870864, session='2017-10-24T11_20_24_0'): writing {"content": "tell me what to do", "_sender": "DmeModule", "_reason": null, "event_type": "SELECTED_RECOGNITION"}
2017-10-24 11:23:17,113 - TdmApplication - DEBUG - FrontendConnectionHandler(id=139685262870864, session='2017-10-24T11_20_24_0'): OK
2017-10-24 11:23:17,114 - TdmApplication - DEBUG - FrontendConnectionHandler(id=139685262870864, session='2017-10-24T11_20_24_0').on_event(Event(FACTS, [{predicate: say_step, grammar_entry: None, value: 0}], sender=DmeModule, reason=None))
2017-10-24 11:23:17,114 - TdmApplication - DEBUG - FrontendConnectionHandler(id=139685262870864, session='2017-10-24T11_20_24_0'): writing {"content": [{"predicate": "say_step", "grammar_entry": null, "value": "0"}], "_sender": "DmeModule", "_reason": null, "event_type": "FACTS"}
2017-10-24 11:23:17,114 - TdmApplication - DEBUG - FrontendConnectionHandler(id=139685262870864, session='2017-10-24T11_20_24_0'): OK
2017-10-24 11:23:17,125 - TdmApplication - DEBUG - FrontendConnectionHandler(id=139685262870864, session='2017-10-24T11_20_24_0').on_event(Event(SYSTEM_UTTERANCE_TO_SPEAK, [Ok 0.], sender=GenerateModule, reason=None))
2017-10-24 11:23:17,126 - TdmApplication - DEBUG - FrontendConnectionHandler(id=139685262870864, session='2017-10-24T11_20_24_0'): writing {"content": ["Ok 0."], "_sender": "GenerateModule", "_reason": null, "event_type": "SYSTEM_UTTERANCE_TO_SPEAK"}
2017-10-24 11:23:17,126 - TdmApplication - DEBUG - FrontendConnectionHandler(id=139685262870864, session='2017-10-24T11_20_24_0'): OK
2017-10-24 11:23:17,128 - TdmApplication - DEBUG - FrontendConnectionHandler(id=139685262870864, session='2017-10-24T11_20_24_0').on_event(Event(GUI.POPUP, {options: [], title: Ok 0.}, sender=IndependentGuiBackend, reason=None))
2017-10-24 11:23:17,128 - TdmApplication - DEBUG - FrontendConnectionHandler(id=139685262870864, session='2017-10-24T11_20_24_0'): writing {"content": {"options": [], "title": "Ok 0."}, "_sender": "IndependentGuiBackend", "_reason": null, "event_type": "GUI.POPUP"}
2017-10-24 11:23:17,128 - TdmApplication - DEBUG - FrontendConnectionHandler(id=139685262870864, session='2017-10-24T11_20_24_0'): OK
2017-10-24 11:23:17,130 - TdmApplication - DEBUG - FrontendConnectionHandler(id=139685262870864, session='2017-10-24T11_20_24_0').on_event(Event(MESSAGE_TO_GUI, [<tdm.tdm_gui_protocol.Popup instance at 0x7f0b000a9e60>], sender=GuiBackend, reason=None))
2017-10-24 11:23:17,130 - TdmApplication - DEBUG - FrontendConnectionHandler(id=139685262870864, session='2017-10-24T11_20_24_0'): writing {"content": [{"Popup": {"elements": [], "title": "Ok 0."}}], "_sender": "GuiBackend", "_reason": null, "event_type": "MESSAGE_TO_GUI"}
2017-10-24 11:23:17,130 - TdmApplication - DEBUG - FrontendConnectionHandler(id=139685262870864, session='2017-10-24T11_20_24_0'): OK
2017-10-24 11:23:17,132 - TdmApplication - DEBUG - FrontendConnectionHandler(id=139685262870864, session='2017-10-24T11_20_24_0').on_message({"content": ["Ok 0."], "_sender": "TextOutputComponent", "_reason": null, "event_type": "SYSTEM_UTTERANCE_REALIZED"})
2017-10-24 11:23:17,158 - TdmApplication - DEBUG - FrontendConnectionHandler(id=139685262870864, session='2017-10-24T11_20_24_0').on_event(Event(FACTS, [{predicate: say_step, grammar_entry: None, value: 0}], sender=DmeModule, reason=None))
2017-10-24 11:23:17,159 - TdmApplication - DEBUG - FrontendConnectionHandler(id=139685262870864, session='2017-10-24T11_20_24_0'): writing {"content": [{"predicate": "say_step", "grammar_entry": null, "value": "0"}], "_sender": "DmeModule", "_reason": null, "event_type": "FACTS"}
2017-10-24 11:23:17,159 - TdmApplication - DEBUG - FrontendConnectionHandler(id=139685262870864, session='2017-10-24T11_20_24_0'): OK
2017-10-24 11:23:23,505 - TdmApplication - DEBUG - FrontendConnectionHandler(id=139685262870864, session='2017-10-24T11_20_24_0').on_message({"content": [{"score": 1.0, "utterance": "tell me what to do"}], "_sender": "TextInputComponent", "_reason": null, "event_type": "RECOGNITION"})
2017-10-24 11:23:23,509 - TdmApplication - DEBUG - FrontendConnectionHandler(id=139685262870864, session='2017-10-24T11_20_24_0').on_event(Event(FACTS, [], sender=DmeModule, reason=None))
2017-10-24 11:23:23,509 - TdmApplication - DEBUG - FrontendConnectionHandler(id=139685262870864, session='2017-10-24T11_20_24_0'): writing {"content": [], "_sender": "DmeModule", "_reason": null, "event_type": "FACTS"}
2017-10-24 11:23:23,509 - TdmApplication - DEBUG - FrontendConnectionHandler(id=139685262870864, session='2017-10-24T11_20_24_0'): OK
2017-10-24 11:23:23,518 - TdmApplication - DEBUG - FrontendConnectionHandler(id=139685262870864, session='2017-10-24T11_20_24_0').on_event(Event(STOP_SPEAKING, None, sender=TurnManager, reason=None))
2017-10-24 11:23:23,518 - TdmApplication - DEBUG - FrontendConnectionHandler(id=139685262870864, session='2017-10-24T11_20_24_0'): writing {"content": null, "_sender": "TurnManager", "_reason": null, "event_type": "STOP_SPEAKING"}
2017-10-24 11:23:23,518 - TdmApplication - DEBUG - FrontendConnectionHandler(id=139685262870864, session='2017-10-24T11_20_24_0'): OK
2017-10-24 11:23:23,519 - TdmApplication - DEBUG - FrontendConnectionHandler(id=139685262870864, session='2017-10-24T11_20_24_0').on_event(Event(SYSTEM_UTTERANCE_TO_SPEAK, [Returning to the start view., What would you like to do?], sender=GenerateModule, reason=None))
2017-10-24 11:23:23,519 - TdmApplication - DEBUG - FrontendConnectionHandler(id=139685262870864, session='2017-10-24T11_20_24_0'): writing {"content": ["Returning to the start view.", "What would you like to do?"], "_sender": "GenerateModule", "_reason": null, "event_type": "SYSTEM_UTTERANCE_TO_SPEAK"}
2017-10-24 11:23:23,519 - TdmApplication - DEBUG - FrontendConnectionHandler(id=139685262870864, session='2017-10-24T11_20_24_0'): OK
2017-10-24 11:23:23,520 - TdmApplication - DEBUG - FrontendConnectionHandler(id=139685262870864, session='2017-10-24T11_20_24_0').on_event(Event(MESSAGE_TO_GUI, [<tdm.tdm_gui_protocol.ClosePopup instance at 0x7f0b000a9cf8>], sender=GuiBackend, reason=None))
2017-10-24 11:23:23,521 - TdmApplication - DEBUG - FrontendConnectionHandler(id=139685262870864, session='2017-10-24T11_20_24_0'): writing {"content": [{"ClosePopup": {}}], "_sender": "GuiBackend", "_reason": null, "event_type": "MESSAGE_TO_GUI"}
2017-10-24 11:23:23,521 - TdmApplication - DEBUG - FrontendConnectionHandler(id=139685262870864, session='2017-10-24T11_20_24_0'): OK
2017-10-24 11:23:23,542 - TdmApplication - DEBUG - FrontendConnectionHandler(id=139685262870864, session='2017-10-24T11_20_24_0').on_message({"content": ["Returning to the start view.", "What would you like to do?"], "_sender": "TextOutputComponent", "_reason": null, "event_type": "SYSTEM_UTTERANCE_REALIZED"})
2017-10-24 11:23:23,566 - TdmApplication - DEBUG - FrontendConnectionHandler(id=139685262870864, session='2017-10-24T11_20_24_0').on_event(Event(FACTS, [], sender=DmeModule, reason=None))
2017-10-24 11:23:23,566 - TdmApplication - DEBUG - FrontendConnectionHandler(id=139685262870864, session='2017-10-24T11_20_24_0'): writing {"content": [], "_sender": "DmeModule", "_reason": null, "event_type": "FACTS"}
2017-10-24 11:23:23,566 - TdmApplication - DEBUG - FrontendConnectionHandler(id=139685262870864, session='2017-10-24T11_20_24_0'): OK
2017-10-24 11:23:23,637 - TdmApplication - DEBUG - FrontendConnectionHandler(id=139685262870864, session='2017-10-24T11_20_24_0').on_event(Event(SELECTED_RECOGNITION, tell me what to do, sender=DmeModule, reason=None))
2017-10-24 11:23:23,637 - TdmApplication - DEBUG - FrontendConnectionHandler(id=139685262870864, session='2017-10-24T11_20_24_0'): writing {"content": "tell me what to do", "_sender": "DmeModule", "_reason": null, "event_type": "SELECTED_RECOGNITION"}
2017-10-24 11:23:23,637 - TdmApplication - DEBUG - FrontendConnectionHandler(id=139685262870864, session='2017-10-24T11_20_24_0'): OK
2017-10-24 11:23:23,639 - TdmApplication - DEBUG - FrontendConnectionHandler(id=139685262870864, session='2017-10-24T11_20_24_0').on_event(Event(FACTS, [{predicate: say_step, grammar_entry: None, value: 0}], sender=DmeModule, reason=None))
2017-10-24 11:23:23,639 - TdmApplication - DEBUG - FrontendConnectionHandler(id=139685262870864, session='2017-10-24T11_20_24_0'): writing {"content": [{"predicate": "say_step", "grammar_entry": null, "value": "0"}], "_sender": "DmeModule", "_reason": null, "event_type": "FACTS"}
2017-10-24 11:23:23,639 - TdmApplication - DEBUG - FrontendConnectionHandler(id=139685262870864, session='2017-10-24T11_20_24_0'): OK
2017-10-24 11:23:23,648 - TdmApplication - DEBUG - FrontendConnectionHandler(id=139685262870864, session='2017-10-24T11_20_24_0').on_event(Event(SYSTEM_UTTERANCE_TO_SPEAK, [Ok 0.], sender=GenerateModule, reason=None))
2017-10-24 11:23:23,648 - TdmApplication - DEBUG - FrontendConnectionHandler(id=139685262870864, session='2017-10-24T11_20_24_0'): writing {"content": ["Ok 0."], "_sender": "GenerateModule", "_reason": null, "event_type": "SYSTEM_UTTERANCE_TO_SPEAK"}
2017-10-24 11:23:23,649 - TdmApplication - DEBUG - FrontendConnectionHandler(id=139685262870864, session='2017-10-24T11_20_24_0'): OK
2017-10-24 11:23:23,649 - TdmApplication - DEBUG - FrontendConnectionHandler(id=139685262870864, session='2017-10-24T11_20_24_0').on_event(Event(GUI.POPUP, {options: [], title: Ok 0.}, sender=IndependentGuiBackend, reason=None))
2017-10-24 11:23:23,650 - TdmApplication - DEBUG - FrontendConnectionHandler(id=139685262870864, session='2017-10-24T11_20_24_0'): writing {"content": {"options": [], "title": "Ok 0."}, "_sender": "IndependentGuiBackend", "_reason": null, "event_type": "GUI.POPUP"}
2017-10-24 11:23:23,650 - TdmApplication - DEBUG - FrontendConnectionHandler(id=139685262870864, session='2017-10-24T11_20_24_0'): OK
2017-10-24 11:23:23,651 - TdmApplication - DEBUG - FrontendConnectionHandler(id=139685262870864, session='2017-10-24T11_20_24_0').on_event(Event(MESSAGE_TO_GUI, [<tdm.tdm_gui_protocol.Popup instance at 0x7f0b0003e998>], sender=GuiBackend, reason=None))
2017-10-24 11:23:23,651 - TdmApplication - DEBUG - FrontendConnectionHandler(id=139685262870864, session='2017-10-24T11_20_24_0'): writing {"content": [{"Popup": {"elements": [], "title": "Ok 0."}}], "_sender": "GuiBackend", "_reason": null, "event_type": "MESSAGE_TO_GUI"}
2017-10-24 11:23:23,651 - TdmApplication - DEBUG - FrontendConnectionHandler(id=139685262870864, session='2017-10-24T11_20_24_0'): OK
2017-10-24 11:23:23,663 - TdmApplication - DEBUG - FrontendConnectionHandler(id=139685262870864, session='2017-10-24T11_20_24_0').on_message({"content": ["Ok 0."], "_sender": "TextOutputComponent", "_reason": null, "event_type": "SYSTEM_UTTERANCE_REALIZED"})
2017-10-24 11:23:23,690 - TdmApplication - DEBUG - FrontendConnectionHandler(id=139685262870864, session='2017-10-24T11_20_24_0').on_event(Event(FACTS, [{predicate: say_step, grammar_entry: None, value: 0}], sender=DmeModule, reason=None))
2017-10-24 11:23:23,690 - TdmApplication - DEBUG - FrontendConnectionHandler(id=139685262870864, session='2017-10-24T11_20_24_0'): writing {"content": [{"predicate": "say_step", "grammar_entry": null, "value": "0"}], "_sender": "DmeModule", "_reason": null, "event_type": "FACTS"}
2017-10-24 11:23:23,690 - TdmApplication - DEBUG - FrontendConnectionHandler(id=139685262870864, session='2017-10-24T11_20_24_0'): OK
2017-10-24 11:23:25,015 - TdmApplication - DEBUG - FrontendConnectionHandler(id=139685262870864, session='2017-10-24T11_20_24_0').on_message({"content": [{"score": 1.0, "utterance": ""}], "_sender": "TextInputComponent", "_reason": null, "event_type": "RECOGNITION"})
2017-10-24 11:23:25,022 - TdmApplication - DEBUG - FrontendConnectionHandler(id=139685262870864, session='2017-10-24T11_20_24_0').on_event(Event(FACTS, [], sender=DmeModule, reason=None))
2017-10-24 11:23:25,022 - TdmApplication - DEBUG - FrontendConnectionHandler(id=139685262870864, session='2017-10-24T11_20_24_0'): writing {"content": [], "_sender": "DmeModule", "_reason": null, "event_type": "FACTS"}
2017-10-24 11:23:25,022 - TdmApplication - DEBUG - FrontendConnectionHandler(id=139685262870864, session='2017-10-24T11_20_24_0'): OK
2017-10-24 11:23:25,033 - TdmApplication - DEBUG - FrontendConnectionHandler(id=139685262870864, session='2017-10-24T11_20_24_0').on_event(Event(STOP_SPEAKING, None, sender=TurnManager, reason=None))
2017-10-24 11:23:25,033 - TdmApplication - DEBUG - FrontendConnectionHandler(id=139685262870864, session='2017-10-24T11_20_24_0'): writing {"content": null, "_sender": "TurnManager", "_reason": null, "event_type": "STOP_SPEAKING"}
2017-10-24 11:23:25,033 - TdmApplication - DEBUG - FrontendConnectionHandler(id=139685262870864, session='2017-10-24T11_20_24_0'): OK
2017-10-24 11:23:25,034 - TdmApplication - DEBUG - FrontendConnectionHandler(id=139685262870864, session='2017-10-24T11_20_24_0').on_event(Event(SYSTEM_UTTERANCE_TO_SPEAK, [Returning to the start view., What would you like to do?], sender=GenerateModule, reason=None))
2017-10-24 11:23:25,034 - TdmApplication - DEBUG - FrontendConnectionHandler(id=139685262870864, session='2017-10-24T11_20_24_0'): writing {"content": ["Returning to the start view.", "What would you like to do?"], "_sender": "GenerateModule", "_reason": null, "event_type": "SYSTEM_UTTERANCE_TO_SPEAK"}
2017-10-24 11:23:25,034 - TdmApplication - DEBUG - FrontendConnectionHandler(id=139685262870864, session='2017-10-24T11_20_24_0'): OK
2017-10-24 11:23:25,035 - TdmApplication - DEBUG - FrontendConnectionHandler(id=139685262870864, session='2017-10-24T11_20_24_0').on_event(Event(MESSAGE_TO_GUI, [<tdm.tdm_gui_protocol.ClosePopup instance at 0x7f0b0004e488>], sender=GuiBackend, reason=None))
2017-10-24 11:23:25,035 - TdmApplication - DEBUG - FrontendConnectionHandler(id=139685262870864, session='2017-10-24T11_20_24_0'): writing {"content": [{"ClosePopup": {}}], "_sender": "GuiBackend", "_reason": null, "event_type": "MESSAGE_TO_GUI"}
2017-10-24 11:23:25,035 - TdmApplication - DEBUG - FrontendConnectionHandler(id=139685262870864, session='2017-10-24T11_20_24_0'): OK
2017-10-24 11:23:25,041 - TdmApplication - DEBUG - FrontendConnectionHandler(id=139685262870864, session='2017-10-24T11_20_24_0').on_message({"content": ["Returning to the start view.", "What would you like to do?"], "_sender": "TextOutputComponent", "_reason": null, "event_type": "SYSTEM_UTTERANCE_REALIZED"})
2017-10-24 11:23:25,064 - TdmApplication - DEBUG - FrontendConnectionHandler(id=139685262870864, session='2017-10-24T11_20_24_0').on_event(Event(FACTS, [], sender=DmeModule, reason=None))
2017-10-24 11:23:25,064 - TdmApplication - DEBUG - FrontendConnectionHandler(id=139685262870864, session='2017-10-24T11_20_24_0'): writing {"content": [], "_sender": "DmeModule", "_reason": null, "event_type": "FACTS"}
2017-10-24 11:23:25,065 - TdmApplication - DEBUG - FrontendConnectionHandler(id=139685262870864, session='2017-10-24T11_20_24_0'): OK
2017-10-24 11:23:25,093 - TdmApplication - DEBUG - FrontendConnectionHandler(id=139685262870864, session='2017-10-24T11_20_24_0').on_event(Event(FACTS, [], sender=DmeModule, reason=None))
2017-10-24 11:23:25,093 - TdmApplication - DEBUG - FrontendConnectionHandler(id=139685262870864, session='2017-10-24T11_20_24_0'): writing {"content": [], "_sender": "DmeModule", "_reason": null, "event_type": "FACTS"}
2017-10-24 11:23:25,093 - TdmApplication - DEBUG - FrontendConnectionHandler(id=139685262870864, session='2017-10-24T11_20_24_0'): OK
2017-10-24 11:23:25,100 - TdmApplication - DEBUG - FrontendConnectionHandler(id=139685262870864, session='2017-10-24T11_20_24_0').on_event(Event(SYSTEM_UTTERANCE_TO_SPEAK, [I heard you say., I don't understand.], sender=GenerateModule, reason=None))
2017-10-24 11:23:25,100 - TdmApplication - DEBUG - FrontendConnectionHandler(id=139685262870864, session='2017-10-24T11_20_24_0'): writing {"content": ["I heard you say.", "I don't understand."], "_sender": "GenerateModule", "_reason": null, "event_type": "SYSTEM_UTTERANCE_TO_SPEAK"}
2017-10-24 11:23:25,100 - TdmApplication - DEBUG - FrontendConnectionHandler(id=139685262870864, session='2017-10-24T11_20_24_0'): OK
2017-10-24 11:23:25,101 - TdmApplication - DEBUG - FrontendConnectionHandler(id=139685262870864, session='2017-10-24T11_20_24_0').on_event(Event(MESSAGE_TO_GUI, [], sender=GuiBackend, reason=None))
2017-10-24 11:23:25,101 - TdmApplication - DEBUG - FrontendConnectionHandler(id=139685262870864, session='2017-10-24T11_20_24_0'): writing {"content": [], "_sender": "GuiBackend", "_reason": null, "event_type": "MESSAGE_TO_GUI"}
2017-10-24 11:23:25,101 - TdmApplication - DEBUG - FrontendConnectionHandler(id=139685262870864, session='2017-10-24T11_20_24_0'): OK
2017-10-24 11:23:25,118 - TdmApplication - DEBUG - FrontendConnectionHandler(id=139685262870864, session='2017-10-24T11_20_24_0').on_message({"content": ["I heard you say.", "I don't understand."], "_sender": "TextOutputComponent", "_reason": null, "event_type": "SYSTEM_UTTERANCE_REALIZED"})
2017-10-24 11:23:25,140 - TdmApplication - DEBUG - FrontendConnectionHandler(id=139685262870864, session='2017-10-24T11_20_24_0').on_event(Event(FACTS, [], sender=DmeModule, reason=None))
2017-10-24 11:23:25,140 - TdmApplication - DEBUG - FrontendConnectionHandler(id=139685262870864, session='2017-10-24T11_20_24_0'): writing {"content": [], "_sender": "DmeModule", "_reason": null, "event_type": "FACTS"}
2017-10-24 11:23:25,140 - TdmApplication - DEBUG - FrontendConnectionHandler(id=139685262870864, session='2017-10-24T11_20_24_0'): OK
2017-10-24 11:23:30,135 - TdmApplication - DEBUG - FrontendConnectionHandler(id=139685262870864, session='2017-10-24T11_20_24_0').on_message({"content": [{"score": 1.0, "utterance": "go to step one"}], "_sender": "TextInputComponent", "_reason": null, "event_type": "RECOGNITION"})
2017-10-24 11:23:30,153 - TdmApplication - DEBUG - FrontendConnectionHandler(id=139685262870864, session='2017-10-24T11_20_24_0').on_event(Event(STOP_LISTENING, None, sender=TurnManager, reason=None))
2017-10-24 11:23:30,153 - TdmApplication - DEBUG - FrontendConnectionHandler(id=139685262870864, session='2017-10-24T11_20_24_0'): writing {"content": null, "_sender": "TurnManager", "_reason": null, "event_type": "STOP_LISTENING"}
2017-10-24 11:23:30,153 - TdmApplication - DEBUG - FrontendConnectionHandler(id=139685262870864, session='2017-10-24T11_20_24_0'): OK
2017-10-24 11:23:30,206 - TdmApplication - DEBUG - FrontendConnectionHandler(id=139685262870864, session='2017-10-24T11_20_24_0').on_event(Event(SELECTED_RECOGNITION, go to step one, sender=DmeModule, reason=None))
2017-10-24 11:23:30,206 - TdmApplication - DEBUG - FrontendConnectionHandler(id=139685262870864, session='2017-10-24T11_20_24_0'): writing {"content": "go to step one", "_sender": "DmeModule", "_reason": null, "event_type": "SELECTED_RECOGNITION"}
2017-10-24 11:23:30,207 - TdmApplication - DEBUG - FrontendConnectionHandler(id=139685262870864, session='2017-10-24T11_20_24_0'): OK
2017-10-24 11:23:30,207 - TdmApplication - DEBUG - FrontendConnectionHandler(id=139685262870864, session='2017-10-24T11_20_24_0').on_event(Event(FACTS, [], sender=DmeModule, reason=None))
2017-10-24 11:23:30,208 - TdmApplication - DEBUG - FrontendConnectionHandler(id=139685262870864, session='2017-10-24T11_20_24_0'): writing {"content": [], "_sender": "DmeModule", "_reason": null, "event_type": "FACTS"}
2017-10-24 11:23:30,208 - TdmApplication - DEBUG - FrontendConnectionHandler(id=139685262870864, session='2017-10-24T11_20_24_0'): OK
2017-10-24 11:23:30,221 - TdmApplication - DEBUG - FrontendConnectionHandler(id=139685262870864, session='2017-10-24T11_20_24_0').on_event(Event(SYSTEM_UTTERANCE_TO_SPEAK, [So,, You want to know go to step.], sender=GenerateModule, reason=None))
2017-10-24 11:23:30,221 - TdmApplication - DEBUG - FrontendConnectionHandler(id=139685262870864, session='2017-10-24T11_20_24_0'): writing {"content": ["So,", "You want to know go to step."], "_sender": "GenerateModule", "_reason": null, "event_type": "SYSTEM_UTTERANCE_TO_SPEAK"}
2017-10-24 11:23:30,221 - TdmApplication - DEBUG - FrontendConnectionHandler(id=139685262870864, session='2017-10-24T11_20_24_0'): OK
2017-10-24 11:23:30,222 - TdmApplication - DEBUG - FrontendConnectionHandler(id=139685262870864, session='2017-10-24T11_20_24_0').on_event(Event(GUI.POPUP, {options: [{value: answer(yes), title: Yes}, {value: answer(no), title: No}], title: You want to know go to step.}, sender=IndependentGuiBackend, reason=None))
2017-10-24 11:23:30,222 - TdmApplication - DEBUG - FrontendConnectionHandler(id=139685262870864, session='2017-10-24T11_20_24_0'): writing {"content": {"options": [{"value": "answer(yes)", "title": "Yes"}, {"value": "answer(no)", "title": "No"}], "title": "You want to know go to step."}, "_sender": "IndependentGuiBackend", "_reason": null, "event_type": "GUI.POPUP"}
2017-10-24 11:23:30,223 - TdmApplication - DEBUG - FrontendConnectionHandler(id=139685262870864, session='2017-10-24T11_20_24_0'): OK
2017-10-24 11:23:30,224 - TdmApplication - DEBUG - FrontendConnectionHandler(id=139685262870864, session='2017-10-24T11_20_24_0').on_event(Event(MESSAGE_TO_GUI, [<tdm.tdm_gui_protocol.Popup instance at 0x7f0af37c7440>], sender=GuiBackend, reason=None))
2017-10-24 11:23:30,224 - TdmApplication - DEBUG - FrontendConnectionHandler(id=139685262870864, session='2017-10-24T11_20_24_0'): writing {"content": [{"Popup": {"elements": [{"Element": {"name": "move", "title": "", "items": [{"Item": {"attributes": null, "selected": false, "predicted": false, "value": "answer(yes)", "title": "Yes"}}, {"Item": {"attributes": null, "selected": false, "predicted": false, "value": "answer(no)", "title": "No"}}], "format": "", "voice_browsed": false, "value": "", "template": "menu", "type": "list"}}], "title": "You want to know go to step."}}], "_sender": "GuiBackend", "_reason": null, "event_type": "MESSAGE_TO_GUI"}
2017-10-24 11:23:30,224 - TdmApplication - DEBUG - FrontendConnectionHandler(id=139685262870864, session='2017-10-24T11_20_24_0'): OK
2017-10-24 11:23:30,242 - TdmApplication - DEBUG - FrontendConnectionHandler(id=139685262870864, session='2017-10-24T11_20_24_0').on_message({"content": ["So,", "You want to know go to step."], "_sender": "TextOutputComponent", "_reason": null, "event_type": "SYSTEM_UTTERANCE_REALIZED"})
2017-10-24 11:23:30,271 - TdmApplication - DEBUG - FrontendConnectionHandler(id=139685262870864, session='2017-10-24T11_20_24_0').on_event(Event(FACTS, [], sender=DmeModule, reason=None))
2017-10-24 11:23:30,271 - TdmApplication - DEBUG - FrontendConnectionHandler(id=139685262870864, session='2017-10-24T11_20_24_0'): writing {"content": [], "_sender": "DmeModule", "_reason": null, "event_type": "FACTS"}
2017-10-24 11:23:30,271 - TdmApplication - DEBUG - FrontendConnectionHandler(id=139685262870864, session='2017-10-24T11_20_24_0'): OK
2017-10-24 11:23:35,516 - TdmApplication - DEBUG - FrontendConnectionHandler(id=139685262870864, session='2017-10-24T11_20_24_0').on_message({"content": [{"score": 1.0, "utterance": ""}], "_sender": "TextInputComponent", "_reason": null, "event_type": "RECOGNITION"})
2017-10-24 11:23:35,522 - TdmApplication - DEBUG - FrontendConnectionHandler(id=139685262870864, session='2017-10-24T11_20_24_0').on_event(Event(FACTS, [{predicate: go_to_step, grammar_entry: None, value: chose a step}], sender=DmeModule, reason=None))
2017-10-24 11:23:35,522 - TdmApplication - DEBUG - FrontendConnectionHandler(id=139685262870864, session='2017-10-24T11_20_24_0'): writing {"content": [{"predicate": "go_to_step", "grammar_entry": null, "value": "chose a step"}], "_sender": "DmeModule", "_reason": null, "event_type": "FACTS"}
2017-10-24 11:23:35,522 - TdmApplication - DEBUG - FrontendConnectionHandler(id=139685262870864, session='2017-10-24T11_20_24_0'): OK
2017-10-24 11:23:35,533 - TdmApplication - DEBUG - FrontendConnectionHandler(id=139685262870864, session='2017-10-24T11_20_24_0').on_event(Event(STOP_SPEAKING, None, sender=TurnManager, reason=None))
2017-10-24 11:23:35,533 - TdmApplication - DEBUG - FrontendConnectionHandler(id=139685262870864, session='2017-10-24T11_20_24_0'): writing {"content": null, "_sender": "TurnManager", "_reason": null, "event_type": "STOP_SPEAKING"}
2017-10-24 11:23:35,533 - TdmApplication - DEBUG - FrontendConnectionHandler(id=139685262870864, session='2017-10-24T11_20_24_0'): OK
2017-10-24 11:23:35,534 - TdmApplication - DEBUG - FrontendConnectionHandler(id=139685262870864, session='2017-10-24T11_20_24_0').on_event(Event(SYSTEM_UTTERANCE_TO_SPEAK, [Ok chose a step.], sender=GenerateModule, reason=None))
2017-10-24 11:23:35,534 - TdmApplication - DEBUG - FrontendConnectionHandler(id=139685262870864, session='2017-10-24T11_20_24_0'): writing {"content": ["Ok chose a step."], "_sender": "GenerateModule", "_reason": null, "event_type": "SYSTEM_UTTERANCE_TO_SPEAK"}
2017-10-24 11:23:35,535 - TdmApplication - DEBUG - FrontendConnectionHandler(id=139685262870864, session='2017-10-24T11_20_24_0'): OK
2017-10-24 11:23:35,535 - TdmApplication - DEBUG - FrontendConnectionHandler(id=139685262870864, session='2017-10-24T11_20_24_0').on_event(Event(GUI.POPUP, {options: [], title: Ok chose a step.}, sender=IndependentGuiBackend, reason=None))
2017-10-24 11:23:35,535 - TdmApplication - DEBUG - FrontendConnectionHandler(id=139685262870864, session='2017-10-24T11_20_24_0'): writing {"content": {"options": [], "title": "Ok chose a step."}, "_sender": "IndependentGuiBackend", "_reason": null, "event_type": "GUI.POPUP"}
2017-10-24 11:23:35,536 - TdmApplication - DEBUG - FrontendConnectionHandler(id=139685262870864, session='2017-10-24T11_20_24_0'): OK
2017-10-24 11:23:35,537 - TdmApplication - DEBUG - FrontendConnectionHandler(id=139685262870864, session='2017-10-24T11_20_24_0').on_event(Event(MESSAGE_TO_GUI, [<tdm.tdm_gui_protocol.ClosePopup instance at 0x7f0b00089320>, <tdm.tdm_gui_protocol.Popup instance at 0x7f0b0009bb48>], sender=GuiBackend, reason=None))
2017-10-24 11:23:35,537 - TdmApplication - DEBUG - FrontendConnectionHandler(id=139685262870864, session='2017-10-24T11_20_24_0'): writing {"content": [{"ClosePopup": {}}, {"Popup": {"elements": [], "title": "Ok chose a step."}}], "_sender": "GuiBackend", "_reason": null, "event_type": "MESSAGE_TO_GUI"}
2017-10-24 11:23:35,537 - TdmApplication - DEBUG - FrontendConnectionHandler(id=139685262870864, session='2017-10-24T11_20_24_0'): OK
2017-10-24 11:23:35,547 - TdmApplication - DEBUG - FrontendConnectionHandler(id=139685262870864, session='2017-10-24T11_20_24_0').on_message({"content": ["Ok chose a step."], "_sender": "TextOutputComponent", "_reason": null, "event_type": "SYSTEM_UTTERANCE_REALIZED"})
2017-10-24 11:23:35,575 - TdmApplication - DEBUG - FrontendConnectionHandler(id=139685262870864, session='2017-10-24T11_20_24_0').on_event(Event(FACTS, [{predicate: go_to_step, grammar_entry: None, value: chose a step}], sender=DmeModule, reason=None))
2017-10-24 11:23:35,575 - TdmApplication - DEBUG - FrontendConnectionHandler(id=139685262870864, session='2017-10-24T11_20_24_0'): writing {"content": [{"predicate": "go_to_step", "grammar_entry": null, "value": "chose a step"}], "_sender": "DmeModule", "_reason": null, "event_type": "FACTS"}
2017-10-24 11:23:35,575 - TdmApplication - DEBUG - FrontendConnectionHandler(id=139685262870864, session='2017-10-24T11_20_24_0'): OK
2017-10-24 11:23:35,624 - TdmApplication - DEBUG - FrontendConnectionHandler(id=139685262870864, session='2017-10-24T11_20_24_0').on_event(Event(FACTS, [], sender=DmeModule, reason=None))
2017-10-24 11:23:35,624 - TdmApplication - DEBUG - FrontendConnectionHandler(id=139685262870864, session='2017-10-24T11_20_24_0'): writing {"content": [], "_sender": "DmeModule", "_reason": null, "event_type": "FACTS"}
2017-10-24 11:23:35,624 - TdmApplication - DEBUG - FrontendConnectionHandler(id=139685262870864, session='2017-10-24T11_20_24_0'): OK
2017-10-24 11:23:35,635 - TdmApplication - DEBUG - FrontendConnectionHandler(id=139685262870864, session='2017-10-24T11_20_24_0').on_event(Event(SYSTEM_UTTERANCE_TO_SPEAK, [I heard you say., I don't understand., Returning to the start view., What would you like to do?], sender=GenerateModule, reason=None))
2017-10-24 11:23:35,636 - TdmApplication - DEBUG - FrontendConnectionHandler(id=139685262870864, session='2017-10-24T11_20_24_0'): writing {"content": ["I heard you say.", "I don't understand.", "Returning to the start view.", "What would you like to do?"], "_sender": "GenerateModule", "_reason": null, "event_type": "SYSTEM_UTTERANCE_TO_SPEAK"}
2017-10-24 11:23:35,636 - TdmApplication - DEBUG - FrontendConnectionHandler(id=139685262870864, session='2017-10-24T11_20_24_0'): OK
2017-10-24 11:23:35,637 - TdmApplication - DEBUG - FrontendConnectionHandler(id=139685262870864, session='2017-10-24T11_20_24_0').on_event(Event(MESSAGE_TO_GUI, [<tdm.tdm_gui_protocol.ClosePopup instance at 0x7f0b0009b908>], sender=GuiBackend, reason=None))
2017-10-24 11:23:35,638 - TdmApplication - DEBUG - FrontendConnectionHandler(id=139685262870864, session='2017-10-24T11_20_24_0'): writing {"content": [{"ClosePopup": {}}], "_sender": "GuiBackend", "_reason": null, "event_type": "MESSAGE_TO_GUI"}
2017-10-24 11:23:35,638 - TdmApplication - DEBUG - FrontendConnectionHandler(id=139685262870864, session='2017-10-24T11_20_24_0'): OK
2017-10-24 11:23:35,642 - TdmApplication - DEBUG - FrontendConnectionHandler(id=139685262870864, session='2017-10-24T11_20_24_0').on_message({"content": ["I heard you say.", "I don't understand.", "Returning to the start view.", "What would you like to do?"], "_sender": "TextOutputComponent", "_reason": null, "event_type": "SYSTEM_UTTERANCE_REALIZED"})
2017-10-24 11:23:35,676 - TdmApplication - DEBUG - FrontendConnectionHandler(id=139685262870864, session='2017-10-24T11_20_24_0').on_event(Event(FACTS, [], sender=DmeModule, reason=None))
2017-10-24 11:23:35,677 - TdmApplication - DEBUG - FrontendConnectionHandler(id=139685262870864, session='2017-10-24T11_20_24_0'): writing {"content": [], "_sender": "DmeModule", "_reason": null, "event_type": "FACTS"}
2017-10-24 11:23:35,677 - TdmApplication - DEBUG - FrontendConnectionHandler(id=139685262870864, session='2017-10-24T11_20_24_0'): OK
2017-10-24 11:23:39,685 - TdmApplication - DEBUG - FrontendConnectionHandler(id=139685262870864, session='2017-10-24T11_20_24_0').on_message({"content": [{"score": 1.0, "utterance": "go to a step"}], "_sender": "TextInputComponent", "_reason": null, "event_type": "RECOGNITION"})
2017-10-24 11:23:39,690 - TdmApplication - DEBUG - FrontendConnectionHandler(id=139685262870864, session='2017-10-24T11_20_24_0').on_event(Event(STOP_LISTENING, None, sender=TurnManager, reason=None))
2017-10-24 11:23:39,690 - TdmApplication - DEBUG - FrontendConnectionHandler(id=139685262870864, session='2017-10-24T11_20_24_0'): writing {"content": null, "_sender": "TurnManager", "_reason": null, "event_type": "STOP_LISTENING"}
2017-10-24 11:23:39,690 - TdmApplication - DEBUG - FrontendConnectionHandler(id=139685262870864, session='2017-10-24T11_20_24_0'): OK
2017-10-24 11:23:39,763 - TdmApplication - DEBUG - FrontendConnectionHandler(id=139685262870864, session='2017-10-24T11_20_24_0').on_event(Event(SELECTED_RECOGNITION, go to a step, sender=DmeModule, reason=None))
2017-10-24 11:23:39,763 - TdmApplication - DEBUG - FrontendConnectionHandler(id=139685262870864, session='2017-10-24T11_20_24_0'): writing {"content": "go to a step", "_sender": "DmeModule", "_reason": null, "event_type": "SELECTED_RECOGNITION"}
2017-10-24 11:23:39,763 - TdmApplication - DEBUG - FrontendConnectionHandler(id=139685262870864, session='2017-10-24T11_20_24_0'): OK
2017-10-24 11:23:39,764 - TdmApplication - DEBUG - FrontendConnectionHandler(id=139685262870864, session='2017-10-24T11_20_24_0').on_event(Event(FACTS, [], sender=DmeModule, reason=None))
2017-10-24 11:23:39,765 - TdmApplication - DEBUG - FrontendConnectionHandler(id=139685262870864, session='2017-10-24T11_20_24_0'): writing {"content": [], "_sender": "DmeModule", "_reason": null, "event_type": "FACTS"}
2017-10-24 11:23:39,765 - TdmApplication - DEBUG - FrontendConnectionHandler(id=139685262870864, session='2017-10-24T11_20_24_0'): OK
2017-10-24 11:23:39,777 - TdmApplication - DEBUG - FrontendConnectionHandler(id=139685262870864, session='2017-10-24T11_20_24_0').on_event(Event(SYSTEM_UTTERANCE_TO_SPEAK, [, , Which step?], sender=GenerateModule, reason=None))
2017-10-24 11:23:39,777 - TdmApplication - DEBUG - FrontendConnectionHandler(id=139685262870864, session='2017-10-24T11_20_24_0'): writing {"content": ["", "", "Which step?"], "_sender": "GenerateModule", "_reason": null, "event_type": "SYSTEM_UTTERANCE_TO_SPEAK"}
2017-10-24 11:23:39,777 - TdmApplication - DEBUG - FrontendConnectionHandler(id=139685262870864, session='2017-10-24T11_20_24_0'): OK
2017-10-24 11:23:39,778 - TdmApplication - DEBUG - FrontendConnectionHandler(id=139685262870864, session='2017-10-24T11_20_24_0').on_event(Event(MESSAGE_TO_GUI, [], sender=GuiBackend, reason=None))
2017-10-24 11:23:39,778 - TdmApplication - DEBUG - FrontendConnectionHandler(id=139685262870864, session='2017-10-24T11_20_24_0'): writing {"content": [], "_sender": "GuiBackend", "_reason": null, "event_type": "MESSAGE_TO_GUI"}
2017-10-24 11:23:39,778 - TdmApplication - DEBUG - FrontendConnectionHandler(id=139685262870864, session='2017-10-24T11_20_24_0'): OK
2017-10-24 11:23:39,795 - TdmApplication - DEBUG - FrontendConnectionHandler(id=139685262870864, session='2017-10-24T11_20_24_0').on_message({"content": ["", "", "Which step?"], "_sender": "TextOutputComponent", "_reason": null, "event_type": "SYSTEM_UTTERANCE_REALIZED"})
2017-10-24 11:23:39,828 - TdmApplication - DEBUG - FrontendConnectionHandler(id=139685262870864, session='2017-10-24T11_20_24_0').on_event(Event(FACTS, [], sender=DmeModule, reason=None))
2017-10-24 11:23:39,828 - TdmApplication - DEBUG - FrontendConnectionHandler(id=139685262870864, session='2017-10-24T11_20_24_0'): writing {"content": [], "_sender": "DmeModule", "_reason": null, "event_type": "FACTS"}
2017-10-24 11:23:39,828 - TdmApplication - DEBUG - FrontendConnectionHandler(id=139685262870864, session='2017-10-24T11_20_24_0'): OK
2017-10-24 11:23:41,424 - TdmApplication - DEBUG - FrontendConnectionHandler(id=139685262870864, session='2017-10-24T11_20_24_0').on_message({"content": [{"score": 1.0, "utterance": "step one"}], "_sender": "TextInputComponent", "_reason": null, "event_type": "RECOGNITION"})
2017-10-24 11:23:41,428 - TdmApplication - DEBUG - FrontendConnectionHandler(id=139685262870864, session='2017-10-24T11_20_24_0').on_event(Event(STOP_LISTENING, None, sender=TurnManager, reason=None))
2017-10-24 11:23:41,428 - TdmApplication - DEBUG - FrontendConnectionHandler(id=139685262870864, session='2017-10-24T11_20_24_0'): writing {"content": null, "_sender": "TurnManager", "_reason": null, "event_type": "STOP_LISTENING"}
2017-10-24 11:23:41,428 - TdmApplication - DEBUG - FrontendConnectionHandler(id=139685262870864, session='2017-10-24T11_20_24_0'): OK
2017-10-24 11:23:41,508 - TdmApplication - DEBUG - FrontendConnectionHandler(id=139685262870864, session='2017-10-24T11_20_24_0').on_event(Event(SELECTED_RECOGNITION, step one, sender=DmeModule, reason=None))
2017-10-24 11:23:41,509 - TdmApplication - DEBUG - FrontendConnectionHandler(id=139685262870864, session='2017-10-24T11_20_24_0'): writing {"content": "step one", "_sender": "DmeModule", "_reason": null, "event_type": "SELECTED_RECOGNITION"}
2017-10-24 11:23:41,509 - TdmApplication - DEBUG - FrontendConnectionHandler(id=139685262870864, session='2017-10-24T11_20_24_0'): OK
2017-10-24 11:23:41,510 - TdmApplication - DEBUG - FrontendConnectionHandler(id=139685262870864, session='2017-10-24T11_20_24_0').on_event(Event(FACTS, [{predicate: go_to_step, grammar_entry: None, value: chose a step}], sender=DmeModule, reason=None))
2017-10-24 11:23:41,510 - TdmApplication - DEBUG - FrontendConnectionHandler(id=139685262870864, session='2017-10-24T11_20_24_0'): writing {"content": [{"predicate": "go_to_step", "grammar_entry": null, "value": "chose a step"}], "_sender": "DmeModule", "_reason": null, "event_type": "FACTS"}
2017-10-24 11:23:41,510 - TdmApplication - DEBUG - FrontendConnectionHandler(id=139685262870864, session='2017-10-24T11_20_24_0'): OK
2017-10-24 11:23:41,520 - TdmApplication - DEBUG - FrontendConnectionHandler(id=139685262870864, session='2017-10-24T11_20_24_0').on_event(Event(SYSTEM_UTTERANCE_TO_SPEAK, [Ok chose a step.], sender=GenerateModule, reason=None))
2017-10-24 11:23:41,520 - TdmApplication - DEBUG - FrontendConnectionHandler(id=139685262870864, session='2017-10-24T11_20_24_0'): writing {"content": ["Ok chose a step."], "_sender": "GenerateModule", "_reason": null, "event_type": "SYSTEM_UTTERANCE_TO_SPEAK"}
2017-10-24 11:23:41,520 - TdmApplication - DEBUG - FrontendConnectionHandler(id=139685262870864, session='2017-10-24T11_20_24_0'): OK
2017-10-24 11:23:41,521 - TdmApplication - DEBUG - FrontendConnectionHandler(id=139685262870864, session='2017-10-24T11_20_24_0').on_event(Event(GUI.POPUP, {options: [], title: Ok chose a step.}, sender=IndependentGuiBackend, reason=None))
2017-10-24 11:23:41,521 - TdmApplication - DEBUG - FrontendConnectionHandler(id=139685262870864, session='2017-10-24T11_20_24_0'): writing {"content": {"options": [], "title": "Ok chose a step."}, "_sender": "IndependentGuiBackend", "_reason": null, "event_type": "GUI.POPUP"}
2017-10-24 11:23:41,521 - TdmApplication - DEBUG - FrontendConnectionHandler(id=139685262870864, session='2017-10-24T11_20_24_0'): OK
2017-10-24 11:23:41,522 - TdmApplication - DEBUG - FrontendConnectionHandler(id=139685262870864, session='2017-10-24T11_20_24_0').on_event(Event(MESSAGE_TO_GUI, [<tdm.tdm_gui_protocol.Popup instance at 0x7f0b00066320>], sender=GuiBackend, reason=None))
2017-10-24 11:23:41,522 - TdmApplication - DEBUG - FrontendConnectionHandler(id=139685262870864, session='2017-10-24T11_20_24_0'): writing {"content": [{"Popup": {"elements": [], "title": "Ok chose a step."}}], "_sender": "GuiBackend", "_reason": null, "event_type": "MESSAGE_TO_GUI"}
2017-10-24 11:23:41,522 - TdmApplication - DEBUG - FrontendConnectionHandler(id=139685262870864, session='2017-10-24T11_20_24_0'): OK
2017-10-24 11:23:41,532 - TdmApplication - DEBUG - FrontendConnectionHandler(id=139685262870864, session='2017-10-24T11_20_24_0').on_message({"content": ["Ok chose a step."], "_sender": "TextOutputComponent", "_reason": null, "event_type": "SYSTEM_UTTERANCE_REALIZED"})
2017-10-24 11:23:41,559 - TdmApplication - DEBUG - FrontendConnectionHandler(id=139685262870864, session='2017-10-24T11_20_24_0').on_event(Event(FACTS, [{predicate: go_to_step, grammar_entry: None, value: chose a step}], sender=DmeModule, reason=None))
2017-10-24 11:23:41,559 - TdmApplication - DEBUG - FrontendConnectionHandler(id=139685262870864, session='2017-10-24T11_20_24_0'): writing {"content": [{"predicate": "go_to_step", "grammar_entry": null, "value": "chose a step"}], "_sender": "DmeModule", "_reason": null, "event_type": "FACTS"}
2017-10-24 11:23:41,559 - TdmApplication - DEBUG - FrontendConnectionHandler(id=139685262870864, session='2017-10-24T11_20_24_0'): OK
2017-10-24 11:23:45,115 - TdmApplication - DEBUG - FrontendConnectionHandler(id=139685262870864, session='2017-10-24T11_20_24_0').on_message({"content": [{"score": 1.0, "utterance": "tell me what to do"}], "_sender": "TextInputComponent", "_reason": null, "event_type": "RECOGNITION"})
2017-10-24 11:23:45,119 - TdmApplication - DEBUG - FrontendConnectionHandler(id=139685262870864, session='2017-10-24T11_20_24_0').on_event(Event(FACTS, [], sender=DmeModule, reason=None))
2017-10-24 11:23:45,119 - TdmApplication - DEBUG - FrontendConnectionHandler(id=139685262870864, session='2017-10-24T11_20_24_0'): writing {"content": [], "_sender": "DmeModule", "_reason": null, "event_type": "FACTS"}
2017-10-24 11:23:45,119 - TdmApplication - DEBUG - FrontendConnectionHandler(id=139685262870864, session='2017-10-24T11_20_24_0'): OK
2017-10-24 11:23:45,127 - TdmApplication - DEBUG - FrontendConnectionHandler(id=139685262870864, session='2017-10-24T11_20_24_0').on_event(Event(STOP_SPEAKING, None, sender=TurnManager, reason=None))
2017-10-24 11:23:45,127 - TdmApplication - DEBUG - FrontendConnectionHandler(id=139685262870864, session='2017-10-24T11_20_24_0'): writing {"content": null, "_sender": "TurnManager", "_reason": null, "event_type": "STOP_SPEAKING"}
2017-10-24 11:23:45,128 - TdmApplication - DEBUG - FrontendConnectionHandler(id=139685262870864, session='2017-10-24T11_20_24_0'): OK
2017-10-24 11:23:45,130 - TdmApplication - DEBUG - FrontendConnectionHandler(id=139685262870864, session='2017-10-24T11_20_24_0').on_event(Event(SYSTEM_UTTERANCE_TO_SPEAK, [Returning to the start view., What would you like to do?], sender=GenerateModule, reason=None))
2017-10-24 11:23:45,130 - TdmApplication - DEBUG - FrontendConnectionHandler(id=139685262870864, session='2017-10-24T11_20_24_0'): writing {"content": ["Returning to the start view.", "What would you like to do?"], "_sender": "GenerateModule", "_reason": null, "event_type": "SYSTEM_UTTERANCE_TO_SPEAK"}
2017-10-24 11:23:45,130 - TdmApplication - DEBUG - FrontendConnectionHandler(id=139685262870864, session='2017-10-24T11_20_24_0'): OK
2017-10-24 11:23:45,131 - TdmApplication - DEBUG - FrontendConnectionHandler(id=139685262870864, session='2017-10-24T11_20_24_0').on_event(Event(MESSAGE_TO_GUI, [<tdm.tdm_gui_protocol.ClosePopup instance at 0x7f0b00066050>], sender=GuiBackend, reason=None))
2017-10-24 11:23:45,131 - TdmApplication - DEBUG - FrontendConnectionHandler(id=139685262870864, session='2017-10-24T11_20_24_0'): writing {"content": [{"ClosePopup": {}}], "_sender": "GuiBackend", "_reason": null, "event_type": "MESSAGE_TO_GUI"}
2017-10-24 11:23:45,131 - TdmApplication - DEBUG - FrontendConnectionHandler(id=139685262870864, session='2017-10-24T11_20_24_0'): OK
2017-10-24 11:23:45,141 - TdmApplication - DEBUG - FrontendConnectionHandler(id=139685262870864, session='2017-10-24T11_20_24_0').on_message({"content": ["Returning to the start view.", "What would you like to do?"], "_sender": "TextOutputComponent", "_reason": null, "event_type": "SYSTEM_UTTERANCE_REALIZED"})
2017-10-24 11:23:45,164 - TdmApplication - DEBUG - FrontendConnectionHandler(id=139685262870864, session='2017-10-24T11_20_24_0').on_event(Event(FACTS, [], sender=DmeModule, reason=None))
2017-10-24 11:23:45,164 - TdmApplication - DEBUG - FrontendConnectionHandler(id=139685262870864, session='2017-10-24T11_20_24_0'): writing {"content": [], "_sender": "DmeModule", "_reason": null, "event_type": "FACTS"}
2017-10-24 11:23:45,165 - TdmApplication - DEBUG - FrontendConnectionHandler(id=139685262870864, session='2017-10-24T11_20_24_0'): OK
2017-10-24 11:23:45,243 - TdmApplication - DEBUG - FrontendConnectionHandler(id=139685262870864, session='2017-10-24T11_20_24_0').on_event(Event(SELECTED_RECOGNITION, tell me what to do, sender=DmeModule, reason=None))
2017-10-24 11:23:45,243 - TdmApplication - DEBUG - FrontendConnectionHandler(id=139685262870864, session='2017-10-24T11_20_24_0'): writing {"content": "tell me what to do", "_sender": "DmeModule", "_reason": null, "event_type": "SELECTED_RECOGNITION"}
2017-10-24 11:23:45,243 - TdmApplication - DEBUG - FrontendConnectionHandler(id=139685262870864, session='2017-10-24T11_20_24_0'): OK
2017-10-24 11:23:45,244 - TdmApplication - DEBUG - FrontendConnectionHandler(id=139685262870864, session='2017-10-24T11_20_24_0').on_event(Event(FACTS, [{predicate: say_step, grammar_entry: None, value: 0}], sender=DmeModule, reason=None))
2017-10-24 11:23:45,245 - TdmApplication - DEBUG - FrontendConnectionHandler(id=139685262870864, session='2017-10-24T11_20_24_0'): writing {"content": [{"predicate": "say_step", "grammar_entry": null, "value": "0"}], "_sender": "DmeModule", "_reason": null, "event_type": "FACTS"}
2017-10-24 11:23:45,245 - TdmApplication - DEBUG - FrontendConnectionHandler(id=139685262870864, session='2017-10-24T11_20_24_0'): OK
2017-10-24 11:23:45,255 - TdmApplication - DEBUG - FrontendConnectionHandler(id=139685262870864, session='2017-10-24T11_20_24_0').on_event(Event(SYSTEM_UTTERANCE_TO_SPEAK, [Ok 0.], sender=GenerateModule, reason=None))
2017-10-24 11:23:45,255 - TdmApplication - DEBUG - FrontendConnectionHandler(id=139685262870864, session='2017-10-24T11_20_24_0'): writing {"content": ["Ok 0."], "_sender": "GenerateModule", "_reason": null, "event_type": "SYSTEM_UTTERANCE_TO_SPEAK"}
2017-10-24 11:23:45,256 - TdmApplication - DEBUG - FrontendConnectionHandler(id=139685262870864, session='2017-10-24T11_20_24_0'): OK
2017-10-24 11:23:45,256 - TdmApplication - DEBUG - FrontendConnectionHandler(id=139685262870864, session='2017-10-24T11_20_24_0').on_event(Event(GUI.POPUP, {options: [], title: Ok 0.}, sender=IndependentGuiBackend, reason=None))
2017-10-24 11:23:45,257 - TdmApplication - DEBUG - FrontendConnectionHandler(id=139685262870864, session='2017-10-24T11_20_24_0'): writing {"content": {"options": [], "title": "Ok 0."}, "_sender": "IndependentGuiBackend", "_reason": null, "event_type": "GUI.POPUP"}
2017-10-24 11:23:45,257 - TdmApplication - DEBUG - FrontendConnectionHandler(id=139685262870864, session='2017-10-24T11_20_24_0'): OK
2017-10-24 11:23:45,258 - TdmApplication - DEBUG - FrontendConnectionHandler(id=139685262870864, session='2017-10-24T11_20_24_0').on_event(Event(MESSAGE_TO_GUI, [<tdm.tdm_gui_protocol.Popup instance at 0x7f0b0003eab8>], sender=GuiBackend, reason=None))
2017-10-24 11:23:45,258 - TdmApplication - DEBUG - FrontendConnectionHandler(id=139685262870864, session='2017-10-24T11_20_24_0'): writing {"content": [{"Popup": {"elements": [], "title": "Ok 0."}}], "_sender": "GuiBackend", "_reason": null, "event_type": "MESSAGE_TO_GUI"}
2017-10-24 11:23:45,258 - TdmApplication - DEBUG - FrontendConnectionHandler(id=139685262870864, session='2017-10-24T11_20_24_0'): OK
2017-10-24 11:23:45,266 - TdmApplication - DEBUG - FrontendConnectionHandler(id=139685262870864, session='2017-10-24T11_20_24_0').on_message({"content": ["Ok 0."], "_sender": "TextOutputComponent", "_reason": null, "event_type": "SYSTEM_UTTERANCE_REALIZED"})
2017-10-24 11:23:45,293 - TdmApplication - DEBUG - FrontendConnectionHandler(id=139685262870864, session='2017-10-24T11_20_24_0').on_event(Event(FACTS, [{predicate: say_step, grammar_entry: None, value: 0}], sender=DmeModule, reason=None))
2017-10-24 11:23:45,294 - TdmApplication - DEBUG - FrontendConnectionHandler(id=139685262870864, session='2017-10-24T11_20_24_0'): writing {"content": [{"predicate": "say_step", "grammar_entry": null, "value": "0"}], "_sender": "DmeModule", "_reason": null, "event_type": "FACTS"}
2017-10-24 11:23:45,294 - TdmApplication - DEBUG - FrontendConnectionHandler(id=139685262870864, session='2017-10-24T11_20_24_0'): OK
2017-10-24 11:23:47,736 - TdmApplication - DEBUG - FrontendConnectionHandler(id=139685262870864, session='2017-10-24T11_20_24_0').on_message({"content": [{"score": 1.0, "utterance": "tell me what to do"}], "_sender": "TextInputComponent", "_reason": null, "event_type": "RECOGNITION"})
2017-10-24 11:23:47,740 - TdmApplication - DEBUG - FrontendConnectionHandler(id=139685262870864, session='2017-10-24T11_20_24_0').on_event(Event(FACTS, [], sender=DmeModule, reason=None))
2017-10-24 11:23:47,740 - TdmApplication - DEBUG - FrontendConnectionHandler(id=139685262870864, session='2017-10-24T11_20_24_0'): writing {"content": [], "_sender": "DmeModule", "_reason": null, "event_type": "FACTS"}
2017-10-24 11:23:47,740 - TdmApplication - DEBUG - FrontendConnectionHandler(id=139685262870864, session='2017-10-24T11_20_24_0'): OK
2017-10-24 11:23:47,749 - TdmApplication - DEBUG - FrontendConnectionHandler(id=139685262870864, session='2017-10-24T11_20_24_0').on_event(Event(STOP_SPEAKING, None, sender=TurnManager, reason=None))
2017-10-24 11:23:47,749 - TdmApplication - DEBUG - FrontendConnectionHandler(id=139685262870864, session='2017-10-24T11_20_24_0'): writing {"content": null, "_sender": "TurnManager", "_reason": null, "event_type": "STOP_SPEAKING"}
2017-10-24 11:23:47,750 - TdmApplication - DEBUG - FrontendConnectionHandler(id=139685262870864, session='2017-10-24T11_20_24_0'): OK
2017-10-24 11:23:47,751 - TdmApplication - DEBUG - FrontendConnectionHandler(id=139685262870864, session='2017-10-24T11_20_24_0').on_event(Event(SYSTEM_UTTERANCE_TO_SPEAK, [Returning to the start view., What would you like to do?], sender=GenerateModule, reason=None))
2017-10-24 11:23:47,751 - TdmApplication - DEBUG - FrontendConnectionHandler(id=139685262870864, session='2017-10-24T11_20_24_0'): writing {"content": ["Returning to the start view.", "What would you like to do?"], "_sender": "GenerateModule", "_reason": null, "event_type": "SYSTEM_UTTERANCE_TO_SPEAK"}
2017-10-24 11:23:47,751 - TdmApplication - DEBUG - FrontendConnectionHandler(id=139685262870864, session='2017-10-24T11_20_24_0'): OK
2017-10-24 11:23:47,752 - TdmApplication - DEBUG - FrontendConnectionHandler(id=139685262870864, session='2017-10-24T11_20_24_0').on_event(Event(MESSAGE_TO_GUI, [<tdm.tdm_gui_protocol.ClosePopup instance at 0x7f0b0003e8c0>], sender=GuiBackend, reason=None))
2017-10-24 11:23:47,752 - TdmApplication - DEBUG - FrontendConnectionHandler(id=139685262870864, session='2017-10-24T11_20_24_0'): writing {"content": [{"ClosePopup": {}}], "_sender": "GuiBackend", "_reason": null, "event_type": "MESSAGE_TO_GUI"}
2017-10-24 11:23:47,752 - TdmApplication - DEBUG - FrontendConnectionHandler(id=139685262870864, session='2017-10-24T11_20_24_0'): OK
2017-10-24 11:23:47,781 - TdmApplication - DEBUG - FrontendConnectionHandler(id=139685262870864, session='2017-10-24T11_20_24_0').on_message({"content": ["Returning to the start view.", "What would you like to do?"], "_sender": "TextOutputComponent", "_reason": null, "event_type": "SYSTEM_UTTERANCE_REALIZED"})
2017-10-24 11:23:47,807 - TdmApplication - DEBUG - FrontendConnectionHandler(id=139685262870864, session='2017-10-24T11_20_24_0').on_event(Event(FACTS, [], sender=DmeModule, reason=None))
2017-10-24 11:23:47,807 - TdmApplication - DEBUG - FrontendConnectionHandler(id=139685262870864, session='2017-10-24T11_20_24_0'): writing {"content": [], "_sender": "DmeModule", "_reason": null, "event_type": "FACTS"}
2017-10-24 11:23:47,807 - TdmApplication - DEBUG - FrontendConnectionHandler(id=139685262870864, session='2017-10-24T11_20_24_0'): OK
2017-10-24 11:23:47,878 - TdmApplication - DEBUG - FrontendConnectionHandler(id=139685262870864, session='2017-10-24T11_20_24_0').on_event(Event(SELECTED_RECOGNITION, tell me what to do, sender=DmeModule, reason=None))
2017-10-24 11:23:47,878 - TdmApplication - DEBUG - FrontendConnectionHandler(id=139685262870864, session='2017-10-24T11_20_24_0'): writing {"content": "tell me what to do", "_sender": "DmeModule", "_reason": null, "event_type": "SELECTED_RECOGNITION"}
2017-10-24 11:23:47,878 - TdmApplication - DEBUG - FrontendConnectionHandler(id=139685262870864, session='2017-10-24T11_20_24_0'): OK
2017-10-24 11:23:47,879 - TdmApplication - DEBUG - FrontendConnectionHandler(id=139685262870864, session='2017-10-24T11_20_24_0').on_event(Event(FACTS, [{predicate: say_step, grammar_entry: None, value: 0}], sender=DmeModule, reason=None))
2017-10-24 11:23:47,879 - TdmApplication - DEBUG - FrontendConnectionHandler(id=139685262870864, session='2017-10-24T11_20_24_0'): writing {"content": [{"predicate": "say_step", "grammar_entry": null, "value": "0"}], "_sender": "DmeModule", "_reason": null, "event_type": "FACTS"}
2017-10-24 11:23:47,879 - TdmApplication - DEBUG - FrontendConnectionHandler(id=139685262870864, session='2017-10-24T11_20_24_0'): OK
2017-10-24 11:23:47,889 - TdmApplication - DEBUG - FrontendConnectionHandler(id=139685262870864, session='2017-10-24T11_20_24_0').on_event(Event(SYSTEM_UTTERANCE_TO_SPEAK, [Ok 0.], sender=GenerateModule, reason=None))
2017-10-24 11:23:47,889 - TdmApplication - DEBUG - FrontendConnectionHandler(id=139685262870864, session='2017-10-24T11_20_24_0'): writing {"content": ["Ok 0."], "_sender": "GenerateModule", "_reason": null, "event_type": "SYSTEM_UTTERANCE_TO_SPEAK"}
2017-10-24 11:23:47,889 - TdmApplication - DEBUG - FrontendConnectionHandler(id=139685262870864, session='2017-10-24T11_20_24_0'): OK
2017-10-24 11:23:47,890 - TdmApplication - DEBUG - FrontendConnectionHandler(id=139685262870864, session='2017-10-24T11_20_24_0').on_event(Event(GUI.POPUP, {options: [], title: Ok 0.}, sender=IndependentGuiBackend, reason=None))
2017-10-24 11:23:47,890 - TdmApplication - DEBUG - FrontendConnectionHandler(id=139685262870864, session='2017-10-24T11_20_24_0'): writing {"content": {"options": [], "title": "Ok 0."}, "_sender": "IndependentGuiBackend", "_reason": null, "event_type": "GUI.POPUP"}
2017-10-24 11:23:47,890 - TdmApplication - DEBUG - FrontendConnectionHandler(id=139685262870864, session='2017-10-24T11_20_24_0'): OK
2017-10-24 11:23:47,891 - TdmApplication - DEBUG - FrontendConnectionHandler(id=139685262870864, session='2017-10-24T11_20_24_0').on_event(Event(MESSAGE_TO_GUI, [<tdm.tdm_gui_protocol.Popup instance at 0x7f0b00066638>], sender=GuiBackend, reason=None))
2017-10-24 11:23:47,892 - TdmApplication - DEBUG - FrontendConnectionHandler(id=139685262870864, session='2017-10-24T11_20_24_0'): writing {"content": [{"Popup": {"elements": [], "title": "Ok 0."}}], "_sender": "GuiBackend", "_reason": null, "event_type": "MESSAGE_TO_GUI"}
2017-10-24 11:23:47,892 - TdmApplication - DEBUG - FrontendConnectionHandler(id=139685262870864, session='2017-10-24T11_20_24_0'): OK
2017-10-24 11:23:47,912 - TdmApplication - DEBUG - FrontendConnectionHandler(id=139685262870864, session='2017-10-24T11_20_24_0').on_message({"content": ["Ok 0."], "_sender": "TextOutputComponent", "_reason": null, "event_type": "SYSTEM_UTTERANCE_REALIZED"})
2017-10-24 11:23:47,939 - TdmApplication - DEBUG - FrontendConnectionHandler(id=139685262870864, session='2017-10-24T11_20_24_0').on_event(Event(FACTS, [{predicate: say_step, grammar_entry: None, value: 0}], sender=DmeModule, reason=None))
2017-10-24 11:23:47,939 - TdmApplication - DEBUG - FrontendConnectionHandler(id=139685262870864, session='2017-10-24T11_20_24_0'): writing {"content": [{"predicate": "say_step", "grammar_entry": null, "value": "0"}], "_sender": "DmeModule", "_reason": null, "event_type": "FACTS"}
2017-10-24 11:23:47,939 - TdmApplication - DEBUG - FrontendConnectionHandler(id=139685262870864, session='2017-10-24T11_20_24_0'): OK
2017-10-24 11:23:49,867 - TdmApplication - DEBUG - FrontendConnectionHandler(id=139685262870864, session='2017-10-24T11_20_24_0').on_close()
2017-10-24 11:23:49,868 - TdmApplication - DEBUG - SessionManager.stop('2017-10-24T11_20_24_0')
2017-10-24 11:23:49,868 - TdmApplication - DEBUG - TdmApplication.stop(): Stopping HTTP server
2017-10-24 11:23:49,869 - TdmApplication - DEBUG - TdmApplication.stop(): Stopping IO-loop
2017-10-24 11:23:49,870 - TdmApplication - DEBUG - TdmApplication.stop(): Stopping sessions []
2017-10-24 11:23:49,872 - TdmApplication - DEBUG - FrontendConnectionHandler(id=139685262870864, session='2017-10-24T11_20_24_0').on_event(Event(FACTS, [], sender=DmeModule, reason=None))
2017-10-24 11:23:49,872 - TdmApplication - DEBUG - FrontendConnectionHandler(id=139685262870864, session='2017-10-24T11_20_24_0'): writing {"content": [], "_sender": "DmeModule", "_reason": null, "event_type": "FACTS"}
2017-10-24 11:23:49,872 - TdmApplication - DEBUG - FrontendConnectionHandler(id=139685262870864, session='2017-10-24T11_20_24_0'): OK
