2017-10-24 11:40:29,126 - TdmApplication - DEBUG - DddDb().__init__(name='ddds', default_ddds=[u'recipehelp'])
2017-10-24 11:40:29,126 - TdmApplication - DEBUG - DddDb(): DB file name is '/home/gusmatssar/recipedialogue/tdm/ddds.json'
2017-10-24 11:40:29,135 - TdmApplication - DEBUG - FrontendConnectionHandler(id=140581929335120, session=None).open()
2017-10-24 11:40:29,137 - TdmApplication - DEBUG - thread_manager.create_thread() with threading.active_count()=3
2017-10-24 11:40:29,137 - TdmApplication - DEBUG - FrontendConnectionHandler(id=140581929335120, session=None).on_message({"handshake_content": {"session_id": null, "keep_session_alive": false}, "name": "Frontend"})
2017-10-24 11:40:29,138 - TdmApplication - DEBUG - FrontendConnectionHandler(id=140581929335120, session=None)._register({"handshake_content": {"session_id": null, "keep_session_alive": false}, "name": "Frontend"})
2017-10-24 11:40:29,138 - TdmApplication - DEBUG - thread_manager.create_thread() with threading.active_count()=4
2017-10-24 11:40:29,139 - TdmApplication - DEBUG - Creating backend and session with id 2017-10-24T11_40_29_0.
2017-10-24 11:40:29,175 - TdmApplication - DEBUG - FrontendConnectionHandler._register: Registered in session 2017-10-24T11_40_29_0 with backend <ThreadedBackend(ThreadedBackend, started daemon 140581888308992)>.
2017-10-24 11:40:29,176 - TdmApplication - DEBUG - FrontendConnectionHandler(id=140581929335120, session='2017-10-24T11_40_29_0').on_event(Event(REGISTER_BACKEND, None, sender=Backend, reason=None))
2017-10-24 11:40:29,176 - TdmApplication - DEBUG - FrontendConnectionHandler(id=140581929335120, session='2017-10-24T11_40_29_0'): writing {"content": null, "_sender": "Backend", "_reason": null, "event_type": "REGISTER_BACKEND"}
2017-10-24 11:40:29,177 - TdmApplication - DEBUG - FrontendConnectionHandler(id=140581929335120, session='2017-10-24T11_40_29_0'): OK
2017-10-24 11:40:29,207 - TdmApplication - DEBUG - FrontendConnectionHandler(id=140581929335120, session='2017-10-24T11_40_29_0').on_message({"content": null, "_sender": "Frontend", "_reason": null, "event_type": "FRONTEND_READY"})
2017-10-24 11:40:29,209 - TdmApplication - DEBUG - FrontendConnectionHandler(id=140581929335120, session='2017-10-24T11_40_29_0').on_event(Event(BACKEND_READY, None, sender=Backend, reason=None))
2017-10-24 11:40:29,209 - TdmApplication - DEBUG - FrontendConnectionHandler(id=140581929335120, session='2017-10-24T11_40_29_0'): writing {"content": null, "_sender": "Backend", "_reason": null, "event_type": "BACKEND_READY"}
2017-10-24 11:40:29,209 - TdmApplication - DEBUG - FrontendConnectionHandler(id=140581929335120, session='2017-10-24T11_40_29_0'): OK
2017-10-24 11:40:29,212 - TdmApplication - DEBUG - FrontendConnectionHandler(id=140581929335120, session='2017-10-24T11_40_29_0').on_message({"content": null, "_sender": "Frontend", "_reason": null, "event_type": "START"})
2017-10-24 11:40:29,248 - TdmApplication - DEBUG - FrontendConnectionHandler(id=140581929335120, session='2017-10-24T11_40_29_0').on_event(Event(SET_DDD, {ddd_name: recipehelp, language_code: eng}, sender=DmeModule, reason=None))
2017-10-24 11:40:29,248 - TdmApplication - DEBUG - FrontendConnectionHandler(id=140581929335120, session='2017-10-24T11_40_29_0'): writing {"content": {"ddd_name": "recipehelp", "language_code": "eng"}, "_sender": "DmeModule", "_reason": null, "event_type": "SET_DDD"}
2017-10-24 11:40:29,248 - TdmApplication - DEBUG - FrontendConnectionHandler(id=140581929335120, session='2017-10-24T11_40_29_0'): OK
2017-10-24 11:40:29,250 - TdmApplication - DEBUG - FrontendConnectionHandler(id=140581929335120, session='2017-10-24T11_40_29_0').on_event(Event(FACTS, [], sender=DmeModule, reason=None))
2017-10-24 11:40:29,250 - TdmApplication - DEBUG - FrontendConnectionHandler(id=140581929335120, session='2017-10-24T11_40_29_0'): writing {"content": [], "_sender": "DmeModule", "_reason": null, "event_type": "FACTS"}
2017-10-24 11:40:29,250 - TdmApplication - DEBUG - FrontendConnectionHandler(id=140581929335120, session='2017-10-24T11_40_29_0'): OK
2017-10-24 11:40:29,259 - TdmApplication - DEBUG - FrontendConnectionHandler(id=140581929335120, session='2017-10-24T11_40_29_0').on_event(Event(SYSTEM_UTTERANCE_TO_SPEAK, [, What would you like to do?], sender=GenerateModule, reason=None))
2017-10-24 11:40:29,259 - TdmApplication - DEBUG - FrontendConnectionHandler(id=140581929335120, session='2017-10-24T11_40_29_0'): writing {"content": ["", "What would you like to do?"], "_sender": "GenerateModule", "_reason": null, "event_type": "SYSTEM_UTTERANCE_TO_SPEAK"}
2017-10-24 11:40:29,259 - TdmApplication - DEBUG - FrontendConnectionHandler(id=140581929335120, session='2017-10-24T11_40_29_0'): OK
2017-10-24 11:40:29,260 - TdmApplication - DEBUG - FrontendConnectionHandler(id=140581929335120, session='2017-10-24T11_40_29_0').on_event(Event(MESSAGE_TO_GUI, [], sender=GuiBackend, reason=None))
2017-10-24 11:40:29,260 - TdmApplication - DEBUG - FrontendConnectionHandler(id=140581929335120, session='2017-10-24T11_40_29_0'): writing {"content": [], "_sender": "GuiBackend", "_reason": null, "event_type": "MESSAGE_TO_GUI"}
2017-10-24 11:40:29,260 - TdmApplication - DEBUG - FrontendConnectionHandler(id=140581929335120, session='2017-10-24T11_40_29_0'): OK
2017-10-24 11:40:29,319 - TdmApplication - DEBUG - FrontendConnectionHandler(id=140581929335120, session='2017-10-24T11_40_29_0').on_message({"content": ["", "What would you like to do?"], "_sender": "TextOutputComponent", "_reason": null, "event_type": "SYSTEM_UTTERANCE_REALIZED"})
2017-10-24 11:40:29,342 - TdmApplication - DEBUG - FrontendConnectionHandler(id=140581929335120, session='2017-10-24T11_40_29_0').on_event(Event(FACTS, [], sender=DmeModule, reason=None))
2017-10-24 11:40:29,342 - TdmApplication - DEBUG - FrontendConnectionHandler(id=140581929335120, session='2017-10-24T11_40_29_0'): writing {"content": [], "_sender": "DmeModule", "_reason": null, "event_type": "FACTS"}
2017-10-24 11:40:29,343 - TdmApplication - DEBUG - FrontendConnectionHandler(id=140581929335120, session='2017-10-24T11_40_29_0'): OK
2017-10-24 11:40:34,945 - TdmApplication - DEBUG - FrontendConnectionHandler(id=140581929335120, session='2017-10-24T11_40_29_0').on_message({"content": [{"score": 1.0, "utterance": "go to a step"}], "_sender": "TextInputComponent", "_reason": null, "event_type": "RECOGNITION"})
2017-10-24 11:40:34,954 - TdmApplication - DEBUG - FrontendConnectionHandler(id=140581929335120, session='2017-10-24T11_40_29_0').on_event(Event(STOP_LISTENING, None, sender=TurnManager, reason=None))
2017-10-24 11:40:34,954 - TdmApplication - DEBUG - FrontendConnectionHandler(id=140581929335120, session='2017-10-24T11_40_29_0'): writing {"content": null, "_sender": "TurnManager", "_reason": null, "event_type": "STOP_LISTENING"}
2017-10-24 11:40:34,954 - TdmApplication - DEBUG - FrontendConnectionHandler(id=140581929335120, session='2017-10-24T11_40_29_0'): OK
2017-10-24 11:40:35,026 - TdmApplication - DEBUG - FrontendConnectionHandler(id=140581929335120, session='2017-10-24T11_40_29_0').on_event(Event(SELECTED_RECOGNITION, go to a step, sender=DmeModule, reason=None))
2017-10-24 11:40:35,026 - TdmApplication - DEBUG - FrontendConnectionHandler(id=140581929335120, session='2017-10-24T11_40_29_0'): writing {"content": "go to a step", "_sender": "DmeModule", "_reason": null, "event_type": "SELECTED_RECOGNITION"}
2017-10-24 11:40:35,026 - TdmApplication - DEBUG - FrontendConnectionHandler(id=140581929335120, session='2017-10-24T11_40_29_0'): OK
2017-10-24 11:40:35,027 - TdmApplication - DEBUG - FrontendConnectionHandler(id=140581929335120, session='2017-10-24T11_40_29_0').on_event(Event(FACTS, [], sender=DmeModule, reason=None))
2017-10-24 11:40:35,027 - TdmApplication - DEBUG - FrontendConnectionHandler(id=140581929335120, session='2017-10-24T11_40_29_0'): writing {"content": [], "_sender": "DmeModule", "_reason": null, "event_type": "FACTS"}
2017-10-24 11:40:35,027 - TdmApplication - DEBUG - FrontendConnectionHandler(id=140581929335120, session='2017-10-24T11_40_29_0'): OK
2017-10-24 11:40:35,040 - TdmApplication - DEBUG - FrontendConnectionHandler(id=140581929335120, session='2017-10-24T11_40_29_0').on_event(Event(SYSTEM_UTTERANCE_TO_SPEAK, [, , Which step?], sender=GenerateModule, reason=None))
2017-10-24 11:40:35,040 - TdmApplication - DEBUG - FrontendConnectionHandler(id=140581929335120, session='2017-10-24T11_40_29_0'): writing {"content": ["", "", "Which step?"], "_sender": "GenerateModule", "_reason": null, "event_type": "SYSTEM_UTTERANCE_TO_SPEAK"}
2017-10-24 11:40:35,040 - TdmApplication - DEBUG - FrontendConnectionHandler(id=140581929335120, session='2017-10-24T11_40_29_0'): OK
2017-10-24 11:40:35,041 - TdmApplication - DEBUG - FrontendConnectionHandler(id=140581929335120, session='2017-10-24T11_40_29_0').on_event(Event(MESSAGE_TO_GUI, [], sender=GuiBackend, reason=None))
2017-10-24 11:40:35,041 - TdmApplication - DEBUG - FrontendConnectionHandler(id=140581929335120, session='2017-10-24T11_40_29_0'): writing {"content": [], "_sender": "GuiBackend", "_reason": null, "event_type": "MESSAGE_TO_GUI"}
2017-10-24 11:40:35,041 - TdmApplication - DEBUG - FrontendConnectionHandler(id=140581929335120, session='2017-10-24T11_40_29_0'): OK
2017-10-24 11:40:35,059 - TdmApplication - DEBUG - FrontendConnectionHandler(id=140581929335120, session='2017-10-24T11_40_29_0').on_message({"content": ["", "", "Which step?"], "_sender": "TextOutputComponent", "_reason": null, "event_type": "SYSTEM_UTTERANCE_REALIZED"})
2017-10-24 11:40:35,090 - TdmApplication - DEBUG - FrontendConnectionHandler(id=140581929335120, session='2017-10-24T11_40_29_0').on_event(Event(FACTS, [], sender=DmeModule, reason=None))
2017-10-24 11:40:35,090 - TdmApplication - DEBUG - FrontendConnectionHandler(id=140581929335120, session='2017-10-24T11_40_29_0'): writing {"content": [], "_sender": "DmeModule", "_reason": null, "event_type": "FACTS"}
2017-10-24 11:40:35,090 - TdmApplication - DEBUG - FrontendConnectionHandler(id=140581929335120, session='2017-10-24T11_40_29_0'): OK
2017-10-24 11:40:41,250 - TdmApplication - DEBUG - FrontendConnectionHandler(id=140581929335120, session='2017-10-24T11_40_29_0').on_message({"content": [{"score": 1.0, "utterance": "step one"}], "_sender": "TextInputComponent", "_reason": null, "event_type": "RECOGNITION"})
2017-10-24 11:40:41,255 - TdmApplication - DEBUG - FrontendConnectionHandler(id=140581929335120, session='2017-10-24T11_40_29_0').on_event(Event(STOP_LISTENING, None, sender=TurnManager, reason=None))
2017-10-24 11:40:41,256 - TdmApplication - DEBUG - FrontendConnectionHandler(id=140581929335120, session='2017-10-24T11_40_29_0'): writing {"content": null, "_sender": "TurnManager", "_reason": null, "event_type": "STOP_LISTENING"}
2017-10-24 11:40:41,256 - TdmApplication - DEBUG - FrontendConnectionHandler(id=140581929335120, session='2017-10-24T11_40_29_0'): OK
2017-10-24 11:40:55,592 - TdmApplication - DEBUG - FrontendConnectionHandler(id=140581929335120, session='2017-10-24T11_40_29_0').on_close()
2017-10-24 11:40:55,594 - TdmApplication - DEBUG - SessionManager.stop('2017-10-24T11_40_29_0')
2017-10-24 11:40:55,602 - TdmApplication - DEBUG - TdmApplication.stop(): Stopping HTTP server
2017-10-24 11:40:55,607 - TdmApplication - DEBUG - TdmApplication.stop(): Stopping IO-loop
2017-10-24 11:40:55,608 - TdmApplication - DEBUG - TdmApplication.stop(): Stopping sessions []
