2017-10-24 16:57:58,862 - TdmApplication - DEBUG - DddDb().__init__(name='ddds', default_ddds=[u'recipehelp'])
2017-10-24 16:57:58,863 - TdmApplication - DEBUG - DddDb(): DB file name is '/home/gusmatssar/recipedialogue/tdm/ddds.json'
2017-10-24 16:57:58,871 - TdmApplication - DEBUG - FrontendConnectionHandler(id=139713605638480, session=None).open()
2017-10-24 16:57:58,873 - TdmApplication - DEBUG - thread_manager.create_thread() with threading.active_count()=3
2017-10-24 16:57:58,874 - TdmApplication - DEBUG - FrontendConnectionHandler(id=139713605638480, session=None).on_message({"handshake_content": {"session_id": null, "keep_session_alive": false}, "name": "Frontend"})
2017-10-24 16:57:58,874 - TdmApplication - DEBUG - thread_manager.create_thread() with threading.active_count()=4
2017-10-24 16:57:58,874 - TdmApplication - DEBUG - FrontendConnectionHandler(id=139713605638480, session=None)._register({"handshake_content": {"session_id": null, "keep_session_alive": false}, "name": "Frontend"})
2017-10-24 16:57:58,876 - TdmApplication - DEBUG - Creating backend and session with id 2017-10-24T16_57_58_0.
2017-10-24 16:57:58,912 - TdmApplication - DEBUG - FrontendConnectionHandler._register: Registered in session 2017-10-24T16_57_58_0 with backend <ThreadedBackend(ThreadedBackend, started daemon 139713564350208)>.
2017-10-24 16:57:58,913 - TdmApplication - DEBUG - FrontendConnectionHandler(id=139713605638480, session='2017-10-24T16_57_58_0').on_event(Event(REGISTER_BACKEND, None, sender=Backend, reason=None))
2017-10-24 16:57:58,913 - TdmApplication - DEBUG - FrontendConnectionHandler(id=139713605638480, session='2017-10-24T16_57_58_0'): writing {"content": null, "_sender": "Backend", "_reason": null, "event_type": "REGISTER_BACKEND"}
2017-10-24 16:57:58,913 - TdmApplication - DEBUG - FrontendConnectionHandler(id=139713605638480, session='2017-10-24T16_57_58_0'): OK
2017-10-24 16:57:58,945 - TdmApplication - DEBUG - FrontendConnectionHandler(id=139713605638480, session='2017-10-24T16_57_58_0').on_message({"content": null, "_sender": "Frontend", "_reason": null, "event_type": "FRONTEND_READY"})
2017-10-24 16:57:58,947 - TdmApplication - DEBUG - FrontendConnectionHandler(id=139713605638480, session='2017-10-24T16_57_58_0').on_event(Event(BACKEND_READY, None, sender=Backend, reason=None))
2017-10-24 16:57:58,947 - TdmApplication - DEBUG - FrontendConnectionHandler(id=139713605638480, session='2017-10-24T16_57_58_0'): writing {"content": null, "_sender": "Backend", "_reason": null, "event_type": "BACKEND_READY"}
2017-10-24 16:57:58,947 - TdmApplication - DEBUG - FrontendConnectionHandler(id=139713605638480, session='2017-10-24T16_57_58_0'): OK
2017-10-24 16:57:58,950 - TdmApplication - DEBUG - FrontendConnectionHandler(id=139713605638480, session='2017-10-24T16_57_58_0').on_message({"content": null, "_sender": "Frontend", "_reason": null, "event_type": "START"})
2017-10-24 16:57:58,985 - TdmApplication - DEBUG - FrontendConnectionHandler(id=139713605638480, session='2017-10-24T16_57_58_0').on_event(Event(SET_DDD, {ddd_name: recipehelp, language_code: eng}, sender=DmeModule, reason=None))
2017-10-24 16:57:58,985 - TdmApplication - DEBUG - FrontendConnectionHandler(id=139713605638480, session='2017-10-24T16_57_58_0'): writing {"content": {"ddd_name": "recipehelp", "language_code": "eng"}, "_sender": "DmeModule", "_reason": null, "event_type": "SET_DDD"}
2017-10-24 16:57:58,985 - TdmApplication - DEBUG - FrontendConnectionHandler(id=139713605638480, session='2017-10-24T16_57_58_0'): OK
2017-10-24 16:57:58,986 - TdmApplication - DEBUG - FrontendConnectionHandler(id=139713605638480, session='2017-10-24T16_57_58_0').on_event(Event(FACTS, [], sender=DmeModule, reason=None))
2017-10-24 16:57:58,986 - TdmApplication - DEBUG - FrontendConnectionHandler(id=139713605638480, session='2017-10-24T16_57_58_0'): writing {"content": [], "_sender": "DmeModule", "_reason": null, "event_type": "FACTS"}
2017-10-24 16:57:58,987 - TdmApplication - DEBUG - FrontendConnectionHandler(id=139713605638480, session='2017-10-24T16_57_58_0'): OK
2017-10-24 16:57:58,994 - TdmApplication - DEBUG - FrontendConnectionHandler(id=139713605638480, session='2017-10-24T16_57_58_0').on_event(Event(SYSTEM_UTTERANCE_TO_SPEAK, [, What would you like to do?], sender=GenerateModule, reason=None))
2017-10-24 16:57:58,994 - TdmApplication - DEBUG - FrontendConnectionHandler(id=139713605638480, session='2017-10-24T16_57_58_0'): writing {"content": ["", "What would you like to do?"], "_sender": "GenerateModule", "_reason": null, "event_type": "SYSTEM_UTTERANCE_TO_SPEAK"}
2017-10-24 16:57:58,994 - TdmApplication - DEBUG - FrontendConnectionHandler(id=139713605638480, session='2017-10-24T16_57_58_0'): OK
2017-10-24 16:57:58,995 - TdmApplication - DEBUG - FrontendConnectionHandler(id=139713605638480, session='2017-10-24T16_57_58_0').on_event(Event(MESSAGE_TO_GUI, [], sender=GuiBackend, reason=None))
2017-10-24 16:57:58,995 - TdmApplication - DEBUG - FrontendConnectionHandler(id=139713605638480, session='2017-10-24T16_57_58_0'): writing {"content": [], "_sender": "GuiBackend", "_reason": null, "event_type": "MESSAGE_TO_GUI"}
2017-10-24 16:57:58,995 - TdmApplication - DEBUG - FrontendConnectionHandler(id=139713605638480, session='2017-10-24T16_57_58_0'): OK
2017-10-24 16:57:59,037 - TdmApplication - DEBUG - FrontendConnectionHandler(id=139713605638480, session='2017-10-24T16_57_58_0').on_message({"content": ["", "What would you like to do?"], "_sender": "TextOutputComponent", "_reason": null, "event_type": "SYSTEM_UTTERANCE_REALIZED"})
2017-10-24 16:57:59,058 - TdmApplication - DEBUG - FrontendConnectionHandler(id=139713605638480, session='2017-10-24T16_57_58_0').on_event(Event(FACTS, [], sender=DmeModule, reason=None))
2017-10-24 16:57:59,058 - TdmApplication - DEBUG - FrontendConnectionHandler(id=139713605638480, session='2017-10-24T16_57_58_0'): writing {"content": [], "_sender": "DmeModule", "_reason": null, "event_type": "FACTS"}
2017-10-24 16:57:59,058 - TdmApplication - DEBUG - FrontendConnectionHandler(id=139713605638480, session='2017-10-24T16_57_58_0'): OK
2017-10-24 16:58:02,285 - TdmApplication - DEBUG - FrontendConnectionHandler(id=139713605638480, session='2017-10-24T16_57_58_0').on_message({"content": [{"score": 1.0, "utterance": "go to a step"}], "_sender": "TextInputComponent", "_reason": null, "event_type": "RECOGNITION"})
2017-10-24 16:58:02,294 - TdmApplication - DEBUG - FrontendConnectionHandler(id=139713605638480, session='2017-10-24T16_57_58_0').on_event(Event(STOP_LISTENING, None, sender=TurnManager, reason=None))
2017-10-24 16:58:02,294 - TdmApplication - DEBUG - FrontendConnectionHandler(id=139713605638480, session='2017-10-24T16_57_58_0'): writing {"content": null, "_sender": "TurnManager", "_reason": null, "event_type": "STOP_LISTENING"}
2017-10-24 16:58:02,294 - TdmApplication - DEBUG - FrontendConnectionHandler(id=139713605638480, session='2017-10-24T16_57_58_0'): OK
2017-10-24 16:58:02,364 - TdmApplication - DEBUG - FrontendConnectionHandler(id=139713605638480, session='2017-10-24T16_57_58_0').on_event(Event(SELECTED_RECOGNITION, go to a step, sender=DmeModule, reason=None))
2017-10-24 16:58:02,364 - TdmApplication - DEBUG - FrontendConnectionHandler(id=139713605638480, session='2017-10-24T16_57_58_0'): writing {"content": "go to a step", "_sender": "DmeModule", "_reason": null, "event_type": "SELECTED_RECOGNITION"}
2017-10-24 16:58:02,364 - TdmApplication - DEBUG - FrontendConnectionHandler(id=139713605638480, session='2017-10-24T16_57_58_0'): OK
2017-10-24 16:58:02,365 - TdmApplication - DEBUG - FrontendConnectionHandler(id=139713605638480, session='2017-10-24T16_57_58_0').on_event(Event(FACTS, [], sender=DmeModule, reason=None))
2017-10-24 16:58:02,365 - TdmApplication - DEBUG - FrontendConnectionHandler(id=139713605638480, session='2017-10-24T16_57_58_0'): writing {"content": [], "_sender": "DmeModule", "_reason": null, "event_type": "FACTS"}
2017-10-24 16:58:02,366 - TdmApplication - DEBUG - FrontendConnectionHandler(id=139713605638480, session='2017-10-24T16_57_58_0'): OK
2017-10-24 16:58:02,377 - TdmApplication - DEBUG - FrontendConnectionHandler(id=139713605638480, session='2017-10-24T16_57_58_0').on_event(Event(SYSTEM_UTTERANCE_TO_SPEAK, [, , Which step?], sender=GenerateModule, reason=None))
2017-10-24 16:58:02,377 - TdmApplication - DEBUG - FrontendConnectionHandler(id=139713605638480, session='2017-10-24T16_57_58_0'): writing {"content": ["", "", "Which step?"], "_sender": "GenerateModule", "_reason": null, "event_type": "SYSTEM_UTTERANCE_TO_SPEAK"}
2017-10-24 16:58:02,377 - TdmApplication - DEBUG - FrontendConnectionHandler(id=139713605638480, session='2017-10-24T16_57_58_0'): OK
2017-10-24 16:58:02,378 - TdmApplication - DEBUG - FrontendConnectionHandler(id=139713605638480, session='2017-10-24T16_57_58_0').on_event(Event(MESSAGE_TO_GUI, [], sender=GuiBackend, reason=None))
2017-10-24 16:58:02,378 - TdmApplication - DEBUG - FrontendConnectionHandler(id=139713605638480, session='2017-10-24T16_57_58_0'): writing {"content": [], "_sender": "GuiBackend", "_reason": null, "event_type": "MESSAGE_TO_GUI"}
2017-10-24 16:58:02,378 - TdmApplication - DEBUG - FrontendConnectionHandler(id=139713605638480, session='2017-10-24T16_57_58_0'): OK
2017-10-24 16:58:02,384 - TdmApplication - DEBUG - FrontendConnectionHandler(id=139713605638480, session='2017-10-24T16_57_58_0').on_message({"content": ["", "", "Which step?"], "_sender": "TextOutputComponent", "_reason": null, "event_type": "SYSTEM_UTTERANCE_REALIZED"})
2017-10-24 16:58:02,416 - TdmApplication - DEBUG - FrontendConnectionHandler(id=139713605638480, session='2017-10-24T16_57_58_0').on_event(Event(FACTS, [], sender=DmeModule, reason=None))
2017-10-24 16:58:02,416 - TdmApplication - DEBUG - FrontendConnectionHandler(id=139713605638480, session='2017-10-24T16_57_58_0'): writing {"content": [], "_sender": "DmeModule", "_reason": null, "event_type": "FACTS"}
2017-10-24 16:58:02,417 - TdmApplication - DEBUG - FrontendConnectionHandler(id=139713605638480, session='2017-10-24T16_57_58_0'): OK
2017-10-24 16:58:04,917 - TdmApplication - DEBUG - FrontendConnectionHandler(id=139713605638480, session='2017-10-24T16_57_58_0').on_message({"content": [{"score": 1.0, "utterance": "step one"}], "_sender": "TextInputComponent", "_reason": null, "event_type": "RECOGNITION"})
2017-10-24 16:58:04,922 - TdmApplication - DEBUG - FrontendConnectionHandler(id=139713605638480, session='2017-10-24T16_57_58_0').on_event(Event(STOP_LISTENING, None, sender=TurnManager, reason=None))
2017-10-24 16:58:04,922 - TdmApplication - DEBUG - FrontendConnectionHandler(id=139713605638480, session='2017-10-24T16_57_58_0'): writing {"content": null, "_sender": "TurnManager", "_reason": null, "event_type": "STOP_LISTENING"}
2017-10-24 16:58:04,922 - TdmApplication - DEBUG - FrontendConnectionHandler(id=139713605638480, session='2017-10-24T16_57_58_0'): OK
2017-10-24 16:58:05,005 - TdmApplication - DEBUG - FrontendConnectionHandler(id=139713605638480, session='2017-10-24T16_57_58_0').on_event(Event(SELECTED_RECOGNITION, step one, sender=DmeModule, reason=None))
2017-10-24 16:58:05,005 - TdmApplication - DEBUG - FrontendConnectionHandler(id=139713605638480, session='2017-10-24T16_57_58_0'): writing {"content": "step one", "_sender": "DmeModule", "_reason": null, "event_type": "SELECTED_RECOGNITION"}
2017-10-24 16:58:05,005 - TdmApplication - DEBUG - FrontendConnectionHandler(id=139713605638480, session='2017-10-24T16_57_58_0'): OK
2017-10-24 16:58:05,006 - TdmApplication - DEBUG - FrontendConnectionHandler(id=139713605638480, session='2017-10-24T16_57_58_0').on_event(Event(FACTS, [{predicate: go_to_step, grammar_entry: None, value: chose step1}], sender=DmeModule, reason=None))
2017-10-24 16:58:05,006 - TdmApplication - DEBUG - FrontendConnectionHandler(id=139713605638480, session='2017-10-24T16_57_58_0'): writing {"content": [{"predicate": "go_to_step", "grammar_entry": null, "value": "chose step1"}], "_sender": "DmeModule", "_reason": null, "event_type": "FACTS"}
2017-10-24 16:58:05,006 - TdmApplication - DEBUG - FrontendConnectionHandler(id=139713605638480, session='2017-10-24T16_57_58_0'): OK
2017-10-24 16:58:05,018 - TdmApplication - DEBUG - FrontendConnectionHandler(id=139713605638480, session='2017-10-24T16_57_58_0').on_event(Event(SYSTEM_UTTERANCE_TO_SPEAK, [Ok chose step1.], sender=GenerateModule, reason=None))
2017-10-24 16:58:05,018 - TdmApplication - DEBUG - FrontendConnectionHandler(id=139713605638480, session='2017-10-24T16_57_58_0'): writing {"content": ["Ok chose step1."], "_sender": "GenerateModule", "_reason": null, "event_type": "SYSTEM_UTTERANCE_TO_SPEAK"}
2017-10-24 16:58:05,018 - TdmApplication - DEBUG - FrontendConnectionHandler(id=139713605638480, session='2017-10-24T16_57_58_0'): OK
2017-10-24 16:58:05,019 - TdmApplication - DEBUG - FrontendConnectionHandler(id=139713605638480, session='2017-10-24T16_57_58_0').on_event(Event(GUI.POPUP, {options: [], title: Ok chose step1.}, sender=IndependentGuiBackend, reason=None))
2017-10-24 16:58:05,019 - TdmApplication - DEBUG - FrontendConnectionHandler(id=139713605638480, session='2017-10-24T16_57_58_0'): writing {"content": {"options": [], "title": "Ok chose step1."}, "_sender": "IndependentGuiBackend", "_reason": null, "event_type": "GUI.POPUP"}
2017-10-24 16:58:05,020 - TdmApplication - DEBUG - FrontendConnectionHandler(id=139713605638480, session='2017-10-24T16_57_58_0'): OK
2017-10-24 16:58:05,021 - TdmApplication - DEBUG - FrontendConnectionHandler(id=139713605638480, session='2017-10-24T16_57_58_0').on_event(Event(MESSAGE_TO_GUI, [<tdm.tdm_gui_protocol.Popup instance at 0x7f1198dbde18>], sender=GuiBackend, reason=None))
2017-10-24 16:58:05,021 - TdmApplication - DEBUG - FrontendConnectionHandler(id=139713605638480, session='2017-10-24T16_57_58_0'): writing {"content": [{"Popup": {"elements": [], "title": "Ok chose step1."}}], "_sender": "GuiBackend", "_reason": null, "event_type": "MESSAGE_TO_GUI"}
2017-10-24 16:58:05,022 - TdmApplication - DEBUG - FrontendConnectionHandler(id=139713605638480, session='2017-10-24T16_57_58_0'): OK
2017-10-24 16:58:05,025 - TdmApplication - DEBUG - FrontendConnectionHandler(id=139713605638480, session='2017-10-24T16_57_58_0').on_message({"content": ["Ok chose step1."], "_sender": "TextOutputComponent", "_reason": null, "event_type": "SYSTEM_UTTERANCE_REALIZED"})
2017-10-24 16:58:05,053 - TdmApplication - DEBUG - FrontendConnectionHandler(id=139713605638480, session='2017-10-24T16_57_58_0').on_event(Event(FACTS, [{predicate: go_to_step, grammar_entry: None, value: chose step1}], sender=DmeModule, reason=None))
2017-10-24 16:58:05,053 - TdmApplication - DEBUG - FrontendConnectionHandler(id=139713605638480, session='2017-10-24T16_57_58_0'): writing {"content": [{"predicate": "go_to_step", "grammar_entry": null, "value": "chose step1"}], "_sender": "DmeModule", "_reason": null, "event_type": "FACTS"}
2017-10-24 16:58:05,053 - TdmApplication - DEBUG - FrontendConnectionHandler(id=139713605638480, session='2017-10-24T16_57_58_0'): OK
2017-10-24 16:58:08,581 - TdmApplication - DEBUG - FrontendConnectionHandler(id=139713605638480, session='2017-10-24T16_57_58_0').on_message({"content": [{"score": 1.0, "utterance": "go to next"}], "_sender": "TextInputComponent", "_reason": null, "event_type": "RECOGNITION"})
2017-10-24 16:58:08,586 - TdmApplication - DEBUG - FrontendConnectionHandler(id=139713605638480, session='2017-10-24T16_57_58_0').on_event(Event(FACTS, [], sender=DmeModule, reason=None))
2017-10-24 16:58:08,586 - TdmApplication - DEBUG - FrontendConnectionHandler(id=139713605638480, session='2017-10-24T16_57_58_0'): writing {"content": [], "_sender": "DmeModule", "_reason": null, "event_type": "FACTS"}
2017-10-24 16:58:08,586 - TdmApplication - DEBUG - FrontendConnectionHandler(id=139713605638480, session='2017-10-24T16_57_58_0'): OK
2017-10-24 16:58:08,595 - TdmApplication - DEBUG - FrontendConnectionHandler(id=139713605638480, session='2017-10-24T16_57_58_0').on_event(Event(STOP_SPEAKING, None, sender=TurnManager, reason=None))
2017-10-24 16:58:08,595 - TdmApplication - DEBUG - FrontendConnectionHandler(id=139713605638480, session='2017-10-24T16_57_58_0'): writing {"content": null, "_sender": "TurnManager", "_reason": null, "event_type": "STOP_SPEAKING"}
2017-10-24 16:58:08,595 - TdmApplication - DEBUG - FrontendConnectionHandler(id=139713605638480, session='2017-10-24T16_57_58_0'): OK
2017-10-24 16:58:08,596 - TdmApplication - DEBUG - FrontendConnectionHandler(id=139713605638480, session='2017-10-24T16_57_58_0').on_event(Event(SYSTEM_UTTERANCE_TO_SPEAK, [Returning to the start view., What would you like to do?], sender=GenerateModule, reason=None))
2017-10-24 16:58:08,596 - TdmApplication - DEBUG - FrontendConnectionHandler(id=139713605638480, session='2017-10-24T16_57_58_0'): writing {"content": ["Returning to the start view.", "What would you like to do?"], "_sender": "GenerateModule", "_reason": null, "event_type": "SYSTEM_UTTERANCE_TO_SPEAK"}
2017-10-24 16:58:08,596 - TdmApplication - DEBUG - FrontendConnectionHandler(id=139713605638480, session='2017-10-24T16_57_58_0'): OK
2017-10-24 16:58:08,598 - TdmApplication - DEBUG - FrontendConnectionHandler(id=139713605638480, session='2017-10-24T16_57_58_0').on_event(Event(MESSAGE_TO_GUI, [<tdm.tdm_gui_protocol.ClosePopup instance at 0x7f1198df7248>], sender=GuiBackend, reason=None))
2017-10-24 16:58:08,598 - TdmApplication - DEBUG - FrontendConnectionHandler(id=139713605638480, session='2017-10-24T16_57_58_0'): writing {"content": [{"ClosePopup": {}}], "_sender": "GuiBackend", "_reason": null, "event_type": "MESSAGE_TO_GUI"}
2017-10-24 16:58:08,598 - TdmApplication - DEBUG - FrontendConnectionHandler(id=139713605638480, session='2017-10-24T16_57_58_0'): OK
2017-10-24 16:58:08,607 - TdmApplication - DEBUG - FrontendConnectionHandler(id=139713605638480, session='2017-10-24T16_57_58_0').on_message({"content": ["Returning to the start view.", "What would you like to do?"], "_sender": "TextOutputComponent", "_reason": null, "event_type": "SYSTEM_UTTERANCE_REALIZED"})
2017-10-24 16:58:08,632 - TdmApplication - DEBUG - FrontendConnectionHandler(id=139713605638480, session='2017-10-24T16_57_58_0').on_event(Event(FACTS, [], sender=DmeModule, reason=None))
2017-10-24 16:58:08,632 - TdmApplication - DEBUG - FrontendConnectionHandler(id=139713605638480, session='2017-10-24T16_57_58_0'): writing {"content": [], "_sender": "DmeModule", "_reason": null, "event_type": "FACTS"}
2017-10-24 16:58:08,632 - TdmApplication - DEBUG - FrontendConnectionHandler(id=139713605638480, session='2017-10-24T16_57_58_0'): OK
2017-10-24 16:58:08,706 - TdmApplication - DEBUG - FrontendConnectionHandler(id=139713605638480, session='2017-10-24T16_57_58_0').on_event(Event(SELECTED_RECOGNITION, go to next, sender=DmeModule, reason=None))
2017-10-24 16:58:08,706 - TdmApplication - DEBUG - FrontendConnectionHandler(id=139713605638480, session='2017-10-24T16_57_58_0'): writing {"content": "go to next", "_sender": "DmeModule", "_reason": null, "event_type": "SELECTED_RECOGNITION"}
2017-10-24 16:58:08,706 - TdmApplication - DEBUG - FrontendConnectionHandler(id=139713605638480, session='2017-10-24T16_57_58_0'): OK
2017-10-24 16:58:08,708 - TdmApplication - DEBUG - FrontendConnectionHandler(id=139713605638480, session='2017-10-24T16_57_58_0').on_event(Event(FACTS, [], sender=DmeModule, reason=None))
2017-10-24 16:58:08,708 - TdmApplication - DEBUG - FrontendConnectionHandler(id=139713605638480, session='2017-10-24T16_57_58_0'): writing {"content": [], "_sender": "DmeModule", "_reason": null, "event_type": "FACTS"}
2017-10-24 16:58:08,708 - TdmApplication - DEBUG - FrontendConnectionHandler(id=139713605638480, session='2017-10-24T16_57_58_0'): OK
2017-10-24 16:58:08,717 - TdmApplication - DEBUG - FrontendConnectionHandler(id=139713605638480, session='2017-10-24T16_57_58_0').on_event(Event(SYSTEM_UTTERANCE_TO_SPEAK, [, Next], sender=GenerateModule, reason=None))
2017-10-24 16:58:08,717 - TdmApplication - DEBUG - FrontendConnectionHandler(id=139713605638480, session='2017-10-24T16_57_58_0'): writing {"content": ["", "Next"], "_sender": "GenerateModule", "_reason": null, "event_type": "SYSTEM_UTTERANCE_TO_SPEAK"}
2017-10-24 16:58:08,718 - TdmApplication - DEBUG - FrontendConnectionHandler(id=139713605638480, session='2017-10-24T16_57_58_0'): OK
2017-10-24 16:58:08,718 - TdmApplication - DEBUG - FrontendConnectionHandler(id=139713605638480, session='2017-10-24T16_57_58_0').on_event(Event(GUI.POPUP, {options: [], title: Next}, sender=IndependentGuiBackend, reason=None))
2017-10-24 16:58:08,719 - TdmApplication - DEBUG - FrontendConnectionHandler(id=139713605638480, session='2017-10-24T16_57_58_0'): writing {"content": {"options": [], "title": "Next"}, "_sender": "IndependentGuiBackend", "_reason": null, "event_type": "GUI.POPUP"}
2017-10-24 16:58:08,719 - TdmApplication - DEBUG - FrontendConnectionHandler(id=139713605638480, session='2017-10-24T16_57_58_0'): OK
2017-10-24 16:58:08,720 - TdmApplication - DEBUG - FrontendConnectionHandler(id=139713605638480, session='2017-10-24T16_57_58_0').on_event(Event(MESSAGE_TO_GUI, [<tdm.tdm_gui_protocol.DeviceResult instance at 0x7f1198df7518>, <tdm.tdm_gui_protocol.Popup instance at 0x7f1198df7cf8>], sender=GuiBackend, reason=None))
2017-10-24 16:58:08,720 - TdmApplication - DEBUG - FrontendConnectionHandler(id=139713605638480, session='2017-10-24T16_57_58_0'): writing {"content": [{"DeviceResult": {"action": "go_to_next", "result": true, "arguments": {}, "failure_reason": null}}, {"Popup": {"elements": [], "title": "Next"}}], "_sender": "GuiBackend", "_reason": null, "event_type": "MESSAGE_TO_GUI"}
2017-10-24 16:58:08,721 - TdmApplication - DEBUG - FrontendConnectionHandler(id=139713605638480, session='2017-10-24T16_57_58_0'): OK
2017-10-24 16:58:08,733 - TdmApplication - DEBUG - FrontendConnectionHandler(id=139713605638480, session='2017-10-24T16_57_58_0').on_message({"content": ["", "Next"], "_sender": "TextOutputComponent", "_reason": null, "event_type": "SYSTEM_UTTERANCE_REALIZED"})
2017-10-24 16:58:08,790 - TdmApplication - DEBUG - FrontendConnectionHandler(id=139713605638480, session='2017-10-24T16_57_58_0').on_event(Event(FACTS, [], sender=DmeModule, reason=None))
2017-10-24 16:58:08,790 - TdmApplication - DEBUG - FrontendConnectionHandler(id=139713605638480, session='2017-10-24T16_57_58_0'): writing {"content": [], "_sender": "DmeModule", "_reason": null, "event_type": "FACTS"}
2017-10-24 16:58:08,790 - TdmApplication - DEBUG - FrontendConnectionHandler(id=139713605638480, session='2017-10-24T16_57_58_0'): OK
2017-10-24 16:58:08,799 - TdmApplication - DEBUG - FrontendConnectionHandler(id=139713605638480, session='2017-10-24T16_57_58_0').on_event(Event(SYSTEM_UTTERANCE_TO_SPEAK, [Step ended], sender=GenerateModule, reason=None))
2017-10-24 16:58:08,799 - TdmApplication - DEBUG - FrontendConnectionHandler(id=139713605638480, session='2017-10-24T16_57_58_0'): writing {"content": ["Step ended"], "_sender": "GenerateModule", "_reason": null, "event_type": "SYSTEM_UTTERANCE_TO_SPEAK"}
2017-10-24 16:58:08,799 - TdmApplication - DEBUG - FrontendConnectionHandler(id=139713605638480, session='2017-10-24T16_57_58_0'): OK
2017-10-24 16:58:08,799 - TdmApplication - DEBUG - FrontendConnectionHandler(id=139713605638480, session='2017-10-24T16_57_58_0').on_event(Event(GUI.POPUP, {options: [], title: Step ended}, sender=IndependentGuiBackend, reason=None))
2017-10-24 16:58:08,800 - TdmApplication - DEBUG - FrontendConnectionHandler(id=139713605638480, session='2017-10-24T16_57_58_0'): writing {"content": {"options": [], "title": "Step ended"}, "_sender": "IndependentGuiBackend", "_reason": null, "event_type": "GUI.POPUP"}
2017-10-24 16:58:08,800 - TdmApplication - DEBUG - FrontendConnectionHandler(id=139713605638480, session='2017-10-24T16_57_58_0'): OK
2017-10-24 16:58:08,800 - TdmApplication - DEBUG - FrontendConnectionHandler(id=139713605638480, session='2017-10-24T16_57_58_0').on_event(Event(MESSAGE_TO_GUI, [<tdm.tdm_gui_protocol.ClosePopup instance at 0x7f1198df7f80>, <tdm.tdm_gui_protocol.DeviceResult instance at 0x7f1198df7d40>, <tdm.tdm_gui_protocol.Popup instance at 0x7f1198de50e0>], sender=GuiBackend, reason=None))
2017-10-24 16:58:08,801 - TdmApplication - DEBUG - FrontendConnectionHandler(id=139713605638480, session='2017-10-24T16_57_58_0'): writing {"content": [{"ClosePopup": {}}, {"DeviceResult": {"action": "say_step", "result": true, "arguments": {}, "failure_reason": null}}, {"Popup": {"elements": [], "title": "Step ended"}}], "_sender": "GuiBackend", "_reason": null, "event_type": "MESSAGE_TO_GUI"}
2017-10-24 16:58:08,801 - TdmApplication - DEBUG - FrontendConnectionHandler(id=139713605638480, session='2017-10-24T16_57_58_0'): OK
2017-10-24 16:58:08,870 - TdmApplication - DEBUG - FrontendConnectionHandler(id=139713605638480, session='2017-10-24T16_57_58_0').on_message({"content": ["Step ended"], "_sender": "TextOutputComponent", "_reason": null, "event_type": "SYSTEM_UTTERANCE_REALIZED"})
2017-10-24 16:58:08,928 - TdmApplication - DEBUG - FrontendConnectionHandler(id=139713605638480, session='2017-10-24T16_57_58_0').on_event(Event(FACTS, [], sender=DmeModule, reason=None))
2017-10-24 16:58:08,928 - TdmApplication - DEBUG - FrontendConnectionHandler(id=139713605638480, session='2017-10-24T16_57_58_0'): writing {"content": [], "_sender": "DmeModule", "_reason": null, "event_type": "FACTS"}
2017-10-24 16:58:08,928 - TdmApplication - DEBUG - FrontendConnectionHandler(id=139713605638480, session='2017-10-24T16_57_58_0'): OK
2017-10-24 16:58:08,938 - TdmApplication - DEBUG - FrontendConnectionHandler(id=139713605638480, session='2017-10-24T16_57_58_0').on_event(Event(SYSTEM_UTTERANCE_TO_SPEAK, [, Are you done?], sender=GenerateModule, reason=None))
2017-10-24 16:58:08,938 - TdmApplication - DEBUG - FrontendConnectionHandler(id=139713605638480, session='2017-10-24T16_57_58_0'): writing {"content": ["", "Are you done?"], "_sender": "GenerateModule", "_reason": null, "event_type": "SYSTEM_UTTERANCE_TO_SPEAK"}
2017-10-24 16:58:08,938 - TdmApplication - DEBUG - FrontendConnectionHandler(id=139713605638480, session='2017-10-24T16_57_58_0'): OK
2017-10-24 16:58:08,939 - TdmApplication - DEBUG - FrontendConnectionHandler(id=139713605638480, session='2017-10-24T16_57_58_0').on_event(Event(MESSAGE_TO_GUI, [<tdm.tdm_gui_protocol.ClosePopup instance at 0x7f1198df73f8>], sender=GuiBackend, reason=None))
2017-10-24 16:58:08,939 - TdmApplication - DEBUG - FrontendConnectionHandler(id=139713605638480, session='2017-10-24T16_57_58_0'): writing {"content": [{"ClosePopup": {}}], "_sender": "GuiBackend", "_reason": null, "event_type": "MESSAGE_TO_GUI"}
2017-10-24 16:58:08,939 - TdmApplication - DEBUG - FrontendConnectionHandler(id=139713605638480, session='2017-10-24T16_57_58_0'): OK
2017-10-24 16:58:08,980 - TdmApplication - DEBUG - FrontendConnectionHandler(id=139713605638480, session='2017-10-24T16_57_58_0').on_message({"content": ["", "Are you done?"], "_sender": "TextOutputComponent", "_reason": null, "event_type": "SYSTEM_UTTERANCE_REALIZED"})
2017-10-24 16:58:09,008 - TdmApplication - DEBUG - FrontendConnectionHandler(id=139713605638480, session='2017-10-24T16_57_58_0').on_event(Event(FACTS, [], sender=DmeModule, reason=None))
2017-10-24 16:58:09,008 - TdmApplication - DEBUG - FrontendConnectionHandler(id=139713605638480, session='2017-10-24T16_57_58_0'): writing {"content": [], "_sender": "DmeModule", "_reason": null, "event_type": "FACTS"}
2017-10-24 16:58:09,009 - TdmApplication - DEBUG - FrontendConnectionHandler(id=139713605638480, session='2017-10-24T16_57_58_0'): OK
2017-10-24 16:58:12,338 - TdmApplication - DEBUG - FrontendConnectionHandler(id=139713605638480, session='2017-10-24T16_57_58_0').on_message({"content": [{"score": 1.0, "utterance": "go to next"}], "_sender": "TextInputComponent", "_reason": null, "event_type": "RECOGNITION"})
2017-10-24 16:58:12,342 - TdmApplication - DEBUG - FrontendConnectionHandler(id=139713605638480, session='2017-10-24T16_57_58_0').on_event(Event(STOP_LISTENING, None, sender=TurnManager, reason=None))
2017-10-24 16:58:12,342 - TdmApplication - DEBUG - FrontendConnectionHandler(id=139713605638480, session='2017-10-24T16_57_58_0'): writing {"content": null, "_sender": "TurnManager", "_reason": null, "event_type": "STOP_LISTENING"}
2017-10-24 16:58:12,342 - TdmApplication - DEBUG - FrontendConnectionHandler(id=139713605638480, session='2017-10-24T16_57_58_0'): OK
2017-10-24 16:58:12,458 - TdmApplication - DEBUG - FrontendConnectionHandler(id=139713605638480, session='2017-10-24T16_57_58_0').on_event(Event(SELECTED_RECOGNITION, go to next, sender=DmeModule, reason=None))
2017-10-24 16:58:12,459 - TdmApplication - DEBUG - FrontendConnectionHandler(id=139713605638480, session='2017-10-24T16_57_58_0'): writing {"content": "go to next", "_sender": "DmeModule", "_reason": null, "event_type": "SELECTED_RECOGNITION"}
2017-10-24 16:58:12,459 - TdmApplication - DEBUG - FrontendConnectionHandler(id=139713605638480, session='2017-10-24T16_57_58_0'): OK
2017-10-24 16:58:12,460 - TdmApplication - DEBUG - FrontendConnectionHandler(id=139713605638480, session='2017-10-24T16_57_58_0').on_event(Event(FACTS, [{predicate: confirmation, grammar_entry: None, value: no}], sender=DmeModule, reason=None))
2017-10-24 16:58:12,460 - TdmApplication - DEBUG - FrontendConnectionHandler(id=139713605638480, session='2017-10-24T16_57_58_0'): writing {"content": [{"predicate": "confirmation", "grammar_entry": null, "value": "no"}], "_sender": "DmeModule", "_reason": null, "event_type": "FACTS"}
2017-10-24 16:58:12,460 - TdmApplication - DEBUG - FrontendConnectionHandler(id=139713605638480, session='2017-10-24T16_57_58_0'): OK
2017-10-24 16:58:12,475 - TdmApplication - DEBUG - FrontendConnectionHandler(id=139713605638480, session='2017-10-24T16_57_58_0').on_event(Event(SYSTEM_UTTERANCE_TO_SPEAK, [, Step ended], sender=GenerateModule, reason=None))
2017-10-24 16:58:12,476 - TdmApplication - DEBUG - FrontendConnectionHandler(id=139713605638480, session='2017-10-24T16_57_58_0'): writing {"content": ["", "Step ended"], "_sender": "GenerateModule", "_reason": null, "event_type": "SYSTEM_UTTERANCE_TO_SPEAK"}
2017-10-24 16:58:12,476 - TdmApplication - DEBUG - FrontendConnectionHandler(id=139713605638480, session='2017-10-24T16_57_58_0'): OK
2017-10-24 16:58:12,477 - TdmApplication - DEBUG - FrontendConnectionHandler(id=139713605638480, session='2017-10-24T16_57_58_0').on_event(Event(GUI.POPUP, {options: [], title: Step ended}, sender=IndependentGuiBackend, reason=None))
2017-10-24 16:58:12,478 - TdmApplication - DEBUG - FrontendConnectionHandler(id=139713605638480, session='2017-10-24T16_57_58_0'): writing {"content": {"options": [], "title": "Step ended"}, "_sender": "IndependentGuiBackend", "_reason": null, "event_type": "GUI.POPUP"}
2017-10-24 16:58:12,478 - TdmApplication - DEBUG - FrontendConnectionHandler(id=139713605638480, session='2017-10-24T16_57_58_0'): OK
2017-10-24 16:58:12,479 - TdmApplication - DEBUG - FrontendConnectionHandler(id=139713605638480, session='2017-10-24T16_57_58_0').on_event(Event(MESSAGE_TO_GUI, [<tdm.tdm_gui_protocol.DeviceResult instance at 0x7f119b52b7a0>, <tdm.tdm_gui_protocol.Popup instance at 0x7f1198dbd908>], sender=GuiBackend, reason=None))
2017-10-24 16:58:12,479 - TdmApplication - DEBUG - FrontendConnectionHandler(id=139713605638480, session='2017-10-24T16_57_58_0'): writing {"content": [{"DeviceResult": {"action": "say_step", "result": true, "arguments": {}, "failure_reason": null}}, {"Popup": {"elements": [], "title": "Step ended"}}], "_sender": "GuiBackend", "_reason": null, "event_type": "MESSAGE_TO_GUI"}
2017-10-24 16:58:12,479 - TdmApplication - DEBUG - FrontendConnectionHandler(id=139713605638480, session='2017-10-24T16_57_58_0'): OK
2017-10-24 16:58:12,486 - TdmApplication - DEBUG - FrontendConnectionHandler(id=139713605638480, session='2017-10-24T16_57_58_0').on_message({"content": ["", "Step ended"], "_sender": "TextOutputComponent", "_reason": null, "event_type": "SYSTEM_UTTERANCE_REALIZED"})
2017-10-24 16:58:12,522 - TdmApplication - DEBUG - FrontendConnectionHandler(id=139713605638480, session='2017-10-24T16_57_58_0').on_event(Event(FACTS, [{predicate: confirmation, grammar_entry: None, value: no}], sender=DmeModule, reason=None))
2017-10-24 16:58:12,522 - TdmApplication - DEBUG - FrontendConnectionHandler(id=139713605638480, session='2017-10-24T16_57_58_0'): writing {"content": [{"predicate": "confirmation", "grammar_entry": null, "value": "no"}], "_sender": "DmeModule", "_reason": null, "event_type": "FACTS"}
2017-10-24 16:58:12,523 - TdmApplication - DEBUG - FrontendConnectionHandler(id=139713605638480, session='2017-10-24T16_57_58_0'): OK
2017-10-24 16:58:15,923 - TdmApplication - DEBUG - FrontendConnectionHandler(id=139713605638480, session='2017-10-24T16_57_58_0').on_message({"content": [{"score": 1.0, "utterance": "go to next"}], "_sender": "TextInputComponent", "_reason": null, "event_type": "RECOGNITION"})
2017-10-24 16:58:15,927 - TdmApplication - DEBUG - FrontendConnectionHandler(id=139713605638480, session='2017-10-24T16_57_58_0').on_event(Event(FACTS, [{predicate: confirmation, grammar_entry: None, value: no}], sender=DmeModule, reason=None))
2017-10-24 16:58:15,927 - TdmApplication - DEBUG - FrontendConnectionHandler(id=139713605638480, session='2017-10-24T16_57_58_0'): writing {"content": [{"predicate": "confirmation", "grammar_entry": null, "value": "no"}], "_sender": "DmeModule", "_reason": null, "event_type": "FACTS"}
2017-10-24 16:58:15,927 - TdmApplication - DEBUG - FrontendConnectionHandler(id=139713605638480, session='2017-10-24T16_57_58_0'): OK
2017-10-24 16:58:15,937 - TdmApplication - DEBUG - FrontendConnectionHandler(id=139713605638480, session='2017-10-24T16_57_58_0').on_event(Event(STOP_SPEAKING, None, sender=TurnManager, reason=None))
2017-10-24 16:58:15,937 - TdmApplication - DEBUG - FrontendConnectionHandler(id=139713605638480, session='2017-10-24T16_57_58_0'): writing {"content": null, "_sender": "TurnManager", "_reason": null, "event_type": "STOP_SPEAKING"}
2017-10-24 16:58:15,937 - TdmApplication - DEBUG - FrontendConnectionHandler(id=139713605638480, session='2017-10-24T16_57_58_0'): OK
2017-10-24 16:58:15,938 - TdmApplication - DEBUG - FrontendConnectionHandler(id=139713605638480, session='2017-10-24T16_57_58_0').on_event(Event(SYSTEM_UTTERANCE_TO_SPEAK, [Are you done?], sender=GenerateModule, reason=None))
2017-10-24 16:58:15,938 - TdmApplication - DEBUG - FrontendConnectionHandler(id=139713605638480, session='2017-10-24T16_57_58_0'): writing {"content": ["Are you done?"], "_sender": "GenerateModule", "_reason": null, "event_type": "SYSTEM_UTTERANCE_TO_SPEAK"}
2017-10-24 16:58:15,939 - TdmApplication - DEBUG - FrontendConnectionHandler(id=139713605638480, session='2017-10-24T16_57_58_0'): OK
2017-10-24 16:58:15,939 - TdmApplication - DEBUG - FrontendConnectionHandler(id=139713605638480, session='2017-10-24T16_57_58_0').on_event(Event(MESSAGE_TO_GUI, [<tdm.tdm_gui_protocol.ClosePopup instance at 0x7f1199611128>], sender=GuiBackend, reason=None))
2017-10-24 16:58:15,940 - TdmApplication - DEBUG - FrontendConnectionHandler(id=139713605638480, session='2017-10-24T16_57_58_0'): writing {"content": [{"ClosePopup": {}}], "_sender": "GuiBackend", "_reason": null, "event_type": "MESSAGE_TO_GUI"}
2017-10-24 16:58:15,940 - TdmApplication - DEBUG - FrontendConnectionHandler(id=139713605638480, session='2017-10-24T16_57_58_0'): OK
2017-10-24 16:58:15,950 - TdmApplication - DEBUG - FrontendConnectionHandler(id=139713605638480, session='2017-10-24T16_57_58_0').on_message({"content": ["Are you done?"], "_sender": "TextOutputComponent", "_reason": null, "event_type": "SYSTEM_UTTERANCE_REALIZED"})
2017-10-24 16:58:15,973 - TdmApplication - DEBUG - FrontendConnectionHandler(id=139713605638480, session='2017-10-24T16_57_58_0').on_event(Event(FACTS, [{predicate: confirmation, grammar_entry: None, value: no}], sender=DmeModule, reason=None))
2017-10-24 16:58:15,973 - TdmApplication - DEBUG - FrontendConnectionHandler(id=139713605638480, session='2017-10-24T16_57_58_0'): writing {"content": [{"predicate": "confirmation", "grammar_entry": null, "value": "no"}], "_sender": "DmeModule", "_reason": null, "event_type": "FACTS"}
2017-10-24 16:58:15,973 - TdmApplication - DEBUG - FrontendConnectionHandler(id=139713605638480, session='2017-10-24T16_57_58_0'): OK
2017-10-24 16:58:16,086 - TdmApplication - DEBUG - FrontendConnectionHandler(id=139713605638480, session='2017-10-24T16_57_58_0').on_event(Event(SELECTED_RECOGNITION, go to next, sender=DmeModule, reason=None))
2017-10-24 16:58:16,087 - TdmApplication - DEBUG - FrontendConnectionHandler(id=139713605638480, session='2017-10-24T16_57_58_0'): writing {"content": "go to next", "_sender": "DmeModule", "_reason": null, "event_type": "SELECTED_RECOGNITION"}
2017-10-24 16:58:16,087 - TdmApplication - DEBUG - FrontendConnectionHandler(id=139713605638480, session='2017-10-24T16_57_58_0'): OK
2017-10-24 16:58:16,088 - TdmApplication - DEBUG - FrontendConnectionHandler(id=139713605638480, session='2017-10-24T16_57_58_0').on_event(Event(FACTS, [{predicate: confirmation, grammar_entry: None, value: no}], sender=DmeModule, reason=None))
2017-10-24 16:58:16,088 - TdmApplication - DEBUG - FrontendConnectionHandler(id=139713605638480, session='2017-10-24T16_57_58_0'): writing {"content": [{"predicate": "confirmation", "grammar_entry": null, "value": "no"}], "_sender": "DmeModule", "_reason": null, "event_type": "FACTS"}
2017-10-24 16:58:16,088 - TdmApplication - DEBUG - FrontendConnectionHandler(id=139713605638480, session='2017-10-24T16_57_58_0'): OK
2017-10-24 16:58:16,101 - TdmApplication - DEBUG - FrontendConnectionHandler(id=139713605638480, session='2017-10-24T16_57_58_0').on_event(Event(SYSTEM_UTTERANCE_TO_SPEAK, [, Step ended], sender=GenerateModule, reason=None))
2017-10-24 16:58:16,101 - TdmApplication - DEBUG - FrontendConnectionHandler(id=139713605638480, session='2017-10-24T16_57_58_0'): writing {"content": ["", "Step ended"], "_sender": "GenerateModule", "_reason": null, "event_type": "SYSTEM_UTTERANCE_TO_SPEAK"}
2017-10-24 16:58:16,101 - TdmApplication - DEBUG - FrontendConnectionHandler(id=139713605638480, session='2017-10-24T16_57_58_0'): OK
2017-10-24 16:58:16,102 - TdmApplication - DEBUG - FrontendConnectionHandler(id=139713605638480, session='2017-10-24T16_57_58_0').on_event(Event(GUI.POPUP, {options: [], title: Step ended}, sender=IndependentGuiBackend, reason=None))
2017-10-24 16:58:16,102 - TdmApplication - DEBUG - FrontendConnectionHandler(id=139713605638480, session='2017-10-24T16_57_58_0'): writing {"content": {"options": [], "title": "Step ended"}, "_sender": "IndependentGuiBackend", "_reason": null, "event_type": "GUI.POPUP"}
2017-10-24 16:58:16,102 - TdmApplication - DEBUG - FrontendConnectionHandler(id=139713605638480, session='2017-10-24T16_57_58_0'): OK
2017-10-24 16:58:16,104 - TdmApplication - DEBUG - FrontendConnectionHandler(id=139713605638480, session='2017-10-24T16_57_58_0').on_event(Event(MESSAGE_TO_GUI, [<tdm.tdm_gui_protocol.DeviceResult instance at 0x7f1198dbd200>, <tdm.tdm_gui_protocol.Popup instance at 0x7f1198dbdd40>], sender=GuiBackend, reason=None))
2017-10-24 16:58:16,104 - TdmApplication - DEBUG - FrontendConnectionHandler(id=139713605638480, session='2017-10-24T16_57_58_0'): writing {"content": [{"DeviceResult": {"action": "say_step", "result": true, "arguments": {}, "failure_reason": null}}, {"Popup": {"elements": [], "title": "Step ended"}}], "_sender": "GuiBackend", "_reason": null, "event_type": "MESSAGE_TO_GUI"}
2017-10-24 16:58:16,104 - TdmApplication - DEBUG - FrontendConnectionHandler(id=139713605638480, session='2017-10-24T16_57_58_0'): OK
2017-10-24 16:58:16,138 - TdmApplication - DEBUG - FrontendConnectionHandler(id=139713605638480, session='2017-10-24T16_57_58_0').on_message({"content": ["", "Step ended"], "_sender": "TextOutputComponent", "_reason": null, "event_type": "SYSTEM_UTTERANCE_REALIZED"})
2017-10-24 16:58:16,172 - TdmApplication - DEBUG - FrontendConnectionHandler(id=139713605638480, session='2017-10-24T16_57_58_0').on_event(Event(FACTS, [{predicate: confirmation, grammar_entry: None, value: no}], sender=DmeModule, reason=None))
2017-10-24 16:58:16,172 - TdmApplication - DEBUG - FrontendConnectionHandler(id=139713605638480, session='2017-10-24T16_57_58_0'): writing {"content": [{"predicate": "confirmation", "grammar_entry": null, "value": "no"}], "_sender": "DmeModule", "_reason": null, "event_type": "FACTS"}
2017-10-24 16:58:16,172 - TdmApplication - DEBUG - FrontendConnectionHandler(id=139713605638480, session='2017-10-24T16_57_58_0'): OK
2017-10-24 16:58:19,013 - TdmApplication - DEBUG - FrontendConnectionHandler(id=139713605638480, session='2017-10-24T16_57_58_0').on_message({"content": [{"score": 1.0, "utterance": "go to next"}], "_sender": "TextInputComponent", "_reason": null, "event_type": "RECOGNITION"})
2017-10-24 16:58:19,016 - TdmApplication - DEBUG - FrontendConnectionHandler(id=139713605638480, session='2017-10-24T16_57_58_0').on_event(Event(FACTS, [{predicate: confirmation, grammar_entry: None, value: no}], sender=DmeModule, reason=None))
2017-10-24 16:58:19,016 - TdmApplication - DEBUG - FrontendConnectionHandler(id=139713605638480, session='2017-10-24T16_57_58_0'): writing {"content": [{"predicate": "confirmation", "grammar_entry": null, "value": "no"}], "_sender": "DmeModule", "_reason": null, "event_type": "FACTS"}
2017-10-24 16:58:19,016 - TdmApplication - DEBUG - FrontendConnectionHandler(id=139713605638480, session='2017-10-24T16_57_58_0'): OK
2017-10-24 16:58:19,029 - TdmApplication - DEBUG - FrontendConnectionHandler(id=139713605638480, session='2017-10-24T16_57_58_0').on_event(Event(STOP_SPEAKING, None, sender=TurnManager, reason=None))
2017-10-24 16:58:19,029 - TdmApplication - DEBUG - FrontendConnectionHandler(id=139713605638480, session='2017-10-24T16_57_58_0'): writing {"content": null, "_sender": "TurnManager", "_reason": null, "event_type": "STOP_SPEAKING"}
2017-10-24 16:58:19,029 - TdmApplication - DEBUG - FrontendConnectionHandler(id=139713605638480, session='2017-10-24T16_57_58_0'): OK
2017-10-24 16:58:19,030 - TdmApplication - DEBUG - FrontendConnectionHandler(id=139713605638480, session='2017-10-24T16_57_58_0').on_event(Event(SYSTEM_UTTERANCE_TO_SPEAK, [Are you done?], sender=GenerateModule, reason=None))
2017-10-24 16:58:19,030 - TdmApplication - DEBUG - FrontendConnectionHandler(id=139713605638480, session='2017-10-24T16_57_58_0'): writing {"content": ["Are you done?"], "_sender": "GenerateModule", "_reason": null, "event_type": "SYSTEM_UTTERANCE_TO_SPEAK"}
2017-10-24 16:58:19,030 - TdmApplication - DEBUG - FrontendConnectionHandler(id=139713605638480, session='2017-10-24T16_57_58_0'): OK
2017-10-24 16:58:19,031 - TdmApplication - DEBUG - FrontendConnectionHandler(id=139713605638480, session='2017-10-24T16_57_58_0').on_event(Event(MESSAGE_TO_GUI, [<tdm.tdm_gui_protocol.ClosePopup instance at 0x7f119962aea8>], sender=GuiBackend, reason=None))
2017-10-24 16:58:19,031 - TdmApplication - DEBUG - FrontendConnectionHandler(id=139713605638480, session='2017-10-24T16_57_58_0'): writing {"content": [{"ClosePopup": {}}], "_sender": "GuiBackend", "_reason": null, "event_type": "MESSAGE_TO_GUI"}
2017-10-24 16:58:19,031 - TdmApplication - DEBUG - FrontendConnectionHandler(id=139713605638480, session='2017-10-24T16_57_58_0'): OK
2017-10-24 16:58:19,051 - TdmApplication - DEBUG - FrontendConnectionHandler(id=139713605638480, session='2017-10-24T16_57_58_0').on_message({"content": ["Are you done?"], "_sender": "TextOutputComponent", "_reason": null, "event_type": "SYSTEM_UTTERANCE_REALIZED"})
2017-10-24 16:58:19,078 - TdmApplication - DEBUG - FrontendConnectionHandler(id=139713605638480, session='2017-10-24T16_57_58_0').on_event(Event(FACTS, [{predicate: confirmation, grammar_entry: None, value: no}], sender=DmeModule, reason=None))
2017-10-24 16:58:19,078 - TdmApplication - DEBUG - FrontendConnectionHandler(id=139713605638480, session='2017-10-24T16_57_58_0'): writing {"content": [{"predicate": "confirmation", "grammar_entry": null, "value": "no"}], "_sender": "DmeModule", "_reason": null, "event_type": "FACTS"}
2017-10-24 16:58:19,078 - TdmApplication - DEBUG - FrontendConnectionHandler(id=139713605638480, session='2017-10-24T16_57_58_0'): OK
2017-10-24 16:58:19,189 - TdmApplication - DEBUG - FrontendConnectionHandler(id=139713605638480, session='2017-10-24T16_57_58_0').on_event(Event(SELECTED_RECOGNITION, go to next, sender=DmeModule, reason=None))
2017-10-24 16:58:19,189 - TdmApplication - DEBUG - FrontendConnectionHandler(id=139713605638480, session='2017-10-24T16_57_58_0'): writing {"content": "go to next", "_sender": "DmeModule", "_reason": null, "event_type": "SELECTED_RECOGNITION"}
2017-10-24 16:58:19,189 - TdmApplication - DEBUG - FrontendConnectionHandler(id=139713605638480, session='2017-10-24T16_57_58_0'): OK
2017-10-24 16:58:19,190 - TdmApplication - DEBUG - FrontendConnectionHandler(id=139713605638480, session='2017-10-24T16_57_58_0').on_event(Event(FACTS, [{predicate: confirmation, grammar_entry: None, value: no}], sender=DmeModule, reason=None))
2017-10-24 16:58:19,190 - TdmApplication - DEBUG - FrontendConnectionHandler(id=139713605638480, session='2017-10-24T16_57_58_0'): writing {"content": [{"predicate": "confirmation", "grammar_entry": null, "value": "no"}], "_sender": "DmeModule", "_reason": null, "event_type": "FACTS"}
2017-10-24 16:58:19,190 - TdmApplication - DEBUG - FrontendConnectionHandler(id=139713605638480, session='2017-10-24T16_57_58_0'): OK
2017-10-24 16:58:19,203 - TdmApplication - DEBUG - FrontendConnectionHandler(id=139713605638480, session='2017-10-24T16_57_58_0').on_event(Event(SYSTEM_UTTERANCE_TO_SPEAK, [, Step ended], sender=GenerateModule, reason=None))
2017-10-24 16:58:19,204 - TdmApplication - DEBUG - FrontendConnectionHandler(id=139713605638480, session='2017-10-24T16_57_58_0'): writing {"content": ["", "Step ended"], "_sender": "GenerateModule", "_reason": null, "event_type": "SYSTEM_UTTERANCE_TO_SPEAK"}
2017-10-24 16:58:19,204 - TdmApplication - DEBUG - FrontendConnectionHandler(id=139713605638480, session='2017-10-24T16_57_58_0'): OK
2017-10-24 16:58:19,205 - TdmApplication - DEBUG - FrontendConnectionHandler(id=139713605638480, session='2017-10-24T16_57_58_0').on_event(Event(GUI.POPUP, {options: [], title: Step ended}, sender=IndependentGuiBackend, reason=None))
2017-10-24 16:58:19,205 - TdmApplication - DEBUG - FrontendConnectionHandler(id=139713605638480, session='2017-10-24T16_57_58_0'): writing {"content": {"options": [], "title": "Step ended"}, "_sender": "IndependentGuiBackend", "_reason": null, "event_type": "GUI.POPUP"}
2017-10-24 16:58:19,205 - TdmApplication - DEBUG - FrontendConnectionHandler(id=139713605638480, session='2017-10-24T16_57_58_0'): OK
2017-10-24 16:58:19,206 - TdmApplication - DEBUG - FrontendConnectionHandler(id=139713605638480, session='2017-10-24T16_57_58_0').on_event(Event(MESSAGE_TO_GUI, [<tdm.tdm_gui_protocol.DeviceResult instance at 0x7f1198de5ea8>, <tdm.tdm_gui_protocol.Popup instance at 0x7f119962a128>], sender=GuiBackend, reason=None))
2017-10-24 16:58:19,206 - TdmApplication - DEBUG - FrontendConnectionHandler(id=139713605638480, session='2017-10-24T16_57_58_0'): writing {"content": [{"DeviceResult": {"action": "say_step", "result": true, "arguments": {}, "failure_reason": null}}, {"Popup": {"elements": [], "title": "Step ended"}}], "_sender": "GuiBackend", "_reason": null, "event_type": "MESSAGE_TO_GUI"}
2017-10-24 16:58:19,206 - TdmApplication - DEBUG - FrontendConnectionHandler(id=139713605638480, session='2017-10-24T16_57_58_0'): OK
2017-10-24 16:58:19,224 - TdmApplication - DEBUG - FrontendConnectionHandler(id=139713605638480, session='2017-10-24T16_57_58_0').on_message({"content": ["", "Step ended"], "_sender": "TextOutputComponent", "_reason": null, "event_type": "SYSTEM_UTTERANCE_REALIZED"})
2017-10-24 16:58:19,259 - TdmApplication - DEBUG - FrontendConnectionHandler(id=139713605638480, session='2017-10-24T16_57_58_0').on_event(Event(FACTS, [{predicate: confirmation, grammar_entry: None, value: no}], sender=DmeModule, reason=None))
2017-10-24 16:58:19,259 - TdmApplication - DEBUG - FrontendConnectionHandler(id=139713605638480, session='2017-10-24T16_57_58_0'): writing {"content": [{"predicate": "confirmation", "grammar_entry": null, "value": "no"}], "_sender": "DmeModule", "_reason": null, "event_type": "FACTS"}
2017-10-24 16:58:19,259 - TdmApplication - DEBUG - FrontendConnectionHandler(id=139713605638480, session='2017-10-24T16_57_58_0'): OK
2017-10-24 16:58:22,152 - TdmApplication - DEBUG - FrontendConnectionHandler(id=139713605638480, session='2017-10-24T16_57_58_0').on_message({"content": [{"score": 1.0, "utterance": "go to next"}], "_sender": "TextInputComponent", "_reason": null, "event_type": "RECOGNITION"})
2017-10-24 16:58:22,156 - TdmApplication - DEBUG - FrontendConnectionHandler(id=139713605638480, session='2017-10-24T16_57_58_0').on_event(Event(FACTS, [{predicate: confirmation, grammar_entry: None, value: no}], sender=DmeModule, reason=None))
2017-10-24 16:58:22,156 - TdmApplication - DEBUG - FrontendConnectionHandler(id=139713605638480, session='2017-10-24T16_57_58_0'): writing {"content": [{"predicate": "confirmation", "grammar_entry": null, "value": "no"}], "_sender": "DmeModule", "_reason": null, "event_type": "FACTS"}
2017-10-24 16:58:22,156 - TdmApplication - DEBUG - FrontendConnectionHandler(id=139713605638480, session='2017-10-24T16_57_58_0'): OK
2017-10-24 16:58:22,167 - TdmApplication - DEBUG - FrontendConnectionHandler(id=139713605638480, session='2017-10-24T16_57_58_0').on_event(Event(STOP_SPEAKING, None, sender=TurnManager, reason=None))
2017-10-24 16:58:22,167 - TdmApplication - DEBUG - FrontendConnectionHandler(id=139713605638480, session='2017-10-24T16_57_58_0'): writing {"content": null, "_sender": "TurnManager", "_reason": null, "event_type": "STOP_SPEAKING"}
2017-10-24 16:58:22,167 - TdmApplication - DEBUG - FrontendConnectionHandler(id=139713605638480, session='2017-10-24T16_57_58_0'): OK
2017-10-24 16:58:22,169 - TdmApplication - DEBUG - FrontendConnectionHandler(id=139713605638480, session='2017-10-24T16_57_58_0').on_event(Event(SYSTEM_UTTERANCE_TO_SPEAK, [Are you done?], sender=GenerateModule, reason=None))
2017-10-24 16:58:22,170 - TdmApplication - DEBUG - FrontendConnectionHandler(id=139713605638480, session='2017-10-24T16_57_58_0'): writing {"content": ["Are you done?"], "_sender": "GenerateModule", "_reason": null, "event_type": "SYSTEM_UTTERANCE_TO_SPEAK"}
2017-10-24 16:58:22,170 - TdmApplication - DEBUG - FrontendConnectionHandler(id=139713605638480, session='2017-10-24T16_57_58_0'): OK
2017-10-24 16:58:22,170 - TdmApplication - DEBUG - FrontendConnectionHandler(id=139713605638480, session='2017-10-24T16_57_58_0').on_event(Event(MESSAGE_TO_GUI, [<tdm.tdm_gui_protocol.ClosePopup instance at 0x7f1198de5fc8>], sender=GuiBackend, reason=None))
2017-10-24 16:58:22,171 - TdmApplication - DEBUG - FrontendConnectionHandler(id=139713605638480, session='2017-10-24T16_57_58_0'): writing {"content": [{"ClosePopup": {}}], "_sender": "GuiBackend", "_reason": null, "event_type": "MESSAGE_TO_GUI"}
2017-10-24 16:58:22,171 - TdmApplication - DEBUG - FrontendConnectionHandler(id=139713605638480, session='2017-10-24T16_57_58_0'): OK
2017-10-24 16:58:22,187 - TdmApplication - DEBUG - FrontendConnectionHandler(id=139713605638480, session='2017-10-24T16_57_58_0').on_message({"content": ["Are you done?"], "_sender": "TextOutputComponent", "_reason": null, "event_type": "SYSTEM_UTTERANCE_REALIZED"})
2017-10-24 16:58:22,208 - TdmApplication - DEBUG - FrontendConnectionHandler(id=139713605638480, session='2017-10-24T16_57_58_0').on_event(Event(FACTS, [{predicate: confirmation, grammar_entry: None, value: no}], sender=DmeModule, reason=None))
2017-10-24 16:58:22,208 - TdmApplication - DEBUG - FrontendConnectionHandler(id=139713605638480, session='2017-10-24T16_57_58_0'): writing {"content": [{"predicate": "confirmation", "grammar_entry": null, "value": "no"}], "_sender": "DmeModule", "_reason": null, "event_type": "FACTS"}
2017-10-24 16:58:22,208 - TdmApplication - DEBUG - FrontendConnectionHandler(id=139713605638480, session='2017-10-24T16_57_58_0'): OK
2017-10-24 16:58:22,321 - TdmApplication - DEBUG - FrontendConnectionHandler(id=139713605638480, session='2017-10-24T16_57_58_0').on_event(Event(SELECTED_RECOGNITION, go to next, sender=DmeModule, reason=None))
2017-10-24 16:58:22,321 - TdmApplication - DEBUG - FrontendConnectionHandler(id=139713605638480, session='2017-10-24T16_57_58_0'): writing {"content": "go to next", "_sender": "DmeModule", "_reason": null, "event_type": "SELECTED_RECOGNITION"}
2017-10-24 16:58:22,322 - TdmApplication - DEBUG - FrontendConnectionHandler(id=139713605638480, session='2017-10-24T16_57_58_0'): OK
2017-10-24 16:58:22,322 - TdmApplication - DEBUG - FrontendConnectionHandler(id=139713605638480, session='2017-10-24T16_57_58_0').on_event(Event(FACTS, [{predicate: confirmation, grammar_entry: None, value: no}], sender=DmeModule, reason=None))
2017-10-24 16:58:22,322 - TdmApplication - DEBUG - FrontendConnectionHandler(id=139713605638480, session='2017-10-24T16_57_58_0'): writing {"content": [{"predicate": "confirmation", "grammar_entry": null, "value": "no"}], "_sender": "DmeModule", "_reason": null, "event_type": "FACTS"}
2017-10-24 16:58:22,323 - TdmApplication - DEBUG - FrontendConnectionHandler(id=139713605638480, session='2017-10-24T16_57_58_0'): OK
2017-10-24 16:58:22,336 - TdmApplication - DEBUG - FrontendConnectionHandler(id=139713605638480, session='2017-10-24T16_57_58_0').on_event(Event(SYSTEM_UTTERANCE_TO_SPEAK, [, Step ended], sender=GenerateModule, reason=None))
2017-10-24 16:58:22,336 - TdmApplication - DEBUG - FrontendConnectionHandler(id=139713605638480, session='2017-10-24T16_57_58_0'): writing {"content": ["", "Step ended"], "_sender": "GenerateModule", "_reason": null, "event_type": "SYSTEM_UTTERANCE_TO_SPEAK"}
2017-10-24 16:58:22,336 - TdmApplication - DEBUG - FrontendConnectionHandler(id=139713605638480, session='2017-10-24T16_57_58_0'): OK
2017-10-24 16:58:22,337 - TdmApplication - DEBUG - FrontendConnectionHandler(id=139713605638480, session='2017-10-24T16_57_58_0').on_event(Event(GUI.POPUP, {options: [], title: Step ended}, sender=IndependentGuiBackend, reason=None))
2017-10-24 16:58:22,337 - TdmApplication - DEBUG - FrontendConnectionHandler(id=139713605638480, session='2017-10-24T16_57_58_0'): writing {"content": {"options": [], "title": "Step ended"}, "_sender": "IndependentGuiBackend", "_reason": null, "event_type": "GUI.POPUP"}
2017-10-24 16:58:22,337 - TdmApplication - DEBUG - FrontendConnectionHandler(id=139713605638480, session='2017-10-24T16_57_58_0'): OK
2017-10-24 16:58:22,338 - TdmApplication - DEBUG - FrontendConnectionHandler(id=139713605638480, session='2017-10-24T16_57_58_0').on_event(Event(MESSAGE_TO_GUI, [<tdm.tdm_gui_protocol.DeviceResult instance at 0x7f119961de60>, <tdm.tdm_gui_protocol.Popup instance at 0x7f119961d908>], sender=GuiBackend, reason=None))
2017-10-24 16:58:22,338 - TdmApplication - DEBUG - FrontendConnectionHandler(id=139713605638480, session='2017-10-24T16_57_58_0'): writing {"content": [{"DeviceResult": {"action": "say_step", "result": true, "arguments": {}, "failure_reason": null}}, {"Popup": {"elements": [], "title": "Step ended"}}], "_sender": "GuiBackend", "_reason": null, "event_type": "MESSAGE_TO_GUI"}
2017-10-24 16:58:22,339 - TdmApplication - DEBUG - FrontendConnectionHandler(id=139713605638480, session='2017-10-24T16_57_58_0'): OK
2017-10-24 16:58:22,364 - TdmApplication - DEBUG - FrontendConnectionHandler(id=139713605638480, session='2017-10-24T16_57_58_0').on_message({"content": ["", "Step ended"], "_sender": "TextOutputComponent", "_reason": null, "event_type": "SYSTEM_UTTERANCE_REALIZED"})
2017-10-24 16:58:22,397 - TdmApplication - DEBUG - FrontendConnectionHandler(id=139713605638480, session='2017-10-24T16_57_58_0').on_event(Event(FACTS, [{predicate: confirmation, grammar_entry: None, value: no}], sender=DmeModule, reason=None))
2017-10-24 16:58:22,397 - TdmApplication - DEBUG - FrontendConnectionHandler(id=139713605638480, session='2017-10-24T16_57_58_0'): writing {"content": [{"predicate": "confirmation", "grammar_entry": null, "value": "no"}], "_sender": "DmeModule", "_reason": null, "event_type": "FACTS"}
2017-10-24 16:58:22,397 - TdmApplication - DEBUG - FrontendConnectionHandler(id=139713605638480, session='2017-10-24T16_57_58_0'): OK
2017-10-24 16:58:28,200 - TdmApplication - DEBUG - FrontendConnectionHandler(id=139713605638480, session='2017-10-24T16_57_58_0').on_message({"content": [{"score": 1.0, "utterance": "go to step five"}], "_sender": "TextInputComponent", "_reason": null, "event_type": "RECOGNITION"})
2017-10-24 16:58:28,205 - TdmApplication - DEBUG - FrontendConnectionHandler(id=139713605638480, session='2017-10-24T16_57_58_0').on_event(Event(FACTS, [{predicate: confirmation, grammar_entry: None, value: no}], sender=DmeModule, reason=None))
2017-10-24 16:58:28,205 - TdmApplication - DEBUG - FrontendConnectionHandler(id=139713605638480, session='2017-10-24T16_57_58_0'): writing {"content": [{"predicate": "confirmation", "grammar_entry": null, "value": "no"}], "_sender": "DmeModule", "_reason": null, "event_type": "FACTS"}
2017-10-24 16:58:28,205 - TdmApplication - DEBUG - FrontendConnectionHandler(id=139713605638480, session='2017-10-24T16_57_58_0'): OK
2017-10-24 16:58:28,216 - TdmApplication - DEBUG - FrontendConnectionHandler(id=139713605638480, session='2017-10-24T16_57_58_0').on_event(Event(STOP_SPEAKING, None, sender=TurnManager, reason=None))
2017-10-24 16:58:28,216 - TdmApplication - DEBUG - FrontendConnectionHandler(id=139713605638480, session='2017-10-24T16_57_58_0'): writing {"content": null, "_sender": "TurnManager", "_reason": null, "event_type": "STOP_SPEAKING"}
2017-10-24 16:58:28,216 - TdmApplication - DEBUG - FrontendConnectionHandler(id=139713605638480, session='2017-10-24T16_57_58_0'): OK
2017-10-24 16:58:28,217 - TdmApplication - DEBUG - FrontendConnectionHandler(id=139713605638480, session='2017-10-24T16_57_58_0').on_event(Event(SYSTEM_UTTERANCE_TO_SPEAK, [Are you done?], sender=GenerateModule, reason=None))
2017-10-24 16:58:28,217 - TdmApplication - DEBUG - FrontendConnectionHandler(id=139713605638480, session='2017-10-24T16_57_58_0'): writing {"content": ["Are you done?"], "_sender": "GenerateModule", "_reason": null, "event_type": "SYSTEM_UTTERANCE_TO_SPEAK"}
2017-10-24 16:58:28,217 - TdmApplication - DEBUG - FrontendConnectionHandler(id=139713605638480, session='2017-10-24T16_57_58_0'): OK
2017-10-24 16:58:28,218 - TdmApplication - DEBUG - FrontendConnectionHandler(id=139713605638480, session='2017-10-24T16_57_58_0').on_event(Event(MESSAGE_TO_GUI, [<tdm.tdm_gui_protocol.ClosePopup instance at 0x7f119962ac68>], sender=GuiBackend, reason=None))
2017-10-24 16:58:28,218 - TdmApplication - DEBUG - FrontendConnectionHandler(id=139713605638480, session='2017-10-24T16_57_58_0'): writing {"content": [{"ClosePopup": {}}], "_sender": "GuiBackend", "_reason": null, "event_type": "MESSAGE_TO_GUI"}
2017-10-24 16:58:28,218 - TdmApplication - DEBUG - FrontendConnectionHandler(id=139713605638480, session='2017-10-24T16_57_58_0'): OK
2017-10-24 16:58:28,228 - TdmApplication - DEBUG - FrontendConnectionHandler(id=139713605638480, session='2017-10-24T16_57_58_0').on_message({"content": ["Are you done?"], "_sender": "TextOutputComponent", "_reason": null, "event_type": "SYSTEM_UTTERANCE_REALIZED"})
2017-10-24 16:58:28,250 - TdmApplication - DEBUG - FrontendConnectionHandler(id=139713605638480, session='2017-10-24T16_57_58_0').on_event(Event(FACTS, [{predicate: confirmation, grammar_entry: None, value: no}], sender=DmeModule, reason=None))
2017-10-24 16:58:28,250 - TdmApplication - DEBUG - FrontendConnectionHandler(id=139713605638480, session='2017-10-24T16_57_58_0'): writing {"content": [{"predicate": "confirmation", "grammar_entry": null, "value": "no"}], "_sender": "DmeModule", "_reason": null, "event_type": "FACTS"}
2017-10-24 16:58:28,250 - TdmApplication - DEBUG - FrontendConnectionHandler(id=139713605638480, session='2017-10-24T16_57_58_0'): OK
2017-10-24 16:58:28,368 - TdmApplication - DEBUG - FrontendConnectionHandler(id=139713605638480, session='2017-10-24T16_57_58_0').on_event(Event(SELECTED_RECOGNITION, go to step five, sender=DmeModule, reason=None))
2017-10-24 16:58:28,368 - TdmApplication - DEBUG - FrontendConnectionHandler(id=139713605638480, session='2017-10-24T16_57_58_0'): writing {"content": "go to step five", "_sender": "DmeModule", "_reason": null, "event_type": "SELECTED_RECOGNITION"}
2017-10-24 16:58:28,368 - TdmApplication - DEBUG - FrontendConnectionHandler(id=139713605638480, session='2017-10-24T16_57_58_0'): OK
2017-10-24 16:58:28,369 - TdmApplication - DEBUG - FrontendConnectionHandler(id=139713605638480, session='2017-10-24T16_57_58_0').on_event(Event(FACTS, [{predicate: confirmation, grammar_entry: None, value: no}], sender=DmeModule, reason=None))
2017-10-24 16:58:28,369 - TdmApplication - DEBUG - FrontendConnectionHandler(id=139713605638480, session='2017-10-24T16_57_58_0'): writing {"content": [{"predicate": "confirmation", "grammar_entry": null, "value": "no"}], "_sender": "DmeModule", "_reason": null, "event_type": "FACTS"}
2017-10-24 16:58:28,369 - TdmApplication - DEBUG - FrontendConnectionHandler(id=139713605638480, session='2017-10-24T16_57_58_0'): OK
2017-10-24 16:58:28,383 - TdmApplication - DEBUG - FrontendConnectionHandler(id=139713605638480, session='2017-10-24T16_57_58_0').on_event(Event(SYSTEM_UTTERANCE_TO_SPEAK, [, Step ended], sender=GenerateModule, reason=None))
2017-10-24 16:58:28,383 - TdmApplication - DEBUG - FrontendConnectionHandler(id=139713605638480, session='2017-10-24T16_57_58_0'): writing {"content": ["", "Step ended"], "_sender": "GenerateModule", "_reason": null, "event_type": "SYSTEM_UTTERANCE_TO_SPEAK"}
2017-10-24 16:58:28,383 - TdmApplication - DEBUG - FrontendConnectionHandler(id=139713605638480, session='2017-10-24T16_57_58_0'): OK
2017-10-24 16:58:28,385 - TdmApplication - DEBUG - FrontendConnectionHandler(id=139713605638480, session='2017-10-24T16_57_58_0').on_event(Event(GUI.POPUP, {options: [], title: Step ended}, sender=IndependentGuiBackend, reason=None))
2017-10-24 16:58:28,385 - TdmApplication - DEBUG - FrontendConnectionHandler(id=139713605638480, session='2017-10-24T16_57_58_0'): writing {"content": {"options": [], "title": "Step ended"}, "_sender": "IndependentGuiBackend", "_reason": null, "event_type": "GUI.POPUP"}
2017-10-24 16:58:28,386 - TdmApplication - DEBUG - FrontendConnectionHandler(id=139713605638480, session='2017-10-24T16_57_58_0'): OK
2017-10-24 16:58:28,387 - TdmApplication - DEBUG - FrontendConnectionHandler(id=139713605638480, session='2017-10-24T16_57_58_0').on_event(Event(MESSAGE_TO_GUI, [<tdm.tdm_gui_protocol.DeviceResult instance at 0x7f1199611a70>, <tdm.tdm_gui_protocol.Popup instance at 0x7f119964f758>], sender=GuiBackend, reason=None))
2017-10-24 16:58:28,387 - TdmApplication - DEBUG - FrontendConnectionHandler(id=139713605638480, session='2017-10-24T16_57_58_0'): writing {"content": [{"DeviceResult": {"action": "say_step", "result": true, "arguments": {}, "failure_reason": null}}, {"Popup": {"elements": [], "title": "Step ended"}}], "_sender": "GuiBackend", "_reason": null, "event_type": "MESSAGE_TO_GUI"}
2017-10-24 16:58:28,387 - TdmApplication - DEBUG - FrontendConnectionHandler(id=139713605638480, session='2017-10-24T16_57_58_0'): OK
2017-10-24 16:58:28,409 - TdmApplication - DEBUG - FrontendConnectionHandler(id=139713605638480, session='2017-10-24T16_57_58_0').on_message({"content": ["", "Step ended"], "_sender": "TextOutputComponent", "_reason": null, "event_type": "SYSTEM_UTTERANCE_REALIZED"})
2017-10-24 16:58:28,444 - TdmApplication - DEBUG - FrontendConnectionHandler(id=139713605638480, session='2017-10-24T16_57_58_0').on_event(Event(FACTS, [{predicate: confirmation, grammar_entry: None, value: no}], sender=DmeModule, reason=None))
2017-10-24 16:58:28,444 - TdmApplication - DEBUG - FrontendConnectionHandler(id=139713605638480, session='2017-10-24T16_57_58_0'): writing {"content": [{"predicate": "confirmation", "grammar_entry": null, "value": "no"}], "_sender": "DmeModule", "_reason": null, "event_type": "FACTS"}
2017-10-24 16:58:28,444 - TdmApplication - DEBUG - FrontendConnectionHandler(id=139713605638480, session='2017-10-24T16_57_58_0'): OK
2017-10-24 16:58:35,097 - TdmApplication - DEBUG - FrontendConnectionHandler(id=139713605638480, session='2017-10-24T16_57_58_0').on_message({"content": [{"score": 1.0, "utterance": "go to step six"}], "_sender": "TextInputComponent", "_reason": null, "event_type": "RECOGNITION"})
2017-10-24 16:58:35,118 - TdmApplication - DEBUG - FrontendConnectionHandler(id=139713605638480, session='2017-10-24T16_57_58_0').on_event(Event(FACTS, [{predicate: confirmation, grammar_entry: None, value: no}], sender=DmeModule, reason=None))
2017-10-24 16:58:35,118 - TdmApplication - DEBUG - FrontendConnectionHandler(id=139713605638480, session='2017-10-24T16_57_58_0'): writing {"content": [{"predicate": "confirmation", "grammar_entry": null, "value": "no"}], "_sender": "DmeModule", "_reason": null, "event_type": "FACTS"}
2017-10-24 16:58:35,118 - TdmApplication - DEBUG - FrontendConnectionHandler(id=139713605638480, session='2017-10-24T16_57_58_0'): OK
2017-10-24 16:58:35,132 - TdmApplication - DEBUG - FrontendConnectionHandler(id=139713605638480, session='2017-10-24T16_57_58_0').on_event(Event(STOP_SPEAKING, None, sender=TurnManager, reason=None))
2017-10-24 16:58:35,132 - TdmApplication - DEBUG - FrontendConnectionHandler(id=139713605638480, session='2017-10-24T16_57_58_0'): writing {"content": null, "_sender": "TurnManager", "_reason": null, "event_type": "STOP_SPEAKING"}
2017-10-24 16:58:35,132 - TdmApplication - DEBUG - FrontendConnectionHandler(id=139713605638480, session='2017-10-24T16_57_58_0'): OK
2017-10-24 16:58:35,133 - TdmApplication - DEBUG - FrontendConnectionHandler(id=139713605638480, session='2017-10-24T16_57_58_0').on_event(Event(SYSTEM_UTTERANCE_TO_SPEAK, [Are you done?], sender=GenerateModule, reason=None))
2017-10-24 16:58:35,134 - TdmApplication - DEBUG - FrontendConnectionHandler(id=139713605638480, session='2017-10-24T16_57_58_0'): writing {"content": ["Are you done?"], "_sender": "GenerateModule", "_reason": null, "event_type": "SYSTEM_UTTERANCE_TO_SPEAK"}
2017-10-24 16:58:35,134 - TdmApplication - DEBUG - FrontendConnectionHandler(id=139713605638480, session='2017-10-24T16_57_58_0'): OK
2017-10-24 16:58:35,135 - TdmApplication - DEBUG - FrontendConnectionHandler(id=139713605638480, session='2017-10-24T16_57_58_0').on_event(Event(MESSAGE_TO_GUI, [<tdm.tdm_gui_protocol.ClosePopup instance at 0x7f119961da28>], sender=GuiBackend, reason=None))
2017-10-24 16:58:35,135 - TdmApplication - DEBUG - FrontendConnectionHandler(id=139713605638480, session='2017-10-24T16_57_58_0'): writing {"content": [{"ClosePopup": {}}], "_sender": "GuiBackend", "_reason": null, "event_type": "MESSAGE_TO_GUI"}
2017-10-24 16:58:35,136 - TdmApplication - DEBUG - FrontendConnectionHandler(id=139713605638480, session='2017-10-24T16_57_58_0'): OK
2017-10-24 16:58:35,138 - TdmApplication - DEBUG - FrontendConnectionHandler(id=139713605638480, session='2017-10-24T16_57_58_0').on_message({"content": ["Are you done?"], "_sender": "TextOutputComponent", "_reason": null, "event_type": "SYSTEM_UTTERANCE_REALIZED"})
2017-10-24 16:58:35,163 - TdmApplication - DEBUG - FrontendConnectionHandler(id=139713605638480, session='2017-10-24T16_57_58_0').on_event(Event(FACTS, [{predicate: confirmation, grammar_entry: None, value: no}], sender=DmeModule, reason=None))
2017-10-24 16:58:35,163 - TdmApplication - DEBUG - FrontendConnectionHandler(id=139713605638480, session='2017-10-24T16_57_58_0'): writing {"content": [{"predicate": "confirmation", "grammar_entry": null, "value": "no"}], "_sender": "DmeModule", "_reason": null, "event_type": "FACTS"}
2017-10-24 16:58:35,163 - TdmApplication - DEBUG - FrontendConnectionHandler(id=139713605638480, session='2017-10-24T16_57_58_0'): OK
2017-10-24 16:58:35,213 - TdmApplication - DEBUG - FrontendConnectionHandler(id=139713605638480, session='2017-10-24T16_57_58_0').on_event(Event(FACTS, [{predicate: confirmation, grammar_entry: None, value: no}], sender=DmeModule, reason=None))
2017-10-24 16:58:35,213 - TdmApplication - DEBUG - FrontendConnectionHandler(id=139713605638480, session='2017-10-24T16_57_58_0'): writing {"content": [{"predicate": "confirmation", "grammar_entry": null, "value": "no"}], "_sender": "DmeModule", "_reason": null, "event_type": "FACTS"}
2017-10-24 16:58:35,213 - TdmApplication - DEBUG - FrontendConnectionHandler(id=139713605638480, session='2017-10-24T16_57_58_0'): OK
2017-10-24 16:58:35,230 - TdmApplication - DEBUG - FrontendConnectionHandler(id=139713605638480, session='2017-10-24T16_57_58_0').on_event(Event(SYSTEM_UTTERANCE_TO_SPEAK, [I heard you say go to step six., I don't understand., So,, Are you done?], sender=GenerateModule, reason=None))
2017-10-24 16:58:35,230 - TdmApplication - DEBUG - FrontendConnectionHandler(id=139713605638480, session='2017-10-24T16_57_58_0'): writing {"content": ["I heard you say go to step six.", "I don't understand.", "So,", "Are you done?"], "_sender": "GenerateModule", "_reason": null, "event_type": "SYSTEM_UTTERANCE_TO_SPEAK"}
2017-10-24 16:58:35,230 - TdmApplication - DEBUG - FrontendConnectionHandler(id=139713605638480, session='2017-10-24T16_57_58_0'): OK
2017-10-24 16:58:35,232 - TdmApplication - DEBUG - FrontendConnectionHandler(id=139713605638480, session='2017-10-24T16_57_58_0').on_event(Event(MESSAGE_TO_GUI, [], sender=GuiBackend, reason=None))
2017-10-24 16:58:35,232 - TdmApplication - DEBUG - FrontendConnectionHandler(id=139713605638480, session='2017-10-24T16_57_58_0'): writing {"content": [], "_sender": "GuiBackend", "_reason": null, "event_type": "MESSAGE_TO_GUI"}
2017-10-24 16:58:35,232 - TdmApplication - DEBUG - FrontendConnectionHandler(id=139713605638480, session='2017-10-24T16_57_58_0'): OK
2017-10-24 16:58:35,235 - TdmApplication - DEBUG - FrontendConnectionHandler(id=139713605638480, session='2017-10-24T16_57_58_0').on_message({"content": ["I heard you say go to step six.", "I don't understand.", "So,", "Are you done?"], "_sender": "TextOutputComponent", "_reason": null, "event_type": "SYSTEM_UTTERANCE_REALIZED"})
2017-10-24 16:58:35,273 - TdmApplication - DEBUG - FrontendConnectionHandler(id=139713605638480, session='2017-10-24T16_57_58_0').on_event(Event(FACTS, [{predicate: confirmation, grammar_entry: None, value: no}], sender=DmeModule, reason=None))
2017-10-24 16:58:35,273 - TdmApplication - DEBUG - FrontendConnectionHandler(id=139713605638480, session='2017-10-24T16_57_58_0'): writing {"content": [{"predicate": "confirmation", "grammar_entry": null, "value": "no"}], "_sender": "DmeModule", "_reason": null, "event_type": "FACTS"}
2017-10-24 16:58:35,273 - TdmApplication - DEBUG - FrontendConnectionHandler(id=139713605638480, session='2017-10-24T16_57_58_0'): OK
2017-10-24 16:58:43,272 - TdmApplication - DEBUG - FrontendConnectionHandler(id=139713605638480, session='2017-10-24T16_57_58_0').on_message({"content": [{"score": 1.0, "utterance": "go to step five"}], "_sender": "TextInputComponent", "_reason": null, "event_type": "RECOGNITION"})
2017-10-24 16:58:43,276 - TdmApplication - DEBUG - FrontendConnectionHandler(id=139713605638480, session='2017-10-24T16_57_58_0').on_event(Event(STOP_LISTENING, None, sender=TurnManager, reason=None))
2017-10-24 16:58:43,276 - TdmApplication - DEBUG - FrontendConnectionHandler(id=139713605638480, session='2017-10-24T16_57_58_0'): writing {"content": null, "_sender": "TurnManager", "_reason": null, "event_type": "STOP_LISTENING"}
2017-10-24 16:58:43,276 - TdmApplication - DEBUG - FrontendConnectionHandler(id=139713605638480, session='2017-10-24T16_57_58_0'): OK
2017-10-24 16:58:43,395 - TdmApplication - DEBUG - FrontendConnectionHandler(id=139713605638480, session='2017-10-24T16_57_58_0').on_event(Event(SELECTED_RECOGNITION, go to step five, sender=DmeModule, reason=None))
2017-10-24 16:58:43,395 - TdmApplication - DEBUG - FrontendConnectionHandler(id=139713605638480, session='2017-10-24T16_57_58_0'): writing {"content": "go to step five", "_sender": "DmeModule", "_reason": null, "event_type": "SELECTED_RECOGNITION"}
2017-10-24 16:58:43,395 - TdmApplication - DEBUG - FrontendConnectionHandler(id=139713605638480, session='2017-10-24T16_57_58_0'): OK
2017-10-24 16:58:43,396 - TdmApplication - DEBUG - FrontendConnectionHandler(id=139713605638480, session='2017-10-24T16_57_58_0').on_event(Event(FACTS, [{predicate: confirmation, grammar_entry: None, value: no}], sender=DmeModule, reason=None))
2017-10-24 16:58:43,396 - TdmApplication - DEBUG - FrontendConnectionHandler(id=139713605638480, session='2017-10-24T16_57_58_0'): writing {"content": [{"predicate": "confirmation", "grammar_entry": null, "value": "no"}], "_sender": "DmeModule", "_reason": null, "event_type": "FACTS"}
2017-10-24 16:58:43,396 - TdmApplication - DEBUG - FrontendConnectionHandler(id=139713605638480, session='2017-10-24T16_57_58_0'): OK
2017-10-24 16:58:43,408 - TdmApplication - DEBUG - FrontendConnectionHandler(id=139713605638480, session='2017-10-24T16_57_58_0').on_event(Event(SYSTEM_UTTERANCE_TO_SPEAK, [, Step ended], sender=GenerateModule, reason=None))
2017-10-24 16:58:43,408 - TdmApplication - DEBUG - FrontendConnectionHandler(id=139713605638480, session='2017-10-24T16_57_58_0'): writing {"content": ["", "Step ended"], "_sender": "GenerateModule", "_reason": null, "event_type": "SYSTEM_UTTERANCE_TO_SPEAK"}
2017-10-24 16:58:43,408 - TdmApplication - DEBUG - FrontendConnectionHandler(id=139713605638480, session='2017-10-24T16_57_58_0'): OK
2017-10-24 16:58:43,409 - TdmApplication - DEBUG - FrontendConnectionHandler(id=139713605638480, session='2017-10-24T16_57_58_0').on_event(Event(GUI.POPUP, {options: [], title: Step ended}, sender=IndependentGuiBackend, reason=None))
2017-10-24 16:58:43,409 - TdmApplication - DEBUG - FrontendConnectionHandler(id=139713605638480, session='2017-10-24T16_57_58_0'): writing {"content": {"options": [], "title": "Step ended"}, "_sender": "IndependentGuiBackend", "_reason": null, "event_type": "GUI.POPUP"}
2017-10-24 16:58:43,410 - TdmApplication - DEBUG - FrontendConnectionHandler(id=139713605638480, session='2017-10-24T16_57_58_0'): OK
2017-10-24 16:58:43,410 - TdmApplication - DEBUG - FrontendConnectionHandler(id=139713605638480, session='2017-10-24T16_57_58_0').on_event(Event(MESSAGE_TO_GUI, [<tdm.tdm_gui_protocol.DeviceResult instance at 0x7f11996637a0>, <tdm.tdm_gui_protocol.Popup instance at 0x7f1199659488>], sender=GuiBackend, reason=None))
2017-10-24 16:58:43,411 - TdmApplication - DEBUG - FrontendConnectionHandler(id=139713605638480, session='2017-10-24T16_57_58_0'): writing {"content": [{"DeviceResult": {"action": "say_step", "result": true, "arguments": {}, "failure_reason": null}}, {"Popup": {"elements": [], "title": "Step ended"}}], "_sender": "GuiBackend", "_reason": null, "event_type": "MESSAGE_TO_GUI"}
2017-10-24 16:58:43,411 - TdmApplication - DEBUG - FrontendConnectionHandler(id=139713605638480, session='2017-10-24T16_57_58_0'): OK
2017-10-24 16:58:43,444 - TdmApplication - DEBUG - FrontendConnectionHandler(id=139713605638480, session='2017-10-24T16_57_58_0').on_message({"content": ["", "Step ended"], "_sender": "TextOutputComponent", "_reason": null, "event_type": "SYSTEM_UTTERANCE_REALIZED"})
2017-10-24 16:58:43,479 - TdmApplication - DEBUG - FrontendConnectionHandler(id=139713605638480, session='2017-10-24T16_57_58_0').on_event(Event(FACTS, [{predicate: confirmation, grammar_entry: None, value: no}], sender=DmeModule, reason=None))
2017-10-24 16:58:43,479 - TdmApplication - DEBUG - FrontendConnectionHandler(id=139713605638480, session='2017-10-24T16_57_58_0'): writing {"content": [{"predicate": "confirmation", "grammar_entry": null, "value": "no"}], "_sender": "DmeModule", "_reason": null, "event_type": "FACTS"}
2017-10-24 16:58:43,480 - TdmApplication - DEBUG - FrontendConnectionHandler(id=139713605638480, session='2017-10-24T16_57_58_0'): OK
2017-10-24 16:58:47,323 - TdmApplication - DEBUG - FrontendConnectionHandler(id=139713605638480, session='2017-10-24T16_57_58_0').on_message({"content": [{"score": 1.0, "utterance": "go to next"}], "_sender": "TextInputComponent", "_reason": null, "event_type": "RECOGNITION"})
2017-10-24 16:58:47,327 - TdmApplication - DEBUG - FrontendConnectionHandler(id=139713605638480, session='2017-10-24T16_57_58_0').on_event(Event(FACTS, [{predicate: confirmation, grammar_entry: None, value: no}], sender=DmeModule, reason=None))
2017-10-24 16:58:47,327 - TdmApplication - DEBUG - FrontendConnectionHandler(id=139713605638480, session='2017-10-24T16_57_58_0'): writing {"content": [{"predicate": "confirmation", "grammar_entry": null, "value": "no"}], "_sender": "DmeModule", "_reason": null, "event_type": "FACTS"}
2017-10-24 16:58:47,327 - TdmApplication - DEBUG - FrontendConnectionHandler(id=139713605638480, session='2017-10-24T16_57_58_0'): OK
2017-10-24 16:58:47,339 - TdmApplication - DEBUG - FrontendConnectionHandler(id=139713605638480, session='2017-10-24T16_57_58_0').on_event(Event(STOP_SPEAKING, None, sender=TurnManager, reason=None))
2017-10-24 16:58:47,339 - TdmApplication - DEBUG - FrontendConnectionHandler(id=139713605638480, session='2017-10-24T16_57_58_0'): writing {"content": null, "_sender": "TurnManager", "_reason": null, "event_type": "STOP_SPEAKING"}
2017-10-24 16:58:47,339 - TdmApplication - DEBUG - FrontendConnectionHandler(id=139713605638480, session='2017-10-24T16_57_58_0'): OK
2017-10-24 16:58:47,340 - TdmApplication - DEBUG - FrontendConnectionHandler(id=139713605638480, session='2017-10-24T16_57_58_0').on_event(Event(SYSTEM_UTTERANCE_TO_SPEAK, [Are you done?], sender=GenerateModule, reason=None))
2017-10-24 16:58:47,340 - TdmApplication - DEBUG - FrontendConnectionHandler(id=139713605638480, session='2017-10-24T16_57_58_0'): writing {"content": ["Are you done?"], "_sender": "GenerateModule", "_reason": null, "event_type": "SYSTEM_UTTERANCE_TO_SPEAK"}
2017-10-24 16:58:47,340 - TdmApplication - DEBUG - FrontendConnectionHandler(id=139713605638480, session='2017-10-24T16_57_58_0'): OK
2017-10-24 16:58:47,341 - TdmApplication - DEBUG - FrontendConnectionHandler(id=139713605638480, session='2017-10-24T16_57_58_0').on_event(Event(MESSAGE_TO_GUI, [<tdm.tdm_gui_protocol.ClosePopup instance at 0x7f1199609878>], sender=GuiBackend, reason=None))
2017-10-24 16:58:47,341 - TdmApplication - DEBUG - FrontendConnectionHandler(id=139713605638480, session='2017-10-24T16_57_58_0'): writing {"content": [{"ClosePopup": {}}], "_sender": "GuiBackend", "_reason": null, "event_type": "MESSAGE_TO_GUI"}
2017-10-24 16:58:47,342 - TdmApplication - DEBUG - FrontendConnectionHandler(id=139713605638480, session='2017-10-24T16_57_58_0'): OK
2017-10-24 16:58:47,356 - TdmApplication - DEBUG - FrontendConnectionHandler(id=139713605638480, session='2017-10-24T16_57_58_0').on_message({"content": ["Are you done?"], "_sender": "TextOutputComponent", "_reason": null, "event_type": "SYSTEM_UTTERANCE_REALIZED"})
2017-10-24 16:58:47,378 - TdmApplication - DEBUG - FrontendConnectionHandler(id=139713605638480, session='2017-10-24T16_57_58_0').on_event(Event(FACTS, [{predicate: confirmation, grammar_entry: None, value: no}], sender=DmeModule, reason=None))
2017-10-24 16:58:47,378 - TdmApplication - DEBUG - FrontendConnectionHandler(id=139713605638480, session='2017-10-24T16_57_58_0'): writing {"content": [{"predicate": "confirmation", "grammar_entry": null, "value": "no"}], "_sender": "DmeModule", "_reason": null, "event_type": "FACTS"}
2017-10-24 16:58:47,378 - TdmApplication - DEBUG - FrontendConnectionHandler(id=139713605638480, session='2017-10-24T16_57_58_0'): OK
2017-10-24 16:58:47,492 - TdmApplication - DEBUG - FrontendConnectionHandler(id=139713605638480, session='2017-10-24T16_57_58_0').on_event(Event(SELECTED_RECOGNITION, go to next, sender=DmeModule, reason=None))
2017-10-24 16:58:47,492 - TdmApplication - DEBUG - FrontendConnectionHandler(id=139713605638480, session='2017-10-24T16_57_58_0'): writing {"content": "go to next", "_sender": "DmeModule", "_reason": null, "event_type": "SELECTED_RECOGNITION"}
2017-10-24 16:58:47,492 - TdmApplication - DEBUG - FrontendConnectionHandler(id=139713605638480, session='2017-10-24T16_57_58_0'): OK
2017-10-24 16:58:47,493 - TdmApplication - DEBUG - FrontendConnectionHandler(id=139713605638480, session='2017-10-24T16_57_58_0').on_event(Event(FACTS, [{predicate: confirmation, grammar_entry: None, value: no}], sender=DmeModule, reason=None))
2017-10-24 16:58:47,493 - TdmApplication - DEBUG - FrontendConnectionHandler(id=139713605638480, session='2017-10-24T16_57_58_0'): writing {"content": [{"predicate": "confirmation", "grammar_entry": null, "value": "no"}], "_sender": "DmeModule", "_reason": null, "event_type": "FACTS"}
2017-10-24 16:58:47,493 - TdmApplication - DEBUG - FrontendConnectionHandler(id=139713605638480, session='2017-10-24T16_57_58_0'): OK
2017-10-24 16:58:47,505 - TdmApplication - DEBUG - FrontendConnectionHandler(id=139713605638480, session='2017-10-24T16_57_58_0').on_event(Event(SYSTEM_UTTERANCE_TO_SPEAK, [, Step ended], sender=GenerateModule, reason=None))
2017-10-24 16:58:47,505 - TdmApplication - DEBUG - FrontendConnectionHandler(id=139713605638480, session='2017-10-24T16_57_58_0'): writing {"content": ["", "Step ended"], "_sender": "GenerateModule", "_reason": null, "event_type": "SYSTEM_UTTERANCE_TO_SPEAK"}
2017-10-24 16:58:47,505 - TdmApplication - DEBUG - FrontendConnectionHandler(id=139713605638480, session='2017-10-24T16_57_58_0'): OK
2017-10-24 16:58:47,506 - TdmApplication - DEBUG - FrontendConnectionHandler(id=139713605638480, session='2017-10-24T16_57_58_0').on_event(Event(GUI.POPUP, {options: [], title: Step ended}, sender=IndependentGuiBackend, reason=None))
2017-10-24 16:58:47,506 - TdmApplication - DEBUG - FrontendConnectionHandler(id=139713605638480, session='2017-10-24T16_57_58_0'): writing {"content": {"options": [], "title": "Step ended"}, "_sender": "IndependentGuiBackend", "_reason": null, "event_type": "GUI.POPUP"}
2017-10-24 16:58:47,506 - TdmApplication - DEBUG - FrontendConnectionHandler(id=139713605638480, session='2017-10-24T16_57_58_0'): OK
2017-10-24 16:58:47,507 - TdmApplication - DEBUG - FrontendConnectionHandler(id=139713605638480, session='2017-10-24T16_57_58_0').on_event(Event(MESSAGE_TO_GUI, [<tdm.tdm_gui_protocol.DeviceResult instance at 0x7f1198de5b90>, <tdm.tdm_gui_protocol.Popup instance at 0x7f1198de59e0>], sender=GuiBackend, reason=None))
2017-10-24 16:58:47,507 - TdmApplication - DEBUG - FrontendConnectionHandler(id=139713605638480, session='2017-10-24T16_57_58_0'): writing {"content": [{"DeviceResult": {"action": "say_step", "result": true, "arguments": {}, "failure_reason": null}}, {"Popup": {"elements": [], "title": "Step ended"}}], "_sender": "GuiBackend", "_reason": null, "event_type": "MESSAGE_TO_GUI"}
2017-10-24 16:58:47,507 - TdmApplication - DEBUG - FrontendConnectionHandler(id=139713605638480, session='2017-10-24T16_57_58_0'): OK
2017-10-24 16:58:47,531 - TdmApplication - DEBUG - FrontendConnectionHandler(id=139713605638480, session='2017-10-24T16_57_58_0').on_message({"content": ["", "Step ended"], "_sender": "TextOutputComponent", "_reason": null, "event_type": "SYSTEM_UTTERANCE_REALIZED"})
2017-10-24 16:58:47,565 - TdmApplication - DEBUG - FrontendConnectionHandler(id=139713605638480, session='2017-10-24T16_57_58_0').on_event(Event(FACTS, [{predicate: confirmation, grammar_entry: None, value: no}], sender=DmeModule, reason=None))
2017-10-24 16:58:47,565 - TdmApplication - DEBUG - FrontendConnectionHandler(id=139713605638480, session='2017-10-24T16_57_58_0'): writing {"content": [{"predicate": "confirmation", "grammar_entry": null, "value": "no"}], "_sender": "DmeModule", "_reason": null, "event_type": "FACTS"}
2017-10-24 16:58:47,565 - TdmApplication - DEBUG - FrontendConnectionHandler(id=139713605638480, session='2017-10-24T16_57_58_0'): OK
2017-10-24 17:02:50,487 - TdmApplication - DEBUG - FrontendConnectionHandler(id=139713605638480, session='2017-10-24T16_57_58_0').on_close()
2017-10-24 17:02:50,488 - TdmApplication - DEBUG - SessionManager.stop('2017-10-24T16_57_58_0')
2017-10-24 17:02:50,489 - TdmApplication - DEBUG - TdmApplication.stop(): Stopping HTTP server
2017-10-24 17:02:50,490 - TdmApplication - DEBUG - TdmApplication.stop(): Stopping IO-loop
2017-10-24 17:02:50,490 - TdmApplication - DEBUG - TdmApplication.stop(): Stopping sessions []
2017-10-24 17:02:50,493 - TdmApplication - DEBUG - FrontendConnectionHandler(id=139713605638480, session='2017-10-24T16_57_58_0').on_event(Event(FACTS, [{predicate: confirmation, grammar_entry: None, value: no}], sender=DmeModule, reason=None))
2017-10-24 17:02:50,493 - TdmApplication - DEBUG - FrontendConnectionHandler(id=139713605638480, session='2017-10-24T16_57_58_0'): writing {"content": [{"predicate": "confirmation", "grammar_entry": null, "value": "no"}], "_sender": "DmeModule", "_reason": null, "event_type": "FACTS"}
2017-10-24 17:02:50,493 - TdmApplication - DEBUG - FrontendConnectionHandler(id=139713605638480, session='2017-10-24T16_57_58_0'): OK
