2017-10-24 16:32:22,210 - TdmApplication - DEBUG - DddDb().__init__(name='ddds', default_ddds=[u'recipehelp'])
2017-10-24 16:32:22,211 - TdmApplication - DEBUG - DddDb(): DB file name is '/home/gusmatssar/recipedialogue/tdm/ddds.json'
2017-10-24 16:32:22,221 - TdmApplication - DEBUG - FrontendConnectionHandler(id=140048697243984, session=None).open()
2017-10-24 16:32:22,224 - TdmApplication - DEBUG - FrontendConnectionHandler(id=140048697243984, session=None).on_message({"handshake_content": {"session_id": null, "keep_session_alive": false}, "name": "Frontend"})
2017-10-24 16:32:22,224 - TdmApplication - DEBUG - thread_manager.create_thread() with threading.active_count()=3
2017-10-24 16:32:22,225 - TdmApplication - DEBUG - FrontendConnectionHandler(id=140048697243984, session=None)._register({"handshake_content": {"session_id": null, "keep_session_alive": false}, "name": "Frontend"})
2017-10-24 16:32:22,225 - TdmApplication - DEBUG - thread_manager.create_thread() with threading.active_count()=4
2017-10-24 16:32:22,226 - TdmApplication - DEBUG - Creating backend and session with id 2017-10-24T16_32_22_0.
2017-10-24 16:32:22,265 - TdmApplication - DEBUG - FrontendConnectionHandler._register: Registered in session 2017-10-24T16_32_22_0 with backend <ThreadedBackend(ThreadedBackend, started daemon 140048588412672)>.
2017-10-24 16:32:22,266 - TdmApplication - DEBUG - FrontendConnectionHandler(id=140048697243984, session='2017-10-24T16_32_22_0').on_event(Event(REGISTER_BACKEND, None, sender=Backend, reason=None))
2017-10-24 16:32:22,266 - TdmApplication - DEBUG - FrontendConnectionHandler(id=140048697243984, session='2017-10-24T16_32_22_0'): writing {"content": null, "_sender": "Backend", "_reason": null, "event_type": "REGISTER_BACKEND"}
2017-10-24 16:32:22,266 - TdmApplication - DEBUG - FrontendConnectionHandler(id=140048697243984, session='2017-10-24T16_32_22_0'): OK
2017-10-24 16:32:22,294 - TdmApplication - DEBUG - FrontendConnectionHandler(id=140048697243984, session='2017-10-24T16_32_22_0').on_message({"content": null, "_sender": "Frontend", "_reason": null, "event_type": "FRONTEND_READY"})
2017-10-24 16:32:22,297 - TdmApplication - DEBUG - FrontendConnectionHandler(id=140048697243984, session='2017-10-24T16_32_22_0').on_event(Event(BACKEND_READY, None, sender=Backend, reason=None))
2017-10-24 16:32:22,297 - TdmApplication - DEBUG - FrontendConnectionHandler(id=140048697243984, session='2017-10-24T16_32_22_0'): writing {"content": null, "_sender": "Backend", "_reason": null, "event_type": "BACKEND_READY"}
2017-10-24 16:32:22,297 - TdmApplication - DEBUG - FrontendConnectionHandler(id=140048697243984, session='2017-10-24T16_32_22_0'): OK
2017-10-24 16:32:22,300 - TdmApplication - DEBUG - FrontendConnectionHandler(id=140048697243984, session='2017-10-24T16_32_22_0').on_message({"content": null, "_sender": "Frontend", "_reason": null, "event_type": "START"})
2017-10-24 16:32:22,336 - TdmApplication - DEBUG - FrontendConnectionHandler(id=140048697243984, session='2017-10-24T16_32_22_0').on_event(Event(SET_DDD, {ddd_name: recipehelp, language_code: eng}, sender=DmeModule, reason=None))
2017-10-24 16:32:22,336 - TdmApplication - DEBUG - FrontendConnectionHandler(id=140048697243984, session='2017-10-24T16_32_22_0'): writing {"content": {"ddd_name": "recipehelp", "language_code": "eng"}, "_sender": "DmeModule", "_reason": null, "event_type": "SET_DDD"}
2017-10-24 16:32:22,336 - TdmApplication - DEBUG - FrontendConnectionHandler(id=140048697243984, session='2017-10-24T16_32_22_0'): OK
2017-10-24 16:32:22,337 - TdmApplication - DEBUG - FrontendConnectionHandler(id=140048697243984, session='2017-10-24T16_32_22_0').on_event(Event(FACTS, [], sender=DmeModule, reason=None))
2017-10-24 16:32:22,337 - TdmApplication - DEBUG - FrontendConnectionHandler(id=140048697243984, session='2017-10-24T16_32_22_0'): writing {"content": [], "_sender": "DmeModule", "_reason": null, "event_type": "FACTS"}
2017-10-24 16:32:22,338 - TdmApplication - DEBUG - FrontendConnectionHandler(id=140048697243984, session='2017-10-24T16_32_22_0'): OK
2017-10-24 16:32:22,345 - TdmApplication - DEBUG - FrontendConnectionHandler(id=140048697243984, session='2017-10-24T16_32_22_0').on_event(Event(SYSTEM_UTTERANCE_TO_SPEAK, [, What would you like to do?], sender=GenerateModule, reason=None))
2017-10-24 16:32:22,345 - TdmApplication - DEBUG - FrontendConnectionHandler(id=140048697243984, session='2017-10-24T16_32_22_0'): writing {"content": ["", "What would you like to do?"], "_sender": "GenerateModule", "_reason": null, "event_type": "SYSTEM_UTTERANCE_TO_SPEAK"}
2017-10-24 16:32:22,345 - TdmApplication - DEBUG - FrontendConnectionHandler(id=140048697243984, session='2017-10-24T16_32_22_0'): OK
2017-10-24 16:32:22,346 - TdmApplication - DEBUG - FrontendConnectionHandler(id=140048697243984, session='2017-10-24T16_32_22_0').on_event(Event(MESSAGE_TO_GUI, [], sender=GuiBackend, reason=None))
2017-10-24 16:32:22,346 - TdmApplication - DEBUG - FrontendConnectionHandler(id=140048697243984, session='2017-10-24T16_32_22_0'): writing {"content": [], "_sender": "GuiBackend", "_reason": null, "event_type": "MESSAGE_TO_GUI"}
2017-10-24 16:32:22,346 - TdmApplication - DEBUG - FrontendConnectionHandler(id=140048697243984, session='2017-10-24T16_32_22_0'): OK
2017-10-24 16:32:22,386 - TdmApplication - DEBUG - FrontendConnectionHandler(id=140048697243984, session='2017-10-24T16_32_22_0').on_message({"content": ["", "What would you like to do?"], "_sender": "TextOutputComponent", "_reason": null, "event_type": "SYSTEM_UTTERANCE_REALIZED"})
2017-10-24 16:32:22,409 - TdmApplication - DEBUG - FrontendConnectionHandler(id=140048697243984, session='2017-10-24T16_32_22_0').on_event(Event(FACTS, [], sender=DmeModule, reason=None))
2017-10-24 16:32:22,409 - TdmApplication - DEBUG - FrontendConnectionHandler(id=140048697243984, session='2017-10-24T16_32_22_0'): writing {"content": [], "_sender": "DmeModule", "_reason": null, "event_type": "FACTS"}
2017-10-24 16:32:22,409 - TdmApplication - DEBUG - FrontendConnectionHandler(id=140048697243984, session='2017-10-24T16_32_22_0'): OK
2017-10-24 16:32:26,060 - TdmApplication - DEBUG - FrontendConnectionHandler(id=140048697243984, session='2017-10-24T16_32_22_0').on_message({"content": [{"score": 1.0, "utterance": "go to a step"}], "_sender": "TextInputComponent", "_reason": null, "event_type": "RECOGNITION"})
2017-10-24 16:32:26,069 - TdmApplication - DEBUG - FrontendConnectionHandler(id=140048697243984, session='2017-10-24T16_32_22_0').on_event(Event(STOP_LISTENING, None, sender=TurnManager, reason=None))
2017-10-24 16:32:26,069 - TdmApplication - DEBUG - FrontendConnectionHandler(id=140048697243984, session='2017-10-24T16_32_22_0'): writing {"content": null, "_sender": "TurnManager", "_reason": null, "event_type": "STOP_LISTENING"}
2017-10-24 16:32:26,069 - TdmApplication - DEBUG - FrontendConnectionHandler(id=140048697243984, session='2017-10-24T16_32_22_0'): OK
2017-10-24 16:32:26,144 - TdmApplication - DEBUG - FrontendConnectionHandler(id=140048697243984, session='2017-10-24T16_32_22_0').on_event(Event(SELECTED_RECOGNITION, go to a step, sender=DmeModule, reason=None))
2017-10-24 16:32:26,144 - TdmApplication - DEBUG - FrontendConnectionHandler(id=140048697243984, session='2017-10-24T16_32_22_0'): writing {"content": "go to a step", "_sender": "DmeModule", "_reason": null, "event_type": "SELECTED_RECOGNITION"}
2017-10-24 16:32:26,144 - TdmApplication - DEBUG - FrontendConnectionHandler(id=140048697243984, session='2017-10-24T16_32_22_0'): OK
2017-10-24 16:32:26,145 - TdmApplication - DEBUG - FrontendConnectionHandler(id=140048697243984, session='2017-10-24T16_32_22_0').on_event(Event(FACTS, [], sender=DmeModule, reason=None))
2017-10-24 16:32:26,145 - TdmApplication - DEBUG - FrontendConnectionHandler(id=140048697243984, session='2017-10-24T16_32_22_0'): writing {"content": [], "_sender": "DmeModule", "_reason": null, "event_type": "FACTS"}
2017-10-24 16:32:26,145 - TdmApplication - DEBUG - FrontendConnectionHandler(id=140048697243984, session='2017-10-24T16_32_22_0'): OK
2017-10-24 16:32:26,156 - TdmApplication - DEBUG - FrontendConnectionHandler(id=140048697243984, session='2017-10-24T16_32_22_0').on_event(Event(SYSTEM_UTTERANCE_TO_SPEAK, [, , Which step?], sender=GenerateModule, reason=None))
2017-10-24 16:32:26,156 - TdmApplication - DEBUG - FrontendConnectionHandler(id=140048697243984, session='2017-10-24T16_32_22_0'): writing {"content": ["", "", "Which step?"], "_sender": "GenerateModule", "_reason": null, "event_type": "SYSTEM_UTTERANCE_TO_SPEAK"}
2017-10-24 16:32:26,156 - TdmApplication - DEBUG - FrontendConnectionHandler(id=140048697243984, session='2017-10-24T16_32_22_0'): OK
2017-10-24 16:32:26,157 - TdmApplication - DEBUG - FrontendConnectionHandler(id=140048697243984, session='2017-10-24T16_32_22_0').on_event(Event(MESSAGE_TO_GUI, [], sender=GuiBackend, reason=None))
2017-10-24 16:32:26,157 - TdmApplication - DEBUG - FrontendConnectionHandler(id=140048697243984, session='2017-10-24T16_32_22_0'): writing {"content": [], "_sender": "GuiBackend", "_reason": null, "event_type": "MESSAGE_TO_GUI"}
2017-10-24 16:32:26,157 - TdmApplication - DEBUG - FrontendConnectionHandler(id=140048697243984, session='2017-10-24T16_32_22_0'): OK
2017-10-24 16:32:26,176 - TdmApplication - DEBUG - FrontendConnectionHandler(id=140048697243984, session='2017-10-24T16_32_22_0').on_message({"content": ["", "", "Which step?"], "_sender": "TextOutputComponent", "_reason": null, "event_type": "SYSTEM_UTTERANCE_REALIZED"})
2017-10-24 16:32:26,208 - TdmApplication - DEBUG - FrontendConnectionHandler(id=140048697243984, session='2017-10-24T16_32_22_0').on_event(Event(FACTS, [], sender=DmeModule, reason=None))
2017-10-24 16:32:26,208 - TdmApplication - DEBUG - FrontendConnectionHandler(id=140048697243984, session='2017-10-24T16_32_22_0'): writing {"content": [], "_sender": "DmeModule", "_reason": null, "event_type": "FACTS"}
2017-10-24 16:32:26,208 - TdmApplication - DEBUG - FrontendConnectionHandler(id=140048697243984, session='2017-10-24T16_32_22_0'): OK
2017-10-24 16:32:28,849 - TdmApplication - DEBUG - FrontendConnectionHandler(id=140048697243984, session='2017-10-24T16_32_22_0').on_message({"content": [{"score": 1.0, "utterance": "step one"}], "_sender": "TextInputComponent", "_reason": null, "event_type": "RECOGNITION"})
2017-10-24 16:32:28,854 - TdmApplication - DEBUG - FrontendConnectionHandler(id=140048697243984, session='2017-10-24T16_32_22_0').on_event(Event(STOP_LISTENING, None, sender=TurnManager, reason=None))
2017-10-24 16:32:28,854 - TdmApplication - DEBUG - FrontendConnectionHandler(id=140048697243984, session='2017-10-24T16_32_22_0'): writing {"content": null, "_sender": "TurnManager", "_reason": null, "event_type": "STOP_LISTENING"}
2017-10-24 16:32:28,854 - TdmApplication - DEBUG - FrontendConnectionHandler(id=140048697243984, session='2017-10-24T16_32_22_0'): OK
2017-10-24 16:32:28,934 - TdmApplication - DEBUG - FrontendConnectionHandler(id=140048697243984, session='2017-10-24T16_32_22_0').on_event(Event(SELECTED_RECOGNITION, step one, sender=DmeModule, reason=None))
2017-10-24 16:32:28,934 - TdmApplication - DEBUG - FrontendConnectionHandler(id=140048697243984, session='2017-10-24T16_32_22_0'): writing {"content": "step one", "_sender": "DmeModule", "_reason": null, "event_type": "SELECTED_RECOGNITION"}
2017-10-24 16:32:28,934 - TdmApplication - DEBUG - FrontendConnectionHandler(id=140048697243984, session='2017-10-24T16_32_22_0'): OK
2017-10-24 16:32:28,936 - TdmApplication - DEBUG - FrontendConnectionHandler(id=140048697243984, session='2017-10-24T16_32_22_0').on_event(Event(FACTS, [{predicate: go_to_step, grammar_entry: None, value: chose step1}], sender=DmeModule, reason=None))
2017-10-24 16:32:28,936 - TdmApplication - DEBUG - FrontendConnectionHandler(id=140048697243984, session='2017-10-24T16_32_22_0'): writing {"content": [{"predicate": "go_to_step", "grammar_entry": null, "value": "chose step1"}], "_sender": "DmeModule", "_reason": null, "event_type": "FACTS"}
2017-10-24 16:32:28,936 - TdmApplication - DEBUG - FrontendConnectionHandler(id=140048697243984, session='2017-10-24T16_32_22_0'): OK
2017-10-24 16:32:28,945 - TdmApplication - DEBUG - FrontendConnectionHandler(id=140048697243984, session='2017-10-24T16_32_22_0').on_event(Event(SYSTEM_UTTERANCE_TO_SPEAK, [Ok chose step1.], sender=GenerateModule, reason=None))
2017-10-24 16:32:28,945 - TdmApplication - DEBUG - FrontendConnectionHandler(id=140048697243984, session='2017-10-24T16_32_22_0'): writing {"content": ["Ok chose step1."], "_sender": "GenerateModule", "_reason": null, "event_type": "SYSTEM_UTTERANCE_TO_SPEAK"}
2017-10-24 16:32:28,945 - TdmApplication - DEBUG - FrontendConnectionHandler(id=140048697243984, session='2017-10-24T16_32_22_0'): OK
2017-10-24 16:32:28,947 - TdmApplication - DEBUG - FrontendConnectionHandler(id=140048697243984, session='2017-10-24T16_32_22_0').on_event(Event(GUI.POPUP, {options: [], title: Ok chose step1.}, sender=IndependentGuiBackend, reason=None))
2017-10-24 16:32:28,947 - TdmApplication - DEBUG - FrontendConnectionHandler(id=140048697243984, session='2017-10-24T16_32_22_0'): writing {"content": {"options": [], "title": "Ok chose step1."}, "_sender": "IndependentGuiBackend", "_reason": null, "event_type": "GUI.POPUP"}
2017-10-24 16:32:28,947 - TdmApplication - DEBUG - FrontendConnectionHandler(id=140048697243984, session='2017-10-24T16_32_22_0'): OK
2017-10-24 16:32:28,948 - TdmApplication - DEBUG - FrontendConnectionHandler(id=140048697243984, session='2017-10-24T16_32_22_0').on_event(Event(MESSAGE_TO_GUI, [<tdm.tdm_gui_protocol.Popup instance at 0x7f5fa00a1908>], sender=GuiBackend, reason=None))
2017-10-24 16:32:28,948 - TdmApplication - DEBUG - FrontendConnectionHandler(id=140048697243984, session='2017-10-24T16_32_22_0'): writing {"content": [{"Popup": {"elements": [], "title": "Ok chose step1."}}], "_sender": "GuiBackend", "_reason": null, "event_type": "MESSAGE_TO_GUI"}
2017-10-24 16:32:28,948 - TdmApplication - DEBUG - FrontendConnectionHandler(id=140048697243984, session='2017-10-24T16_32_22_0'): OK
2017-10-24 16:32:28,967 - TdmApplication - DEBUG - FrontendConnectionHandler(id=140048697243984, session='2017-10-24T16_32_22_0').on_message({"content": ["Ok chose step1."], "_sender": "TextOutputComponent", "_reason": null, "event_type": "SYSTEM_UTTERANCE_REALIZED"})
2017-10-24 16:32:28,992 - TdmApplication - DEBUG - FrontendConnectionHandler(id=140048697243984, session='2017-10-24T16_32_22_0').on_event(Event(FACTS, [{predicate: go_to_step, grammar_entry: None, value: chose step1}], sender=DmeModule, reason=None))
2017-10-24 16:32:28,992 - TdmApplication - DEBUG - FrontendConnectionHandler(id=140048697243984, session='2017-10-24T16_32_22_0'): writing {"content": [{"predicate": "go_to_step", "grammar_entry": null, "value": "chose step1"}], "_sender": "DmeModule", "_reason": null, "event_type": "FACTS"}
2017-10-24 16:32:28,993 - TdmApplication - DEBUG - FrontendConnectionHandler(id=140048697243984, session='2017-10-24T16_32_22_0'): OK
2017-10-24 16:32:35,842 - TdmApplication - DEBUG - FrontendConnectionHandler(id=140048697243984, session='2017-10-24T16_32_22_0').on_message({"content": [{"score": 1.0, "utterance": "go to next"}], "_sender": "TextInputComponent", "_reason": null, "event_type": "RECOGNITION"})
2017-10-24 16:32:35,846 - TdmApplication - DEBUG - FrontendConnectionHandler(id=140048697243984, session='2017-10-24T16_32_22_0').on_event(Event(FACTS, [], sender=DmeModule, reason=None))
2017-10-24 16:32:35,846 - TdmApplication - DEBUG - FrontendConnectionHandler(id=140048697243984, session='2017-10-24T16_32_22_0'): writing {"content": [], "_sender": "DmeModule", "_reason": null, "event_type": "FACTS"}
2017-10-24 16:32:35,846 - TdmApplication - DEBUG - FrontendConnectionHandler(id=140048697243984, session='2017-10-24T16_32_22_0'): OK
2017-10-24 16:32:35,855 - TdmApplication - DEBUG - FrontendConnectionHandler(id=140048697243984, session='2017-10-24T16_32_22_0').on_event(Event(STOP_SPEAKING, None, sender=TurnManager, reason=None))
2017-10-24 16:32:35,855 - TdmApplication - DEBUG - FrontendConnectionHandler(id=140048697243984, session='2017-10-24T16_32_22_0'): writing {"content": null, "_sender": "TurnManager", "_reason": null, "event_type": "STOP_SPEAKING"}
2017-10-24 16:32:35,855 - TdmApplication - DEBUG - FrontendConnectionHandler(id=140048697243984, session='2017-10-24T16_32_22_0'): OK
2017-10-24 16:32:35,856 - TdmApplication - DEBUG - FrontendConnectionHandler(id=140048697243984, session='2017-10-24T16_32_22_0').on_event(Event(SYSTEM_UTTERANCE_TO_SPEAK, [Returning to the start view., What would you like to do?], sender=GenerateModule, reason=None))
2017-10-24 16:32:35,856 - TdmApplication - DEBUG - FrontendConnectionHandler(id=140048697243984, session='2017-10-24T16_32_22_0'): writing {"content": ["Returning to the start view.", "What would you like to do?"], "_sender": "GenerateModule", "_reason": null, "event_type": "SYSTEM_UTTERANCE_TO_SPEAK"}
2017-10-24 16:32:35,856 - TdmApplication - DEBUG - FrontendConnectionHandler(id=140048697243984, session='2017-10-24T16_32_22_0'): OK
2017-10-24 16:32:35,857 - TdmApplication - DEBUG - FrontendConnectionHandler(id=140048697243984, session='2017-10-24T16_32_22_0').on_event(Event(MESSAGE_TO_GUI, [<tdm.tdm_gui_protocol.ClosePopup instance at 0x7f5fa00a1bd8>], sender=GuiBackend, reason=None))
2017-10-24 16:32:35,857 - TdmApplication - DEBUG - FrontendConnectionHandler(id=140048697243984, session='2017-10-24T16_32_22_0'): writing {"content": [{"ClosePopup": {}}], "_sender": "GuiBackend", "_reason": null, "event_type": "MESSAGE_TO_GUI"}
2017-10-24 16:32:35,858 - TdmApplication - DEBUG - FrontendConnectionHandler(id=140048697243984, session='2017-10-24T16_32_22_0'): OK
2017-10-24 16:32:35,871 - TdmApplication - DEBUG - FrontendConnectionHandler(id=140048697243984, session='2017-10-24T16_32_22_0').on_message({"content": ["Returning to the start view.", "What would you like to do?"], "_sender": "TextOutputComponent", "_reason": null, "event_type": "SYSTEM_UTTERANCE_REALIZED"})
2017-10-24 16:32:35,896 - TdmApplication - DEBUG - FrontendConnectionHandler(id=140048697243984, session='2017-10-24T16_32_22_0').on_event(Event(FACTS, [], sender=DmeModule, reason=None))
2017-10-24 16:32:35,896 - TdmApplication - DEBUG - FrontendConnectionHandler(id=140048697243984, session='2017-10-24T16_32_22_0'): writing {"content": [], "_sender": "DmeModule", "_reason": null, "event_type": "FACTS"}
2017-10-24 16:32:35,897 - TdmApplication - DEBUG - FrontendConnectionHandler(id=140048697243984, session='2017-10-24T16_32_22_0'): OK
2017-10-24 16:32:35,967 - TdmApplication - DEBUG - FrontendConnectionHandler(id=140048697243984, session='2017-10-24T16_32_22_0').on_event(Event(SELECTED_RECOGNITION, go to next, sender=DmeModule, reason=None))
2017-10-24 16:32:35,967 - TdmApplication - DEBUG - FrontendConnectionHandler(id=140048697243984, session='2017-10-24T16_32_22_0'): writing {"content": "go to next", "_sender": "DmeModule", "_reason": null, "event_type": "SELECTED_RECOGNITION"}
2017-10-24 16:32:35,967 - TdmApplication - DEBUG - FrontendConnectionHandler(id=140048697243984, session='2017-10-24T16_32_22_0'): OK
2017-10-24 16:32:35,968 - TdmApplication - DEBUG - FrontendConnectionHandler(id=140048697243984, session='2017-10-24T16_32_22_0').on_event(Event(FACTS, [], sender=DmeModule, reason=None))
2017-10-24 16:32:35,968 - TdmApplication - DEBUG - FrontendConnectionHandler(id=140048697243984, session='2017-10-24T16_32_22_0'): writing {"content": [], "_sender": "DmeModule", "_reason": null, "event_type": "FACTS"}
2017-10-24 16:32:35,968 - TdmApplication - DEBUG - FrontendConnectionHandler(id=140048697243984, session='2017-10-24T16_32_22_0'): OK
2017-10-24 16:32:35,978 - TdmApplication - DEBUG - FrontendConnectionHandler(id=140048697243984, session='2017-10-24T16_32_22_0').on_event(Event(SYSTEM_UTTERANCE_TO_SPEAK, [, Went to next], sender=GenerateModule, reason=None))
2017-10-24 16:32:35,978 - TdmApplication - DEBUG - FrontendConnectionHandler(id=140048697243984, session='2017-10-24T16_32_22_0'): writing {"content": ["", "Went to next"], "_sender": "GenerateModule", "_reason": null, "event_type": "SYSTEM_UTTERANCE_TO_SPEAK"}
2017-10-24 16:32:35,978 - TdmApplication - DEBUG - FrontendConnectionHandler(id=140048697243984, session='2017-10-24T16_32_22_0'): OK
2017-10-24 16:32:35,979 - TdmApplication - DEBUG - FrontendConnectionHandler(id=140048697243984, session='2017-10-24T16_32_22_0').on_event(Event(GUI.POPUP, {options: [], title: Went to next}, sender=IndependentGuiBackend, reason=None))
2017-10-24 16:32:35,979 - TdmApplication - DEBUG - FrontendConnectionHandler(id=140048697243984, session='2017-10-24T16_32_22_0'): writing {"content": {"options": [], "title": "Went to next"}, "_sender": "IndependentGuiBackend", "_reason": null, "event_type": "GUI.POPUP"}
2017-10-24 16:32:35,979 - TdmApplication - DEBUG - FrontendConnectionHandler(id=140048697243984, session='2017-10-24T16_32_22_0'): OK
2017-10-24 16:32:35,981 - TdmApplication - DEBUG - FrontendConnectionHandler(id=140048697243984, session='2017-10-24T16_32_22_0').on_event(Event(MESSAGE_TO_GUI, [<tdm.tdm_gui_protocol.DeviceResult instance at 0x7f5fa00a1878>, <tdm.tdm_gui_protocol.Popup instance at 0x7f5fa0069ea8>], sender=GuiBackend, reason=None))
2017-10-24 16:32:35,981 - TdmApplication - DEBUG - FrontendConnectionHandler(id=140048697243984, session='2017-10-24T16_32_22_0'): writing {"content": [{"DeviceResult": {"action": "go_to_next", "result": true, "arguments": {}, "failure_reason": null}}, {"Popup": {"elements": [], "title": "Went to next"}}], "_sender": "GuiBackend", "_reason": null, "event_type": "MESSAGE_TO_GUI"}
2017-10-24 16:32:35,981 - TdmApplication - DEBUG - FrontendConnectionHandler(id=140048697243984, session='2017-10-24T16_32_22_0'): OK
2017-10-24 16:32:35,994 - TdmApplication - DEBUG - FrontendConnectionHandler(id=140048697243984, session='2017-10-24T16_32_22_0').on_message({"content": ["", "Went to next"], "_sender": "TextOutputComponent", "_reason": null, "event_type": "SYSTEM_UTTERANCE_REALIZED"})
2017-10-24 16:32:36,052 - TdmApplication - DEBUG - FrontendConnectionHandler(id=140048697243984, session='2017-10-24T16_32_22_0').on_event(Event(FACTS, [], sender=DmeModule, reason=None))
2017-10-24 16:32:36,052 - TdmApplication - DEBUG - FrontendConnectionHandler(id=140048697243984, session='2017-10-24T16_32_22_0'): writing {"content": [], "_sender": "DmeModule", "_reason": null, "event_type": "FACTS"}
2017-10-24 16:32:36,052 - TdmApplication - DEBUG - FrontendConnectionHandler(id=140048697243984, session='2017-10-24T16_32_22_0'): OK
2017-10-24 16:32:36,061 - TdmApplication - DEBUG - FrontendConnectionHandler(id=140048697243984, session='2017-10-24T16_32_22_0').on_event(Event(SYSTEM_UTTERANCE_TO_SPEAK, [I'm sorry, something went wrong.], sender=GenerateModule, reason=None))
2017-10-24 16:32:36,061 - TdmApplication - DEBUG - FrontendConnectionHandler(id=140048697243984, session='2017-10-24T16_32_22_0'): writing {"content": ["I'm sorry, something went wrong."], "_sender": "GenerateModule", "_reason": null, "event_type": "SYSTEM_UTTERANCE_TO_SPEAK"}
2017-10-24 16:32:36,061 - TdmApplication - DEBUG - FrontendConnectionHandler(id=140048697243984, session='2017-10-24T16_32_22_0'): OK
2017-10-24 16:32:36,062 - TdmApplication - DEBUG - FrontendConnectionHandler(id=140048697243984, session='2017-10-24T16_32_22_0').on_event(Event(GUI.POPUP, {options: [], title: I'm sorry, something went wrong.}, sender=IndependentGuiBackend, reason=None))
2017-10-24 16:32:36,062 - TdmApplication - DEBUG - FrontendConnectionHandler(id=140048697243984, session='2017-10-24T16_32_22_0'): writing {"content": {"options": [], "title": "I'm sorry, something went wrong."}, "_sender": "IndependentGuiBackend", "_reason": null, "event_type": "GUI.POPUP"}
2017-10-24 16:32:36,062 - TdmApplication - DEBUG - FrontendConnectionHandler(id=140048697243984, session='2017-10-24T16_32_22_0'): OK
2017-10-24 16:32:36,063 - TdmApplication - DEBUG - FrontendConnectionHandler(id=140048697243984, session='2017-10-24T16_32_22_0').on_event(Event(MESSAGE_TO_GUI, [<tdm.tdm_gui_protocol.ClosePopup instance at 0x7f5fa0069bd8>, <tdm.tdm_gui_protocol.DeviceResult instance at 0x7f5fa0069a70>, <tdm.tdm_gui_protocol.Popup instance at 0x7f5fa0069e18>], sender=GuiBackend, reason=None))
2017-10-24 16:32:36,063 - TdmApplication - DEBUG - FrontendConnectionHandler(id=140048697243984, session='2017-10-24T16_32_22_0'): writing {"content": [{"ClosePopup": {}}, {"DeviceResult": {"action": "say_step", "result": false, "arguments": {}, "failure_reason": "undefined_failure"}}, {"Popup": {"elements": [], "title": "I'm sorry, something went wrong."}}], "_sender": "GuiBackend", "_reason": null, "event_type": "MESSAGE_TO_GUI"}
2017-10-24 16:32:36,063 - TdmApplication - DEBUG - FrontendConnectionHandler(id=140048697243984, session='2017-10-24T16_32_22_0'): OK
2017-10-24 16:32:36,133 - TdmApplication - DEBUG - FrontendConnectionHandler(id=140048697243984, session='2017-10-24T16_32_22_0').on_message({"content": ["I'm sorry, something went wrong."], "_sender": "TextOutputComponent", "_reason": null, "event_type": "SYSTEM_UTTERANCE_REALIZED"})
2017-10-24 16:32:36,154 - TdmApplication - DEBUG - FrontendConnectionHandler(id=140048697243984, session='2017-10-24T16_32_22_0').on_event(Event(FACTS, [], sender=DmeModule, reason=None))
2017-10-24 16:32:36,154 - TdmApplication - DEBUG - FrontendConnectionHandler(id=140048697243984, session='2017-10-24T16_32_22_0'): writing {"content": [], "_sender": "DmeModule", "_reason": null, "event_type": "FACTS"}
2017-10-24 16:32:36,154 - TdmApplication - DEBUG - FrontendConnectionHandler(id=140048697243984, session='2017-10-24T16_32_22_0'): OK
2017-10-24 16:32:53,685 - TdmApplication - DEBUG - FrontendConnectionHandler(id=140048697243984, session='2017-10-24T16_32_22_0').on_message({"content": [{"score": 1.0, "utterance": "tell me what to do"}], "_sender": "TextInputComponent", "_reason": null, "event_type": "RECOGNITION"})
2017-10-24 16:32:53,689 - TdmApplication - DEBUG - FrontendConnectionHandler(id=140048697243984, session='2017-10-24T16_32_22_0').on_event(Event(FACTS, [], sender=DmeModule, reason=None))
2017-10-24 16:32:53,689 - TdmApplication - DEBUG - FrontendConnectionHandler(id=140048697243984, session='2017-10-24T16_32_22_0'): writing {"content": [], "_sender": "DmeModule", "_reason": null, "event_type": "FACTS"}
2017-10-24 16:32:53,690 - TdmApplication - DEBUG - FrontendConnectionHandler(id=140048697243984, session='2017-10-24T16_32_22_0'): OK
2017-10-24 16:32:53,696 - TdmApplication - DEBUG - FrontendConnectionHandler(id=140048697243984, session='2017-10-24T16_32_22_0').on_event(Event(STOP_SPEAKING, None, sender=TurnManager, reason=None))
2017-10-24 16:32:53,696 - TdmApplication - DEBUG - FrontendConnectionHandler(id=140048697243984, session='2017-10-24T16_32_22_0'): writing {"content": null, "_sender": "TurnManager", "_reason": null, "event_type": "STOP_SPEAKING"}
2017-10-24 16:32:53,696 - TdmApplication - DEBUG - FrontendConnectionHandler(id=140048697243984, session='2017-10-24T16_32_22_0'): OK
2017-10-24 16:32:53,698 - TdmApplication - DEBUG - FrontendConnectionHandler(id=140048697243984, session='2017-10-24T16_32_22_0').on_event(Event(SYSTEM_UTTERANCE_TO_SPEAK, [], sender=GenerateModule, reason=None))
2017-10-24 16:32:53,698 - TdmApplication - DEBUG - FrontendConnectionHandler(id=140048697243984, session='2017-10-24T16_32_22_0'): writing {"content": [], "_sender": "GenerateModule", "_reason": null, "event_type": "SYSTEM_UTTERANCE_TO_SPEAK"}
2017-10-24 16:32:53,698 - TdmApplication - DEBUG - FrontendConnectionHandler(id=140048697243984, session='2017-10-24T16_32_22_0'): OK
2017-10-24 16:32:53,700 - TdmApplication - DEBUG - FrontendConnectionHandler(id=140048697243984, session='2017-10-24T16_32_22_0').on_event(Event(MESSAGE_TO_GUI, [<tdm.tdm_gui_protocol.ClosePopup instance at 0x7f5fa009a320>], sender=GuiBackend, reason=None))
2017-10-24 16:32:53,701 - TdmApplication - DEBUG - FrontendConnectionHandler(id=140048697243984, session='2017-10-24T16_32_22_0'): writing {"content": [{"ClosePopup": {}}], "_sender": "GuiBackend", "_reason": null, "event_type": "MESSAGE_TO_GUI"}
2017-10-24 16:32:53,701 - TdmApplication - DEBUG - FrontendConnectionHandler(id=140048697243984, session='2017-10-24T16_32_22_0'): OK
2017-10-24 16:32:53,704 - TdmApplication - DEBUG - FrontendConnectionHandler(id=140048697243984, session='2017-10-24T16_32_22_0').on_message({"content": [], "_sender": "TextOutputComponent", "_reason": null, "event_type": "SYSTEM_UTTERANCE_REALIZED"})
2017-10-24 16:32:53,720 - TdmApplication - DEBUG - FrontendConnectionHandler(id=140048697243984, session='2017-10-24T16_32_22_0').on_event(Event(FACTS, [], sender=DmeModule, reason=None))
2017-10-24 16:32:53,720 - TdmApplication - DEBUG - FrontendConnectionHandler(id=140048697243984, session='2017-10-24T16_32_22_0'): writing {"content": [], "_sender": "DmeModule", "_reason": null, "event_type": "FACTS"}
2017-10-24 16:32:53,720 - TdmApplication - DEBUG - FrontendConnectionHandler(id=140048697243984, session='2017-10-24T16_32_22_0'): OK
2017-10-24 16:32:53,775 - TdmApplication - DEBUG - FrontendConnectionHandler(id=140048697243984, session='2017-10-24T16_32_22_0').on_event(Event(SELECTED_RECOGNITION, tell me what to do, sender=DmeModule, reason=None))
2017-10-24 16:32:53,775 - TdmApplication - DEBUG - FrontendConnectionHandler(id=140048697243984, session='2017-10-24T16_32_22_0'): writing {"content": "tell me what to do", "_sender": "DmeModule", "_reason": null, "event_type": "SELECTED_RECOGNITION"}
2017-10-24 16:32:53,775 - TdmApplication - DEBUG - FrontendConnectionHandler(id=140048697243984, session='2017-10-24T16_32_22_0'): OK
2017-10-24 16:32:53,776 - TdmApplication - DEBUG - FrontendConnectionHandler(id=140048697243984, session='2017-10-24T16_32_22_0').on_event(Event(FACTS, [], sender=DmeModule, reason=None))
2017-10-24 16:32:53,776 - TdmApplication - DEBUG - FrontendConnectionHandler(id=140048697243984, session='2017-10-24T16_32_22_0'): writing {"content": [], "_sender": "DmeModule", "_reason": null, "event_type": "FACTS"}
2017-10-24 16:32:53,777 - TdmApplication - DEBUG - FrontendConnectionHandler(id=140048697243984, session='2017-10-24T16_32_22_0'): OK
2017-10-24 16:32:53,785 - TdmApplication - DEBUG - FrontendConnectionHandler(id=140048697243984, session='2017-10-24T16_32_22_0').on_event(Event(SYSTEM_UTTERANCE_TO_SPEAK, [I'm sorry, something went wrong.], sender=GenerateModule, reason=None))
2017-10-24 16:32:53,785 - TdmApplication - DEBUG - FrontendConnectionHandler(id=140048697243984, session='2017-10-24T16_32_22_0'): writing {"content": ["I'm sorry, something went wrong."], "_sender": "GenerateModule", "_reason": null, "event_type": "SYSTEM_UTTERANCE_TO_SPEAK"}
2017-10-24 16:32:53,785 - TdmApplication - DEBUG - FrontendConnectionHandler(id=140048697243984, session='2017-10-24T16_32_22_0'): OK
2017-10-24 16:32:53,786 - TdmApplication - DEBUG - FrontendConnectionHandler(id=140048697243984, session='2017-10-24T16_32_22_0').on_event(Event(GUI.POPUP, {options: [], title: I'm sorry, something went wrong.}, sender=IndependentGuiBackend, reason=None))
2017-10-24 16:32:53,786 - TdmApplication - DEBUG - FrontendConnectionHandler(id=140048697243984, session='2017-10-24T16_32_22_0'): writing {"content": {"options": [], "title": "I'm sorry, something went wrong."}, "_sender": "IndependentGuiBackend", "_reason": null, "event_type": "GUI.POPUP"}
2017-10-24 16:32:53,786 - TdmApplication - DEBUG - FrontendConnectionHandler(id=140048697243984, session='2017-10-24T16_32_22_0'): OK
2017-10-24 16:32:53,787 - TdmApplication - DEBUG - FrontendConnectionHandler(id=140048697243984, session='2017-10-24T16_32_22_0').on_event(Event(MESSAGE_TO_GUI, [<tdm.tdm_gui_protocol.DeviceResult instance at 0x7f5fa00a1bd8>, <tdm.tdm_gui_protocol.Popup instance at 0x7f5fa00a1710>], sender=GuiBackend, reason=None))
2017-10-24 16:32:53,788 - TdmApplication - DEBUG - FrontendConnectionHandler(id=140048697243984, session='2017-10-24T16_32_22_0'): writing {"content": [{"DeviceResult": {"action": "say_step", "result": false, "arguments": {}, "failure_reason": "undefined_failure"}}, {"Popup": {"elements": [], "title": "I'm sorry, something went wrong."}}], "_sender": "GuiBackend", "_reason": null, "event_type": "MESSAGE_TO_GUI"}
2017-10-24 16:32:53,788 - TdmApplication - DEBUG - FrontendConnectionHandler(id=140048697243984, session='2017-10-24T16_32_22_0'): OK
2017-10-24 16:32:53,808 - TdmApplication - DEBUG - FrontendConnectionHandler(id=140048697243984, session='2017-10-24T16_32_22_0').on_message({"content": ["I'm sorry, something went wrong."], "_sender": "TextOutputComponent", "_reason": null, "event_type": "SYSTEM_UTTERANCE_REALIZED"})
2017-10-24 16:32:53,830 - TdmApplication - DEBUG - FrontendConnectionHandler(id=140048697243984, session='2017-10-24T16_32_22_0').on_event(Event(FACTS, [], sender=DmeModule, reason=None))
2017-10-24 16:32:53,830 - TdmApplication - DEBUG - FrontendConnectionHandler(id=140048697243984, session='2017-10-24T16_32_22_0'): writing {"content": [], "_sender": "DmeModule", "_reason": null, "event_type": "FACTS"}
2017-10-24 16:32:53,830 - TdmApplication - DEBUG - FrontendConnectionHandler(id=140048697243984, session='2017-10-24T16_32_22_0'): OK
2017-10-24 16:35:24,616 - TdmApplication - DEBUG - FrontendConnectionHandler(id=140048697243984, session='2017-10-24T16_32_22_0').on_close()
2017-10-24 16:35:24,616 - TdmApplication - DEBUG - SessionManager.stop('2017-10-24T16_32_22_0')
2017-10-24 16:35:24,617 - TdmApplication - DEBUG - TdmApplication.stop(): Stopping HTTP server
2017-10-24 16:35:24,617 - TdmApplication - DEBUG - TdmApplication.stop(): Stopping IO-loop
2017-10-24 16:35:24,617 - TdmApplication - DEBUG - TdmApplication.stop(): Stopping sessions []
2017-10-24 16:35:24,619 - TdmApplication - DEBUG - FrontendConnectionHandler(id=140048697243984, session='2017-10-24T16_32_22_0').on_event(Event(FACTS, [], sender=DmeModule, reason=None))
2017-10-24 16:35:24,619 - TdmApplication - DEBUG - FrontendConnectionHandler(id=140048697243984, session='2017-10-24T16_32_22_0'): writing {"content": [], "_sender": "DmeModule", "_reason": null, "event_type": "FACTS"}
2017-10-24 16:35:24,620 - TdmApplication - DEBUG - FrontendConnectionHandler(id=140048697243984, session='2017-10-24T16_32_22_0'): OK
