2017-10-24 11:41:01,007 - TdmApplication - DEBUG - DddDb().__init__(name='ddds', default_ddds=[u'recipehelp'])
2017-10-24 11:41:01,007 - TdmApplication - DEBUG - DddDb(): DB file name is '/home/gusmatssar/recipedialogue/tdm/ddds.json'
2017-10-24 11:41:01,016 - TdmApplication - DEBUG - FrontendConnectionHandler(id=140533223090512, session=None).open()
2017-10-24 11:41:01,018 - TdmApplication - DEBUG - thread_manager.create_thread() with threading.active_count()=3
2017-10-24 11:41:01,019 - TdmApplication - DEBUG - FrontendConnectionHandler(id=140533223090512, session=None).on_message({"handshake_content": {"session_id": null, "keep_session_alive": false}, "name": "Frontend"})
2017-10-24 11:41:01,019 - TdmApplication - DEBUG - FrontendConnectionHandler(id=140533223090512, session=None)._register({"handshake_content": {"session_id": null, "keep_session_alive": false}, "name": "Frontend"})
2017-10-24 11:41:01,020 - TdmApplication - DEBUG - thread_manager.create_thread() with threading.active_count()=4
2017-10-24 11:41:01,021 - TdmApplication - DEBUG - Creating backend and session with id 2017-10-24T11_41_01_0.
2017-10-24 11:41:01,057 - TdmApplication - DEBUG - FrontendConnectionHandler._register: Registered in session 2017-10-24T11_41_01_0 with backend <ThreadedBackend(ThreadedBackend, started daemon 140533114410752)>.
2017-10-24 11:41:01,059 - TdmApplication - DEBUG - FrontendConnectionHandler(id=140533223090512, session='2017-10-24T11_41_01_0').on_event(Event(REGISTER_BACKEND, None, sender=Backend, reason=None))
2017-10-24 11:41:01,059 - TdmApplication - DEBUG - FrontendConnectionHandler(id=140533223090512, session='2017-10-24T11_41_01_0'): writing {"content": null, "_sender": "Backend", "_reason": null, "event_type": "REGISTER_BACKEND"}
2017-10-24 11:41:01,059 - TdmApplication - DEBUG - FrontendConnectionHandler(id=140533223090512, session='2017-10-24T11_41_01_0'): OK
2017-10-24 11:41:01,090 - TdmApplication - DEBUG - FrontendConnectionHandler(id=140533223090512, session='2017-10-24T11_41_01_0').on_message({"content": null, "_sender": "Frontend", "_reason": null, "event_type": "FRONTEND_READY"})
2017-10-24 11:41:01,093 - TdmApplication - DEBUG - FrontendConnectionHandler(id=140533223090512, session='2017-10-24T11_41_01_0').on_event(Event(BACKEND_READY, None, sender=Backend, reason=None))
2017-10-24 11:41:01,093 - TdmApplication - DEBUG - FrontendConnectionHandler(id=140533223090512, session='2017-10-24T11_41_01_0'): writing {"content": null, "_sender": "Backend", "_reason": null, "event_type": "BACKEND_READY"}
2017-10-24 11:41:01,093 - TdmApplication - DEBUG - FrontendConnectionHandler(id=140533223090512, session='2017-10-24T11_41_01_0'): OK
2017-10-24 11:41:01,096 - TdmApplication - DEBUG - FrontendConnectionHandler(id=140533223090512, session='2017-10-24T11_41_01_0').on_message({"content": null, "_sender": "Frontend", "_reason": null, "event_type": "START"})
2017-10-24 11:41:01,131 - TdmApplication - DEBUG - FrontendConnectionHandler(id=140533223090512, session='2017-10-24T11_41_01_0').on_event(Event(SET_DDD, {ddd_name: recipehelp, language_code: eng}, sender=DmeModule, reason=None))
2017-10-24 11:41:01,131 - TdmApplication - DEBUG - FrontendConnectionHandler(id=140533223090512, session='2017-10-24T11_41_01_0'): writing {"content": {"ddd_name": "recipehelp", "language_code": "eng"}, "_sender": "DmeModule", "_reason": null, "event_type": "SET_DDD"}
2017-10-24 11:41:01,132 - TdmApplication - DEBUG - FrontendConnectionHandler(id=140533223090512, session='2017-10-24T11_41_01_0'): OK
2017-10-24 11:41:01,133 - TdmApplication - DEBUG - FrontendConnectionHandler(id=140533223090512, session='2017-10-24T11_41_01_0').on_event(Event(FACTS, [], sender=DmeModule, reason=None))
2017-10-24 11:41:01,133 - TdmApplication - DEBUG - FrontendConnectionHandler(id=140533223090512, session='2017-10-24T11_41_01_0'): writing {"content": [], "_sender": "DmeModule", "_reason": null, "event_type": "FACTS"}
2017-10-24 11:41:01,133 - TdmApplication - DEBUG - FrontendConnectionHandler(id=140533223090512, session='2017-10-24T11_41_01_0'): OK
2017-10-24 11:41:01,143 - TdmApplication - DEBUG - FrontendConnectionHandler(id=140533223090512, session='2017-10-24T11_41_01_0').on_event(Event(SYSTEM_UTTERANCE_TO_SPEAK, [, What would you like to do?], sender=GenerateModule, reason=None))
2017-10-24 11:41:01,143 - TdmApplication - DEBUG - FrontendConnectionHandler(id=140533223090512, session='2017-10-24T11_41_01_0'): writing {"content": ["", "What would you like to do?"], "_sender": "GenerateModule", "_reason": null, "event_type": "SYSTEM_UTTERANCE_TO_SPEAK"}
2017-10-24 11:41:01,144 - TdmApplication - DEBUG - FrontendConnectionHandler(id=140533223090512, session='2017-10-24T11_41_01_0'): OK
2017-10-24 11:41:01,145 - TdmApplication - DEBUG - FrontendConnectionHandler(id=140533223090512, session='2017-10-24T11_41_01_0').on_event(Event(MESSAGE_TO_GUI, [], sender=GuiBackend, reason=None))
2017-10-24 11:41:01,145 - TdmApplication - DEBUG - FrontendConnectionHandler(id=140533223090512, session='2017-10-24T11_41_01_0'): writing {"content": [], "_sender": "GuiBackend", "_reason": null, "event_type": "MESSAGE_TO_GUI"}
2017-10-24 11:41:01,145 - TdmApplication - DEBUG - FrontendConnectionHandler(id=140533223090512, session='2017-10-24T11_41_01_0'): OK
2017-10-24 11:41:01,204 - TdmApplication - DEBUG - FrontendConnectionHandler(id=140533223090512, session='2017-10-24T11_41_01_0').on_message({"content": ["", "What would you like to do?"], "_sender": "TextOutputComponent", "_reason": null, "event_type": "SYSTEM_UTTERANCE_REALIZED"})
2017-10-24 11:41:01,226 - TdmApplication - DEBUG - FrontendConnectionHandler(id=140533223090512, session='2017-10-24T11_41_01_0').on_event(Event(FACTS, [], sender=DmeModule, reason=None))
2017-10-24 11:41:01,226 - TdmApplication - DEBUG - FrontendConnectionHandler(id=140533223090512, session='2017-10-24T11_41_01_0'): writing {"content": [], "_sender": "DmeModule", "_reason": null, "event_type": "FACTS"}
2017-10-24 11:41:01,226 - TdmApplication - DEBUG - FrontendConnectionHandler(id=140533223090512, session='2017-10-24T11_41_01_0'): OK
2017-10-24 11:41:07,894 - TdmApplication - DEBUG - FrontendConnectionHandler(id=140533223090512, session='2017-10-24T11_41_01_0').on_message({"content": [{"score": 1.0, "utterance": "go to a step"}], "_sender": "TextInputComponent", "_reason": null, "event_type": "RECOGNITION"})
2017-10-24 11:41:07,903 - TdmApplication - DEBUG - FrontendConnectionHandler(id=140533223090512, session='2017-10-24T11_41_01_0').on_event(Event(STOP_LISTENING, None, sender=TurnManager, reason=None))
2017-10-24 11:41:07,903 - TdmApplication - DEBUG - FrontendConnectionHandler(id=140533223090512, session='2017-10-24T11_41_01_0'): writing {"content": null, "_sender": "TurnManager", "_reason": null, "event_type": "STOP_LISTENING"}
2017-10-24 11:41:07,903 - TdmApplication - DEBUG - FrontendConnectionHandler(id=140533223090512, session='2017-10-24T11_41_01_0'): OK
2017-10-24 11:41:07,977 - TdmApplication - DEBUG - FrontendConnectionHandler(id=140533223090512, session='2017-10-24T11_41_01_0').on_event(Event(SELECTED_RECOGNITION, go to a step, sender=DmeModule, reason=None))
2017-10-24 11:41:07,977 - TdmApplication - DEBUG - FrontendConnectionHandler(id=140533223090512, session='2017-10-24T11_41_01_0'): writing {"content": "go to a step", "_sender": "DmeModule", "_reason": null, "event_type": "SELECTED_RECOGNITION"}
2017-10-24 11:41:07,977 - TdmApplication - DEBUG - FrontendConnectionHandler(id=140533223090512, session='2017-10-24T11_41_01_0'): OK
2017-10-24 11:41:07,978 - TdmApplication - DEBUG - FrontendConnectionHandler(id=140533223090512, session='2017-10-24T11_41_01_0').on_event(Event(FACTS, [], sender=DmeModule, reason=None))
2017-10-24 11:41:07,979 - TdmApplication - DEBUG - FrontendConnectionHandler(id=140533223090512, session='2017-10-24T11_41_01_0'): writing {"content": [], "_sender": "DmeModule", "_reason": null, "event_type": "FACTS"}
2017-10-24 11:41:07,979 - TdmApplication - DEBUG - FrontendConnectionHandler(id=140533223090512, session='2017-10-24T11_41_01_0'): OK
2017-10-24 11:41:07,993 - TdmApplication - DEBUG - FrontendConnectionHandler(id=140533223090512, session='2017-10-24T11_41_01_0').on_event(Event(SYSTEM_UTTERANCE_TO_SPEAK, [, , Which step?], sender=GenerateModule, reason=None))
2017-10-24 11:41:07,993 - TdmApplication - DEBUG - FrontendConnectionHandler(id=140533223090512, session='2017-10-24T11_41_01_0'): writing {"content": ["", "", "Which step?"], "_sender": "GenerateModule", "_reason": null, "event_type": "SYSTEM_UTTERANCE_TO_SPEAK"}
2017-10-24 11:41:07,993 - TdmApplication - DEBUG - FrontendConnectionHandler(id=140533223090512, session='2017-10-24T11_41_01_0'): OK
2017-10-24 11:41:07,994 - TdmApplication - DEBUG - FrontendConnectionHandler(id=140533223090512, session='2017-10-24T11_41_01_0').on_event(Event(MESSAGE_TO_GUI, [], sender=GuiBackend, reason=None))
2017-10-24 11:41:07,994 - TdmApplication - DEBUG - FrontendConnectionHandler(id=140533223090512, session='2017-10-24T11_41_01_0'): writing {"content": [], "_sender": "GuiBackend", "_reason": null, "event_type": "MESSAGE_TO_GUI"}
2017-10-24 11:41:07,994 - TdmApplication - DEBUG - FrontendConnectionHandler(id=140533223090512, session='2017-10-24T11_41_01_0'): OK
2017-10-24 11:41:07,997 - TdmApplication - DEBUG - FrontendConnectionHandler(id=140533223090512, session='2017-10-24T11_41_01_0').on_message({"content": ["", "", "Which step?"], "_sender": "TextOutputComponent", "_reason": null, "event_type": "SYSTEM_UTTERANCE_REALIZED"})
2017-10-24 11:41:08,030 - TdmApplication - DEBUG - FrontendConnectionHandler(id=140533223090512, session='2017-10-24T11_41_01_0').on_event(Event(FACTS, [], sender=DmeModule, reason=None))
2017-10-24 11:41:08,030 - TdmApplication - DEBUG - FrontendConnectionHandler(id=140533223090512, session='2017-10-24T11_41_01_0'): writing {"content": [], "_sender": "DmeModule", "_reason": null, "event_type": "FACTS"}
2017-10-24 11:41:08,030 - TdmApplication - DEBUG - FrontendConnectionHandler(id=140533223090512, session='2017-10-24T11_41_01_0'): OK
2017-10-24 11:41:11,151 - TdmApplication - DEBUG - FrontendConnectionHandler(id=140533223090512, session='2017-10-24T11_41_01_0').on_message({"content": [{"score": 1.0, "utterance": "step one"}], "_sender": "TextInputComponent", "_reason": null, "event_type": "RECOGNITION"})
2017-10-24 11:41:11,156 - TdmApplication - DEBUG - FrontendConnectionHandler(id=140533223090512, session='2017-10-24T11_41_01_0').on_event(Event(STOP_LISTENING, None, sender=TurnManager, reason=None))
2017-10-24 11:41:11,156 - TdmApplication - DEBUG - FrontendConnectionHandler(id=140533223090512, session='2017-10-24T11_41_01_0'): writing {"content": null, "_sender": "TurnManager", "_reason": null, "event_type": "STOP_LISTENING"}
2017-10-24 11:41:11,156 - TdmApplication - DEBUG - FrontendConnectionHandler(id=140533223090512, session='2017-10-24T11_41_01_0'): OK
2017-10-24 11:45:31,794 - TdmApplication - DEBUG - FrontendConnectionHandler(id=140533223090512, session='2017-10-24T11_41_01_0').on_close()
2017-10-24 11:45:31,800 - TdmApplication - DEBUG - SessionManager.stop('2017-10-24T11_41_01_0')
2017-10-24 11:45:31,810 - TdmApplication - DEBUG - TdmApplication.stop(): Stopping HTTP server
2017-10-24 11:45:31,815 - TdmApplication - DEBUG - TdmApplication.stop(): Stopping IO-loop
2017-10-24 11:45:31,816 - TdmApplication - DEBUG - TdmApplication.stop(): Stopping sessions []
