2017-10-19 17:18:30,043 - TdmApplication - DEBUG - DddDb().__init__(name='ddds', default_ddds=[u'recipehelp'])
2017-10-19 17:18:30,043 - TdmApplication - DEBUG - DddDb(): DB file name is '/home/gusmatssar/recipedialogue/tdm/ddds.json'
2017-10-19 17:18:30,055 - TdmApplication - DEBUG - FrontendConnectionHandler(id=139638124157264, session=None).open()
2017-10-19 17:18:30,057 - TdmApplication - DEBUG - thread_manager.create_thread() with threading.active_count()=3
2017-10-19 17:18:30,058 - TdmApplication - DEBUG - thread_manager.create_thread() with threading.active_count()=4
2017-10-19 17:18:30,059 - TdmApplication - DEBUG - FrontendConnectionHandler(id=139638124157264, session=None).on_message({"handshake_content": {"session_id": null, "keep_session_alive": false}, "name": "Frontend"})
2017-10-19 17:18:30,059 - TdmApplication - DEBUG - FrontendConnectionHandler(id=139638124157264, session=None)._register({"handshake_content": {"session_id": null, "keep_session_alive": false}, "name": "Frontend"})
2017-10-19 17:18:30,060 - TdmApplication - DEBUG - Creating backend and session with id 2017-10-19T17_18_30_0.
2017-10-19 17:18:30,089 - TdmApplication - DEBUG - FrontendConnectionHandler._register: Registered in session 2017-10-19T17_18_30_0 with backend <ThreadedBackend(ThreadedBackend, started daemon 139638014232320)>.
2017-10-19 17:18:30,090 - TdmApplication - DEBUG - FrontendConnectionHandler(id=139638124157264, session='2017-10-19T17_18_30_0').on_event(Event(REGISTER_BACKEND, None, sender=Backend, reason=None))
2017-10-19 17:18:30,090 - TdmApplication - DEBUG - FrontendConnectionHandler(id=139638124157264, session='2017-10-19T17_18_30_0'): writing {"content": null, "_sender": "Backend", "_reason": null, "event_type": "REGISTER_BACKEND"}
2017-10-19 17:18:30,090 - TdmApplication - DEBUG - FrontendConnectionHandler(id=139638124157264, session='2017-10-19T17_18_30_0'): OK
2017-10-19 17:18:30,093 - TdmApplication - DEBUG - FrontendConnectionHandler(id=139638124157264, session='2017-10-19T17_18_30_0').on_message({"content": null, "_sender": "Frontend", "_reason": null, "event_type": "FRONTEND_READY"})
2017-10-19 17:18:30,096 - TdmApplication - DEBUG - FrontendConnectionHandler(id=139638124157264, session='2017-10-19T17_18_30_0').on_event(Event(BACKEND_READY, None, sender=Backend, reason=None))
2017-10-19 17:18:30,096 - TdmApplication - DEBUG - FrontendConnectionHandler(id=139638124157264, session='2017-10-19T17_18_30_0'): writing {"content": null, "_sender": "Backend", "_reason": null, "event_type": "BACKEND_READY"}
2017-10-19 17:18:30,096 - TdmApplication - DEBUG - FrontendConnectionHandler(id=139638124157264, session='2017-10-19T17_18_30_0'): OK
2017-10-19 17:18:30,098 - TdmApplication - DEBUG - FrontendConnectionHandler(id=139638124157264, session='2017-10-19T17_18_30_0').on_message({"content": null, "_sender": "Frontend", "_reason": null, "event_type": "START"})
2017-10-19 17:18:30,130 - TdmApplication - DEBUG - FrontendConnectionHandler(id=139638124157264, session='2017-10-19T17_18_30_0').on_event(Event(SET_DDD, {ddd_name: recipehelp, language_code: eng}, sender=DmeModule, reason=None))
2017-10-19 17:18:30,130 - TdmApplication - DEBUG - FrontendConnectionHandler(id=139638124157264, session='2017-10-19T17_18_30_0'): writing {"content": {"ddd_name": "recipehelp", "language_code": "eng"}, "_sender": "DmeModule", "_reason": null, "event_type": "SET_DDD"}
2017-10-19 17:18:30,130 - TdmApplication - DEBUG - FrontendConnectionHandler(id=139638124157264, session='2017-10-19T17_18_30_0'): OK
2017-10-19 17:18:30,132 - TdmApplication - DEBUG - FrontendConnectionHandler(id=139638124157264, session='2017-10-19T17_18_30_0').on_event(Event(FACTS, [], sender=DmeModule, reason=None))
2017-10-19 17:18:30,132 - TdmApplication - DEBUG - FrontendConnectionHandler(id=139638124157264, session='2017-10-19T17_18_30_0'): writing {"content": [], "_sender": "DmeModule", "_reason": null, "event_type": "FACTS"}
2017-10-19 17:18:30,132 - TdmApplication - DEBUG - FrontendConnectionHandler(id=139638124157264, session='2017-10-19T17_18_30_0'): OK
2017-10-19 17:18:30,146 - TdmApplication - DEBUG - FrontendConnectionHandler(id=139638124157264, session='2017-10-19T17_18_30_0').on_event(Event(SYSTEM_UTTERANCE_TO_SPEAK, [Do you want to know go to step?], sender=GenerateModule, reason=None))
2017-10-19 17:18:30,146 - TdmApplication - DEBUG - FrontendConnectionHandler(id=139638124157264, session='2017-10-19T17_18_30_0'): writing {"content": ["Do you want to know go to step?"], "_sender": "GenerateModule", "_reason": null, "event_type": "SYSTEM_UTTERANCE_TO_SPEAK"}
2017-10-19 17:18:30,146 - TdmApplication - DEBUG - FrontendConnectionHandler(id=139638124157264, session='2017-10-19T17_18_30_0'): OK
2017-10-19 17:18:30,147 - TdmApplication - DEBUG - FrontendConnectionHandler(id=139638124157264, session='2017-10-19T17_18_30_0').on_event(Event(MESSAGE_TO_GUI, [<tdm.tdm_gui_protocol.Screen instance at 0x7f00081f3fc8>], sender=GuiBackend, reason=None))
2017-10-19 17:18:30,147 - TdmApplication - DEBUG - FrontendConnectionHandler(id=139638124157264, session='2017-10-19T17_18_30_0'): writing {"content": [{"Screen": {"elements": [{"Element": {"name": "move", "title": "", "items": [{"Item": {"attributes": null, "selected": false, "predicted": false, "value": "ask(?X.go_to_step(X))", "title": "Go to step?"}}], "format": "", "voice_browsed": false, "value": "", "template": "menu", "type": "list"}}], "name": "top", "title": "The start view"}}], "_sender": "GuiBackend", "_reason": null, "event_type": "MESSAGE_TO_GUI"}
2017-10-19 17:18:30,147 - TdmApplication - DEBUG - FrontendConnectionHandler(id=139638124157264, session='2017-10-19T17_18_30_0'): OK
2017-10-19 17:18:30,209 - TdmApplication - DEBUG - FrontendConnectionHandler(id=139638124157264, session='2017-10-19T17_18_30_0').on_message({"content": ["Do you want to know go to step?"], "_sender": "TextOutputComponent", "_reason": null, "event_type": "SYSTEM_UTTERANCE_REALIZED"})
2017-10-19 17:18:30,230 - TdmApplication - DEBUG - FrontendConnectionHandler(id=139638124157264, session='2017-10-19T17_18_30_0').on_event(Event(FACTS, [], sender=DmeModule, reason=None))
2017-10-19 17:18:30,230 - TdmApplication - DEBUG - FrontendConnectionHandler(id=139638124157264, session='2017-10-19T17_18_30_0'): writing {"content": [], "_sender": "DmeModule", "_reason": null, "event_type": "FACTS"}
2017-10-19 17:18:30,230 - TdmApplication - DEBUG - FrontendConnectionHandler(id=139638124157264, session='2017-10-19T17_18_30_0'): OK
2017-10-19 17:18:38,493 - TdmApplication - DEBUG - FrontendConnectionHandler(id=139638124157264, session='2017-10-19T17_18_30_0').on_message({"content": [{"score": 1.0, "utterance": "go to a step"}], "_sender": "TextInputComponent", "_reason": null, "event_type": "RECOGNITION"})
2017-10-19 17:18:38,501 - TdmApplication - DEBUG - FrontendConnectionHandler(id=139638124157264, session='2017-10-19T17_18_30_0').on_event(Event(STOP_LISTENING, None, sender=TurnManager, reason=None))
2017-10-19 17:18:38,501 - TdmApplication - DEBUG - FrontendConnectionHandler(id=139638124157264, session='2017-10-19T17_18_30_0'): writing {"content": null, "_sender": "TurnManager", "_reason": null, "event_type": "STOP_LISTENING"}
2017-10-19 17:18:38,501 - TdmApplication - DEBUG - FrontendConnectionHandler(id=139638124157264, session='2017-10-19T17_18_30_0'): OK
2017-10-19 17:18:38,582 - TdmApplication - DEBUG - FrontendConnectionHandler(id=139638124157264, session='2017-10-19T17_18_30_0').on_event(Event(SELECTED_RECOGNITION, go to a step, sender=DmeModule, reason=None))
2017-10-19 17:18:38,582 - TdmApplication - DEBUG - FrontendConnectionHandler(id=139638124157264, session='2017-10-19T17_18_30_0'): writing {"content": "go to a step", "_sender": "DmeModule", "_reason": null, "event_type": "SELECTED_RECOGNITION"}
2017-10-19 17:18:38,582 - TdmApplication - DEBUG - FrontendConnectionHandler(id=139638124157264, session='2017-10-19T17_18_30_0'): OK
2017-10-19 17:18:38,583 - TdmApplication - DEBUG - FrontendConnectionHandler(id=139638124157264, session='2017-10-19T17_18_30_0').on_event(Event(FACTS, [], sender=DmeModule, reason=None))
2017-10-19 17:18:38,583 - TdmApplication - DEBUG - FrontendConnectionHandler(id=139638124157264, session='2017-10-19T17_18_30_0'): writing {"content": [], "_sender": "DmeModule", "_reason": null, "event_type": "FACTS"}
2017-10-19 17:18:38,584 - TdmApplication - DEBUG - FrontendConnectionHandler(id=139638124157264, session='2017-10-19T17_18_30_0'): OK
2017-10-19 17:18:38,597 - TdmApplication - DEBUG - FrontendConnectionHandler(id=139638124157264, session='2017-10-19T17_18_30_0').on_event(Event(SYSTEM_UTTERANCE_TO_SPEAK, [, , Which step?], sender=GenerateModule, reason=None))
2017-10-19 17:18:38,597 - TdmApplication - DEBUG - FrontendConnectionHandler(id=139638124157264, session='2017-10-19T17_18_30_0'): writing {"content": ["", "", "Which step?"], "_sender": "GenerateModule", "_reason": null, "event_type": "SYSTEM_UTTERANCE_TO_SPEAK"}
2017-10-19 17:18:38,597 - TdmApplication - DEBUG - FrontendConnectionHandler(id=139638124157264, session='2017-10-19T17_18_30_0'): OK
2017-10-19 17:18:38,601 - TdmApplication - DEBUG - FrontendConnectionHandler(id=139638124157264, session='2017-10-19T17_18_30_0').on_event(Event(MESSAGE_TO_GUI, [], sender=GuiBackend, reason=None))
2017-10-19 17:18:38,601 - TdmApplication - DEBUG - FrontendConnectionHandler(id=139638124157264, session='2017-10-19T17_18_30_0'): writing {"content": [], "_sender": "GuiBackend", "_reason": null, "event_type": "MESSAGE_TO_GUI"}
2017-10-19 17:18:38,602 - TdmApplication - DEBUG - FrontendConnectionHandler(id=139638124157264, session='2017-10-19T17_18_30_0'): OK
2017-10-19 17:18:38,604 - TdmApplication - DEBUG - FrontendConnectionHandler(id=139638124157264, session='2017-10-19T17_18_30_0').on_message({"content": ["", "", "Which step?"], "_sender": "TextOutputComponent", "_reason": null, "event_type": "SYSTEM_UTTERANCE_REALIZED"})
2017-10-19 17:18:38,641 - TdmApplication - DEBUG - FrontendConnectionHandler(id=139638124157264, session='2017-10-19T17_18_30_0').on_event(Event(FACTS, [], sender=DmeModule, reason=None))
2017-10-19 17:18:38,642 - TdmApplication - DEBUG - FrontendConnectionHandler(id=139638124157264, session='2017-10-19T17_18_30_0'): writing {"content": [], "_sender": "DmeModule", "_reason": null, "event_type": "FACTS"}
2017-10-19 17:18:38,642 - TdmApplication - DEBUG - FrontendConnectionHandler(id=139638124157264, session='2017-10-19T17_18_30_0'): OK
2017-10-19 17:18:42,894 - TdmApplication - DEBUG - FrontendConnectionHandler(id=139638124157264, session='2017-10-19T17_18_30_0').on_message({"content": [{"score": 1.0, "utterance": "step one"}], "_sender": "TextInputComponent", "_reason": null, "event_type": "RECOGNITION"})
2017-10-19 17:18:42,898 - TdmApplication - DEBUG - FrontendConnectionHandler(id=139638124157264, session='2017-10-19T17_18_30_0').on_event(Event(STOP_LISTENING, None, sender=TurnManager, reason=None))
2017-10-19 17:18:42,898 - TdmApplication - DEBUG - FrontendConnectionHandler(id=139638124157264, session='2017-10-19T17_18_30_0'): writing {"content": null, "_sender": "TurnManager", "_reason": null, "event_type": "STOP_LISTENING"}
2017-10-19 17:18:42,899 - TdmApplication - DEBUG - FrontendConnectionHandler(id=139638124157264, session='2017-10-19T17_18_30_0'): OK
2017-10-19 17:18:42,981 - TdmApplication - DEBUG - FrontendConnectionHandler(id=139638124157264, session='2017-10-19T17_18_30_0').on_event(Event(SELECTED_RECOGNITION, step one, sender=DmeModule, reason=None))
2017-10-19 17:18:42,981 - TdmApplication - DEBUG - FrontendConnectionHandler(id=139638124157264, session='2017-10-19T17_18_30_0'): writing {"content": "step one", "_sender": "DmeModule", "_reason": null, "event_type": "SELECTED_RECOGNITION"}
2017-10-19 17:18:42,981 - TdmApplication - DEBUG - FrontendConnectionHandler(id=139638124157264, session='2017-10-19T17_18_30_0'): OK
2017-10-19 17:18:42,982 - TdmApplication - DEBUG - FrontendConnectionHandler(id=139638124157264, session='2017-10-19T17_18_30_0').on_event(Event(FACTS, [{predicate: go_to_step, grammar_entry: None, value: step one example}], sender=DmeModule, reason=None))
2017-10-19 17:18:42,982 - TdmApplication - DEBUG - FrontendConnectionHandler(id=139638124157264, session='2017-10-19T17_18_30_0'): writing {"content": [{"predicate": "go_to_step", "grammar_entry": null, "value": "step one example"}], "_sender": "DmeModule", "_reason": null, "event_type": "FACTS"}
2017-10-19 17:18:42,982 - TdmApplication - DEBUG - FrontendConnectionHandler(id=139638124157264, session='2017-10-19T17_18_30_0'): OK
2017-10-19 17:18:42,991 - TdmApplication - DEBUG - FrontendConnectionHandler(id=139638124157264, session='2017-10-19T17_18_30_0').on_event(Event(SYSTEM_UTTERANCE_TO_SPEAK, [Step one example.], sender=GenerateModule, reason=None))
2017-10-19 17:18:42,991 - TdmApplication - DEBUG - FrontendConnectionHandler(id=139638124157264, session='2017-10-19T17_18_30_0'): writing {"content": ["Step one example."], "_sender": "GenerateModule", "_reason": null, "event_type": "SYSTEM_UTTERANCE_TO_SPEAK"}
2017-10-19 17:18:42,991 - TdmApplication - DEBUG - FrontendConnectionHandler(id=139638124157264, session='2017-10-19T17_18_30_0'): OK
2017-10-19 17:18:42,992 - TdmApplication - DEBUG - FrontendConnectionHandler(id=139638124157264, session='2017-10-19T17_18_30_0').on_event(Event(GUI.POPUP, {options: [], title: Step one example.}, sender=IndependentGuiBackend, reason=None))
2017-10-19 17:18:42,992 - TdmApplication - DEBUG - FrontendConnectionHandler(id=139638124157264, session='2017-10-19T17_18_30_0'): writing {"content": {"options": [], "title": "Step one example."}, "_sender": "IndependentGuiBackend", "_reason": null, "event_type": "GUI.POPUP"}
2017-10-19 17:18:42,993 - TdmApplication - DEBUG - FrontendConnectionHandler(id=139638124157264, session='2017-10-19T17_18_30_0'): OK
2017-10-19 17:18:42,993 - TdmApplication - DEBUG - FrontendConnectionHandler(id=139638124157264, session='2017-10-19T17_18_30_0').on_event(Event(MESSAGE_TO_GUI, [<tdm.tdm_gui_protocol.Popup instance at 0x7f00081e9cb0>], sender=GuiBackend, reason=None))
2017-10-19 17:18:42,993 - TdmApplication - DEBUG - FrontendConnectionHandler(id=139638124157264, session='2017-10-19T17_18_30_0'): writing {"content": [{"Popup": {"elements": [], "title": "Step one example."}}], "_sender": "GuiBackend", "_reason": null, "event_type": "MESSAGE_TO_GUI"}
2017-10-19 17:18:42,994 - TdmApplication - DEBUG - FrontendConnectionHandler(id=139638124157264, session='2017-10-19T17_18_30_0'): OK
2017-10-19 17:18:43,002 - TdmApplication - DEBUG - FrontendConnectionHandler(id=139638124157264, session='2017-10-19T17_18_30_0').on_message({"content": ["Step one example."], "_sender": "TextOutputComponent", "_reason": null, "event_type": "SYSTEM_UTTERANCE_REALIZED"})
2017-10-19 17:18:43,030 - TdmApplication - DEBUG - FrontendConnectionHandler(id=139638124157264, session='2017-10-19T17_18_30_0').on_event(Event(FACTS, [{predicate: go_to_step, grammar_entry: None, value: step one example}], sender=DmeModule, reason=None))
2017-10-19 17:18:43,030 - TdmApplication - DEBUG - FrontendConnectionHandler(id=139638124157264, session='2017-10-19T17_18_30_0'): writing {"content": [{"predicate": "go_to_step", "grammar_entry": null, "value": "step one example"}], "_sender": "DmeModule", "_reason": null, "event_type": "FACTS"}
2017-10-19 17:18:43,030 - TdmApplication - DEBUG - FrontendConnectionHandler(id=139638124157264, session='2017-10-19T17_18_30_0'): OK
2017-10-19 17:47:54,268 - TdmApplication - DEBUG - FrontendConnectionHandler(id=139638124157264, session='2017-10-19T17_18_30_0').on_close()
2017-10-19 17:47:54,268 - TdmApplication - DEBUG - SessionManager.stop('2017-10-19T17_18_30_0')
2017-10-19 17:47:54,270 - TdmApplication - DEBUG - TdmApplication.stop(): Stopping HTTP server
2017-10-19 17:47:54,271 - TdmApplication - DEBUG - TdmApplication.stop(): Stopping IO-loop
2017-10-19 17:47:54,272 - TdmApplication - DEBUG - TdmApplication.stop(): Stopping sessions []
2017-10-19 17:47:54,275 - TdmApplication - DEBUG - FrontendConnectionHandler(id=139638124157264, session='2017-10-19T17_18_30_0').on_event(Event(FACTS, [{predicate: go_to_step, grammar_entry: None, value: step one example}], sender=DmeModule, reason=None))
2017-10-19 17:47:54,275 - TdmApplication - DEBUG - FrontendConnectionHandler(id=139638124157264, session='2017-10-19T17_18_30_0'): writing {"content": [{"predicate": "go_to_step", "grammar_entry": null, "value": "step one example"}], "_sender": "DmeModule", "_reason": null, "event_type": "FACTS"}
2017-10-19 17:47:54,275 - TdmApplication - DEBUG - FrontendConnectionHandler(id=139638124157264, session='2017-10-19T17_18_30_0'): OK
