2017-10-24 16:45:05,903 - TdmApplication - DEBUG - DddDb().__init__(name='ddds', default_ddds=[u'recipehelp'])
2017-10-24 16:45:05,903 - TdmApplication - DEBUG - DddDb(): DB file name is '/home/gusmatssar/recipedialogue/tdm/ddds.json'
2017-10-24 16:45:05,916 - TdmApplication - DEBUG - FrontendConnectionHandler(id=140114153503056, session=None).open()
2017-10-24 16:45:05,918 - TdmApplication - DEBUG - FrontendConnectionHandler(id=140114153503056, session=None).on_message({"handshake_content": {"session_id": null, "keep_session_alive": false}, "name": "Frontend"})
2017-10-24 16:45:05,918 - TdmApplication - DEBUG - thread_manager.create_thread() with threading.active_count()=3
2017-10-24 16:45:05,918 - TdmApplication - DEBUG - FrontendConnectionHandler(id=140114153503056, session=None)._register({"handshake_content": {"session_id": null, "keep_session_alive": false}, "name": "Frontend"})
2017-10-24 16:45:05,919 - TdmApplication - DEBUG - thread_manager.create_thread() with threading.active_count()=4
2017-10-24 16:45:05,920 - TdmApplication - DEBUG - Creating backend and session with id 2017-10-24T16_45_05_0.
2017-10-24 16:45:05,956 - TdmApplication - DEBUG - FrontendConnectionHandler._register: Registered in session 2017-10-24T16_45_05_0 with backend <ThreadedBackend(ThreadedBackend, started daemon 140113910515456)>.
2017-10-24 16:45:05,957 - TdmApplication - DEBUG - FrontendConnectionHandler(id=140114153503056, session='2017-10-24T16_45_05_0').on_event(Event(REGISTER_BACKEND, None, sender=Backend, reason=None))
2017-10-24 16:45:05,957 - TdmApplication - DEBUG - FrontendConnectionHandler(id=140114153503056, session='2017-10-24T16_45_05_0'): writing {"content": null, "_sender": "Backend", "_reason": null, "event_type": "REGISTER_BACKEND"}
2017-10-24 16:45:05,957 - TdmApplication - DEBUG - FrontendConnectionHandler(id=140114153503056, session='2017-10-24T16_45_05_0'): OK
2017-10-24 16:45:05,988 - TdmApplication - DEBUG - FrontendConnectionHandler(id=140114153503056, session='2017-10-24T16_45_05_0').on_message({"content": null, "_sender": "Frontend", "_reason": null, "event_type": "FRONTEND_READY"})
2017-10-24 16:45:05,991 - TdmApplication - DEBUG - FrontendConnectionHandler(id=140114153503056, session='2017-10-24T16_45_05_0').on_event(Event(BACKEND_READY, None, sender=Backend, reason=None))
2017-10-24 16:45:05,991 - TdmApplication - DEBUG - FrontendConnectionHandler(id=140114153503056, session='2017-10-24T16_45_05_0'): writing {"content": null, "_sender": "Backend", "_reason": null, "event_type": "BACKEND_READY"}
2017-10-24 16:45:05,991 - TdmApplication - DEBUG - FrontendConnectionHandler(id=140114153503056, session='2017-10-24T16_45_05_0'): OK
2017-10-24 16:45:05,993 - TdmApplication - DEBUG - FrontendConnectionHandler(id=140114153503056, session='2017-10-24T16_45_05_0').on_message({"content": null, "_sender": "Frontend", "_reason": null, "event_type": "START"})
2017-10-24 16:45:06,028 - TdmApplication - DEBUG - FrontendConnectionHandler(id=140114153503056, session='2017-10-24T16_45_05_0').on_event(Event(SET_DDD, {ddd_name: recipehelp, language_code: eng}, sender=DmeModule, reason=None))
2017-10-24 16:45:06,028 - TdmApplication - DEBUG - FrontendConnectionHandler(id=140114153503056, session='2017-10-24T16_45_05_0'): writing {"content": {"ddd_name": "recipehelp", "language_code": "eng"}, "_sender": "DmeModule", "_reason": null, "event_type": "SET_DDD"}
2017-10-24 16:45:06,028 - TdmApplication - DEBUG - FrontendConnectionHandler(id=140114153503056, session='2017-10-24T16_45_05_0'): OK
2017-10-24 16:45:06,030 - TdmApplication - DEBUG - FrontendConnectionHandler(id=140114153503056, session='2017-10-24T16_45_05_0').on_event(Event(FACTS, [], sender=DmeModule, reason=None))
2017-10-24 16:45:06,030 - TdmApplication - DEBUG - FrontendConnectionHandler(id=140114153503056, session='2017-10-24T16_45_05_0'): writing {"content": [], "_sender": "DmeModule", "_reason": null, "event_type": "FACTS"}
2017-10-24 16:45:06,030 - TdmApplication - DEBUG - FrontendConnectionHandler(id=140114153503056, session='2017-10-24T16_45_05_0'): OK
2017-10-24 16:45:06,038 - TdmApplication - DEBUG - FrontendConnectionHandler(id=140114153503056, session='2017-10-24T16_45_05_0').on_event(Event(SYSTEM_UTTERANCE_TO_SPEAK, [, What would you like to do?], sender=GenerateModule, reason=None))
2017-10-24 16:45:06,038 - TdmApplication - DEBUG - FrontendConnectionHandler(id=140114153503056, session='2017-10-24T16_45_05_0'): writing {"content": ["", "What would you like to do?"], "_sender": "GenerateModule", "_reason": null, "event_type": "SYSTEM_UTTERANCE_TO_SPEAK"}
2017-10-24 16:45:06,038 - TdmApplication - DEBUG - FrontendConnectionHandler(id=140114153503056, session='2017-10-24T16_45_05_0'): OK
2017-10-24 16:45:06,039 - TdmApplication - DEBUG - FrontendConnectionHandler(id=140114153503056, session='2017-10-24T16_45_05_0').on_event(Event(MESSAGE_TO_GUI, [], sender=GuiBackend, reason=None))
2017-10-24 16:45:06,039 - TdmApplication - DEBUG - FrontendConnectionHandler(id=140114153503056, session='2017-10-24T16_45_05_0'): writing {"content": [], "_sender": "GuiBackend", "_reason": null, "event_type": "MESSAGE_TO_GUI"}
2017-10-24 16:45:06,039 - TdmApplication - DEBUG - FrontendConnectionHandler(id=140114153503056, session='2017-10-24T16_45_05_0'): OK
2017-10-24 16:45:06,081 - TdmApplication - DEBUG - FrontendConnectionHandler(id=140114153503056, session='2017-10-24T16_45_05_0').on_message({"content": ["", "What would you like to do?"], "_sender": "TextOutputComponent", "_reason": null, "event_type": "SYSTEM_UTTERANCE_REALIZED"})
2017-10-24 16:45:06,104 - TdmApplication - DEBUG - FrontendConnectionHandler(id=140114153503056, session='2017-10-24T16_45_05_0').on_event(Event(FACTS, [], sender=DmeModule, reason=None))
2017-10-24 16:45:06,104 - TdmApplication - DEBUG - FrontendConnectionHandler(id=140114153503056, session='2017-10-24T16_45_05_0'): writing {"content": [], "_sender": "DmeModule", "_reason": null, "event_type": "FACTS"}
2017-10-24 16:45:06,104 - TdmApplication - DEBUG - FrontendConnectionHandler(id=140114153503056, session='2017-10-24T16_45_05_0'): OK
2017-10-24 16:45:10,406 - TdmApplication - DEBUG - FrontendConnectionHandler(id=140114153503056, session='2017-10-24T16_45_05_0').on_message({"content": [{"score": 1.0, "utterance": "go to a step"}], "_sender": "TextInputComponent", "_reason": null, "event_type": "RECOGNITION"})
2017-10-24 16:45:10,415 - TdmApplication - DEBUG - FrontendConnectionHandler(id=140114153503056, session='2017-10-24T16_45_05_0').on_event(Event(STOP_LISTENING, None, sender=TurnManager, reason=None))
2017-10-24 16:45:10,415 - TdmApplication - DEBUG - FrontendConnectionHandler(id=140114153503056, session='2017-10-24T16_45_05_0'): writing {"content": null, "_sender": "TurnManager", "_reason": null, "event_type": "STOP_LISTENING"}
2017-10-24 16:45:10,415 - TdmApplication - DEBUG - FrontendConnectionHandler(id=140114153503056, session='2017-10-24T16_45_05_0'): OK
2017-10-24 16:45:10,491 - TdmApplication - DEBUG - FrontendConnectionHandler(id=140114153503056, session='2017-10-24T16_45_05_0').on_event(Event(SELECTED_RECOGNITION, go to a step, sender=DmeModule, reason=None))
2017-10-24 16:45:10,491 - TdmApplication - DEBUG - FrontendConnectionHandler(id=140114153503056, session='2017-10-24T16_45_05_0'): writing {"content": "go to a step", "_sender": "DmeModule", "_reason": null, "event_type": "SELECTED_RECOGNITION"}
2017-10-24 16:45:10,491 - TdmApplication - DEBUG - FrontendConnectionHandler(id=140114153503056, session='2017-10-24T16_45_05_0'): OK
2017-10-24 16:45:10,492 - TdmApplication - DEBUG - FrontendConnectionHandler(id=140114153503056, session='2017-10-24T16_45_05_0').on_event(Event(FACTS, [], sender=DmeModule, reason=None))
2017-10-24 16:45:10,493 - TdmApplication - DEBUG - FrontendConnectionHandler(id=140114153503056, session='2017-10-24T16_45_05_0'): writing {"content": [], "_sender": "DmeModule", "_reason": null, "event_type": "FACTS"}
2017-10-24 16:45:10,493 - TdmApplication - DEBUG - FrontendConnectionHandler(id=140114153503056, session='2017-10-24T16_45_05_0'): OK
2017-10-24 16:45:10,504 - TdmApplication - DEBUG - FrontendConnectionHandler(id=140114153503056, session='2017-10-24T16_45_05_0').on_event(Event(SYSTEM_UTTERANCE_TO_SPEAK, [, , Which step?], sender=GenerateModule, reason=None))
2017-10-24 16:45:10,504 - TdmApplication - DEBUG - FrontendConnectionHandler(id=140114153503056, session='2017-10-24T16_45_05_0'): writing {"content": ["", "", "Which step?"], "_sender": "GenerateModule", "_reason": null, "event_type": "SYSTEM_UTTERANCE_TO_SPEAK"}
2017-10-24 16:45:10,504 - TdmApplication - DEBUG - FrontendConnectionHandler(id=140114153503056, session='2017-10-24T16_45_05_0'): OK
2017-10-24 16:45:10,505 - TdmApplication - DEBUG - FrontendConnectionHandler(id=140114153503056, session='2017-10-24T16_45_05_0').on_event(Event(MESSAGE_TO_GUI, [], sender=GuiBackend, reason=None))
2017-10-24 16:45:10,505 - TdmApplication - DEBUG - FrontendConnectionHandler(id=140114153503056, session='2017-10-24T16_45_05_0'): writing {"content": [], "_sender": "GuiBackend", "_reason": null, "event_type": "MESSAGE_TO_GUI"}
2017-10-24 16:45:10,505 - TdmApplication - DEBUG - FrontendConnectionHandler(id=140114153503056, session='2017-10-24T16_45_05_0'): OK
2017-10-24 16:45:10,514 - TdmApplication - DEBUG - FrontendConnectionHandler(id=140114153503056, session='2017-10-24T16_45_05_0').on_message({"content": ["", "", "Which step?"], "_sender": "TextOutputComponent", "_reason": null, "event_type": "SYSTEM_UTTERANCE_REALIZED"})
2017-10-24 16:45:10,547 - TdmApplication - DEBUG - FrontendConnectionHandler(id=140114153503056, session='2017-10-24T16_45_05_0').on_event(Event(FACTS, [], sender=DmeModule, reason=None))
2017-10-24 16:45:10,547 - TdmApplication - DEBUG - FrontendConnectionHandler(id=140114153503056, session='2017-10-24T16_45_05_0'): writing {"content": [], "_sender": "DmeModule", "_reason": null, "event_type": "FACTS"}
2017-10-24 16:45:10,547 - TdmApplication - DEBUG - FrontendConnectionHandler(id=140114153503056, session='2017-10-24T16_45_05_0'): OK
2017-10-24 16:45:13,567 - TdmApplication - DEBUG - FrontendConnectionHandler(id=140114153503056, session='2017-10-24T16_45_05_0').on_message({"content": [{"score": 1.0, "utterance": "\u00f9step one"}], "_sender": "TextInputComponent", "_reason": null, "event_type": "RECOGNITION"})
2017-10-24 16:45:13,577 - TdmApplication - DEBUG - FrontendConnectionHandler(id=140114153503056, session='2017-10-24T16_45_05_0').on_event(Event(STOP_LISTENING, None, sender=TurnManager, reason=None))
2017-10-24 16:45:13,577 - TdmApplication - DEBUG - FrontendConnectionHandler(id=140114153503056, session='2017-10-24T16_45_05_0'): writing {"content": null, "_sender": "TurnManager", "_reason": null, "event_type": "STOP_LISTENING"}
2017-10-24 16:45:13,577 - TdmApplication - DEBUG - FrontendConnectionHandler(id=140114153503056, session='2017-10-24T16_45_05_0'): OK
2017-10-24 16:45:13,624 - TdmApplication - DEBUG - FrontendConnectionHandler(id=140114153503056, session='2017-10-24T16_45_05_0').on_event(Event(FACTS, [], sender=DmeModule, reason=None))
2017-10-24 16:45:13,624 - TdmApplication - DEBUG - FrontendConnectionHandler(id=140114153503056, session='2017-10-24T16_45_05_0'): writing {"content": [], "_sender": "DmeModule", "_reason": null, "event_type": "FACTS"}
2017-10-24 16:45:13,624 - TdmApplication - DEBUG - FrontendConnectionHandler(id=140114153503056, session='2017-10-24T16_45_05_0'): OK
2017-10-24 16:45:13,640 - TdmApplication - DEBUG - FrontendConnectionHandler(id=140114153503056, session='2017-10-24T16_45_05_0').on_event(Event(SYSTEM_UTTERANCE_TO_SPEAK, [I heard you say ùstep one., I don't understand., So,, Which step?], sender=GenerateModule, reason=None))
2017-10-24 16:45:13,640 - TdmApplication - DEBUG - FrontendConnectionHandler(id=140114153503056, session='2017-10-24T16_45_05_0'): writing {"content": ["I heard you say \u00f9step one.", "I don't understand.", "So,", "Which step?"], "_sender": "GenerateModule", "_reason": null, "event_type": "SYSTEM_UTTERANCE_TO_SPEAK"}
2017-10-24 16:45:13,640 - TdmApplication - DEBUG - FrontendConnectionHandler(id=140114153503056, session='2017-10-24T16_45_05_0'): OK
2017-10-24 16:45:13,641 - TdmApplication - DEBUG - FrontendConnectionHandler(id=140114153503056, session='2017-10-24T16_45_05_0').on_event(Event(MESSAGE_TO_GUI, [], sender=GuiBackend, reason=None))
2017-10-24 16:45:13,641 - TdmApplication - DEBUG - FrontendConnectionHandler(id=140114153503056, session='2017-10-24T16_45_05_0'): writing {"content": [], "_sender": "GuiBackend", "_reason": null, "event_type": "MESSAGE_TO_GUI"}
2017-10-24 16:45:13,641 - TdmApplication - DEBUG - FrontendConnectionHandler(id=140114153503056, session='2017-10-24T16_45_05_0'): OK
2017-10-24 16:45:13,645 - TdmApplication - DEBUG - FrontendConnectionHandler(id=140114153503056, session='2017-10-24T16_45_05_0').on_message({"content": ["I heard you say \u00f9step one.", "I don't understand.", "So,", "Which step?"], "_sender": "TextOutputComponent", "_reason": null, "event_type": "SYSTEM_UTTERANCE_REALIZED"})
2017-10-24 16:45:13,682 - TdmApplication - DEBUG - FrontendConnectionHandler(id=140114153503056, session='2017-10-24T16_45_05_0').on_event(Event(FACTS, [], sender=DmeModule, reason=None))
2017-10-24 16:45:13,682 - TdmApplication - DEBUG - FrontendConnectionHandler(id=140114153503056, session='2017-10-24T16_45_05_0'): writing {"content": [], "_sender": "DmeModule", "_reason": null, "event_type": "FACTS"}
2017-10-24 16:45:13,682 - TdmApplication - DEBUG - FrontendConnectionHandler(id=140114153503056, session='2017-10-24T16_45_05_0'): OK
2017-10-24 16:45:17,576 - TdmApplication - DEBUG - FrontendConnectionHandler(id=140114153503056, session='2017-10-24T16_45_05_0').on_message({"content": [{"score": 1.0, "utterance": "step one"}], "_sender": "TextInputComponent", "_reason": null, "event_type": "RECOGNITION"})
2017-10-24 16:45:17,581 - TdmApplication - DEBUG - FrontendConnectionHandler(id=140114153503056, session='2017-10-24T16_45_05_0').on_event(Event(STOP_LISTENING, None, sender=TurnManager, reason=None))
2017-10-24 16:45:17,581 - TdmApplication - DEBUG - FrontendConnectionHandler(id=140114153503056, session='2017-10-24T16_45_05_0'): writing {"content": null, "_sender": "TurnManager", "_reason": null, "event_type": "STOP_LISTENING"}
2017-10-24 16:45:17,582 - TdmApplication - DEBUG - FrontendConnectionHandler(id=140114153503056, session='2017-10-24T16_45_05_0'): OK
2017-10-24 16:45:17,663 - TdmApplication - DEBUG - FrontendConnectionHandler(id=140114153503056, session='2017-10-24T16_45_05_0').on_event(Event(SELECTED_RECOGNITION, step one, sender=DmeModule, reason=None))
2017-10-24 16:45:17,663 - TdmApplication - DEBUG - FrontendConnectionHandler(id=140114153503056, session='2017-10-24T16_45_05_0'): writing {"content": "step one", "_sender": "DmeModule", "_reason": null, "event_type": "SELECTED_RECOGNITION"}
2017-10-24 16:45:17,663 - TdmApplication - DEBUG - FrontendConnectionHandler(id=140114153503056, session='2017-10-24T16_45_05_0'): OK
2017-10-24 16:45:17,664 - TdmApplication - DEBUG - FrontendConnectionHandler(id=140114153503056, session='2017-10-24T16_45_05_0').on_event(Event(FACTS, [{predicate: go_to_step, grammar_entry: None, value: chose step1}], sender=DmeModule, reason=None))
2017-10-24 16:45:17,664 - TdmApplication - DEBUG - FrontendConnectionHandler(id=140114153503056, session='2017-10-24T16_45_05_0'): writing {"content": [{"predicate": "go_to_step", "grammar_entry": null, "value": "chose step1"}], "_sender": "DmeModule", "_reason": null, "event_type": "FACTS"}
2017-10-24 16:45:17,664 - TdmApplication - DEBUG - FrontendConnectionHandler(id=140114153503056, session='2017-10-24T16_45_05_0'): OK
2017-10-24 16:45:17,673 - TdmApplication - DEBUG - FrontendConnectionHandler(id=140114153503056, session='2017-10-24T16_45_05_0').on_event(Event(SYSTEM_UTTERANCE_TO_SPEAK, [Ok chose step1.], sender=GenerateModule, reason=None))
2017-10-24 16:45:17,673 - TdmApplication - DEBUG - FrontendConnectionHandler(id=140114153503056, session='2017-10-24T16_45_05_0'): writing {"content": ["Ok chose step1."], "_sender": "GenerateModule", "_reason": null, "event_type": "SYSTEM_UTTERANCE_TO_SPEAK"}
2017-10-24 16:45:17,673 - TdmApplication - DEBUG - FrontendConnectionHandler(id=140114153503056, session='2017-10-24T16_45_05_0'): OK
2017-10-24 16:45:17,674 - TdmApplication - DEBUG - FrontendConnectionHandler(id=140114153503056, session='2017-10-24T16_45_05_0').on_event(Event(GUI.POPUP, {options: [], title: Ok chose step1.}, sender=IndependentGuiBackend, reason=None))
2017-10-24 16:45:17,674 - TdmApplication - DEBUG - FrontendConnectionHandler(id=140114153503056, session='2017-10-24T16_45_05_0'): writing {"content": {"options": [], "title": "Ok chose step1."}, "_sender": "IndependentGuiBackend", "_reason": null, "event_type": "GUI.POPUP"}
2017-10-24 16:45:17,675 - TdmApplication - DEBUG - FrontendConnectionHandler(id=140114153503056, session='2017-10-24T16_45_05_0'): OK
2017-10-24 16:45:17,676 - TdmApplication - DEBUG - FrontendConnectionHandler(id=140114153503056, session='2017-10-24T16_45_05_0').on_event(Event(MESSAGE_TO_GUI, [<tdm.tdm_gui_protocol.Popup instance at 0x7f6edc092c68>], sender=GuiBackend, reason=None))
2017-10-24 16:45:17,676 - TdmApplication - DEBUG - FrontendConnectionHandler(id=140114153503056, session='2017-10-24T16_45_05_0'): writing {"content": [{"Popup": {"elements": [], "title": "Ok chose step1."}}], "_sender": "GuiBackend", "_reason": null, "event_type": "MESSAGE_TO_GUI"}
2017-10-24 16:45:17,676 - TdmApplication - DEBUG - FrontendConnectionHandler(id=140114153503056, session='2017-10-24T16_45_05_0'): OK
2017-10-24 16:45:17,682 - TdmApplication - DEBUG - FrontendConnectionHandler(id=140114153503056, session='2017-10-24T16_45_05_0').on_message({"content": ["Ok chose step1."], "_sender": "TextOutputComponent", "_reason": null, "event_type": "SYSTEM_UTTERANCE_REALIZED"})
2017-10-24 16:45:17,709 - TdmApplication - DEBUG - FrontendConnectionHandler(id=140114153503056, session='2017-10-24T16_45_05_0').on_event(Event(FACTS, [{predicate: go_to_step, grammar_entry: None, value: chose step1}], sender=DmeModule, reason=None))
2017-10-24 16:45:17,709 - TdmApplication - DEBUG - FrontendConnectionHandler(id=140114153503056, session='2017-10-24T16_45_05_0'): writing {"content": [{"predicate": "go_to_step", "grammar_entry": null, "value": "chose step1"}], "_sender": "DmeModule", "_reason": null, "event_type": "FACTS"}
2017-10-24 16:45:17,710 - TdmApplication - DEBUG - FrontendConnectionHandler(id=140114153503056, session='2017-10-24T16_45_05_0'): OK
2017-10-24 16:45:30,310 - TdmApplication - DEBUG - FrontendConnectionHandler(id=140114153503056, session='2017-10-24T16_45_05_0').on_message({"content": [{"score": 1.0, "utterance": "what should i do"}], "_sender": "TextInputComponent", "_reason": null, "event_type": "RECOGNITION"})
2017-10-24 16:45:30,315 - TdmApplication - DEBUG - FrontendConnectionHandler(id=140114153503056, session='2017-10-24T16_45_05_0').on_event(Event(FACTS, [], sender=DmeModule, reason=None))
2017-10-24 16:45:30,315 - TdmApplication - DEBUG - FrontendConnectionHandler(id=140114153503056, session='2017-10-24T16_45_05_0'): writing {"content": [], "_sender": "DmeModule", "_reason": null, "event_type": "FACTS"}
2017-10-24 16:45:30,315 - TdmApplication - DEBUG - FrontendConnectionHandler(id=140114153503056, session='2017-10-24T16_45_05_0'): OK
2017-10-24 16:45:30,324 - TdmApplication - DEBUG - FrontendConnectionHandler(id=140114153503056, session='2017-10-24T16_45_05_0').on_event(Event(STOP_SPEAKING, None, sender=TurnManager, reason=None))
2017-10-24 16:45:30,324 - TdmApplication - DEBUG - FrontendConnectionHandler(id=140114153503056, session='2017-10-24T16_45_05_0'): writing {"content": null, "_sender": "TurnManager", "_reason": null, "event_type": "STOP_SPEAKING"}
2017-10-24 16:45:30,324 - TdmApplication - DEBUG - FrontendConnectionHandler(id=140114153503056, session='2017-10-24T16_45_05_0'): OK
2017-10-24 16:45:30,325 - TdmApplication - DEBUG - FrontendConnectionHandler(id=140114153503056, session='2017-10-24T16_45_05_0').on_event(Event(SYSTEM_UTTERANCE_TO_SPEAK, [Returning to the start view., What would you like to do?], sender=GenerateModule, reason=None))
2017-10-24 16:45:30,325 - TdmApplication - DEBUG - FrontendConnectionHandler(id=140114153503056, session='2017-10-24T16_45_05_0'): writing {"content": ["Returning to the start view.", "What would you like to do?"], "_sender": "GenerateModule", "_reason": null, "event_type": "SYSTEM_UTTERANCE_TO_SPEAK"}
2017-10-24 16:45:30,325 - TdmApplication - DEBUG - FrontendConnectionHandler(id=140114153503056, session='2017-10-24T16_45_05_0'): OK
2017-10-24 16:45:30,326 - TdmApplication - DEBUG - FrontendConnectionHandler(id=140114153503056, session='2017-10-24T16_45_05_0').on_event(Event(MESSAGE_TO_GUI, [<tdm.tdm_gui_protocol.ClosePopup instance at 0x7f6edc0c6dd0>], sender=GuiBackend, reason=None))
2017-10-24 16:45:30,327 - TdmApplication - DEBUG - FrontendConnectionHandler(id=140114153503056, session='2017-10-24T16_45_05_0'): writing {"content": [{"ClosePopup": {}}], "_sender": "GuiBackend", "_reason": null, "event_type": "MESSAGE_TO_GUI"}
2017-10-24 16:45:30,327 - TdmApplication - DEBUG - FrontendConnectionHandler(id=140114153503056, session='2017-10-24T16_45_05_0'): OK
2017-10-24 16:45:30,345 - TdmApplication - DEBUG - FrontendConnectionHandler(id=140114153503056, session='2017-10-24T16_45_05_0').on_message({"content": ["Returning to the start view.", "What would you like to do?"], "_sender": "TextOutputComponent", "_reason": null, "event_type": "SYSTEM_UTTERANCE_REALIZED"})
2017-10-24 16:45:30,369 - TdmApplication - DEBUG - FrontendConnectionHandler(id=140114153503056, session='2017-10-24T16_45_05_0').on_event(Event(FACTS, [], sender=DmeModule, reason=None))
2017-10-24 16:45:30,369 - TdmApplication - DEBUG - FrontendConnectionHandler(id=140114153503056, session='2017-10-24T16_45_05_0'): writing {"content": [], "_sender": "DmeModule", "_reason": null, "event_type": "FACTS"}
2017-10-24 16:45:30,370 - TdmApplication - DEBUG - FrontendConnectionHandler(id=140114153503056, session='2017-10-24T16_45_05_0'): OK
2017-10-24 16:45:30,439 - TdmApplication - DEBUG - FrontendConnectionHandler(id=140114153503056, session='2017-10-24T16_45_05_0').on_event(Event(SELECTED_RECOGNITION, what should i do, sender=DmeModule, reason=None))
2017-10-24 16:45:30,439 - TdmApplication - DEBUG - FrontendConnectionHandler(id=140114153503056, session='2017-10-24T16_45_05_0'): writing {"content": "what should i do", "_sender": "DmeModule", "_reason": null, "event_type": "SELECTED_RECOGNITION"}
2017-10-24 16:45:30,439 - TdmApplication - DEBUG - FrontendConnectionHandler(id=140114153503056, session='2017-10-24T16_45_05_0'): OK
2017-10-24 16:45:30,440 - TdmApplication - DEBUG - FrontendConnectionHandler(id=140114153503056, session='2017-10-24T16_45_05_0').on_event(Event(FACTS, [], sender=DmeModule, reason=None))
2017-10-24 16:45:30,440 - TdmApplication - DEBUG - FrontendConnectionHandler(id=140114153503056, session='2017-10-24T16_45_05_0'): writing {"content": [], "_sender": "DmeModule", "_reason": null, "event_type": "FACTS"}
2017-10-24 16:45:30,441 - TdmApplication - DEBUG - FrontendConnectionHandler(id=140114153503056, session='2017-10-24T16_45_05_0'): OK
2017-10-24 16:45:30,450 - TdmApplication - DEBUG - FrontendConnectionHandler(id=140114153503056, session='2017-10-24T16_45_05_0').on_event(Event(SYSTEM_UTTERANCE_TO_SPEAK, [, Step ended], sender=GenerateModule, reason=None))
2017-10-24 16:45:30,450 - TdmApplication - DEBUG - FrontendConnectionHandler(id=140114153503056, session='2017-10-24T16_45_05_0'): writing {"content": ["", "Step ended"], "_sender": "GenerateModule", "_reason": null, "event_type": "SYSTEM_UTTERANCE_TO_SPEAK"}
2017-10-24 16:45:30,450 - TdmApplication - DEBUG - FrontendConnectionHandler(id=140114153503056, session='2017-10-24T16_45_05_0'): OK
2017-10-24 16:45:30,451 - TdmApplication - DEBUG - FrontendConnectionHandler(id=140114153503056, session='2017-10-24T16_45_05_0').on_event(Event(GUI.POPUP, {options: [], title: Step ended}, sender=IndependentGuiBackend, reason=None))
2017-10-24 16:45:30,451 - TdmApplication - DEBUG - FrontendConnectionHandler(id=140114153503056, session='2017-10-24T16_45_05_0'): writing {"content": {"options": [], "title": "Step ended"}, "_sender": "IndependentGuiBackend", "_reason": null, "event_type": "GUI.POPUP"}
2017-10-24 16:45:30,452 - TdmApplication - DEBUG - FrontendConnectionHandler(id=140114153503056, session='2017-10-24T16_45_05_0'): OK
2017-10-24 16:45:30,452 - TdmApplication - DEBUG - FrontendConnectionHandler(id=140114153503056, session='2017-10-24T16_45_05_0').on_event(Event(MESSAGE_TO_GUI, [<tdm.tdm_gui_protocol.DeviceResult instance at 0x7f6edc08ce18>, <tdm.tdm_gui_protocol.Popup instance at 0x7f6edc08cf80>], sender=GuiBackend, reason=None))
2017-10-24 16:45:30,453 - TdmApplication - DEBUG - FrontendConnectionHandler(id=140114153503056, session='2017-10-24T16_45_05_0'): writing {"content": [{"DeviceResult": {"action": "say_step", "result": true, "arguments": {}, "failure_reason": null}}, {"Popup": {"elements": [], "title": "Step ended"}}], "_sender": "GuiBackend", "_reason": null, "event_type": "MESSAGE_TO_GUI"}
2017-10-24 16:45:30,453 - TdmApplication - DEBUG - FrontendConnectionHandler(id=140114153503056, session='2017-10-24T16_45_05_0'): OK
2017-10-24 16:45:30,474 - TdmApplication - DEBUG - FrontendConnectionHandler(id=140114153503056, session='2017-10-24T16_45_05_0').on_message({"content": ["", "Step ended"], "_sender": "TextOutputComponent", "_reason": null, "event_type": "SYSTEM_UTTERANCE_REALIZED"})
2017-10-24 16:45:30,534 - TdmApplication - DEBUG - FrontendConnectionHandler(id=140114153503056, session='2017-10-24T16_45_05_0').on_event(Event(FACTS, [], sender=DmeModule, reason=None))
2017-10-24 16:45:30,534 - TdmApplication - DEBUG - FrontendConnectionHandler(id=140114153503056, session='2017-10-24T16_45_05_0'): writing {"content": [], "_sender": "DmeModule", "_reason": null, "event_type": "FACTS"}
2017-10-24 16:45:30,534 - TdmApplication - DEBUG - FrontendConnectionHandler(id=140114153503056, session='2017-10-24T16_45_05_0'): OK
2017-10-24 16:45:30,545 - TdmApplication - DEBUG - FrontendConnectionHandler(id=140114153503056, session='2017-10-24T16_45_05_0').on_event(Event(SYSTEM_UTTERANCE_TO_SPEAK, [, Are you done?], sender=GenerateModule, reason=None))
2017-10-24 16:45:30,545 - TdmApplication - DEBUG - FrontendConnectionHandler(id=140114153503056, session='2017-10-24T16_45_05_0'): writing {"content": ["", "Are you done?"], "_sender": "GenerateModule", "_reason": null, "event_type": "SYSTEM_UTTERANCE_TO_SPEAK"}
2017-10-24 16:45:30,545 - TdmApplication - DEBUG - FrontendConnectionHandler(id=140114153503056, session='2017-10-24T16_45_05_0'): OK
2017-10-24 16:45:30,546 - TdmApplication - DEBUG - FrontendConnectionHandler(id=140114153503056, session='2017-10-24T16_45_05_0').on_event(Event(MESSAGE_TO_GUI, [<tdm.tdm_gui_protocol.ClosePopup instance at 0x7f6edc08cb00>], sender=GuiBackend, reason=None))
2017-10-24 16:45:30,546 - TdmApplication - DEBUG - FrontendConnectionHandler(id=140114153503056, session='2017-10-24T16_45_05_0'): writing {"content": [{"ClosePopup": {}}], "_sender": "GuiBackend", "_reason": null, "event_type": "MESSAGE_TO_GUI"}
2017-10-24 16:45:30,546 - TdmApplication - DEBUG - FrontendConnectionHandler(id=140114153503056, session='2017-10-24T16_45_05_0'): OK
2017-10-24 16:45:30,585 - TdmApplication - DEBUG - FrontendConnectionHandler(id=140114153503056, session='2017-10-24T16_45_05_0').on_message({"content": ["", "Are you done?"], "_sender": "TextOutputComponent", "_reason": null, "event_type": "SYSTEM_UTTERANCE_REALIZED"})
2017-10-24 16:45:30,614 - TdmApplication - DEBUG - FrontendConnectionHandler(id=140114153503056, session='2017-10-24T16_45_05_0').on_event(Event(FACTS, [], sender=DmeModule, reason=None))
2017-10-24 16:45:30,614 - TdmApplication - DEBUG - FrontendConnectionHandler(id=140114153503056, session='2017-10-24T16_45_05_0'): writing {"content": [], "_sender": "DmeModule", "_reason": null, "event_type": "FACTS"}
2017-10-24 16:45:30,614 - TdmApplication - DEBUG - FrontendConnectionHandler(id=140114153503056, session='2017-10-24T16_45_05_0'): OK
2017-10-24 16:45:39,028 - TdmApplication - DEBUG - FrontendConnectionHandler(id=140114153503056, session='2017-10-24T16_45_05_0').on_message({"content": [{"score": 1.0, "utterance": "yes"}], "_sender": "TextInputComponent", "_reason": null, "event_type": "RECOGNITION"})
2017-10-24 16:45:39,034 - TdmApplication - DEBUG - FrontendConnectionHandler(id=140114153503056, session='2017-10-24T16_45_05_0').on_event(Event(STOP_LISTENING, None, sender=TurnManager, reason=None))
2017-10-24 16:45:39,034 - TdmApplication - DEBUG - FrontendConnectionHandler(id=140114153503056, session='2017-10-24T16_45_05_0'): writing {"content": null, "_sender": "TurnManager", "_reason": null, "event_type": "STOP_LISTENING"}
2017-10-24 16:45:39,034 - TdmApplication - DEBUG - FrontendConnectionHandler(id=140114153503056, session='2017-10-24T16_45_05_0'): OK
2017-10-24 16:45:39,144 - TdmApplication - DEBUG - FrontendConnectionHandler(id=140114153503056, session='2017-10-24T16_45_05_0').on_event(Event(SELECTED_RECOGNITION, yes, sender=DmeModule, reason=None))
2017-10-24 16:45:39,144 - TdmApplication - DEBUG - FrontendConnectionHandler(id=140114153503056, session='2017-10-24T16_45_05_0'): writing {"content": "yes", "_sender": "DmeModule", "_reason": null, "event_type": "SELECTED_RECOGNITION"}
2017-10-24 16:45:39,144 - TdmApplication - DEBUG - FrontendConnectionHandler(id=140114153503056, session='2017-10-24T16_45_05_0'): OK
2017-10-24 16:45:39,145 - TdmApplication - DEBUG - FrontendConnectionHandler(id=140114153503056, session='2017-10-24T16_45_05_0').on_event(Event(FACTS, [{predicate: confirmation_yn, grammar_entry: None, value: yes}, {predicate: confirmation, grammar_entry: None, value: yes}], sender=DmeModule, reason=None))
2017-10-24 16:45:39,145 - TdmApplication - DEBUG - FrontendConnectionHandler(id=140114153503056, session='2017-10-24T16_45_05_0'): writing {"content": [{"predicate": "confirmation_yn", "grammar_entry": null, "value": "yes"}, {"predicate": "confirmation", "grammar_entry": null, "value": "yes"}], "_sender": "DmeModule", "_reason": null, "event_type": "FACTS"}
2017-10-24 16:45:39,146 - TdmApplication - DEBUG - FrontendConnectionHandler(id=140114153503056, session='2017-10-24T16_45_05_0'): OK
2017-10-24 16:45:39,158 - TdmApplication - DEBUG - FrontendConnectionHandler(id=140114153503056, session='2017-10-24T16_45_05_0').on_event(Event(SYSTEM_UTTERANCE_TO_SPEAK, [, Next], sender=GenerateModule, reason=None))
2017-10-24 16:45:39,158 - TdmApplication - DEBUG - FrontendConnectionHandler(id=140114153503056, session='2017-10-24T16_45_05_0'): writing {"content": ["", "Next"], "_sender": "GenerateModule", "_reason": null, "event_type": "SYSTEM_UTTERANCE_TO_SPEAK"}
2017-10-24 16:45:39,158 - TdmApplication - DEBUG - FrontendConnectionHandler(id=140114153503056, session='2017-10-24T16_45_05_0'): OK
2017-10-24 16:45:39,160 - TdmApplication - DEBUG - FrontendConnectionHandler(id=140114153503056, session='2017-10-24T16_45_05_0').on_event(Event(GUI.POPUP, {options: [], title: Next}, sender=IndependentGuiBackend, reason=None))
2017-10-24 16:45:39,161 - TdmApplication - DEBUG - FrontendConnectionHandler(id=140114153503056, session='2017-10-24T16_45_05_0'): writing {"content": {"options": [], "title": "Next"}, "_sender": "IndependentGuiBackend", "_reason": null, "event_type": "GUI.POPUP"}
2017-10-24 16:45:39,161 - TdmApplication - DEBUG - FrontendConnectionHandler(id=140114153503056, session='2017-10-24T16_45_05_0'): OK
2017-10-24 16:45:39,162 - TdmApplication - DEBUG - FrontendConnectionHandler(id=140114153503056, session='2017-10-24T16_45_05_0').on_event(Event(MESSAGE_TO_GUI, [<tdm.tdm_gui_protocol.DeviceResult instance at 0x7f6edc092758>, <tdm.tdm_gui_protocol.Popup instance at 0x7f6edc092998>], sender=GuiBackend, reason=None))
2017-10-24 16:45:39,162 - TdmApplication - DEBUG - FrontendConnectionHandler(id=140114153503056, session='2017-10-24T16_45_05_0'): writing {"content": [{"DeviceResult": {"action": "go_to_next", "result": true, "arguments": {}, "failure_reason": null}}, {"Popup": {"elements": [], "title": "Next"}}], "_sender": "GuiBackend", "_reason": null, "event_type": "MESSAGE_TO_GUI"}
2017-10-24 16:45:39,162 - TdmApplication - DEBUG - FrontendConnectionHandler(id=140114153503056, session='2017-10-24T16_45_05_0'): OK
2017-10-24 16:45:39,194 - TdmApplication - DEBUG - FrontendConnectionHandler(id=140114153503056, session='2017-10-24T16_45_05_0').on_message({"content": ["", "Next"], "_sender": "TextOutputComponent", "_reason": null, "event_type": "SYSTEM_UTTERANCE_REALIZED"})
2017-10-24 16:45:39,274 - TdmApplication - DEBUG - FrontendConnectionHandler(id=140114153503056, session='2017-10-24T16_45_05_0').on_event(Event(FACTS, [{predicate: confirmation, grammar_entry: None, value: yes}], sender=DmeModule, reason=None))
2017-10-24 16:45:39,275 - TdmApplication - DEBUG - FrontendConnectionHandler(id=140114153503056, session='2017-10-24T16_45_05_0'): writing {"content": [{"predicate": "confirmation", "grammar_entry": null, "value": "yes"}], "_sender": "DmeModule", "_reason": null, "event_type": "FACTS"}
2017-10-24 16:45:39,275 - TdmApplication - DEBUG - FrontendConnectionHandler(id=140114153503056, session='2017-10-24T16_45_05_0'): OK
2017-10-24 16:45:39,287 - TdmApplication - DEBUG - FrontendConnectionHandler(id=140114153503056, session='2017-10-24T16_45_05_0').on_event(Event(SYSTEM_UTTERANCE_TO_SPEAK, [Step ended], sender=GenerateModule, reason=None))
2017-10-24 16:45:39,287 - TdmApplication - DEBUG - FrontendConnectionHandler(id=140114153503056, session='2017-10-24T16_45_05_0'): writing {"content": ["Step ended"], "_sender": "GenerateModule", "_reason": null, "event_type": "SYSTEM_UTTERANCE_TO_SPEAK"}
2017-10-24 16:45:39,287 - TdmApplication - DEBUG - FrontendConnectionHandler(id=140114153503056, session='2017-10-24T16_45_05_0'): OK
2017-10-24 16:45:39,288 - TdmApplication - DEBUG - FrontendConnectionHandler(id=140114153503056, session='2017-10-24T16_45_05_0').on_event(Event(GUI.POPUP, {options: [], title: Step ended}, sender=IndependentGuiBackend, reason=None))
2017-10-24 16:45:39,288 - TdmApplication - DEBUG - FrontendConnectionHandler(id=140114153503056, session='2017-10-24T16_45_05_0'): writing {"content": {"options": [], "title": "Step ended"}, "_sender": "IndependentGuiBackend", "_reason": null, "event_type": "GUI.POPUP"}
2017-10-24 16:45:39,288 - TdmApplication - DEBUG - FrontendConnectionHandler(id=140114153503056, session='2017-10-24T16_45_05_0'): OK
2017-10-24 16:45:39,289 - TdmApplication - DEBUG - FrontendConnectionHandler(id=140114153503056, session='2017-10-24T16_45_05_0').on_event(Event(MESSAGE_TO_GUI, [<tdm.tdm_gui_protocol.ClosePopup instance at 0x7f6ede59bcb0>, <tdm.tdm_gui_protocol.DeviceResult instance at 0x7f6edc0c6f80>, <tdm.tdm_gui_protocol.Popup instance at 0x7f6edc0c6dd0>], sender=GuiBackend, reason=None))
2017-10-24 16:45:39,289 - TdmApplication - DEBUG - FrontendConnectionHandler(id=140114153503056, session='2017-10-24T16_45_05_0'): writing {"content": [{"ClosePopup": {}}, {"DeviceResult": {"action": "say_step", "result": true, "arguments": {}, "failure_reason": null}}, {"Popup": {"elements": [], "title": "Step ended"}}], "_sender": "GuiBackend", "_reason": null, "event_type": "MESSAGE_TO_GUI"}
2017-10-24 16:45:39,289 - TdmApplication - DEBUG - FrontendConnectionHandler(id=140114153503056, session='2017-10-24T16_45_05_0'): OK
2017-10-24 16:45:39,327 - TdmApplication - DEBUG - FrontendConnectionHandler(id=140114153503056, session='2017-10-24T16_45_05_0').on_message({"content": ["Step ended"], "_sender": "TextOutputComponent", "_reason": null, "event_type": "SYSTEM_UTTERANCE_REALIZED"})
2017-10-24 16:45:39,351 - TdmApplication - DEBUG - FrontendConnectionHandler(id=140114153503056, session='2017-10-24T16_45_05_0').on_event(Event(FACTS, [{predicate: confirmation, grammar_entry: None, value: yes}], sender=DmeModule, reason=None))
2017-10-24 16:45:39,352 - TdmApplication - DEBUG - FrontendConnectionHandler(id=140114153503056, session='2017-10-24T16_45_05_0'): writing {"content": [{"predicate": "confirmation", "grammar_entry": null, "value": "yes"}], "_sender": "DmeModule", "_reason": null, "event_type": "FACTS"}
2017-10-24 16:45:39,352 - TdmApplication - DEBUG - FrontendConnectionHandler(id=140114153503056, session='2017-10-24T16_45_05_0'): OK
2017-10-24 16:45:51,361 - TdmApplication - DEBUG - FrontendConnectionHandler(id=140114153503056, session='2017-10-24T16_45_05_0').on_message({"content": [{"score": 1.0, "utterance": "what should i do"}], "_sender": "TextInputComponent", "_reason": null, "event_type": "RECOGNITION"})
2017-10-24 16:45:51,364 - TdmApplication - DEBUG - FrontendConnectionHandler(id=140114153503056, session='2017-10-24T16_45_05_0').on_event(Event(FACTS, [{predicate: confirmation, grammar_entry: None, value: yes}], sender=DmeModule, reason=None))
2017-10-24 16:45:51,365 - TdmApplication - DEBUG - FrontendConnectionHandler(id=140114153503056, session='2017-10-24T16_45_05_0'): writing {"content": [{"predicate": "confirmation", "grammar_entry": null, "value": "yes"}], "_sender": "DmeModule", "_reason": null, "event_type": "FACTS"}
2017-10-24 16:45:51,365 - TdmApplication - DEBUG - FrontendConnectionHandler(id=140114153503056, session='2017-10-24T16_45_05_0'): OK
2017-10-24 16:45:51,378 - TdmApplication - DEBUG - FrontendConnectionHandler(id=140114153503056, session='2017-10-24T16_45_05_0').on_event(Event(STOP_SPEAKING, None, sender=TurnManager, reason=None))
2017-10-24 16:45:51,378 - TdmApplication - DEBUG - FrontendConnectionHandler(id=140114153503056, session='2017-10-24T16_45_05_0'): writing {"content": null, "_sender": "TurnManager", "_reason": null, "event_type": "STOP_SPEAKING"}
2017-10-24 16:45:51,378 - TdmApplication - DEBUG - FrontendConnectionHandler(id=140114153503056, session='2017-10-24T16_45_05_0'): OK
2017-10-24 16:45:51,379 - TdmApplication - DEBUG - FrontendConnectionHandler(id=140114153503056, session='2017-10-24T16_45_05_0').on_event(Event(SYSTEM_UTTERANCE_TO_SPEAK, [Are you done?], sender=GenerateModule, reason=None))
2017-10-24 16:45:51,379 - TdmApplication - DEBUG - FrontendConnectionHandler(id=140114153503056, session='2017-10-24T16_45_05_0'): writing {"content": ["Are you done?"], "_sender": "GenerateModule", "_reason": null, "event_type": "SYSTEM_UTTERANCE_TO_SPEAK"}
2017-10-24 16:45:51,380 - TdmApplication - DEBUG - FrontendConnectionHandler(id=140114153503056, session='2017-10-24T16_45_05_0'): OK
2017-10-24 16:45:51,381 - TdmApplication - DEBUG - FrontendConnectionHandler(id=140114153503056, session='2017-10-24T16_45_05_0').on_event(Event(MESSAGE_TO_GUI, [<tdm.tdm_gui_protocol.ClosePopup instance at 0x7f6edc0927a0>], sender=GuiBackend, reason=None))
2017-10-24 16:45:51,381 - TdmApplication - DEBUG - FrontendConnectionHandler(id=140114153503056, session='2017-10-24T16_45_05_0'): writing {"content": [{"ClosePopup": {}}], "_sender": "GuiBackend", "_reason": null, "event_type": "MESSAGE_TO_GUI"}
2017-10-24 16:45:51,381 - TdmApplication - DEBUG - FrontendConnectionHandler(id=140114153503056, session='2017-10-24T16_45_05_0'): OK
2017-10-24 16:45:51,384 - TdmApplication - DEBUG - FrontendConnectionHandler(id=140114153503056, session='2017-10-24T16_45_05_0').on_message({"content": ["Are you done?"], "_sender": "TextOutputComponent", "_reason": null, "event_type": "SYSTEM_UTTERANCE_REALIZED"})
2017-10-24 16:45:51,407 - TdmApplication - DEBUG - FrontendConnectionHandler(id=140114153503056, session='2017-10-24T16_45_05_0').on_event(Event(FACTS, [{predicate: confirmation, grammar_entry: None, value: yes}], sender=DmeModule, reason=None))
2017-10-24 16:45:51,407 - TdmApplication - DEBUG - FrontendConnectionHandler(id=140114153503056, session='2017-10-24T16_45_05_0'): writing {"content": [{"predicate": "confirmation", "grammar_entry": null, "value": "yes"}], "_sender": "DmeModule", "_reason": null, "event_type": "FACTS"}
2017-10-24 16:45:51,407 - TdmApplication - DEBUG - FrontendConnectionHandler(id=140114153503056, session='2017-10-24T16_45_05_0'): OK
2017-10-24 16:45:51,526 - TdmApplication - DEBUG - FrontendConnectionHandler(id=140114153503056, session='2017-10-24T16_45_05_0').on_event(Event(SELECTED_RECOGNITION, what should i do, sender=DmeModule, reason=None))
2017-10-24 16:45:51,526 - TdmApplication - DEBUG - FrontendConnectionHandler(id=140114153503056, session='2017-10-24T16_45_05_0'): writing {"content": "what should i do", "_sender": "DmeModule", "_reason": null, "event_type": "SELECTED_RECOGNITION"}
2017-10-24 16:45:51,526 - TdmApplication - DEBUG - FrontendConnectionHandler(id=140114153503056, session='2017-10-24T16_45_05_0'): OK
2017-10-24 16:45:51,527 - TdmApplication - DEBUG - FrontendConnectionHandler(id=140114153503056, session='2017-10-24T16_45_05_0').on_event(Event(FACTS, [{predicate: confirmation, grammar_entry: None, value: no}], sender=DmeModule, reason=None))
2017-10-24 16:45:51,527 - TdmApplication - DEBUG - FrontendConnectionHandler(id=140114153503056, session='2017-10-24T16_45_05_0'): writing {"content": [{"predicate": "confirmation", "grammar_entry": null, "value": "no"}], "_sender": "DmeModule", "_reason": null, "event_type": "FACTS"}
2017-10-24 16:45:51,527 - TdmApplication - DEBUG - FrontendConnectionHandler(id=140114153503056, session='2017-10-24T16_45_05_0'): OK
2017-10-24 16:45:51,540 - TdmApplication - DEBUG - FrontendConnectionHandler(id=140114153503056, session='2017-10-24T16_45_05_0').on_event(Event(SYSTEM_UTTERANCE_TO_SPEAK, [, Step ended], sender=GenerateModule, reason=None))
2017-10-24 16:45:51,540 - TdmApplication - DEBUG - FrontendConnectionHandler(id=140114153503056, session='2017-10-24T16_45_05_0'): writing {"content": ["", "Step ended"], "_sender": "GenerateModule", "_reason": null, "event_type": "SYSTEM_UTTERANCE_TO_SPEAK"}
2017-10-24 16:45:51,540 - TdmApplication - DEBUG - FrontendConnectionHandler(id=140114153503056, session='2017-10-24T16_45_05_0'): OK
2017-10-24 16:45:51,541 - TdmApplication - DEBUG - FrontendConnectionHandler(id=140114153503056, session='2017-10-24T16_45_05_0').on_event(Event(GUI.POPUP, {options: [], title: Step ended}, sender=IndependentGuiBackend, reason=None))
2017-10-24 16:45:51,541 - TdmApplication - DEBUG - FrontendConnectionHandler(id=140114153503056, session='2017-10-24T16_45_05_0'): writing {"content": {"options": [], "title": "Step ended"}, "_sender": "IndependentGuiBackend", "_reason": null, "event_type": "GUI.POPUP"}
2017-10-24 16:45:51,541 - TdmApplication - DEBUG - FrontendConnectionHandler(id=140114153503056, session='2017-10-24T16_45_05_0'): OK
2017-10-24 16:45:51,543 - TdmApplication - DEBUG - FrontendConnectionHandler(id=140114153503056, session='2017-10-24T16_45_05_0').on_event(Event(MESSAGE_TO_GUI, [<tdm.tdm_gui_protocol.DeviceResult instance at 0x7f6edc092908>, <tdm.tdm_gui_protocol.Popup instance at 0x7f6edc092638>], sender=GuiBackend, reason=None))
2017-10-24 16:45:51,543 - TdmApplication - DEBUG - FrontendConnectionHandler(id=140114153503056, session='2017-10-24T16_45_05_0'): writing {"content": [{"DeviceResult": {"action": "say_step", "result": true, "arguments": {}, "failure_reason": null}}, {"Popup": {"elements": [], "title": "Step ended"}}], "_sender": "GuiBackend", "_reason": null, "event_type": "MESSAGE_TO_GUI"}
2017-10-24 16:45:51,543 - TdmApplication - DEBUG - FrontendConnectionHandler(id=140114153503056, session='2017-10-24T16_45_05_0'): OK
2017-10-24 16:45:51,564 - TdmApplication - DEBUG - FrontendConnectionHandler(id=140114153503056, session='2017-10-24T16_45_05_0').on_message({"content": ["", "Step ended"], "_sender": "TextOutputComponent", "_reason": null, "event_type": "SYSTEM_UTTERANCE_REALIZED"})
2017-10-24 16:45:51,597 - TdmApplication - DEBUG - FrontendConnectionHandler(id=140114153503056, session='2017-10-24T16_45_05_0').on_event(Event(FACTS, [{predicate: confirmation, grammar_entry: None, value: no}], sender=DmeModule, reason=None))
2017-10-24 16:45:51,597 - TdmApplication - DEBUG - FrontendConnectionHandler(id=140114153503056, session='2017-10-24T16_45_05_0'): writing {"content": [{"predicate": "confirmation", "grammar_entry": null, "value": "no"}], "_sender": "DmeModule", "_reason": null, "event_type": "FACTS"}
2017-10-24 16:45:51,597 - TdmApplication - DEBUG - FrontendConnectionHandler(id=140114153503056, session='2017-10-24T16_45_05_0'): OK
2017-10-24 16:46:01,816 - TdmApplication - DEBUG - FrontendConnectionHandler(id=140114153503056, session='2017-10-24T16_45_05_0').on_message({"content": [{"score": 1.0, "utterance": "no"}], "_sender": "TextInputComponent", "_reason": null, "event_type": "RECOGNITION"})
2017-10-24 16:46:01,821 - TdmApplication - DEBUG - FrontendConnectionHandler(id=140114153503056, session='2017-10-24T16_45_05_0').on_event(Event(FACTS, [{predicate: confirmation, grammar_entry: None, value: no}], sender=DmeModule, reason=None))
2017-10-24 16:46:01,821 - TdmApplication - DEBUG - FrontendConnectionHandler(id=140114153503056, session='2017-10-24T16_45_05_0'): writing {"content": [{"predicate": "confirmation", "grammar_entry": null, "value": "no"}], "_sender": "DmeModule", "_reason": null, "event_type": "FACTS"}
2017-10-24 16:46:01,821 - TdmApplication - DEBUG - FrontendConnectionHandler(id=140114153503056, session='2017-10-24T16_45_05_0'): OK
2017-10-24 16:46:01,832 - TdmApplication - DEBUG - FrontendConnectionHandler(id=140114153503056, session='2017-10-24T16_45_05_0').on_event(Event(STOP_SPEAKING, None, sender=TurnManager, reason=None))
2017-10-24 16:46:01,832 - TdmApplication - DEBUG - FrontendConnectionHandler(id=140114153503056, session='2017-10-24T16_45_05_0'): writing {"content": null, "_sender": "TurnManager", "_reason": null, "event_type": "STOP_SPEAKING"}
2017-10-24 16:46:01,832 - TdmApplication - DEBUG - FrontendConnectionHandler(id=140114153503056, session='2017-10-24T16_45_05_0'): OK
2017-10-24 16:46:01,834 - TdmApplication - DEBUG - FrontendConnectionHandler(id=140114153503056, session='2017-10-24T16_45_05_0').on_event(Event(SYSTEM_UTTERANCE_TO_SPEAK, [Are you done?], sender=GenerateModule, reason=None))
2017-10-24 16:46:01,834 - TdmApplication - DEBUG - FrontendConnectionHandler(id=140114153503056, session='2017-10-24T16_45_05_0'): writing {"content": ["Are you done?"], "_sender": "GenerateModule", "_reason": null, "event_type": "SYSTEM_UTTERANCE_TO_SPEAK"}
2017-10-24 16:46:01,834 - TdmApplication - DEBUG - FrontendConnectionHandler(id=140114153503056, session='2017-10-24T16_45_05_0'): OK
2017-10-24 16:46:01,835 - TdmApplication - DEBUG - FrontendConnectionHandler(id=140114153503056, session='2017-10-24T16_45_05_0').on_event(Event(MESSAGE_TO_GUI, [<tdm.tdm_gui_protocol.ClosePopup instance at 0x7f6edc092ef0>], sender=GuiBackend, reason=None))
2017-10-24 16:46:01,835 - TdmApplication - DEBUG - FrontendConnectionHandler(id=140114153503056, session='2017-10-24T16_45_05_0'): writing {"content": [{"ClosePopup": {}}], "_sender": "GuiBackend", "_reason": null, "event_type": "MESSAGE_TO_GUI"}
2017-10-24 16:46:01,835 - TdmApplication - DEBUG - FrontendConnectionHandler(id=140114153503056, session='2017-10-24T16_45_05_0'): OK
2017-10-24 16:46:01,876 - TdmApplication - DEBUG - FrontendConnectionHandler(id=140114153503056, session='2017-10-24T16_45_05_0').on_message({"content": ["Are you done?"], "_sender": "TextOutputComponent", "_reason": null, "event_type": "SYSTEM_UTTERANCE_REALIZED"})
2017-10-24 16:46:01,898 - TdmApplication - DEBUG - FrontendConnectionHandler(id=140114153503056, session='2017-10-24T16_45_05_0').on_event(Event(FACTS, [{predicate: confirmation, grammar_entry: None, value: no}], sender=DmeModule, reason=None))
2017-10-24 16:46:01,898 - TdmApplication - DEBUG - FrontendConnectionHandler(id=140114153503056, session='2017-10-24T16_45_05_0'): writing {"content": [{"predicate": "confirmation", "grammar_entry": null, "value": "no"}], "_sender": "DmeModule", "_reason": null, "event_type": "FACTS"}
2017-10-24 16:46:01,898 - TdmApplication - DEBUG - FrontendConnectionHandler(id=140114153503056, session='2017-10-24T16_45_05_0'): OK
2017-10-24 16:46:02,011 - TdmApplication - DEBUG - FrontendConnectionHandler(id=140114153503056, session='2017-10-24T16_45_05_0').on_event(Event(SELECTED_RECOGNITION, no, sender=DmeModule, reason=None))
2017-10-24 16:46:02,011 - TdmApplication - DEBUG - FrontendConnectionHandler(id=140114153503056, session='2017-10-24T16_45_05_0'): writing {"content": "no", "_sender": "DmeModule", "_reason": null, "event_type": "SELECTED_RECOGNITION"}
2017-10-24 16:46:02,011 - TdmApplication - DEBUG - FrontendConnectionHandler(id=140114153503056, session='2017-10-24T16_45_05_0'): OK
2017-10-24 16:46:02,012 - TdmApplication - DEBUG - FrontendConnectionHandler(id=140114153503056, session='2017-10-24T16_45_05_0').on_event(Event(FACTS, [{predicate: confirmation, grammar_entry: None, value: no}], sender=DmeModule, reason=None))
2017-10-24 16:46:02,013 - TdmApplication - DEBUG - FrontendConnectionHandler(id=140114153503056, session='2017-10-24T16_45_05_0'): writing {"content": [{"predicate": "confirmation", "grammar_entry": null, "value": "no"}], "_sender": "DmeModule", "_reason": null, "event_type": "FACTS"}
2017-10-24 16:46:02,013 - TdmApplication - DEBUG - FrontendConnectionHandler(id=140114153503056, session='2017-10-24T16_45_05_0'): OK
2017-10-24 16:46:02,025 - TdmApplication - DEBUG - FrontendConnectionHandler(id=140114153503056, session='2017-10-24T16_45_05_0').on_event(Event(SYSTEM_UTTERANCE_TO_SPEAK, [, Step ended], sender=GenerateModule, reason=None))
2017-10-24 16:46:02,025 - TdmApplication - DEBUG - FrontendConnectionHandler(id=140114153503056, session='2017-10-24T16_45_05_0'): writing {"content": ["", "Step ended"], "_sender": "GenerateModule", "_reason": null, "event_type": "SYSTEM_UTTERANCE_TO_SPEAK"}
2017-10-24 16:46:02,026 - TdmApplication - DEBUG - FrontendConnectionHandler(id=140114153503056, session='2017-10-24T16_45_05_0'): OK
2017-10-24 16:46:02,026 - TdmApplication - DEBUG - FrontendConnectionHandler(id=140114153503056, session='2017-10-24T16_45_05_0').on_event(Event(GUI.POPUP, {options: [], title: Step ended}, sender=IndependentGuiBackend, reason=None))
2017-10-24 16:46:02,027 - TdmApplication - DEBUG - FrontendConnectionHandler(id=140114153503056, session='2017-10-24T16_45_05_0'): writing {"content": {"options": [], "title": "Step ended"}, "_sender": "IndependentGuiBackend", "_reason": null, "event_type": "GUI.POPUP"}
2017-10-24 16:46:02,027 - TdmApplication - DEBUG - FrontendConnectionHandler(id=140114153503056, session='2017-10-24T16_45_05_0'): OK
2017-10-24 16:46:02,028 - TdmApplication - DEBUG - FrontendConnectionHandler(id=140114153503056, session='2017-10-24T16_45_05_0').on_event(Event(MESSAGE_TO_GUI, [<tdm.tdm_gui_protocol.DeviceResult instance at 0x7f6edc08c0e0>, <tdm.tdm_gui_protocol.Popup instance at 0x7f6edc08cd88>], sender=GuiBackend, reason=None))
2017-10-24 16:46:02,028 - TdmApplication - DEBUG - FrontendConnectionHandler(id=140114153503056, session='2017-10-24T16_45_05_0'): writing {"content": [{"DeviceResult": {"action": "say_step", "result": true, "arguments": {}, "failure_reason": null}}, {"Popup": {"elements": [], "title": "Step ended"}}], "_sender": "GuiBackend", "_reason": null, "event_type": "MESSAGE_TO_GUI"}
2017-10-24 16:46:02,028 - TdmApplication - DEBUG - FrontendConnectionHandler(id=140114153503056, session='2017-10-24T16_45_05_0'): OK
2017-10-24 16:46:02,049 - TdmApplication - DEBUG - FrontendConnectionHandler(id=140114153503056, session='2017-10-24T16_45_05_0').on_message({"content": ["", "Step ended"], "_sender": "TextOutputComponent", "_reason": null, "event_type": "SYSTEM_UTTERANCE_REALIZED"})
2017-10-24 16:46:02,084 - TdmApplication - DEBUG - FrontendConnectionHandler(id=140114153503056, session='2017-10-24T16_45_05_0').on_event(Event(FACTS, [{predicate: confirmation, grammar_entry: None, value: no}], sender=DmeModule, reason=None))
2017-10-24 16:46:02,084 - TdmApplication - DEBUG - FrontendConnectionHandler(id=140114153503056, session='2017-10-24T16_45_05_0'): writing {"content": [{"predicate": "confirmation", "grammar_entry": null, "value": "no"}], "_sender": "DmeModule", "_reason": null, "event_type": "FACTS"}
2017-10-24 16:46:02,084 - TdmApplication - DEBUG - FrontendConnectionHandler(id=140114153503056, session='2017-10-24T16_45_05_0'): OK
2017-10-24 16:46:07,108 - TdmApplication - DEBUG - FrontendConnectionHandler(id=140114153503056, session='2017-10-24T16_45_05_0').on_message({"content": [{"score": 1.0, "utterance": "no"}], "_sender": "TextInputComponent", "_reason": null, "event_type": "RECOGNITION"})
2017-10-24 16:46:07,113 - TdmApplication - DEBUG - FrontendConnectionHandler(id=140114153503056, session='2017-10-24T16_45_05_0').on_event(Event(FACTS, [{predicate: confirmation, grammar_entry: None, value: no}], sender=DmeModule, reason=None))
2017-10-24 16:46:07,113 - TdmApplication - DEBUG - FrontendConnectionHandler(id=140114153503056, session='2017-10-24T16_45_05_0'): writing {"content": [{"predicate": "confirmation", "grammar_entry": null, "value": "no"}], "_sender": "DmeModule", "_reason": null, "event_type": "FACTS"}
2017-10-24 16:46:07,113 - TdmApplication - DEBUG - FrontendConnectionHandler(id=140114153503056, session='2017-10-24T16_45_05_0'): OK
2017-10-24 16:46:07,127 - TdmApplication - DEBUG - FrontendConnectionHandler(id=140114153503056, session='2017-10-24T16_45_05_0').on_event(Event(STOP_SPEAKING, None, sender=TurnManager, reason=None))
2017-10-24 16:46:07,127 - TdmApplication - DEBUG - FrontendConnectionHandler(id=140114153503056, session='2017-10-24T16_45_05_0'): writing {"content": null, "_sender": "TurnManager", "_reason": null, "event_type": "STOP_SPEAKING"}
2017-10-24 16:46:07,128 - TdmApplication - DEBUG - FrontendConnectionHandler(id=140114153503056, session='2017-10-24T16_45_05_0'): OK
2017-10-24 16:46:07,129 - TdmApplication - DEBUG - FrontendConnectionHandler(id=140114153503056, session='2017-10-24T16_45_05_0').on_event(Event(SYSTEM_UTTERANCE_TO_SPEAK, [Are you done?], sender=GenerateModule, reason=None))
2017-10-24 16:46:07,129 - TdmApplication - DEBUG - FrontendConnectionHandler(id=140114153503056, session='2017-10-24T16_45_05_0'): writing {"content": ["Are you done?"], "_sender": "GenerateModule", "_reason": null, "event_type": "SYSTEM_UTTERANCE_TO_SPEAK"}
2017-10-24 16:46:07,129 - TdmApplication - DEBUG - FrontendConnectionHandler(id=140114153503056, session='2017-10-24T16_45_05_0'): OK
2017-10-24 16:46:07,131 - TdmApplication - DEBUG - FrontendConnectionHandler(id=140114153503056, session='2017-10-24T16_45_05_0').on_event(Event(MESSAGE_TO_GUI, [<tdm.tdm_gui_protocol.ClosePopup instance at 0x7f6edc08cf80>], sender=GuiBackend, reason=None))
2017-10-24 16:46:07,131 - TdmApplication - DEBUG - FrontendConnectionHandler(id=140114153503056, session='2017-10-24T16_45_05_0'): writing {"content": [{"ClosePopup": {}}], "_sender": "GuiBackend", "_reason": null, "event_type": "MESSAGE_TO_GUI"}
2017-10-24 16:46:07,131 - TdmApplication - DEBUG - FrontendConnectionHandler(id=140114153503056, session='2017-10-24T16_45_05_0'): OK
2017-10-24 16:46:07,135 - TdmApplication - DEBUG - FrontendConnectionHandler(id=140114153503056, session='2017-10-24T16_45_05_0').on_message({"content": ["Are you done?"], "_sender": "TextOutputComponent", "_reason": null, "event_type": "SYSTEM_UTTERANCE_REALIZED"})
2017-10-24 16:46:07,157 - TdmApplication - DEBUG - FrontendConnectionHandler(id=140114153503056, session='2017-10-24T16_45_05_0').on_event(Event(FACTS, [{predicate: confirmation, grammar_entry: None, value: no}], sender=DmeModule, reason=None))
2017-10-24 16:46:07,157 - TdmApplication - DEBUG - FrontendConnectionHandler(id=140114153503056, session='2017-10-24T16_45_05_0'): writing {"content": [{"predicate": "confirmation", "grammar_entry": null, "value": "no"}], "_sender": "DmeModule", "_reason": null, "event_type": "FACTS"}
2017-10-24 16:46:07,157 - TdmApplication - DEBUG - FrontendConnectionHandler(id=140114153503056, session='2017-10-24T16_45_05_0'): OK
2017-10-24 16:46:07,272 - TdmApplication - DEBUG - FrontendConnectionHandler(id=140114153503056, session='2017-10-24T16_45_05_0').on_event(Event(SELECTED_RECOGNITION, no, sender=DmeModule, reason=None))
2017-10-24 16:46:07,273 - TdmApplication - DEBUG - FrontendConnectionHandler(id=140114153503056, session='2017-10-24T16_45_05_0'): writing {"content": "no", "_sender": "DmeModule", "_reason": null, "event_type": "SELECTED_RECOGNITION"}
2017-10-24 16:46:07,273 - TdmApplication - DEBUG - FrontendConnectionHandler(id=140114153503056, session='2017-10-24T16_45_05_0'): OK
2017-10-24 16:46:07,274 - TdmApplication - DEBUG - FrontendConnectionHandler(id=140114153503056, session='2017-10-24T16_45_05_0').on_event(Event(FACTS, [{predicate: confirmation, grammar_entry: None, value: no}], sender=DmeModule, reason=None))
2017-10-24 16:46:07,274 - TdmApplication - DEBUG - FrontendConnectionHandler(id=140114153503056, session='2017-10-24T16_45_05_0'): writing {"content": [{"predicate": "confirmation", "grammar_entry": null, "value": "no"}], "_sender": "DmeModule", "_reason": null, "event_type": "FACTS"}
2017-10-24 16:46:07,274 - TdmApplication - DEBUG - FrontendConnectionHandler(id=140114153503056, session='2017-10-24T16_45_05_0'): OK
2017-10-24 16:46:07,286 - TdmApplication - DEBUG - FrontendConnectionHandler(id=140114153503056, session='2017-10-24T16_45_05_0').on_event(Event(SYSTEM_UTTERANCE_TO_SPEAK, [, Step ended], sender=GenerateModule, reason=None))
2017-10-24 16:46:07,286 - TdmApplication - DEBUG - FrontendConnectionHandler(id=140114153503056, session='2017-10-24T16_45_05_0'): writing {"content": ["", "Step ended"], "_sender": "GenerateModule", "_reason": null, "event_type": "SYSTEM_UTTERANCE_TO_SPEAK"}
2017-10-24 16:46:07,287 - TdmApplication - DEBUG - FrontendConnectionHandler(id=140114153503056, session='2017-10-24T16_45_05_0'): OK
2017-10-24 16:46:07,287 - TdmApplication - DEBUG - FrontendConnectionHandler(id=140114153503056, session='2017-10-24T16_45_05_0').on_event(Event(GUI.POPUP, {options: [], title: Step ended}, sender=IndependentGuiBackend, reason=None))
2017-10-24 16:46:07,288 - TdmApplication - DEBUG - FrontendConnectionHandler(id=140114153503056, session='2017-10-24T16_45_05_0'): writing {"content": {"options": [], "title": "Step ended"}, "_sender": "IndependentGuiBackend", "_reason": null, "event_type": "GUI.POPUP"}
2017-10-24 16:46:07,288 - TdmApplication - DEBUG - FrontendConnectionHandler(id=140114153503056, session='2017-10-24T16_45_05_0'): OK
2017-10-24 16:46:07,289 - TdmApplication - DEBUG - FrontendConnectionHandler(id=140114153503056, session='2017-10-24T16_45_05_0').on_event(Event(MESSAGE_TO_GUI, [<tdm.tdm_gui_protocol.DeviceResult instance at 0x7f6edc0ca320>, <tdm.tdm_gui_protocol.Popup instance at 0x7f6edc0ca1b8>], sender=GuiBackend, reason=None))
2017-10-24 16:46:07,289 - TdmApplication - DEBUG - FrontendConnectionHandler(id=140114153503056, session='2017-10-24T16_45_05_0'): writing {"content": [{"DeviceResult": {"action": "say_step", "result": true, "arguments": {}, "failure_reason": null}}, {"Popup": {"elements": [], "title": "Step ended"}}], "_sender": "GuiBackend", "_reason": null, "event_type": "MESSAGE_TO_GUI"}
2017-10-24 16:46:07,289 - TdmApplication - DEBUG - FrontendConnectionHandler(id=140114153503056, session='2017-10-24T16_45_05_0'): OK
2017-10-24 16:46:07,304 - TdmApplication - DEBUG - FrontendConnectionHandler(id=140114153503056, session='2017-10-24T16_45_05_0').on_message({"content": ["", "Step ended"], "_sender": "TextOutputComponent", "_reason": null, "event_type": "SYSTEM_UTTERANCE_REALIZED"})
2017-10-24 16:46:07,339 - TdmApplication - DEBUG - FrontendConnectionHandler(id=140114153503056, session='2017-10-24T16_45_05_0').on_event(Event(FACTS, [{predicate: confirmation, grammar_entry: None, value: no}], sender=DmeModule, reason=None))
2017-10-24 16:46:07,339 - TdmApplication - DEBUG - FrontendConnectionHandler(id=140114153503056, session='2017-10-24T16_45_05_0'): writing {"content": [{"predicate": "confirmation", "grammar_entry": null, "value": "no"}], "_sender": "DmeModule", "_reason": null, "event_type": "FACTS"}
2017-10-24 16:46:07,339 - TdmApplication - DEBUG - FrontendConnectionHandler(id=140114153503056, session='2017-10-24T16_45_05_0'): OK
2017-10-24 16:53:07,870 - TdmApplication - DEBUG - FrontendConnectionHandler(id=140114153503056, session='2017-10-24T16_45_05_0').on_close()
2017-10-24 16:53:07,870 - TdmApplication - DEBUG - SessionManager.stop('2017-10-24T16_45_05_0')
2017-10-24 16:53:07,874 - TdmApplication - DEBUG - TdmApplication.stop(): Stopping HTTP server
2017-10-24 16:53:07,875 - TdmApplication - DEBUG - TdmApplication.stop(): Stopping IO-loop
2017-10-24 16:53:07,875 - TdmApplication - DEBUG - TdmApplication.stop(): Stopping sessions []
2017-10-24 16:53:07,876 - TdmApplication - DEBUG - FrontendConnectionHandler(id=140114153503056, session='2017-10-24T16_45_05_0').on_event(Event(FACTS, [{predicate: confirmation, grammar_entry: None, value: no}], sender=DmeModule, reason=None))
2017-10-24 16:53:07,876 - TdmApplication - DEBUG - FrontendConnectionHandler(id=140114153503056, session='2017-10-24T16_45_05_0'): writing {"content": [{"predicate": "confirmation", "grammar_entry": null, "value": "no"}], "_sender": "DmeModule", "_reason": null, "event_type": "FACTS"}
2017-10-24 16:53:07,876 - TdmApplication - DEBUG - FrontendConnectionHandler(id=140114153503056, session='2017-10-24T16_45_05_0'): OK
