2017-10-24 11:25:24,900 - TdmApplication - DEBUG - DddDb().__init__(name='ddds', default_ddds=[u'recipehelp'])
2017-10-24 11:25:24,900 - TdmApplication - DEBUG - DddDb(): DB file name is '/home/gusmatssar/recipedialogue/tdm/ddds.json'
2017-10-24 11:25:24,910 - TdmApplication - DEBUG - FrontendConnectionHandler(id=140039866804560, session=None).open()
2017-10-24 11:25:24,913 - TdmApplication - DEBUG - thread_manager.create_thread() with threading.active_count()=3
2017-10-24 11:25:24,913 - TdmApplication - DEBUG - FrontendConnectionHandler(id=140039866804560, session=None).on_message({"handshake_content": {"session_id": null, "keep_session_alive": false}, "name": "Frontend"})
2017-10-24 11:25:24,913 - TdmApplication - DEBUG - FrontendConnectionHandler(id=140039866804560, session=None)._register({"handshake_content": {"session_id": null, "keep_session_alive": false}, "name": "Frontend"})
2017-10-24 11:25:24,914 - TdmApplication - DEBUG - thread_manager.create_thread() with threading.active_count()=4
2017-10-24 11:25:24,916 - TdmApplication - DEBUG - Creating backend and session with id 2017-10-24T11_25_24_0.
2017-10-24 11:25:24,951 - TdmApplication - DEBUG - FrontendConnectionHandler._register: Registered in session 2017-10-24T11_25_24_0 with backend <ThreadedBackend(ThreadedBackend, started daemon 140039623276288)>.
2017-10-24 11:25:24,951 - TdmApplication - DEBUG - FrontendConnectionHandler(id=140039866804560, session='2017-10-24T11_25_24_0').on_event(Event(REGISTER_BACKEND, None, sender=Backend, reason=None))
2017-10-24 11:25:24,952 - TdmApplication - DEBUG - FrontendConnectionHandler(id=140039866804560, session='2017-10-24T11_25_24_0'): writing {"content": null, "_sender": "Backend", "_reason": null, "event_type": "REGISTER_BACKEND"}
2017-10-24 11:25:24,952 - TdmApplication - DEBUG - FrontendConnectionHandler(id=140039866804560, session='2017-10-24T11_25_24_0'): OK
2017-10-24 11:25:24,985 - TdmApplication - DEBUG - FrontendConnectionHandler(id=140039866804560, session='2017-10-24T11_25_24_0').on_message({"content": null, "_sender": "Frontend", "_reason": null, "event_type": "FRONTEND_READY"})
2017-10-24 11:25:24,987 - TdmApplication - DEBUG - FrontendConnectionHandler(id=140039866804560, session='2017-10-24T11_25_24_0').on_event(Event(BACKEND_READY, None, sender=Backend, reason=None))
2017-10-24 11:25:24,987 - TdmApplication - DEBUG - FrontendConnectionHandler(id=140039866804560, session='2017-10-24T11_25_24_0'): writing {"content": null, "_sender": "Backend", "_reason": null, "event_type": "BACKEND_READY"}
2017-10-24 11:25:24,988 - TdmApplication - DEBUG - FrontendConnectionHandler(id=140039866804560, session='2017-10-24T11_25_24_0'): OK
2017-10-24 11:25:24,993 - TdmApplication - DEBUG - FrontendConnectionHandler(id=140039866804560, session='2017-10-24T11_25_24_0').on_message({"content": null, "_sender": "Frontend", "_reason": null, "event_type": "START"})
2017-10-24 11:25:25,028 - TdmApplication - DEBUG - FrontendConnectionHandler(id=140039866804560, session='2017-10-24T11_25_24_0').on_event(Event(SET_DDD, {ddd_name: recipehelp, language_code: eng}, sender=DmeModule, reason=None))
2017-10-24 11:25:25,028 - TdmApplication - DEBUG - FrontendConnectionHandler(id=140039866804560, session='2017-10-24T11_25_24_0'): writing {"content": {"ddd_name": "recipehelp", "language_code": "eng"}, "_sender": "DmeModule", "_reason": null, "event_type": "SET_DDD"}
2017-10-24 11:25:25,028 - TdmApplication - DEBUG - FrontendConnectionHandler(id=140039866804560, session='2017-10-24T11_25_24_0'): OK
2017-10-24 11:25:25,028 - TdmApplication - DEBUG - FrontendConnectionHandler(id=140039866804560, session='2017-10-24T11_25_24_0').on_event(Event(FACTS, [], sender=DmeModule, reason=None))
2017-10-24 11:25:25,029 - TdmApplication - DEBUG - FrontendConnectionHandler(id=140039866804560, session='2017-10-24T11_25_24_0'): writing {"content": [], "_sender": "DmeModule", "_reason": null, "event_type": "FACTS"}
2017-10-24 11:25:25,029 - TdmApplication - DEBUG - FrontendConnectionHandler(id=140039866804560, session='2017-10-24T11_25_24_0'): OK
2017-10-24 11:25:25,037 - TdmApplication - DEBUG - FrontendConnectionHandler(id=140039866804560, session='2017-10-24T11_25_24_0').on_event(Event(SYSTEM_UTTERANCE_TO_SPEAK, [, What would you like to do?], sender=GenerateModule, reason=None))
2017-10-24 11:25:25,038 - TdmApplication - DEBUG - FrontendConnectionHandler(id=140039866804560, session='2017-10-24T11_25_24_0'): writing {"content": ["", "What would you like to do?"], "_sender": "GenerateModule", "_reason": null, "event_type": "SYSTEM_UTTERANCE_TO_SPEAK"}
2017-10-24 11:25:25,038 - TdmApplication - DEBUG - FrontendConnectionHandler(id=140039866804560, session='2017-10-24T11_25_24_0'): OK
2017-10-24 11:25:25,038 - TdmApplication - DEBUG - FrontendConnectionHandler(id=140039866804560, session='2017-10-24T11_25_24_0').on_event(Event(MESSAGE_TO_GUI, [], sender=GuiBackend, reason=None))
2017-10-24 11:25:25,038 - TdmApplication - DEBUG - FrontendConnectionHandler(id=140039866804560, session='2017-10-24T11_25_24_0'): writing {"content": [], "_sender": "GuiBackend", "_reason": null, "event_type": "MESSAGE_TO_GUI"}
2017-10-24 11:25:25,039 - TdmApplication - DEBUG - FrontendConnectionHandler(id=140039866804560, session='2017-10-24T11_25_24_0'): OK
2017-10-24 11:25:25,080 - TdmApplication - DEBUG - FrontendConnectionHandler(id=140039866804560, session='2017-10-24T11_25_24_0').on_message({"content": ["", "What would you like to do?"], "_sender": "TextOutputComponent", "_reason": null, "event_type": "SYSTEM_UTTERANCE_REALIZED"})
2017-10-24 11:25:25,105 - TdmApplication - DEBUG - FrontendConnectionHandler(id=140039866804560, session='2017-10-24T11_25_24_0').on_event(Event(FACTS, [], sender=DmeModule, reason=None))
2017-10-24 11:25:25,105 - TdmApplication - DEBUG - FrontendConnectionHandler(id=140039866804560, session='2017-10-24T11_25_24_0'): writing {"content": [], "_sender": "DmeModule", "_reason": null, "event_type": "FACTS"}
2017-10-24 11:25:25,105 - TdmApplication - DEBUG - FrontendConnectionHandler(id=140039866804560, session='2017-10-24T11_25_24_0'): OK
2017-10-24 11:25:29,604 - TdmApplication - DEBUG - FrontendConnectionHandler(id=140039866804560, session='2017-10-24T11_25_24_0').on_message({"content": [{"score": 1.0, "utterance": "go to a step"}], "_sender": "TextInputComponent", "_reason": null, "event_type": "RECOGNITION"})
2017-10-24 11:25:29,613 - TdmApplication - DEBUG - FrontendConnectionHandler(id=140039866804560, session='2017-10-24T11_25_24_0').on_event(Event(STOP_LISTENING, None, sender=TurnManager, reason=None))
2017-10-24 11:25:29,613 - TdmApplication - DEBUG - FrontendConnectionHandler(id=140039866804560, session='2017-10-24T11_25_24_0'): writing {"content": null, "_sender": "TurnManager", "_reason": null, "event_type": "STOP_LISTENING"}
2017-10-24 11:25:29,613 - TdmApplication - DEBUG - FrontendConnectionHandler(id=140039866804560, session='2017-10-24T11_25_24_0'): OK
2017-10-24 11:25:29,686 - TdmApplication - DEBUG - FrontendConnectionHandler(id=140039866804560, session='2017-10-24T11_25_24_0').on_event(Event(SELECTED_RECOGNITION, go to a step, sender=DmeModule, reason=None))
2017-10-24 11:25:29,686 - TdmApplication - DEBUG - FrontendConnectionHandler(id=140039866804560, session='2017-10-24T11_25_24_0'): writing {"content": "go to a step", "_sender": "DmeModule", "_reason": null, "event_type": "SELECTED_RECOGNITION"}
2017-10-24 11:25:29,686 - TdmApplication - DEBUG - FrontendConnectionHandler(id=140039866804560, session='2017-10-24T11_25_24_0'): OK
2017-10-24 11:25:29,687 - TdmApplication - DEBUG - FrontendConnectionHandler(id=140039866804560, session='2017-10-24T11_25_24_0').on_event(Event(FACTS, [], sender=DmeModule, reason=None))
2017-10-24 11:25:29,687 - TdmApplication - DEBUG - FrontendConnectionHandler(id=140039866804560, session='2017-10-24T11_25_24_0'): writing {"content": [], "_sender": "DmeModule", "_reason": null, "event_type": "FACTS"}
2017-10-24 11:25:29,688 - TdmApplication - DEBUG - FrontendConnectionHandler(id=140039866804560, session='2017-10-24T11_25_24_0'): OK
2017-10-24 11:25:29,698 - TdmApplication - DEBUG - FrontendConnectionHandler(id=140039866804560, session='2017-10-24T11_25_24_0').on_event(Event(SYSTEM_UTTERANCE_TO_SPEAK, [, , Which step?], sender=GenerateModule, reason=None))
2017-10-24 11:25:29,698 - TdmApplication - DEBUG - FrontendConnectionHandler(id=140039866804560, session='2017-10-24T11_25_24_0'): writing {"content": ["", "", "Which step?"], "_sender": "GenerateModule", "_reason": null, "event_type": "SYSTEM_UTTERANCE_TO_SPEAK"}
2017-10-24 11:25:29,699 - TdmApplication - DEBUG - FrontendConnectionHandler(id=140039866804560, session='2017-10-24T11_25_24_0'): OK
2017-10-24 11:25:29,699 - TdmApplication - DEBUG - FrontendConnectionHandler(id=140039866804560, session='2017-10-24T11_25_24_0').on_event(Event(MESSAGE_TO_GUI, [], sender=GuiBackend, reason=None))
2017-10-24 11:25:29,700 - TdmApplication - DEBUG - FrontendConnectionHandler(id=140039866804560, session='2017-10-24T11_25_24_0'): writing {"content": [], "_sender": "GuiBackend", "_reason": null, "event_type": "MESSAGE_TO_GUI"}
2017-10-24 11:25:29,700 - TdmApplication - DEBUG - FrontendConnectionHandler(id=140039866804560, session='2017-10-24T11_25_24_0'): OK
2017-10-24 11:25:29,709 - TdmApplication - DEBUG - FrontendConnectionHandler(id=140039866804560, session='2017-10-24T11_25_24_0').on_message({"content": ["", "", "Which step?"], "_sender": "TextOutputComponent", "_reason": null, "event_type": "SYSTEM_UTTERANCE_REALIZED"})
2017-10-24 11:25:29,741 - TdmApplication - DEBUG - FrontendConnectionHandler(id=140039866804560, session='2017-10-24T11_25_24_0').on_event(Event(FACTS, [], sender=DmeModule, reason=None))
2017-10-24 11:25:29,741 - TdmApplication - DEBUG - FrontendConnectionHandler(id=140039866804560, session='2017-10-24T11_25_24_0'): writing {"content": [], "_sender": "DmeModule", "_reason": null, "event_type": "FACTS"}
2017-10-24 11:25:29,741 - TdmApplication - DEBUG - FrontendConnectionHandler(id=140039866804560, session='2017-10-24T11_25_24_0'): OK
2017-10-24 11:25:31,892 - TdmApplication - DEBUG - FrontendConnectionHandler(id=140039866804560, session='2017-10-24T11_25_24_0').on_message({"content": [{"score": 1.0, "utterance": "step one"}], "_sender": "TextInputComponent", "_reason": null, "event_type": "RECOGNITION"})
2017-10-24 11:25:31,897 - TdmApplication - DEBUG - FrontendConnectionHandler(id=140039866804560, session='2017-10-24T11_25_24_0').on_event(Event(STOP_LISTENING, None, sender=TurnManager, reason=None))
2017-10-24 11:25:31,897 - TdmApplication - DEBUG - FrontendConnectionHandler(id=140039866804560, session='2017-10-24T11_25_24_0'): writing {"content": null, "_sender": "TurnManager", "_reason": null, "event_type": "STOP_LISTENING"}
2017-10-24 11:25:31,897 - TdmApplication - DEBUG - FrontendConnectionHandler(id=140039866804560, session='2017-10-24T11_25_24_0'): OK
2017-10-24 11:25:31,981 - TdmApplication - DEBUG - FrontendConnectionHandler(id=140039866804560, session='2017-10-24T11_25_24_0').on_event(Event(SELECTED_RECOGNITION, step one, sender=DmeModule, reason=None))
2017-10-24 11:25:31,981 - TdmApplication - DEBUG - FrontendConnectionHandler(id=140039866804560, session='2017-10-24T11_25_24_0'): writing {"content": "step one", "_sender": "DmeModule", "_reason": null, "event_type": "SELECTED_RECOGNITION"}
2017-10-24 11:25:31,981 - TdmApplication - DEBUG - FrontendConnectionHandler(id=140039866804560, session='2017-10-24T11_25_24_0'): OK
2017-10-24 11:25:31,982 - TdmApplication - DEBUG - FrontendConnectionHandler(id=140039866804560, session='2017-10-24T11_25_24_0').on_event(Event(FACTS, [{predicate: go_to_step, grammar_entry: None, value: chose a step}], sender=DmeModule, reason=None))
2017-10-24 11:25:31,982 - TdmApplication - DEBUG - FrontendConnectionHandler(id=140039866804560, session='2017-10-24T11_25_24_0'): writing {"content": [{"predicate": "go_to_step", "grammar_entry": null, "value": "chose a step"}], "_sender": "DmeModule", "_reason": null, "event_type": "FACTS"}
2017-10-24 11:25:31,982 - TdmApplication - DEBUG - FrontendConnectionHandler(id=140039866804560, session='2017-10-24T11_25_24_0'): OK
2017-10-24 11:25:31,991 - TdmApplication - DEBUG - FrontendConnectionHandler(id=140039866804560, session='2017-10-24T11_25_24_0').on_event(Event(SYSTEM_UTTERANCE_TO_SPEAK, [Ok chose a step.], sender=GenerateModule, reason=None))
2017-10-24 11:25:31,991 - TdmApplication - DEBUG - FrontendConnectionHandler(id=140039866804560, session='2017-10-24T11_25_24_0'): writing {"content": ["Ok chose a step."], "_sender": "GenerateModule", "_reason": null, "event_type": "SYSTEM_UTTERANCE_TO_SPEAK"}
2017-10-24 11:25:31,992 - TdmApplication - DEBUG - FrontendConnectionHandler(id=140039866804560, session='2017-10-24T11_25_24_0'): OK
2017-10-24 11:25:31,993 - TdmApplication - DEBUG - FrontendConnectionHandler(id=140039866804560, session='2017-10-24T11_25_24_0').on_event(Event(GUI.POPUP, {options: [], title: Ok chose a step.}, sender=IndependentGuiBackend, reason=None))
2017-10-24 11:25:31,993 - TdmApplication - DEBUG - FrontendConnectionHandler(id=140039866804560, session='2017-10-24T11_25_24_0'): writing {"content": {"options": [], "title": "Ok chose a step."}, "_sender": "IndependentGuiBackend", "_reason": null, "event_type": "GUI.POPUP"}
2017-10-24 11:25:31,993 - TdmApplication - DEBUG - FrontendConnectionHandler(id=140039866804560, session='2017-10-24T11_25_24_0'): OK
2017-10-24 11:25:31,995 - TdmApplication - DEBUG - FrontendConnectionHandler(id=140039866804560, session='2017-10-24T11_25_24_0').on_event(Event(MESSAGE_TO_GUI, [<tdm.tdm_gui_protocol.Popup instance at 0x7f5d90154050>], sender=GuiBackend, reason=None))
2017-10-24 11:25:31,995 - TdmApplication - DEBUG - FrontendConnectionHandler(id=140039866804560, session='2017-10-24T11_25_24_0'): writing {"content": [{"Popup": {"elements": [], "title": "Ok chose a step."}}], "_sender": "GuiBackend", "_reason": null, "event_type": "MESSAGE_TO_GUI"}
2017-10-24 11:25:31,996 - TdmApplication - DEBUG - FrontendConnectionHandler(id=140039866804560, session='2017-10-24T11_25_24_0'): OK
2017-10-24 11:25:32,000 - TdmApplication - DEBUG - FrontendConnectionHandler(id=140039866804560, session='2017-10-24T11_25_24_0').on_message({"content": ["Ok chose a step."], "_sender": "TextOutputComponent", "_reason": null, "event_type": "SYSTEM_UTTERANCE_REALIZED"})
2017-10-24 11:25:32,027 - TdmApplication - DEBUG - FrontendConnectionHandler(id=140039866804560, session='2017-10-24T11_25_24_0').on_event(Event(FACTS, [{predicate: go_to_step, grammar_entry: None, value: chose a step}], sender=DmeModule, reason=None))
2017-10-24 11:25:32,027 - TdmApplication - DEBUG - FrontendConnectionHandler(id=140039866804560, session='2017-10-24T11_25_24_0'): writing {"content": [{"predicate": "go_to_step", "grammar_entry": null, "value": "chose a step"}], "_sender": "DmeModule", "_reason": null, "event_type": "FACTS"}
2017-10-24 11:25:32,028 - TdmApplication - DEBUG - FrontendConnectionHandler(id=140039866804560, session='2017-10-24T11_25_24_0'): OK
2017-10-24 11:25:39,200 - TdmApplication - DEBUG - FrontendConnectionHandler(id=140039866804560, session='2017-10-24T11_25_24_0').on_message({"content": [{"score": 1.0, "utterance": "tell me what to do"}], "_sender": "TextInputComponent", "_reason": null, "event_type": "RECOGNITION"})
2017-10-24 11:25:39,205 - TdmApplication - DEBUG - FrontendConnectionHandler(id=140039866804560, session='2017-10-24T11_25_24_0').on_event(Event(FACTS, [], sender=DmeModule, reason=None))
2017-10-24 11:25:39,205 - TdmApplication - DEBUG - FrontendConnectionHandler(id=140039866804560, session='2017-10-24T11_25_24_0'): writing {"content": [], "_sender": "DmeModule", "_reason": null, "event_type": "FACTS"}
2017-10-24 11:25:39,205 - TdmApplication - DEBUG - FrontendConnectionHandler(id=140039866804560, session='2017-10-24T11_25_24_0'): OK
2017-10-24 11:25:39,216 - TdmApplication - DEBUG - FrontendConnectionHandler(id=140039866804560, session='2017-10-24T11_25_24_0').on_event(Event(STOP_SPEAKING, None, sender=TurnManager, reason=None))
2017-10-24 11:25:39,216 - TdmApplication - DEBUG - FrontendConnectionHandler(id=140039866804560, session='2017-10-24T11_25_24_0'): writing {"content": null, "_sender": "TurnManager", "_reason": null, "event_type": "STOP_SPEAKING"}
2017-10-24 11:25:39,216 - TdmApplication - DEBUG - FrontendConnectionHandler(id=140039866804560, session='2017-10-24T11_25_24_0'): OK
2017-10-24 11:25:39,217 - TdmApplication - DEBUG - FrontendConnectionHandler(id=140039866804560, session='2017-10-24T11_25_24_0').on_event(Event(SYSTEM_UTTERANCE_TO_SPEAK, [Returning to the start view., What would you like to do?], sender=GenerateModule, reason=None))
2017-10-24 11:25:39,218 - TdmApplication - DEBUG - FrontendConnectionHandler(id=140039866804560, session='2017-10-24T11_25_24_0'): writing {"content": ["Returning to the start view.", "What would you like to do?"], "_sender": "GenerateModule", "_reason": null, "event_type": "SYSTEM_UTTERANCE_TO_SPEAK"}
2017-10-24 11:25:39,218 - TdmApplication - DEBUG - FrontendConnectionHandler(id=140039866804560, session='2017-10-24T11_25_24_0'): OK
2017-10-24 11:25:39,220 - TdmApplication - DEBUG - FrontendConnectionHandler(id=140039866804560, session='2017-10-24T11_25_24_0').on_event(Event(MESSAGE_TO_GUI, [<tdm.tdm_gui_protocol.ClosePopup instance at 0x7f5d90159f38>], sender=GuiBackend, reason=None))
2017-10-24 11:25:39,220 - TdmApplication - DEBUG - FrontendConnectionHandler(id=140039866804560, session='2017-10-24T11_25_24_0'): writing {"content": [{"ClosePopup": {}}], "_sender": "GuiBackend", "_reason": null, "event_type": "MESSAGE_TO_GUI"}
2017-10-24 11:25:39,220 - TdmApplication - DEBUG - FrontendConnectionHandler(id=140039866804560, session='2017-10-24T11_25_24_0'): OK
2017-10-24 11:25:39,223 - TdmApplication - DEBUG - FrontendConnectionHandler(id=140039866804560, session='2017-10-24T11_25_24_0').on_message({"content": ["Returning to the start view.", "What would you like to do?"], "_sender": "TextOutputComponent", "_reason": null, "event_type": "SYSTEM_UTTERANCE_REALIZED"})
2017-10-24 11:25:39,248 - TdmApplication - DEBUG - FrontendConnectionHandler(id=140039866804560, session='2017-10-24T11_25_24_0').on_event(Event(FACTS, [], sender=DmeModule, reason=None))
2017-10-24 11:25:39,248 - TdmApplication - DEBUG - FrontendConnectionHandler(id=140039866804560, session='2017-10-24T11_25_24_0'): writing {"content": [], "_sender": "DmeModule", "_reason": null, "event_type": "FACTS"}
2017-10-24 11:25:39,248 - TdmApplication - DEBUG - FrontendConnectionHandler(id=140039866804560, session='2017-10-24T11_25_24_0'): OK
2017-10-24 11:25:39,322 - TdmApplication - DEBUG - FrontendConnectionHandler(id=140039866804560, session='2017-10-24T11_25_24_0').on_event(Event(SELECTED_RECOGNITION, tell me what to do, sender=DmeModule, reason=None))
2017-10-24 11:25:39,322 - TdmApplication - DEBUG - FrontendConnectionHandler(id=140039866804560, session='2017-10-24T11_25_24_0'): writing {"content": "tell me what to do", "_sender": "DmeModule", "_reason": null, "event_type": "SELECTED_RECOGNITION"}
2017-10-24 11:25:39,322 - TdmApplication - DEBUG - FrontendConnectionHandler(id=140039866804560, session='2017-10-24T11_25_24_0'): OK
2017-10-24 11:25:39,323 - TdmApplication - DEBUG - FrontendConnectionHandler(id=140039866804560, session='2017-10-24T11_25_24_0').on_event(Event(FACTS, [{predicate: say_step, grammar_entry: None, value:  Step one: Chop onions and garlic.}], sender=DmeModule, reason=None))
2017-10-24 11:25:39,323 - TdmApplication - DEBUG - FrontendConnectionHandler(id=140039866804560, session='2017-10-24T11_25_24_0'): writing {"content": [{"predicate": "say_step", "grammar_entry": null, "value": " Step one: Chop onions and garlic."}], "_sender": "DmeModule", "_reason": null, "event_type": "FACTS"}
2017-10-24 11:25:39,323 - TdmApplication - DEBUG - FrontendConnectionHandler(id=140039866804560, session='2017-10-24T11_25_24_0'): OK
2017-10-24 11:25:39,333 - TdmApplication - DEBUG - FrontendConnectionHandler(id=140039866804560, session='2017-10-24T11_25_24_0').on_event(Event(SYSTEM_UTTERANCE_TO_SPEAK, [Ok  Step one: Chop onions and garlic..], sender=GenerateModule, reason=None))
2017-10-24 11:25:39,333 - TdmApplication - DEBUG - FrontendConnectionHandler(id=140039866804560, session='2017-10-24T11_25_24_0'): writing {"content": ["Ok  Step one: Chop onions and garlic.."], "_sender": "GenerateModule", "_reason": null, "event_type": "SYSTEM_UTTERANCE_TO_SPEAK"}
2017-10-24 11:25:39,333 - TdmApplication - DEBUG - FrontendConnectionHandler(id=140039866804560, session='2017-10-24T11_25_24_0'): OK
2017-10-24 11:25:39,334 - TdmApplication - DEBUG - FrontendConnectionHandler(id=140039866804560, session='2017-10-24T11_25_24_0').on_event(Event(GUI.POPUP, {options: [], title: Ok  Step one: Chop onions and garlic..}, sender=IndependentGuiBackend, reason=None))
2017-10-24 11:25:39,334 - TdmApplication - DEBUG - FrontendConnectionHandler(id=140039866804560, session='2017-10-24T11_25_24_0'): writing {"content": {"options": [], "title": "Ok  Step one: Chop onions and garlic.."}, "_sender": "IndependentGuiBackend", "_reason": null, "event_type": "GUI.POPUP"}
2017-10-24 11:25:39,335 - TdmApplication - DEBUG - FrontendConnectionHandler(id=140039866804560, session='2017-10-24T11_25_24_0'): OK
2017-10-24 11:25:39,336 - TdmApplication - DEBUG - FrontendConnectionHandler(id=140039866804560, session='2017-10-24T11_25_24_0').on_event(Event(MESSAGE_TO_GUI, [<tdm.tdm_gui_protocol.Popup instance at 0x7f5d90159a70>], sender=GuiBackend, reason=None))
2017-10-24 11:25:39,336 - TdmApplication - DEBUG - FrontendConnectionHandler(id=140039866804560, session='2017-10-24T11_25_24_0'): writing {"content": [{"Popup": {"elements": [], "title": "Ok  Step one: Chop onions and garlic.."}}], "_sender": "GuiBackend", "_reason": null, "event_type": "MESSAGE_TO_GUI"}
2017-10-24 11:25:39,336 - TdmApplication - DEBUG - FrontendConnectionHandler(id=140039866804560, session='2017-10-24T11_25_24_0'): OK
2017-10-24 11:25:39,343 - TdmApplication - DEBUG - FrontendConnectionHandler(id=140039866804560, session='2017-10-24T11_25_24_0').on_message({"content": ["Ok  Step one: Chop onions and garlic.."], "_sender": "TextOutputComponent", "_reason": null, "event_type": "SYSTEM_UTTERANCE_REALIZED"})
2017-10-24 11:25:39,369 - TdmApplication - DEBUG - FrontendConnectionHandler(id=140039866804560, session='2017-10-24T11_25_24_0').on_event(Event(FACTS, [{predicate: say_step, grammar_entry: None, value:  Step one: Chop onions and garlic.}], sender=DmeModule, reason=None))
2017-10-24 11:25:39,369 - TdmApplication - DEBUG - FrontendConnectionHandler(id=140039866804560, session='2017-10-24T11_25_24_0'): writing {"content": [{"predicate": "say_step", "grammar_entry": null, "value": " Step one: Chop onions and garlic."}], "_sender": "DmeModule", "_reason": null, "event_type": "FACTS"}
2017-10-24 11:25:39,369 - TdmApplication - DEBUG - FrontendConnectionHandler(id=140039866804560, session='2017-10-24T11_25_24_0'): OK
2017-10-24 11:33:45,195 - TdmApplication - DEBUG - FrontendConnectionHandler(id=140039866804560, session='2017-10-24T11_25_24_0').on_close()
2017-10-24 11:33:45,195 - TdmApplication - DEBUG - SessionManager.stop('2017-10-24T11_25_24_0')
2017-10-24 11:33:45,199 - TdmApplication - DEBUG - TdmApplication.stop(): Stopping HTTP server
2017-10-24 11:33:45,199 - TdmApplication - DEBUG - TdmApplication.stop(): Stopping IO-loop
2017-10-24 11:33:45,200 - TdmApplication - DEBUG - TdmApplication.stop(): Stopping sessions []
2017-10-24 11:33:45,200 - TdmApplication - DEBUG - FrontendConnectionHandler(id=140039866804560, session='2017-10-24T11_25_24_0').on_event(Event(FACTS, [], sender=DmeModule, reason=None))
2017-10-24 11:33:45,200 - TdmApplication - DEBUG - FrontendConnectionHandler(id=140039866804560, session='2017-10-24T11_25_24_0'): writing {"content": [], "_sender": "DmeModule", "_reason": null, "event_type": "FACTS"}
2017-10-24 11:33:45,201 - TdmApplication - DEBUG - FrontendConnectionHandler(id=140039866804560, session='2017-10-24T11_25_24_0'): OK
