2017-10-20 14:18:27,529 - TdmApplication - DEBUG - DddDb().__init__(name='ddds', default_ddds=[u'recipehelp'])
2017-10-20 14:18:27,530 - TdmApplication - DEBUG - DddDb(): DB file name is '/home/gusmatssar/recipedialogue/tdm/ddds.json'
2017-10-20 14:18:27,540 - TdmApplication - DEBUG - FrontendConnectionHandler(id=139677290297680, session=None).open()
2017-10-20 14:18:27,541 - TdmApplication - DEBUG - thread_manager.create_thread() with threading.active_count()=3
2017-10-20 14:18:27,542 - TdmApplication - DEBUG - FrontendConnectionHandler(id=139677290297680, session=None).on_message({"handshake_content": {"session_id": null, "keep_session_alive": false}, "name": "Frontend"})
2017-10-20 14:18:27,542 - TdmApplication - DEBUG - FrontendConnectionHandler(id=139677290297680, session=None)._register({"handshake_content": {"session_id": null, "keep_session_alive": false}, "name": "Frontend"})
2017-10-20 14:18:27,542 - TdmApplication - DEBUG - thread_manager.create_thread() with threading.active_count()=4
2017-10-20 14:18:27,543 - TdmApplication - DEBUG - Creating backend and session with id 2017-10-20T14_18_27_0.
2017-10-20 14:18:27,578 - TdmApplication - DEBUG - FrontendConnectionHandler._register: Registered in session 2017-10-20T14_18_27_0 with backend <ThreadedBackend(ThreadedBackend, started daemon 139677249271552)>.
2017-10-20 14:18:27,579 - TdmApplication - DEBUG - FrontendConnectionHandler(id=139677290297680, session='2017-10-20T14_18_27_0').on_event(Event(REGISTER_BACKEND, None, sender=Backend, reason=None))
2017-10-20 14:18:27,579 - TdmApplication - DEBUG - FrontendConnectionHandler(id=139677290297680, session='2017-10-20T14_18_27_0'): writing {"content": null, "_sender": "Backend", "_reason": null, "event_type": "REGISTER_BACKEND"}
2017-10-20 14:18:27,579 - TdmApplication - DEBUG - FrontendConnectionHandler(id=139677290297680, session='2017-10-20T14_18_27_0'): OK
2017-10-20 14:18:27,611 - TdmApplication - DEBUG - FrontendConnectionHandler(id=139677290297680, session='2017-10-20T14_18_27_0').on_message({"content": null, "_sender": "Frontend", "_reason": null, "event_type": "FRONTEND_READY"})
2017-10-20 14:18:27,613 - TdmApplication - DEBUG - FrontendConnectionHandler(id=139677290297680, session='2017-10-20T14_18_27_0').on_event(Event(BACKEND_READY, None, sender=Backend, reason=None))
2017-10-20 14:18:27,613 - TdmApplication - DEBUG - FrontendConnectionHandler(id=139677290297680, session='2017-10-20T14_18_27_0'): writing {"content": null, "_sender": "Backend", "_reason": null, "event_type": "BACKEND_READY"}
2017-10-20 14:18:27,613 - TdmApplication - DEBUG - FrontendConnectionHandler(id=139677290297680, session='2017-10-20T14_18_27_0'): OK
2017-10-20 14:18:27,616 - TdmApplication - DEBUG - FrontendConnectionHandler(id=139677290297680, session='2017-10-20T14_18_27_0').on_message({"content": null, "_sender": "Frontend", "_reason": null, "event_type": "START"})
2017-10-20 14:18:27,647 - TdmApplication - DEBUG - FrontendConnectionHandler(id=139677290297680, session='2017-10-20T14_18_27_0').on_event(Event(SET_DDD, {ddd_name: recipehelp, language_code: eng}, sender=DmeModule, reason=None))
2017-10-20 14:18:27,647 - TdmApplication - DEBUG - FrontendConnectionHandler(id=139677290297680, session='2017-10-20T14_18_27_0'): writing {"content": {"ddd_name": "recipehelp", "language_code": "eng"}, "_sender": "DmeModule", "_reason": null, "event_type": "SET_DDD"}
2017-10-20 14:18:27,647 - TdmApplication - DEBUG - FrontendConnectionHandler(id=139677290297680, session='2017-10-20T14_18_27_0'): OK
2017-10-20 14:18:27,649 - TdmApplication - DEBUG - FrontendConnectionHandler(id=139677290297680, session='2017-10-20T14_18_27_0').on_event(Event(FACTS, [], sender=DmeModule, reason=None))
2017-10-20 14:18:27,649 - TdmApplication - DEBUG - FrontendConnectionHandler(id=139677290297680, session='2017-10-20T14_18_27_0'): writing {"content": [], "_sender": "DmeModule", "_reason": null, "event_type": "FACTS"}
2017-10-20 14:18:27,649 - TdmApplication - DEBUG - FrontendConnectionHandler(id=139677290297680, session='2017-10-20T14_18_27_0'): OK
2017-10-20 14:18:27,663 - TdmApplication - DEBUG - FrontendConnectionHandler(id=139677290297680, session='2017-10-20T14_18_27_0').on_event(Event(SYSTEM_UTTERANCE_TO_SPEAK, [Do you want to know go to step?], sender=GenerateModule, reason=None))
2017-10-20 14:18:27,663 - TdmApplication - DEBUG - FrontendConnectionHandler(id=139677290297680, session='2017-10-20T14_18_27_0'): writing {"content": ["Do you want to know go to step?"], "_sender": "GenerateModule", "_reason": null, "event_type": "SYSTEM_UTTERANCE_TO_SPEAK"}
2017-10-20 14:18:27,663 - TdmApplication - DEBUG - FrontendConnectionHandler(id=139677290297680, session='2017-10-20T14_18_27_0'): OK
2017-10-20 14:18:27,665 - TdmApplication - DEBUG - FrontendConnectionHandler(id=139677290297680, session='2017-10-20T14_18_27_0').on_event(Event(MESSAGE_TO_GUI, [<tdm.tdm_gui_protocol.Screen instance at 0x7f09244fd680>], sender=GuiBackend, reason=None))
2017-10-20 14:18:27,665 - TdmApplication - DEBUG - FrontendConnectionHandler(id=139677290297680, session='2017-10-20T14_18_27_0'): writing {"content": [{"Screen": {"elements": [{"Element": {"name": "move", "title": "", "items": [{"Item": {"attributes": null, "selected": false, "predicted": false, "value": "ask(?X.go_to_step(X))", "title": "Go to step?"}}], "format": "", "voice_browsed": false, "value": "", "template": "menu", "type": "list"}}], "name": "top", "title": "The start view"}}], "_sender": "GuiBackend", "_reason": null, "event_type": "MESSAGE_TO_GUI"}
2017-10-20 14:18:27,665 - TdmApplication - DEBUG - FrontendConnectionHandler(id=139677290297680, session='2017-10-20T14_18_27_0'): OK
2017-10-20 14:18:27,725 - TdmApplication - DEBUG - FrontendConnectionHandler(id=139677290297680, session='2017-10-20T14_18_27_0').on_message({"content": ["Do you want to know go to step?"], "_sender": "TextOutputComponent", "_reason": null, "event_type": "SYSTEM_UTTERANCE_REALIZED"})
2017-10-20 14:18:27,745 - TdmApplication - DEBUG - FrontendConnectionHandler(id=139677290297680, session='2017-10-20T14_18_27_0').on_event(Event(FACTS, [], sender=DmeModule, reason=None))
2017-10-20 14:18:27,746 - TdmApplication - DEBUG - FrontendConnectionHandler(id=139677290297680, session='2017-10-20T14_18_27_0'): writing {"content": [], "_sender": "DmeModule", "_reason": null, "event_type": "FACTS"}
2017-10-20 14:18:27,746 - TdmApplication - DEBUG - FrontendConnectionHandler(id=139677290297680, session='2017-10-20T14_18_27_0'): OK
2017-10-20 14:18:31,807 - TdmApplication - DEBUG - FrontendConnectionHandler(id=139677290297680, session='2017-10-20T14_18_27_0').on_message({"content": [{"score": 1.0, "utterance": "go to a step"}], "_sender": "TextInputComponent", "_reason": null, "event_type": "RECOGNITION"})
2017-10-20 14:18:31,816 - TdmApplication - DEBUG - FrontendConnectionHandler(id=139677290297680, session='2017-10-20T14_18_27_0').on_event(Event(STOP_LISTENING, None, sender=TurnManager, reason=None))
2017-10-20 14:18:31,816 - TdmApplication - DEBUG - FrontendConnectionHandler(id=139677290297680, session='2017-10-20T14_18_27_0'): writing {"content": null, "_sender": "TurnManager", "_reason": null, "event_type": "STOP_LISTENING"}
2017-10-20 14:18:31,817 - TdmApplication - DEBUG - FrontendConnectionHandler(id=139677290297680, session='2017-10-20T14_18_27_0'): OK
2017-10-20 14:18:31,902 - TdmApplication - DEBUG - FrontendConnectionHandler(id=139677290297680, session='2017-10-20T14_18_27_0').on_event(Event(SELECTED_RECOGNITION, go to a step, sender=DmeModule, reason=None))
2017-10-20 14:18:31,902 - TdmApplication - DEBUG - FrontendConnectionHandler(id=139677290297680, session='2017-10-20T14_18_27_0'): writing {"content": "go to a step", "_sender": "DmeModule", "_reason": null, "event_type": "SELECTED_RECOGNITION"}
2017-10-20 14:18:31,903 - TdmApplication - DEBUG - FrontendConnectionHandler(id=139677290297680, session='2017-10-20T14_18_27_0'): OK
2017-10-20 14:18:31,904 - TdmApplication - DEBUG - FrontendConnectionHandler(id=139677290297680, session='2017-10-20T14_18_27_0').on_event(Event(FACTS, [], sender=DmeModule, reason=None))
2017-10-20 14:18:31,904 - TdmApplication - DEBUG - FrontendConnectionHandler(id=139677290297680, session='2017-10-20T14_18_27_0'): writing {"content": [], "_sender": "DmeModule", "_reason": null, "event_type": "FACTS"}
2017-10-20 14:18:31,904 - TdmApplication - DEBUG - FrontendConnectionHandler(id=139677290297680, session='2017-10-20T14_18_27_0'): OK
2017-10-20 14:18:31,915 - TdmApplication - DEBUG - FrontendConnectionHandler(id=139677290297680, session='2017-10-20T14_18_27_0').on_event(Event(SYSTEM_UTTERANCE_TO_SPEAK, [, , Which step?], sender=GenerateModule, reason=None))
2017-10-20 14:18:31,915 - TdmApplication - DEBUG - FrontendConnectionHandler(id=139677290297680, session='2017-10-20T14_18_27_0'): writing {"content": ["", "", "Which step?"], "_sender": "GenerateModule", "_reason": null, "event_type": "SYSTEM_UTTERANCE_TO_SPEAK"}
2017-10-20 14:18:31,916 - TdmApplication - DEBUG - FrontendConnectionHandler(id=139677290297680, session='2017-10-20T14_18_27_0'): OK
2017-10-20 14:18:31,917 - TdmApplication - DEBUG - FrontendConnectionHandler(id=139677290297680, session='2017-10-20T14_18_27_0').on_event(Event(MESSAGE_TO_GUI, [], sender=GuiBackend, reason=None))
2017-10-20 14:18:31,917 - TdmApplication - DEBUG - FrontendConnectionHandler(id=139677290297680, session='2017-10-20T14_18_27_0'): writing {"content": [], "_sender": "GuiBackend", "_reason": null, "event_type": "MESSAGE_TO_GUI"}
2017-10-20 14:18:31,917 - TdmApplication - DEBUG - FrontendConnectionHandler(id=139677290297680, session='2017-10-20T14_18_27_0'): OK
2017-10-20 14:18:31,924 - TdmApplication - DEBUG - FrontendConnectionHandler(id=139677290297680, session='2017-10-20T14_18_27_0').on_message({"content": ["", "", "Which step?"], "_sender": "TextOutputComponent", "_reason": null, "event_type": "SYSTEM_UTTERANCE_REALIZED"})
2017-10-20 14:18:31,956 - TdmApplication - DEBUG - FrontendConnectionHandler(id=139677290297680, session='2017-10-20T14_18_27_0').on_event(Event(FACTS, [], sender=DmeModule, reason=None))
2017-10-20 14:18:31,956 - TdmApplication - DEBUG - FrontendConnectionHandler(id=139677290297680, session='2017-10-20T14_18_27_0'): writing {"content": [], "_sender": "DmeModule", "_reason": null, "event_type": "FACTS"}
2017-10-20 14:18:31,956 - TdmApplication - DEBUG - FrontendConnectionHandler(id=139677290297680, session='2017-10-20T14_18_27_0'): OK
2017-10-20 14:18:34,657 - TdmApplication - DEBUG - FrontendConnectionHandler(id=139677290297680, session='2017-10-20T14_18_27_0').on_message({"content": [{"score": 1.0, "utterance": "step one"}], "_sender": "TextInputComponent", "_reason": null, "event_type": "RECOGNITION"})
2017-10-20 14:18:34,661 - TdmApplication - DEBUG - FrontendConnectionHandler(id=139677290297680, session='2017-10-20T14_18_27_0').on_event(Event(STOP_LISTENING, None, sender=TurnManager, reason=None))
2017-10-20 14:18:34,661 - TdmApplication - DEBUG - FrontendConnectionHandler(id=139677290297680, session='2017-10-20T14_18_27_0'): writing {"content": null, "_sender": "TurnManager", "_reason": null, "event_type": "STOP_LISTENING"}
2017-10-20 14:18:34,661 - TdmApplication - DEBUG - FrontendConnectionHandler(id=139677290297680, session='2017-10-20T14_18_27_0'): OK
2017-10-20 14:18:34,745 - TdmApplication - DEBUG - FrontendConnectionHandler(id=139677290297680, session='2017-10-20T14_18_27_0').on_event(Event(SELECTED_RECOGNITION, step one, sender=DmeModule, reason=None))
2017-10-20 14:18:34,746 - TdmApplication - DEBUG - FrontendConnectionHandler(id=139677290297680, session='2017-10-20T14_18_27_0'): writing {"content": "step one", "_sender": "DmeModule", "_reason": null, "event_type": "SELECTED_RECOGNITION"}
2017-10-20 14:18:34,746 - TdmApplication - DEBUG - FrontendConnectionHandler(id=139677290297680, session='2017-10-20T14_18_27_0'): OK
2017-10-20 14:18:34,747 - TdmApplication - DEBUG - FrontendConnectionHandler(id=139677290297680, session='2017-10-20T14_18_27_0').on_event(Event(FACTS, [{predicate: go_to_step, grammar_entry: None, value:  Step one: Chop onions and garlic.}], sender=DmeModule, reason=None))
2017-10-20 14:18:34,747 - TdmApplication - DEBUG - FrontendConnectionHandler(id=139677290297680, session='2017-10-20T14_18_27_0'): writing {"content": [{"predicate": "go_to_step", "grammar_entry": null, "value": " Step one: Chop onions and garlic."}], "_sender": "DmeModule", "_reason": null, "event_type": "FACTS"}
2017-10-20 14:18:34,747 - TdmApplication - DEBUG - FrontendConnectionHandler(id=139677290297680, session='2017-10-20T14_18_27_0'): OK
2017-10-20 14:18:34,757 - TdmApplication - DEBUG - FrontendConnectionHandler(id=139677290297680, session='2017-10-20T14_18_27_0').on_event(Event(SYSTEM_UTTERANCE_TO_SPEAK, [Ok  Step one: Chop onions and garlic..], sender=GenerateModule, reason=None))
2017-10-20 14:18:34,757 - TdmApplication - DEBUG - FrontendConnectionHandler(id=139677290297680, session='2017-10-20T14_18_27_0'): writing {"content": ["Ok  Step one: Chop onions and garlic.."], "_sender": "GenerateModule", "_reason": null, "event_type": "SYSTEM_UTTERANCE_TO_SPEAK"}
2017-10-20 14:18:34,757 - TdmApplication - DEBUG - FrontendConnectionHandler(id=139677290297680, session='2017-10-20T14_18_27_0'): OK
2017-10-20 14:18:34,758 - TdmApplication - DEBUG - FrontendConnectionHandler(id=139677290297680, session='2017-10-20T14_18_27_0').on_event(Event(GUI.POPUP, {options: [], title: Ok  Step one: Chop onions and garlic..}, sender=IndependentGuiBackend, reason=None))
2017-10-20 14:18:34,759 - TdmApplication - DEBUG - FrontendConnectionHandler(id=139677290297680, session='2017-10-20T14_18_27_0'): writing {"content": {"options": [], "title": "Ok  Step one: Chop onions and garlic.."}, "_sender": "IndependentGuiBackend", "_reason": null, "event_type": "GUI.POPUP"}
2017-10-20 14:18:34,759 - TdmApplication - DEBUG - FrontendConnectionHandler(id=139677290297680, session='2017-10-20T14_18_27_0'): OK
2017-10-20 14:18:34,760 - TdmApplication - DEBUG - FrontendConnectionHandler(id=139677290297680, session='2017-10-20T14_18_27_0').on_event(Event(MESSAGE_TO_GUI, [<tdm.tdm_gui_protocol.Popup instance at 0x7f0924d46c68>], sender=GuiBackend, reason=None))
2017-10-20 14:18:34,760 - TdmApplication - DEBUG - FrontendConnectionHandler(id=139677290297680, session='2017-10-20T14_18_27_0'): writing {"content": [{"Popup": {"elements": [], "title": "Ok  Step one: Chop onions and garlic.."}}], "_sender": "GuiBackend", "_reason": null, "event_type": "MESSAGE_TO_GUI"}
2017-10-20 14:18:34,760 - TdmApplication - DEBUG - FrontendConnectionHandler(id=139677290297680, session='2017-10-20T14_18_27_0'): OK
2017-10-20 14:18:34,766 - TdmApplication - DEBUG - FrontendConnectionHandler(id=139677290297680, session='2017-10-20T14_18_27_0').on_message({"content": ["Ok  Step one: Chop onions and garlic.."], "_sender": "TextOutputComponent", "_reason": null, "event_type": "SYSTEM_UTTERANCE_REALIZED"})
2017-10-20 14:18:34,794 - TdmApplication - DEBUG - FrontendConnectionHandler(id=139677290297680, session='2017-10-20T14_18_27_0').on_event(Event(FACTS, [{predicate: go_to_step, grammar_entry: None, value:  Step one: Chop onions and garlic.}], sender=DmeModule, reason=None))
2017-10-20 14:18:34,794 - TdmApplication - DEBUG - FrontendConnectionHandler(id=139677290297680, session='2017-10-20T14_18_27_0'): writing {"content": [{"predicate": "go_to_step", "grammar_entry": null, "value": " Step one: Chop onions and garlic."}], "_sender": "DmeModule", "_reason": null, "event_type": "FACTS"}
2017-10-20 14:18:34,794 - TdmApplication - DEBUG - FrontendConnectionHandler(id=139677290297680, session='2017-10-20T14_18_27_0'): OK
2017-10-20 14:19:02,182 - TdmApplication - DEBUG - FrontendConnectionHandler(id=139677290297680, session='2017-10-20T14_18_27_0').on_message({"content": [{"score": 1.0, "utterance": "go to next step"}], "_sender": "TextInputComponent", "_reason": null, "event_type": "RECOGNITION"})
2017-10-20 14:19:02,202 - TdmApplication - DEBUG - FrontendConnectionHandler(id=139677290297680, session='2017-10-20T14_18_27_0').on_event(Event(FACTS, [{predicate: go_to_step, grammar_entry: None, value:  Step one: Chop onions and garlic.}], sender=DmeModule, reason=None))
2017-10-20 14:19:02,202 - TdmApplication - DEBUG - FrontendConnectionHandler(id=139677290297680, session='2017-10-20T14_18_27_0'): writing {"content": [{"predicate": "go_to_step", "grammar_entry": null, "value": " Step one: Chop onions and garlic."}], "_sender": "DmeModule", "_reason": null, "event_type": "FACTS"}
2017-10-20 14:19:02,202 - TdmApplication - DEBUG - FrontendConnectionHandler(id=139677290297680, session='2017-10-20T14_18_27_0'): OK
2017-10-20 14:19:02,218 - TdmApplication - DEBUG - FrontendConnectionHandler(id=139677290297680, session='2017-10-20T14_18_27_0').on_event(Event(STOP_SPEAKING, None, sender=TurnManager, reason=None))
2017-10-20 14:19:02,218 - TdmApplication - DEBUG - FrontendConnectionHandler(id=139677290297680, session='2017-10-20T14_18_27_0'): writing {"content": null, "_sender": "TurnManager", "_reason": null, "event_type": "STOP_SPEAKING"}
2017-10-20 14:19:02,218 - TdmApplication - DEBUG - FrontendConnectionHandler(id=139677290297680, session='2017-10-20T14_18_27_0'): OK
2017-10-20 14:19:02,219 - TdmApplication - DEBUG - FrontendConnectionHandler(id=139677290297680, session='2017-10-20T14_18_27_0').on_event(Event(SYSTEM_UTTERANCE_TO_SPEAK, [Returning to the start view., Do you want to know go to step?], sender=GenerateModule, reason=None))
2017-10-20 14:19:02,219 - TdmApplication - DEBUG - FrontendConnectionHandler(id=139677290297680, session='2017-10-20T14_18_27_0'): writing {"content": ["Returning to the start view.", "Do you want to know go to step?"], "_sender": "GenerateModule", "_reason": null, "event_type": "SYSTEM_UTTERANCE_TO_SPEAK"}
2017-10-20 14:19:02,220 - TdmApplication - DEBUG - FrontendConnectionHandler(id=139677290297680, session='2017-10-20T14_18_27_0'): OK
2017-10-20 14:19:02,221 - TdmApplication - DEBUG - FrontendConnectionHandler(id=139677290297680, session='2017-10-20T14_18_27_0').on_event(Event(MESSAGE_TO_GUI, [<tdm.tdm_gui_protocol.ClosePopup instance at 0x7f0927469c68>, <tdm.tdm_gui_protocol.Screen instance at 0x7f092450b680>], sender=GuiBackend, reason=None))
2017-10-20 14:19:02,221 - TdmApplication - DEBUG - FrontendConnectionHandler(id=139677290297680, session='2017-10-20T14_18_27_0'): writing {"content": [{"ClosePopup": {}}, {"Screen": {"elements": [{"Element": {"name": "move", "title": "", "items": [{"Item": {"attributes": null, "selected": false, "predicted": false, "value": "ask(?X.go_to_step(X))", "title": "Go to step?"}}], "format": "", "voice_browsed": false, "value": "", "template": "menu", "type": "list"}}], "name": "top", "title": "The start view"}}], "_sender": "GuiBackend", "_reason": null, "event_type": "MESSAGE_TO_GUI"}
2017-10-20 14:19:02,221 - TdmApplication - DEBUG - FrontendConnectionHandler(id=139677290297680, session='2017-10-20T14_18_27_0'): OK
2017-10-20 14:19:02,237 - TdmApplication - DEBUG - FrontendConnectionHandler(id=139677290297680, session='2017-10-20T14_18_27_0').on_message({"content": ["Returning to the start view.", "Do you want to know go to step?"], "_sender": "TextOutputComponent", "_reason": null, "event_type": "SYSTEM_UTTERANCE_REALIZED"})
2017-10-20 14:19:02,264 - TdmApplication - DEBUG - FrontendConnectionHandler(id=139677290297680, session='2017-10-20T14_18_27_0').on_event(Event(FACTS, [{predicate: go_to_step, grammar_entry: None, value:  Step one: Chop onions and garlic.}], sender=DmeModule, reason=None))
2017-10-20 14:19:02,264 - TdmApplication - DEBUG - FrontendConnectionHandler(id=139677290297680, session='2017-10-20T14_18_27_0'): writing {"content": [{"predicate": "go_to_step", "grammar_entry": null, "value": " Step one: Chop onions and garlic."}], "_sender": "DmeModule", "_reason": null, "event_type": "FACTS"}
2017-10-20 14:19:02,264 - TdmApplication - DEBUG - FrontendConnectionHandler(id=139677290297680, session='2017-10-20T14_18_27_0'): OK
2017-10-20 14:19:02,298 - TdmApplication - DEBUG - FrontendConnectionHandler(id=139677290297680, session='2017-10-20T14_18_27_0').on_event(Event(FACTS, [{predicate: go_to_step, grammar_entry: None, value:  Step one: Chop onions and garlic.}], sender=DmeModule, reason=None))
2017-10-20 14:19:02,298 - TdmApplication - DEBUG - FrontendConnectionHandler(id=139677290297680, session='2017-10-20T14_18_27_0'): writing {"content": [{"predicate": "go_to_step", "grammar_entry": null, "value": " Step one: Chop onions and garlic."}], "_sender": "DmeModule", "_reason": null, "event_type": "FACTS"}
2017-10-20 14:19:02,298 - TdmApplication - DEBUG - FrontendConnectionHandler(id=139677290297680, session='2017-10-20T14_18_27_0'): OK
2017-10-20 14:19:02,306 - TdmApplication - DEBUG - FrontendConnectionHandler(id=139677290297680, session='2017-10-20T14_18_27_0').on_event(Event(SYSTEM_UTTERANCE_TO_SPEAK, [I heard you say go to next step., I don't understand.], sender=GenerateModule, reason=None))
2017-10-20 14:19:02,306 - TdmApplication - DEBUG - FrontendConnectionHandler(id=139677290297680, session='2017-10-20T14_18_27_0'): writing {"content": ["I heard you say go to next step.", "I don't understand."], "_sender": "GenerateModule", "_reason": null, "event_type": "SYSTEM_UTTERANCE_TO_SPEAK"}
2017-10-20 14:19:02,307 - TdmApplication - DEBUG - FrontendConnectionHandler(id=139677290297680, session='2017-10-20T14_18_27_0'): OK
2017-10-20 14:19:02,307 - TdmApplication - DEBUG - FrontendConnectionHandler(id=139677290297680, session='2017-10-20T14_18_27_0').on_event(Event(MESSAGE_TO_GUI, [], sender=GuiBackend, reason=None))
2017-10-20 14:19:02,307 - TdmApplication - DEBUG - FrontendConnectionHandler(id=139677290297680, session='2017-10-20T14_18_27_0'): writing {"content": [], "_sender": "GuiBackend", "_reason": null, "event_type": "MESSAGE_TO_GUI"}
2017-10-20 14:19:02,307 - TdmApplication - DEBUG - FrontendConnectionHandler(id=139677290297680, session='2017-10-20T14_18_27_0'): OK
2017-10-20 14:19:02,316 - TdmApplication - DEBUG - FrontendConnectionHandler(id=139677290297680, session='2017-10-20T14_18_27_0').on_message({"content": ["I heard you say go to next step.", "I don't understand."], "_sender": "TextOutputComponent", "_reason": null, "event_type": "SYSTEM_UTTERANCE_REALIZED"})
2017-10-20 14:19:02,342 - TdmApplication - DEBUG - FrontendConnectionHandler(id=139677290297680, session='2017-10-20T14_18_27_0').on_event(Event(FACTS, [{predicate: go_to_step, grammar_entry: None, value:  Step one: Chop onions and garlic.}], sender=DmeModule, reason=None))
2017-10-20 14:19:02,342 - TdmApplication - DEBUG - FrontendConnectionHandler(id=139677290297680, session='2017-10-20T14_18_27_0'): writing {"content": [{"predicate": "go_to_step", "grammar_entry": null, "value": " Step one: Chop onions and garlic."}], "_sender": "DmeModule", "_reason": null, "event_type": "FACTS"}
2017-10-20 14:19:02,342 - TdmApplication - DEBUG - FrontendConnectionHandler(id=139677290297680, session='2017-10-20T14_18_27_0'): OK
2017-10-20 14:22:29,224 - TdmApplication - DEBUG - FrontendConnectionHandler(id=139677290297680, session='2017-10-20T14_18_27_0').on_close()
2017-10-20 14:22:29,224 - TdmApplication - DEBUG - SessionManager.stop('2017-10-20T14_18_27_0')
2017-10-20 14:22:29,225 - TdmApplication - DEBUG - TdmApplication.stop(): Stopping HTTP server
2017-10-20 14:22:29,225 - TdmApplication - DEBUG - TdmApplication.stop(): Stopping IO-loop
2017-10-20 14:22:29,226 - TdmApplication - DEBUG - TdmApplication.stop(): Stopping sessions []
