2017-10-24 16:00:17,471 - TdmApplication - DEBUG - DddDb().__init__(name='ddds', default_ddds=[u'recipehelp'])
2017-10-24 16:00:17,471 - TdmApplication - DEBUG - DddDb(): DB file name is '/home/gusmatssar/recipedialogue/tdm/ddds.json'
2017-10-24 16:00:17,484 - TdmApplication - DEBUG - FrontendConnectionHandler(id=140096270633296, session=None).open()
2017-10-24 16:00:17,487 - TdmApplication - DEBUG - thread_manager.create_thread() with threading.active_count()=3
2017-10-24 16:00:17,487 - TdmApplication - DEBUG - FrontendConnectionHandler(id=140096270633296, session=None).on_message({"handshake_content": {"session_id": null, "keep_session_alive": false}, "name": "Frontend"})
2017-10-24 16:00:17,487 - TdmApplication - DEBUG - FrontendConnectionHandler(id=140096270633296, session=None)._register({"handshake_content": {"session_id": null, "keep_session_alive": false}, "name": "Frontend"})
2017-10-24 16:00:17,488 - TdmApplication - DEBUG - thread_manager.create_thread() with threading.active_count()=4
2017-10-24 16:00:17,489 - TdmApplication - DEBUG - Creating backend and session with id 2017-10-24T16_00_17_0.
2017-10-24 16:00:17,532 - TdmApplication - DEBUG - FrontendConnectionHandler._register: Registered in session 2017-10-24T16_00_17_0 with backend <ThreadedBackend(ThreadedBackend, started daemon 140096229345024)>.
2017-10-24 16:00:17,533 - TdmApplication - DEBUG - FrontendConnectionHandler(id=140096270633296, session='2017-10-24T16_00_17_0').on_event(Event(REGISTER_BACKEND, None, sender=Backend, reason=None))
2017-10-24 16:00:17,533 - TdmApplication - DEBUG - FrontendConnectionHandler(id=140096270633296, session='2017-10-24T16_00_17_0'): writing {"content": null, "_sender": "Backend", "_reason": null, "event_type": "REGISTER_BACKEND"}
2017-10-24 16:00:17,533 - TdmApplication - DEBUG - FrontendConnectionHandler(id=140096270633296, session='2017-10-24T16_00_17_0'): OK
2017-10-24 16:00:17,559 - TdmApplication - DEBUG - FrontendConnectionHandler(id=140096270633296, session='2017-10-24T16_00_17_0').on_message({"content": null, "_sender": "Frontend", "_reason": null, "event_type": "FRONTEND_READY"})
2017-10-24 16:00:17,563 - TdmApplication - DEBUG - FrontendConnectionHandler(id=140096270633296, session='2017-10-24T16_00_17_0').on_event(Event(BACKEND_READY, None, sender=Backend, reason=None))
2017-10-24 16:00:17,563 - TdmApplication - DEBUG - FrontendConnectionHandler(id=140096270633296, session='2017-10-24T16_00_17_0'): writing {"content": null, "_sender": "Backend", "_reason": null, "event_type": "BACKEND_READY"}
2017-10-24 16:00:17,563 - TdmApplication - DEBUG - FrontendConnectionHandler(id=140096270633296, session='2017-10-24T16_00_17_0'): OK
2017-10-24 16:00:17,569 - TdmApplication - DEBUG - FrontendConnectionHandler(id=140096270633296, session='2017-10-24T16_00_17_0').on_message({"content": null, "_sender": "Frontend", "_reason": null, "event_type": "START"})
2017-10-24 16:00:17,604 - TdmApplication - DEBUG - FrontendConnectionHandler(id=140096270633296, session='2017-10-24T16_00_17_0').on_event(Event(SET_DDD, {ddd_name: recipehelp, language_code: eng}, sender=DmeModule, reason=None))
2017-10-24 16:00:17,604 - TdmApplication - DEBUG - FrontendConnectionHandler(id=140096270633296, session='2017-10-24T16_00_17_0'): writing {"content": {"ddd_name": "recipehelp", "language_code": "eng"}, "_sender": "DmeModule", "_reason": null, "event_type": "SET_DDD"}
2017-10-24 16:00:17,604 - TdmApplication - DEBUG - FrontendConnectionHandler(id=140096270633296, session='2017-10-24T16_00_17_0'): OK
2017-10-24 16:00:17,605 - TdmApplication - DEBUG - FrontendConnectionHandler(id=140096270633296, session='2017-10-24T16_00_17_0').on_event(Event(FACTS, [], sender=DmeModule, reason=None))
2017-10-24 16:00:17,605 - TdmApplication - DEBUG - FrontendConnectionHandler(id=140096270633296, session='2017-10-24T16_00_17_0'): writing {"content": [], "_sender": "DmeModule", "_reason": null, "event_type": "FACTS"}
2017-10-24 16:00:17,605 - TdmApplication - DEBUG - FrontendConnectionHandler(id=140096270633296, session='2017-10-24T16_00_17_0'): OK
2017-10-24 16:00:17,614 - TdmApplication - DEBUG - FrontendConnectionHandler(id=140096270633296, session='2017-10-24T16_00_17_0').on_event(Event(SYSTEM_UTTERANCE_TO_SPEAK, [, What would you like to do?], sender=GenerateModule, reason=None))
2017-10-24 16:00:17,614 - TdmApplication - DEBUG - FrontendConnectionHandler(id=140096270633296, session='2017-10-24T16_00_17_0'): writing {"content": ["", "What would you like to do?"], "_sender": "GenerateModule", "_reason": null, "event_type": "SYSTEM_UTTERANCE_TO_SPEAK"}
2017-10-24 16:00:17,614 - TdmApplication - DEBUG - FrontendConnectionHandler(id=140096270633296, session='2017-10-24T16_00_17_0'): OK
2017-10-24 16:00:17,615 - TdmApplication - DEBUG - FrontendConnectionHandler(id=140096270633296, session='2017-10-24T16_00_17_0').on_event(Event(MESSAGE_TO_GUI, [], sender=GuiBackend, reason=None))
2017-10-24 16:00:17,615 - TdmApplication - DEBUG - FrontendConnectionHandler(id=140096270633296, session='2017-10-24T16_00_17_0'): writing {"content": [], "_sender": "GuiBackend", "_reason": null, "event_type": "MESSAGE_TO_GUI"}
2017-10-24 16:00:17,615 - TdmApplication - DEBUG - FrontendConnectionHandler(id=140096270633296, session='2017-10-24T16_00_17_0'): OK
2017-10-24 16:00:17,654 - TdmApplication - DEBUG - FrontendConnectionHandler(id=140096270633296, session='2017-10-24T16_00_17_0').on_message({"content": ["", "What would you like to do?"], "_sender": "TextOutputComponent", "_reason": null, "event_type": "SYSTEM_UTTERANCE_REALIZED"})
2017-10-24 16:00:17,677 - TdmApplication - DEBUG - FrontendConnectionHandler(id=140096270633296, session='2017-10-24T16_00_17_0').on_event(Event(FACTS, [], sender=DmeModule, reason=None))
2017-10-24 16:00:17,677 - TdmApplication - DEBUG - FrontendConnectionHandler(id=140096270633296, session='2017-10-24T16_00_17_0'): writing {"content": [], "_sender": "DmeModule", "_reason": null, "event_type": "FACTS"}
2017-10-24 16:00:17,677 - TdmApplication - DEBUG - FrontendConnectionHandler(id=140096270633296, session='2017-10-24T16_00_17_0'): OK
2017-10-24 16:14:47,228 - TdmApplication - DEBUG - FrontendConnectionHandler(id=140096270633296, session='2017-10-24T16_00_17_0').on_close()
2017-10-24 16:14:47,229 - TdmApplication - DEBUG - SessionManager.stop('2017-10-24T16_00_17_0')
2017-10-24 16:14:47,231 - TdmApplication - DEBUG - TdmApplication.stop(): Stopping HTTP server
2017-10-24 16:14:47,232 - TdmApplication - DEBUG - TdmApplication.stop(): Stopping IO-loop
2017-10-24 16:14:47,233 - TdmApplication - DEBUG - TdmApplication.stop(): Stopping sessions []
