2017-10-20 17:53:22,883 - TdmApplication - DEBUG - DddDb().__init__(name='ddds', default_ddds=[u'recipehelp'])
2017-10-20 17:53:22,883 - TdmApplication - DEBUG - DddDb(): DB file name is '/home/gusmatssar/recipedialogue/tdm/ddds.json'
2017-10-20 17:53:22,893 - TdmApplication - DEBUG - FrontendConnectionHandler(id=140331336108368, session=None).open()
2017-10-20 17:53:22,895 - TdmApplication - DEBUG - thread_manager.create_thread() with threading.active_count()=3
2017-10-20 17:53:22,896 - TdmApplication - DEBUG - FrontendConnectionHandler(id=140331336108368, session=None).on_message({"handshake_content": {"session_id": null, "keep_session_alive": false}, "name": "Frontend"})
2017-10-20 17:53:22,896 - TdmApplication - DEBUG - thread_manager.create_thread() with threading.active_count()=4
2017-10-20 17:53:22,897 - TdmApplication - DEBUG - FrontendConnectionHandler(id=140331336108368, session=None)._register({"handshake_content": {"session_id": null, "keep_session_alive": false}, "name": "Frontend"})
2017-10-20 17:53:22,898 - TdmApplication - DEBUG - Creating backend and session with id 2017-10-20T17_53_22_0.
2017-10-20 17:53:22,934 - TdmApplication - DEBUG - FrontendConnectionHandler._register: Registered in session 2017-10-20T17_53_22_0 with backend <ThreadedBackend(ThreadedBackend, started daemon 140331295082240)>.
2017-10-20 17:53:22,935 - TdmApplication - DEBUG - FrontendConnectionHandler(id=140331336108368, session='2017-10-20T17_53_22_0').on_event(Event(REGISTER_BACKEND, None, sender=Backend, reason=None))
2017-10-20 17:53:22,935 - TdmApplication - DEBUG - FrontendConnectionHandler(id=140331336108368, session='2017-10-20T17_53_22_0'): writing {"content": null, "_sender": "Backend", "_reason": null, "event_type": "REGISTER_BACKEND"}
2017-10-20 17:53:22,935 - TdmApplication - DEBUG - FrontendConnectionHandler(id=140331336108368, session='2017-10-20T17_53_22_0'): OK
2017-10-20 17:53:22,969 - TdmApplication - DEBUG - FrontendConnectionHandler(id=140331336108368, session='2017-10-20T17_53_22_0').on_message({"content": null, "_sender": "Frontend", "_reason": null, "event_type": "FRONTEND_READY"})
2017-10-20 17:53:22,972 - TdmApplication - DEBUG - FrontendConnectionHandler(id=140331336108368, session='2017-10-20T17_53_22_0').on_event(Event(BACKEND_READY, None, sender=Backend, reason=None))
2017-10-20 17:53:22,972 - TdmApplication - DEBUG - FrontendConnectionHandler(id=140331336108368, session='2017-10-20T17_53_22_0'): writing {"content": null, "_sender": "Backend", "_reason": null, "event_type": "BACKEND_READY"}
2017-10-20 17:53:22,972 - TdmApplication - DEBUG - FrontendConnectionHandler(id=140331336108368, session='2017-10-20T17_53_22_0'): OK
2017-10-20 17:53:22,975 - TdmApplication - DEBUG - FrontendConnectionHandler(id=140331336108368, session='2017-10-20T17_53_22_0').on_message({"content": null, "_sender": "Frontend", "_reason": null, "event_type": "START"})
2017-10-20 17:53:23,013 - TdmApplication - DEBUG - FrontendConnectionHandler(id=140331336108368, session='2017-10-20T17_53_22_0').on_event(Event(SET_DDD, {ddd_name: recipehelp, language_code: eng}, sender=DmeModule, reason=None))
2017-10-20 17:53:23,013 - TdmApplication - DEBUG - FrontendConnectionHandler(id=140331336108368, session='2017-10-20T17_53_22_0'): writing {"content": {"ddd_name": "recipehelp", "language_code": "eng"}, "_sender": "DmeModule", "_reason": null, "event_type": "SET_DDD"}
2017-10-20 17:53:23,013 - TdmApplication - DEBUG - FrontendConnectionHandler(id=140331336108368, session='2017-10-20T17_53_22_0'): OK
2017-10-20 17:53:23,014 - TdmApplication - DEBUG - FrontendConnectionHandler(id=140331336108368, session='2017-10-20T17_53_22_0').on_event(Event(FACTS, [], sender=DmeModule, reason=None))
2017-10-20 17:53:23,014 - TdmApplication - DEBUG - FrontendConnectionHandler(id=140331336108368, session='2017-10-20T17_53_22_0'): writing {"content": [], "_sender": "DmeModule", "_reason": null, "event_type": "FACTS"}
2017-10-20 17:53:23,014 - TdmApplication - DEBUG - FrontendConnectionHandler(id=140331336108368, session='2017-10-20T17_53_22_0'): OK
2017-10-20 17:53:23,023 - TdmApplication - DEBUG - FrontendConnectionHandler(id=140331336108368, session='2017-10-20T17_53_22_0').on_event(Event(SYSTEM_UTTERANCE_TO_SPEAK, [, What would you like to do?], sender=GenerateModule, reason=None))
2017-10-20 17:53:23,023 - TdmApplication - DEBUG - FrontendConnectionHandler(id=140331336108368, session='2017-10-20T17_53_22_0'): writing {"content": ["", "What would you like to do?"], "_sender": "GenerateModule", "_reason": null, "event_type": "SYSTEM_UTTERANCE_TO_SPEAK"}
2017-10-20 17:53:23,023 - TdmApplication - DEBUG - FrontendConnectionHandler(id=140331336108368, session='2017-10-20T17_53_22_0'): OK
2017-10-20 17:53:23,024 - TdmApplication - DEBUG - FrontendConnectionHandler(id=140331336108368, session='2017-10-20T17_53_22_0').on_event(Event(MESSAGE_TO_GUI, [], sender=GuiBackend, reason=None))
2017-10-20 17:53:23,024 - TdmApplication - DEBUG - FrontendConnectionHandler(id=140331336108368, session='2017-10-20T17_53_22_0'): writing {"content": [], "_sender": "GuiBackend", "_reason": null, "event_type": "MESSAGE_TO_GUI"}
2017-10-20 17:53:23,024 - TdmApplication - DEBUG - FrontendConnectionHandler(id=140331336108368, session='2017-10-20T17_53_22_0'): OK
2017-10-20 17:53:23,063 - TdmApplication - DEBUG - FrontendConnectionHandler(id=140331336108368, session='2017-10-20T17_53_22_0').on_message({"content": ["", "What would you like to do?"], "_sender": "TextOutputComponent", "_reason": null, "event_type": "SYSTEM_UTTERANCE_REALIZED"})
2017-10-20 17:53:23,087 - TdmApplication - DEBUG - FrontendConnectionHandler(id=140331336108368, session='2017-10-20T17_53_22_0').on_event(Event(FACTS, [], sender=DmeModule, reason=None))
2017-10-20 17:53:23,087 - TdmApplication - DEBUG - FrontendConnectionHandler(id=140331336108368, session='2017-10-20T17_53_22_0'): writing {"content": [], "_sender": "DmeModule", "_reason": null, "event_type": "FACTS"}
2017-10-20 17:53:23,087 - TdmApplication - DEBUG - FrontendConnectionHandler(id=140331336108368, session='2017-10-20T17_53_22_0'): OK
2017-10-20 17:53:28,107 - TdmApplication - DEBUG - FrontendConnectionHandler(id=140331336108368, session='2017-10-20T17_53_22_0').on_message({"content": [{"score": 1.0, "utterance": "go to hell"}], "_sender": "TextInputComponent", "_reason": null, "event_type": "RECOGNITION"})
2017-10-20 17:53:28,116 - TdmApplication - DEBUG - FrontendConnectionHandler(id=140331336108368, session='2017-10-20T17_53_22_0').on_event(Event(STOP_LISTENING, None, sender=TurnManager, reason=None))
2017-10-20 17:53:28,116 - TdmApplication - DEBUG - FrontendConnectionHandler(id=140331336108368, session='2017-10-20T17_53_22_0'): writing {"content": null, "_sender": "TurnManager", "_reason": null, "event_type": "STOP_LISTENING"}
2017-10-20 17:53:28,116 - TdmApplication - DEBUG - FrontendConnectionHandler(id=140331336108368, session='2017-10-20T17_53_22_0'): OK
2017-10-20 17:53:28,190 - TdmApplication - DEBUG - FrontendConnectionHandler(id=140331336108368, session='2017-10-20T17_53_22_0').on_event(Event(SELECTED_RECOGNITION, go to hell, sender=DmeModule, reason=None))
2017-10-20 17:53:28,190 - TdmApplication - DEBUG - FrontendConnectionHandler(id=140331336108368, session='2017-10-20T17_53_22_0'): writing {"content": "go to hell", "_sender": "DmeModule", "_reason": null, "event_type": "SELECTED_RECOGNITION"}
2017-10-20 17:53:28,190 - TdmApplication - DEBUG - FrontendConnectionHandler(id=140331336108368, session='2017-10-20T17_53_22_0'): OK
2017-10-20 17:53:28,191 - TdmApplication - DEBUG - FrontendConnectionHandler(id=140331336108368, session='2017-10-20T17_53_22_0').on_event(Event(FACTS, [], sender=DmeModule, reason=None))
2017-10-20 17:53:28,192 - TdmApplication - DEBUG - FrontendConnectionHandler(id=140331336108368, session='2017-10-20T17_53_22_0'): writing {"content": [], "_sender": "DmeModule", "_reason": null, "event_type": "FACTS"}
2017-10-20 17:53:28,192 - TdmApplication - DEBUG - FrontendConnectionHandler(id=140331336108368, session='2017-10-20T17_53_22_0'): OK
2017-10-20 17:53:28,204 - TdmApplication - DEBUG - FrontendConnectionHandler(id=140331336108368, session='2017-10-20T17_53_22_0').on_event(Event(SYSTEM_UTTERANCE_TO_SPEAK, [, , Which step?], sender=GenerateModule, reason=None))
2017-10-20 17:53:28,204 - TdmApplication - DEBUG - FrontendConnectionHandler(id=140331336108368, session='2017-10-20T17_53_22_0'): writing {"content": ["", "", "Which step?"], "_sender": "GenerateModule", "_reason": null, "event_type": "SYSTEM_UTTERANCE_TO_SPEAK"}
2017-10-20 17:53:28,204 - TdmApplication - DEBUG - FrontendConnectionHandler(id=140331336108368, session='2017-10-20T17_53_22_0'): OK
2017-10-20 17:53:28,205 - TdmApplication - DEBUG - FrontendConnectionHandler(id=140331336108368, session='2017-10-20T17_53_22_0').on_event(Event(MESSAGE_TO_GUI, [], sender=GuiBackend, reason=None))
2017-10-20 17:53:28,205 - TdmApplication - DEBUG - FrontendConnectionHandler(id=140331336108368, session='2017-10-20T17_53_22_0'): writing {"content": [], "_sender": "GuiBackend", "_reason": null, "event_type": "MESSAGE_TO_GUI"}
2017-10-20 17:53:28,206 - TdmApplication - DEBUG - FrontendConnectionHandler(id=140331336108368, session='2017-10-20T17_53_22_0'): OK
2017-10-20 17:53:28,216 - TdmApplication - DEBUG - FrontendConnectionHandler(id=140331336108368, session='2017-10-20T17_53_22_0').on_message({"content": ["", "", "Which step?"], "_sender": "TextOutputComponent", "_reason": null, "event_type": "SYSTEM_UTTERANCE_REALIZED"})
2017-10-20 17:53:28,249 - TdmApplication - DEBUG - FrontendConnectionHandler(id=140331336108368, session='2017-10-20T17_53_22_0').on_event(Event(FACTS, [], sender=DmeModule, reason=None))
2017-10-20 17:53:28,249 - TdmApplication - DEBUG - FrontendConnectionHandler(id=140331336108368, session='2017-10-20T17_53_22_0'): writing {"content": [], "_sender": "DmeModule", "_reason": null, "event_type": "FACTS"}
2017-10-20 17:53:28,249 - TdmApplication - DEBUG - FrontendConnectionHandler(id=140331336108368, session='2017-10-20T17_53_22_0'): OK
2017-10-20 17:53:38,025 - TdmApplication - DEBUG - FrontendConnectionHandler(id=140331336108368, session='2017-10-20T17_53_22_0').on_message({"content": [{"score": 0.0, "utterance": "step"}], "_sender": "TextInputComponent", "_reason": null, "event_type": "RECOGNITION"})
2017-10-20 17:53:38,032 - TdmApplication - DEBUG - FrontendConnectionHandler(id=140331336108368, session='2017-10-20T17_53_22_0').on_event(Event(STOP_LISTENING, None, sender=TurnManager, reason=None))
2017-10-20 17:53:38,032 - TdmApplication - DEBUG - FrontendConnectionHandler(id=140331336108368, session='2017-10-20T17_53_22_0'): writing {"content": null, "_sender": "TurnManager", "_reason": null, "event_type": "STOP_LISTENING"}
2017-10-20 17:53:38,032 - TdmApplication - DEBUG - FrontendConnectionHandler(id=140331336108368, session='2017-10-20T17_53_22_0'): OK
2017-10-20 17:53:38,076 - TdmApplication - DEBUG - FrontendConnectionHandler(id=140331336108368, session='2017-10-20T17_53_22_0').on_event(Event(FACTS, [], sender=DmeModule, reason=None))
2017-10-20 17:53:38,076 - TdmApplication - DEBUG - FrontendConnectionHandler(id=140331336108368, session='2017-10-20T17_53_22_0'): writing {"content": [], "_sender": "DmeModule", "_reason": null, "event_type": "FACTS"}
2017-10-20 17:53:38,076 - TdmApplication - DEBUG - FrontendConnectionHandler(id=140331336108368, session='2017-10-20T17_53_22_0'): OK
2017-10-20 17:53:38,090 - TdmApplication - DEBUG - FrontendConnectionHandler(id=140331336108368, session='2017-10-20T17_53_22_0').on_event(Event(NEGATIVE_PERCEPTION, None, sender=DmeModule, reason=None))
2017-10-20 17:53:38,090 - TdmApplication - DEBUG - FrontendConnectionHandler(id=140331336108368, session='2017-10-20T17_53_22_0'): writing {"content": null, "_sender": "DmeModule", "_reason": null, "event_type": "NEGATIVE_PERCEPTION"}
2017-10-20 17:53:38,090 - TdmApplication - DEBUG - FrontendConnectionHandler(id=140331336108368, session='2017-10-20T17_53_22_0'): OK
2017-10-20 17:53:38,092 - TdmApplication - DEBUG - FrontendConnectionHandler(id=140331336108368, session='2017-10-20T17_53_22_0').on_event(Event(SYSTEM_UTTERANCE_TO_SPEAK, [I didn't hear., So,, Which step?], sender=GenerateModule, reason=None))
2017-10-20 17:53:38,092 - TdmApplication - DEBUG - FrontendConnectionHandler(id=140331336108368, session='2017-10-20T17_53_22_0'): writing {"content": ["I didn't hear.", "So,", "Which step?"], "_sender": "GenerateModule", "_reason": null, "event_type": "SYSTEM_UTTERANCE_TO_SPEAK"}
2017-10-20 17:53:38,092 - TdmApplication - DEBUG - FrontendConnectionHandler(id=140331336108368, session='2017-10-20T17_53_22_0'): OK
2017-10-20 17:53:38,093 - TdmApplication - DEBUG - FrontendConnectionHandler(id=140331336108368, session='2017-10-20T17_53_22_0').on_event(Event(MESSAGE_TO_GUI, [], sender=GuiBackend, reason=None))
2017-10-20 17:53:38,093 - TdmApplication - DEBUG - FrontendConnectionHandler(id=140331336108368, session='2017-10-20T17_53_22_0'): writing {"content": [], "_sender": "GuiBackend", "_reason": null, "event_type": "MESSAGE_TO_GUI"}
2017-10-20 17:53:38,093 - TdmApplication - DEBUG - FrontendConnectionHandler(id=140331336108368, session='2017-10-20T17_53_22_0'): OK
2017-10-20 17:53:38,101 - TdmApplication - DEBUG - FrontendConnectionHandler(id=140331336108368, session='2017-10-20T17_53_22_0').on_message({"content": ["I didn't hear.", "So,", "Which step?"], "_sender": "TextOutputComponent", "_reason": null, "event_type": "SYSTEM_UTTERANCE_REALIZED"})
2017-10-20 17:53:38,130 - TdmApplication - DEBUG - FrontendConnectionHandler(id=140331336108368, session='2017-10-20T17_53_22_0').on_event(Event(FACTS, [], sender=DmeModule, reason=None))
2017-10-20 17:53:38,131 - TdmApplication - DEBUG - FrontendConnectionHandler(id=140331336108368, session='2017-10-20T17_53_22_0'): writing {"content": [], "_sender": "DmeModule", "_reason": null, "event_type": "FACTS"}
2017-10-20 17:53:38,131 - TdmApplication - DEBUG - FrontendConnectionHandler(id=140331336108368, session='2017-10-20T17_53_22_0'): OK
2017-10-20 17:53:42,351 - TdmApplication - DEBUG - FrontendConnectionHandler(id=140331336108368, session='2017-10-20T17_53_22_0').on_message({"content": [{"score": 1.0, "utterance": "step"}], "_sender": "TextInputComponent", "_reason": null, "event_type": "RECOGNITION"})
2017-10-20 17:53:42,357 - TdmApplication - DEBUG - FrontendConnectionHandler(id=140331336108368, session='2017-10-20T17_53_22_0').on_event(Event(STOP_LISTENING, None, sender=TurnManager, reason=None))
2017-10-20 17:53:42,358 - TdmApplication - DEBUG - FrontendConnectionHandler(id=140331336108368, session='2017-10-20T17_53_22_0'): writing {"content": null, "_sender": "TurnManager", "_reason": null, "event_type": "STOP_LISTENING"}
2017-10-20 17:53:42,358 - TdmApplication - DEBUG - FrontendConnectionHandler(id=140331336108368, session='2017-10-20T17_53_22_0'): OK
2017-10-20 17:53:42,384 - TdmApplication - DEBUG - FrontendConnectionHandler(id=140331336108368, session='2017-10-20T17_53_22_0').on_event(Event(FACTS, [], sender=DmeModule, reason=None))
2017-10-20 17:53:42,384 - TdmApplication - DEBUG - FrontendConnectionHandler(id=140331336108368, session='2017-10-20T17_53_22_0'): writing {"content": [], "_sender": "DmeModule", "_reason": null, "event_type": "FACTS"}
2017-10-20 17:53:42,384 - TdmApplication - DEBUG - FrontendConnectionHandler(id=140331336108368, session='2017-10-20T17_53_22_0'): OK
2017-10-20 17:53:42,393 - TdmApplication - DEBUG - FrontendConnectionHandler(id=140331336108368, session='2017-10-20T17_53_22_0').on_event(Event(SYSTEM_UTTERANCE_TO_SPEAK, [I heard you say step., I don't understand.], sender=GenerateModule, reason=None))
2017-10-20 17:53:42,393 - TdmApplication - DEBUG - FrontendConnectionHandler(id=140331336108368, session='2017-10-20T17_53_22_0'): writing {"content": ["I heard you say step.", "I don't understand."], "_sender": "GenerateModule", "_reason": null, "event_type": "SYSTEM_UTTERANCE_TO_SPEAK"}
2017-10-20 17:53:42,393 - TdmApplication - DEBUG - FrontendConnectionHandler(id=140331336108368, session='2017-10-20T17_53_22_0'): OK
2017-10-20 17:53:42,394 - TdmApplication - DEBUG - FrontendConnectionHandler(id=140331336108368, session='2017-10-20T17_53_22_0').on_event(Event(MESSAGE_TO_GUI, [], sender=GuiBackend, reason=None))
2017-10-20 17:53:42,394 - TdmApplication - DEBUG - FrontendConnectionHandler(id=140331336108368, session='2017-10-20T17_53_22_0'): writing {"content": [], "_sender": "GuiBackend", "_reason": null, "event_type": "MESSAGE_TO_GUI"}
2017-10-20 17:53:42,395 - TdmApplication - DEBUG - FrontendConnectionHandler(id=140331336108368, session='2017-10-20T17_53_22_0'): OK
2017-10-20 17:53:42,404 - TdmApplication - DEBUG - FrontendConnectionHandler(id=140331336108368, session='2017-10-20T17_53_22_0').on_message({"content": ["I heard you say step.", "I don't understand."], "_sender": "TextOutputComponent", "_reason": null, "event_type": "SYSTEM_UTTERANCE_REALIZED"})
2017-10-20 17:53:42,428 - TdmApplication - DEBUG - FrontendConnectionHandler(id=140331336108368, session='2017-10-20T17_53_22_0').on_event(Event(FACTS, [], sender=DmeModule, reason=None))
2017-10-20 17:53:42,428 - TdmApplication - DEBUG - FrontendConnectionHandler(id=140331336108368, session='2017-10-20T17_53_22_0'): writing {"content": [], "_sender": "DmeModule", "_reason": null, "event_type": "FACTS"}
2017-10-20 17:53:42,428 - TdmApplication - DEBUG - FrontendConnectionHandler(id=140331336108368, session='2017-10-20T17_53_22_0'): OK
2017-10-20 17:53:46,433 - TdmApplication - DEBUG - FrontendConnectionHandler(id=140331336108368, session='2017-10-20T17_53_22_0').on_message({"content": [{"score": 1.0, "utterance": "step one"}], "_sender": "TextInputComponent", "_reason": null, "event_type": "RECOGNITION"})
2017-10-20 17:53:46,438 - TdmApplication - DEBUG - FrontendConnectionHandler(id=140331336108368, session='2017-10-20T17_53_22_0').on_event(Event(STOP_LISTENING, None, sender=TurnManager, reason=None))
2017-10-20 17:53:46,438 - TdmApplication - DEBUG - FrontendConnectionHandler(id=140331336108368, session='2017-10-20T17_53_22_0'): writing {"content": null, "_sender": "TurnManager", "_reason": null, "event_type": "STOP_LISTENING"}
2017-10-20 17:53:46,438 - TdmApplication - DEBUG - FrontendConnectionHandler(id=140331336108368, session='2017-10-20T17_53_22_0'): OK
2017-10-20 17:53:46,516 - TdmApplication - DEBUG - FrontendConnectionHandler(id=140331336108368, session='2017-10-20T17_53_22_0').on_event(Event(SELECTED_RECOGNITION, step one, sender=DmeModule, reason=None))
2017-10-20 17:53:46,516 - TdmApplication - DEBUG - FrontendConnectionHandler(id=140331336108368, session='2017-10-20T17_53_22_0'): writing {"content": "step one", "_sender": "DmeModule", "_reason": null, "event_type": "SELECTED_RECOGNITION"}
2017-10-20 17:53:46,516 - TdmApplication - DEBUG - FrontendConnectionHandler(id=140331336108368, session='2017-10-20T17_53_22_0'): OK
2017-10-20 17:53:46,517 - TdmApplication - DEBUG - FrontendConnectionHandler(id=140331336108368, session='2017-10-20T17_53_22_0').on_event(Event(FACTS, [{predicate: go_to_step, grammar_entry: None, value: chose a step}], sender=DmeModule, reason=None))
2017-10-20 17:53:46,517 - TdmApplication - DEBUG - FrontendConnectionHandler(id=140331336108368, session='2017-10-20T17_53_22_0'): writing {"content": [{"predicate": "go_to_step", "grammar_entry": null, "value": "chose a step"}], "_sender": "DmeModule", "_reason": null, "event_type": "FACTS"}
2017-10-20 17:53:46,518 - TdmApplication - DEBUG - FrontendConnectionHandler(id=140331336108368, session='2017-10-20T17_53_22_0'): OK
2017-10-20 17:53:46,529 - TdmApplication - DEBUG - FrontendConnectionHandler(id=140331336108368, session='2017-10-20T17_53_22_0').on_event(Event(SYSTEM_UTTERANCE_TO_SPEAK, [Ok chose a step.], sender=GenerateModule, reason=None))
2017-10-20 17:53:46,529 - TdmApplication - DEBUG - FrontendConnectionHandler(id=140331336108368, session='2017-10-20T17_53_22_0'): writing {"content": ["Ok chose a step."], "_sender": "GenerateModule", "_reason": null, "event_type": "SYSTEM_UTTERANCE_TO_SPEAK"}
2017-10-20 17:53:46,529 - TdmApplication - DEBUG - FrontendConnectionHandler(id=140331336108368, session='2017-10-20T17_53_22_0'): OK
2017-10-20 17:53:46,530 - TdmApplication - DEBUG - FrontendConnectionHandler(id=140331336108368, session='2017-10-20T17_53_22_0').on_event(Event(GUI.POPUP, {options: [], title: Ok chose a step.}, sender=IndependentGuiBackend, reason=None))
2017-10-20 17:53:46,531 - TdmApplication - DEBUG - FrontendConnectionHandler(id=140331336108368, session='2017-10-20T17_53_22_0'): writing {"content": {"options": [], "title": "Ok chose a step."}, "_sender": "IndependentGuiBackend", "_reason": null, "event_type": "GUI.POPUP"}
2017-10-20 17:53:46,531 - TdmApplication - DEBUG - FrontendConnectionHandler(id=140331336108368, session='2017-10-20T17_53_22_0'): OK
2017-10-20 17:53:46,532 - TdmApplication - DEBUG - FrontendConnectionHandler(id=140331336108368, session='2017-10-20T17_53_22_0').on_event(Event(MESSAGE_TO_GUI, [<tdm.tdm_gui_protocol.Popup instance at 0x7fa16d01f488>], sender=GuiBackend, reason=None))
2017-10-20 17:53:46,532 - TdmApplication - DEBUG - FrontendConnectionHandler(id=140331336108368, session='2017-10-20T17_53_22_0'): writing {"content": [{"Popup": {"elements": [], "title": "Ok chose a step."}}], "_sender": "GuiBackend", "_reason": null, "event_type": "MESSAGE_TO_GUI"}
2017-10-20 17:53:46,533 - TdmApplication - DEBUG - FrontendConnectionHandler(id=140331336108368, session='2017-10-20T17_53_22_0'): OK
2017-10-20 17:53:46,535 - TdmApplication - DEBUG - FrontendConnectionHandler(id=140331336108368, session='2017-10-20T17_53_22_0').on_message({"content": ["Ok chose a step."], "_sender": "TextOutputComponent", "_reason": null, "event_type": "SYSTEM_UTTERANCE_REALIZED"})
2017-10-20 17:53:46,562 - TdmApplication - DEBUG - FrontendConnectionHandler(id=140331336108368, session='2017-10-20T17_53_22_0').on_event(Event(FACTS, [{predicate: go_to_step, grammar_entry: None, value: chose a step}], sender=DmeModule, reason=None))
2017-10-20 17:53:46,562 - TdmApplication - DEBUG - FrontendConnectionHandler(id=140331336108368, session='2017-10-20T17_53_22_0'): writing {"content": [{"predicate": "go_to_step", "grammar_entry": null, "value": "chose a step"}], "_sender": "DmeModule", "_reason": null, "event_type": "FACTS"}
2017-10-20 17:53:46,562 - TdmApplication - DEBUG - FrontendConnectionHandler(id=140331336108368, session='2017-10-20T17_53_22_0'): OK
2017-10-20 17:54:02,208 - TdmApplication - DEBUG - FrontendConnectionHandler(id=140331336108368, session='2017-10-20T17_53_22_0').on_message({"content": [{"score": 1.0, "utterance": "tell me what to do"}], "_sender": "TextInputComponent", "_reason": null, "event_type": "RECOGNITION"})
2017-10-20 17:54:02,212 - TdmApplication - DEBUG - FrontendConnectionHandler(id=140331336108368, session='2017-10-20T17_53_22_0').on_event(Event(FACTS, [], sender=DmeModule, reason=None))
2017-10-20 17:54:02,213 - TdmApplication - DEBUG - FrontendConnectionHandler(id=140331336108368, session='2017-10-20T17_53_22_0'): writing {"content": [], "_sender": "DmeModule", "_reason": null, "event_type": "FACTS"}
2017-10-20 17:54:02,213 - TdmApplication - DEBUG - FrontendConnectionHandler(id=140331336108368, session='2017-10-20T17_53_22_0'): OK
2017-10-20 17:54:02,222 - TdmApplication - DEBUG - FrontendConnectionHandler(id=140331336108368, session='2017-10-20T17_53_22_0').on_event(Event(STOP_SPEAKING, None, sender=TurnManager, reason=None))
2017-10-20 17:54:02,222 - TdmApplication - DEBUG - FrontendConnectionHandler(id=140331336108368, session='2017-10-20T17_53_22_0'): writing {"content": null, "_sender": "TurnManager", "_reason": null, "event_type": "STOP_SPEAKING"}
2017-10-20 17:54:02,222 - TdmApplication - DEBUG - FrontendConnectionHandler(id=140331336108368, session='2017-10-20T17_53_22_0'): OK
2017-10-20 17:54:02,223 - TdmApplication - DEBUG - FrontendConnectionHandler(id=140331336108368, session='2017-10-20T17_53_22_0').on_event(Event(SYSTEM_UTTERANCE_TO_SPEAK, [Returning to the start view., What would you like to do?], sender=GenerateModule, reason=None))
2017-10-20 17:54:02,223 - TdmApplication - DEBUG - FrontendConnectionHandler(id=140331336108368, session='2017-10-20T17_53_22_0'): writing {"content": ["Returning to the start view.", "What would you like to do?"], "_sender": "GenerateModule", "_reason": null, "event_type": "SYSTEM_UTTERANCE_TO_SPEAK"}
2017-10-20 17:54:02,224 - TdmApplication - DEBUG - FrontendConnectionHandler(id=140331336108368, session='2017-10-20T17_53_22_0'): OK
2017-10-20 17:54:02,224 - TdmApplication - DEBUG - FrontendConnectionHandler(id=140331336108368, session='2017-10-20T17_53_22_0').on_event(Event(MESSAGE_TO_GUI, [<tdm.tdm_gui_protocol.ClosePopup instance at 0x7fa16d01f908>], sender=GuiBackend, reason=None))
2017-10-20 17:54:02,225 - TdmApplication - DEBUG - FrontendConnectionHandler(id=140331336108368, session='2017-10-20T17_53_22_0'): writing {"content": [{"ClosePopup": {}}], "_sender": "GuiBackend", "_reason": null, "event_type": "MESSAGE_TO_GUI"}
2017-10-20 17:54:02,225 - TdmApplication - DEBUG - FrontendConnectionHandler(id=140331336108368, session='2017-10-20T17_53_22_0'): OK
2017-10-20 17:54:02,249 - TdmApplication - DEBUG - FrontendConnectionHandler(id=140331336108368, session='2017-10-20T17_53_22_0').on_message({"content": ["Returning to the start view.", "What would you like to do?"], "_sender": "TextOutputComponent", "_reason": null, "event_type": "SYSTEM_UTTERANCE_REALIZED"})
2017-10-20 17:54:02,274 - TdmApplication - DEBUG - FrontendConnectionHandler(id=140331336108368, session='2017-10-20T17_53_22_0').on_event(Event(FACTS, [], sender=DmeModule, reason=None))
2017-10-20 17:54:02,274 - TdmApplication - DEBUG - FrontendConnectionHandler(id=140331336108368, session='2017-10-20T17_53_22_0'): writing {"content": [], "_sender": "DmeModule", "_reason": null, "event_type": "FACTS"}
2017-10-20 17:54:02,274 - TdmApplication - DEBUG - FrontendConnectionHandler(id=140331336108368, session='2017-10-20T17_53_22_0'): OK
2017-10-20 17:54:02,358 - TdmApplication - DEBUG - FrontendConnectionHandler(id=140331336108368, session='2017-10-20T17_53_22_0').on_event(Event(SELECTED_RECOGNITION, tell me what to do, sender=DmeModule, reason=None))
2017-10-20 17:54:02,358 - TdmApplication - DEBUG - FrontendConnectionHandler(id=140331336108368, session='2017-10-20T17_53_22_0'): writing {"content": "tell me what to do", "_sender": "DmeModule", "_reason": null, "event_type": "SELECTED_RECOGNITION"}
2017-10-20 17:54:02,358 - TdmApplication - DEBUG - FrontendConnectionHandler(id=140331336108368, session='2017-10-20T17_53_22_0'): OK
2017-10-20 17:54:02,359 - TdmApplication - DEBUG - FrontendConnectionHandler(id=140331336108368, session='2017-10-20T17_53_22_0').on_event(Event(FACTS, [{predicate: say_step, grammar_entry: None, value: unknown step}], sender=DmeModule, reason=None))
2017-10-20 17:54:02,360 - TdmApplication - DEBUG - FrontendConnectionHandler(id=140331336108368, session='2017-10-20T17_53_22_0'): writing {"content": [{"predicate": "say_step", "grammar_entry": null, "value": "unknown step"}], "_sender": "DmeModule", "_reason": null, "event_type": "FACTS"}
2017-10-20 17:54:02,360 - TdmApplication - DEBUG - FrontendConnectionHandler(id=140331336108368, session='2017-10-20T17_53_22_0'): OK
2017-10-20 17:54:02,373 - TdmApplication - DEBUG - FrontendConnectionHandler(id=140331336108368, session='2017-10-20T17_53_22_0').on_event(Event(SYSTEM_UTTERANCE_TO_SPEAK, [, , Are you done?], sender=GenerateModule, reason=None))
2017-10-20 17:54:02,373 - TdmApplication - DEBUG - FrontendConnectionHandler(id=140331336108368, session='2017-10-20T17_53_22_0'): writing {"content": ["", "", "Are you done?"], "_sender": "GenerateModule", "_reason": null, "event_type": "SYSTEM_UTTERANCE_TO_SPEAK"}
2017-10-20 17:54:02,374 - TdmApplication - DEBUG - FrontendConnectionHandler(id=140331336108368, session='2017-10-20T17_53_22_0'): OK
2017-10-20 17:54:02,376 - TdmApplication - DEBUG - FrontendConnectionHandler(id=140331336108368, session='2017-10-20T17_53_22_0').on_event(Event(GUI.POPUP, {options: [], title: Are you done?}, sender=IndependentGuiBackend, reason=None))
2017-10-20 17:54:02,377 - TdmApplication - DEBUG - FrontendConnectionHandler(id=140331336108368, session='2017-10-20T17_53_22_0'): writing {"content": {"options": [], "title": "Are you done?"}, "_sender": "IndependentGuiBackend", "_reason": null, "event_type": "GUI.POPUP"}
2017-10-20 17:54:02,377 - TdmApplication - DEBUG - FrontendConnectionHandler(id=140331336108368, session='2017-10-20T17_53_22_0'): OK
2017-10-20 17:54:02,378 - TdmApplication - DEBUG - FrontendConnectionHandler(id=140331336108368, session='2017-10-20T17_53_22_0').on_event(Event(MESSAGE_TO_GUI, [<tdm.tdm_gui_protocol.Popup instance at 0x7fa16d0066c8>], sender=GuiBackend, reason=None))
2017-10-20 17:54:02,379 - TdmApplication - DEBUG - FrontendConnectionHandler(id=140331336108368, session='2017-10-20T17_53_22_0').on_message({"content": ["", "", "Are you done?"], "_sender": "TextOutputComponent", "_reason": null, "event_type": "SYSTEM_UTTERANCE_REALIZED"})
2017-10-20 17:54:02,379 - TdmApplication - DEBUG - FrontendConnectionHandler(id=140331336108368, session='2017-10-20T17_53_22_0'): writing {"content": [{"Popup": {"elements": [], "title": "Are you done?"}}], "_sender": "GuiBackend", "_reason": null, "event_type": "MESSAGE_TO_GUI"}
2017-10-20 17:54:02,380 - TdmApplication - DEBUG - FrontendConnectionHandler(id=140331336108368, session='2017-10-20T17_53_22_0'): OK
2017-10-20 17:54:02,414 - TdmApplication - DEBUG - FrontendConnectionHandler(id=140331336108368, session='2017-10-20T17_53_22_0').on_event(Event(FACTS, [{predicate: say_step, grammar_entry: None, value: unknown step}], sender=DmeModule, reason=None))
2017-10-20 17:54:02,415 - TdmApplication - DEBUG - FrontendConnectionHandler(id=140331336108368, session='2017-10-20T17_53_22_0'): writing {"content": [{"predicate": "say_step", "grammar_entry": null, "value": "unknown step"}], "_sender": "DmeModule", "_reason": null, "event_type": "FACTS"}
2017-10-20 17:54:02,415 - TdmApplication - DEBUG - FrontendConnectionHandler(id=140331336108368, session='2017-10-20T17_53_22_0'): OK
2017-10-20 17:54:21,834 - TdmApplication - DEBUG - FrontendConnectionHandler(id=140331336108368, session='2017-10-20T17_53_22_0').on_message({"content": [{"score": 1.0, "utterance": "yes"}], "_sender": "TextInputComponent", "_reason": null, "event_type": "RECOGNITION"})
2017-10-20 17:54:21,839 - TdmApplication - DEBUG - FrontendConnectionHandler(id=140331336108368, session='2017-10-20T17_53_22_0').on_event(Event(STOP_LISTENING, None, sender=TurnManager, reason=None))
2017-10-20 17:54:21,839 - TdmApplication - DEBUG - FrontendConnectionHandler(id=140331336108368, session='2017-10-20T17_53_22_0'): writing {"content": null, "_sender": "TurnManager", "_reason": null, "event_type": "STOP_LISTENING"}
2017-10-20 17:54:21,839 - TdmApplication - DEBUG - FrontendConnectionHandler(id=140331336108368, session='2017-10-20T17_53_22_0'): OK
2017-10-20 17:54:21,919 - TdmApplication - DEBUG - FrontendConnectionHandler(id=140331336108368, session='2017-10-20T17_53_22_0').on_event(Event(SELECTED_RECOGNITION, yes, sender=DmeModule, reason=None))
2017-10-20 17:54:21,919 - TdmApplication - DEBUG - FrontendConnectionHandler(id=140331336108368, session='2017-10-20T17_53_22_0'): writing {"content": "yes", "_sender": "DmeModule", "_reason": null, "event_type": "SELECTED_RECOGNITION"}
2017-10-20 17:54:21,919 - TdmApplication - DEBUG - FrontendConnectionHandler(id=140331336108368, session='2017-10-20T17_53_22_0'): OK
2017-10-20 17:54:21,920 - TdmApplication - DEBUG - FrontendConnectionHandler(id=140331336108368, session='2017-10-20T17_53_22_0').on_event(Event(FACTS, [{predicate: say_step, grammar_entry: None, value: unknown step}], sender=DmeModule, reason=None))
2017-10-20 17:54:21,921 - TdmApplication - DEBUG - FrontendConnectionHandler(id=140331336108368, session='2017-10-20T17_53_22_0'): writing {"content": [{"predicate": "say_step", "grammar_entry": null, "value": "unknown step"}], "_sender": "DmeModule", "_reason": null, "event_type": "FACTS"}
2017-10-20 17:54:21,921 - TdmApplication - DEBUG - FrontendConnectionHandler(id=140331336108368, session='2017-10-20T17_53_22_0'): OK
2017-10-20 17:54:21,931 - TdmApplication - DEBUG - FrontendConnectionHandler(id=140331336108368, session='2017-10-20T17_53_22_0').on_event(Event(SYSTEM_UTTERANCE_TO_SPEAK, [], sender=GenerateModule, reason=None))
2017-10-20 17:54:21,931 - TdmApplication - DEBUG - FrontendConnectionHandler(id=140331336108368, session='2017-10-20T17_53_22_0'): writing {"content": [""], "_sender": "GenerateModule", "_reason": null, "event_type": "SYSTEM_UTTERANCE_TO_SPEAK"}
2017-10-20 17:54:21,931 - TdmApplication - DEBUG - FrontendConnectionHandler(id=140331336108368, session='2017-10-20T17_53_22_0'): OK
2017-10-20 17:54:21,932 - TdmApplication - DEBUG - FrontendConnectionHandler(id=140331336108368, session='2017-10-20T17_53_22_0').on_event(Event(MESSAGE_TO_GUI, [<tdm.tdm_gui_protocol.ClosePopup instance at 0x7fa16cff5dd0>], sender=GuiBackend, reason=None))
2017-10-20 17:54:21,932 - TdmApplication - DEBUG - FrontendConnectionHandler(id=140331336108368, session='2017-10-20T17_53_22_0'): writing {"content": [{"ClosePopup": {}}], "_sender": "GuiBackend", "_reason": null, "event_type": "MESSAGE_TO_GUI"}
2017-10-20 17:54:21,932 - TdmApplication - DEBUG - FrontendConnectionHandler(id=140331336108368, session='2017-10-20T17_53_22_0'): OK
2017-10-20 17:54:21,936 - TdmApplication - DEBUG - FrontendConnectionHandler(id=140331336108368, session='2017-10-20T17_53_22_0').on_message({"content": [""], "_sender": "TextOutputComponent", "_reason": null, "event_type": "SYSTEM_UTTERANCE_REALIZED"})
2017-10-20 17:54:21,983 - TdmApplication - DEBUG - FrontendConnectionHandler(id=140331336108368, session='2017-10-20T17_53_22_0').on_event(Event(FACTS, [], sender=DmeModule, reason=None))
2017-10-20 17:54:21,983 - TdmApplication - DEBUG - FrontendConnectionHandler(id=140331336108368, session='2017-10-20T17_53_22_0'): writing {"content": [], "_sender": "DmeModule", "_reason": null, "event_type": "FACTS"}
2017-10-20 17:54:21,983 - TdmApplication - DEBUG - FrontendConnectionHandler(id=140331336108368, session='2017-10-20T17_53_22_0'): OK
2017-10-20 17:54:21,992 - TdmApplication - DEBUG - FrontendConnectionHandler(id=140331336108368, session='2017-10-20T17_53_22_0').on_event(Event(SYSTEM_UTTERANCE_TO_SPEAK, [Returning to the start view., What would you like to do?], sender=GenerateModule, reason=None))
2017-10-20 17:54:21,992 - TdmApplication - DEBUG - FrontendConnectionHandler(id=140331336108368, session='2017-10-20T17_53_22_0'): writing {"content": ["Returning to the start view.", "What would you like to do?"], "_sender": "GenerateModule", "_reason": null, "event_type": "SYSTEM_UTTERANCE_TO_SPEAK"}
2017-10-20 17:54:21,992 - TdmApplication - DEBUG - FrontendConnectionHandler(id=140331336108368, session='2017-10-20T17_53_22_0'): OK
2017-10-20 17:54:21,993 - TdmApplication - DEBUG - FrontendConnectionHandler(id=140331336108368, session='2017-10-20T17_53_22_0').on_event(Event(MESSAGE_TO_GUI, [], sender=GuiBackend, reason=None))
2017-10-20 17:54:21,993 - TdmApplication - DEBUG - FrontendConnectionHandler(id=140331336108368, session='2017-10-20T17_53_22_0'): writing {"content": [], "_sender": "GuiBackend", "_reason": null, "event_type": "MESSAGE_TO_GUI"}
2017-10-20 17:54:21,993 - TdmApplication - DEBUG - FrontendConnectionHandler(id=140331336108368, session='2017-10-20T17_53_22_0'): OK
2017-10-20 17:54:22,041 - TdmApplication - DEBUG - FrontendConnectionHandler(id=140331336108368, session='2017-10-20T17_53_22_0').on_message({"content": ["Returning to the start view.", "What would you like to do?"], "_sender": "TextOutputComponent", "_reason": null, "event_type": "SYSTEM_UTTERANCE_REALIZED"})
2017-10-20 17:54:22,065 - TdmApplication - DEBUG - FrontendConnectionHandler(id=140331336108368, session='2017-10-20T17_53_22_0').on_event(Event(FACTS, [], sender=DmeModule, reason=None))
2017-10-20 17:54:22,065 - TdmApplication - DEBUG - FrontendConnectionHandler(id=140331336108368, session='2017-10-20T17_53_22_0'): writing {"content": [], "_sender": "DmeModule", "_reason": null, "event_type": "FACTS"}
2017-10-20 17:54:22,065 - TdmApplication - DEBUG - FrontendConnectionHandler(id=140331336108368, session='2017-10-20T17_53_22_0'): OK
2017-10-20 17:54:29,185 - TdmApplication - DEBUG - FrontendConnectionHandler(id=140331336108368, session='2017-10-20T17_53_22_0').on_message({"content": [{"score": 1.0, "utterance": "no"}], "_sender": "TextInputComponent", "_reason": null, "event_type": "RECOGNITION"})
2017-10-20 17:54:29,190 - TdmApplication - DEBUG - FrontendConnectionHandler(id=140331336108368, session='2017-10-20T17_53_22_0').on_event(Event(STOP_LISTENING, None, sender=TurnManager, reason=None))
2017-10-20 17:54:29,190 - TdmApplication - DEBUG - FrontendConnectionHandler(id=140331336108368, session='2017-10-20T17_53_22_0'): writing {"content": null, "_sender": "TurnManager", "_reason": null, "event_type": "STOP_LISTENING"}
2017-10-20 17:54:29,190 - TdmApplication - DEBUG - FrontendConnectionHandler(id=140331336108368, session='2017-10-20T17_53_22_0'): OK
2017-10-20 17:54:29,246 - TdmApplication - DEBUG - FrontendConnectionHandler(id=140331336108368, session='2017-10-20T17_53_22_0').on_event(Event(SELECTED_RECOGNITION, no, sender=DmeModule, reason=None))
2017-10-20 17:54:29,246 - TdmApplication - DEBUG - FrontendConnectionHandler(id=140331336108368, session='2017-10-20T17_53_22_0'): writing {"content": "no", "_sender": "DmeModule", "_reason": null, "event_type": "SELECTED_RECOGNITION"}
2017-10-20 17:54:29,247 - TdmApplication - DEBUG - FrontendConnectionHandler(id=140331336108368, session='2017-10-20T17_53_22_0'): OK
2017-10-20 17:54:29,247 - TdmApplication - DEBUG - FrontendConnectionHandler(id=140331336108368, session='2017-10-20T17_53_22_0').on_event(Event(FACTS, [], sender=DmeModule, reason=None))
2017-10-20 17:54:29,248 - TdmApplication - DEBUG - FrontendConnectionHandler(id=140331336108368, session='2017-10-20T17_53_22_0'): writing {"content": [], "_sender": "DmeModule", "_reason": null, "event_type": "FACTS"}
2017-10-20 17:54:29,248 - TdmApplication - DEBUG - FrontendConnectionHandler(id=140331336108368, session='2017-10-20T17_53_22_0'): OK
2017-10-20 17:54:29,254 - TdmApplication - DEBUG - FrontendConnectionHandler(id=140331336108368, session='2017-10-20T17_53_22_0').on_event(Event(SYSTEM_UTTERANCE_TO_SPEAK, [What would you like to do?], sender=GenerateModule, reason=None))
2017-10-20 17:54:29,254 - TdmApplication - DEBUG - FrontendConnectionHandler(id=140331336108368, session='2017-10-20T17_53_22_0'): writing {"content": ["What would you like to do?"], "_sender": "GenerateModule", "_reason": null, "event_type": "SYSTEM_UTTERANCE_TO_SPEAK"}
2017-10-20 17:54:29,254 - TdmApplication - DEBUG - FrontendConnectionHandler(id=140331336108368, session='2017-10-20T17_53_22_0'): OK
2017-10-20 17:54:29,255 - TdmApplication - DEBUG - FrontendConnectionHandler(id=140331336108368, session='2017-10-20T17_53_22_0').on_event(Event(MESSAGE_TO_GUI, [], sender=GuiBackend, reason=None))
2017-10-20 17:54:29,255 - TdmApplication - DEBUG - FrontendConnectionHandler(id=140331336108368, session='2017-10-20T17_53_22_0'): writing {"content": [], "_sender": "GuiBackend", "_reason": null, "event_type": "MESSAGE_TO_GUI"}
2017-10-20 17:54:29,255 - TdmApplication - DEBUG - FrontendConnectionHandler(id=140331336108368, session='2017-10-20T17_53_22_0'): OK
2017-10-20 17:54:29,279 - TdmApplication - DEBUG - FrontendConnectionHandler(id=140331336108368, session='2017-10-20T17_53_22_0').on_message({"content": ["What would you like to do?"], "_sender": "TextOutputComponent", "_reason": null, "event_type": "SYSTEM_UTTERANCE_REALIZED"})
2017-10-20 17:54:29,297 - TdmApplication - DEBUG - FrontendConnectionHandler(id=140331336108368, session='2017-10-20T17_53_22_0').on_event(Event(FACTS, [], sender=DmeModule, reason=None))
2017-10-20 17:54:29,297 - TdmApplication - DEBUG - FrontendConnectionHandler(id=140331336108368, session='2017-10-20T17_53_22_0'): writing {"content": [], "_sender": "DmeModule", "_reason": null, "event_type": "FACTS"}
2017-10-20 17:54:29,297 - TdmApplication - DEBUG - FrontendConnectionHandler(id=140331336108368, session='2017-10-20T17_53_22_0'): OK
2017-10-20 17:54:39,628 - TdmApplication - DEBUG - FrontendConnectionHandler(id=140331336108368, session='2017-10-20T17_53_22_0').on_message({"content": [{"score": 1.0, "utterance": "tell me what to do"}], "_sender": "TextInputComponent", "_reason": null, "event_type": "RECOGNITION"})
2017-10-20 17:54:39,632 - TdmApplication - DEBUG - FrontendConnectionHandler(id=140331336108368, session='2017-10-20T17_53_22_0').on_event(Event(STOP_LISTENING, None, sender=TurnManager, reason=None))
2017-10-20 17:54:39,632 - TdmApplication - DEBUG - FrontendConnectionHandler(id=140331336108368, session='2017-10-20T17_53_22_0'): writing {"content": null, "_sender": "TurnManager", "_reason": null, "event_type": "STOP_LISTENING"}
2017-10-20 17:54:39,632 - TdmApplication - DEBUG - FrontendConnectionHandler(id=140331336108368, session='2017-10-20T17_53_22_0'): OK
2017-10-20 17:54:39,705 - TdmApplication - DEBUG - FrontendConnectionHandler(id=140331336108368, session='2017-10-20T17_53_22_0').on_event(Event(SELECTED_RECOGNITION, tell me what to do, sender=DmeModule, reason=None))
2017-10-20 17:54:39,705 - TdmApplication - DEBUG - FrontendConnectionHandler(id=140331336108368, session='2017-10-20T17_53_22_0'): writing {"content": "tell me what to do", "_sender": "DmeModule", "_reason": null, "event_type": "SELECTED_RECOGNITION"}
2017-10-20 17:54:39,705 - TdmApplication - DEBUG - FrontendConnectionHandler(id=140331336108368, session='2017-10-20T17_53_22_0'): OK
2017-10-20 17:54:39,706 - TdmApplication - DEBUG - FrontendConnectionHandler(id=140331336108368, session='2017-10-20T17_53_22_0').on_event(Event(FACTS, [{predicate: say_step, grammar_entry: None, value: unknown step}], sender=DmeModule, reason=None))
2017-10-20 17:54:39,706 - TdmApplication - DEBUG - FrontendConnectionHandler(id=140331336108368, session='2017-10-20T17_53_22_0'): writing {"content": [{"predicate": "say_step", "grammar_entry": null, "value": "unknown step"}], "_sender": "DmeModule", "_reason": null, "event_type": "FACTS"}
2017-10-20 17:54:39,707 - TdmApplication - DEBUG - FrontendConnectionHandler(id=140331336108368, session='2017-10-20T17_53_22_0'): OK
2017-10-20 17:54:39,735 - TdmApplication - DEBUG - FrontendConnectionHandler(id=140331336108368, session='2017-10-20T17_53_22_0').on_event(Event(SYSTEM_UTTERANCE_TO_SPEAK, [, , Are you done?], sender=GenerateModule, reason=None))
2017-10-20 17:54:39,735 - TdmApplication - DEBUG - FrontendConnectionHandler(id=140331336108368, session='2017-10-20T17_53_22_0'): writing {"content": ["", "", "Are you done?"], "_sender": "GenerateModule", "_reason": null, "event_type": "SYSTEM_UTTERANCE_TO_SPEAK"}
2017-10-20 17:54:39,736 - TdmApplication - DEBUG - FrontendConnectionHandler(id=140331336108368, session='2017-10-20T17_53_22_0'): OK
2017-10-20 17:54:39,740 - TdmApplication - DEBUG - FrontendConnectionHandler(id=140331336108368, session='2017-10-20T17_53_22_0').on_event(Event(GUI.POPUP, {options: [], title: Are you done?}, sender=IndependentGuiBackend, reason=None))
2017-10-20 17:54:39,740 - TdmApplication - DEBUG - FrontendConnectionHandler(id=140331336108368, session='2017-10-20T17_53_22_0'): writing {"content": {"options": [], "title": "Are you done?"}, "_sender": "IndependentGuiBackend", "_reason": null, "event_type": "GUI.POPUP"}
2017-10-20 17:54:39,740 - TdmApplication - DEBUG - FrontendConnectionHandler(id=140331336108368, session='2017-10-20T17_53_22_0'): OK
2017-10-20 17:54:39,741 - TdmApplication - DEBUG - FrontendConnectionHandler(id=140331336108368, session='2017-10-20T17_53_22_0').on_event(Event(MESSAGE_TO_GUI, [<tdm.tdm_gui_protocol.Popup instance at 0x7fa16c7be320>], sender=GuiBackend, reason=None))
2017-10-20 17:54:39,741 - TdmApplication - DEBUG - FrontendConnectionHandler(id=140331336108368, session='2017-10-20T17_53_22_0'): writing {"content": [{"Popup": {"elements": [], "title": "Are you done?"}}], "_sender": "GuiBackend", "_reason": null, "event_type": "MESSAGE_TO_GUI"}
2017-10-20 17:54:39,742 - TdmApplication - DEBUG - FrontendConnectionHandler(id=140331336108368, session='2017-10-20T17_53_22_0'): OK
2017-10-20 17:54:39,746 - TdmApplication - DEBUG - FrontendConnectionHandler(id=140331336108368, session='2017-10-20T17_53_22_0').on_message({"content": ["", "", "Are you done?"], "_sender": "TextOutputComponent", "_reason": null, "event_type": "SYSTEM_UTTERANCE_REALIZED"})
2017-10-20 17:54:39,782 - TdmApplication - DEBUG - FrontendConnectionHandler(id=140331336108368, session='2017-10-20T17_53_22_0').on_event(Event(FACTS, [{predicate: say_step, grammar_entry: None, value: unknown step}], sender=DmeModule, reason=None))
2017-10-20 17:54:39,783 - TdmApplication - DEBUG - FrontendConnectionHandler(id=140331336108368, session='2017-10-20T17_53_22_0'): writing {"content": [{"predicate": "say_step", "grammar_entry": null, "value": "unknown step"}], "_sender": "DmeModule", "_reason": null, "event_type": "FACTS"}
2017-10-20 17:54:39,783 - TdmApplication - DEBUG - FrontendConnectionHandler(id=140331336108368, session='2017-10-20T17_53_22_0'): OK
2017-10-20 17:54:43,211 - TdmApplication - DEBUG - FrontendConnectionHandler(id=140331336108368, session='2017-10-20T17_53_22_0').on_message({"content": [{"score": 1.0, "utterance": "no"}], "_sender": "TextInputComponent", "_reason": null, "event_type": "RECOGNITION"})
2017-10-20 17:54:43,217 - TdmApplication - DEBUG - FrontendConnectionHandler(id=140331336108368, session='2017-10-20T17_53_22_0').on_event(Event(STOP_LISTENING, None, sender=TurnManager, reason=None))
2017-10-20 17:54:43,217 - TdmApplication - DEBUG - FrontendConnectionHandler(id=140331336108368, session='2017-10-20T17_53_22_0'): writing {"content": null, "_sender": "TurnManager", "_reason": null, "event_type": "STOP_LISTENING"}
2017-10-20 17:54:43,217 - TdmApplication - DEBUG - FrontendConnectionHandler(id=140331336108368, session='2017-10-20T17_53_22_0'): OK
2017-10-20 17:54:43,297 - TdmApplication - DEBUG - FrontendConnectionHandler(id=140331336108368, session='2017-10-20T17_53_22_0').on_event(Event(SELECTED_RECOGNITION, no, sender=DmeModule, reason=None))
2017-10-20 17:54:43,297 - TdmApplication - DEBUG - FrontendConnectionHandler(id=140331336108368, session='2017-10-20T17_53_22_0'): writing {"content": "no", "_sender": "DmeModule", "_reason": null, "event_type": "SELECTED_RECOGNITION"}
2017-10-20 17:54:43,297 - TdmApplication - DEBUG - FrontendConnectionHandler(id=140331336108368, session='2017-10-20T17_53_22_0'): OK
2017-10-20 17:54:43,298 - TdmApplication - DEBUG - FrontendConnectionHandler(id=140331336108368, session='2017-10-20T17_53_22_0').on_event(Event(FACTS, [{predicate: say_step, grammar_entry: None, value: unknown step}], sender=DmeModule, reason=None))
2017-10-20 17:54:43,298 - TdmApplication - DEBUG - FrontendConnectionHandler(id=140331336108368, session='2017-10-20T17_53_22_0'): writing {"content": [{"predicate": "say_step", "grammar_entry": null, "value": "unknown step"}], "_sender": "DmeModule", "_reason": null, "event_type": "FACTS"}
2017-10-20 17:54:43,299 - TdmApplication - DEBUG - FrontendConnectionHandler(id=140331336108368, session='2017-10-20T17_53_22_0'): OK
2017-10-20 17:54:43,306 - TdmApplication - DEBUG - FrontendConnectionHandler(id=140331336108368, session='2017-10-20T17_53_22_0').on_event(Event(SYSTEM_UTTERANCE_TO_SPEAK, [], sender=GenerateModule, reason=None))
2017-10-20 17:54:43,306 - TdmApplication - DEBUG - FrontendConnectionHandler(id=140331336108368, session='2017-10-20T17_53_22_0'): writing {"content": [""], "_sender": "GenerateModule", "_reason": null, "event_type": "SYSTEM_UTTERANCE_TO_SPEAK"}
2017-10-20 17:54:43,306 - TdmApplication - DEBUG - FrontendConnectionHandler(id=140331336108368, session='2017-10-20T17_53_22_0'): OK
2017-10-20 17:54:43,307 - TdmApplication - DEBUG - FrontendConnectionHandler(id=140331336108368, session='2017-10-20T17_53_22_0').on_event(Event(MESSAGE_TO_GUI, [<tdm.tdm_gui_protocol.ClosePopup instance at 0x7fa16d009cb0>], sender=GuiBackend, reason=None))
2017-10-20 17:54:43,308 - TdmApplication - DEBUG - FrontendConnectionHandler(id=140331336108368, session='2017-10-20T17_53_22_0'): writing {"content": [{"ClosePopup": {}}], "_sender": "GuiBackend", "_reason": null, "event_type": "MESSAGE_TO_GUI"}
2017-10-20 17:54:43,308 - TdmApplication - DEBUG - FrontendConnectionHandler(id=140331336108368, session='2017-10-20T17_53_22_0'): OK
2017-10-20 17:54:43,319 - TdmApplication - DEBUG - FrontendConnectionHandler(id=140331336108368, session='2017-10-20T17_53_22_0').on_message({"content": [""], "_sender": "TextOutputComponent", "_reason": null, "event_type": "SYSTEM_UTTERANCE_REALIZED"})
2017-10-20 17:54:43,364 - TdmApplication - DEBUG - FrontendConnectionHandler(id=140331336108368, session='2017-10-20T17_53_22_0').on_event(Event(FACTS, [], sender=DmeModule, reason=None))
2017-10-20 17:54:43,364 - TdmApplication - DEBUG - FrontendConnectionHandler(id=140331336108368, session='2017-10-20T17_53_22_0'): writing {"content": [], "_sender": "DmeModule", "_reason": null, "event_type": "FACTS"}
2017-10-20 17:54:43,365 - TdmApplication - DEBUG - FrontendConnectionHandler(id=140331336108368, session='2017-10-20T17_53_22_0'): OK
2017-10-20 17:54:43,374 - TdmApplication - DEBUG - FrontendConnectionHandler(id=140331336108368, session='2017-10-20T17_53_22_0').on_event(Event(SYSTEM_UTTERANCE_TO_SPEAK, [Returning to the start view., What would you like to do?], sender=GenerateModule, reason=None))
2017-10-20 17:54:43,374 - TdmApplication - DEBUG - FrontendConnectionHandler(id=140331336108368, session='2017-10-20T17_53_22_0'): writing {"content": ["Returning to the start view.", "What would you like to do?"], "_sender": "GenerateModule", "_reason": null, "event_type": "SYSTEM_UTTERANCE_TO_SPEAK"}
2017-10-20 17:54:43,374 - TdmApplication - DEBUG - FrontendConnectionHandler(id=140331336108368, session='2017-10-20T17_53_22_0'): OK
2017-10-20 17:54:43,375 - TdmApplication - DEBUG - FrontendConnectionHandler(id=140331336108368, session='2017-10-20T17_53_22_0').on_event(Event(MESSAGE_TO_GUI, [], sender=GuiBackend, reason=None))
2017-10-20 17:54:43,375 - TdmApplication - DEBUG - FrontendConnectionHandler(id=140331336108368, session='2017-10-20T17_53_22_0'): writing {"content": [], "_sender": "GuiBackend", "_reason": null, "event_type": "MESSAGE_TO_GUI"}
2017-10-20 17:54:43,375 - TdmApplication - DEBUG - FrontendConnectionHandler(id=140331336108368, session='2017-10-20T17_53_22_0'): OK
2017-10-20 17:54:43,423 - TdmApplication - DEBUG - FrontendConnectionHandler(id=140331336108368, session='2017-10-20T17_53_22_0').on_message({"content": ["Returning to the start view.", "What would you like to do?"], "_sender": "TextOutputComponent", "_reason": null, "event_type": "SYSTEM_UTTERANCE_REALIZED"})
2017-10-20 17:54:43,446 - TdmApplication - DEBUG - FrontendConnectionHandler(id=140331336108368, session='2017-10-20T17_53_22_0').on_event(Event(FACTS, [], sender=DmeModule, reason=None))
2017-10-20 17:54:43,446 - TdmApplication - DEBUG - FrontendConnectionHandler(id=140331336108368, session='2017-10-20T17_53_22_0'): writing {"content": [], "_sender": "DmeModule", "_reason": null, "event_type": "FACTS"}
2017-10-20 17:54:43,446 - TdmApplication - DEBUG - FrontendConnectionHandler(id=140331336108368, session='2017-10-20T17_53_22_0'): OK
2017-10-20 17:56:37,151 - TdmApplication - DEBUG - FrontendConnectionHandler(id=140331336108368, session='2017-10-20T17_53_22_0').on_close()
2017-10-20 17:56:37,152 - TdmApplication - DEBUG - SessionManager.stop('2017-10-20T17_53_22_0')
2017-10-20 17:56:37,153 - TdmApplication - DEBUG - TdmApplication.stop(): Stopping HTTP server
2017-10-20 17:56:37,153 - TdmApplication - DEBUG - TdmApplication.stop(): Stopping IO-loop
2017-10-20 17:56:37,153 - TdmApplication - DEBUG - TdmApplication.stop(): Stopping sessions []
