2017-10-24 17:05:21,820 - TdmApplication - DEBUG - DddDb().__init__(name='ddds', default_ddds=[u'recipehelp'])
2017-10-24 17:05:21,820 - TdmApplication - DEBUG - DddDb(): DB file name is '/home/gusmatssar/recipedialogue/tdm/ddds.json'
2017-10-24 17:05:21,828 - TdmApplication - DEBUG - FrontendConnectionHandler(id=139908398516560, session=None).open()
2017-10-24 17:05:21,830 - TdmApplication - DEBUG - thread_manager.create_thread() with threading.active_count()=3
2017-10-24 17:05:21,831 - TdmApplication - DEBUG - thread_manager.create_thread() with threading.active_count()=4
2017-10-24 17:05:21,831 - TdmApplication - DEBUG - FrontendConnectionHandler(id=139908398516560, session=None).on_message({"handshake_content": {"session_id": null, "keep_session_alive": false}, "name": "Frontend"})
2017-10-24 17:05:21,832 - TdmApplication - DEBUG - FrontendConnectionHandler(id=139908398516560, session=None)._register({"handshake_content": {"session_id": null, "keep_session_alive": false}, "name": "Frontend"})
2017-10-24 17:05:21,832 - TdmApplication - DEBUG - Creating backend and session with id 2017-10-24T17_05_21_0.
2017-10-24 17:05:21,870 - TdmApplication - DEBUG - FrontendConnectionHandler._register: Registered in session 2017-10-24T17_05_21_0 with backend <ThreadedBackend(ThreadedBackend, started daemon 139908154738432)>.
2017-10-24 17:05:21,871 - TdmApplication - DEBUG - FrontendConnectionHandler(id=139908398516560, session='2017-10-24T17_05_21_0').on_event(Event(REGISTER_BACKEND, None, sender=Backend, reason=None))
2017-10-24 17:05:21,872 - TdmApplication - DEBUG - FrontendConnectionHandler(id=139908398516560, session='2017-10-24T17_05_21_0'): writing {"content": null, "_sender": "Backend", "_reason": null, "event_type": "REGISTER_BACKEND"}
2017-10-24 17:05:21,872 - TdmApplication - DEBUG - FrontendConnectionHandler(id=139908398516560, session='2017-10-24T17_05_21_0'): OK
2017-10-24 17:05:21,900 - TdmApplication - DEBUG - FrontendConnectionHandler(id=139908398516560, session='2017-10-24T17_05_21_0').on_message({"content": null, "_sender": "Frontend", "_reason": null, "event_type": "FRONTEND_READY"})
2017-10-24 17:05:21,904 - TdmApplication - DEBUG - FrontendConnectionHandler(id=139908398516560, session='2017-10-24T17_05_21_0').on_event(Event(BACKEND_READY, None, sender=Backend, reason=None))
2017-10-24 17:05:21,904 - TdmApplication - DEBUG - FrontendConnectionHandler(id=139908398516560, session='2017-10-24T17_05_21_0'): writing {"content": null, "_sender": "Backend", "_reason": null, "event_type": "BACKEND_READY"}
2017-10-24 17:05:21,905 - TdmApplication - DEBUG - FrontendConnectionHandler(id=139908398516560, session='2017-10-24T17_05_21_0'): OK
2017-10-24 17:05:21,907 - TdmApplication - DEBUG - FrontendConnectionHandler(id=139908398516560, session='2017-10-24T17_05_21_0').on_message({"content": null, "_sender": "Frontend", "_reason": null, "event_type": "START"})
2017-10-24 17:05:21,942 - TdmApplication - DEBUG - FrontendConnectionHandler(id=139908398516560, session='2017-10-24T17_05_21_0').on_event(Event(SET_DDD, {ddd_name: recipehelp, language_code: eng}, sender=DmeModule, reason=None))
2017-10-24 17:05:21,942 - TdmApplication - DEBUG - FrontendConnectionHandler(id=139908398516560, session='2017-10-24T17_05_21_0'): writing {"content": {"ddd_name": "recipehelp", "language_code": "eng"}, "_sender": "DmeModule", "_reason": null, "event_type": "SET_DDD"}
2017-10-24 17:05:21,942 - TdmApplication - DEBUG - FrontendConnectionHandler(id=139908398516560, session='2017-10-24T17_05_21_0'): OK
2017-10-24 17:05:21,943 - TdmApplication - DEBUG - FrontendConnectionHandler(id=139908398516560, session='2017-10-24T17_05_21_0').on_event(Event(FACTS, [], sender=DmeModule, reason=None))
2017-10-24 17:05:21,944 - TdmApplication - DEBUG - FrontendConnectionHandler(id=139908398516560, session='2017-10-24T17_05_21_0'): writing {"content": [], "_sender": "DmeModule", "_reason": null, "event_type": "FACTS"}
2017-10-24 17:05:21,944 - TdmApplication - DEBUG - FrontendConnectionHandler(id=139908398516560, session='2017-10-24T17_05_21_0'): OK
2017-10-24 17:05:21,955 - TdmApplication - DEBUG - FrontendConnectionHandler(id=139908398516560, session='2017-10-24T17_05_21_0').on_event(Event(SYSTEM_UTTERANCE_TO_SPEAK, [, What would you like to do?], sender=GenerateModule, reason=None))
2017-10-24 17:05:21,955 - TdmApplication - DEBUG - FrontendConnectionHandler(id=139908398516560, session='2017-10-24T17_05_21_0'): writing {"content": ["", "What would you like to do?"], "_sender": "GenerateModule", "_reason": null, "event_type": "SYSTEM_UTTERANCE_TO_SPEAK"}
2017-10-24 17:05:21,955 - TdmApplication - DEBUG - FrontendConnectionHandler(id=139908398516560, session='2017-10-24T17_05_21_0'): OK
2017-10-24 17:05:21,956 - TdmApplication - DEBUG - FrontendConnectionHandler(id=139908398516560, session='2017-10-24T17_05_21_0').on_event(Event(MESSAGE_TO_GUI, [], sender=GuiBackend, reason=None))
2017-10-24 17:05:21,956 - TdmApplication - DEBUG - FrontendConnectionHandler(id=139908398516560, session='2017-10-24T17_05_21_0'): writing {"content": [], "_sender": "GuiBackend", "_reason": null, "event_type": "MESSAGE_TO_GUI"}
2017-10-24 17:05:21,957 - TdmApplication - DEBUG - FrontendConnectionHandler(id=139908398516560, session='2017-10-24T17_05_21_0'): OK
2017-10-24 17:05:22,016 - TdmApplication - DEBUG - FrontendConnectionHandler(id=139908398516560, session='2017-10-24T17_05_21_0').on_message({"content": ["", "What would you like to do?"], "_sender": "TextOutputComponent", "_reason": null, "event_type": "SYSTEM_UTTERANCE_REALIZED"})
2017-10-24 17:05:22,037 - TdmApplication - DEBUG - FrontendConnectionHandler(id=139908398516560, session='2017-10-24T17_05_21_0').on_event(Event(FACTS, [], sender=DmeModule, reason=None))
2017-10-24 17:05:22,038 - TdmApplication - DEBUG - FrontendConnectionHandler(id=139908398516560, session='2017-10-24T17_05_21_0'): writing {"content": [], "_sender": "DmeModule", "_reason": null, "event_type": "FACTS"}
2017-10-24 17:05:22,038 - TdmApplication - DEBUG - FrontendConnectionHandler(id=139908398516560, session='2017-10-24T17_05_21_0'): OK
2017-10-24 17:05:24,980 - TdmApplication - DEBUG - FrontendConnectionHandler(id=139908398516560, session='2017-10-24T17_05_21_0').on_message({"content": [{"score": 1.0, "utterance": "tell me what to do"}], "_sender": "TextInputComponent", "_reason": null, "event_type": "RECOGNITION"})
2017-10-24 17:05:24,989 - TdmApplication - DEBUG - FrontendConnectionHandler(id=139908398516560, session='2017-10-24T17_05_21_0').on_event(Event(STOP_LISTENING, None, sender=TurnManager, reason=None))
2017-10-24 17:05:24,989 - TdmApplication - DEBUG - FrontendConnectionHandler(id=139908398516560, session='2017-10-24T17_05_21_0'): writing {"content": null, "_sender": "TurnManager", "_reason": null, "event_type": "STOP_LISTENING"}
2017-10-24 17:05:24,989 - TdmApplication - DEBUG - FrontendConnectionHandler(id=139908398516560, session='2017-10-24T17_05_21_0'): OK
2017-10-24 17:05:25,052 - TdmApplication - DEBUG - FrontendConnectionHandler(id=139908398516560, session='2017-10-24T17_05_21_0').on_event(Event(SELECTED_RECOGNITION, tell me what to do, sender=DmeModule, reason=None))
2017-10-24 17:05:25,053 - TdmApplication - DEBUG - FrontendConnectionHandler(id=139908398516560, session='2017-10-24T17_05_21_0'): writing {"content": "tell me what to do", "_sender": "DmeModule", "_reason": null, "event_type": "SELECTED_RECOGNITION"}
2017-10-24 17:05:25,053 - TdmApplication - DEBUG - FrontendConnectionHandler(id=139908398516560, session='2017-10-24T17_05_21_0'): OK
2017-10-24 17:05:25,053 - TdmApplication - DEBUG - FrontendConnectionHandler(id=139908398516560, session='2017-10-24T17_05_21_0').on_event(Event(FACTS, [], sender=DmeModule, reason=None))
2017-10-24 17:05:25,054 - TdmApplication - DEBUG - FrontendConnectionHandler(id=139908398516560, session='2017-10-24T17_05_21_0'): writing {"content": [], "_sender": "DmeModule", "_reason": null, "event_type": "FACTS"}
2017-10-24 17:05:25,054 - TdmApplication - DEBUG - FrontendConnectionHandler(id=139908398516560, session='2017-10-24T17_05_21_0'): OK
2017-10-24 17:05:25,064 - TdmApplication - DEBUG - FrontendConnectionHandler(id=139908398516560, session='2017-10-24T17_05_21_0').on_event(Event(SYSTEM_UTTERANCE_TO_SPEAK, [, Step ended], sender=GenerateModule, reason=None))
2017-10-24 17:05:25,064 - TdmApplication - DEBUG - FrontendConnectionHandler(id=139908398516560, session='2017-10-24T17_05_21_0'): writing {"content": ["", "Step ended"], "_sender": "GenerateModule", "_reason": null, "event_type": "SYSTEM_UTTERANCE_TO_SPEAK"}
2017-10-24 17:05:25,065 - TdmApplication - DEBUG - FrontendConnectionHandler(id=139908398516560, session='2017-10-24T17_05_21_0'): OK
2017-10-24 17:05:25,066 - TdmApplication - DEBUG - FrontendConnectionHandler(id=139908398516560, session='2017-10-24T17_05_21_0').on_event(Event(GUI.POPUP, {options: [], title: Step ended}, sender=IndependentGuiBackend, reason=None))
2017-10-24 17:05:25,066 - TdmApplication - DEBUG - FrontendConnectionHandler(id=139908398516560, session='2017-10-24T17_05_21_0'): writing {"content": {"options": [], "title": "Step ended"}, "_sender": "IndependentGuiBackend", "_reason": null, "event_type": "GUI.POPUP"}
2017-10-24 17:05:25,066 - TdmApplication - DEBUG - FrontendConnectionHandler(id=139908398516560, session='2017-10-24T17_05_21_0'): OK
2017-10-24 17:05:25,069 - TdmApplication - DEBUG - FrontendConnectionHandler(id=139908398516560, session='2017-10-24T17_05_21_0').on_event(Event(MESSAGE_TO_GUI, [<tdm.tdm_gui_protocol.DeviceResult instance at 0x7f3ef413ebd8>, <tdm.tdm_gui_protocol.Popup instance at 0x7f3ef40e3050>], sender=GuiBackend, reason=None))
2017-10-24 17:05:25,070 - TdmApplication - DEBUG - FrontendConnectionHandler(id=139908398516560, session='2017-10-24T17_05_21_0'): writing {"content": [{"DeviceResult": {"action": "say_step", "result": true, "arguments": {}, "failure_reason": null}}, {"Popup": {"elements": [], "title": "Step ended"}}], "_sender": "GuiBackend", "_reason": null, "event_type": "MESSAGE_TO_GUI"}
2017-10-24 17:05:25,070 - TdmApplication - DEBUG - FrontendConnectionHandler(id=139908398516560, session='2017-10-24T17_05_21_0'): OK
2017-10-24 17:05:25,071 - TdmApplication - DEBUG - FrontendConnectionHandler(id=139908398516560, session='2017-10-24T17_05_21_0').on_message({"content": ["", "Step ended"], "_sender": "TextOutputComponent", "_reason": null, "event_type": "SYSTEM_UTTERANCE_REALIZED"})
2017-10-24 17:05:25,132 - TdmApplication - DEBUG - FrontendConnectionHandler(id=139908398516560, session='2017-10-24T17_05_21_0').on_event(Event(FACTS, [], sender=DmeModule, reason=None))
2017-10-24 17:05:25,132 - TdmApplication - DEBUG - FrontendConnectionHandler(id=139908398516560, session='2017-10-24T17_05_21_0'): writing {"content": [], "_sender": "DmeModule", "_reason": null, "event_type": "FACTS"}
2017-10-24 17:05:25,132 - TdmApplication - DEBUG - FrontendConnectionHandler(id=139908398516560, session='2017-10-24T17_05_21_0'): OK
2017-10-24 17:05:25,143 - TdmApplication - DEBUG - FrontendConnectionHandler(id=139908398516560, session='2017-10-24T17_05_21_0').on_event(Event(SYSTEM_UTTERANCE_TO_SPEAK, [, Are you done?], sender=GenerateModule, reason=None))
2017-10-24 17:05:25,143 - TdmApplication - DEBUG - FrontendConnectionHandler(id=139908398516560, session='2017-10-24T17_05_21_0'): writing {"content": ["", "Are you done?"], "_sender": "GenerateModule", "_reason": null, "event_type": "SYSTEM_UTTERANCE_TO_SPEAK"}
2017-10-24 17:05:25,143 - TdmApplication - DEBUG - FrontendConnectionHandler(id=139908398516560, session='2017-10-24T17_05_21_0'): OK
2017-10-24 17:05:25,144 - TdmApplication - DEBUG - FrontendConnectionHandler(id=139908398516560, session='2017-10-24T17_05_21_0').on_event(Event(MESSAGE_TO_GUI, [<tdm.tdm_gui_protocol.ClosePopup instance at 0x7f3ef40f1c68>], sender=GuiBackend, reason=None))
2017-10-24 17:05:25,144 - TdmApplication - DEBUG - FrontendConnectionHandler(id=139908398516560, session='2017-10-24T17_05_21_0'): writing {"content": [{"ClosePopup": {}}], "_sender": "GuiBackend", "_reason": null, "event_type": "MESSAGE_TO_GUI"}
2017-10-24 17:05:25,145 - TdmApplication - DEBUG - FrontendConnectionHandler(id=139908398516560, session='2017-10-24T17_05_21_0'): OK
2017-10-24 17:05:25,151 - TdmApplication - DEBUG - FrontendConnectionHandler(id=139908398516560, session='2017-10-24T17_05_21_0').on_message({"content": ["", "Are you done?"], "_sender": "TextOutputComponent", "_reason": null, "event_type": "SYSTEM_UTTERANCE_REALIZED"})
2017-10-24 17:05:25,180 - TdmApplication - DEBUG - FrontendConnectionHandler(id=139908398516560, session='2017-10-24T17_05_21_0').on_event(Event(FACTS, [], sender=DmeModule, reason=None))
2017-10-24 17:05:25,180 - TdmApplication - DEBUG - FrontendConnectionHandler(id=139908398516560, session='2017-10-24T17_05_21_0'): writing {"content": [], "_sender": "DmeModule", "_reason": null, "event_type": "FACTS"}
2017-10-24 17:05:25,180 - TdmApplication - DEBUG - FrontendConnectionHandler(id=139908398516560, session='2017-10-24T17_05_21_0'): OK
2017-10-24 17:05:51,413 - TdmApplication - DEBUG - FrontendConnectionHandler(id=139908398516560, session='2017-10-24T17_05_21_0').on_close()
2017-10-24 17:05:51,413 - TdmApplication - DEBUG - SessionManager.stop('2017-10-24T17_05_21_0')
2017-10-24 17:05:51,416 - TdmApplication - DEBUG - TdmApplication.stop(): Stopping HTTP server
2017-10-24 17:05:51,417 - TdmApplication - DEBUG - TdmApplication.stop(): Stopping IO-loop
2017-10-24 17:05:51,417 - TdmApplication - DEBUG - TdmApplication.stop(): Stopping sessions []
