2017-10-20 18:02:55,651 - TdmApplication - DEBUG - DddDb().__init__(name='ddds', default_ddds=[u'recipehelp'])
2017-10-20 18:02:55,651 - TdmApplication - DEBUG - DddDb(): DB file name is '/home/gusmatssar/recipedialogue/tdm/ddds.json'
2017-10-20 18:02:55,662 - TdmApplication - DEBUG - FrontendConnectionHandler(id=140164158658896, session=None).open()
2017-10-20 18:02:55,664 - TdmApplication - DEBUG - thread_manager.create_thread() with threading.active_count()=3
2017-10-20 18:02:55,665 - TdmApplication - DEBUG - FrontendConnectionHandler(id=140164158658896, session=None).on_message({"handshake_content": {"session_id": null, "keep_session_alive": false}, "name": "Frontend"})
2017-10-20 18:02:55,665 - TdmApplication - DEBUG - FrontendConnectionHandler(id=140164158658896, session=None)._register({"handshake_content": {"session_id": null, "keep_session_alive": false}, "name": "Frontend"})
2017-10-20 18:02:55,666 - TdmApplication - DEBUG - thread_manager.create_thread() with threading.active_count()=4
2017-10-20 18:02:55,667 - TdmApplication - DEBUG - Creating backend and session with id 2017-10-20T18_02_55_0.
2017-10-20 18:02:55,703 - TdmApplication - DEBUG - FrontendConnectionHandler._register: Registered in session 2017-10-20T18_02_55_0 with backend <ThreadedBackend(ThreadedBackend, started daemon 140163908892416)>.
2017-10-20 18:02:55,703 - TdmApplication - DEBUG - FrontendConnectionHandler(id=140164158658896, session='2017-10-20T18_02_55_0').on_event(Event(REGISTER_BACKEND, None, sender=Backend, reason=None))
2017-10-20 18:02:55,704 - TdmApplication - DEBUG - FrontendConnectionHandler(id=140164158658896, session='2017-10-20T18_02_55_0'): writing {"content": null, "_sender": "Backend", "_reason": null, "event_type": "REGISTER_BACKEND"}
2017-10-20 18:02:55,704 - TdmApplication - DEBUG - FrontendConnectionHandler(id=140164158658896, session='2017-10-20T18_02_55_0'): OK
2017-10-20 18:02:55,716 - TdmApplication - DEBUG - FrontendConnectionHandler(id=140164158658896, session='2017-10-20T18_02_55_0').on_message({"content": null, "_sender": "Frontend", "_reason": null, "event_type": "FRONTEND_READY"})
2017-10-20 18:02:55,719 - TdmApplication - DEBUG - FrontendConnectionHandler(id=140164158658896, session='2017-10-20T18_02_55_0').on_event(Event(BACKEND_READY, None, sender=Backend, reason=None))
2017-10-20 18:02:55,719 - TdmApplication - DEBUG - FrontendConnectionHandler(id=140164158658896, session='2017-10-20T18_02_55_0'): writing {"content": null, "_sender": "Backend", "_reason": null, "event_type": "BACKEND_READY"}
2017-10-20 18:02:55,720 - TdmApplication - DEBUG - FrontendConnectionHandler(id=140164158658896, session='2017-10-20T18_02_55_0'): OK
2017-10-20 18:02:55,722 - TdmApplication - DEBUG - FrontendConnectionHandler(id=140164158658896, session='2017-10-20T18_02_55_0').on_message({"content": null, "_sender": "Frontend", "_reason": null, "event_type": "START"})
2017-10-20 18:02:55,757 - TdmApplication - DEBUG - FrontendConnectionHandler(id=140164158658896, session='2017-10-20T18_02_55_0').on_event(Event(SET_DDD, {ddd_name: recipehelp, language_code: eng}, sender=DmeModule, reason=None))
2017-10-20 18:02:55,757 - TdmApplication - DEBUG - FrontendConnectionHandler(id=140164158658896, session='2017-10-20T18_02_55_0'): writing {"content": {"ddd_name": "recipehelp", "language_code": "eng"}, "_sender": "DmeModule", "_reason": null, "event_type": "SET_DDD"}
2017-10-20 18:02:55,758 - TdmApplication - DEBUG - FrontendConnectionHandler(id=140164158658896, session='2017-10-20T18_02_55_0'): OK
2017-10-20 18:02:55,759 - TdmApplication - DEBUG - FrontendConnectionHandler(id=140164158658896, session='2017-10-20T18_02_55_0').on_event(Event(FACTS, [], sender=DmeModule, reason=None))
2017-10-20 18:02:55,759 - TdmApplication - DEBUG - FrontendConnectionHandler(id=140164158658896, session='2017-10-20T18_02_55_0'): writing {"content": [], "_sender": "DmeModule", "_reason": null, "event_type": "FACTS"}
2017-10-20 18:02:55,759 - TdmApplication - DEBUG - FrontendConnectionHandler(id=140164158658896, session='2017-10-20T18_02_55_0'): OK
2017-10-20 18:02:55,767 - TdmApplication - DEBUG - FrontendConnectionHandler(id=140164158658896, session='2017-10-20T18_02_55_0').on_event(Event(SYSTEM_UTTERANCE_TO_SPEAK, [, What would you like to do?], sender=GenerateModule, reason=None))
2017-10-20 18:02:55,767 - TdmApplication - DEBUG - FrontendConnectionHandler(id=140164158658896, session='2017-10-20T18_02_55_0'): writing {"content": ["", "What would you like to do?"], "_sender": "GenerateModule", "_reason": null, "event_type": "SYSTEM_UTTERANCE_TO_SPEAK"}
2017-10-20 18:02:55,767 - TdmApplication - DEBUG - FrontendConnectionHandler(id=140164158658896, session='2017-10-20T18_02_55_0'): OK
2017-10-20 18:02:55,768 - TdmApplication - DEBUG - FrontendConnectionHandler(id=140164158658896, session='2017-10-20T18_02_55_0').on_event(Event(MESSAGE_TO_GUI, [], sender=GuiBackend, reason=None))
2017-10-20 18:02:55,768 - TdmApplication - DEBUG - FrontendConnectionHandler(id=140164158658896, session='2017-10-20T18_02_55_0'): writing {"content": [], "_sender": "GuiBackend", "_reason": null, "event_type": "MESSAGE_TO_GUI"}
2017-10-20 18:02:55,768 - TdmApplication - DEBUG - FrontendConnectionHandler(id=140164158658896, session='2017-10-20T18_02_55_0'): OK
2017-10-20 18:02:55,809 - TdmApplication - DEBUG - FrontendConnectionHandler(id=140164158658896, session='2017-10-20T18_02_55_0').on_message({"content": ["", "What would you like to do?"], "_sender": "TextOutputComponent", "_reason": null, "event_type": "SYSTEM_UTTERANCE_REALIZED"})
2017-10-20 18:02:55,831 - TdmApplication - DEBUG - FrontendConnectionHandler(id=140164158658896, session='2017-10-20T18_02_55_0').on_event(Event(FACTS, [], sender=DmeModule, reason=None))
2017-10-20 18:02:55,831 - TdmApplication - DEBUG - FrontendConnectionHandler(id=140164158658896, session='2017-10-20T18_02_55_0'): writing {"content": [], "_sender": "DmeModule", "_reason": null, "event_type": "FACTS"}
2017-10-20 18:02:55,832 - TdmApplication - DEBUG - FrontendConnectionHandler(id=140164158658896, session='2017-10-20T18_02_55_0'): OK
2017-10-20 18:03:00,241 - TdmApplication - DEBUG - FrontendConnectionHandler(id=140164158658896, session='2017-10-20T18_02_55_0').on_message({"content": [{"score": 1.0, "utterance": "tell me what to do"}], "_sender": "TextInputComponent", "_reason": null, "event_type": "RECOGNITION"})
2017-10-20 18:03:00,250 - TdmApplication - DEBUG - FrontendConnectionHandler(id=140164158658896, session='2017-10-20T18_02_55_0').on_event(Event(STOP_LISTENING, None, sender=TurnManager, reason=None))
2017-10-20 18:03:00,250 - TdmApplication - DEBUG - FrontendConnectionHandler(id=140164158658896, session='2017-10-20T18_02_55_0'): writing {"content": null, "_sender": "TurnManager", "_reason": null, "event_type": "STOP_LISTENING"}
2017-10-20 18:03:00,250 - TdmApplication - DEBUG - FrontendConnectionHandler(id=140164158658896, session='2017-10-20T18_02_55_0'): OK
2017-10-20 18:03:00,322 - TdmApplication - DEBUG - FrontendConnectionHandler(id=140164158658896, session='2017-10-20T18_02_55_0').on_event(Event(SELECTED_RECOGNITION, tell me what to do, sender=DmeModule, reason=None))
2017-10-20 18:03:00,322 - TdmApplication - DEBUG - FrontendConnectionHandler(id=140164158658896, session='2017-10-20T18_02_55_0'): writing {"content": "tell me what to do", "_sender": "DmeModule", "_reason": null, "event_type": "SELECTED_RECOGNITION"}
2017-10-20 18:03:00,322 - TdmApplication - DEBUG - FrontendConnectionHandler(id=140164158658896, session='2017-10-20T18_02_55_0'): OK
2017-10-20 18:03:00,323 - TdmApplication - DEBUG - FrontendConnectionHandler(id=140164158658896, session='2017-10-20T18_02_55_0').on_event(Event(FACTS, [{predicate: say_step, grammar_entry: None, value: 0}], sender=DmeModule, reason=None))
2017-10-20 18:03:00,323 - TdmApplication - DEBUG - FrontendConnectionHandler(id=140164158658896, session='2017-10-20T18_02_55_0'): writing {"content": [{"predicate": "say_step", "grammar_entry": null, "value": "0"}], "_sender": "DmeModule", "_reason": null, "event_type": "FACTS"}
2017-10-20 18:03:00,324 - TdmApplication - DEBUG - FrontendConnectionHandler(id=140164158658896, session='2017-10-20T18_02_55_0'): OK
2017-10-20 18:03:00,332 - TdmApplication - DEBUG - FrontendConnectionHandler(id=140164158658896, session='2017-10-20T18_02_55_0').on_event(Event(SYSTEM_UTTERANCE_TO_SPEAK, [Ok 0.], sender=GenerateModule, reason=None))
2017-10-20 18:03:00,332 - TdmApplication - DEBUG - FrontendConnectionHandler(id=140164158658896, session='2017-10-20T18_02_55_0'): writing {"content": ["Ok 0."], "_sender": "GenerateModule", "_reason": null, "event_type": "SYSTEM_UTTERANCE_TO_SPEAK"}
2017-10-20 18:03:00,332 - TdmApplication - DEBUG - FrontendConnectionHandler(id=140164158658896, session='2017-10-20T18_02_55_0'): OK
2017-10-20 18:03:00,333 - TdmApplication - DEBUG - FrontendConnectionHandler(id=140164158658896, session='2017-10-20T18_02_55_0').on_event(Event(GUI.POPUP, {options: [], title: Ok 0.}, sender=IndependentGuiBackend, reason=None))
2017-10-20 18:03:00,333 - TdmApplication - DEBUG - FrontendConnectionHandler(id=140164158658896, session='2017-10-20T18_02_55_0'): writing {"content": {"options": [], "title": "Ok 0."}, "_sender": "IndependentGuiBackend", "_reason": null, "event_type": "GUI.POPUP"}
2017-10-20 18:03:00,333 - TdmApplication - DEBUG - FrontendConnectionHandler(id=140164158658896, session='2017-10-20T18_02_55_0'): OK
2017-10-20 18:03:00,334 - TdmApplication - DEBUG - FrontendConnectionHandler(id=140164158658896, session='2017-10-20T18_02_55_0').on_event(Event(MESSAGE_TO_GUI, [<tdm.tdm_gui_protocol.Popup instance at 0x7f7a80739a70>], sender=GuiBackend, reason=None))
2017-10-20 18:03:00,334 - TdmApplication - DEBUG - FrontendConnectionHandler(id=140164158658896, session='2017-10-20T18_02_55_0'): writing {"content": [{"Popup": {"elements": [], "title": "Ok 0."}}], "_sender": "GuiBackend", "_reason": null, "event_type": "MESSAGE_TO_GUI"}
2017-10-20 18:03:00,335 - TdmApplication - DEBUG - FrontendConnectionHandler(id=140164158658896, session='2017-10-20T18_02_55_0'): OK
2017-10-20 18:03:00,346 - TdmApplication - DEBUG - FrontendConnectionHandler(id=140164158658896, session='2017-10-20T18_02_55_0').on_message({"content": ["Ok 0."], "_sender": "TextOutputComponent", "_reason": null, "event_type": "SYSTEM_UTTERANCE_REALIZED"})
2017-10-20 18:03:00,374 - TdmApplication - DEBUG - FrontendConnectionHandler(id=140164158658896, session='2017-10-20T18_02_55_0').on_event(Event(FACTS, [{predicate: say_step, grammar_entry: None, value: 0}], sender=DmeModule, reason=None))
2017-10-20 18:03:00,374 - TdmApplication - DEBUG - FrontendConnectionHandler(id=140164158658896, session='2017-10-20T18_02_55_0'): writing {"content": [{"predicate": "say_step", "grammar_entry": null, "value": "0"}], "_sender": "DmeModule", "_reason": null, "event_type": "FACTS"}
2017-10-20 18:03:00,374 - TdmApplication - DEBUG - FrontendConnectionHandler(id=140164158658896, session='2017-10-20T18_02_55_0'): OK
2017-10-20 18:03:08,104 - TdmApplication - DEBUG - FrontendConnectionHandler(id=140164158658896, session='2017-10-20T18_02_55_0').on_message({"content": [{"score": 1.0, "utterance": "go to next"}], "_sender": "TextInputComponent", "_reason": null, "event_type": "RECOGNITION"})
2017-10-20 18:03:08,109 - TdmApplication - DEBUG - FrontendConnectionHandler(id=140164158658896, session='2017-10-20T18_02_55_0').on_event(Event(FACTS, [], sender=DmeModule, reason=None))
2017-10-20 18:03:08,109 - TdmApplication - DEBUG - FrontendConnectionHandler(id=140164158658896, session='2017-10-20T18_02_55_0'): writing {"content": [], "_sender": "DmeModule", "_reason": null, "event_type": "FACTS"}
2017-10-20 18:03:08,109 - TdmApplication - DEBUG - FrontendConnectionHandler(id=140164158658896, session='2017-10-20T18_02_55_0'): OK
2017-10-20 18:03:08,118 - TdmApplication - DEBUG - FrontendConnectionHandler(id=140164158658896, session='2017-10-20T18_02_55_0').on_event(Event(STOP_SPEAKING, None, sender=TurnManager, reason=None))
2017-10-20 18:03:08,118 - TdmApplication - DEBUG - FrontendConnectionHandler(id=140164158658896, session='2017-10-20T18_02_55_0'): writing {"content": null, "_sender": "TurnManager", "_reason": null, "event_type": "STOP_SPEAKING"}
2017-10-20 18:03:08,119 - TdmApplication - DEBUG - FrontendConnectionHandler(id=140164158658896, session='2017-10-20T18_02_55_0'): OK
2017-10-20 18:03:08,119 - TdmApplication - DEBUG - FrontendConnectionHandler(id=140164158658896, session='2017-10-20T18_02_55_0').on_event(Event(SYSTEM_UTTERANCE_TO_SPEAK, [Returning to the start view., What would you like to do?], sender=GenerateModule, reason=None))
2017-10-20 18:03:08,119 - TdmApplication - DEBUG - FrontendConnectionHandler(id=140164158658896, session='2017-10-20T18_02_55_0'): writing {"content": ["Returning to the start view.", "What would you like to do?"], "_sender": "GenerateModule", "_reason": null, "event_type": "SYSTEM_UTTERANCE_TO_SPEAK"}
2017-10-20 18:03:08,120 - TdmApplication - DEBUG - FrontendConnectionHandler(id=140164158658896, session='2017-10-20T18_02_55_0'): OK
2017-10-20 18:03:08,121 - TdmApplication - DEBUG - FrontendConnectionHandler(id=140164158658896, session='2017-10-20T18_02_55_0').on_event(Event(MESSAGE_TO_GUI, [<tdm.tdm_gui_protocol.ClosePopup instance at 0x7f7a806dc950>], sender=GuiBackend, reason=None))
2017-10-20 18:03:08,121 - TdmApplication - DEBUG - FrontendConnectionHandler(id=140164158658896, session='2017-10-20T18_02_55_0'): writing {"content": [{"ClosePopup": {}}], "_sender": "GuiBackend", "_reason": null, "event_type": "MESSAGE_TO_GUI"}
2017-10-20 18:03:08,121 - TdmApplication - DEBUG - FrontendConnectionHandler(id=140164158658896, session='2017-10-20T18_02_55_0'): OK
2017-10-20 18:03:08,163 - TdmApplication - DEBUG - FrontendConnectionHandler(id=140164158658896, session='2017-10-20T18_02_55_0').on_message({"content": ["Returning to the start view.", "What would you like to do?"], "_sender": "TextOutputComponent", "_reason": null, "event_type": "SYSTEM_UTTERANCE_REALIZED"})
2017-10-20 18:03:08,186 - TdmApplication - DEBUG - FrontendConnectionHandler(id=140164158658896, session='2017-10-20T18_02_55_0').on_event(Event(FACTS, [], sender=DmeModule, reason=None))
2017-10-20 18:03:08,186 - TdmApplication - DEBUG - FrontendConnectionHandler(id=140164158658896, session='2017-10-20T18_02_55_0'): writing {"content": [], "_sender": "DmeModule", "_reason": null, "event_type": "FACTS"}
2017-10-20 18:03:08,187 - TdmApplication - DEBUG - FrontendConnectionHandler(id=140164158658896, session='2017-10-20T18_02_55_0'): OK
2017-10-20 18:03:08,253 - TdmApplication - DEBUG - FrontendConnectionHandler(id=140164158658896, session='2017-10-20T18_02_55_0').on_event(Event(SELECTED_RECOGNITION, go to next, sender=DmeModule, reason=None))
2017-10-20 18:03:08,253 - TdmApplication - DEBUG - FrontendConnectionHandler(id=140164158658896, session='2017-10-20T18_02_55_0'): writing {"content": "go to next", "_sender": "DmeModule", "_reason": null, "event_type": "SELECTED_RECOGNITION"}
2017-10-20 18:03:08,253 - TdmApplication - DEBUG - FrontendConnectionHandler(id=140164158658896, session='2017-10-20T18_02_55_0'): OK
2017-10-20 18:03:08,254 - TdmApplication - DEBUG - FrontendConnectionHandler(id=140164158658896, session='2017-10-20T18_02_55_0').on_event(Event(FACTS, [], sender=DmeModule, reason=None))
2017-10-20 18:03:08,254 - TdmApplication - DEBUG - FrontendConnectionHandler(id=140164158658896, session='2017-10-20T18_02_55_0'): writing {"content": [], "_sender": "DmeModule", "_reason": null, "event_type": "FACTS"}
2017-10-20 18:03:08,254 - TdmApplication - DEBUG - FrontendConnectionHandler(id=140164158658896, session='2017-10-20T18_02_55_0'): OK
2017-10-20 18:03:08,263 - TdmApplication - DEBUG - FrontendConnectionHandler(id=140164158658896, session='2017-10-20T18_02_55_0').on_event(Event(SYSTEM_UTTERANCE_TO_SPEAK, [, Went to next], sender=GenerateModule, reason=None))
2017-10-20 18:03:08,263 - TdmApplication - DEBUG - FrontendConnectionHandler(id=140164158658896, session='2017-10-20T18_02_55_0'): writing {"content": ["", "Went to next"], "_sender": "GenerateModule", "_reason": null, "event_type": "SYSTEM_UTTERANCE_TO_SPEAK"}
2017-10-20 18:03:08,263 - TdmApplication - DEBUG - FrontendConnectionHandler(id=140164158658896, session='2017-10-20T18_02_55_0'): OK
2017-10-20 18:03:08,264 - TdmApplication - DEBUG - FrontendConnectionHandler(id=140164158658896, session='2017-10-20T18_02_55_0').on_event(Event(GUI.POPUP, {options: [], title: Went to next}, sender=IndependentGuiBackend, reason=None))
2017-10-20 18:03:08,265 - TdmApplication - DEBUG - FrontendConnectionHandler(id=140164158658896, session='2017-10-20T18_02_55_0'): writing {"content": {"options": [], "title": "Went to next"}, "_sender": "IndependentGuiBackend", "_reason": null, "event_type": "GUI.POPUP"}
2017-10-20 18:03:08,265 - TdmApplication - DEBUG - FrontendConnectionHandler(id=140164158658896, session='2017-10-20T18_02_55_0'): OK
2017-10-20 18:03:08,266 - TdmApplication - DEBUG - FrontendConnectionHandler(id=140164158658896, session='2017-10-20T18_02_55_0').on_event(Event(MESSAGE_TO_GUI, [<tdm.tdm_gui_protocol.DeviceResult instance at 0x7f7a8072f6c8>, <tdm.tdm_gui_protocol.Popup instance at 0x7f7a806dcb48>], sender=GuiBackend, reason=None))
2017-10-20 18:03:08,266 - TdmApplication - DEBUG - FrontendConnectionHandler(id=140164158658896, session='2017-10-20T18_02_55_0'): writing {"content": [{"DeviceResult": {"action": "go_to_next", "result": true, "arguments": {}, "failure_reason": null}}, {"Popup": {"elements": [], "title": "Went to next"}}], "_sender": "GuiBackend", "_reason": null, "event_type": "MESSAGE_TO_GUI"}
2017-10-20 18:03:08,266 - TdmApplication - DEBUG - FrontendConnectionHandler(id=140164158658896, session='2017-10-20T18_02_55_0'): OK
2017-10-20 18:03:08,286 - TdmApplication - DEBUG - FrontendConnectionHandler(id=140164158658896, session='2017-10-20T18_02_55_0').on_message({"content": ["", "Went to next"], "_sender": "TextOutputComponent", "_reason": null, "event_type": "SYSTEM_UTTERANCE_REALIZED"})
2017-10-20 18:03:08,344 - TdmApplication - DEBUG - FrontendConnectionHandler(id=140164158658896, session='2017-10-20T18_02_55_0').on_event(Event(FACTS, [{predicate: say_step, grammar_entry: None, value:  Step one: Chop onions and garlic.}], sender=DmeModule, reason=None))
2017-10-20 18:03:08,344 - TdmApplication - DEBUG - FrontendConnectionHandler(id=140164158658896, session='2017-10-20T18_02_55_0'): writing {"content": [{"predicate": "say_step", "grammar_entry": null, "value": " Step one: Chop onions and garlic."}], "_sender": "DmeModule", "_reason": null, "event_type": "FACTS"}
2017-10-20 18:03:08,344 - TdmApplication - DEBUG - FrontendConnectionHandler(id=140164158658896, session='2017-10-20T18_02_55_0'): OK
2017-10-20 18:03:08,354 - TdmApplication - DEBUG - FrontendConnectionHandler(id=140164158658896, session='2017-10-20T18_02_55_0').on_event(Event(SYSTEM_UTTERANCE_TO_SPEAK, [Ok  Step one: Chop onions and garlic..], sender=GenerateModule, reason=None))
2017-10-20 18:03:08,354 - TdmApplication - DEBUG - FrontendConnectionHandler(id=140164158658896, session='2017-10-20T18_02_55_0'): writing {"content": ["Ok  Step one: Chop onions and garlic.."], "_sender": "GenerateModule", "_reason": null, "event_type": "SYSTEM_UTTERANCE_TO_SPEAK"}
2017-10-20 18:03:08,354 - TdmApplication - DEBUG - FrontendConnectionHandler(id=140164158658896, session='2017-10-20T18_02_55_0'): OK
2017-10-20 18:03:08,355 - TdmApplication - DEBUG - FrontendConnectionHandler(id=140164158658896, session='2017-10-20T18_02_55_0').on_event(Event(GUI.POPUP, {options: [], title: Ok  Step one: Chop onions and garlic..}, sender=IndependentGuiBackend, reason=None))
2017-10-20 18:03:08,355 - TdmApplication - DEBUG - FrontendConnectionHandler(id=140164158658896, session='2017-10-20T18_02_55_0'): writing {"content": {"options": [], "title": "Ok  Step one: Chop onions and garlic.."}, "_sender": "IndependentGuiBackend", "_reason": null, "event_type": "GUI.POPUP"}
2017-10-20 18:03:08,355 - TdmApplication - DEBUG - FrontendConnectionHandler(id=140164158658896, session='2017-10-20T18_02_55_0'): OK
2017-10-20 18:03:08,356 - TdmApplication - DEBUG - FrontendConnectionHandler(id=140164158658896, session='2017-10-20T18_02_55_0').on_event(Event(MESSAGE_TO_GUI, [<tdm.tdm_gui_protocol.ClosePopup instance at 0x7f7a80698d88>, <tdm.tdm_gui_protocol.Popup instance at 0x7f7a80698758>], sender=GuiBackend, reason=None))
2017-10-20 18:03:08,356 - TdmApplication - DEBUG - FrontendConnectionHandler(id=140164158658896, session='2017-10-20T18_02_55_0'): writing {"content": [{"ClosePopup": {}}, {"Popup": {"elements": [], "title": "Ok  Step one: Chop onions and garlic.."}}], "_sender": "GuiBackend", "_reason": null, "event_type": "MESSAGE_TO_GUI"}
2017-10-20 18:03:08,356 - TdmApplication - DEBUG - FrontendConnectionHandler(id=140164158658896, session='2017-10-20T18_02_55_0'): OK
2017-10-20 18:03:08,396 - TdmApplication - DEBUG - FrontendConnectionHandler(id=140164158658896, session='2017-10-20T18_02_55_0').on_message({"content": ["Ok  Step one: Chop onions and garlic.."], "_sender": "TextOutputComponent", "_reason": null, "event_type": "SYSTEM_UTTERANCE_REALIZED"})
2017-10-20 18:03:08,421 - TdmApplication - DEBUG - FrontendConnectionHandler(id=140164158658896, session='2017-10-20T18_02_55_0').on_event(Event(FACTS, [{predicate: say_step, grammar_entry: None, value:  Step one: Chop onions and garlic.}], sender=DmeModule, reason=None))
2017-10-20 18:03:08,421 - TdmApplication - DEBUG - FrontendConnectionHandler(id=140164158658896, session='2017-10-20T18_02_55_0'): writing {"content": [{"predicate": "say_step", "grammar_entry": null, "value": " Step one: Chop onions and garlic."}], "_sender": "DmeModule", "_reason": null, "event_type": "FACTS"}
2017-10-20 18:03:08,421 - TdmApplication - DEBUG - FrontendConnectionHandler(id=140164158658896, session='2017-10-20T18_02_55_0'): OK
2017-10-20 18:03:18,917 - TdmApplication - DEBUG - FrontendConnectionHandler(id=140164158658896, session='2017-10-20T18_02_55_0').on_message({"content": [{"score": 1.0, "utterance": "go to next"}], "_sender": "TextInputComponent", "_reason": null, "event_type": "RECOGNITION"})
2017-10-20 18:03:18,921 - TdmApplication - DEBUG - FrontendConnectionHandler(id=140164158658896, session='2017-10-20T18_02_55_0').on_event(Event(FACTS, [], sender=DmeModule, reason=None))
2017-10-20 18:03:18,921 - TdmApplication - DEBUG - FrontendConnectionHandler(id=140164158658896, session='2017-10-20T18_02_55_0'): writing {"content": [], "_sender": "DmeModule", "_reason": null, "event_type": "FACTS"}
2017-10-20 18:03:18,921 - TdmApplication - DEBUG - FrontendConnectionHandler(id=140164158658896, session='2017-10-20T18_02_55_0'): OK
2017-10-20 18:03:18,930 - TdmApplication - DEBUG - FrontendConnectionHandler(id=140164158658896, session='2017-10-20T18_02_55_0').on_event(Event(STOP_SPEAKING, None, sender=TurnManager, reason=None))
2017-10-20 18:03:18,931 - TdmApplication - DEBUG - FrontendConnectionHandler(id=140164158658896, session='2017-10-20T18_02_55_0'): writing {"content": null, "_sender": "TurnManager", "_reason": null, "event_type": "STOP_SPEAKING"}
2017-10-20 18:03:18,931 - TdmApplication - DEBUG - FrontendConnectionHandler(id=140164158658896, session='2017-10-20T18_02_55_0'): OK
2017-10-20 18:03:18,932 - TdmApplication - DEBUG - FrontendConnectionHandler(id=140164158658896, session='2017-10-20T18_02_55_0').on_event(Event(SYSTEM_UTTERANCE_TO_SPEAK, [Returning to the start view., What would you like to do?], sender=GenerateModule, reason=None))
2017-10-20 18:03:18,932 - TdmApplication - DEBUG - FrontendConnectionHandler(id=140164158658896, session='2017-10-20T18_02_55_0'): writing {"content": ["Returning to the start view.", "What would you like to do?"], "_sender": "GenerateModule", "_reason": null, "event_type": "SYSTEM_UTTERANCE_TO_SPEAK"}
2017-10-20 18:03:18,932 - TdmApplication - DEBUG - FrontendConnectionHandler(id=140164158658896, session='2017-10-20T18_02_55_0'): OK
2017-10-20 18:03:18,934 - TdmApplication - DEBUG - FrontendConnectionHandler(id=140164158658896, session='2017-10-20T18_02_55_0').on_event(Event(MESSAGE_TO_GUI, [<tdm.tdm_gui_protocol.ClosePopup instance at 0x7f7a80739f80>], sender=GuiBackend, reason=None))
2017-10-20 18:03:18,934 - TdmApplication - DEBUG - FrontendConnectionHandler(id=140164158658896, session='2017-10-20T18_02_55_0'): writing {"content": [{"ClosePopup": {}}], "_sender": "GuiBackend", "_reason": null, "event_type": "MESSAGE_TO_GUI"}
2017-10-20 18:03:18,934 - TdmApplication - DEBUG - FrontendConnectionHandler(id=140164158658896, session='2017-10-20T18_02_55_0'): OK
2017-10-20 18:03:18,941 - TdmApplication - DEBUG - FrontendConnectionHandler(id=140164158658896, session='2017-10-20T18_02_55_0').on_message({"content": ["Returning to the start view.", "What would you like to do?"], "_sender": "TextOutputComponent", "_reason": null, "event_type": "SYSTEM_UTTERANCE_REALIZED"})
2017-10-20 18:03:18,966 - TdmApplication - DEBUG - FrontendConnectionHandler(id=140164158658896, session='2017-10-20T18_02_55_0').on_event(Event(FACTS, [], sender=DmeModule, reason=None))
2017-10-20 18:03:18,966 - TdmApplication - DEBUG - FrontendConnectionHandler(id=140164158658896, session='2017-10-20T18_02_55_0'): writing {"content": [], "_sender": "DmeModule", "_reason": null, "event_type": "FACTS"}
2017-10-20 18:03:18,966 - TdmApplication - DEBUG - FrontendConnectionHandler(id=140164158658896, session='2017-10-20T18_02_55_0'): OK
2017-10-20 18:03:19,035 - TdmApplication - DEBUG - FrontendConnectionHandler(id=140164158658896, session='2017-10-20T18_02_55_0').on_event(Event(SELECTED_RECOGNITION, go to next, sender=DmeModule, reason=None))
2017-10-20 18:03:19,035 - TdmApplication - DEBUG - FrontendConnectionHandler(id=140164158658896, session='2017-10-20T18_02_55_0'): writing {"content": "go to next", "_sender": "DmeModule", "_reason": null, "event_type": "SELECTED_RECOGNITION"}
2017-10-20 18:03:19,035 - TdmApplication - DEBUG - FrontendConnectionHandler(id=140164158658896, session='2017-10-20T18_02_55_0'): OK
2017-10-20 18:03:19,036 - TdmApplication - DEBUG - FrontendConnectionHandler(id=140164158658896, session='2017-10-20T18_02_55_0').on_event(Event(FACTS, [], sender=DmeModule, reason=None))
2017-10-20 18:03:19,036 - TdmApplication - DEBUG - FrontendConnectionHandler(id=140164158658896, session='2017-10-20T18_02_55_0'): writing {"content": [], "_sender": "DmeModule", "_reason": null, "event_type": "FACTS"}
2017-10-20 18:03:19,036 - TdmApplication - DEBUG - FrontendConnectionHandler(id=140164158658896, session='2017-10-20T18_02_55_0'): OK
2017-10-20 18:03:19,045 - TdmApplication - DEBUG - FrontendConnectionHandler(id=140164158658896, session='2017-10-20T18_02_55_0').on_event(Event(SYSTEM_UTTERANCE_TO_SPEAK, [, Went to next], sender=GenerateModule, reason=None))
2017-10-20 18:03:19,045 - TdmApplication - DEBUG - FrontendConnectionHandler(id=140164158658896, session='2017-10-20T18_02_55_0'): writing {"content": ["", "Went to next"], "_sender": "GenerateModule", "_reason": null, "event_type": "SYSTEM_UTTERANCE_TO_SPEAK"}
2017-10-20 18:03:19,045 - TdmApplication - DEBUG - FrontendConnectionHandler(id=140164158658896, session='2017-10-20T18_02_55_0'): OK
2017-10-20 18:03:19,046 - TdmApplication - DEBUG - FrontendConnectionHandler(id=140164158658896, session='2017-10-20T18_02_55_0').on_event(Event(GUI.POPUP, {options: [], title: Went to next}, sender=IndependentGuiBackend, reason=None))
2017-10-20 18:03:19,046 - TdmApplication - DEBUG - FrontendConnectionHandler(id=140164158658896, session='2017-10-20T18_02_55_0'): writing {"content": {"options": [], "title": "Went to next"}, "_sender": "IndependentGuiBackend", "_reason": null, "event_type": "GUI.POPUP"}
2017-10-20 18:03:19,046 - TdmApplication - DEBUG - FrontendConnectionHandler(id=140164158658896, session='2017-10-20T18_02_55_0'): OK
2017-10-20 18:03:19,047 - TdmApplication - DEBUG - FrontendConnectionHandler(id=140164158658896, session='2017-10-20T18_02_55_0').on_event(Event(MESSAGE_TO_GUI, [<tdm.tdm_gui_protocol.DeviceResult instance at 0x7f7a8074c5a8>, <tdm.tdm_gui_protocol.Popup instance at 0x7f7a8074c8c0>], sender=GuiBackend, reason=None))
2017-10-20 18:03:19,047 - TdmApplication - DEBUG - FrontendConnectionHandler(id=140164158658896, session='2017-10-20T18_02_55_0'): writing {"content": [{"DeviceResult": {"action": "go_to_next", "result": true, "arguments": {}, "failure_reason": null}}, {"Popup": {"elements": [], "title": "Went to next"}}], "_sender": "GuiBackend", "_reason": null, "event_type": "MESSAGE_TO_GUI"}
2017-10-20 18:03:19,047 - TdmApplication - DEBUG - FrontendConnectionHandler(id=140164158658896, session='2017-10-20T18_02_55_0'): OK
2017-10-20 18:03:19,064 - TdmApplication - DEBUG - FrontendConnectionHandler(id=140164158658896, session='2017-10-20T18_02_55_0').on_message({"content": ["", "Went to next"], "_sender": "TextOutputComponent", "_reason": null, "event_type": "SYSTEM_UTTERANCE_REALIZED"})
2017-10-20 18:03:19,126 - TdmApplication - DEBUG - FrontendConnectionHandler(id=140164158658896, session='2017-10-20T18_02_55_0').on_event(Event(FACTS, [{predicate: say_step, grammar_entry: None, value: other example}], sender=DmeModule, reason=None))
2017-10-20 18:03:19,127 - TdmApplication - DEBUG - FrontendConnectionHandler(id=140164158658896, session='2017-10-20T18_02_55_0'): writing {"content": [{"predicate": "say_step", "grammar_entry": null, "value": "other example"}], "_sender": "DmeModule", "_reason": null, "event_type": "FACTS"}
2017-10-20 18:03:19,127 - TdmApplication - DEBUG - FrontendConnectionHandler(id=140164158658896, session='2017-10-20T18_02_55_0'): OK
2017-10-20 18:03:19,136 - TdmApplication - DEBUG - FrontendConnectionHandler(id=140164158658896, session='2017-10-20T18_02_55_0').on_event(Event(SYSTEM_UTTERANCE_TO_SPEAK, [Ok other example.], sender=GenerateModule, reason=None))
2017-10-20 18:03:19,137 - TdmApplication - DEBUG - FrontendConnectionHandler(id=140164158658896, session='2017-10-20T18_02_55_0'): writing {"content": ["Ok other example."], "_sender": "GenerateModule", "_reason": null, "event_type": "SYSTEM_UTTERANCE_TO_SPEAK"}
2017-10-20 18:03:19,137 - TdmApplication - DEBUG - FrontendConnectionHandler(id=140164158658896, session='2017-10-20T18_02_55_0'): OK
2017-10-20 18:03:19,137 - TdmApplication - DEBUG - FrontendConnectionHandler(id=140164158658896, session='2017-10-20T18_02_55_0').on_event(Event(GUI.POPUP, {options: [], title: Ok other example.}, sender=IndependentGuiBackend, reason=None))
2017-10-20 18:03:19,138 - TdmApplication - DEBUG - FrontendConnectionHandler(id=140164158658896, session='2017-10-20T18_02_55_0'): writing {"content": {"options": [], "title": "Ok other example."}, "_sender": "IndependentGuiBackend", "_reason": null, "event_type": "GUI.POPUP"}
2017-10-20 18:03:19,138 - TdmApplication - DEBUG - FrontendConnectionHandler(id=140164158658896, session='2017-10-20T18_02_55_0'): OK
2017-10-20 18:03:19,138 - TdmApplication - DEBUG - FrontendConnectionHandler(id=140164158658896, session='2017-10-20T18_02_55_0').on_event(Event(MESSAGE_TO_GUI, [<tdm.tdm_gui_protocol.ClosePopup instance at 0x7f7a8074c5f0>, <tdm.tdm_gui_protocol.Popup instance at 0x7f7a8074cc20>], sender=GuiBackend, reason=None))
2017-10-20 18:03:19,139 - TdmApplication - DEBUG - FrontendConnectionHandler(id=140164158658896, session='2017-10-20T18_02_55_0'): writing {"content": [{"ClosePopup": {}}, {"Popup": {"elements": [], "title": "Ok other example."}}], "_sender": "GuiBackend", "_reason": null, "event_type": "MESSAGE_TO_GUI"}
2017-10-20 18:03:19,139 - TdmApplication - DEBUG - FrontendConnectionHandler(id=140164158658896, session='2017-10-20T18_02_55_0'): OK
2017-10-20 18:03:19,180 - TdmApplication - DEBUG - FrontendConnectionHandler(id=140164158658896, session='2017-10-20T18_02_55_0').on_message({"content": ["Ok other example."], "_sender": "TextOutputComponent", "_reason": null, "event_type": "SYSTEM_UTTERANCE_REALIZED"})
2017-10-20 18:03:19,206 - TdmApplication - DEBUG - FrontendConnectionHandler(id=140164158658896, session='2017-10-20T18_02_55_0').on_event(Event(FACTS, [{predicate: say_step, grammar_entry: None, value: other example}], sender=DmeModule, reason=None))
2017-10-20 18:03:19,206 - TdmApplication - DEBUG - FrontendConnectionHandler(id=140164158658896, session='2017-10-20T18_02_55_0'): writing {"content": [{"predicate": "say_step", "grammar_entry": null, "value": "other example"}], "_sender": "DmeModule", "_reason": null, "event_type": "FACTS"}
2017-10-20 18:03:19,206 - TdmApplication - DEBUG - FrontendConnectionHandler(id=140164158658896, session='2017-10-20T18_02_55_0'): OK
