2017-10-24 16:35:30,350 - TdmApplication - DEBUG - DddDb().__init__(name='ddds', default_ddds=[u'recipehelp'])
2017-10-24 16:35:30,350 - TdmApplication - DEBUG - DddDb(): DB file name is '/home/gusmatssar/recipedialogue/tdm/ddds.json'
2017-10-24 16:35:30,359 - TdmApplication - DEBUG - FrontendConnectionHandler(id=140618488580432, session=None).open()
2017-10-24 16:35:30,362 - TdmApplication - DEBUG - thread_manager.create_thread() with threading.active_count()=3
2017-10-24 16:35:30,362 - TdmApplication - DEBUG - FrontendConnectionHandler(id=140618488580432, session=None).on_message({"handshake_content": {"session_id": null, "keep_session_alive": false}, "name": "Frontend"})
2017-10-24 16:35:30,362 - TdmApplication - DEBUG - FrontendConnectionHandler(id=140618488580432, session=None)._register({"handshake_content": {"session_id": null, "keep_session_alive": false}, "name": "Frontend"})
2017-10-24 16:35:30,363 - TdmApplication - DEBUG - thread_manager.create_thread() with threading.active_count()=4
2017-10-24 16:35:30,364 - TdmApplication - DEBUG - Creating backend and session with id 2017-10-24T16_35_30_0.
2017-10-24 16:35:30,403 - TdmApplication - DEBUG - FrontendConnectionHandler._register: Registered in session 2017-10-24T16_35_30_0 with backend <ThreadedBackend(ThreadedBackend, started daemon 140618447292160)>.
2017-10-24 16:35:30,405 - TdmApplication - DEBUG - FrontendConnectionHandler(id=140618488580432, session='2017-10-24T16_35_30_0').on_event(Event(REGISTER_BACKEND, None, sender=Backend, reason=None))
2017-10-24 16:35:30,405 - TdmApplication - DEBUG - FrontendConnectionHandler(id=140618488580432, session='2017-10-24T16_35_30_0'): writing {"content": null, "_sender": "Backend", "_reason": null, "event_type": "REGISTER_BACKEND"}
2017-10-24 16:35:30,405 - TdmApplication - DEBUG - FrontendConnectionHandler(id=140618488580432, session='2017-10-24T16_35_30_0'): OK
2017-10-24 16:35:30,435 - TdmApplication - DEBUG - FrontendConnectionHandler(id=140618488580432, session='2017-10-24T16_35_30_0').on_message({"content": null, "_sender": "Frontend", "_reason": null, "event_type": "FRONTEND_READY"})
2017-10-24 16:35:30,437 - TdmApplication - DEBUG - FrontendConnectionHandler(id=140618488580432, session='2017-10-24T16_35_30_0').on_event(Event(BACKEND_READY, None, sender=Backend, reason=None))
2017-10-24 16:35:30,437 - TdmApplication - DEBUG - FrontendConnectionHandler(id=140618488580432, session='2017-10-24T16_35_30_0'): writing {"content": null, "_sender": "Backend", "_reason": null, "event_type": "BACKEND_READY"}
2017-10-24 16:35:30,437 - TdmApplication - DEBUG - FrontendConnectionHandler(id=140618488580432, session='2017-10-24T16_35_30_0'): OK
2017-10-24 16:35:30,440 - TdmApplication - DEBUG - FrontendConnectionHandler(id=140618488580432, session='2017-10-24T16_35_30_0').on_message({"content": null, "_sender": "Frontend", "_reason": null, "event_type": "START"})
2017-10-24 16:35:30,475 - TdmApplication - DEBUG - FrontendConnectionHandler(id=140618488580432, session='2017-10-24T16_35_30_0').on_event(Event(SET_DDD, {ddd_name: recipehelp, language_code: eng}, sender=DmeModule, reason=None))
2017-10-24 16:35:30,475 - TdmApplication - DEBUG - FrontendConnectionHandler(id=140618488580432, session='2017-10-24T16_35_30_0'): writing {"content": {"ddd_name": "recipehelp", "language_code": "eng"}, "_sender": "DmeModule", "_reason": null, "event_type": "SET_DDD"}
2017-10-24 16:35:30,475 - TdmApplication - DEBUG - FrontendConnectionHandler(id=140618488580432, session='2017-10-24T16_35_30_0'): OK
2017-10-24 16:35:30,476 - TdmApplication - DEBUG - FrontendConnectionHandler(id=140618488580432, session='2017-10-24T16_35_30_0').on_event(Event(FACTS, [], sender=DmeModule, reason=None))
2017-10-24 16:35:30,476 - TdmApplication - DEBUG - FrontendConnectionHandler(id=140618488580432, session='2017-10-24T16_35_30_0'): writing {"content": [], "_sender": "DmeModule", "_reason": null, "event_type": "FACTS"}
2017-10-24 16:35:30,476 - TdmApplication - DEBUG - FrontendConnectionHandler(id=140618488580432, session='2017-10-24T16_35_30_0'): OK
2017-10-24 16:35:30,484 - TdmApplication - DEBUG - FrontendConnectionHandler(id=140618488580432, session='2017-10-24T16_35_30_0').on_event(Event(SYSTEM_UTTERANCE_TO_SPEAK, [, What would you like to do?], sender=GenerateModule, reason=None))
2017-10-24 16:35:30,484 - TdmApplication - DEBUG - FrontendConnectionHandler(id=140618488580432, session='2017-10-24T16_35_30_0'): writing {"content": ["", "What would you like to do?"], "_sender": "GenerateModule", "_reason": null, "event_type": "SYSTEM_UTTERANCE_TO_SPEAK"}
2017-10-24 16:35:30,484 - TdmApplication - DEBUG - FrontendConnectionHandler(id=140618488580432, session='2017-10-24T16_35_30_0'): OK
2017-10-24 16:35:30,485 - TdmApplication - DEBUG - FrontendConnectionHandler(id=140618488580432, session='2017-10-24T16_35_30_0').on_event(Event(MESSAGE_TO_GUI, [], sender=GuiBackend, reason=None))
2017-10-24 16:35:30,485 - TdmApplication - DEBUG - FrontendConnectionHandler(id=140618488580432, session='2017-10-24T16_35_30_0'): writing {"content": [], "_sender": "GuiBackend", "_reason": null, "event_type": "MESSAGE_TO_GUI"}
2017-10-24 16:35:30,485 - TdmApplication - DEBUG - FrontendConnectionHandler(id=140618488580432, session='2017-10-24T16_35_30_0'): OK
2017-10-24 16:35:30,527 - TdmApplication - DEBUG - FrontendConnectionHandler(id=140618488580432, session='2017-10-24T16_35_30_0').on_message({"content": ["", "What would you like to do?"], "_sender": "TextOutputComponent", "_reason": null, "event_type": "SYSTEM_UTTERANCE_REALIZED"})
2017-10-24 16:35:30,550 - TdmApplication - DEBUG - FrontendConnectionHandler(id=140618488580432, session='2017-10-24T16_35_30_0').on_event(Event(FACTS, [], sender=DmeModule, reason=None))
2017-10-24 16:35:30,550 - TdmApplication - DEBUG - FrontendConnectionHandler(id=140618488580432, session='2017-10-24T16_35_30_0'): writing {"content": [], "_sender": "DmeModule", "_reason": null, "event_type": "FACTS"}
2017-10-24 16:35:30,550 - TdmApplication - DEBUG - FrontendConnectionHandler(id=140618488580432, session='2017-10-24T16_35_30_0'): OK
2017-10-24 16:35:34,586 - TdmApplication - DEBUG - FrontendConnectionHandler(id=140618488580432, session='2017-10-24T16_35_30_0').on_message({"content": [{"score": 1.0, "utterance": "go to a step"}], "_sender": "TextInputComponent", "_reason": null, "event_type": "RECOGNITION"})
2017-10-24 16:35:34,594 - TdmApplication - DEBUG - FrontendConnectionHandler(id=140618488580432, session='2017-10-24T16_35_30_0').on_event(Event(STOP_LISTENING, None, sender=TurnManager, reason=None))
2017-10-24 16:35:34,594 - TdmApplication - DEBUG - FrontendConnectionHandler(id=140618488580432, session='2017-10-24T16_35_30_0'): writing {"content": null, "_sender": "TurnManager", "_reason": null, "event_type": "STOP_LISTENING"}
2017-10-24 16:35:34,594 - TdmApplication - DEBUG - FrontendConnectionHandler(id=140618488580432, session='2017-10-24T16_35_30_0'): OK
2017-10-24 16:35:34,668 - TdmApplication - DEBUG - FrontendConnectionHandler(id=140618488580432, session='2017-10-24T16_35_30_0').on_event(Event(SELECTED_RECOGNITION, go to a step, sender=DmeModule, reason=None))
2017-10-24 16:35:34,668 - TdmApplication - DEBUG - FrontendConnectionHandler(id=140618488580432, session='2017-10-24T16_35_30_0'): writing {"content": "go to a step", "_sender": "DmeModule", "_reason": null, "event_type": "SELECTED_RECOGNITION"}
2017-10-24 16:35:34,668 - TdmApplication - DEBUG - FrontendConnectionHandler(id=140618488580432, session='2017-10-24T16_35_30_0'): OK
2017-10-24 16:35:34,669 - TdmApplication - DEBUG - FrontendConnectionHandler(id=140618488580432, session='2017-10-24T16_35_30_0').on_event(Event(FACTS, [], sender=DmeModule, reason=None))
2017-10-24 16:35:34,669 - TdmApplication - DEBUG - FrontendConnectionHandler(id=140618488580432, session='2017-10-24T16_35_30_0'): writing {"content": [], "_sender": "DmeModule", "_reason": null, "event_type": "FACTS"}
2017-10-24 16:35:34,669 - TdmApplication - DEBUG - FrontendConnectionHandler(id=140618488580432, session='2017-10-24T16_35_30_0'): OK
2017-10-24 16:35:34,682 - TdmApplication - DEBUG - FrontendConnectionHandler(id=140618488580432, session='2017-10-24T16_35_30_0').on_event(Event(SYSTEM_UTTERANCE_TO_SPEAK, [, , Which step?], sender=GenerateModule, reason=None))
2017-10-24 16:35:34,682 - TdmApplication - DEBUG - FrontendConnectionHandler(id=140618488580432, session='2017-10-24T16_35_30_0'): writing {"content": ["", "", "Which step?"], "_sender": "GenerateModule", "_reason": null, "event_type": "SYSTEM_UTTERANCE_TO_SPEAK"}
2017-10-24 16:35:34,682 - TdmApplication - DEBUG - FrontendConnectionHandler(id=140618488580432, session='2017-10-24T16_35_30_0'): OK
2017-10-24 16:35:34,683 - TdmApplication - DEBUG - FrontendConnectionHandler(id=140618488580432, session='2017-10-24T16_35_30_0').on_event(Event(MESSAGE_TO_GUI, [], sender=GuiBackend, reason=None))
2017-10-24 16:35:34,683 - TdmApplication - DEBUG - FrontendConnectionHandler(id=140618488580432, session='2017-10-24T16_35_30_0'): writing {"content": [], "_sender": "GuiBackend", "_reason": null, "event_type": "MESSAGE_TO_GUI"}
2017-10-24 16:35:34,683 - TdmApplication - DEBUG - FrontendConnectionHandler(id=140618488580432, session='2017-10-24T16_35_30_0'): OK
2017-10-24 16:35:34,692 - TdmApplication - DEBUG - FrontendConnectionHandler(id=140618488580432, session='2017-10-24T16_35_30_0').on_message({"content": ["", "", "Which step?"], "_sender": "TextOutputComponent", "_reason": null, "event_type": "SYSTEM_UTTERANCE_REALIZED"})
2017-10-24 16:35:34,724 - TdmApplication - DEBUG - FrontendConnectionHandler(id=140618488580432, session='2017-10-24T16_35_30_0').on_event(Event(FACTS, [], sender=DmeModule, reason=None))
2017-10-24 16:35:34,724 - TdmApplication - DEBUG - FrontendConnectionHandler(id=140618488580432, session='2017-10-24T16_35_30_0'): writing {"content": [], "_sender": "DmeModule", "_reason": null, "event_type": "FACTS"}
2017-10-24 16:35:34,724 - TdmApplication - DEBUG - FrontendConnectionHandler(id=140618488580432, session='2017-10-24T16_35_30_0'): OK
2017-10-24 16:35:38,094 - TdmApplication - DEBUG - FrontendConnectionHandler(id=140618488580432, session='2017-10-24T16_35_30_0').on_message({"content": [{"score": 1.0, "utterance": "step one"}], "_sender": "TextInputComponent", "_reason": null, "event_type": "RECOGNITION"})
2017-10-24 16:35:38,099 - TdmApplication - DEBUG - FrontendConnectionHandler(id=140618488580432, session='2017-10-24T16_35_30_0').on_event(Event(STOP_LISTENING, None, sender=TurnManager, reason=None))
2017-10-24 16:35:38,099 - TdmApplication - DEBUG - FrontendConnectionHandler(id=140618488580432, session='2017-10-24T16_35_30_0'): writing {"content": null, "_sender": "TurnManager", "_reason": null, "event_type": "STOP_LISTENING"}
2017-10-24 16:35:38,099 - TdmApplication - DEBUG - FrontendConnectionHandler(id=140618488580432, session='2017-10-24T16_35_30_0'): OK
2017-10-24 16:35:38,176 - TdmApplication - DEBUG - FrontendConnectionHandler(id=140618488580432, session='2017-10-24T16_35_30_0').on_event(Event(SELECTED_RECOGNITION, step one, sender=DmeModule, reason=None))
2017-10-24 16:35:38,176 - TdmApplication - DEBUG - FrontendConnectionHandler(id=140618488580432, session='2017-10-24T16_35_30_0'): writing {"content": "step one", "_sender": "DmeModule", "_reason": null, "event_type": "SELECTED_RECOGNITION"}
2017-10-24 16:35:38,176 - TdmApplication - DEBUG - FrontendConnectionHandler(id=140618488580432, session='2017-10-24T16_35_30_0'): OK
2017-10-24 16:35:38,177 - TdmApplication - DEBUG - FrontendConnectionHandler(id=140618488580432, session='2017-10-24T16_35_30_0').on_event(Event(FACTS, [{predicate: go_to_step, grammar_entry: None, value: chose step1}], sender=DmeModule, reason=None))
2017-10-24 16:35:38,177 - TdmApplication - DEBUG - FrontendConnectionHandler(id=140618488580432, session='2017-10-24T16_35_30_0'): writing {"content": [{"predicate": "go_to_step", "grammar_entry": null, "value": "chose step1"}], "_sender": "DmeModule", "_reason": null, "event_type": "FACTS"}
2017-10-24 16:35:38,177 - TdmApplication - DEBUG - FrontendConnectionHandler(id=140618488580432, session='2017-10-24T16_35_30_0'): OK
2017-10-24 16:35:38,187 - TdmApplication - DEBUG - FrontendConnectionHandler(id=140618488580432, session='2017-10-24T16_35_30_0').on_event(Event(SYSTEM_UTTERANCE_TO_SPEAK, [Ok chose step1.], sender=GenerateModule, reason=None))
2017-10-24 16:35:38,187 - TdmApplication - DEBUG - FrontendConnectionHandler(id=140618488580432, session='2017-10-24T16_35_30_0'): writing {"content": ["Ok chose step1."], "_sender": "GenerateModule", "_reason": null, "event_type": "SYSTEM_UTTERANCE_TO_SPEAK"}
2017-10-24 16:35:38,187 - TdmApplication - DEBUG - FrontendConnectionHandler(id=140618488580432, session='2017-10-24T16_35_30_0'): OK
2017-10-24 16:35:38,189 - TdmApplication - DEBUG - FrontendConnectionHandler(id=140618488580432, session='2017-10-24T16_35_30_0').on_event(Event(GUI.POPUP, {options: [], title: Ok chose step1.}, sender=IndependentGuiBackend, reason=None))
2017-10-24 16:35:38,189 - TdmApplication - DEBUG - FrontendConnectionHandler(id=140618488580432, session='2017-10-24T16_35_30_0'): writing {"content": {"options": [], "title": "Ok chose step1."}, "_sender": "IndependentGuiBackend", "_reason": null, "event_type": "GUI.POPUP"}
2017-10-24 16:35:38,190 - TdmApplication - DEBUG - FrontendConnectionHandler(id=140618488580432, session='2017-10-24T16_35_30_0'): OK
2017-10-24 16:35:38,192 - TdmApplication - DEBUG - FrontendConnectionHandler(id=140618488580432, session='2017-10-24T16_35_30_0').on_event(Event(MESSAGE_TO_GUI, [<tdm.tdm_gui_protocol.Popup instance at 0x7fe4489b7ef0>], sender=GuiBackend, reason=None))
2017-10-24 16:35:38,192 - TdmApplication - DEBUG - FrontendConnectionHandler(id=140618488580432, session='2017-10-24T16_35_30_0'): writing {"content": [{"Popup": {"elements": [], "title": "Ok chose step1."}}], "_sender": "GuiBackend", "_reason": null, "event_type": "MESSAGE_TO_GUI"}
2017-10-24 16:35:38,193 - TdmApplication - DEBUG - FrontendConnectionHandler(id=140618488580432, session='2017-10-24T16_35_30_0'): OK
2017-10-24 16:35:38,197 - TdmApplication - DEBUG - FrontendConnectionHandler(id=140618488580432, session='2017-10-24T16_35_30_0').on_message({"content": ["Ok chose step1."], "_sender": "TextOutputComponent", "_reason": null, "event_type": "SYSTEM_UTTERANCE_REALIZED"})
2017-10-24 16:35:38,223 - TdmApplication - DEBUG - FrontendConnectionHandler(id=140618488580432, session='2017-10-24T16_35_30_0').on_event(Event(FACTS, [{predicate: go_to_step, grammar_entry: None, value: chose step1}], sender=DmeModule, reason=None))
2017-10-24 16:35:38,224 - TdmApplication - DEBUG - FrontendConnectionHandler(id=140618488580432, session='2017-10-24T16_35_30_0'): writing {"content": [{"predicate": "go_to_step", "grammar_entry": null, "value": "chose step1"}], "_sender": "DmeModule", "_reason": null, "event_type": "FACTS"}
2017-10-24 16:35:38,224 - TdmApplication - DEBUG - FrontendConnectionHandler(id=140618488580432, session='2017-10-24T16_35_30_0'): OK
2017-10-24 16:35:42,802 - TdmApplication - DEBUG - FrontendConnectionHandler(id=140618488580432, session='2017-10-24T16_35_30_0').on_message({"content": [{"score": 1.0, "utterance": "go to next"}], "_sender": "TextInputComponent", "_reason": null, "event_type": "RECOGNITION"})
2017-10-24 16:35:42,805 - TdmApplication - DEBUG - FrontendConnectionHandler(id=140618488580432, session='2017-10-24T16_35_30_0').on_event(Event(FACTS, [], sender=DmeModule, reason=None))
2017-10-24 16:35:42,806 - TdmApplication - DEBUG - FrontendConnectionHandler(id=140618488580432, session='2017-10-24T16_35_30_0'): writing {"content": [], "_sender": "DmeModule", "_reason": null, "event_type": "FACTS"}
2017-10-24 16:35:42,806 - TdmApplication - DEBUG - FrontendConnectionHandler(id=140618488580432, session='2017-10-24T16_35_30_0'): OK
2017-10-24 16:35:42,814 - TdmApplication - DEBUG - FrontendConnectionHandler(id=140618488580432, session='2017-10-24T16_35_30_0').on_event(Event(STOP_SPEAKING, None, sender=TurnManager, reason=None))
2017-10-24 16:35:42,815 - TdmApplication - DEBUG - FrontendConnectionHandler(id=140618488580432, session='2017-10-24T16_35_30_0'): writing {"content": null, "_sender": "TurnManager", "_reason": null, "event_type": "STOP_SPEAKING"}
2017-10-24 16:35:42,815 - TdmApplication - DEBUG - FrontendConnectionHandler(id=140618488580432, session='2017-10-24T16_35_30_0'): OK
2017-10-24 16:35:42,815 - TdmApplication - DEBUG - FrontendConnectionHandler(id=140618488580432, session='2017-10-24T16_35_30_0').on_event(Event(SYSTEM_UTTERANCE_TO_SPEAK, [Returning to the start view., What would you like to do?], sender=GenerateModule, reason=None))
2017-10-24 16:35:42,816 - TdmApplication - DEBUG - FrontendConnectionHandler(id=140618488580432, session='2017-10-24T16_35_30_0'): writing {"content": ["Returning to the start view.", "What would you like to do?"], "_sender": "GenerateModule", "_reason": null, "event_type": "SYSTEM_UTTERANCE_TO_SPEAK"}
2017-10-24 16:35:42,816 - TdmApplication - DEBUG - FrontendConnectionHandler(id=140618488580432, session='2017-10-24T16_35_30_0'): OK
2017-10-24 16:35:42,817 - TdmApplication - DEBUG - FrontendConnectionHandler(id=140618488580432, session='2017-10-24T16_35_30_0').on_event(Event(MESSAGE_TO_GUI, [<tdm.tdm_gui_protocol.ClosePopup instance at 0x7fe448183098>], sender=GuiBackend, reason=None))
2017-10-24 16:35:42,817 - TdmApplication - DEBUG - FrontendConnectionHandler(id=140618488580432, session='2017-10-24T16_35_30_0'): writing {"content": [{"ClosePopup": {}}], "_sender": "GuiBackend", "_reason": null, "event_type": "MESSAGE_TO_GUI"}
2017-10-24 16:35:42,817 - TdmApplication - DEBUG - FrontendConnectionHandler(id=140618488580432, session='2017-10-24T16_35_30_0'): OK
2017-10-24 16:35:42,856 - TdmApplication - DEBUG - FrontendConnectionHandler(id=140618488580432, session='2017-10-24T16_35_30_0').on_message({"content": ["Returning to the start view.", "What would you like to do?"], "_sender": "TextOutputComponent", "_reason": null, "event_type": "SYSTEM_UTTERANCE_REALIZED"})
2017-10-24 16:35:42,881 - TdmApplication - DEBUG - FrontendConnectionHandler(id=140618488580432, session='2017-10-24T16_35_30_0').on_event(Event(FACTS, [], sender=DmeModule, reason=None))
2017-10-24 16:35:42,881 - TdmApplication - DEBUG - FrontendConnectionHandler(id=140618488580432, session='2017-10-24T16_35_30_0'): writing {"content": [], "_sender": "DmeModule", "_reason": null, "event_type": "FACTS"}
2017-10-24 16:35:42,882 - TdmApplication - DEBUG - FrontendConnectionHandler(id=140618488580432, session='2017-10-24T16_35_30_0'): OK
2017-10-24 16:35:42,952 - TdmApplication - DEBUG - FrontendConnectionHandler(id=140618488580432, session='2017-10-24T16_35_30_0').on_event(Event(SELECTED_RECOGNITION, go to next, sender=DmeModule, reason=None))
2017-10-24 16:35:42,952 - TdmApplication - DEBUG - FrontendConnectionHandler(id=140618488580432, session='2017-10-24T16_35_30_0'): writing {"content": "go to next", "_sender": "DmeModule", "_reason": null, "event_type": "SELECTED_RECOGNITION"}
2017-10-24 16:35:42,952 - TdmApplication - DEBUG - FrontendConnectionHandler(id=140618488580432, session='2017-10-24T16_35_30_0'): OK
2017-10-24 16:35:42,953 - TdmApplication - DEBUG - FrontendConnectionHandler(id=140618488580432, session='2017-10-24T16_35_30_0').on_event(Event(FACTS, [], sender=DmeModule, reason=None))
2017-10-24 16:35:42,953 - TdmApplication - DEBUG - FrontendConnectionHandler(id=140618488580432, session='2017-10-24T16_35_30_0'): writing {"content": [], "_sender": "DmeModule", "_reason": null, "event_type": "FACTS"}
2017-10-24 16:35:42,954 - TdmApplication - DEBUG - FrontendConnectionHandler(id=140618488580432, session='2017-10-24T16_35_30_0'): OK
2017-10-24 16:35:42,962 - TdmApplication - DEBUG - FrontendConnectionHandler(id=140618488580432, session='2017-10-24T16_35_30_0').on_event(Event(SYSTEM_UTTERANCE_TO_SPEAK, [, Went to next], sender=GenerateModule, reason=None))
2017-10-24 16:35:42,963 - TdmApplication - DEBUG - FrontendConnectionHandler(id=140618488580432, session='2017-10-24T16_35_30_0'): writing {"content": ["", "Went to next"], "_sender": "GenerateModule", "_reason": null, "event_type": "SYSTEM_UTTERANCE_TO_SPEAK"}
2017-10-24 16:35:42,963 - TdmApplication - DEBUG - FrontendConnectionHandler(id=140618488580432, session='2017-10-24T16_35_30_0'): OK
2017-10-24 16:35:42,964 - TdmApplication - DEBUG - FrontendConnectionHandler(id=140618488580432, session='2017-10-24T16_35_30_0').on_event(Event(GUI.POPUP, {options: [], title: Went to next}, sender=IndependentGuiBackend, reason=None))
2017-10-24 16:35:42,964 - TdmApplication - DEBUG - FrontendConnectionHandler(id=140618488580432, session='2017-10-24T16_35_30_0'): writing {"content": {"options": [], "title": "Went to next"}, "_sender": "IndependentGuiBackend", "_reason": null, "event_type": "GUI.POPUP"}
2017-10-24 16:35:42,964 - TdmApplication - DEBUG - FrontendConnectionHandler(id=140618488580432, session='2017-10-24T16_35_30_0'): OK
2017-10-24 16:35:42,965 - TdmApplication - DEBUG - FrontendConnectionHandler(id=140618488580432, session='2017-10-24T16_35_30_0').on_event(Event(MESSAGE_TO_GUI, [<tdm.tdm_gui_protocol.DeviceResult instance at 0x7fe4489a5908>, <tdm.tdm_gui_protocol.Popup instance at 0x7fe4481837a0>], sender=GuiBackend, reason=None))
2017-10-24 16:35:42,965 - TdmApplication - DEBUG - FrontendConnectionHandler(id=140618488580432, session='2017-10-24T16_35_30_0'): writing {"content": [{"DeviceResult": {"action": "go_to_next", "result": true, "arguments": {}, "failure_reason": null}}, {"Popup": {"elements": [], "title": "Went to next"}}], "_sender": "GuiBackend", "_reason": null, "event_type": "MESSAGE_TO_GUI"}
2017-10-24 16:35:42,965 - TdmApplication - DEBUG - FrontendConnectionHandler(id=140618488580432, session='2017-10-24T16_35_30_0'): OK
2017-10-24 16:35:42,984 - TdmApplication - DEBUG - FrontendConnectionHandler(id=140618488580432, session='2017-10-24T16_35_30_0').on_message({"content": ["", "Went to next"], "_sender": "TextOutputComponent", "_reason": null, "event_type": "SYSTEM_UTTERANCE_REALIZED"})
2017-10-24 16:35:43,041 - TdmApplication - DEBUG - FrontendConnectionHandler(id=140618488580432, session='2017-10-24T16_35_30_0').on_event(Event(FACTS, [], sender=DmeModule, reason=None))
2017-10-24 16:35:43,041 - TdmApplication - DEBUG - FrontendConnectionHandler(id=140618488580432, session='2017-10-24T16_35_30_0'): writing {"content": [], "_sender": "DmeModule", "_reason": null, "event_type": "FACTS"}
2017-10-24 16:35:43,041 - TdmApplication - DEBUG - FrontendConnectionHandler(id=140618488580432, session='2017-10-24T16_35_30_0'): OK
2017-10-24 16:35:43,049 - TdmApplication - DEBUG - FrontendConnectionHandler(id=140618488580432, session='2017-10-24T16_35_30_0').on_event(Event(SYSTEM_UTTERANCE_TO_SPEAK, [Performed say step.], sender=GenerateModule, reason=None))
2017-10-24 16:35:43,049 - TdmApplication - DEBUG - FrontendConnectionHandler(id=140618488580432, session='2017-10-24T16_35_30_0'): writing {"content": ["Performed say step."], "_sender": "GenerateModule", "_reason": null, "event_type": "SYSTEM_UTTERANCE_TO_SPEAK"}
2017-10-24 16:35:43,049 - TdmApplication - DEBUG - FrontendConnectionHandler(id=140618488580432, session='2017-10-24T16_35_30_0'): OK
2017-10-24 16:35:43,050 - TdmApplication - DEBUG - FrontendConnectionHandler(id=140618488580432, session='2017-10-24T16_35_30_0').on_event(Event(GUI.POPUP, {options: [], title: Performed say step.}, sender=IndependentGuiBackend, reason=None))
2017-10-24 16:35:43,050 - TdmApplication - DEBUG - FrontendConnectionHandler(id=140618488580432, session='2017-10-24T16_35_30_0'): writing {"content": {"options": [], "title": "Performed say step."}, "_sender": "IndependentGuiBackend", "_reason": null, "event_type": "GUI.POPUP"}
2017-10-24 16:35:43,050 - TdmApplication - DEBUG - FrontendConnectionHandler(id=140618488580432, session='2017-10-24T16_35_30_0'): OK
2017-10-24 16:35:43,051 - TdmApplication - DEBUG - FrontendConnectionHandler(id=140618488580432, session='2017-10-24T16_35_30_0').on_event(Event(MESSAGE_TO_GUI, [<tdm.tdm_gui_protocol.ClosePopup instance at 0x7fe4481835f0>, <tdm.tdm_gui_protocol.DeviceResult instance at 0x7fe448183fc8>, <tdm.tdm_gui_protocol.Popup instance at 0x7fe448183518>], sender=GuiBackend, reason=None))
2017-10-24 16:35:43,051 - TdmApplication - DEBUG - FrontendConnectionHandler(id=140618488580432, session='2017-10-24T16_35_30_0'): writing {"content": [{"ClosePopup": {}}, {"DeviceResult": {"action": "say_step", "result": true, "arguments": {}, "failure_reason": null}}, {"Popup": {"elements": [], "title": "Performed say step."}}], "_sender": "GuiBackend", "_reason": null, "event_type": "MESSAGE_TO_GUI"}
2017-10-24 16:35:43,051 - TdmApplication - DEBUG - FrontendConnectionHandler(id=140618488580432, session='2017-10-24T16_35_30_0'): OK
2017-10-24 16:35:43,100 - TdmApplication - DEBUG - FrontendConnectionHandler(id=140618488580432, session='2017-10-24T16_35_30_0').on_message({"content": ["Performed say step."], "_sender": "TextOutputComponent", "_reason": null, "event_type": "SYSTEM_UTTERANCE_REALIZED"})
2017-10-24 16:35:43,155 - TdmApplication - DEBUG - FrontendConnectionHandler(id=140618488580432, session='2017-10-24T16_35_30_0').on_event(Event(FACTS, [], sender=DmeModule, reason=None))
2017-10-24 16:35:43,155 - TdmApplication - DEBUG - FrontendConnectionHandler(id=140618488580432, session='2017-10-24T16_35_30_0'): writing {"content": [], "_sender": "DmeModule", "_reason": null, "event_type": "FACTS"}
2017-10-24 16:35:43,156 - TdmApplication - DEBUG - FrontendConnectionHandler(id=140618488580432, session='2017-10-24T16_35_30_0'): OK
2017-10-24 16:35:43,168 - TdmApplication - DEBUG - FrontendConnectionHandler(id=140618488580432, session='2017-10-24T16_35_30_0').on_event(Event(SYSTEM_UTTERANCE_TO_SPEAK, [, What is confirmation yn?], sender=GenerateModule, reason=None))
2017-10-24 16:35:43,168 - TdmApplication - DEBUG - FrontendConnectionHandler(id=140618488580432, session='2017-10-24T16_35_30_0'): writing {"content": ["", "What is confirmation yn?"], "_sender": "GenerateModule", "_reason": null, "event_type": "SYSTEM_UTTERANCE_TO_SPEAK"}
2017-10-24 16:35:43,168 - TdmApplication - DEBUG - FrontendConnectionHandler(id=140618488580432, session='2017-10-24T16_35_30_0'): OK
2017-10-24 16:35:43,169 - TdmApplication - DEBUG - FrontendConnectionHandler(id=140618488580432, session='2017-10-24T16_35_30_0').on_event(Event(MESSAGE_TO_GUI, [<tdm.tdm_gui_protocol.ClosePopup instance at 0x7fe4489a5998>], sender=GuiBackend, reason=None))
2017-10-24 16:35:43,169 - TdmApplication - DEBUG - FrontendConnectionHandler(id=140618488580432, session='2017-10-24T16_35_30_0'): writing {"content": [{"ClosePopup": {}}], "_sender": "GuiBackend", "_reason": null, "event_type": "MESSAGE_TO_GUI"}
2017-10-24 16:35:43,169 - TdmApplication - DEBUG - FrontendConnectionHandler(id=140618488580432, session='2017-10-24T16_35_30_0'): OK
2017-10-24 16:35:43,206 - TdmApplication - DEBUG - FrontendConnectionHandler(id=140618488580432, session='2017-10-24T16_35_30_0').on_message({"content": ["", "What is confirmation yn?"], "_sender": "TextOutputComponent", "_reason": null, "event_type": "SYSTEM_UTTERANCE_REALIZED"})
2017-10-24 16:35:43,233 - TdmApplication - DEBUG - FrontendConnectionHandler(id=140618488580432, session='2017-10-24T16_35_30_0').on_event(Event(FACTS, [], sender=DmeModule, reason=None))
2017-10-24 16:35:43,233 - TdmApplication - DEBUG - FrontendConnectionHandler(id=140618488580432, session='2017-10-24T16_35_30_0'): writing {"content": [], "_sender": "DmeModule", "_reason": null, "event_type": "FACTS"}
2017-10-24 16:35:43,233 - TdmApplication - DEBUG - FrontendConnectionHandler(id=140618488580432, session='2017-10-24T16_35_30_0'): OK
2017-10-24 16:41:55,701 - TdmApplication - DEBUG - FrontendConnectionHandler(id=140618488580432, session='2017-10-24T16_35_30_0').on_close()
2017-10-24 16:41:55,701 - TdmApplication - DEBUG - SessionManager.stop('2017-10-24T16_35_30_0')
2017-10-24 16:41:55,704 - TdmApplication - DEBUG - TdmApplication.stop(): Stopping HTTP server
2017-10-24 16:41:55,705 - TdmApplication - DEBUG - TdmApplication.stop(): Stopping IO-loop
2017-10-24 16:41:55,705 - TdmApplication - DEBUG - TdmApplication.stop(): Stopping sessions []
