2017-10-24 17:02:57,394 - TdmApplication - DEBUG - DddDb().__init__(name='ddds', default_ddds=[u'recipehelp'])
2017-10-24 17:02:57,394 - TdmApplication - DEBUG - DddDb(): DB file name is '/home/gusmatssar/recipedialogue/tdm/ddds.json'
2017-10-24 17:02:57,403 - TdmApplication - DEBUG - FrontendConnectionHandler(id=140099193588048, session=None).open()
2017-10-24 17:02:57,405 - TdmApplication - DEBUG - thread_manager.create_thread() with threading.active_count()=3
2017-10-24 17:02:57,405 - TdmApplication - DEBUG - FrontendConnectionHandler(id=140099193588048, session=None).on_message({"handshake_content": {"session_id": null, "keep_session_alive": false}, "name": "Frontend"})
2017-10-24 17:02:57,406 - TdmApplication - DEBUG - thread_manager.create_thread() with threading.active_count()=4
2017-10-24 17:02:57,406 - TdmApplication - DEBUG - FrontendConnectionHandler(id=140099193588048, session=None)._register({"handshake_content": {"session_id": null, "keep_session_alive": false}, "name": "Frontend"})
2017-10-24 17:02:57,408 - TdmApplication - DEBUG - Creating backend and session with id 2017-10-24T17_02_57_0.
2017-10-24 17:02:57,444 - TdmApplication - DEBUG - FrontendConnectionHandler._register: Registered in session 2017-10-24T17_02_57_0 with backend <ThreadedBackend(ThreadedBackend, started daemon 140098947512064)>.
2017-10-24 17:02:57,446 - TdmApplication - DEBUG - FrontendConnectionHandler(id=140099193588048, session='2017-10-24T17_02_57_0').on_event(Event(REGISTER_BACKEND, None, sender=Backend, reason=None))
2017-10-24 17:02:57,446 - TdmApplication - DEBUG - FrontendConnectionHandler(id=140099193588048, session='2017-10-24T17_02_57_0'): writing {"content": null, "_sender": "Backend", "_reason": null, "event_type": "REGISTER_BACKEND"}
2017-10-24 17:02:57,446 - TdmApplication - DEBUG - FrontendConnectionHandler(id=140099193588048, session='2017-10-24T17_02_57_0'): OK
2017-10-24 17:02:57,474 - TdmApplication - DEBUG - FrontendConnectionHandler(id=140099193588048, session='2017-10-24T17_02_57_0').on_message({"content": null, "_sender": "Frontend", "_reason": null, "event_type": "FRONTEND_READY"})
2017-10-24 17:02:57,477 - TdmApplication - DEBUG - FrontendConnectionHandler(id=140099193588048, session='2017-10-24T17_02_57_0').on_event(Event(BACKEND_READY, None, sender=Backend, reason=None))
2017-10-24 17:02:57,477 - TdmApplication - DEBUG - FrontendConnectionHandler(id=140099193588048, session='2017-10-24T17_02_57_0'): writing {"content": null, "_sender": "Backend", "_reason": null, "event_type": "BACKEND_READY"}
2017-10-24 17:02:57,477 - TdmApplication - DEBUG - FrontendConnectionHandler(id=140099193588048, session='2017-10-24T17_02_57_0'): OK
2017-10-24 17:02:57,482 - TdmApplication - DEBUG - FrontendConnectionHandler(id=140099193588048, session='2017-10-24T17_02_57_0').on_message({"content": null, "_sender": "Frontend", "_reason": null, "event_type": "START"})
2017-10-24 17:02:57,518 - TdmApplication - DEBUG - FrontendConnectionHandler(id=140099193588048, session='2017-10-24T17_02_57_0').on_event(Event(SET_DDD, {ddd_name: recipehelp, language_code: eng}, sender=DmeModule, reason=None))
2017-10-24 17:02:57,518 - TdmApplication - DEBUG - FrontendConnectionHandler(id=140099193588048, session='2017-10-24T17_02_57_0'): writing {"content": {"ddd_name": "recipehelp", "language_code": "eng"}, "_sender": "DmeModule", "_reason": null, "event_type": "SET_DDD"}
2017-10-24 17:02:57,518 - TdmApplication - DEBUG - FrontendConnectionHandler(id=140099193588048, session='2017-10-24T17_02_57_0'): OK
2017-10-24 17:02:57,519 - TdmApplication - DEBUG - FrontendConnectionHandler(id=140099193588048, session='2017-10-24T17_02_57_0').on_event(Event(FACTS, [], sender=DmeModule, reason=None))
2017-10-24 17:02:57,519 - TdmApplication - DEBUG - FrontendConnectionHandler(id=140099193588048, session='2017-10-24T17_02_57_0'): writing {"content": [], "_sender": "DmeModule", "_reason": null, "event_type": "FACTS"}
2017-10-24 17:02:57,519 - TdmApplication - DEBUG - FrontendConnectionHandler(id=140099193588048, session='2017-10-24T17_02_57_0'): OK
2017-10-24 17:02:57,528 - TdmApplication - DEBUG - FrontendConnectionHandler(id=140099193588048, session='2017-10-24T17_02_57_0').on_event(Event(SYSTEM_UTTERANCE_TO_SPEAK, [, What would you like to do?], sender=GenerateModule, reason=None))
2017-10-24 17:02:57,528 - TdmApplication - DEBUG - FrontendConnectionHandler(id=140099193588048, session='2017-10-24T17_02_57_0'): writing {"content": ["", "What would you like to do?"], "_sender": "GenerateModule", "_reason": null, "event_type": "SYSTEM_UTTERANCE_TO_SPEAK"}
2017-10-24 17:02:57,528 - TdmApplication - DEBUG - FrontendConnectionHandler(id=140099193588048, session='2017-10-24T17_02_57_0'): OK
2017-10-24 17:02:57,529 - TdmApplication - DEBUG - FrontendConnectionHandler(id=140099193588048, session='2017-10-24T17_02_57_0').on_event(Event(MESSAGE_TO_GUI, [], sender=GuiBackend, reason=None))
2017-10-24 17:02:57,529 - TdmApplication - DEBUG - FrontendConnectionHandler(id=140099193588048, session='2017-10-24T17_02_57_0'): writing {"content": [], "_sender": "GuiBackend", "_reason": null, "event_type": "MESSAGE_TO_GUI"}
2017-10-24 17:02:57,529 - TdmApplication - DEBUG - FrontendConnectionHandler(id=140099193588048, session='2017-10-24T17_02_57_0'): OK
2017-10-24 17:02:57,572 - TdmApplication - DEBUG - FrontendConnectionHandler(id=140099193588048, session='2017-10-24T17_02_57_0').on_message({"content": ["", "What would you like to do?"], "_sender": "TextOutputComponent", "_reason": null, "event_type": "SYSTEM_UTTERANCE_REALIZED"})
2017-10-24 17:02:57,595 - TdmApplication - DEBUG - FrontendConnectionHandler(id=140099193588048, session='2017-10-24T17_02_57_0').on_event(Event(FACTS, [], sender=DmeModule, reason=None))
2017-10-24 17:02:57,595 - TdmApplication - DEBUG - FrontendConnectionHandler(id=140099193588048, session='2017-10-24T17_02_57_0'): writing {"content": [], "_sender": "DmeModule", "_reason": null, "event_type": "FACTS"}
2017-10-24 17:02:57,595 - TdmApplication - DEBUG - FrontendConnectionHandler(id=140099193588048, session='2017-10-24T17_02_57_0'): OK
2017-10-24 17:03:00,779 - TdmApplication - DEBUG - FrontendConnectionHandler(id=140099193588048, session='2017-10-24T17_02_57_0').on_message({"content": [{"score": 1.0, "utterance": "go to a step"}], "_sender": "TextInputComponent", "_reason": null, "event_type": "RECOGNITION"})
2017-10-24 17:03:00,788 - TdmApplication - DEBUG - FrontendConnectionHandler(id=140099193588048, session='2017-10-24T17_02_57_0').on_event(Event(STOP_LISTENING, None, sender=TurnManager, reason=None))
2017-10-24 17:03:00,788 - TdmApplication - DEBUG - FrontendConnectionHandler(id=140099193588048, session='2017-10-24T17_02_57_0'): writing {"content": null, "_sender": "TurnManager", "_reason": null, "event_type": "STOP_LISTENING"}
2017-10-24 17:03:00,789 - TdmApplication - DEBUG - FrontendConnectionHandler(id=140099193588048, session='2017-10-24T17_02_57_0'): OK
2017-10-24 17:03:00,862 - TdmApplication - DEBUG - FrontendConnectionHandler(id=140099193588048, session='2017-10-24T17_02_57_0').on_event(Event(SELECTED_RECOGNITION, go to a step, sender=DmeModule, reason=None))
2017-10-24 17:03:00,862 - TdmApplication - DEBUG - FrontendConnectionHandler(id=140099193588048, session='2017-10-24T17_02_57_0'): writing {"content": "go to a step", "_sender": "DmeModule", "_reason": null, "event_type": "SELECTED_RECOGNITION"}
2017-10-24 17:03:00,863 - TdmApplication - DEBUG - FrontendConnectionHandler(id=140099193588048, session='2017-10-24T17_02_57_0'): OK
2017-10-24 17:03:00,863 - TdmApplication - DEBUG - FrontendConnectionHandler(id=140099193588048, session='2017-10-24T17_02_57_0').on_event(Event(FACTS, [], sender=DmeModule, reason=None))
2017-10-24 17:03:00,864 - TdmApplication - DEBUG - FrontendConnectionHandler(id=140099193588048, session='2017-10-24T17_02_57_0'): writing {"content": [], "_sender": "DmeModule", "_reason": null, "event_type": "FACTS"}
2017-10-24 17:03:00,864 - TdmApplication - DEBUG - FrontendConnectionHandler(id=140099193588048, session='2017-10-24T17_02_57_0'): OK
2017-10-24 17:03:00,877 - TdmApplication - DEBUG - FrontendConnectionHandler(id=140099193588048, session='2017-10-24T17_02_57_0').on_event(Event(SYSTEM_UTTERANCE_TO_SPEAK, [, , Which step?], sender=GenerateModule, reason=None))
2017-10-24 17:03:00,878 - TdmApplication - DEBUG - FrontendConnectionHandler(id=140099193588048, session='2017-10-24T17_02_57_0'): writing {"content": ["", "", "Which step?"], "_sender": "GenerateModule", "_reason": null, "event_type": "SYSTEM_UTTERANCE_TO_SPEAK"}
2017-10-24 17:03:00,878 - TdmApplication - DEBUG - FrontendConnectionHandler(id=140099193588048, session='2017-10-24T17_02_57_0'): OK
2017-10-24 17:03:00,878 - TdmApplication - DEBUG - FrontendConnectionHandler(id=140099193588048, session='2017-10-24T17_02_57_0').on_event(Event(MESSAGE_TO_GUI, [], sender=GuiBackend, reason=None))
2017-10-24 17:03:00,879 - TdmApplication - DEBUG - FrontendConnectionHandler(id=140099193588048, session='2017-10-24T17_02_57_0'): writing {"content": [], "_sender": "GuiBackend", "_reason": null, "event_type": "MESSAGE_TO_GUI"}
2017-10-24 17:03:00,879 - TdmApplication - DEBUG - FrontendConnectionHandler(id=140099193588048, session='2017-10-24T17_02_57_0'): OK
2017-10-24 17:03:00,882 - TdmApplication - DEBUG - FrontendConnectionHandler(id=140099193588048, session='2017-10-24T17_02_57_0').on_message({"content": ["", "", "Which step?"], "_sender": "TextOutputComponent", "_reason": null, "event_type": "SYSTEM_UTTERANCE_REALIZED"})
2017-10-24 17:03:00,915 - TdmApplication - DEBUG - FrontendConnectionHandler(id=140099193588048, session='2017-10-24T17_02_57_0').on_event(Event(FACTS, [], sender=DmeModule, reason=None))
2017-10-24 17:03:00,915 - TdmApplication - DEBUG - FrontendConnectionHandler(id=140099193588048, session='2017-10-24T17_02_57_0'): writing {"content": [], "_sender": "DmeModule", "_reason": null, "event_type": "FACTS"}
2017-10-24 17:03:00,915 - TdmApplication - DEBUG - FrontendConnectionHandler(id=140099193588048, session='2017-10-24T17_02_57_0'): OK
2017-10-24 17:03:08,715 - TdmApplication - DEBUG - FrontendConnectionHandler(id=140099193588048, session='2017-10-24T17_02_57_0').on_message({"content": [{"score": 1.0, "utterance": "step one"}], "_sender": "TextInputComponent", "_reason": null, "event_type": "RECOGNITION"})
2017-10-24 17:03:08,719 - TdmApplication - DEBUG - FrontendConnectionHandler(id=140099193588048, session='2017-10-24T17_02_57_0').on_event(Event(STOP_LISTENING, None, sender=TurnManager, reason=None))
2017-10-24 17:03:08,720 - TdmApplication - DEBUG - FrontendConnectionHandler(id=140099193588048, session='2017-10-24T17_02_57_0'): writing {"content": null, "_sender": "TurnManager", "_reason": null, "event_type": "STOP_LISTENING"}
2017-10-24 17:03:08,720 - TdmApplication - DEBUG - FrontendConnectionHandler(id=140099193588048, session='2017-10-24T17_02_57_0'): OK
2017-10-24 17:03:08,800 - TdmApplication - DEBUG - FrontendConnectionHandler(id=140099193588048, session='2017-10-24T17_02_57_0').on_event(Event(SELECTED_RECOGNITION, step one, sender=DmeModule, reason=None))
2017-10-24 17:03:08,800 - TdmApplication - DEBUG - FrontendConnectionHandler(id=140099193588048, session='2017-10-24T17_02_57_0'): writing {"content": "step one", "_sender": "DmeModule", "_reason": null, "event_type": "SELECTED_RECOGNITION"}
2017-10-24 17:03:08,800 - TdmApplication - DEBUG - FrontendConnectionHandler(id=140099193588048, session='2017-10-24T17_02_57_0'): OK
2017-10-24 17:03:08,801 - TdmApplication - DEBUG - FrontendConnectionHandler(id=140099193588048, session='2017-10-24T17_02_57_0').on_event(Event(FACTS, [{predicate: go_to_step, grammar_entry: None, value: chose step1}], sender=DmeModule, reason=None))
2017-10-24 17:03:08,801 - TdmApplication - DEBUG - FrontendConnectionHandler(id=140099193588048, session='2017-10-24T17_02_57_0'): writing {"content": [{"predicate": "go_to_step", "grammar_entry": null, "value": "chose step1"}], "_sender": "DmeModule", "_reason": null, "event_type": "FACTS"}
2017-10-24 17:03:08,801 - TdmApplication - DEBUG - FrontendConnectionHandler(id=140099193588048, session='2017-10-24T17_02_57_0'): OK
2017-10-24 17:03:08,810 - TdmApplication - DEBUG - FrontendConnectionHandler(id=140099193588048, session='2017-10-24T17_02_57_0').on_event(Event(SYSTEM_UTTERANCE_TO_SPEAK, [Ok chose step1.], sender=GenerateModule, reason=None))
2017-10-24 17:03:08,810 - TdmApplication - DEBUG - FrontendConnectionHandler(id=140099193588048, session='2017-10-24T17_02_57_0'): writing {"content": ["Ok chose step1."], "_sender": "GenerateModule", "_reason": null, "event_type": "SYSTEM_UTTERANCE_TO_SPEAK"}
2017-10-24 17:03:08,810 - TdmApplication - DEBUG - FrontendConnectionHandler(id=140099193588048, session='2017-10-24T17_02_57_0'): OK
2017-10-24 17:03:08,811 - TdmApplication - DEBUG - FrontendConnectionHandler(id=140099193588048, session='2017-10-24T17_02_57_0').on_event(Event(GUI.POPUP, {options: [], title: Ok chose step1.}, sender=IndependentGuiBackend, reason=None))
2017-10-24 17:03:08,811 - TdmApplication - DEBUG - FrontendConnectionHandler(id=140099193588048, session='2017-10-24T17_02_57_0'): writing {"content": {"options": [], "title": "Ok chose step1."}, "_sender": "IndependentGuiBackend", "_reason": null, "event_type": "GUI.POPUP"}
2017-10-24 17:03:08,811 - TdmApplication - DEBUG - FrontendConnectionHandler(id=140099193588048, session='2017-10-24T17_02_57_0'): OK
2017-10-24 17:03:08,812 - TdmApplication - DEBUG - FrontendConnectionHandler(id=140099193588048, session='2017-10-24T17_02_57_0').on_event(Event(MESSAGE_TO_GUI, [<tdm.tdm_gui_protocol.Popup instance at 0x7f6b60314830>], sender=GuiBackend, reason=None))
2017-10-24 17:03:08,813 - TdmApplication - DEBUG - FrontendConnectionHandler(id=140099193588048, session='2017-10-24T17_02_57_0'): writing {"content": [{"Popup": {"elements": [], "title": "Ok chose step1."}}], "_sender": "GuiBackend", "_reason": null, "event_type": "MESSAGE_TO_GUI"}
2017-10-24 17:03:08,813 - TdmApplication - DEBUG - FrontendConnectionHandler(id=140099193588048, session='2017-10-24T17_02_57_0'): OK
2017-10-24 17:03:08,833 - TdmApplication - DEBUG - FrontendConnectionHandler(id=140099193588048, session='2017-10-24T17_02_57_0').on_message({"content": ["Ok chose step1."], "_sender": "TextOutputComponent", "_reason": null, "event_type": "SYSTEM_UTTERANCE_REALIZED"})
2017-10-24 17:03:08,859 - TdmApplication - DEBUG - FrontendConnectionHandler(id=140099193588048, session='2017-10-24T17_02_57_0').on_event(Event(FACTS, [{predicate: go_to_step, grammar_entry: None, value: chose step1}], sender=DmeModule, reason=None))
2017-10-24 17:03:08,859 - TdmApplication - DEBUG - FrontendConnectionHandler(id=140099193588048, session='2017-10-24T17_02_57_0'): writing {"content": [{"predicate": "go_to_step", "grammar_entry": null, "value": "chose step1"}], "_sender": "DmeModule", "_reason": null, "event_type": "FACTS"}
2017-10-24 17:03:08,860 - TdmApplication - DEBUG - FrontendConnectionHandler(id=140099193588048, session='2017-10-24T17_02_57_0'): OK
2017-10-24 17:03:25,354 - TdmApplication - DEBUG - FrontendConnectionHandler(id=140099193588048, session='2017-10-24T17_02_57_0').on_message({"content": [{"score": 1.0, "utterance": "tell me what to do"}], "_sender": "TextInputComponent", "_reason": null, "event_type": "RECOGNITION"})
2017-10-24 17:03:25,358 - TdmApplication - DEBUG - FrontendConnectionHandler(id=140099193588048, session='2017-10-24T17_02_57_0').on_event(Event(FACTS, [], sender=DmeModule, reason=None))
2017-10-24 17:03:25,358 - TdmApplication - DEBUG - FrontendConnectionHandler(id=140099193588048, session='2017-10-24T17_02_57_0'): writing {"content": [], "_sender": "DmeModule", "_reason": null, "event_type": "FACTS"}
2017-10-24 17:03:25,358 - TdmApplication - DEBUG - FrontendConnectionHandler(id=140099193588048, session='2017-10-24T17_02_57_0'): OK
2017-10-24 17:03:25,367 - TdmApplication - DEBUG - FrontendConnectionHandler(id=140099193588048, session='2017-10-24T17_02_57_0').on_event(Event(STOP_SPEAKING, None, sender=TurnManager, reason=None))
2017-10-24 17:03:25,367 - TdmApplication - DEBUG - FrontendConnectionHandler(id=140099193588048, session='2017-10-24T17_02_57_0'): writing {"content": null, "_sender": "TurnManager", "_reason": null, "event_type": "STOP_SPEAKING"}
2017-10-24 17:03:25,368 - TdmApplication - DEBUG - FrontendConnectionHandler(id=140099193588048, session='2017-10-24T17_02_57_0'): OK
2017-10-24 17:03:25,369 - TdmApplication - DEBUG - FrontendConnectionHandler(id=140099193588048, session='2017-10-24T17_02_57_0').on_event(Event(SYSTEM_UTTERANCE_TO_SPEAK, [Returning to the start view., What would you like to do?], sender=GenerateModule, reason=None))
2017-10-24 17:03:25,369 - TdmApplication - DEBUG - FrontendConnectionHandler(id=140099193588048, session='2017-10-24T17_02_57_0'): writing {"content": ["Returning to the start view.", "What would you like to do?"], "_sender": "GenerateModule", "_reason": null, "event_type": "SYSTEM_UTTERANCE_TO_SPEAK"}
2017-10-24 17:03:25,369 - TdmApplication - DEBUG - FrontendConnectionHandler(id=140099193588048, session='2017-10-24T17_02_57_0'): OK
2017-10-24 17:03:25,370 - TdmApplication - DEBUG - FrontendConnectionHandler(id=140099193588048, session='2017-10-24T17_02_57_0').on_event(Event(MESSAGE_TO_GUI, [<tdm.tdm_gui_protocol.ClosePopup instance at 0x7f6b6035a830>], sender=GuiBackend, reason=None))
2017-10-24 17:03:25,370 - TdmApplication - DEBUG - FrontendConnectionHandler(id=140099193588048, session='2017-10-24T17_02_57_0'): writing {"content": [{"ClosePopup": {}}], "_sender": "GuiBackend", "_reason": null, "event_type": "MESSAGE_TO_GUI"}
2017-10-24 17:03:25,370 - TdmApplication - DEBUG - FrontendConnectionHandler(id=140099193588048, session='2017-10-24T17_02_57_0'): OK
2017-10-24 17:03:25,382 - TdmApplication - DEBUG - FrontendConnectionHandler(id=140099193588048, session='2017-10-24T17_02_57_0').on_message({"content": ["Returning to the start view.", "What would you like to do?"], "_sender": "TextOutputComponent", "_reason": null, "event_type": "SYSTEM_UTTERANCE_REALIZED"})
2017-10-24 17:03:25,408 - TdmApplication - DEBUG - FrontendConnectionHandler(id=140099193588048, session='2017-10-24T17_02_57_0').on_event(Event(FACTS, [], sender=DmeModule, reason=None))
2017-10-24 17:03:25,408 - TdmApplication - DEBUG - FrontendConnectionHandler(id=140099193588048, session='2017-10-24T17_02_57_0'): writing {"content": [], "_sender": "DmeModule", "_reason": null, "event_type": "FACTS"}
2017-10-24 17:03:25,408 - TdmApplication - DEBUG - FrontendConnectionHandler(id=140099193588048, session='2017-10-24T17_02_57_0'): OK
2017-10-24 17:03:25,478 - TdmApplication - DEBUG - FrontendConnectionHandler(id=140099193588048, session='2017-10-24T17_02_57_0').on_event(Event(SELECTED_RECOGNITION, tell me what to do, sender=DmeModule, reason=None))
2017-10-24 17:03:25,478 - TdmApplication - DEBUG - FrontendConnectionHandler(id=140099193588048, session='2017-10-24T17_02_57_0'): writing {"content": "tell me what to do", "_sender": "DmeModule", "_reason": null, "event_type": "SELECTED_RECOGNITION"}
2017-10-24 17:03:25,478 - TdmApplication - DEBUG - FrontendConnectionHandler(id=140099193588048, session='2017-10-24T17_02_57_0'): OK
2017-10-24 17:03:25,479 - TdmApplication - DEBUG - FrontendConnectionHandler(id=140099193588048, session='2017-10-24T17_02_57_0').on_event(Event(FACTS, [], sender=DmeModule, reason=None))
2017-10-24 17:03:25,479 - TdmApplication - DEBUG - FrontendConnectionHandler(id=140099193588048, session='2017-10-24T17_02_57_0'): writing {"content": [], "_sender": "DmeModule", "_reason": null, "event_type": "FACTS"}
2017-10-24 17:03:25,479 - TdmApplication - DEBUG - FrontendConnectionHandler(id=140099193588048, session='2017-10-24T17_02_57_0'): OK
2017-10-24 17:03:25,488 - TdmApplication - DEBUG - FrontendConnectionHandler(id=140099193588048, session='2017-10-24T17_02_57_0').on_event(Event(SYSTEM_UTTERANCE_TO_SPEAK, [, Step ended], sender=GenerateModule, reason=None))
2017-10-24 17:03:25,488 - TdmApplication - DEBUG - FrontendConnectionHandler(id=140099193588048, session='2017-10-24T17_02_57_0'): writing {"content": ["", "Step ended"], "_sender": "GenerateModule", "_reason": null, "event_type": "SYSTEM_UTTERANCE_TO_SPEAK"}
2017-10-24 17:03:25,488 - TdmApplication - DEBUG - FrontendConnectionHandler(id=140099193588048, session='2017-10-24T17_02_57_0'): OK
2017-10-24 17:03:25,489 - TdmApplication - DEBUG - FrontendConnectionHandler(id=140099193588048, session='2017-10-24T17_02_57_0').on_event(Event(GUI.POPUP, {options: [], title: Step ended}, sender=IndependentGuiBackend, reason=None))
2017-10-24 17:03:25,489 - TdmApplication - DEBUG - FrontendConnectionHandler(id=140099193588048, session='2017-10-24T17_02_57_0'): writing {"content": {"options": [], "title": "Step ended"}, "_sender": "IndependentGuiBackend", "_reason": null, "event_type": "GUI.POPUP"}
2017-10-24 17:03:25,489 - TdmApplication - DEBUG - FrontendConnectionHandler(id=140099193588048, session='2017-10-24T17_02_57_0'): OK
2017-10-24 17:03:25,490 - TdmApplication - DEBUG - FrontendConnectionHandler(id=140099193588048, session='2017-10-24T17_02_57_0').on_event(Event(MESSAGE_TO_GUI, [<tdm.tdm_gui_protocol.DeviceResult instance at 0x7f6b60314908>, <tdm.tdm_gui_protocol.Popup instance at 0x7f6b603145a8>], sender=GuiBackend, reason=None))
2017-10-24 17:03:25,490 - TdmApplication - DEBUG - FrontendConnectionHandler(id=140099193588048, session='2017-10-24T17_02_57_0'): writing {"content": [{"DeviceResult": {"action": "say_step", "result": true, "arguments": {}, "failure_reason": null}}, {"Popup": {"elements": [], "title": "Step ended"}}], "_sender": "GuiBackend", "_reason": null, "event_type": "MESSAGE_TO_GUI"}
2017-10-24 17:03:25,490 - TdmApplication - DEBUG - FrontendConnectionHandler(id=140099193588048, session='2017-10-24T17_02_57_0'): OK
2017-10-24 17:03:25,508 - TdmApplication - DEBUG - FrontendConnectionHandler(id=140099193588048, session='2017-10-24T17_02_57_0').on_message({"content": ["", "Step ended"], "_sender": "TextOutputComponent", "_reason": null, "event_type": "SYSTEM_UTTERANCE_REALIZED"})
2017-10-24 17:03:25,567 - TdmApplication - DEBUG - FrontendConnectionHandler(id=140099193588048, session='2017-10-24T17_02_57_0').on_event(Event(FACTS, [], sender=DmeModule, reason=None))
2017-10-24 17:03:25,567 - TdmApplication - DEBUG - FrontendConnectionHandler(id=140099193588048, session='2017-10-24T17_02_57_0'): writing {"content": [], "_sender": "DmeModule", "_reason": null, "event_type": "FACTS"}
2017-10-24 17:03:25,567 - TdmApplication - DEBUG - FrontendConnectionHandler(id=140099193588048, session='2017-10-24T17_02_57_0'): OK
2017-10-24 17:03:25,577 - TdmApplication - DEBUG - FrontendConnectionHandler(id=140099193588048, session='2017-10-24T17_02_57_0').on_event(Event(SYSTEM_UTTERANCE_TO_SPEAK, [, Are you done?], sender=GenerateModule, reason=None))
2017-10-24 17:03:25,577 - TdmApplication - DEBUG - FrontendConnectionHandler(id=140099193588048, session='2017-10-24T17_02_57_0'): writing {"content": ["", "Are you done?"], "_sender": "GenerateModule", "_reason": null, "event_type": "SYSTEM_UTTERANCE_TO_SPEAK"}
2017-10-24 17:03:25,578 - TdmApplication - DEBUG - FrontendConnectionHandler(id=140099193588048, session='2017-10-24T17_02_57_0'): OK
2017-10-24 17:03:25,578 - TdmApplication - DEBUG - FrontendConnectionHandler(id=140099193588048, session='2017-10-24T17_02_57_0').on_event(Event(MESSAGE_TO_GUI, [<tdm.tdm_gui_protocol.ClosePopup instance at 0x7f6b6035a8c0>], sender=GuiBackend, reason=None))
2017-10-24 17:03:25,578 - TdmApplication - DEBUG - FrontendConnectionHandler(id=140099193588048, session='2017-10-24T17_02_57_0'): writing {"content": [{"ClosePopup": {}}], "_sender": "GuiBackend", "_reason": null, "event_type": "MESSAGE_TO_GUI"}
2017-10-24 17:03:25,579 - TdmApplication - DEBUG - FrontendConnectionHandler(id=140099193588048, session='2017-10-24T17_02_57_0'): OK
2017-10-24 17:03:25,615 - TdmApplication - DEBUG - FrontendConnectionHandler(id=140099193588048, session='2017-10-24T17_02_57_0').on_message({"content": ["", "Are you done?"], "_sender": "TextOutputComponent", "_reason": null, "event_type": "SYSTEM_UTTERANCE_REALIZED"})
2017-10-24 17:03:25,641 - TdmApplication - DEBUG - FrontendConnectionHandler(id=140099193588048, session='2017-10-24T17_02_57_0').on_event(Event(FACTS, [], sender=DmeModule, reason=None))
2017-10-24 17:03:25,642 - TdmApplication - DEBUG - FrontendConnectionHandler(id=140099193588048, session='2017-10-24T17_02_57_0'): writing {"content": [], "_sender": "DmeModule", "_reason": null, "event_type": "FACTS"}
2017-10-24 17:03:25,642 - TdmApplication - DEBUG - FrontendConnectionHandler(id=140099193588048, session='2017-10-24T17_02_57_0'): OK
2017-10-24 17:03:34,045 - TdmApplication - DEBUG - FrontendConnectionHandler(id=140099193588048, session='2017-10-24T17_02_57_0').on_message({"content": [{"score": 1.0, "utterance": "go to step five"}], "_sender": "TextInputComponent", "_reason": null, "event_type": "RECOGNITION"})
2017-10-24 17:03:34,050 - TdmApplication - DEBUG - FrontendConnectionHandler(id=140099193588048, session='2017-10-24T17_02_57_0').on_event(Event(STOP_LISTENING, None, sender=TurnManager, reason=None))
2017-10-24 17:03:34,050 - TdmApplication - DEBUG - FrontendConnectionHandler(id=140099193588048, session='2017-10-24T17_02_57_0'): writing {"content": null, "_sender": "TurnManager", "_reason": null, "event_type": "STOP_LISTENING"}
2017-10-24 17:03:34,050 - TdmApplication - DEBUG - FrontendConnectionHandler(id=140099193588048, session='2017-10-24T17_02_57_0'): OK
2017-10-24 17:03:34,167 - TdmApplication - DEBUG - FrontendConnectionHandler(id=140099193588048, session='2017-10-24T17_02_57_0').on_event(Event(SELECTED_RECOGNITION, go to step five, sender=DmeModule, reason=None))
2017-10-24 17:03:34,167 - TdmApplication - DEBUG - FrontendConnectionHandler(id=140099193588048, session='2017-10-24T17_02_57_0'): writing {"content": "go to step five", "_sender": "DmeModule", "_reason": null, "event_type": "SELECTED_RECOGNITION"}
2017-10-24 17:03:34,167 - TdmApplication - DEBUG - FrontendConnectionHandler(id=140099193588048, session='2017-10-24T17_02_57_0'): OK
2017-10-24 17:03:34,168 - TdmApplication - DEBUG - FrontendConnectionHandler(id=140099193588048, session='2017-10-24T17_02_57_0').on_event(Event(FACTS, [{predicate: confirmation, grammar_entry: None, value: no}], sender=DmeModule, reason=None))
2017-10-24 17:03:34,168 - TdmApplication - DEBUG - FrontendConnectionHandler(id=140099193588048, session='2017-10-24T17_02_57_0'): writing {"content": [{"predicate": "confirmation", "grammar_entry": null, "value": "no"}], "_sender": "DmeModule", "_reason": null, "event_type": "FACTS"}
2017-10-24 17:03:34,168 - TdmApplication - DEBUG - FrontendConnectionHandler(id=140099193588048, session='2017-10-24T17_02_57_0'): OK
2017-10-24 17:03:34,180 - TdmApplication - DEBUG - FrontendConnectionHandler(id=140099193588048, session='2017-10-24T17_02_57_0').on_event(Event(SYSTEM_UTTERANCE_TO_SPEAK, [, Step ended], sender=GenerateModule, reason=None))
2017-10-24 17:03:34,180 - TdmApplication - DEBUG - FrontendConnectionHandler(id=140099193588048, session='2017-10-24T17_02_57_0'): writing {"content": ["", "Step ended"], "_sender": "GenerateModule", "_reason": null, "event_type": "SYSTEM_UTTERANCE_TO_SPEAK"}
2017-10-24 17:03:34,180 - TdmApplication - DEBUG - FrontendConnectionHandler(id=140099193588048, session='2017-10-24T17_02_57_0'): OK
2017-10-24 17:03:34,181 - TdmApplication - DEBUG - FrontendConnectionHandler(id=140099193588048, session='2017-10-24T17_02_57_0').on_event(Event(GUI.POPUP, {options: [], title: Step ended}, sender=IndependentGuiBackend, reason=None))
2017-10-24 17:03:34,181 - TdmApplication - DEBUG - FrontendConnectionHandler(id=140099193588048, session='2017-10-24T17_02_57_0'): writing {"content": {"options": [], "title": "Step ended"}, "_sender": "IndependentGuiBackend", "_reason": null, "event_type": "GUI.POPUP"}
2017-10-24 17:03:34,181 - TdmApplication - DEBUG - FrontendConnectionHandler(id=140099193588048, session='2017-10-24T17_02_57_0'): OK
2017-10-24 17:03:34,182 - TdmApplication - DEBUG - FrontendConnectionHandler(id=140099193588048, session='2017-10-24T17_02_57_0').on_event(Event(MESSAGE_TO_GUI, [<tdm.tdm_gui_protocol.DeviceResult instance at 0x7f6b6035d290>, <tdm.tdm_gui_protocol.Popup instance at 0x7f6b603b5f80>], sender=GuiBackend, reason=None))
2017-10-24 17:03:34,182 - TdmApplication - DEBUG - FrontendConnectionHandler(id=140099193588048, session='2017-10-24T17_02_57_0'): writing {"content": [{"DeviceResult": {"action": "say_step", "result": true, "arguments": {}, "failure_reason": null}}, {"Popup": {"elements": [], "title": "Step ended"}}], "_sender": "GuiBackend", "_reason": null, "event_type": "MESSAGE_TO_GUI"}
2017-10-24 17:03:34,182 - TdmApplication - DEBUG - FrontendConnectionHandler(id=140099193588048, session='2017-10-24T17_02_57_0'): OK
2017-10-24 17:03:34,208 - TdmApplication - DEBUG - FrontendConnectionHandler(id=140099193588048, session='2017-10-24T17_02_57_0').on_message({"content": ["", "Step ended"], "_sender": "TextOutputComponent", "_reason": null, "event_type": "SYSTEM_UTTERANCE_REALIZED"})
2017-10-24 17:03:34,243 - TdmApplication - DEBUG - FrontendConnectionHandler(id=140099193588048, session='2017-10-24T17_02_57_0').on_event(Event(FACTS, [{predicate: confirmation, grammar_entry: None, value: no}], sender=DmeModule, reason=None))
2017-10-24 17:03:34,243 - TdmApplication - DEBUG - FrontendConnectionHandler(id=140099193588048, session='2017-10-24T17_02_57_0'): writing {"content": [{"predicate": "confirmation", "grammar_entry": null, "value": "no"}], "_sender": "DmeModule", "_reason": null, "event_type": "FACTS"}
2017-10-24 17:03:34,243 - TdmApplication - DEBUG - FrontendConnectionHandler(id=140099193588048, session='2017-10-24T17_02_57_0'): OK
2017-10-24 17:03:40,164 - TdmApplication - DEBUG - FrontendConnectionHandler(id=140099193588048, session='2017-10-24T17_02_57_0').on_message({"content": [{"score": 1.0, "utterance": "go to next"}], "_sender": "TextInputComponent", "_reason": null, "event_type": "RECOGNITION"})
2017-10-24 17:03:40,168 - TdmApplication - DEBUG - FrontendConnectionHandler(id=140099193588048, session='2017-10-24T17_02_57_0').on_event(Event(FACTS, [{predicate: confirmation, grammar_entry: None, value: no}], sender=DmeModule, reason=None))
2017-10-24 17:03:40,168 - TdmApplication - DEBUG - FrontendConnectionHandler(id=140099193588048, session='2017-10-24T17_02_57_0'): writing {"content": [{"predicate": "confirmation", "grammar_entry": null, "value": "no"}], "_sender": "DmeModule", "_reason": null, "event_type": "FACTS"}
2017-10-24 17:03:40,169 - TdmApplication - DEBUG - FrontendConnectionHandler(id=140099193588048, session='2017-10-24T17_02_57_0'): OK
2017-10-24 17:03:40,179 - TdmApplication - DEBUG - FrontendConnectionHandler(id=140099193588048, session='2017-10-24T17_02_57_0').on_event(Event(STOP_SPEAKING, None, sender=TurnManager, reason=None))
2017-10-24 17:03:40,179 - TdmApplication - DEBUG - FrontendConnectionHandler(id=140099193588048, session='2017-10-24T17_02_57_0'): writing {"content": null, "_sender": "TurnManager", "_reason": null, "event_type": "STOP_SPEAKING"}
2017-10-24 17:03:40,179 - TdmApplication - DEBUG - FrontendConnectionHandler(id=140099193588048, session='2017-10-24T17_02_57_0'): OK
2017-10-24 17:03:40,180 - TdmApplication - DEBUG - FrontendConnectionHandler(id=140099193588048, session='2017-10-24T17_02_57_0').on_event(Event(SYSTEM_UTTERANCE_TO_SPEAK, [Are you done?], sender=GenerateModule, reason=None))
2017-10-24 17:03:40,180 - TdmApplication - DEBUG - FrontendConnectionHandler(id=140099193588048, session='2017-10-24T17_02_57_0'): writing {"content": ["Are you done?"], "_sender": "GenerateModule", "_reason": null, "event_type": "SYSTEM_UTTERANCE_TO_SPEAK"}
2017-10-24 17:03:40,180 - TdmApplication - DEBUG - FrontendConnectionHandler(id=140099193588048, session='2017-10-24T17_02_57_0'): OK
2017-10-24 17:03:40,181 - TdmApplication - DEBUG - FrontendConnectionHandler(id=140099193588048, session='2017-10-24T17_02_57_0').on_event(Event(MESSAGE_TO_GUI, [<tdm.tdm_gui_protocol.ClosePopup instance at 0x7f6b602cdbd8>], sender=GuiBackend, reason=None))
2017-10-24 17:03:40,181 - TdmApplication - DEBUG - FrontendConnectionHandler(id=140099193588048, session='2017-10-24T17_02_57_0'): writing {"content": [{"ClosePopup": {}}], "_sender": "GuiBackend", "_reason": null, "event_type": "MESSAGE_TO_GUI"}
2017-10-24 17:03:40,182 - TdmApplication - DEBUG - FrontendConnectionHandler(id=140099193588048, session='2017-10-24T17_02_57_0'): OK
2017-10-24 17:03:40,221 - TdmApplication - DEBUG - FrontendConnectionHandler(id=140099193588048, session='2017-10-24T17_02_57_0').on_message({"content": ["Are you done?"], "_sender": "TextOutputComponent", "_reason": null, "event_type": "SYSTEM_UTTERANCE_REALIZED"})
2017-10-24 17:03:40,243 - TdmApplication - DEBUG - FrontendConnectionHandler(id=140099193588048, session='2017-10-24T17_02_57_0').on_event(Event(FACTS, [{predicate: confirmation, grammar_entry: None, value: no}], sender=DmeModule, reason=None))
2017-10-24 17:03:40,243 - TdmApplication - DEBUG - FrontendConnectionHandler(id=140099193588048, session='2017-10-24T17_02_57_0'): writing {"content": [{"predicate": "confirmation", "grammar_entry": null, "value": "no"}], "_sender": "DmeModule", "_reason": null, "event_type": "FACTS"}
2017-10-24 17:03:40,243 - TdmApplication - DEBUG - FrontendConnectionHandler(id=140099193588048, session='2017-10-24T17_02_57_0'): OK
2017-10-24 17:03:40,355 - TdmApplication - DEBUG - FrontendConnectionHandler(id=140099193588048, session='2017-10-24T17_02_57_0').on_event(Event(SELECTED_RECOGNITION, go to next, sender=DmeModule, reason=None))
2017-10-24 17:03:40,355 - TdmApplication - DEBUG - FrontendConnectionHandler(id=140099193588048, session='2017-10-24T17_02_57_0'): writing {"content": "go to next", "_sender": "DmeModule", "_reason": null, "event_type": "SELECTED_RECOGNITION"}
2017-10-24 17:03:40,356 - TdmApplication - DEBUG - FrontendConnectionHandler(id=140099193588048, session='2017-10-24T17_02_57_0'): OK
2017-10-24 17:03:40,356 - TdmApplication - DEBUG - FrontendConnectionHandler(id=140099193588048, session='2017-10-24T17_02_57_0').on_event(Event(FACTS, [{predicate: confirmation, grammar_entry: None, value: no}], sender=DmeModule, reason=None))
2017-10-24 17:03:40,357 - TdmApplication - DEBUG - FrontendConnectionHandler(id=140099193588048, session='2017-10-24T17_02_57_0'): writing {"content": [{"predicate": "confirmation", "grammar_entry": null, "value": "no"}], "_sender": "DmeModule", "_reason": null, "event_type": "FACTS"}
2017-10-24 17:03:40,357 - TdmApplication - DEBUG - FrontendConnectionHandler(id=140099193588048, session='2017-10-24T17_02_57_0'): OK
2017-10-24 17:03:40,369 - TdmApplication - DEBUG - FrontendConnectionHandler(id=140099193588048, session='2017-10-24T17_02_57_0').on_event(Event(SYSTEM_UTTERANCE_TO_SPEAK, [, Step ended], sender=GenerateModule, reason=None))
2017-10-24 17:03:40,369 - TdmApplication - DEBUG - FrontendConnectionHandler(id=140099193588048, session='2017-10-24T17_02_57_0'): writing {"content": ["", "Step ended"], "_sender": "GenerateModule", "_reason": null, "event_type": "SYSTEM_UTTERANCE_TO_SPEAK"}
2017-10-24 17:03:40,369 - TdmApplication - DEBUG - FrontendConnectionHandler(id=140099193588048, session='2017-10-24T17_02_57_0'): OK
2017-10-24 17:03:40,371 - TdmApplication - DEBUG - FrontendConnectionHandler(id=140099193588048, session='2017-10-24T17_02_57_0').on_event(Event(GUI.POPUP, {options: [], title: Step ended}, sender=IndependentGuiBackend, reason=None))
2017-10-24 17:03:40,371 - TdmApplication - DEBUG - FrontendConnectionHandler(id=140099193588048, session='2017-10-24T17_02_57_0'): writing {"content": {"options": [], "title": "Step ended"}, "_sender": "IndependentGuiBackend", "_reason": null, "event_type": "GUI.POPUP"}
2017-10-24 17:03:40,371 - TdmApplication - DEBUG - FrontendConnectionHandler(id=140099193588048, session='2017-10-24T17_02_57_0'): OK
2017-10-24 17:03:40,372 - TdmApplication - DEBUG - FrontendConnectionHandler(id=140099193588048, session='2017-10-24T17_02_57_0').on_event(Event(MESSAGE_TO_GUI, [<tdm.tdm_gui_protocol.DeviceResult instance at 0x7f6b60363200>, <tdm.tdm_gui_protocol.Popup instance at 0x7f6b602cde60>], sender=GuiBackend, reason=None))
2017-10-24 17:03:40,372 - TdmApplication - DEBUG - FrontendConnectionHandler(id=140099193588048, session='2017-10-24T17_02_57_0'): writing {"content": [{"DeviceResult": {"action": "say_step", "result": true, "arguments": {}, "failure_reason": null}}, {"Popup": {"elements": [], "title": "Step ended"}}], "_sender": "GuiBackend", "_reason": null, "event_type": "MESSAGE_TO_GUI"}
2017-10-24 17:03:40,372 - TdmApplication - DEBUG - FrontendConnectionHandler(id=140099193588048, session='2017-10-24T17_02_57_0'): OK
2017-10-24 17:03:40,401 - TdmApplication - DEBUG - FrontendConnectionHandler(id=140099193588048, session='2017-10-24T17_02_57_0').on_message({"content": ["", "Step ended"], "_sender": "TextOutputComponent", "_reason": null, "event_type": "SYSTEM_UTTERANCE_REALIZED"})
2017-10-24 17:03:40,434 - TdmApplication - DEBUG - FrontendConnectionHandler(id=140099193588048, session='2017-10-24T17_02_57_0').on_event(Event(FACTS, [{predicate: confirmation, grammar_entry: None, value: no}], sender=DmeModule, reason=None))
2017-10-24 17:03:40,434 - TdmApplication - DEBUG - FrontendConnectionHandler(id=140099193588048, session='2017-10-24T17_02_57_0'): writing {"content": [{"predicate": "confirmation", "grammar_entry": null, "value": "no"}], "_sender": "DmeModule", "_reason": null, "event_type": "FACTS"}
2017-10-24 17:03:40,434 - TdmApplication - DEBUG - FrontendConnectionHandler(id=140099193588048, session='2017-10-24T17_02_57_0'): OK
2017-10-24 17:05:18,134 - TdmApplication - DEBUG - FrontendConnectionHandler(id=140099193588048, session='2017-10-24T17_02_57_0').on_close()
2017-10-24 17:05:18,135 - TdmApplication - DEBUG - SessionManager.stop('2017-10-24T17_02_57_0')
2017-10-24 17:05:18,137 - TdmApplication - DEBUG - TdmApplication.stop(): Stopping HTTP server
2017-10-24 17:05:18,137 - TdmApplication - DEBUG - TdmApplication.stop(): Stopping IO-loop
2017-10-24 17:05:18,138 - TdmApplication - DEBUG - TdmApplication.stop(): Stopping sessions []
2017-10-24 17:05:18,140 - TdmApplication - DEBUG - FrontendConnectionHandler(id=140099193588048, session='2017-10-24T17_02_57_0').on_event(Event(FACTS, [{predicate: confirmation, grammar_entry: None, value: no}], sender=DmeModule, reason=None))
2017-10-24 17:05:18,140 - TdmApplication - DEBUG - FrontendConnectionHandler(id=140099193588048, session='2017-10-24T17_02_57_0'): writing {"content": [{"predicate": "confirmation", "grammar_entry": null, "value": "no"}], "_sender": "DmeModule", "_reason": null, "event_type": "FACTS"}
2017-10-24 17:05:18,140 - TdmApplication - DEBUG - FrontendConnectionHandler(id=140099193588048, session='2017-10-24T17_02_57_0'): OK
