2017-10-24 11:15:00,233 - TdmApplication - DEBUG - DddDb().__init__(name='ddds', default_ddds=[u'recipehelp'])
2017-10-24 11:15:00,234 - TdmApplication - DEBUG - DddDb(): DB file name is '/home/gusmatssar/recipedialogue/tdm/ddds.json'
2017-10-24 11:15:00,242 - TdmApplication - DEBUG - FrontendConnectionHandler(id=140465866799440, session=None).open()
2017-10-24 11:15:00,247 - TdmApplication - DEBUG - thread_manager.create_thread() with threading.active_count()=3
2017-10-24 11:15:00,249 - TdmApplication - DEBUG - FrontendConnectionHandler(id=140465866799440, session=None).on_message({"handshake_content": {"session_id": null, "keep_session_alive": false}, "name": "Frontend"})
2017-10-24 11:15:00,249 - TdmApplication - DEBUG - thread_manager.create_thread() with threading.active_count()=4
2017-10-24 11:15:00,249 - TdmApplication - DEBUG - FrontendConnectionHandler(id=140465866799440, session=None)._register({"handshake_content": {"session_id": null, "keep_session_alive": false}, "name": "Frontend"})
2017-10-24 11:15:00,251 - TdmApplication - DEBUG - Creating backend and session with id 2017-10-24T11_15_00_0.
2017-10-24 11:15:00,296 - TdmApplication - DEBUG - FrontendConnectionHandler._register: Registered in session 2017-10-24T11_15_00_0 with backend <ThreadedBackend(ThreadedBackend, started daemon 140465621952256)>.
2017-10-24 11:15:00,298 - TdmApplication - DEBUG - FrontendConnectionHandler(id=140465866799440, session='2017-10-24T11_15_00_0').on_event(Event(REGISTER_BACKEND, None, sender=Backend, reason=None))
2017-10-24 11:15:00,298 - TdmApplication - DEBUG - FrontendConnectionHandler(id=140465866799440, session='2017-10-24T11_15_00_0'): writing {"content": null, "_sender": "Backend", "_reason": null, "event_type": "REGISTER_BACKEND"}
2017-10-24 11:15:00,298 - TdmApplication - DEBUG - FrontendConnectionHandler(id=140465866799440, session='2017-10-24T11_15_00_0'): OK
2017-10-24 11:15:00,326 - TdmApplication - DEBUG - FrontendConnectionHandler(id=140465866799440, session='2017-10-24T11_15_00_0').on_message({"content": null, "_sender": "Frontend", "_reason": null, "event_type": "FRONTEND_READY"})
2017-10-24 11:15:00,329 - TdmApplication - DEBUG - FrontendConnectionHandler(id=140465866799440, session='2017-10-24T11_15_00_0').on_event(Event(BACKEND_READY, None, sender=Backend, reason=None))
2017-10-24 11:15:00,329 - TdmApplication - DEBUG - FrontendConnectionHandler(id=140465866799440, session='2017-10-24T11_15_00_0'): writing {"content": null, "_sender": "Backend", "_reason": null, "event_type": "BACKEND_READY"}
2017-10-24 11:15:00,329 - TdmApplication - DEBUG - FrontendConnectionHandler(id=140465866799440, session='2017-10-24T11_15_00_0'): OK
2017-10-24 11:15:00,335 - TdmApplication - DEBUG - FrontendConnectionHandler(id=140465866799440, session='2017-10-24T11_15_00_0').on_message({"content": null, "_sender": "Frontend", "_reason": null, "event_type": "START"})
2017-10-24 11:15:00,416 - TdmApplication - DEBUG - FrontendConnectionHandler(id=140465866799440, session='2017-10-24T11_15_00_0').on_event(Event(SET_DDD, {ddd_name: recipehelp, language_code: eng}, sender=DmeModule, reason=None))
2017-10-24 11:15:00,416 - TdmApplication - DEBUG - FrontendConnectionHandler(id=140465866799440, session='2017-10-24T11_15_00_0'): writing {"content": {"ddd_name": "recipehelp", "language_code": "eng"}, "_sender": "DmeModule", "_reason": null, "event_type": "SET_DDD"}
2017-10-24 11:15:00,416 - TdmApplication - DEBUG - FrontendConnectionHandler(id=140465866799440, session='2017-10-24T11_15_00_0'): OK
2017-10-24 11:15:00,417 - TdmApplication - DEBUG - FrontendConnectionHandler(id=140465866799440, session='2017-10-24T11_15_00_0').on_event(Event(FACTS, [], sender=DmeModule, reason=None))
2017-10-24 11:15:00,419 - TdmApplication - DEBUG - FrontendConnectionHandler(id=140465866799440, session='2017-10-24T11_15_00_0'): writing {"content": [], "_sender": "DmeModule", "_reason": null, "event_type": "FACTS"}
2017-10-24 11:15:00,419 - TdmApplication - DEBUG - FrontendConnectionHandler(id=140465866799440, session='2017-10-24T11_15_00_0'): OK
2017-10-24 11:15:00,427 - TdmApplication - DEBUG - FrontendConnectionHandler(id=140465866799440, session='2017-10-24T11_15_00_0').on_event(Event(SYSTEM_UTTERANCE_TO_SPEAK, [, What would you like to do?], sender=GenerateModule, reason=None))
2017-10-24 11:15:00,427 - TdmApplication - DEBUG - FrontendConnectionHandler(id=140465866799440, session='2017-10-24T11_15_00_0'): writing {"content": ["", "What would you like to do?"], "_sender": "GenerateModule", "_reason": null, "event_type": "SYSTEM_UTTERANCE_TO_SPEAK"}
2017-10-24 11:15:00,427 - TdmApplication - DEBUG - FrontendConnectionHandler(id=140465866799440, session='2017-10-24T11_15_00_0'): OK
2017-10-24 11:15:00,428 - TdmApplication - DEBUG - FrontendConnectionHandler(id=140465866799440, session='2017-10-24T11_15_00_0').on_event(Event(MESSAGE_TO_GUI, [], sender=GuiBackend, reason=None))
2017-10-24 11:15:00,428 - TdmApplication - DEBUG - FrontendConnectionHandler(id=140465866799440, session='2017-10-24T11_15_00_0'): writing {"content": [], "_sender": "GuiBackend", "_reason": null, "event_type": "MESSAGE_TO_GUI"}
2017-10-24 11:15:00,428 - TdmApplication - DEBUG - FrontendConnectionHandler(id=140465866799440, session='2017-10-24T11_15_00_0'): OK
2017-10-24 11:15:00,468 - TdmApplication - DEBUG - FrontendConnectionHandler(id=140465866799440, session='2017-10-24T11_15_00_0').on_message({"content": ["", "What would you like to do?"], "_sender": "TextOutputComponent", "_reason": null, "event_type": "SYSTEM_UTTERANCE_REALIZED"})
2017-10-24 11:15:00,492 - TdmApplication - DEBUG - FrontendConnectionHandler(id=140465866799440, session='2017-10-24T11_15_00_0').on_event(Event(FACTS, [], sender=DmeModule, reason=None))
2017-10-24 11:15:00,492 - TdmApplication - DEBUG - FrontendConnectionHandler(id=140465866799440, session='2017-10-24T11_15_00_0'): writing {"content": [], "_sender": "DmeModule", "_reason": null, "event_type": "FACTS"}
2017-10-24 11:15:00,492 - TdmApplication - DEBUG - FrontendConnectionHandler(id=140465866799440, session='2017-10-24T11_15_00_0'): OK
2017-10-24 11:15:04,090 - TdmApplication - DEBUG - FrontendConnectionHandler(id=140465866799440, session='2017-10-24T11_15_00_0').on_message({"content": [{"score": 1.0, "utterance": ""}], "_sender": "TextInputComponent", "_reason": null, "event_type": "RECOGNITION"})
2017-10-24 11:15:04,101 - TdmApplication - DEBUG - FrontendConnectionHandler(id=140465866799440, session='2017-10-24T11_15_00_0').on_event(Event(STOP_LISTENING, None, sender=TurnManager, reason=None))
2017-10-24 11:15:04,101 - TdmApplication - DEBUG - FrontendConnectionHandler(id=140465866799440, session='2017-10-24T11_15_00_0'): writing {"content": null, "_sender": "TurnManager", "_reason": null, "event_type": "STOP_LISTENING"}
2017-10-24 11:15:04,101 - TdmApplication - DEBUG - FrontendConnectionHandler(id=140465866799440, session='2017-10-24T11_15_00_0'): OK
2017-10-24 11:15:04,145 - TdmApplication - DEBUG - FrontendConnectionHandler(id=140465866799440, session='2017-10-24T11_15_00_0').on_event(Event(FACTS, [], sender=DmeModule, reason=None))
2017-10-24 11:15:04,146 - TdmApplication - DEBUG - FrontendConnectionHandler(id=140465866799440, session='2017-10-24T11_15_00_0'): writing {"content": [], "_sender": "DmeModule", "_reason": null, "event_type": "FACTS"}
2017-10-24 11:15:04,146 - TdmApplication - DEBUG - FrontendConnectionHandler(id=140465866799440, session='2017-10-24T11_15_00_0'): OK
2017-10-24 11:15:04,156 - TdmApplication - DEBUG - FrontendConnectionHandler(id=140465866799440, session='2017-10-24T11_15_00_0').on_event(Event(SYSTEM_UTTERANCE_TO_SPEAK, [I heard you say., I don't understand., So,, What would you like to do?], sender=GenerateModule, reason=None))
2017-10-24 11:15:04,156 - TdmApplication - DEBUG - FrontendConnectionHandler(id=140465866799440, session='2017-10-24T11_15_00_0'): writing {"content": ["I heard you say.", "I don't understand.", "So,", "What would you like to do?"], "_sender": "GenerateModule", "_reason": null, "event_type": "SYSTEM_UTTERANCE_TO_SPEAK"}
2017-10-24 11:15:04,156 - TdmApplication - DEBUG - FrontendConnectionHandler(id=140465866799440, session='2017-10-24T11_15_00_0'): OK
2017-10-24 11:15:04,158 - TdmApplication - DEBUG - FrontendConnectionHandler(id=140465866799440, session='2017-10-24T11_15_00_0').on_event(Event(MESSAGE_TO_GUI, [], sender=GuiBackend, reason=None))
2017-10-24 11:15:04,158 - TdmApplication - DEBUG - FrontendConnectionHandler(id=140465866799440, session='2017-10-24T11_15_00_0'): writing {"content": [], "_sender": "GuiBackend", "_reason": null, "event_type": "MESSAGE_TO_GUI"}
2017-10-24 11:15:04,158 - TdmApplication - DEBUG - FrontendConnectionHandler(id=140465866799440, session='2017-10-24T11_15_00_0'): OK
2017-10-24 11:15:04,164 - TdmApplication - DEBUG - FrontendConnectionHandler(id=140465866799440, session='2017-10-24T11_15_00_0').on_message({"content": ["I heard you say.", "I don't understand.", "So,", "What would you like to do?"], "_sender": "TextOutputComponent", "_reason": null, "event_type": "SYSTEM_UTTERANCE_REALIZED"})
2017-10-24 11:15:04,196 - TdmApplication - DEBUG - FrontendConnectionHandler(id=140465866799440, session='2017-10-24T11_15_00_0').on_event(Event(FACTS, [], sender=DmeModule, reason=None))
2017-10-24 11:15:04,196 - TdmApplication - DEBUG - FrontendConnectionHandler(id=140465866799440, session='2017-10-24T11_15_00_0'): writing {"content": [], "_sender": "DmeModule", "_reason": null, "event_type": "FACTS"}
2017-10-24 11:15:04,196 - TdmApplication - DEBUG - FrontendConnectionHandler(id=140465866799440, session='2017-10-24T11_15_00_0'): OK
2017-10-24 11:15:09,709 - TdmApplication - DEBUG - FrontendConnectionHandler(id=140465866799440, session='2017-10-24T11_15_00_0').on_message({"content": [{"score": 1.0, "utterance": "tell me what to do"}], "_sender": "TextInputComponent", "_reason": null, "event_type": "RECOGNITION"})
2017-10-24 11:15:09,714 - TdmApplication - DEBUG - FrontendConnectionHandler(id=140465866799440, session='2017-10-24T11_15_00_0').on_event(Event(STOP_LISTENING, None, sender=TurnManager, reason=None))
2017-10-24 11:15:09,714 - TdmApplication - DEBUG - FrontendConnectionHandler(id=140465866799440, session='2017-10-24T11_15_00_0'): writing {"content": null, "_sender": "TurnManager", "_reason": null, "event_type": "STOP_LISTENING"}
2017-10-24 11:15:09,714 - TdmApplication - DEBUG - FrontendConnectionHandler(id=140465866799440, session='2017-10-24T11_15_00_0'): OK
2017-10-24 11:15:09,796 - TdmApplication - DEBUG - FrontendConnectionHandler(id=140465866799440, session='2017-10-24T11_15_00_0').on_event(Event(SELECTED_RECOGNITION, tell me what to do, sender=DmeModule, reason=None))
2017-10-24 11:15:09,796 - TdmApplication - DEBUG - FrontendConnectionHandler(id=140465866799440, session='2017-10-24T11_15_00_0'): writing {"content": "tell me what to do", "_sender": "DmeModule", "_reason": null, "event_type": "SELECTED_RECOGNITION"}
2017-10-24 11:15:09,796 - TdmApplication - DEBUG - FrontendConnectionHandler(id=140465866799440, session='2017-10-24T11_15_00_0'): OK
2017-10-24 11:15:09,797 - TdmApplication - DEBUG - FrontendConnectionHandler(id=140465866799440, session='2017-10-24T11_15_00_0').on_event(Event(FACTS, [{predicate: say_step, grammar_entry: None, value: 0}], sender=DmeModule, reason=None))
2017-10-24 11:15:09,797 - TdmApplication - DEBUG - FrontendConnectionHandler(id=140465866799440, session='2017-10-24T11_15_00_0'): writing {"content": [{"predicate": "say_step", "grammar_entry": null, "value": "0"}], "_sender": "DmeModule", "_reason": null, "event_type": "FACTS"}
2017-10-24 11:15:09,797 - TdmApplication - DEBUG - FrontendConnectionHandler(id=140465866799440, session='2017-10-24T11_15_00_0'): OK
2017-10-24 11:15:09,807 - TdmApplication - DEBUG - FrontendConnectionHandler(id=140465866799440, session='2017-10-24T11_15_00_0').on_event(Event(SYSTEM_UTTERANCE_TO_SPEAK, [Ok 0.], sender=GenerateModule, reason=None))
2017-10-24 11:15:09,807 - TdmApplication - DEBUG - FrontendConnectionHandler(id=140465866799440, session='2017-10-24T11_15_00_0'): writing {"content": ["Ok 0."], "_sender": "GenerateModule", "_reason": null, "event_type": "SYSTEM_UTTERANCE_TO_SPEAK"}
2017-10-24 11:15:09,807 - TdmApplication - DEBUG - FrontendConnectionHandler(id=140465866799440, session='2017-10-24T11_15_00_0'): OK
2017-10-24 11:15:09,808 - TdmApplication - DEBUG - FrontendConnectionHandler(id=140465866799440, session='2017-10-24T11_15_00_0').on_event(Event(GUI.POPUP, {options: [], title: Ok 0.}, sender=IndependentGuiBackend, reason=None))
2017-10-24 11:15:09,809 - TdmApplication - DEBUG - FrontendConnectionHandler(id=140465866799440, session='2017-10-24T11_15_00_0'): writing {"content": {"options": [], "title": "Ok 0."}, "_sender": "IndependentGuiBackend", "_reason": null, "event_type": "GUI.POPUP"}
2017-10-24 11:15:09,809 - TdmApplication - DEBUG - FrontendConnectionHandler(id=140465866799440, session='2017-10-24T11_15_00_0'): OK
2017-10-24 11:15:09,810 - TdmApplication - DEBUG - FrontendConnectionHandler(id=140465866799440, session='2017-10-24T11_15_00_0').on_event(Event(MESSAGE_TO_GUI, [<tdm.tdm_gui_protocol.Popup instance at 0x7fc0c022be18>], sender=GuiBackend, reason=None))
2017-10-24 11:15:09,810 - TdmApplication - DEBUG - FrontendConnectionHandler(id=140465866799440, session='2017-10-24T11_15_00_0'): writing {"content": [{"Popup": {"elements": [], "title": "Ok 0."}}], "_sender": "GuiBackend", "_reason": null, "event_type": "MESSAGE_TO_GUI"}
2017-10-24 11:15:09,810 - TdmApplication - DEBUG - FrontendConnectionHandler(id=140465866799440, session='2017-10-24T11_15_00_0'): OK
2017-10-24 11:15:09,822 - TdmApplication - DEBUG - FrontendConnectionHandler(id=140465866799440, session='2017-10-24T11_15_00_0').on_message({"content": ["Ok 0."], "_sender": "TextOutputComponent", "_reason": null, "event_type": "SYSTEM_UTTERANCE_REALIZED"})
2017-10-24 11:15:09,849 - TdmApplication - DEBUG - FrontendConnectionHandler(id=140465866799440, session='2017-10-24T11_15_00_0').on_event(Event(FACTS, [{predicate: say_step, grammar_entry: None, value: 0}], sender=DmeModule, reason=None))
2017-10-24 11:15:09,849 - TdmApplication - DEBUG - FrontendConnectionHandler(id=140465866799440, session='2017-10-24T11_15_00_0'): writing {"content": [{"predicate": "say_step", "grammar_entry": null, "value": "0"}], "_sender": "DmeModule", "_reason": null, "event_type": "FACTS"}
2017-10-24 11:15:09,849 - TdmApplication - DEBUG - FrontendConnectionHandler(id=140465866799440, session='2017-10-24T11_15_00_0'): OK
2017-10-24 11:15:14,520 - TdmApplication - DEBUG - FrontendConnectionHandler(id=140465866799440, session='2017-10-24T11_15_00_0').on_message({"content": [{"score": 1.0, "utterance": "go to next"}], "_sender": "TextInputComponent", "_reason": null, "event_type": "RECOGNITION"})
2017-10-24 11:15:14,525 - TdmApplication - DEBUG - FrontendConnectionHandler(id=140465866799440, session='2017-10-24T11_15_00_0').on_event(Event(FACTS, [], sender=DmeModule, reason=None))
2017-10-24 11:15:14,525 - TdmApplication - DEBUG - FrontendConnectionHandler(id=140465866799440, session='2017-10-24T11_15_00_0'): writing {"content": [], "_sender": "DmeModule", "_reason": null, "event_type": "FACTS"}
2017-10-24 11:15:14,525 - TdmApplication - DEBUG - FrontendConnectionHandler(id=140465866799440, session='2017-10-24T11_15_00_0'): OK
2017-10-24 11:15:14,537 - TdmApplication - DEBUG - FrontendConnectionHandler(id=140465866799440, session='2017-10-24T11_15_00_0').on_event(Event(STOP_SPEAKING, None, sender=TurnManager, reason=None))
2017-10-24 11:15:14,537 - TdmApplication - DEBUG - FrontendConnectionHandler(id=140465866799440, session='2017-10-24T11_15_00_0'): writing {"content": null, "_sender": "TurnManager", "_reason": null, "event_type": "STOP_SPEAKING"}
2017-10-24 11:15:14,537 - TdmApplication - DEBUG - FrontendConnectionHandler(id=140465866799440, session='2017-10-24T11_15_00_0'): OK
2017-10-24 11:15:14,538 - TdmApplication - DEBUG - FrontendConnectionHandler(id=140465866799440, session='2017-10-24T11_15_00_0').on_event(Event(SYSTEM_UTTERANCE_TO_SPEAK, [Returning to the start view., What would you like to do?], sender=GenerateModule, reason=None))
2017-10-24 11:15:14,538 - TdmApplication - DEBUG - FrontendConnectionHandler(id=140465866799440, session='2017-10-24T11_15_00_0'): writing {"content": ["Returning to the start view.", "What would you like to do?"], "_sender": "GenerateModule", "_reason": null, "event_type": "SYSTEM_UTTERANCE_TO_SPEAK"}
2017-10-24 11:15:14,539 - TdmApplication - DEBUG - FrontendConnectionHandler(id=140465866799440, session='2017-10-24T11_15_00_0'): OK
2017-10-24 11:15:14,540 - TdmApplication - DEBUG - FrontendConnectionHandler(id=140465866799440, session='2017-10-24T11_15_00_0').on_event(Event(MESSAGE_TO_GUI, [<tdm.tdm_gui_protocol.ClosePopup instance at 0x7fc0c0272830>], sender=GuiBackend, reason=None))
2017-10-24 11:15:14,540 - TdmApplication - DEBUG - FrontendConnectionHandler(id=140465866799440, session='2017-10-24T11_15_00_0'): writing {"content": [{"ClosePopup": {}}], "_sender": "GuiBackend", "_reason": null, "event_type": "MESSAGE_TO_GUI"}
2017-10-24 11:15:14,540 - TdmApplication - DEBUG - FrontendConnectionHandler(id=140465866799440, session='2017-10-24T11_15_00_0'): OK
2017-10-24 11:15:14,545 - TdmApplication - DEBUG - FrontendConnectionHandler(id=140465866799440, session='2017-10-24T11_15_00_0').on_message({"content": ["Returning to the start view.", "What would you like to do?"], "_sender": "TextOutputComponent", "_reason": null, "event_type": "SYSTEM_UTTERANCE_REALIZED"})
2017-10-24 11:15:14,570 - TdmApplication - DEBUG - FrontendConnectionHandler(id=140465866799440, session='2017-10-24T11_15_00_0').on_event(Event(FACTS, [], sender=DmeModule, reason=None))
2017-10-24 11:15:14,570 - TdmApplication - DEBUG - FrontendConnectionHandler(id=140465866799440, session='2017-10-24T11_15_00_0'): writing {"content": [], "_sender": "DmeModule", "_reason": null, "event_type": "FACTS"}
2017-10-24 11:15:14,570 - TdmApplication - DEBUG - FrontendConnectionHandler(id=140465866799440, session='2017-10-24T11_15_00_0'): OK
2017-10-24 11:15:14,638 - TdmApplication - DEBUG - FrontendConnectionHandler(id=140465866799440, session='2017-10-24T11_15_00_0').on_event(Event(SELECTED_RECOGNITION, go to next, sender=DmeModule, reason=None))
2017-10-24 11:15:14,638 - TdmApplication - DEBUG - FrontendConnectionHandler(id=140465866799440, session='2017-10-24T11_15_00_0'): writing {"content": "go to next", "_sender": "DmeModule", "_reason": null, "event_type": "SELECTED_RECOGNITION"}
2017-10-24 11:15:14,638 - TdmApplication - DEBUG - FrontendConnectionHandler(id=140465866799440, session='2017-10-24T11_15_00_0'): OK
2017-10-24 11:15:14,639 - TdmApplication - DEBUG - FrontendConnectionHandler(id=140465866799440, session='2017-10-24T11_15_00_0').on_event(Event(FACTS, [], sender=DmeModule, reason=None))
2017-10-24 11:15:14,639 - TdmApplication - DEBUG - FrontendConnectionHandler(id=140465866799440, session='2017-10-24T11_15_00_0'): writing {"content": [], "_sender": "DmeModule", "_reason": null, "event_type": "FACTS"}
2017-10-24 11:15:14,639 - TdmApplication - DEBUG - FrontendConnectionHandler(id=140465866799440, session='2017-10-24T11_15_00_0'): OK
2017-10-24 11:15:14,648 - TdmApplication - DEBUG - FrontendConnectionHandler(id=140465866799440, session='2017-10-24T11_15_00_0').on_event(Event(SYSTEM_UTTERANCE_TO_SPEAK, [, Went to next], sender=GenerateModule, reason=None))
2017-10-24 11:15:14,648 - TdmApplication - DEBUG - FrontendConnectionHandler(id=140465866799440, session='2017-10-24T11_15_00_0'): writing {"content": ["", "Went to next"], "_sender": "GenerateModule", "_reason": null, "event_type": "SYSTEM_UTTERANCE_TO_SPEAK"}
2017-10-24 11:15:14,649 - TdmApplication - DEBUG - FrontendConnectionHandler(id=140465866799440, session='2017-10-24T11_15_00_0'): OK
2017-10-24 11:15:14,650 - TdmApplication - DEBUG - FrontendConnectionHandler(id=140465866799440, session='2017-10-24T11_15_00_0').on_event(Event(GUI.POPUP, {options: [], title: Went to next}, sender=IndependentGuiBackend, reason=None))
2017-10-24 11:15:14,650 - TdmApplication - DEBUG - FrontendConnectionHandler(id=140465866799440, session='2017-10-24T11_15_00_0'): writing {"content": {"options": [], "title": "Went to next"}, "_sender": "IndependentGuiBackend", "_reason": null, "event_type": "GUI.POPUP"}
2017-10-24 11:15:14,650 - TdmApplication - DEBUG - FrontendConnectionHandler(id=140465866799440, session='2017-10-24T11_15_00_0'): OK
2017-10-24 11:15:14,651 - TdmApplication - DEBUG - FrontendConnectionHandler(id=140465866799440, session='2017-10-24T11_15_00_0').on_event(Event(MESSAGE_TO_GUI, [<tdm.tdm_gui_protocol.DeviceResult instance at 0x7fc0c0296a70>, <tdm.tdm_gui_protocol.Popup instance at 0x7fc0c027e680>], sender=GuiBackend, reason=None))
2017-10-24 11:15:14,651 - TdmApplication - DEBUG - FrontendConnectionHandler(id=140465866799440, session='2017-10-24T11_15_00_0'): writing {"content": [{"DeviceResult": {"action": "go_to_next", "result": true, "arguments": {}, "failure_reason": null}}, {"Popup": {"elements": [], "title": "Went to next"}}], "_sender": "GuiBackend", "_reason": null, "event_type": "MESSAGE_TO_GUI"}
2017-10-24 11:15:14,651 - TdmApplication - DEBUG - FrontendConnectionHandler(id=140465866799440, session='2017-10-24T11_15_00_0'): OK
2017-10-24 11:15:14,665 - TdmApplication - DEBUG - FrontendConnectionHandler(id=140465866799440, session='2017-10-24T11_15_00_0').on_message({"content": ["", "Went to next"], "_sender": "TextOutputComponent", "_reason": null, "event_type": "SYSTEM_UTTERANCE_REALIZED"})
2017-10-24 11:15:14,727 - TdmApplication - DEBUG - FrontendConnectionHandler(id=140465866799440, session='2017-10-24T11_15_00_0').on_event(Event(FACTS, [{predicate: say_step, grammar_entry: None, value:  Step one: Chop onions and garlic.}], sender=DmeModule, reason=None))
2017-10-24 11:15:14,727 - TdmApplication - DEBUG - FrontendConnectionHandler(id=140465866799440, session='2017-10-24T11_15_00_0'): writing {"content": [{"predicate": "say_step", "grammar_entry": null, "value": " Step one: Chop onions and garlic."}], "_sender": "DmeModule", "_reason": null, "event_type": "FACTS"}
2017-10-24 11:15:14,727 - TdmApplication - DEBUG - FrontendConnectionHandler(id=140465866799440, session='2017-10-24T11_15_00_0'): OK
2017-10-24 11:15:14,737 - TdmApplication - DEBUG - FrontendConnectionHandler(id=140465866799440, session='2017-10-24T11_15_00_0').on_event(Event(SYSTEM_UTTERANCE_TO_SPEAK, [Ok  Step one: Chop onions and garlic..], sender=GenerateModule, reason=None))
2017-10-24 11:15:14,737 - TdmApplication - DEBUG - FrontendConnectionHandler(id=140465866799440, session='2017-10-24T11_15_00_0'): writing {"content": ["Ok  Step one: Chop onions and garlic.."], "_sender": "GenerateModule", "_reason": null, "event_type": "SYSTEM_UTTERANCE_TO_SPEAK"}
2017-10-24 11:15:14,737 - TdmApplication - DEBUG - FrontendConnectionHandler(id=140465866799440, session='2017-10-24T11_15_00_0'): OK
2017-10-24 11:15:14,738 - TdmApplication - DEBUG - FrontendConnectionHandler(id=140465866799440, session='2017-10-24T11_15_00_0').on_event(Event(GUI.POPUP, {options: [], title: Ok  Step one: Chop onions and garlic..}, sender=IndependentGuiBackend, reason=None))
2017-10-24 11:15:14,739 - TdmApplication - DEBUG - FrontendConnectionHandler(id=140465866799440, session='2017-10-24T11_15_00_0'): writing {"content": {"options": [], "title": "Ok  Step one: Chop onions and garlic.."}, "_sender": "IndependentGuiBackend", "_reason": null, "event_type": "GUI.POPUP"}
2017-10-24 11:15:14,739 - TdmApplication - DEBUG - FrontendConnectionHandler(id=140465866799440, session='2017-10-24T11_15_00_0'): OK
2017-10-24 11:15:14,739 - TdmApplication - DEBUG - FrontendConnectionHandler(id=140465866799440, session='2017-10-24T11_15_00_0').on_event(Event(MESSAGE_TO_GUI, [<tdm.tdm_gui_protocol.ClosePopup instance at 0x7fc0c022b2d8>, <tdm.tdm_gui_protocol.Popup instance at 0x7fc0c022ba70>], sender=GuiBackend, reason=None))
2017-10-24 11:15:14,740 - TdmApplication - DEBUG - FrontendConnectionHandler(id=140465866799440, session='2017-10-24T11_15_00_0'): writing {"content": [{"ClosePopup": {}}, {"Popup": {"elements": [], "title": "Ok  Step one: Chop onions and garlic.."}}], "_sender": "GuiBackend", "_reason": null, "event_type": "MESSAGE_TO_GUI"}
2017-10-24 11:15:14,740 - TdmApplication - DEBUG - FrontendConnectionHandler(id=140465866799440, session='2017-10-24T11_15_00_0'): OK
2017-10-24 11:15:14,782 - TdmApplication - DEBUG - FrontendConnectionHandler(id=140465866799440, session='2017-10-24T11_15_00_0').on_message({"content": ["Ok  Step one: Chop onions and garlic.."], "_sender": "TextOutputComponent", "_reason": null, "event_type": "SYSTEM_UTTERANCE_REALIZED"})
2017-10-24 11:15:14,807 - TdmApplication - DEBUG - FrontendConnectionHandler(id=140465866799440, session='2017-10-24T11_15_00_0').on_event(Event(FACTS, [{predicate: say_step, grammar_entry: None, value:  Step one: Chop onions and garlic.}], sender=DmeModule, reason=None))
2017-10-24 11:15:14,807 - TdmApplication - DEBUG - FrontendConnectionHandler(id=140465866799440, session='2017-10-24T11_15_00_0'): writing {"content": [{"predicate": "say_step", "grammar_entry": null, "value": " Step one: Chop onions and garlic."}], "_sender": "DmeModule", "_reason": null, "event_type": "FACTS"}
2017-10-24 11:15:14,807 - TdmApplication - DEBUG - FrontendConnectionHandler(id=140465866799440, session='2017-10-24T11_15_00_0'): OK
2017-10-24 11:15:20,953 - TdmApplication - DEBUG - FrontendConnectionHandler(id=140465866799440, session='2017-10-24T11_15_00_0').on_message({"content": [{"score": 1.0, "utterance": "next"}], "_sender": "TextInputComponent", "_reason": null, "event_type": "RECOGNITION"})
2017-10-24 11:15:20,960 - TdmApplication - DEBUG - FrontendConnectionHandler(id=140465866799440, session='2017-10-24T11_15_00_0').on_event(Event(FACTS, [], sender=DmeModule, reason=None))
2017-10-24 11:15:20,961 - TdmApplication - DEBUG - FrontendConnectionHandler(id=140465866799440, session='2017-10-24T11_15_00_0'): writing {"content": [], "_sender": "DmeModule", "_reason": null, "event_type": "FACTS"}
2017-10-24 11:15:20,961 - TdmApplication - DEBUG - FrontendConnectionHandler(id=140465866799440, session='2017-10-24T11_15_00_0'): OK
2017-10-24 11:15:20,970 - TdmApplication - DEBUG - FrontendConnectionHandler(id=140465866799440, session='2017-10-24T11_15_00_0').on_event(Event(STOP_SPEAKING, None, sender=TurnManager, reason=None))
2017-10-24 11:15:20,970 - TdmApplication - DEBUG - FrontendConnectionHandler(id=140465866799440, session='2017-10-24T11_15_00_0'): writing {"content": null, "_sender": "TurnManager", "_reason": null, "event_type": "STOP_SPEAKING"}
2017-10-24 11:15:20,970 - TdmApplication - DEBUG - FrontendConnectionHandler(id=140465866799440, session='2017-10-24T11_15_00_0'): OK
2017-10-24 11:15:20,971 - TdmApplication - DEBUG - FrontendConnectionHandler(id=140465866799440, session='2017-10-24T11_15_00_0').on_event(Event(SYSTEM_UTTERANCE_TO_SPEAK, [Returning to the start view., What would you like to do?], sender=GenerateModule, reason=None))
2017-10-24 11:15:20,971 - TdmApplication - DEBUG - FrontendConnectionHandler(id=140465866799440, session='2017-10-24T11_15_00_0'): writing {"content": ["Returning to the start view.", "What would you like to do?"], "_sender": "GenerateModule", "_reason": null, "event_type": "SYSTEM_UTTERANCE_TO_SPEAK"}
2017-10-24 11:15:20,971 - TdmApplication - DEBUG - FrontendConnectionHandler(id=140465866799440, session='2017-10-24T11_15_00_0'): OK
2017-10-24 11:15:20,972 - TdmApplication - DEBUG - FrontendConnectionHandler(id=140465866799440, session='2017-10-24T11_15_00_0').on_event(Event(MESSAGE_TO_GUI, [<tdm.tdm_gui_protocol.ClosePopup instance at 0x7fc0c0252bd8>], sender=GuiBackend, reason=None))
2017-10-24 11:15:20,972 - TdmApplication - DEBUG - FrontendConnectionHandler(id=140465866799440, session='2017-10-24T11_15_00_0'): writing {"content": [{"ClosePopup": {}}], "_sender": "GuiBackend", "_reason": null, "event_type": "MESSAGE_TO_GUI"}
2017-10-24 11:15:20,973 - TdmApplication - DEBUG - FrontendConnectionHandler(id=140465866799440, session='2017-10-24T11_15_00_0'): OK
2017-10-24 11:15:20,991 - TdmApplication - DEBUG - FrontendConnectionHandler(id=140465866799440, session='2017-10-24T11_15_00_0').on_message({"content": ["Returning to the start view.", "What would you like to do?"], "_sender": "TextOutputComponent", "_reason": null, "event_type": "SYSTEM_UTTERANCE_REALIZED"})
2017-10-24 11:15:21,014 - TdmApplication - DEBUG - FrontendConnectionHandler(id=140465866799440, session='2017-10-24T11_15_00_0').on_event(Event(FACTS, [], sender=DmeModule, reason=None))
2017-10-24 11:15:21,014 - TdmApplication - DEBUG - FrontendConnectionHandler(id=140465866799440, session='2017-10-24T11_15_00_0'): writing {"content": [], "_sender": "DmeModule", "_reason": null, "event_type": "FACTS"}
2017-10-24 11:15:21,014 - TdmApplication - DEBUG - FrontendConnectionHandler(id=140465866799440, session='2017-10-24T11_15_00_0'): OK
2017-10-24 11:15:21,042 - TdmApplication - DEBUG - FrontendConnectionHandler(id=140465866799440, session='2017-10-24T11_15_00_0').on_event(Event(FACTS, [], sender=DmeModule, reason=None))
2017-10-24 11:15:21,042 - TdmApplication - DEBUG - FrontendConnectionHandler(id=140465866799440, session='2017-10-24T11_15_00_0'): writing {"content": [], "_sender": "DmeModule", "_reason": null, "event_type": "FACTS"}
2017-10-24 11:15:21,043 - TdmApplication - DEBUG - FrontendConnectionHandler(id=140465866799440, session='2017-10-24T11_15_00_0'): OK
2017-10-24 11:15:21,050 - TdmApplication - DEBUG - FrontendConnectionHandler(id=140465866799440, session='2017-10-24T11_15_00_0').on_event(Event(SYSTEM_UTTERANCE_TO_SPEAK, [I heard you say next., I don't understand.], sender=GenerateModule, reason=None))
2017-10-24 11:15:21,050 - TdmApplication - DEBUG - FrontendConnectionHandler(id=140465866799440, session='2017-10-24T11_15_00_0'): writing {"content": ["I heard you say next.", "I don't understand."], "_sender": "GenerateModule", "_reason": null, "event_type": "SYSTEM_UTTERANCE_TO_SPEAK"}
2017-10-24 11:15:21,051 - TdmApplication - DEBUG - FrontendConnectionHandler(id=140465866799440, session='2017-10-24T11_15_00_0'): OK
2017-10-24 11:15:21,051 - TdmApplication - DEBUG - FrontendConnectionHandler(id=140465866799440, session='2017-10-24T11_15_00_0').on_event(Event(MESSAGE_TO_GUI, [], sender=GuiBackend, reason=None))
2017-10-24 11:15:21,051 - TdmApplication - DEBUG - FrontendConnectionHandler(id=140465866799440, session='2017-10-24T11_15_00_0'): writing {"content": [], "_sender": "GuiBackend", "_reason": null, "event_type": "MESSAGE_TO_GUI"}
2017-10-24 11:15:21,052 - TdmApplication - DEBUG - FrontendConnectionHandler(id=140465866799440, session='2017-10-24T11_15_00_0'): OK
2017-10-24 11:15:21,068 - TdmApplication - DEBUG - FrontendConnectionHandler(id=140465866799440, session='2017-10-24T11_15_00_0').on_message({"content": ["I heard you say next.", "I don't understand."], "_sender": "TextOutputComponent", "_reason": null, "event_type": "SYSTEM_UTTERANCE_REALIZED"})
2017-10-24 11:15:21,089 - TdmApplication - DEBUG - FrontendConnectionHandler(id=140465866799440, session='2017-10-24T11_15_00_0').on_event(Event(FACTS, [], sender=DmeModule, reason=None))
2017-10-24 11:15:21,089 - TdmApplication - DEBUG - FrontendConnectionHandler(id=140465866799440, session='2017-10-24T11_15_00_0'): writing {"content": [], "_sender": "DmeModule", "_reason": null, "event_type": "FACTS"}
2017-10-24 11:15:21,089 - TdmApplication - DEBUG - FrontendConnectionHandler(id=140465866799440, session='2017-10-24T11_15_00_0'): OK
2017-10-24 11:15:23,023 - TdmApplication - DEBUG - FrontendConnectionHandler(id=140465866799440, session='2017-10-24T11_15_00_0').on_message({"content": [{"score": 1.0, "utterance": "done"}], "_sender": "TextInputComponent", "_reason": null, "event_type": "RECOGNITION"})
2017-10-24 11:15:23,030 - TdmApplication - DEBUG - FrontendConnectionHandler(id=140465866799440, session='2017-10-24T11_15_00_0').on_event(Event(STOP_LISTENING, None, sender=TurnManager, reason=None))
2017-10-24 11:15:23,030 - TdmApplication - DEBUG - FrontendConnectionHandler(id=140465866799440, session='2017-10-24T11_15_00_0'): writing {"content": null, "_sender": "TurnManager", "_reason": null, "event_type": "STOP_LISTENING"}
2017-10-24 11:15:23,030 - TdmApplication - DEBUG - FrontendConnectionHandler(id=140465866799440, session='2017-10-24T11_15_00_0'): OK
2017-10-24 11:15:23,051 - TdmApplication - DEBUG - FrontendConnectionHandler(id=140465866799440, session='2017-10-24T11_15_00_0').on_event(Event(FACTS, [], sender=DmeModule, reason=None))
2017-10-24 11:15:23,051 - TdmApplication - DEBUG - FrontendConnectionHandler(id=140465866799440, session='2017-10-24T11_15_00_0'): writing {"content": [], "_sender": "DmeModule", "_reason": null, "event_type": "FACTS"}
2017-10-24 11:15:23,051 - TdmApplication - DEBUG - FrontendConnectionHandler(id=140465866799440, session='2017-10-24T11_15_00_0'): OK
2017-10-24 11:15:23,058 - TdmApplication - DEBUG - FrontendConnectionHandler(id=140465866799440, session='2017-10-24T11_15_00_0').on_event(Event(SYSTEM_UTTERANCE_TO_SPEAK, [I heard you say done., I don't understand.], sender=GenerateModule, reason=None))
2017-10-24 11:15:23,058 - TdmApplication - DEBUG - FrontendConnectionHandler(id=140465866799440, session='2017-10-24T11_15_00_0'): writing {"content": ["I heard you say done.", "I don't understand."], "_sender": "GenerateModule", "_reason": null, "event_type": "SYSTEM_UTTERANCE_TO_SPEAK"}
2017-10-24 11:15:23,058 - TdmApplication - DEBUG - FrontendConnectionHandler(id=140465866799440, session='2017-10-24T11_15_00_0'): OK
2017-10-24 11:15:23,060 - TdmApplication - DEBUG - FrontendConnectionHandler(id=140465866799440, session='2017-10-24T11_15_00_0').on_event(Event(MESSAGE_TO_GUI, [], sender=GuiBackend, reason=None))
2017-10-24 11:15:23,060 - TdmApplication - DEBUG - FrontendConnectionHandler(id=140465866799440, session='2017-10-24T11_15_00_0'): writing {"content": [], "_sender": "GuiBackend", "_reason": null, "event_type": "MESSAGE_TO_GUI"}
2017-10-24 11:15:23,060 - TdmApplication - DEBUG - FrontendConnectionHandler(id=140465866799440, session='2017-10-24T11_15_00_0'): OK
2017-10-24 11:15:23,070 - TdmApplication - DEBUG - FrontendConnectionHandler(id=140465866799440, session='2017-10-24T11_15_00_0').on_message({"content": ["I heard you say done.", "I don't understand."], "_sender": "TextOutputComponent", "_reason": null, "event_type": "SYSTEM_UTTERANCE_REALIZED"})
2017-10-24 11:15:23,092 - TdmApplication - DEBUG - FrontendConnectionHandler(id=140465866799440, session='2017-10-24T11_15_00_0').on_event(Event(FACTS, [], sender=DmeModule, reason=None))
2017-10-24 11:15:23,092 - TdmApplication - DEBUG - FrontendConnectionHandler(id=140465866799440, session='2017-10-24T11_15_00_0'): writing {"content": [], "_sender": "DmeModule", "_reason": null, "event_type": "FACTS"}
2017-10-24 11:15:23,092 - TdmApplication - DEBUG - FrontendConnectionHandler(id=140465866799440, session='2017-10-24T11_15_00_0'): OK
2017-10-24 11:15:25,707 - TdmApplication - DEBUG - FrontendConnectionHandler(id=140465866799440, session='2017-10-24T11_15_00_0').on_message({"content": [{"score": 1.0, "utterance": "go to next"}], "_sender": "TextInputComponent", "_reason": null, "event_type": "RECOGNITION"})
2017-10-24 11:15:25,711 - TdmApplication - DEBUG - FrontendConnectionHandler(id=140465866799440, session='2017-10-24T11_15_00_0').on_event(Event(STOP_LISTENING, None, sender=TurnManager, reason=None))
2017-10-24 11:15:25,711 - TdmApplication - DEBUG - FrontendConnectionHandler(id=140465866799440, session='2017-10-24T11_15_00_0'): writing {"content": null, "_sender": "TurnManager", "_reason": null, "event_type": "STOP_LISTENING"}
2017-10-24 11:15:25,711 - TdmApplication - DEBUG - FrontendConnectionHandler(id=140465866799440, session='2017-10-24T11_15_00_0'): OK
2017-10-24 11:15:25,767 - TdmApplication - DEBUG - FrontendConnectionHandler(id=140465866799440, session='2017-10-24T11_15_00_0').on_event(Event(SELECTED_RECOGNITION, go to next, sender=DmeModule, reason=None))
2017-10-24 11:15:25,768 - TdmApplication - DEBUG - FrontendConnectionHandler(id=140465866799440, session='2017-10-24T11_15_00_0'): writing {"content": "go to next", "_sender": "DmeModule", "_reason": null, "event_type": "SELECTED_RECOGNITION"}
2017-10-24 11:15:25,768 - TdmApplication - DEBUG - FrontendConnectionHandler(id=140465866799440, session='2017-10-24T11_15_00_0'): OK
2017-10-24 11:15:25,769 - TdmApplication - DEBUG - FrontendConnectionHandler(id=140465866799440, session='2017-10-24T11_15_00_0').on_event(Event(FACTS, [], sender=DmeModule, reason=None))
2017-10-24 11:15:25,770 - TdmApplication - DEBUG - FrontendConnectionHandler(id=140465866799440, session='2017-10-24T11_15_00_0'): writing {"content": [], "_sender": "DmeModule", "_reason": null, "event_type": "FACTS"}
2017-10-24 11:15:25,770 - TdmApplication - DEBUG - FrontendConnectionHandler(id=140465866799440, session='2017-10-24T11_15_00_0'): OK
2017-10-24 11:15:25,782 - TdmApplication - DEBUG - FrontendConnectionHandler(id=140465866799440, session='2017-10-24T11_15_00_0').on_event(Event(SYSTEM_UTTERANCE_TO_SPEAK, [, Went to next], sender=GenerateModule, reason=None))
2017-10-24 11:15:25,782 - TdmApplication - DEBUG - FrontendConnectionHandler(id=140465866799440, session='2017-10-24T11_15_00_0'): writing {"content": ["", "Went to next"], "_sender": "GenerateModule", "_reason": null, "event_type": "SYSTEM_UTTERANCE_TO_SPEAK"}
2017-10-24 11:15:25,782 - TdmApplication - DEBUG - FrontendConnectionHandler(id=140465866799440, session='2017-10-24T11_15_00_0'): OK
2017-10-24 11:15:25,783 - TdmApplication - DEBUG - FrontendConnectionHandler(id=140465866799440, session='2017-10-24T11_15_00_0').on_event(Event(GUI.POPUP, {options: [], title: Went to next}, sender=IndependentGuiBackend, reason=None))
2017-10-24 11:15:25,783 - TdmApplication - DEBUG - FrontendConnectionHandler(id=140465866799440, session='2017-10-24T11_15_00_0'): writing {"content": {"options": [], "title": "Went to next"}, "_sender": "IndependentGuiBackend", "_reason": null, "event_type": "GUI.POPUP"}
2017-10-24 11:15:25,783 - TdmApplication - DEBUG - FrontendConnectionHandler(id=140465866799440, session='2017-10-24T11_15_00_0'): OK
2017-10-24 11:15:25,785 - TdmApplication - DEBUG - FrontendConnectionHandler(id=140465866799440, session='2017-10-24T11_15_00_0').on_event(Event(MESSAGE_TO_GUI, [<tdm.tdm_gui_protocol.DeviceResult instance at 0x7fc0c027bd40>, <tdm.tdm_gui_protocol.Popup instance at 0x7fc0c0252170>], sender=GuiBackend, reason=None))
2017-10-24 11:15:25,785 - TdmApplication - DEBUG - FrontendConnectionHandler(id=140465866799440, session='2017-10-24T11_15_00_0'): writing {"content": [{"DeviceResult": {"action": "go_to_next", "result": true, "arguments": {}, "failure_reason": null}}, {"Popup": {"elements": [], "title": "Went to next"}}], "_sender": "GuiBackend", "_reason": null, "event_type": "MESSAGE_TO_GUI"}
2017-10-24 11:15:25,786 - TdmApplication - DEBUG - FrontendConnectionHandler(id=140465866799440, session='2017-10-24T11_15_00_0'): OK
2017-10-24 11:15:25,788 - TdmApplication - DEBUG - FrontendConnectionHandler(id=140465866799440, session='2017-10-24T11_15_00_0').on_message({"content": ["", "Went to next"], "_sender": "TextOutputComponent", "_reason": null, "event_type": "SYSTEM_UTTERANCE_REALIZED"})
2017-10-24 11:15:25,845 - TdmApplication - DEBUG - FrontendConnectionHandler(id=140465866799440, session='2017-10-24T11_15_00_0').on_event(Event(FACTS, [{predicate: say_step, grammar_entry: None, value: other example}], sender=DmeModule, reason=None))
2017-10-24 11:15:25,846 - TdmApplication - DEBUG - FrontendConnectionHandler(id=140465866799440, session='2017-10-24T11_15_00_0'): writing {"content": [{"predicate": "say_step", "grammar_entry": null, "value": "other example"}], "_sender": "DmeModule", "_reason": null, "event_type": "FACTS"}
2017-10-24 11:15:25,846 - TdmApplication - DEBUG - FrontendConnectionHandler(id=140465866799440, session='2017-10-24T11_15_00_0'): OK
2017-10-24 11:15:25,855 - TdmApplication - DEBUG - FrontendConnectionHandler(id=140465866799440, session='2017-10-24T11_15_00_0').on_event(Event(SYSTEM_UTTERANCE_TO_SPEAK, [Ok other example.], sender=GenerateModule, reason=None))
2017-10-24 11:15:25,856 - TdmApplication - DEBUG - FrontendConnectionHandler(id=140465866799440, session='2017-10-24T11_15_00_0'): writing {"content": ["Ok other example."], "_sender": "GenerateModule", "_reason": null, "event_type": "SYSTEM_UTTERANCE_TO_SPEAK"}
2017-10-24 11:15:25,856 - TdmApplication - DEBUG - FrontendConnectionHandler(id=140465866799440, session='2017-10-24T11_15_00_0'): OK
2017-10-24 11:15:25,856 - TdmApplication - DEBUG - FrontendConnectionHandler(id=140465866799440, session='2017-10-24T11_15_00_0').on_event(Event(GUI.POPUP, {options: [], title: Ok other example.}, sender=IndependentGuiBackend, reason=None))
2017-10-24 11:15:25,857 - TdmApplication - DEBUG - FrontendConnectionHandler(id=140465866799440, session='2017-10-24T11_15_00_0'): writing {"content": {"options": [], "title": "Ok other example."}, "_sender": "IndependentGuiBackend", "_reason": null, "event_type": "GUI.POPUP"}
2017-10-24 11:15:25,857 - TdmApplication - DEBUG - FrontendConnectionHandler(id=140465866799440, session='2017-10-24T11_15_00_0'): OK
2017-10-24 11:15:25,857 - TdmApplication - DEBUG - FrontendConnectionHandler(id=140465866799440, session='2017-10-24T11_15_00_0').on_event(Event(MESSAGE_TO_GUI, [<tdm.tdm_gui_protocol.ClosePopup instance at 0x7fc0c02886c8>, <tdm.tdm_gui_protocol.Popup instance at 0x7fc0c0288b00>], sender=GuiBackend, reason=None))
2017-10-24 11:15:25,858 - TdmApplication - DEBUG - FrontendConnectionHandler(id=140465866799440, session='2017-10-24T11_15_00_0'): writing {"content": [{"ClosePopup": {}}, {"Popup": {"elements": [], "title": "Ok other example."}}], "_sender": "GuiBackend", "_reason": null, "event_type": "MESSAGE_TO_GUI"}
2017-10-24 11:15:25,858 - TdmApplication - DEBUG - FrontendConnectionHandler(id=140465866799440, session='2017-10-24T11_15_00_0'): OK
2017-10-24 11:15:25,928 - TdmApplication - DEBUG - FrontendConnectionHandler(id=140465866799440, session='2017-10-24T11_15_00_0').on_message({"content": ["Ok other example."], "_sender": "TextOutputComponent", "_reason": null, "event_type": "SYSTEM_UTTERANCE_REALIZED"})
2017-10-24 11:15:25,953 - TdmApplication - DEBUG - FrontendConnectionHandler(id=140465866799440, session='2017-10-24T11_15_00_0').on_event(Event(FACTS, [{predicate: say_step, grammar_entry: None, value: other example}], sender=DmeModule, reason=None))
2017-10-24 11:15:25,953 - TdmApplication - DEBUG - FrontendConnectionHandler(id=140465866799440, session='2017-10-24T11_15_00_0'): writing {"content": [{"predicate": "say_step", "grammar_entry": null, "value": "other example"}], "_sender": "DmeModule", "_reason": null, "event_type": "FACTS"}
2017-10-24 11:15:25,953 - TdmApplication - DEBUG - FrontendConnectionHandler(id=140465866799440, session='2017-10-24T11_15_00_0'): OK
2017-10-24 11:15:35,779 - TdmApplication - DEBUG - FrontendConnectionHandler(id=140465866799440, session='2017-10-24T11_15_00_0').on_message({"content": [{"score": 1.0, "utterance": "go to next"}], "_sender": "TextInputComponent", "_reason": null, "event_type": "RECOGNITION"})
2017-10-24 11:15:35,783 - TdmApplication - DEBUG - FrontendConnectionHandler(id=140465866799440, session='2017-10-24T11_15_00_0').on_event(Event(FACTS, [], sender=DmeModule, reason=None))
2017-10-24 11:15:35,783 - TdmApplication - DEBUG - FrontendConnectionHandler(id=140465866799440, session='2017-10-24T11_15_00_0'): writing {"content": [], "_sender": "DmeModule", "_reason": null, "event_type": "FACTS"}
2017-10-24 11:15:35,783 - TdmApplication - DEBUG - FrontendConnectionHandler(id=140465866799440, session='2017-10-24T11_15_00_0'): OK
2017-10-24 11:15:35,792 - TdmApplication - DEBUG - FrontendConnectionHandler(id=140465866799440, session='2017-10-24T11_15_00_0').on_event(Event(STOP_SPEAKING, None, sender=TurnManager, reason=None))
2017-10-24 11:15:35,792 - TdmApplication - DEBUG - FrontendConnectionHandler(id=140465866799440, session='2017-10-24T11_15_00_0'): writing {"content": null, "_sender": "TurnManager", "_reason": null, "event_type": "STOP_SPEAKING"}
2017-10-24 11:15:35,792 - TdmApplication - DEBUG - FrontendConnectionHandler(id=140465866799440, session='2017-10-24T11_15_00_0'): OK
2017-10-24 11:15:35,793 - TdmApplication - DEBUG - FrontendConnectionHandler(id=140465866799440, session='2017-10-24T11_15_00_0').on_event(Event(SYSTEM_UTTERANCE_TO_SPEAK, [Returning to the start view., What would you like to do?], sender=GenerateModule, reason=None))
2017-10-24 11:15:35,793 - TdmApplication - DEBUG - FrontendConnectionHandler(id=140465866799440, session='2017-10-24T11_15_00_0'): writing {"content": ["Returning to the start view.", "What would you like to do?"], "_sender": "GenerateModule", "_reason": null, "event_type": "SYSTEM_UTTERANCE_TO_SPEAK"}
2017-10-24 11:15:35,793 - TdmApplication - DEBUG - FrontendConnectionHandler(id=140465866799440, session='2017-10-24T11_15_00_0'): OK
2017-10-24 11:15:35,795 - TdmApplication - DEBUG - FrontendConnectionHandler(id=140465866799440, session='2017-10-24T11_15_00_0').on_event(Event(MESSAGE_TO_GUI, [<tdm.tdm_gui_protocol.ClosePopup instance at 0x7fc0c029d5f0>], sender=GuiBackend, reason=None))
2017-10-24 11:15:35,795 - TdmApplication - DEBUG - FrontendConnectionHandler(id=140465866799440, session='2017-10-24T11_15_00_0'): writing {"content": [{"ClosePopup": {}}], "_sender": "GuiBackend", "_reason": null, "event_type": "MESSAGE_TO_GUI"}
2017-10-24 11:15:35,795 - TdmApplication - DEBUG - FrontendConnectionHandler(id=140465866799440, session='2017-10-24T11_15_00_0'): OK
2017-10-24 11:15:35,838 - TdmApplication - DEBUG - FrontendConnectionHandler(id=140465866799440, session='2017-10-24T11_15_00_0').on_message({"content": ["Returning to the start view.", "What would you like to do?"], "_sender": "TextOutputComponent", "_reason": null, "event_type": "SYSTEM_UTTERANCE_REALIZED"})
2017-10-24 11:15:35,862 - TdmApplication - DEBUG - FrontendConnectionHandler(id=140465866799440, session='2017-10-24T11_15_00_0').on_event(Event(FACTS, [], sender=DmeModule, reason=None))
2017-10-24 11:15:35,862 - TdmApplication - DEBUG - FrontendConnectionHandler(id=140465866799440, session='2017-10-24T11_15_00_0'): writing {"content": [], "_sender": "DmeModule", "_reason": null, "event_type": "FACTS"}
2017-10-24 11:15:35,862 - TdmApplication - DEBUG - FrontendConnectionHandler(id=140465866799440, session='2017-10-24T11_15_00_0'): OK
2017-10-24 11:15:35,928 - TdmApplication - DEBUG - FrontendConnectionHandler(id=140465866799440, session='2017-10-24T11_15_00_0').on_event(Event(SELECTED_RECOGNITION, go to next, sender=DmeModule, reason=None))
2017-10-24 11:15:35,929 - TdmApplication - DEBUG - FrontendConnectionHandler(id=140465866799440, session='2017-10-24T11_15_00_0'): writing {"content": "go to next", "_sender": "DmeModule", "_reason": null, "event_type": "SELECTED_RECOGNITION"}
2017-10-24 11:15:35,929 - TdmApplication - DEBUG - FrontendConnectionHandler(id=140465866799440, session='2017-10-24T11_15_00_0'): OK
2017-10-24 11:15:35,930 - TdmApplication - DEBUG - FrontendConnectionHandler(id=140465866799440, session='2017-10-24T11_15_00_0').on_event(Event(FACTS, [], sender=DmeModule, reason=None))
2017-10-24 11:15:35,930 - TdmApplication - DEBUG - FrontendConnectionHandler(id=140465866799440, session='2017-10-24T11_15_00_0'): writing {"content": [], "_sender": "DmeModule", "_reason": null, "event_type": "FACTS"}
2017-10-24 11:15:35,930 - TdmApplication - DEBUG - FrontendConnectionHandler(id=140465866799440, session='2017-10-24T11_15_00_0'): OK
2017-10-24 11:15:35,939 - TdmApplication - DEBUG - FrontendConnectionHandler(id=140465866799440, session='2017-10-24T11_15_00_0').on_event(Event(SYSTEM_UTTERANCE_TO_SPEAK, [, Went to next], sender=GenerateModule, reason=None))
2017-10-24 11:15:35,940 - TdmApplication - DEBUG - FrontendConnectionHandler(id=140465866799440, session='2017-10-24T11_15_00_0'): writing {"content": ["", "Went to next"], "_sender": "GenerateModule", "_reason": null, "event_type": "SYSTEM_UTTERANCE_TO_SPEAK"}
2017-10-24 11:15:35,940 - TdmApplication - DEBUG - FrontendConnectionHandler(id=140465866799440, session='2017-10-24T11_15_00_0'): OK
2017-10-24 11:15:35,941 - TdmApplication - DEBUG - FrontendConnectionHandler(id=140465866799440, session='2017-10-24T11_15_00_0').on_event(Event(GUI.POPUP, {options: [], title: Went to next}, sender=IndependentGuiBackend, reason=None))
2017-10-24 11:15:35,941 - TdmApplication - DEBUG - FrontendConnectionHandler(id=140465866799440, session='2017-10-24T11_15_00_0'): writing {"content": {"options": [], "title": "Went to next"}, "_sender": "IndependentGuiBackend", "_reason": null, "event_type": "GUI.POPUP"}
2017-10-24 11:15:35,941 - TdmApplication - DEBUG - FrontendConnectionHandler(id=140465866799440, session='2017-10-24T11_15_00_0'): OK
2017-10-24 11:15:35,942 - TdmApplication - DEBUG - FrontendConnectionHandler(id=140465866799440, session='2017-10-24T11_15_00_0').on_event(Event(MESSAGE_TO_GUI, [<tdm.tdm_gui_protocol.DeviceResult instance at 0x7fc0c0296cf8>, <tdm.tdm_gui_protocol.Popup instance at 0x7fc0c022b518>], sender=GuiBackend, reason=None))
2017-10-24 11:15:35,942 - TdmApplication - DEBUG - FrontendConnectionHandler(id=140465866799440, session='2017-10-24T11_15_00_0'): writing {"content": [{"DeviceResult": {"action": "go_to_next", "result": true, "arguments": {}, "failure_reason": null}}, {"Popup": {"elements": [], "title": "Went to next"}}], "_sender": "GuiBackend", "_reason": null, "event_type": "MESSAGE_TO_GUI"}
2017-10-24 11:15:35,942 - TdmApplication - DEBUG - FrontendConnectionHandler(id=140465866799440, session='2017-10-24T11_15_00_0'): OK
2017-10-24 11:15:35,950 - TdmApplication - DEBUG - FrontendConnectionHandler(id=140465866799440, session='2017-10-24T11_15_00_0').on_message({"content": ["", "Went to next"], "_sender": "TextOutputComponent", "_reason": null, "event_type": "SYSTEM_UTTERANCE_REALIZED"})
2017-10-24 11:15:36,009 - TdmApplication - DEBUG - FrontendConnectionHandler(id=140465866799440, session='2017-10-24T11_15_00_0').on_event(Event(FACTS, [{predicate: say_step, grammar_entry: None, value: lol}], sender=DmeModule, reason=None))
2017-10-24 11:15:36,009 - TdmApplication - DEBUG - FrontendConnectionHandler(id=140465866799440, session='2017-10-24T11_15_00_0'): writing {"content": [{"predicate": "say_step", "grammar_entry": null, "value": "lol"}], "_sender": "DmeModule", "_reason": null, "event_type": "FACTS"}
2017-10-24 11:15:36,009 - TdmApplication - DEBUG - FrontendConnectionHandler(id=140465866799440, session='2017-10-24T11_15_00_0'): OK
2017-10-24 11:15:36,032 - TdmApplication - DEBUG - FrontendConnectionHandler(id=140465866799440, session='2017-10-24T11_15_00_0').on_event(Event(SYSTEM_UTTERANCE_TO_SPEAK, [Ok lol.], sender=GenerateModule, reason=None))
2017-10-24 11:15:36,032 - TdmApplication - DEBUG - FrontendConnectionHandler(id=140465866799440, session='2017-10-24T11_15_00_0'): writing {"content": ["Ok lol."], "_sender": "GenerateModule", "_reason": null, "event_type": "SYSTEM_UTTERANCE_TO_SPEAK"}
2017-10-24 11:15:36,032 - TdmApplication - DEBUG - FrontendConnectionHandler(id=140465866799440, session='2017-10-24T11_15_00_0'): OK
2017-10-24 11:15:36,035 - TdmApplication - DEBUG - FrontendConnectionHandler(id=140465866799440, session='2017-10-24T11_15_00_0').on_event(Event(GUI.POPUP, {options: [], title: Ok lol.}, sender=IndependentGuiBackend, reason=None))
2017-10-24 11:15:36,035 - TdmApplication - DEBUG - FrontendConnectionHandler(id=140465866799440, session='2017-10-24T11_15_00_0'): writing {"content": {"options": [], "title": "Ok lol."}, "_sender": "IndependentGuiBackend", "_reason": null, "event_type": "GUI.POPUP"}
2017-10-24 11:15:36,035 - TdmApplication - DEBUG - FrontendConnectionHandler(id=140465866799440, session='2017-10-24T11_15_00_0'): OK
2017-10-24 11:15:36,036 - TdmApplication - DEBUG - FrontendConnectionHandler(id=140465866799440, session='2017-10-24T11_15_00_0').on_event(Event(MESSAGE_TO_GUI, [<tdm.tdm_gui_protocol.ClosePopup instance at 0x7fc0c023a368>, <tdm.tdm_gui_protocol.Popup instance at 0x7fc0c02963f8>], sender=GuiBackend, reason=None))
2017-10-24 11:15:36,036 - TdmApplication - DEBUG - FrontendConnectionHandler(id=140465866799440, session='2017-10-24T11_15_00_0'): writing {"content": [{"ClosePopup": {}}, {"Popup": {"elements": [], "title": "Ok lol."}}], "_sender": "GuiBackend", "_reason": null, "event_type": "MESSAGE_TO_GUI"}
2017-10-24 11:15:36,036 - TdmApplication - DEBUG - FrontendConnectionHandler(id=140465866799440, session='2017-10-24T11_15_00_0'): OK
2017-10-24 11:15:36,068 - TdmApplication - DEBUG - FrontendConnectionHandler(id=140465866799440, session='2017-10-24T11_15_00_0').on_message({"content": ["Ok lol."], "_sender": "TextOutputComponent", "_reason": null, "event_type": "SYSTEM_UTTERANCE_REALIZED"})
2017-10-24 11:15:36,094 - TdmApplication - DEBUG - FrontendConnectionHandler(id=140465866799440, session='2017-10-24T11_15_00_0').on_event(Event(FACTS, [{predicate: say_step, grammar_entry: None, value: lol}], sender=DmeModule, reason=None))
2017-10-24 11:15:36,094 - TdmApplication - DEBUG - FrontendConnectionHandler(id=140465866799440, session='2017-10-24T11_15_00_0'): writing {"content": [{"predicate": "say_step", "grammar_entry": null, "value": "lol"}], "_sender": "DmeModule", "_reason": null, "event_type": "FACTS"}
2017-10-24 11:15:36,095 - TdmApplication - DEBUG - FrontendConnectionHandler(id=140465866799440, session='2017-10-24T11_15_00_0'): OK
2017-10-24 11:15:42,077 - TdmApplication - DEBUG - FrontendConnectionHandler(id=140465866799440, session='2017-10-24T11_15_00_0').on_message({"content": [{"score": 1.0, "utterance": "go to next"}], "_sender": "TextInputComponent", "_reason": null, "event_type": "RECOGNITION"})
2017-10-24 11:15:42,082 - TdmApplication - DEBUG - FrontendConnectionHandler(id=140465866799440, session='2017-10-24T11_15_00_0').on_event(Event(FACTS, [], sender=DmeModule, reason=None))
2017-10-24 11:15:42,082 - TdmApplication - DEBUG - FrontendConnectionHandler(id=140465866799440, session='2017-10-24T11_15_00_0'): writing {"content": [], "_sender": "DmeModule", "_reason": null, "event_type": "FACTS"}
2017-10-24 11:15:42,082 - TdmApplication - DEBUG - FrontendConnectionHandler(id=140465866799440, session='2017-10-24T11_15_00_0'): OK
2017-10-24 11:15:42,091 - TdmApplication - DEBUG - FrontendConnectionHandler(id=140465866799440, session='2017-10-24T11_15_00_0').on_event(Event(STOP_SPEAKING, None, sender=TurnManager, reason=None))
2017-10-24 11:15:42,092 - TdmApplication - DEBUG - FrontendConnectionHandler(id=140465866799440, session='2017-10-24T11_15_00_0'): writing {"content": null, "_sender": "TurnManager", "_reason": null, "event_type": "STOP_SPEAKING"}
2017-10-24 11:15:42,092 - TdmApplication - DEBUG - FrontendConnectionHandler(id=140465866799440, session='2017-10-24T11_15_00_0'): OK
2017-10-24 11:15:42,094 - TdmApplication - DEBUG - FrontendConnectionHandler(id=140465866799440, session='2017-10-24T11_15_00_0').on_event(Event(SYSTEM_UTTERANCE_TO_SPEAK, [Returning to the start view., What would you like to do?], sender=GenerateModule, reason=None))
2017-10-24 11:15:42,094 - TdmApplication - DEBUG - FrontendConnectionHandler(id=140465866799440, session='2017-10-24T11_15_00_0'): writing {"content": ["Returning to the start view.", "What would you like to do?"], "_sender": "GenerateModule", "_reason": null, "event_type": "SYSTEM_UTTERANCE_TO_SPEAK"}
2017-10-24 11:15:42,094 - TdmApplication - DEBUG - FrontendConnectionHandler(id=140465866799440, session='2017-10-24T11_15_00_0'): OK
2017-10-24 11:15:42,095 - TdmApplication - DEBUG - FrontendConnectionHandler(id=140465866799440, session='2017-10-24T11_15_00_0').on_event(Event(MESSAGE_TO_GUI, [<tdm.tdm_gui_protocol.ClosePopup instance at 0x7fc0c023a680>], sender=GuiBackend, reason=None))
2017-10-24 11:15:42,095 - TdmApplication - DEBUG - FrontendConnectionHandler(id=140465866799440, session='2017-10-24T11_15_00_0'): writing {"content": [{"ClosePopup": {}}], "_sender": "GuiBackend", "_reason": null, "event_type": "MESSAGE_TO_GUI"}
2017-10-24 11:15:42,095 - TdmApplication - DEBUG - FrontendConnectionHandler(id=140465866799440, session='2017-10-24T11_15_00_0'): OK
2017-10-24 11:15:42,111 - TdmApplication - DEBUG - FrontendConnectionHandler(id=140465866799440, session='2017-10-24T11_15_00_0').on_message({"content": ["Returning to the start view.", "What would you like to do?"], "_sender": "TextOutputComponent", "_reason": null, "event_type": "SYSTEM_UTTERANCE_REALIZED"})
2017-10-24 11:15:42,135 - TdmApplication - DEBUG - FrontendConnectionHandler(id=140465866799440, session='2017-10-24T11_15_00_0').on_event(Event(FACTS, [], sender=DmeModule, reason=None))
2017-10-24 11:15:42,135 - TdmApplication - DEBUG - FrontendConnectionHandler(id=140465866799440, session='2017-10-24T11_15_00_0'): writing {"content": [], "_sender": "DmeModule", "_reason": null, "event_type": "FACTS"}
2017-10-24 11:15:42,135 - TdmApplication - DEBUG - FrontendConnectionHandler(id=140465866799440, session='2017-10-24T11_15_00_0'): OK
2017-10-24 11:15:42,202 - TdmApplication - DEBUG - FrontendConnectionHandler(id=140465866799440, session='2017-10-24T11_15_00_0').on_event(Event(SELECTED_RECOGNITION, go to next, sender=DmeModule, reason=None))
2017-10-24 11:15:42,202 - TdmApplication - DEBUG - FrontendConnectionHandler(id=140465866799440, session='2017-10-24T11_15_00_0'): writing {"content": "go to next", "_sender": "DmeModule", "_reason": null, "event_type": "SELECTED_RECOGNITION"}
2017-10-24 11:15:42,202 - TdmApplication - DEBUG - FrontendConnectionHandler(id=140465866799440, session='2017-10-24T11_15_00_0'): OK
2017-10-24 11:15:42,204 - TdmApplication - DEBUG - FrontendConnectionHandler(id=140465866799440, session='2017-10-24T11_15_00_0').on_event(Event(FACTS, [], sender=DmeModule, reason=None))
2017-10-24 11:15:42,204 - TdmApplication - DEBUG - FrontendConnectionHandler(id=140465866799440, session='2017-10-24T11_15_00_0'): writing {"content": [], "_sender": "DmeModule", "_reason": null, "event_type": "FACTS"}
2017-10-24 11:15:42,204 - TdmApplication - DEBUG - FrontendConnectionHandler(id=140465866799440, session='2017-10-24T11_15_00_0'): OK
2017-10-24 11:15:42,213 - TdmApplication - DEBUG - FrontendConnectionHandler(id=140465866799440, session='2017-10-24T11_15_00_0').on_event(Event(SYSTEM_UTTERANCE_TO_SPEAK, [, Went to next], sender=GenerateModule, reason=None))
2017-10-24 11:15:42,213 - TdmApplication - DEBUG - FrontendConnectionHandler(id=140465866799440, session='2017-10-24T11_15_00_0'): writing {"content": ["", "Went to next"], "_sender": "GenerateModule", "_reason": null, "event_type": "SYSTEM_UTTERANCE_TO_SPEAK"}
2017-10-24 11:15:42,213 - TdmApplication - DEBUG - FrontendConnectionHandler(id=140465866799440, session='2017-10-24T11_15_00_0'): OK
2017-10-24 11:15:42,214 - TdmApplication - DEBUG - FrontendConnectionHandler(id=140465866799440, session='2017-10-24T11_15_00_0').on_event(Event(GUI.POPUP, {options: [], title: Went to next}, sender=IndependentGuiBackend, reason=None))
2017-10-24 11:15:42,214 - TdmApplication - DEBUG - FrontendConnectionHandler(id=140465866799440, session='2017-10-24T11_15_00_0'): writing {"content": {"options": [], "title": "Went to next"}, "_sender": "IndependentGuiBackend", "_reason": null, "event_type": "GUI.POPUP"}
2017-10-24 11:15:42,214 - TdmApplication - DEBUG - FrontendConnectionHandler(id=140465866799440, session='2017-10-24T11_15_00_0'): OK
2017-10-24 11:15:42,215 - TdmApplication - DEBUG - FrontendConnectionHandler(id=140465866799440, session='2017-10-24T11_15_00_0').on_event(Event(MESSAGE_TO_GUI, [<tdm.tdm_gui_protocol.DeviceResult instance at 0x7fc0c027eb90>, <tdm.tdm_gui_protocol.Popup instance at 0x7fc0c0252c68>], sender=GuiBackend, reason=None))
2017-10-24 11:15:42,216 - TdmApplication - DEBUG - FrontendConnectionHandler(id=140465866799440, session='2017-10-24T11_15_00_0'): writing {"content": [{"DeviceResult": {"action": "go_to_next", "result": true, "arguments": {}, "failure_reason": null}}, {"Popup": {"elements": [], "title": "Went to next"}}], "_sender": "GuiBackend", "_reason": null, "event_type": "MESSAGE_TO_GUI"}
2017-10-24 11:15:42,216 - TdmApplication - DEBUG - FrontendConnectionHandler(id=140465866799440, session='2017-10-24T11_15_00_0'): OK
2017-10-24 11:15:42,232 - TdmApplication - DEBUG - FrontendConnectionHandler(id=140465866799440, session='2017-10-24T11_15_00_0').on_message({"content": ["", "Went to next"], "_sender": "TextOutputComponent", "_reason": null, "event_type": "SYSTEM_UTTERANCE_REALIZED"})
2017-10-24 11:15:42,291 - TdmApplication - DEBUG - FrontendConnectionHandler(id=140465866799440, session='2017-10-24T11_15_00_0').on_event(Event(FACTS, [{predicate: say_step, grammar_entry: None, value: 4}], sender=DmeModule, reason=None))
2017-10-24 11:15:42,291 - TdmApplication - DEBUG - FrontendConnectionHandler(id=140465866799440, session='2017-10-24T11_15_00_0'): writing {"content": [{"predicate": "say_step", "grammar_entry": null, "value": "4"}], "_sender": "DmeModule", "_reason": null, "event_type": "FACTS"}
2017-10-24 11:15:42,291 - TdmApplication - DEBUG - FrontendConnectionHandler(id=140465866799440, session='2017-10-24T11_15_00_0'): OK
2017-10-24 11:15:42,301 - TdmApplication - DEBUG - FrontendConnectionHandler(id=140465866799440, session='2017-10-24T11_15_00_0').on_event(Event(SYSTEM_UTTERANCE_TO_SPEAK, [Ok 4.], sender=GenerateModule, reason=None))
2017-10-24 11:15:42,301 - TdmApplication - DEBUG - FrontendConnectionHandler(id=140465866799440, session='2017-10-24T11_15_00_0'): writing {"content": ["Ok 4."], "_sender": "GenerateModule", "_reason": null, "event_type": "SYSTEM_UTTERANCE_TO_SPEAK"}
2017-10-24 11:15:42,301 - TdmApplication - DEBUG - FrontendConnectionHandler(id=140465866799440, session='2017-10-24T11_15_00_0'): OK
2017-10-24 11:15:42,302 - TdmApplication - DEBUG - FrontendConnectionHandler(id=140465866799440, session='2017-10-24T11_15_00_0').on_event(Event(GUI.POPUP, {options: [], title: Ok 4.}, sender=IndependentGuiBackend, reason=None))
2017-10-24 11:15:42,303 - TdmApplication - DEBUG - FrontendConnectionHandler(id=140465866799440, session='2017-10-24T11_15_00_0'): writing {"content": {"options": [], "title": "Ok 4."}, "_sender": "IndependentGuiBackend", "_reason": null, "event_type": "GUI.POPUP"}
2017-10-24 11:15:42,303 - TdmApplication - DEBUG - FrontendConnectionHandler(id=140465866799440, session='2017-10-24T11_15_00_0'): OK
2017-10-24 11:15:42,304 - TdmApplication - DEBUG - FrontendConnectionHandler(id=140465866799440, session='2017-10-24T11_15_00_0').on_event(Event(MESSAGE_TO_GUI, [<tdm.tdm_gui_protocol.ClosePopup instance at 0x7fc0c0252488>, <tdm.tdm_gui_protocol.Popup instance at 0x7fc0c0252cb0>], sender=GuiBackend, reason=None))
2017-10-24 11:15:42,304 - TdmApplication - DEBUG - FrontendConnectionHandler(id=140465866799440, session='2017-10-24T11_15_00_0'): writing {"content": [{"ClosePopup": {}}, {"Popup": {"elements": [], "title": "Ok 4."}}], "_sender": "GuiBackend", "_reason": null, "event_type": "MESSAGE_TO_GUI"}
2017-10-24 11:15:42,304 - TdmApplication - DEBUG - FrontendConnectionHandler(id=140465866799440, session='2017-10-24T11_15_00_0'): OK
2017-10-24 11:15:42,341 - TdmApplication - DEBUG - FrontendConnectionHandler(id=140465866799440, session='2017-10-24T11_15_00_0').on_message({"content": ["Ok 4."], "_sender": "TextOutputComponent", "_reason": null, "event_type": "SYSTEM_UTTERANCE_REALIZED"})
2017-10-24 11:15:42,367 - TdmApplication - DEBUG - FrontendConnectionHandler(id=140465866799440, session='2017-10-24T11_15_00_0').on_event(Event(FACTS, [{predicate: say_step, grammar_entry: None, value: 4}], sender=DmeModule, reason=None))
2017-10-24 11:15:42,368 - TdmApplication - DEBUG - FrontendConnectionHandler(id=140465866799440, session='2017-10-24T11_15_00_0'): writing {"content": [{"predicate": "say_step", "grammar_entry": null, "value": "4"}], "_sender": "DmeModule", "_reason": null, "event_type": "FACTS"}
2017-10-24 11:15:42,368 - TdmApplication - DEBUG - FrontendConnectionHandler(id=140465866799440, session='2017-10-24T11_15_00_0'): OK
2017-10-24 11:15:44,182 - TdmApplication - DEBUG - FrontendConnectionHandler(id=140465866799440, session='2017-10-24T11_15_00_0').on_message({"content": [{"score": 1.0, "utterance": "go to next"}], "_sender": "TextInputComponent", "_reason": null, "event_type": "RECOGNITION"})
2017-10-24 11:15:44,186 - TdmApplication - DEBUG - FrontendConnectionHandler(id=140465866799440, session='2017-10-24T11_15_00_0').on_event(Event(FACTS, [], sender=DmeModule, reason=None))
2017-10-24 11:15:44,186 - TdmApplication - DEBUG - FrontendConnectionHandler(id=140465866799440, session='2017-10-24T11_15_00_0'): writing {"content": [], "_sender": "DmeModule", "_reason": null, "event_type": "FACTS"}
2017-10-24 11:15:44,186 - TdmApplication - DEBUG - FrontendConnectionHandler(id=140465866799440, session='2017-10-24T11_15_00_0'): OK
2017-10-24 11:15:44,195 - TdmApplication - DEBUG - FrontendConnectionHandler(id=140465866799440, session='2017-10-24T11_15_00_0').on_event(Event(STOP_SPEAKING, None, sender=TurnManager, reason=None))
2017-10-24 11:15:44,195 - TdmApplication - DEBUG - FrontendConnectionHandler(id=140465866799440, session='2017-10-24T11_15_00_0'): writing {"content": null, "_sender": "TurnManager", "_reason": null, "event_type": "STOP_SPEAKING"}
2017-10-24 11:15:44,196 - TdmApplication - DEBUG - FrontendConnectionHandler(id=140465866799440, session='2017-10-24T11_15_00_0'): OK
2017-10-24 11:15:44,197 - TdmApplication - DEBUG - FrontendConnectionHandler(id=140465866799440, session='2017-10-24T11_15_00_0').on_event(Event(SYSTEM_UTTERANCE_TO_SPEAK, [Returning to the start view., What would you like to do?], sender=GenerateModule, reason=None))
2017-10-24 11:15:44,197 - TdmApplication - DEBUG - FrontendConnectionHandler(id=140465866799440, session='2017-10-24T11_15_00_0'): writing {"content": ["Returning to the start view.", "What would you like to do?"], "_sender": "GenerateModule", "_reason": null, "event_type": "SYSTEM_UTTERANCE_TO_SPEAK"}
2017-10-24 11:15:44,197 - TdmApplication - DEBUG - FrontendConnectionHandler(id=140465866799440, session='2017-10-24T11_15_00_0'): OK
2017-10-24 11:15:44,198 - TdmApplication - DEBUG - FrontendConnectionHandler(id=140465866799440, session='2017-10-24T11_15_00_0').on_event(Event(MESSAGE_TO_GUI, [<tdm.tdm_gui_protocol.ClosePopup instance at 0x7fc0c023a098>], sender=GuiBackend, reason=None))
2017-10-24 11:15:44,198 - TdmApplication - DEBUG - FrontendConnectionHandler(id=140465866799440, session='2017-10-24T11_15_00_0'): writing {"content": [{"ClosePopup": {}}], "_sender": "GuiBackend", "_reason": null, "event_type": "MESSAGE_TO_GUI"}
2017-10-24 11:15:44,198 - TdmApplication - DEBUG - FrontendConnectionHandler(id=140465866799440, session='2017-10-24T11_15_00_0'): OK
2017-10-24 11:15:44,204 - TdmApplication - DEBUG - FrontendConnectionHandler(id=140465866799440, session='2017-10-24T11_15_00_0').on_message({"content": ["Returning to the start view.", "What would you like to do?"], "_sender": "TextOutputComponent", "_reason": null, "event_type": "SYSTEM_UTTERANCE_REALIZED"})
2017-10-24 11:15:44,227 - TdmApplication - DEBUG - FrontendConnectionHandler(id=140465866799440, session='2017-10-24T11_15_00_0').on_event(Event(FACTS, [], sender=DmeModule, reason=None))
2017-10-24 11:15:44,227 - TdmApplication - DEBUG - FrontendConnectionHandler(id=140465866799440, session='2017-10-24T11_15_00_0'): writing {"content": [], "_sender": "DmeModule", "_reason": null, "event_type": "FACTS"}
2017-10-24 11:15:44,227 - TdmApplication - DEBUG - FrontendConnectionHandler(id=140465866799440, session='2017-10-24T11_15_00_0'): OK
2017-10-24 11:15:44,296 - TdmApplication - DEBUG - FrontendConnectionHandler(id=140465866799440, session='2017-10-24T11_15_00_0').on_event(Event(SELECTED_RECOGNITION, go to next, sender=DmeModule, reason=None))
2017-10-24 11:15:44,296 - TdmApplication - DEBUG - FrontendConnectionHandler(id=140465866799440, session='2017-10-24T11_15_00_0'): writing {"content": "go to next", "_sender": "DmeModule", "_reason": null, "event_type": "SELECTED_RECOGNITION"}
2017-10-24 11:15:44,296 - TdmApplication - DEBUG - FrontendConnectionHandler(id=140465866799440, session='2017-10-24T11_15_00_0'): OK
2017-10-24 11:15:44,297 - TdmApplication - DEBUG - FrontendConnectionHandler(id=140465866799440, session='2017-10-24T11_15_00_0').on_event(Event(FACTS, [], sender=DmeModule, reason=None))
2017-10-24 11:15:44,297 - TdmApplication - DEBUG - FrontendConnectionHandler(id=140465866799440, session='2017-10-24T11_15_00_0'): writing {"content": [], "_sender": "DmeModule", "_reason": null, "event_type": "FACTS"}
2017-10-24 11:15:44,298 - TdmApplication - DEBUG - FrontendConnectionHandler(id=140465866799440, session='2017-10-24T11_15_00_0'): OK
2017-10-24 11:15:44,307 - TdmApplication - DEBUG - FrontendConnectionHandler(id=140465866799440, session='2017-10-24T11_15_00_0').on_event(Event(SYSTEM_UTTERANCE_TO_SPEAK, [, Went to next], sender=GenerateModule, reason=None))
2017-10-24 11:15:44,307 - TdmApplication - DEBUG - FrontendConnectionHandler(id=140465866799440, session='2017-10-24T11_15_00_0'): writing {"content": ["", "Went to next"], "_sender": "GenerateModule", "_reason": null, "event_type": "SYSTEM_UTTERANCE_TO_SPEAK"}
2017-10-24 11:15:44,308 - TdmApplication - DEBUG - FrontendConnectionHandler(id=140465866799440, session='2017-10-24T11_15_00_0'): OK
2017-10-24 11:15:44,309 - TdmApplication - DEBUG - FrontendConnectionHandler(id=140465866799440, session='2017-10-24T11_15_00_0').on_event(Event(GUI.POPUP, {options: [], title: Went to next}, sender=IndependentGuiBackend, reason=None))
2017-10-24 11:15:44,309 - TdmApplication - DEBUG - FrontendConnectionHandler(id=140465866799440, session='2017-10-24T11_15_00_0'): writing {"content": {"options": [], "title": "Went to next"}, "_sender": "IndependentGuiBackend", "_reason": null, "event_type": "GUI.POPUP"}
2017-10-24 11:15:44,309 - TdmApplication - DEBUG - FrontendConnectionHandler(id=140465866799440, session='2017-10-24T11_15_00_0'): OK
2017-10-24 11:15:44,310 - TdmApplication - DEBUG - FrontendConnectionHandler(id=140465866799440, session='2017-10-24T11_15_00_0').on_event(Event(MESSAGE_TO_GUI, [<tdm.tdm_gui_protocol.DeviceResult instance at 0x7fc0c027b200>, <tdm.tdm_gui_protocol.Popup instance at 0x7fc0c023acf8>], sender=GuiBackend, reason=None))
2017-10-24 11:15:44,311 - TdmApplication - DEBUG - FrontendConnectionHandler(id=140465866799440, session='2017-10-24T11_15_00_0'): writing {"content": [{"DeviceResult": {"action": "go_to_next", "result": true, "arguments": {}, "failure_reason": null}}, {"Popup": {"elements": [], "title": "Went to next"}}], "_sender": "GuiBackend", "_reason": null, "event_type": "MESSAGE_TO_GUI"}
2017-10-24 11:15:44,311 - TdmApplication - DEBUG - FrontendConnectionHandler(id=140465866799440, session='2017-10-24T11_15_00_0'): OK
2017-10-24 11:15:44,323 - TdmApplication - DEBUG - FrontendConnectionHandler(id=140465866799440, session='2017-10-24T11_15_00_0').on_message({"content": ["", "Went to next"], "_sender": "TextOutputComponent", "_reason": null, "event_type": "SYSTEM_UTTERANCE_REALIZED"})
2017-10-24 11:15:44,381 - TdmApplication - DEBUG - FrontendConnectionHandler(id=140465866799440, session='2017-10-24T11_15_00_0').on_event(Event(FACTS, [{predicate: say_step, grammar_entry: None, value: 5}], sender=DmeModule, reason=None))
2017-10-24 11:15:44,381 - TdmApplication - DEBUG - FrontendConnectionHandler(id=140465866799440, session='2017-10-24T11_15_00_0'): writing {"content": [{"predicate": "say_step", "grammar_entry": null, "value": "5"}], "_sender": "DmeModule", "_reason": null, "event_type": "FACTS"}
2017-10-24 11:15:44,381 - TdmApplication - DEBUG - FrontendConnectionHandler(id=140465866799440, session='2017-10-24T11_15_00_0'): OK
2017-10-24 11:15:44,391 - TdmApplication - DEBUG - FrontendConnectionHandler(id=140465866799440, session='2017-10-24T11_15_00_0').on_event(Event(SYSTEM_UTTERANCE_TO_SPEAK, [Ok 5.], sender=GenerateModule, reason=None))
2017-10-24 11:15:44,391 - TdmApplication - DEBUG - FrontendConnectionHandler(id=140465866799440, session='2017-10-24T11_15_00_0'): writing {"content": ["Ok 5."], "_sender": "GenerateModule", "_reason": null, "event_type": "SYSTEM_UTTERANCE_TO_SPEAK"}
2017-10-24 11:15:44,391 - TdmApplication - DEBUG - FrontendConnectionHandler(id=140465866799440, session='2017-10-24T11_15_00_0'): OK
2017-10-24 11:15:44,392 - TdmApplication - DEBUG - FrontendConnectionHandler(id=140465866799440, session='2017-10-24T11_15_00_0').on_event(Event(GUI.POPUP, {options: [], title: Ok 5.}, sender=IndependentGuiBackend, reason=None))
2017-10-24 11:15:44,392 - TdmApplication - DEBUG - FrontendConnectionHandler(id=140465866799440, session='2017-10-24T11_15_00_0'): writing {"content": {"options": [], "title": "Ok 5."}, "_sender": "IndependentGuiBackend", "_reason": null, "event_type": "GUI.POPUP"}
2017-10-24 11:15:44,393 - TdmApplication - DEBUG - FrontendConnectionHandler(id=140465866799440, session='2017-10-24T11_15_00_0'): OK
2017-10-24 11:15:44,394 - TdmApplication - DEBUG - FrontendConnectionHandler(id=140465866799440, session='2017-10-24T11_15_00_0').on_event(Event(MESSAGE_TO_GUI, [<tdm.tdm_gui_protocol.ClosePopup instance at 0x7fc0c029d560>, <tdm.tdm_gui_protocol.Popup instance at 0x7fc0c029d5f0>], sender=GuiBackend, reason=None))
2017-10-24 11:15:44,394 - TdmApplication - DEBUG - FrontendConnectionHandler(id=140465866799440, session='2017-10-24T11_15_00_0'): writing {"content": [{"ClosePopup": {}}, {"Popup": {"elements": [], "title": "Ok 5."}}], "_sender": "GuiBackend", "_reason": null, "event_type": "MESSAGE_TO_GUI"}
2017-10-24 11:15:44,394 - TdmApplication - DEBUG - FrontendConnectionHandler(id=140465866799440, session='2017-10-24T11_15_00_0'): OK
2017-10-24 11:15:44,435 - TdmApplication - DEBUG - FrontendConnectionHandler(id=140465866799440, session='2017-10-24T11_15_00_0').on_message({"content": ["Ok 5."], "_sender": "TextOutputComponent", "_reason": null, "event_type": "SYSTEM_UTTERANCE_REALIZED"})
2017-10-24 11:15:44,460 - TdmApplication - DEBUG - FrontendConnectionHandler(id=140465866799440, session='2017-10-24T11_15_00_0').on_event(Event(FACTS, [{predicate: say_step, grammar_entry: None, value: 5}], sender=DmeModule, reason=None))
2017-10-24 11:15:44,460 - TdmApplication - DEBUG - FrontendConnectionHandler(id=140465866799440, session='2017-10-24T11_15_00_0'): writing {"content": [{"predicate": "say_step", "grammar_entry": null, "value": "5"}], "_sender": "DmeModule", "_reason": null, "event_type": "FACTS"}
2017-10-24 11:15:44,460 - TdmApplication - DEBUG - FrontendConnectionHandler(id=140465866799440, session='2017-10-24T11_15_00_0'): OK
2017-10-24 11:15:50,127 - TdmApplication - DEBUG - FrontendConnectionHandler(id=140465866799440, session='2017-10-24T11_15_00_0').on_close()
2017-10-24 11:15:50,127 - TdmApplication - DEBUG - SessionManager.stop('2017-10-24T11_15_00_0')
2017-10-24 11:15:50,130 - TdmApplication - DEBUG - TdmApplication.stop(): Stopping HTTP server
2017-10-24 11:15:50,131 - TdmApplication - DEBUG - TdmApplication.stop(): Stopping IO-loop
2017-10-24 11:15:50,131 - TdmApplication - DEBUG - TdmApplication.stop(): Stopping sessions []
2017-10-24 11:15:50,132 - TdmApplication - DEBUG - FrontendConnectionHandler(id=140465866799440, session='2017-10-24T11_15_00_0').on_event(Event(FACTS, [], sender=DmeModule, reason=None))
2017-10-24 11:15:50,132 - TdmApplication - DEBUG - FrontendConnectionHandler(id=140465866799440, session='2017-10-24T11_15_00_0'): writing {"content": [], "_sender": "DmeModule", "_reason": null, "event_type": "FACTS"}
2017-10-24 11:15:50,132 - TdmApplication - DEBUG - FrontendConnectionHandler(id=140465866799440, session='2017-10-24T11_15_00_0'): OK
