2017-10-19 17:15:41,653 - TdmApplication - DEBUG - DddDb().__init__(name='ddds', default_ddds=[u'recipehelp'])
2017-10-19 17:15:41,653 - TdmApplication - DEBUG - DddDb(): DB file name is '/home/gusmatssar/recipedialogue/tdm/ddds.json'
2017-10-19 17:15:41,663 - TdmApplication - DEBUG - FrontendConnectionHandler(id=140251874949456, session=None).open()
2017-10-19 17:15:41,665 - TdmApplication - DEBUG - thread_manager.create_thread() with threading.active_count()=3
2017-10-19 17:15:41,666 - TdmApplication - DEBUG - FrontendConnectionHandler(id=140251874949456, session=None).on_message({"handshake_content": {"session_id": null, "keep_session_alive": false}, "name": "Frontend"})
2017-10-19 17:15:41,666 - TdmApplication - DEBUG - FrontendConnectionHandler(id=140251874949456, session=None)._register({"handshake_content": {"session_id": null, "keep_session_alive": false}, "name": "Frontend"})
2017-10-19 17:15:41,667 - TdmApplication - DEBUG - thread_manager.create_thread() with threading.active_count()=4
2017-10-19 17:15:41,668 - TdmApplication - DEBUG - Creating backend and session with id 2017-10-19T17_15_41_0.
2017-10-19 17:15:41,701 - TdmApplication - DEBUG - FrontendConnectionHandler._register: Registered in session 2017-10-19T17_15_41_0 with backend <ThreadedBackend(ThreadedBackend, started daemon 140251833923328)>.
2017-10-19 17:15:41,703 - TdmApplication - DEBUG - FrontendConnectionHandler(id=140251874949456, session='2017-10-19T17_15_41_0').on_event(Event(REGISTER_BACKEND, None, sender=Backend, reason=None))
2017-10-19 17:15:41,703 - TdmApplication - DEBUG - FrontendConnectionHandler(id=140251874949456, session='2017-10-19T17_15_41_0'): writing {"content": null, "_sender": "Backend", "_reason": null, "event_type": "REGISTER_BACKEND"}
2017-10-19 17:15:41,703 - TdmApplication - DEBUG - FrontendConnectionHandler(id=140251874949456, session='2017-10-19T17_15_41_0'): OK
2017-10-19 17:15:41,736 - TdmApplication - DEBUG - FrontendConnectionHandler(id=140251874949456, session='2017-10-19T17_15_41_0').on_message({"content": null, "_sender": "Frontend", "_reason": null, "event_type": "FRONTEND_READY"})
2017-10-19 17:15:41,739 - TdmApplication - DEBUG - FrontendConnectionHandler(id=140251874949456, session='2017-10-19T17_15_41_0').on_event(Event(BACKEND_READY, None, sender=Backend, reason=None))
2017-10-19 17:15:41,739 - TdmApplication - DEBUG - FrontendConnectionHandler(id=140251874949456, session='2017-10-19T17_15_41_0'): writing {"content": null, "_sender": "Backend", "_reason": null, "event_type": "BACKEND_READY"}
2017-10-19 17:15:41,739 - TdmApplication - DEBUG - FrontendConnectionHandler(id=140251874949456, session='2017-10-19T17_15_41_0'): OK
2017-10-19 17:15:41,746 - TdmApplication - DEBUG - FrontendConnectionHandler(id=140251874949456, session='2017-10-19T17_15_41_0').on_message({"content": null, "_sender": "Frontend", "_reason": null, "event_type": "START"})
2017-10-19 17:15:41,777 - TdmApplication - DEBUG - FrontendConnectionHandler(id=140251874949456, session='2017-10-19T17_15_41_0').on_event(Event(SET_DDD, {ddd_name: recipehelp, language_code: eng}, sender=DmeModule, reason=None))
2017-10-19 17:15:41,777 - TdmApplication - DEBUG - FrontendConnectionHandler(id=140251874949456, session='2017-10-19T17_15_41_0'): writing {"content": {"ddd_name": "recipehelp", "language_code": "eng"}, "_sender": "DmeModule", "_reason": null, "event_type": "SET_DDD"}
2017-10-19 17:15:41,777 - TdmApplication - DEBUG - FrontendConnectionHandler(id=140251874949456, session='2017-10-19T17_15_41_0'): OK
2017-10-19 17:15:41,779 - TdmApplication - DEBUG - FrontendConnectionHandler(id=140251874949456, session='2017-10-19T17_15_41_0').on_event(Event(FACTS, [], sender=DmeModule, reason=None))
2017-10-19 17:15:41,779 - TdmApplication - DEBUG - FrontendConnectionHandler(id=140251874949456, session='2017-10-19T17_15_41_0'): writing {"content": [], "_sender": "DmeModule", "_reason": null, "event_type": "FACTS"}
2017-10-19 17:15:41,779 - TdmApplication - DEBUG - FrontendConnectionHandler(id=140251874949456, session='2017-10-19T17_15_41_0'): OK
2017-10-19 17:15:41,791 - TdmApplication - DEBUG - FrontendConnectionHandler(id=140251874949456, session='2017-10-19T17_15_41_0').on_event(Event(SYSTEM_UTTERANCE_TO_SPEAK, [Do you want to know go to step?], sender=GenerateModule, reason=None))
2017-10-19 17:15:41,791 - TdmApplication - DEBUG - FrontendConnectionHandler(id=140251874949456, session='2017-10-19T17_15_41_0'): writing {"content": ["Do you want to know go to step?"], "_sender": "GenerateModule", "_reason": null, "event_type": "SYSTEM_UTTERANCE_TO_SPEAK"}
2017-10-19 17:15:41,792 - TdmApplication - DEBUG - FrontendConnectionHandler(id=140251874949456, session='2017-10-19T17_15_41_0'): OK
2017-10-19 17:15:41,792 - TdmApplication - DEBUG - FrontendConnectionHandler(id=140251874949456, session='2017-10-19T17_15_41_0').on_event(Event(MESSAGE_TO_GUI, [<tdm.tdm_gui_protocol.Screen instance at 0x7f8eecc14128>], sender=GuiBackend, reason=None))
2017-10-19 17:15:41,793 - TdmApplication - DEBUG - FrontendConnectionHandler(id=140251874949456, session='2017-10-19T17_15_41_0'): writing {"content": [{"Screen": {"elements": [{"Element": {"name": "move", "title": "", "items": [{"Item": {"attributes": null, "selected": false, "predicted": false, "value": "ask(?X.go_to_step(X))", "title": "Go to step?"}}], "format": "", "voice_browsed": false, "value": "", "template": "menu", "type": "list"}}], "name": "top", "title": "The start view"}}], "_sender": "GuiBackend", "_reason": null, "event_type": "MESSAGE_TO_GUI"}
2017-10-19 17:15:41,793 - TdmApplication - DEBUG - FrontendConnectionHandler(id=140251874949456, session='2017-10-19T17_15_41_0'): OK
2017-10-19 17:15:41,854 - TdmApplication - DEBUG - FrontendConnectionHandler(id=140251874949456, session='2017-10-19T17_15_41_0').on_message({"content": ["Do you want to know go to step?"], "_sender": "TextOutputComponent", "_reason": null, "event_type": "SYSTEM_UTTERANCE_REALIZED"})
2017-10-19 17:15:41,876 - TdmApplication - DEBUG - FrontendConnectionHandler(id=140251874949456, session='2017-10-19T17_15_41_0').on_event(Event(FACTS, [], sender=DmeModule, reason=None))
2017-10-19 17:15:41,876 - TdmApplication - DEBUG - FrontendConnectionHandler(id=140251874949456, session='2017-10-19T17_15_41_0'): writing {"content": [], "_sender": "DmeModule", "_reason": null, "event_type": "FACTS"}
2017-10-19 17:15:41,876 - TdmApplication - DEBUG - FrontendConnectionHandler(id=140251874949456, session='2017-10-19T17_15_41_0'): OK
2017-10-19 17:15:49,182 - TdmApplication - DEBUG - FrontendConnectionHandler(id=140251874949456, session='2017-10-19T17_15_41_0').on_message({"content": [{"score": 1.0, "utterance": "go to step"}], "_sender": "TextInputComponent", "_reason": null, "event_type": "RECOGNITION"})
2017-10-19 17:15:49,199 - TdmApplication - DEBUG - FrontendConnectionHandler(id=140251874949456, session='2017-10-19T17_15_41_0').on_event(Event(STOP_LISTENING, None, sender=TurnManager, reason=None))
2017-10-19 17:15:49,199 - TdmApplication - DEBUG - FrontendConnectionHandler(id=140251874949456, session='2017-10-19T17_15_41_0'): writing {"content": null, "_sender": "TurnManager", "_reason": null, "event_type": "STOP_LISTENING"}
2017-10-19 17:15:49,199 - TdmApplication - DEBUG - FrontendConnectionHandler(id=140251874949456, session='2017-10-19T17_15_41_0'): OK
2017-10-19 17:15:49,247 - TdmApplication - DEBUG - FrontendConnectionHandler(id=140251874949456, session='2017-10-19T17_15_41_0').on_event(Event(FACTS, [], sender=DmeModule, reason=None))
2017-10-19 17:15:49,247 - TdmApplication - DEBUG - FrontendConnectionHandler(id=140251874949456, session='2017-10-19T17_15_41_0'): writing {"content": [], "_sender": "DmeModule", "_reason": null, "event_type": "FACTS"}
2017-10-19 17:15:49,247 - TdmApplication - DEBUG - FrontendConnectionHandler(id=140251874949456, session='2017-10-19T17_15_41_0'): OK
2017-10-19 17:15:49,264 - TdmApplication - DEBUG - FrontendConnectionHandler(id=140251874949456, session='2017-10-19T17_15_41_0').on_event(Event(SYSTEM_UTTERANCE_TO_SPEAK, [I heard you say go to step., I don't understand., So,, Do you want to know go to step?], sender=GenerateModule, reason=None))
2017-10-19 17:15:49,264 - TdmApplication - DEBUG - FrontendConnectionHandler(id=140251874949456, session='2017-10-19T17_15_41_0'): writing {"content": ["I heard you say go to step.", "I don't understand.", "So,", "Do you want to know go to step?"], "_sender": "GenerateModule", "_reason": null, "event_type": "SYSTEM_UTTERANCE_TO_SPEAK"}
2017-10-19 17:15:49,264 - TdmApplication - DEBUG - FrontendConnectionHandler(id=140251874949456, session='2017-10-19T17_15_41_0'): OK
2017-10-19 17:15:49,265 - TdmApplication - DEBUG - FrontendConnectionHandler(id=140251874949456, session='2017-10-19T17_15_41_0').on_event(Event(MESSAGE_TO_GUI, [<tdm.tdm_gui_protocol.Screen instance at 0x7f8eecc14e18>], sender=GuiBackend, reason=None))
2017-10-19 17:15:49,266 - TdmApplication - DEBUG - FrontendConnectionHandler(id=140251874949456, session='2017-10-19T17_15_41_0'): writing {"content": [{"Screen": {"elements": [{"Element": {"name": "move", "title": "", "items": [{"Item": {"attributes": null, "selected": false, "predicted": false, "value": "ask(?X.go_to_step(X))", "title": "Go to step?"}}], "format": "", "voice_browsed": false, "value": "", "template": "menu", "type": "list"}}], "name": "top", "title": "The start view"}}], "_sender": "GuiBackend", "_reason": null, "event_type": "MESSAGE_TO_GUI"}
2017-10-19 17:15:49,266 - TdmApplication - DEBUG - FrontendConnectionHandler(id=140251874949456, session='2017-10-19T17_15_41_0'): OK
2017-10-19 17:15:49,275 - TdmApplication - DEBUG - FrontendConnectionHandler(id=140251874949456, session='2017-10-19T17_15_41_0').on_message({"content": ["I heard you say go to step.", "I don't understand.", "So,", "Do you want to know go to step?"], "_sender": "TextOutputComponent", "_reason": null, "event_type": "SYSTEM_UTTERANCE_REALIZED"})
2017-10-19 17:15:49,312 - TdmApplication - DEBUG - FrontendConnectionHandler(id=140251874949456, session='2017-10-19T17_15_41_0').on_event(Event(FACTS, [], sender=DmeModule, reason=None))
2017-10-19 17:15:49,313 - TdmApplication - DEBUG - FrontendConnectionHandler(id=140251874949456, session='2017-10-19T17_15_41_0'): writing {"content": [], "_sender": "DmeModule", "_reason": null, "event_type": "FACTS"}
2017-10-19 17:15:49,313 - TdmApplication - DEBUG - FrontendConnectionHandler(id=140251874949456, session='2017-10-19T17_15_41_0'): OK
2017-10-19 17:15:57,724 - TdmApplication - DEBUG - FrontendConnectionHandler(id=140251874949456, session='2017-10-19T17_15_41_0').on_message({"content": [{"score": 1.0, "utterance": "go to a step"}], "_sender": "TextInputComponent", "_reason": null, "event_type": "RECOGNITION"})
2017-10-19 17:15:57,729 - TdmApplication - DEBUG - FrontendConnectionHandler(id=140251874949456, session='2017-10-19T17_15_41_0').on_event(Event(STOP_LISTENING, None, sender=TurnManager, reason=None))
2017-10-19 17:15:57,729 - TdmApplication - DEBUG - FrontendConnectionHandler(id=140251874949456, session='2017-10-19T17_15_41_0'): writing {"content": null, "_sender": "TurnManager", "_reason": null, "event_type": "STOP_LISTENING"}
2017-10-19 17:15:57,729 - TdmApplication - DEBUG - FrontendConnectionHandler(id=140251874949456, session='2017-10-19T17_15_41_0'): OK
2017-10-19 17:15:57,806 - TdmApplication - DEBUG - FrontendConnectionHandler(id=140251874949456, session='2017-10-19T17_15_41_0').on_event(Event(SELECTED_RECOGNITION, go to a step, sender=DmeModule, reason=None))
2017-10-19 17:15:57,806 - TdmApplication - DEBUG - FrontendConnectionHandler(id=140251874949456, session='2017-10-19T17_15_41_0'): writing {"content": "go to a step", "_sender": "DmeModule", "_reason": null, "event_type": "SELECTED_RECOGNITION"}
2017-10-19 17:15:57,807 - TdmApplication - DEBUG - FrontendConnectionHandler(id=140251874949456, session='2017-10-19T17_15_41_0'): OK
2017-10-19 17:15:57,807 - TdmApplication - DEBUG - FrontendConnectionHandler(id=140251874949456, session='2017-10-19T17_15_41_0').on_event(Event(FACTS, [], sender=DmeModule, reason=None))
2017-10-19 17:15:57,808 - TdmApplication - DEBUG - FrontendConnectionHandler(id=140251874949456, session='2017-10-19T17_15_41_0'): writing {"content": [], "_sender": "DmeModule", "_reason": null, "event_type": "FACTS"}
2017-10-19 17:15:57,808 - TdmApplication - DEBUG - FrontendConnectionHandler(id=140251874949456, session='2017-10-19T17_15_41_0'): OK
2017-10-19 17:15:57,823 - TdmApplication - DEBUG - FrontendConnectionHandler(id=140251874949456, session='2017-10-19T17_15_41_0').on_event(Event(SYSTEM_UTTERANCE_TO_SPEAK, [, , Which step?], sender=GenerateModule, reason=None))
2017-10-19 17:15:57,823 - TdmApplication - DEBUG - FrontendConnectionHandler(id=140251874949456, session='2017-10-19T17_15_41_0'): writing {"content": ["", "", "Which step?"], "_sender": "GenerateModule", "_reason": null, "event_type": "SYSTEM_UTTERANCE_TO_SPEAK"}
2017-10-19 17:15:57,823 - TdmApplication - DEBUG - FrontendConnectionHandler(id=140251874949456, session='2017-10-19T17_15_41_0'): OK
2017-10-19 17:15:57,824 - TdmApplication - DEBUG - FrontendConnectionHandler(id=140251874949456, session='2017-10-19T17_15_41_0').on_event(Event(MESSAGE_TO_GUI, [], sender=GuiBackend, reason=None))
2017-10-19 17:15:57,824 - TdmApplication - DEBUG - FrontendConnectionHandler(id=140251874949456, session='2017-10-19T17_15_41_0'): writing {"content": [], "_sender": "GuiBackend", "_reason": null, "event_type": "MESSAGE_TO_GUI"}
2017-10-19 17:15:57,825 - TdmApplication - DEBUG - FrontendConnectionHandler(id=140251874949456, session='2017-10-19T17_15_41_0'): OK
2017-10-19 17:15:57,833 - TdmApplication - DEBUG - FrontendConnectionHandler(id=140251874949456, session='2017-10-19T17_15_41_0').on_message({"content": ["", "", "Which step?"], "_sender": "TextOutputComponent", "_reason": null, "event_type": "SYSTEM_UTTERANCE_REALIZED"})
2017-10-19 17:15:57,868 - TdmApplication - DEBUG - FrontendConnectionHandler(id=140251874949456, session='2017-10-19T17_15_41_0').on_event(Event(FACTS, [], sender=DmeModule, reason=None))
2017-10-19 17:15:57,868 - TdmApplication - DEBUG - FrontendConnectionHandler(id=140251874949456, session='2017-10-19T17_15_41_0'): writing {"content": [], "_sender": "DmeModule", "_reason": null, "event_type": "FACTS"}
2017-10-19 17:15:57,868 - TdmApplication - DEBUG - FrontendConnectionHandler(id=140251874949456, session='2017-10-19T17_15_41_0'): OK
2017-10-19 17:16:00,972 - TdmApplication - DEBUG - FrontendConnectionHandler(id=140251874949456, session='2017-10-19T17_15_41_0').on_message({"content": [{"score": 1.0, "utterance": "step one"}], "_sender": "TextInputComponent", "_reason": null, "event_type": "RECOGNITION"})
2017-10-19 17:16:00,977 - TdmApplication - DEBUG - FrontendConnectionHandler(id=140251874949456, session='2017-10-19T17_15_41_0').on_event(Event(STOP_LISTENING, None, sender=TurnManager, reason=None))
2017-10-19 17:16:00,977 - TdmApplication - DEBUG - FrontendConnectionHandler(id=140251874949456, session='2017-10-19T17_15_41_0'): writing {"content": null, "_sender": "TurnManager", "_reason": null, "event_type": "STOP_LISTENING"}
2017-10-19 17:16:00,977 - TdmApplication - DEBUG - FrontendConnectionHandler(id=140251874949456, session='2017-10-19T17_15_41_0'): OK
2017-10-19 17:16:01,064 - TdmApplication - DEBUG - FrontendConnectionHandler(id=140251874949456, session='2017-10-19T17_15_41_0').on_event(Event(SELECTED_RECOGNITION, step one, sender=DmeModule, reason=None))
2017-10-19 17:16:01,064 - TdmApplication - DEBUG - FrontendConnectionHandler(id=140251874949456, session='2017-10-19T17_15_41_0'): writing {"content": "step one", "_sender": "DmeModule", "_reason": null, "event_type": "SELECTED_RECOGNITION"}
2017-10-19 17:16:01,064 - TdmApplication - DEBUG - FrontendConnectionHandler(id=140251874949456, session='2017-10-19T17_15_41_0'): OK
2017-10-19 17:16:01,065 - TdmApplication - DEBUG - FrontendConnectionHandler(id=140251874949456, session='2017-10-19T17_15_41_0').on_event(Event(FACTS, [{predicate: go_to_step, grammar_entry: None, value: other example}], sender=DmeModule, reason=None))
2017-10-19 17:16:01,066 - TdmApplication - DEBUG - FrontendConnectionHandler(id=140251874949456, session='2017-10-19T17_15_41_0'): writing {"content": [{"predicate": "go_to_step", "grammar_entry": null, "value": "other example"}], "_sender": "DmeModule", "_reason": null, "event_type": "FACTS"}
2017-10-19 17:16:01,066 - TdmApplication - DEBUG - FrontendConnectionHandler(id=140251874949456, session='2017-10-19T17_15_41_0'): OK
2017-10-19 17:16:01,074 - TdmApplication - DEBUG - FrontendConnectionHandler(id=140251874949456, session='2017-10-19T17_15_41_0').on_event(Event(SYSTEM_UTTERANCE_TO_SPEAK, [Other example.], sender=GenerateModule, reason=None))
2017-10-19 17:16:01,074 - TdmApplication - DEBUG - FrontendConnectionHandler(id=140251874949456, session='2017-10-19T17_15_41_0'): writing {"content": ["Other example."], "_sender": "GenerateModule", "_reason": null, "event_type": "SYSTEM_UTTERANCE_TO_SPEAK"}
2017-10-19 17:16:01,075 - TdmApplication - DEBUG - FrontendConnectionHandler(id=140251874949456, session='2017-10-19T17_15_41_0'): OK
2017-10-19 17:16:01,076 - TdmApplication - DEBUG - FrontendConnectionHandler(id=140251874949456, session='2017-10-19T17_15_41_0').on_event(Event(GUI.POPUP, {options: [], title: Other example.}, sender=IndependentGuiBackend, reason=None))
2017-10-19 17:16:01,076 - TdmApplication - DEBUG - FrontendConnectionHandler(id=140251874949456, session='2017-10-19T17_15_41_0'): writing {"content": {"options": [], "title": "Other example."}, "_sender": "IndependentGuiBackend", "_reason": null, "event_type": "GUI.POPUP"}
2017-10-19 17:16:01,077 - TdmApplication - DEBUG - FrontendConnectionHandler(id=140251874949456, session='2017-10-19T17_15_41_0'): OK
2017-10-19 17:16:01,078 - TdmApplication - DEBUG - FrontendConnectionHandler(id=140251874949456, session='2017-10-19T17_15_41_0').on_event(Event(MESSAGE_TO_GUI, [<tdm.tdm_gui_protocol.Popup instance at 0x7f8eecc0b1b8>], sender=GuiBackend, reason=None))
2017-10-19 17:16:01,078 - TdmApplication - DEBUG - FrontendConnectionHandler(id=140251874949456, session='2017-10-19T17_15_41_0'): writing {"content": [{"Popup": {"elements": [], "title": "Other example."}}], "_sender": "GuiBackend", "_reason": null, "event_type": "MESSAGE_TO_GUI"}
2017-10-19 17:16:01,078 - TdmApplication - DEBUG - FrontendConnectionHandler(id=140251874949456, session='2017-10-19T17_15_41_0'): OK
2017-10-19 17:16:01,084 - TdmApplication - DEBUG - FrontendConnectionHandler(id=140251874949456, session='2017-10-19T17_15_41_0').on_message({"content": ["Other example."], "_sender": "TextOutputComponent", "_reason": null, "event_type": "SYSTEM_UTTERANCE_REALIZED"})
2017-10-19 17:16:01,111 - TdmApplication - DEBUG - FrontendConnectionHandler(id=140251874949456, session='2017-10-19T17_15_41_0').on_event(Event(FACTS, [{predicate: go_to_step, grammar_entry: None, value: other example}], sender=DmeModule, reason=None))
2017-10-19 17:16:01,111 - TdmApplication - DEBUG - FrontendConnectionHandler(id=140251874949456, session='2017-10-19T17_15_41_0'): writing {"content": [{"predicate": "go_to_step", "grammar_entry": null, "value": "other example"}], "_sender": "DmeModule", "_reason": null, "event_type": "FACTS"}
2017-10-19 17:16:01,111 - TdmApplication - DEBUG - FrontendConnectionHandler(id=140251874949456, session='2017-10-19T17_15_41_0'): OK
2017-10-19 17:18:18,583 - TdmApplication - DEBUG - FrontendConnectionHandler(id=140251874949456, session='2017-10-19T17_15_41_0').on_close()
2017-10-19 17:18:18,584 - TdmApplication - DEBUG - SessionManager.stop('2017-10-19T17_15_41_0')
2017-10-19 17:18:18,587 - TdmApplication - DEBUG - TdmApplication.stop(): Stopping HTTP server
2017-10-19 17:18:18,587 - TdmApplication - DEBUG - TdmApplication.stop(): Stopping IO-loop
2017-10-19 17:18:18,588 - TdmApplication - DEBUG - TdmApplication.stop(): Stopping sessions []
2017-10-19 17:18:18,588 - TdmApplication - DEBUG - FrontendConnectionHandler(id=140251874949456, session='2017-10-19T17_15_41_0').on_event(Event(FACTS, [{predicate: go_to_step, grammar_entry: None, value: other example}], sender=DmeModule, reason=None))
2017-10-19 17:18:18,589 - TdmApplication - DEBUG - FrontendConnectionHandler(id=140251874949456, session='2017-10-19T17_15_41_0'): writing {"content": [{"predicate": "go_to_step", "grammar_entry": null, "value": "other example"}], "_sender": "DmeModule", "_reason": null, "event_type": "FACTS"}
2017-10-19 17:18:18,589 - TdmApplication - DEBUG - FrontendConnectionHandler(id=140251874949456, session='2017-10-19T17_15_41_0'): OK
