2017-10-24 11:33:55,421 - TdmApplication - DEBUG - DddDb().__init__(name='ddds', default_ddds=[u'recipehelp'])
2017-10-24 11:33:55,422 - TdmApplication - DEBUG - DddDb(): DB file name is '/home/gusmatssar/recipedialogue/tdm/ddds.json'
2017-10-24 11:33:55,433 - TdmApplication - DEBUG - FrontendConnectionHandler(id=139661893056848, session=None).open()
2017-10-24 11:33:55,436 - TdmApplication - DEBUG - thread_manager.create_thread() with threading.active_count()=3
2017-10-24 11:33:55,436 - TdmApplication - DEBUG - FrontendConnectionHandler(id=139661893056848, session=None).on_message({"handshake_content": {"session_id": null, "keep_session_alive": false}, "name": "Frontend"})
2017-10-24 11:33:55,436 - TdmApplication - DEBUG - FrontendConnectionHandler(id=139661893056848, session=None)._register({"handshake_content": {"session_id": null, "keep_session_alive": false}, "name": "Frontend"})
2017-10-24 11:33:55,437 - TdmApplication - DEBUG - thread_manager.create_thread() with threading.active_count()=4
2017-10-24 11:33:55,438 - TdmApplication - DEBUG - Creating backend and session with id 2017-10-24T11_33_55_0.
2017-10-24 11:33:55,474 - TdmApplication - DEBUG - FrontendConnectionHandler._register: Registered in session 2017-10-24T11_33_55_0 with backend <ThreadedBackend(ThreadedBackend, started daemon 139661783586560)>.
2017-10-24 11:33:55,476 - TdmApplication - DEBUG - FrontendConnectionHandler(id=139661893056848, session='2017-10-24T11_33_55_0').on_event(Event(REGISTER_BACKEND, None, sender=Backend, reason=None))
2017-10-24 11:33:55,476 - TdmApplication - DEBUG - FrontendConnectionHandler(id=139661893056848, session='2017-10-24T11_33_55_0'): writing {"content": null, "_sender": "Backend", "_reason": null, "event_type": "REGISTER_BACKEND"}
2017-10-24 11:33:55,476 - TdmApplication - DEBUG - FrontendConnectionHandler(id=139661893056848, session='2017-10-24T11_33_55_0'): OK
2017-10-24 11:33:55,482 - TdmApplication - DEBUG - FrontendConnectionHandler(id=139661893056848, session='2017-10-24T11_33_55_0').on_message({"content": null, "_sender": "Frontend", "_reason": null, "event_type": "FRONTEND_READY"})
2017-10-24 11:33:55,486 - TdmApplication - DEBUG - FrontendConnectionHandler(id=139661893056848, session='2017-10-24T11_33_55_0').on_event(Event(BACKEND_READY, None, sender=Backend, reason=None))
2017-10-24 11:33:55,486 - TdmApplication - DEBUG - FrontendConnectionHandler(id=139661893056848, session='2017-10-24T11_33_55_0'): writing {"content": null, "_sender": "Backend", "_reason": null, "event_type": "BACKEND_READY"}
2017-10-24 11:33:55,486 - TdmApplication - DEBUG - FrontendConnectionHandler(id=139661893056848, session='2017-10-24T11_33_55_0'): OK
2017-10-24 11:33:55,489 - TdmApplication - DEBUG - FrontendConnectionHandler(id=139661893056848, session='2017-10-24T11_33_55_0').on_message({"content": null, "_sender": "Frontend", "_reason": null, "event_type": "START"})
2017-10-24 11:33:55,524 - TdmApplication - DEBUG - FrontendConnectionHandler(id=139661893056848, session='2017-10-24T11_33_55_0').on_event(Event(SET_DDD, {ddd_name: recipehelp, language_code: eng}, sender=DmeModule, reason=None))
2017-10-24 11:33:55,524 - TdmApplication - DEBUG - FrontendConnectionHandler(id=139661893056848, session='2017-10-24T11_33_55_0'): writing {"content": {"ddd_name": "recipehelp", "language_code": "eng"}, "_sender": "DmeModule", "_reason": null, "event_type": "SET_DDD"}
2017-10-24 11:33:55,524 - TdmApplication - DEBUG - FrontendConnectionHandler(id=139661893056848, session='2017-10-24T11_33_55_0'): OK
2017-10-24 11:33:55,525 - TdmApplication - DEBUG - FrontendConnectionHandler(id=139661893056848, session='2017-10-24T11_33_55_0').on_event(Event(FACTS, [], sender=DmeModule, reason=None))
2017-10-24 11:33:55,525 - TdmApplication - DEBUG - FrontendConnectionHandler(id=139661893056848, session='2017-10-24T11_33_55_0'): writing {"content": [], "_sender": "DmeModule", "_reason": null, "event_type": "FACTS"}
2017-10-24 11:33:55,525 - TdmApplication - DEBUG - FrontendConnectionHandler(id=139661893056848, session='2017-10-24T11_33_55_0'): OK
2017-10-24 11:33:55,533 - TdmApplication - DEBUG - FrontendConnectionHandler(id=139661893056848, session='2017-10-24T11_33_55_0').on_event(Event(SYSTEM_UTTERANCE_TO_SPEAK, [, What would you like to do?], sender=GenerateModule, reason=None))
2017-10-24 11:33:55,533 - TdmApplication - DEBUG - FrontendConnectionHandler(id=139661893056848, session='2017-10-24T11_33_55_0'): writing {"content": ["", "What would you like to do?"], "_sender": "GenerateModule", "_reason": null, "event_type": "SYSTEM_UTTERANCE_TO_SPEAK"}
2017-10-24 11:33:55,533 - TdmApplication - DEBUG - FrontendConnectionHandler(id=139661893056848, session='2017-10-24T11_33_55_0'): OK
2017-10-24 11:33:55,534 - TdmApplication - DEBUG - FrontendConnectionHandler(id=139661893056848, session='2017-10-24T11_33_55_0').on_event(Event(MESSAGE_TO_GUI, [], sender=GuiBackend, reason=None))
2017-10-24 11:33:55,534 - TdmApplication - DEBUG - FrontendConnectionHandler(id=139661893056848, session='2017-10-24T11_33_55_0'): writing {"content": [], "_sender": "GuiBackend", "_reason": null, "event_type": "MESSAGE_TO_GUI"}
2017-10-24 11:33:55,534 - TdmApplication - DEBUG - FrontendConnectionHandler(id=139661893056848, session='2017-10-24T11_33_55_0'): OK
2017-10-24 11:33:55,575 - TdmApplication - DEBUG - FrontendConnectionHandler(id=139661893056848, session='2017-10-24T11_33_55_0').on_message({"content": ["", "What would you like to do?"], "_sender": "TextOutputComponent", "_reason": null, "event_type": "SYSTEM_UTTERANCE_REALIZED"})
2017-10-24 11:33:55,598 - TdmApplication - DEBUG - FrontendConnectionHandler(id=139661893056848, session='2017-10-24T11_33_55_0').on_event(Event(FACTS, [], sender=DmeModule, reason=None))
2017-10-24 11:33:55,598 - TdmApplication - DEBUG - FrontendConnectionHandler(id=139661893056848, session='2017-10-24T11_33_55_0'): writing {"content": [], "_sender": "DmeModule", "_reason": null, "event_type": "FACTS"}
2017-10-24 11:33:55,598 - TdmApplication - DEBUG - FrontendConnectionHandler(id=139661893056848, session='2017-10-24T11_33_55_0'): OK
2017-10-24 11:34:13,200 - TdmApplication - DEBUG - FrontendConnectionHandler(id=139661893056848, session='2017-10-24T11_33_55_0').on_message({"content": [{"score": 1.0, "utterance": "go to a step"}], "_sender": "TextInputComponent", "_reason": null, "event_type": "RECOGNITION"})
2017-10-24 11:34:13,209 - TdmApplication - DEBUG - FrontendConnectionHandler(id=139661893056848, session='2017-10-24T11_33_55_0').on_event(Event(STOP_LISTENING, None, sender=TurnManager, reason=None))
2017-10-24 11:34:13,209 - TdmApplication - DEBUG - FrontendConnectionHandler(id=139661893056848, session='2017-10-24T11_33_55_0'): writing {"content": null, "_sender": "TurnManager", "_reason": null, "event_type": "STOP_LISTENING"}
2017-10-24 11:34:13,209 - TdmApplication - DEBUG - FrontendConnectionHandler(id=139661893056848, session='2017-10-24T11_33_55_0'): OK
2017-10-24 11:34:13,283 - TdmApplication - DEBUG - FrontendConnectionHandler(id=139661893056848, session='2017-10-24T11_33_55_0').on_event(Event(SELECTED_RECOGNITION, go to a step, sender=DmeModule, reason=None))
2017-10-24 11:34:13,283 - TdmApplication - DEBUG - FrontendConnectionHandler(id=139661893056848, session='2017-10-24T11_33_55_0'): writing {"content": "go to a step", "_sender": "DmeModule", "_reason": null, "event_type": "SELECTED_RECOGNITION"}
2017-10-24 11:34:13,283 - TdmApplication - DEBUG - FrontendConnectionHandler(id=139661893056848, session='2017-10-24T11_33_55_0'): OK
2017-10-24 11:34:13,284 - TdmApplication - DEBUG - FrontendConnectionHandler(id=139661893056848, session='2017-10-24T11_33_55_0').on_event(Event(FACTS, [], sender=DmeModule, reason=None))
2017-10-24 11:34:13,284 - TdmApplication - DEBUG - FrontendConnectionHandler(id=139661893056848, session='2017-10-24T11_33_55_0'): writing {"content": [], "_sender": "DmeModule", "_reason": null, "event_type": "FACTS"}
2017-10-24 11:34:13,284 - TdmApplication - DEBUG - FrontendConnectionHandler(id=139661893056848, session='2017-10-24T11_33_55_0'): OK
2017-10-24 11:34:13,295 - TdmApplication - DEBUG - FrontendConnectionHandler(id=139661893056848, session='2017-10-24T11_33_55_0').on_event(Event(SYSTEM_UTTERANCE_TO_SPEAK, [, , Which step?], sender=GenerateModule, reason=None))
2017-10-24 11:34:13,295 - TdmApplication - DEBUG - FrontendConnectionHandler(id=139661893056848, session='2017-10-24T11_33_55_0'): writing {"content": ["", "", "Which step?"], "_sender": "GenerateModule", "_reason": null, "event_type": "SYSTEM_UTTERANCE_TO_SPEAK"}
2017-10-24 11:34:13,295 - TdmApplication - DEBUG - FrontendConnectionHandler(id=139661893056848, session='2017-10-24T11_33_55_0'): OK
2017-10-24 11:34:13,296 - TdmApplication - DEBUG - FrontendConnectionHandler(id=139661893056848, session='2017-10-24T11_33_55_0').on_event(Event(MESSAGE_TO_GUI, [], sender=GuiBackend, reason=None))
2017-10-24 11:34:13,296 - TdmApplication - DEBUG - FrontendConnectionHandler(id=139661893056848, session='2017-10-24T11_33_55_0'): writing {"content": [], "_sender": "GuiBackend", "_reason": null, "event_type": "MESSAGE_TO_GUI"}
2017-10-24 11:34:13,296 - TdmApplication - DEBUG - FrontendConnectionHandler(id=139661893056848, session='2017-10-24T11_33_55_0'): OK
2017-10-24 11:34:13,308 - TdmApplication - DEBUG - FrontendConnectionHandler(id=139661893056848, session='2017-10-24T11_33_55_0').on_message({"content": ["", "", "Which step?"], "_sender": "TextOutputComponent", "_reason": null, "event_type": "SYSTEM_UTTERANCE_REALIZED"})
2017-10-24 11:34:13,340 - TdmApplication - DEBUG - FrontendConnectionHandler(id=139661893056848, session='2017-10-24T11_33_55_0').on_event(Event(FACTS, [], sender=DmeModule, reason=None))
2017-10-24 11:34:13,340 - TdmApplication - DEBUG - FrontendConnectionHandler(id=139661893056848, session='2017-10-24T11_33_55_0'): writing {"content": [], "_sender": "DmeModule", "_reason": null, "event_type": "FACTS"}
2017-10-24 11:34:13,340 - TdmApplication - DEBUG - FrontendConnectionHandler(id=139661893056848, session='2017-10-24T11_33_55_0'): OK
2017-10-24 11:34:18,445 - TdmApplication - DEBUG - FrontendConnectionHandler(id=139661893056848, session='2017-10-24T11_33_55_0').on_message({"content": [{"score": 1.0, "utterance": "tell me what to do"}], "_sender": "TextInputComponent", "_reason": null, "event_type": "RECOGNITION"})
2017-10-24 11:34:18,450 - TdmApplication - DEBUG - FrontendConnectionHandler(id=139661893056848, session='2017-10-24T11_33_55_0').on_event(Event(STOP_LISTENING, None, sender=TurnManager, reason=None))
2017-10-24 11:34:18,450 - TdmApplication - DEBUG - FrontendConnectionHandler(id=139661893056848, session='2017-10-24T11_33_55_0'): writing {"content": null, "_sender": "TurnManager", "_reason": null, "event_type": "STOP_LISTENING"}
2017-10-24 11:34:18,450 - TdmApplication - DEBUG - FrontendConnectionHandler(id=139661893056848, session='2017-10-24T11_33_55_0'): OK
2017-10-24 11:34:18,524 - TdmApplication - DEBUG - FrontendConnectionHandler(id=139661893056848, session='2017-10-24T11_33_55_0').on_event(Event(SELECTED_RECOGNITION, tell me what to do, sender=DmeModule, reason=None))
2017-10-24 11:34:18,524 - TdmApplication - DEBUG - FrontendConnectionHandler(id=139661893056848, session='2017-10-24T11_33_55_0'): writing {"content": "tell me what to do", "_sender": "DmeModule", "_reason": null, "event_type": "SELECTED_RECOGNITION"}
2017-10-24 11:34:18,525 - TdmApplication - DEBUG - FrontendConnectionHandler(id=139661893056848, session='2017-10-24T11_33_55_0'): OK
2017-10-24 11:34:18,526 - TdmApplication - DEBUG - FrontendConnectionHandler(id=139661893056848, session='2017-10-24T11_33_55_0').on_event(Event(FACTS, [{predicate: say_step, grammar_entry: None, value: 0}], sender=DmeModule, reason=None))
2017-10-24 11:34:18,526 - TdmApplication - DEBUG - FrontendConnectionHandler(id=139661893056848, session='2017-10-24T11_33_55_0'): writing {"content": [{"predicate": "say_step", "grammar_entry": null, "value": "0"}], "_sender": "DmeModule", "_reason": null, "event_type": "FACTS"}
2017-10-24 11:34:18,526 - TdmApplication - DEBUG - FrontendConnectionHandler(id=139661893056848, session='2017-10-24T11_33_55_0'): OK
2017-10-24 11:34:18,536 - TdmApplication - DEBUG - FrontendConnectionHandler(id=139661893056848, session='2017-10-24T11_33_55_0').on_event(Event(SYSTEM_UTTERANCE_TO_SPEAK, [Ok 0.], sender=GenerateModule, reason=None))
2017-10-24 11:34:18,536 - TdmApplication - DEBUG - FrontendConnectionHandler(id=139661893056848, session='2017-10-24T11_33_55_0'): writing {"content": ["Ok 0."], "_sender": "GenerateModule", "_reason": null, "event_type": "SYSTEM_UTTERANCE_TO_SPEAK"}
2017-10-24 11:34:18,536 - TdmApplication - DEBUG - FrontendConnectionHandler(id=139661893056848, session='2017-10-24T11_33_55_0'): OK
2017-10-24 11:34:18,537 - TdmApplication - DEBUG - FrontendConnectionHandler(id=139661893056848, session='2017-10-24T11_33_55_0').on_event(Event(GUI.POPUP, {options: [], title: Ok 0.}, sender=IndependentGuiBackend, reason=None))
2017-10-24 11:34:18,538 - TdmApplication - DEBUG - FrontendConnectionHandler(id=139661893056848, session='2017-10-24T11_33_55_0'): writing {"content": {"options": [], "title": "Ok 0."}, "_sender": "IndependentGuiBackend", "_reason": null, "event_type": "GUI.POPUP"}
2017-10-24 11:34:18,538 - TdmApplication - DEBUG - FrontendConnectionHandler(id=139661893056848, session='2017-10-24T11_33_55_0'): OK
2017-10-24 11:34:18,539 - TdmApplication - DEBUG - FrontendConnectionHandler(id=139661893056848, session='2017-10-24T11_33_55_0').on_event(Event(MESSAGE_TO_GUI, [<tdm.tdm_gui_protocol.Popup instance at 0x7f0590107bd8>], sender=GuiBackend, reason=None))
2017-10-24 11:34:18,539 - TdmApplication - DEBUG - FrontendConnectionHandler(id=139661893056848, session='2017-10-24T11_33_55_0'): writing {"content": [{"Popup": {"elements": [], "title": "Ok 0."}}], "_sender": "GuiBackend", "_reason": null, "event_type": "MESSAGE_TO_GUI"}
2017-10-24 11:34:18,539 - TdmApplication - DEBUG - FrontendConnectionHandler(id=139661893056848, session='2017-10-24T11_33_55_0'): OK
2017-10-24 11:34:18,544 - TdmApplication - DEBUG - FrontendConnectionHandler(id=139661893056848, session='2017-10-24T11_33_55_0').on_message({"content": ["Ok 0."], "_sender": "TextOutputComponent", "_reason": null, "event_type": "SYSTEM_UTTERANCE_REALIZED"})
2017-10-24 11:34:18,596 - TdmApplication - DEBUG - FrontendConnectionHandler(id=139661893056848, session='2017-10-24T11_33_55_0').on_event(Event(FACTS, [{predicate: say_step, grammar_entry: None, value: 0}], sender=DmeModule, reason=None))
2017-10-24 11:34:18,597 - TdmApplication - DEBUG - FrontendConnectionHandler(id=139661893056848, session='2017-10-24T11_33_55_0'): writing {"content": [{"predicate": "say_step", "grammar_entry": null, "value": "0"}], "_sender": "DmeModule", "_reason": null, "event_type": "FACTS"}
2017-10-24 11:34:18,597 - TdmApplication - DEBUG - FrontendConnectionHandler(id=139661893056848, session='2017-10-24T11_33_55_0'): OK
2017-10-24 11:34:18,610 - TdmApplication - DEBUG - FrontendConnectionHandler(id=139661893056848, session='2017-10-24T11_33_55_0').on_event(Event(SYSTEM_UTTERANCE_TO_SPEAK, [Returning to go to step., Which step?], sender=GenerateModule, reason=None))
2017-10-24 11:34:18,610 - TdmApplication - DEBUG - FrontendConnectionHandler(id=139661893056848, session='2017-10-24T11_33_55_0'): writing {"content": ["Returning to go to step.", "Which step?"], "_sender": "GenerateModule", "_reason": null, "event_type": "SYSTEM_UTTERANCE_TO_SPEAK"}
2017-10-24 11:34:18,610 - TdmApplication - DEBUG - FrontendConnectionHandler(id=139661893056848, session='2017-10-24T11_33_55_0'): OK
2017-10-24 11:34:18,611 - TdmApplication - DEBUG - FrontendConnectionHandler(id=139661893056848, session='2017-10-24T11_33_55_0').on_event(Event(MESSAGE_TO_GUI, [<tdm.tdm_gui_protocol.ClosePopup instance at 0x7f0590183680>], sender=GuiBackend, reason=None))
2017-10-24 11:34:18,611 - TdmApplication - DEBUG - FrontendConnectionHandler(id=139661893056848, session='2017-10-24T11_33_55_0'): writing {"content": [{"ClosePopup": {}}], "_sender": "GuiBackend", "_reason": null, "event_type": "MESSAGE_TO_GUI"}
2017-10-24 11:34:18,611 - TdmApplication - DEBUG - FrontendConnectionHandler(id=139661893056848, session='2017-10-24T11_33_55_0'): OK
2017-10-24 11:34:18,654 - TdmApplication - DEBUG - FrontendConnectionHandler(id=139661893056848, session='2017-10-24T11_33_55_0').on_message({"content": ["Returning to go to step.", "Which step?"], "_sender": "TextOutputComponent", "_reason": null, "event_type": "SYSTEM_UTTERANCE_REALIZED"})
2017-10-24 11:34:18,683 - TdmApplication - DEBUG - FrontendConnectionHandler(id=139661893056848, session='2017-10-24T11_33_55_0').on_event(Event(FACTS, [{predicate: say_step, grammar_entry: None, value: 0}], sender=DmeModule, reason=None))
2017-10-24 11:34:18,683 - TdmApplication - DEBUG - FrontendConnectionHandler(id=139661893056848, session='2017-10-24T11_33_55_0'): writing {"content": [{"predicate": "say_step", "grammar_entry": null, "value": "0"}], "_sender": "DmeModule", "_reason": null, "event_type": "FACTS"}
2017-10-24 11:34:18,683 - TdmApplication - DEBUG - FrontendConnectionHandler(id=139661893056848, session='2017-10-24T11_33_55_0'): OK
2017-10-24 11:34:39,036 - TdmApplication - DEBUG - FrontendConnectionHandler(id=139661893056848, session='2017-10-24T11_33_55_0').on_message({"content": [{"score": 1.0, "utterance": "step one"}], "_sender": "TextInputComponent", "_reason": null, "event_type": "RECOGNITION"})
2017-10-24 11:34:39,041 - TdmApplication - DEBUG - FrontendConnectionHandler(id=139661893056848, session='2017-10-24T11_33_55_0').on_event(Event(STOP_LISTENING, None, sender=TurnManager, reason=None))
2017-10-24 11:34:39,041 - TdmApplication - DEBUG - FrontendConnectionHandler(id=139661893056848, session='2017-10-24T11_33_55_0'): writing {"content": null, "_sender": "TurnManager", "_reason": null, "event_type": "STOP_LISTENING"}
2017-10-24 11:34:39,042 - TdmApplication - DEBUG - FrontendConnectionHandler(id=139661893056848, session='2017-10-24T11_33_55_0'): OK
2017-10-24 11:34:39,128 - TdmApplication - DEBUG - FrontendConnectionHandler(id=139661893056848, session='2017-10-24T11_33_55_0').on_event(Event(SELECTED_RECOGNITION, step one, sender=DmeModule, reason=None))
2017-10-24 11:34:39,128 - TdmApplication - DEBUG - FrontendConnectionHandler(id=139661893056848, session='2017-10-24T11_33_55_0'): writing {"content": "step one", "_sender": "DmeModule", "_reason": null, "event_type": "SELECTED_RECOGNITION"}
2017-10-24 11:34:39,128 - TdmApplication - DEBUG - FrontendConnectionHandler(id=139661893056848, session='2017-10-24T11_33_55_0'): OK
2017-10-24 11:34:39,130 - TdmApplication - DEBUG - FrontendConnectionHandler(id=139661893056848, session='2017-10-24T11_33_55_0').on_event(Event(FACTS, [{predicate: say_step, grammar_entry: None, value: 0}, {predicate: go_to_step, grammar_entry: None, value: chose a step}], sender=DmeModule, reason=None))
2017-10-24 11:34:39,130 - TdmApplication - DEBUG - FrontendConnectionHandler(id=139661893056848, session='2017-10-24T11_33_55_0'): writing {"content": [{"predicate": "say_step", "grammar_entry": null, "value": "0"}, {"predicate": "go_to_step", "grammar_entry": null, "value": "chose a step"}], "_sender": "DmeModule", "_reason": null, "event_type": "FACTS"}
2017-10-24 11:34:39,130 - TdmApplication - DEBUG - FrontendConnectionHandler(id=139661893056848, session='2017-10-24T11_33_55_0'): OK
2017-10-24 11:34:39,141 - TdmApplication - DEBUG - FrontendConnectionHandler(id=139661893056848, session='2017-10-24T11_33_55_0').on_event(Event(SYSTEM_UTTERANCE_TO_SPEAK, [Ok chose a step.], sender=GenerateModule, reason=None))
2017-10-24 11:34:39,141 - TdmApplication - DEBUG - FrontendConnectionHandler(id=139661893056848, session='2017-10-24T11_33_55_0'): writing {"content": ["Ok chose a step."], "_sender": "GenerateModule", "_reason": null, "event_type": "SYSTEM_UTTERANCE_TO_SPEAK"}
2017-10-24 11:34:39,141 - TdmApplication - DEBUG - FrontendConnectionHandler(id=139661893056848, session='2017-10-24T11_33_55_0'): OK
2017-10-24 11:34:39,142 - TdmApplication - DEBUG - FrontendConnectionHandler(id=139661893056848, session='2017-10-24T11_33_55_0').on_event(Event(GUI.POPUP, {options: [], title: Ok chose a step.}, sender=IndependentGuiBackend, reason=None))
2017-10-24 11:34:39,142 - TdmApplication - DEBUG - FrontendConnectionHandler(id=139661893056848, session='2017-10-24T11_33_55_0'): writing {"content": {"options": [], "title": "Ok chose a step."}, "_sender": "IndependentGuiBackend", "_reason": null, "event_type": "GUI.POPUP"}
2017-10-24 11:34:39,142 - TdmApplication - DEBUG - FrontendConnectionHandler(id=139661893056848, session='2017-10-24T11_33_55_0'): OK
2017-10-24 11:34:39,143 - TdmApplication - DEBUG - FrontendConnectionHandler(id=139661893056848, session='2017-10-24T11_33_55_0').on_event(Event(MESSAGE_TO_GUI, [<tdm.tdm_gui_protocol.Popup instance at 0x7f0590168128>], sender=GuiBackend, reason=None))
2017-10-24 11:34:39,144 - TdmApplication - DEBUG - FrontendConnectionHandler(id=139661893056848, session='2017-10-24T11_33_55_0'): writing {"content": [{"Popup": {"elements": [], "title": "Ok chose a step."}}], "_sender": "GuiBackend", "_reason": null, "event_type": "MESSAGE_TO_GUI"}
2017-10-24 11:34:39,144 - TdmApplication - DEBUG - FrontendConnectionHandler(id=139661893056848, session='2017-10-24T11_33_55_0'): OK
2017-10-24 11:34:39,149 - TdmApplication - DEBUG - FrontendConnectionHandler(id=139661893056848, session='2017-10-24T11_33_55_0').on_message({"content": ["Ok chose a step."], "_sender": "TextOutputComponent", "_reason": null, "event_type": "SYSTEM_UTTERANCE_REALIZED"})
2017-10-24 11:34:39,177 - TdmApplication - DEBUG - FrontendConnectionHandler(id=139661893056848, session='2017-10-24T11_33_55_0').on_event(Event(FACTS, [{predicate: say_step, grammar_entry: None, value: 0}, {predicate: go_to_step, grammar_entry: None, value: chose a step}], sender=DmeModule, reason=None))
2017-10-24 11:34:39,177 - TdmApplication - DEBUG - FrontendConnectionHandler(id=139661893056848, session='2017-10-24T11_33_55_0'): writing {"content": [{"predicate": "say_step", "grammar_entry": null, "value": "0"}, {"predicate": "go_to_step", "grammar_entry": null, "value": "chose a step"}], "_sender": "DmeModule", "_reason": null, "event_type": "FACTS"}
2017-10-24 11:34:39,177 - TdmApplication - DEBUG - FrontendConnectionHandler(id=139661893056848, session='2017-10-24T11_33_55_0'): OK
2017-10-24 11:34:46,061 - TdmApplication - DEBUG - FrontendConnectionHandler(id=139661893056848, session='2017-10-24T11_33_55_0').on_message({"content": [{"score": 1.0, "utterance": "tell me what to do"}], "_sender": "TextInputComponent", "_reason": null, "event_type": "RECOGNITION"})
2017-10-24 11:34:46,065 - TdmApplication - DEBUG - FrontendConnectionHandler(id=139661893056848, session='2017-10-24T11_33_55_0').on_event(Event(FACTS, [], sender=DmeModule, reason=None))
2017-10-24 11:34:46,065 - TdmApplication - DEBUG - FrontendConnectionHandler(id=139661893056848, session='2017-10-24T11_33_55_0'): writing {"content": [], "_sender": "DmeModule", "_reason": null, "event_type": "FACTS"}
2017-10-24 11:34:46,065 - TdmApplication - DEBUG - FrontendConnectionHandler(id=139661893056848, session='2017-10-24T11_33_55_0'): OK
2017-10-24 11:34:46,075 - TdmApplication - DEBUG - FrontendConnectionHandler(id=139661893056848, session='2017-10-24T11_33_55_0').on_event(Event(STOP_SPEAKING, None, sender=TurnManager, reason=None))
2017-10-24 11:34:46,075 - TdmApplication - DEBUG - FrontendConnectionHandler(id=139661893056848, session='2017-10-24T11_33_55_0'): writing {"content": null, "_sender": "TurnManager", "_reason": null, "event_type": "STOP_SPEAKING"}
2017-10-24 11:34:46,075 - TdmApplication - DEBUG - FrontendConnectionHandler(id=139661893056848, session='2017-10-24T11_33_55_0'): OK
2017-10-24 11:34:46,076 - TdmApplication - DEBUG - FrontendConnectionHandler(id=139661893056848, session='2017-10-24T11_33_55_0').on_event(Event(SYSTEM_UTTERANCE_TO_SPEAK, [Returning to the start view., What would you like to do?], sender=GenerateModule, reason=None))
2017-10-24 11:34:46,076 - TdmApplication - DEBUG - FrontendConnectionHandler(id=139661893056848, session='2017-10-24T11_33_55_0'): writing {"content": ["Returning to the start view.", "What would you like to do?"], "_sender": "GenerateModule", "_reason": null, "event_type": "SYSTEM_UTTERANCE_TO_SPEAK"}
2017-10-24 11:34:46,076 - TdmApplication - DEBUG - FrontendConnectionHandler(id=139661893056848, session='2017-10-24T11_33_55_0'): OK
2017-10-24 11:34:46,077 - TdmApplication - DEBUG - FrontendConnectionHandler(id=139661893056848, session='2017-10-24T11_33_55_0').on_event(Event(MESSAGE_TO_GUI, [<tdm.tdm_gui_protocol.ClosePopup instance at 0x7f0590141128>], sender=GuiBackend, reason=None))
2017-10-24 11:34:46,078 - TdmApplication - DEBUG - FrontendConnectionHandler(id=139661893056848, session='2017-10-24T11_33_55_0'): writing {"content": [{"ClosePopup": {}}], "_sender": "GuiBackend", "_reason": null, "event_type": "MESSAGE_TO_GUI"}
2017-10-24 11:34:46,078 - TdmApplication - DEBUG - FrontendConnectionHandler(id=139661893056848, session='2017-10-24T11_33_55_0'): OK
2017-10-24 11:34:46,109 - TdmApplication - DEBUG - FrontendConnectionHandler(id=139661893056848, session='2017-10-24T11_33_55_0').on_message({"content": ["Returning to the start view.", "What would you like to do?"], "_sender": "TextOutputComponent", "_reason": null, "event_type": "SYSTEM_UTTERANCE_REALIZED"})
2017-10-24 11:34:46,133 - TdmApplication - DEBUG - FrontendConnectionHandler(id=139661893056848, session='2017-10-24T11_33_55_0').on_event(Event(FACTS, [], sender=DmeModule, reason=None))
2017-10-24 11:34:46,133 - TdmApplication - DEBUG - FrontendConnectionHandler(id=139661893056848, session='2017-10-24T11_33_55_0'): writing {"content": [], "_sender": "DmeModule", "_reason": null, "event_type": "FACTS"}
2017-10-24 11:34:46,133 - TdmApplication - DEBUG - FrontendConnectionHandler(id=139661893056848, session='2017-10-24T11_33_55_0'): OK
2017-10-24 11:34:46,208 - TdmApplication - DEBUG - FrontendConnectionHandler(id=139661893056848, session='2017-10-24T11_33_55_0').on_event(Event(SELECTED_RECOGNITION, tell me what to do, sender=DmeModule, reason=None))
2017-10-24 11:34:46,208 - TdmApplication - DEBUG - FrontendConnectionHandler(id=139661893056848, session='2017-10-24T11_33_55_0'): writing {"content": "tell me what to do", "_sender": "DmeModule", "_reason": null, "event_type": "SELECTED_RECOGNITION"}
2017-10-24 11:34:46,208 - TdmApplication - DEBUG - FrontendConnectionHandler(id=139661893056848, session='2017-10-24T11_33_55_0'): OK
2017-10-24 11:34:46,210 - TdmApplication - DEBUG - FrontendConnectionHandler(id=139661893056848, session='2017-10-24T11_33_55_0').on_event(Event(FACTS, [{predicate: say_step, grammar_entry: None, value:  Step one: Chop onions and garlic.}], sender=DmeModule, reason=None))
2017-10-24 11:34:46,210 - TdmApplication - DEBUG - FrontendConnectionHandler(id=139661893056848, session='2017-10-24T11_33_55_0'): writing {"content": [{"predicate": "say_step", "grammar_entry": null, "value": " Step one: Chop onions and garlic."}], "_sender": "DmeModule", "_reason": null, "event_type": "FACTS"}
2017-10-24 11:34:46,210 - TdmApplication - DEBUG - FrontendConnectionHandler(id=139661893056848, session='2017-10-24T11_33_55_0'): OK
2017-10-24 11:34:46,219 - TdmApplication - DEBUG - FrontendConnectionHandler(id=139661893056848, session='2017-10-24T11_33_55_0').on_event(Event(SYSTEM_UTTERANCE_TO_SPEAK, [Ok  Step one: Chop onions and garlic..], sender=GenerateModule, reason=None))
2017-10-24 11:34:46,219 - TdmApplication - DEBUG - FrontendConnectionHandler(id=139661893056848, session='2017-10-24T11_33_55_0'): writing {"content": ["Ok  Step one: Chop onions and garlic.."], "_sender": "GenerateModule", "_reason": null, "event_type": "SYSTEM_UTTERANCE_TO_SPEAK"}
2017-10-24 11:34:46,219 - TdmApplication - DEBUG - FrontendConnectionHandler(id=139661893056848, session='2017-10-24T11_33_55_0'): OK
2017-10-24 11:34:46,220 - TdmApplication - DEBUG - FrontendConnectionHandler(id=139661893056848, session='2017-10-24T11_33_55_0').on_event(Event(GUI.POPUP, {options: [], title: Ok  Step one: Chop onions and garlic..}, sender=IndependentGuiBackend, reason=None))
2017-10-24 11:34:46,220 - TdmApplication - DEBUG - FrontendConnectionHandler(id=139661893056848, session='2017-10-24T11_33_55_0'): writing {"content": {"options": [], "title": "Ok  Step one: Chop onions and garlic.."}, "_sender": "IndependentGuiBackend", "_reason": null, "event_type": "GUI.POPUP"}
2017-10-24 11:34:46,220 - TdmApplication - DEBUG - FrontendConnectionHandler(id=139661893056848, session='2017-10-24T11_33_55_0'): OK
2017-10-24 11:34:46,222 - TdmApplication - DEBUG - FrontendConnectionHandler(id=139661893056848, session='2017-10-24T11_33_55_0').on_event(Event(MESSAGE_TO_GUI, [<tdm.tdm_gui_protocol.Popup instance at 0x7f05901412d8>], sender=GuiBackend, reason=None))
2017-10-24 11:34:46,222 - TdmApplication - DEBUG - FrontendConnectionHandler(id=139661893056848, session='2017-10-24T11_33_55_0'): writing {"content": [{"Popup": {"elements": [], "title": "Ok  Step one: Chop onions and garlic.."}}], "_sender": "GuiBackend", "_reason": null, "event_type": "MESSAGE_TO_GUI"}
2017-10-24 11:34:46,222 - TdmApplication - DEBUG - FrontendConnectionHandler(id=139661893056848, session='2017-10-24T11_33_55_0'): OK
2017-10-24 11:34:46,229 - TdmApplication - DEBUG - FrontendConnectionHandler(id=139661893056848, session='2017-10-24T11_33_55_0').on_message({"content": ["Ok  Step one: Chop onions and garlic.."], "_sender": "TextOutputComponent", "_reason": null, "event_type": "SYSTEM_UTTERANCE_REALIZED"})
2017-10-24 11:34:46,256 - TdmApplication - DEBUG - FrontendConnectionHandler(id=139661893056848, session='2017-10-24T11_33_55_0').on_event(Event(FACTS, [{predicate: say_step, grammar_entry: None, value:  Step one: Chop onions and garlic.}], sender=DmeModule, reason=None))
2017-10-24 11:34:46,256 - TdmApplication - DEBUG - FrontendConnectionHandler(id=139661893056848, session='2017-10-24T11_33_55_0'): writing {"content": [{"predicate": "say_step", "grammar_entry": null, "value": " Step one: Chop onions and garlic."}], "_sender": "DmeModule", "_reason": null, "event_type": "FACTS"}
2017-10-24 11:34:46,256 - TdmApplication - DEBUG - FrontendConnectionHandler(id=139661893056848, session='2017-10-24T11_33_55_0'): OK
2017-10-24 11:34:58,121 - TdmApplication - DEBUG - FrontendConnectionHandler(id=139661893056848, session='2017-10-24T11_33_55_0').on_message({"content": [{"score": 1.0, "utterance": "go back"}], "_sender": "TextInputComponent", "_reason": null, "event_type": "RECOGNITION"})
2017-10-24 11:34:58,126 - TdmApplication - DEBUG - FrontendConnectionHandler(id=139661893056848, session='2017-10-24T11_33_55_0').on_event(Event(FACTS, [], sender=DmeModule, reason=None))
2017-10-24 11:34:58,126 - TdmApplication - DEBUG - FrontendConnectionHandler(id=139661893056848, session='2017-10-24T11_33_55_0'): writing {"content": [], "_sender": "DmeModule", "_reason": null, "event_type": "FACTS"}
2017-10-24 11:34:58,126 - TdmApplication - DEBUG - FrontendConnectionHandler(id=139661893056848, session='2017-10-24T11_33_55_0'): OK
2017-10-24 11:34:58,136 - TdmApplication - DEBUG - FrontendConnectionHandler(id=139661893056848, session='2017-10-24T11_33_55_0').on_event(Event(STOP_SPEAKING, None, sender=TurnManager, reason=None))
2017-10-24 11:34:58,136 - TdmApplication - DEBUG - FrontendConnectionHandler(id=139661893056848, session='2017-10-24T11_33_55_0'): writing {"content": null, "_sender": "TurnManager", "_reason": null, "event_type": "STOP_SPEAKING"}
2017-10-24 11:34:58,136 - TdmApplication - DEBUG - FrontendConnectionHandler(id=139661893056848, session='2017-10-24T11_33_55_0'): OK
2017-10-24 11:34:58,138 - TdmApplication - DEBUG - FrontendConnectionHandler(id=139661893056848, session='2017-10-24T11_33_55_0').on_event(Event(SYSTEM_UTTERANCE_TO_SPEAK, [Returning to the start view., What would you like to do?], sender=GenerateModule, reason=None))
2017-10-24 11:34:58,138 - TdmApplication - DEBUG - FrontendConnectionHandler(id=139661893056848, session='2017-10-24T11_33_55_0'): writing {"content": ["Returning to the start view.", "What would you like to do?"], "_sender": "GenerateModule", "_reason": null, "event_type": "SYSTEM_UTTERANCE_TO_SPEAK"}
2017-10-24 11:34:58,139 - TdmApplication - DEBUG - FrontendConnectionHandler(id=139661893056848, session='2017-10-24T11_33_55_0'): OK
2017-10-24 11:34:58,141 - TdmApplication - DEBUG - FrontendConnectionHandler(id=139661893056848, session='2017-10-24T11_33_55_0').on_event(Event(MESSAGE_TO_GUI, [<tdm.tdm_gui_protocol.ClosePopup instance at 0x7f0590160dd0>], sender=GuiBackend, reason=None))
2017-10-24 11:34:58,141 - TdmApplication - DEBUG - FrontendConnectionHandler(id=139661893056848, session='2017-10-24T11_33_55_0'): writing {"content": [{"ClosePopup": {}}], "_sender": "GuiBackend", "_reason": null, "event_type": "MESSAGE_TO_GUI"}
2017-10-24 11:34:58,142 - TdmApplication - DEBUG - FrontendConnectionHandler(id=139661893056848, session='2017-10-24T11_33_55_0'): OK
2017-10-24 11:34:58,145 - TdmApplication - DEBUG - FrontendConnectionHandler(id=139661893056848, session='2017-10-24T11_33_55_0').on_message({"content": ["Returning to the start view.", "What would you like to do?"], "_sender": "TextOutputComponent", "_reason": null, "event_type": "SYSTEM_UTTERANCE_REALIZED"})
2017-10-24 11:34:58,169 - TdmApplication - DEBUG - FrontendConnectionHandler(id=139661893056848, session='2017-10-24T11_33_55_0').on_event(Event(FACTS, [], sender=DmeModule, reason=None))
2017-10-24 11:34:58,169 - TdmApplication - DEBUG - FrontendConnectionHandler(id=139661893056848, session='2017-10-24T11_33_55_0'): writing {"content": [], "_sender": "DmeModule", "_reason": null, "event_type": "FACTS"}
2017-10-24 11:34:58,169 - TdmApplication - DEBUG - FrontendConnectionHandler(id=139661893056848, session='2017-10-24T11_33_55_0'): OK
2017-10-24 11:34:58,237 - TdmApplication - DEBUG - FrontendConnectionHandler(id=139661893056848, session='2017-10-24T11_33_55_0').on_event(Event(SELECTED_RECOGNITION, go back, sender=DmeModule, reason=None))
2017-10-24 11:34:58,237 - TdmApplication - DEBUG - FrontendConnectionHandler(id=139661893056848, session='2017-10-24T11_33_55_0'): writing {"content": "go back", "_sender": "DmeModule", "_reason": null, "event_type": "SELECTED_RECOGNITION"}
2017-10-24 11:34:58,237 - TdmApplication - DEBUG - FrontendConnectionHandler(id=139661893056848, session='2017-10-24T11_33_55_0'): OK
2017-10-24 11:34:58,238 - TdmApplication - DEBUG - FrontendConnectionHandler(id=139661893056848, session='2017-10-24T11_33_55_0').on_event(Event(FACTS, [], sender=DmeModule, reason=None))
2017-10-24 11:34:58,238 - TdmApplication - DEBUG - FrontendConnectionHandler(id=139661893056848, session='2017-10-24T11_33_55_0'): writing {"content": [], "_sender": "DmeModule", "_reason": null, "event_type": "FACTS"}
2017-10-24 11:34:58,239 - TdmApplication - DEBUG - FrontendConnectionHandler(id=139661893056848, session='2017-10-24T11_33_55_0'): OK
2017-10-24 11:34:58,247 - TdmApplication - DEBUG - FrontendConnectionHandler(id=139661893056848, session='2017-10-24T11_33_55_0').on_event(Event(SYSTEM_UTTERANCE_TO_SPEAK, [, Went to the previous step], sender=GenerateModule, reason=None))
2017-10-24 11:34:58,247 - TdmApplication - DEBUG - FrontendConnectionHandler(id=139661893056848, session='2017-10-24T11_33_55_0'): writing {"content": ["", "Went to the previous step"], "_sender": "GenerateModule", "_reason": null, "event_type": "SYSTEM_UTTERANCE_TO_SPEAK"}
2017-10-24 11:34:58,247 - TdmApplication - DEBUG - FrontendConnectionHandler(id=139661893056848, session='2017-10-24T11_33_55_0'): OK
2017-10-24 11:34:58,248 - TdmApplication - DEBUG - FrontendConnectionHandler(id=139661893056848, session='2017-10-24T11_33_55_0').on_event(Event(GUI.POPUP, {options: [], title: Went to the previous step}, sender=IndependentGuiBackend, reason=None))
2017-10-24 11:34:58,248 - TdmApplication - DEBUG - FrontendConnectionHandler(id=139661893056848, session='2017-10-24T11_33_55_0'): writing {"content": {"options": [], "title": "Went to the previous step"}, "_sender": "IndependentGuiBackend", "_reason": null, "event_type": "GUI.POPUP"}
2017-10-24 11:34:58,248 - TdmApplication - DEBUG - FrontendConnectionHandler(id=139661893056848, session='2017-10-24T11_33_55_0'): OK
2017-10-24 11:34:58,249 - TdmApplication - DEBUG - FrontendConnectionHandler(id=139661893056848, session='2017-10-24T11_33_55_0').on_event(Event(MESSAGE_TO_GUI, [<tdm.tdm_gui_protocol.DeviceResult instance at 0x7f05901608c0>, <tdm.tdm_gui_protocol.Popup instance at 0x7f0590140a70>], sender=GuiBackend, reason=None))
2017-10-24 11:34:58,249 - TdmApplication - DEBUG - FrontendConnectionHandler(id=139661893056848, session='2017-10-24T11_33_55_0'): writing {"content": [{"DeviceResult": {"action": "go_back", "result": true, "arguments": {}, "failure_reason": null}}, {"Popup": {"elements": [], "title": "Went to the previous step"}}], "_sender": "GuiBackend", "_reason": null, "event_type": "MESSAGE_TO_GUI"}
2017-10-24 11:34:58,250 - TdmApplication - DEBUG - FrontendConnectionHandler(id=139661893056848, session='2017-10-24T11_33_55_0'): OK
2017-10-24 11:34:58,265 - TdmApplication - DEBUG - FrontendConnectionHandler(id=139661893056848, session='2017-10-24T11_33_55_0').on_message({"content": ["", "Went to the previous step"], "_sender": "TextOutputComponent", "_reason": null, "event_type": "SYSTEM_UTTERANCE_REALIZED"})
2017-10-24 11:34:58,323 - TdmApplication - DEBUG - FrontendConnectionHandler(id=139661893056848, session='2017-10-24T11_33_55_0').on_event(Event(FACTS, [{predicate: say_step, grammar_entry: None, value: 0}], sender=DmeModule, reason=None))
2017-10-24 11:34:58,323 - TdmApplication - DEBUG - FrontendConnectionHandler(id=139661893056848, session='2017-10-24T11_33_55_0'): writing {"content": [{"predicate": "say_step", "grammar_entry": null, "value": "0"}], "_sender": "DmeModule", "_reason": null, "event_type": "FACTS"}
2017-10-24 11:34:58,323 - TdmApplication - DEBUG - FrontendConnectionHandler(id=139661893056848, session='2017-10-24T11_33_55_0'): OK
2017-10-24 11:34:58,333 - TdmApplication - DEBUG - FrontendConnectionHandler(id=139661893056848, session='2017-10-24T11_33_55_0').on_event(Event(SYSTEM_UTTERANCE_TO_SPEAK, [Ok 0.], sender=GenerateModule, reason=None))
2017-10-24 11:34:58,333 - TdmApplication - DEBUG - FrontendConnectionHandler(id=139661893056848, session='2017-10-24T11_33_55_0'): writing {"content": ["Ok 0."], "_sender": "GenerateModule", "_reason": null, "event_type": "SYSTEM_UTTERANCE_TO_SPEAK"}
2017-10-24 11:34:58,333 - TdmApplication - DEBUG - FrontendConnectionHandler(id=139661893056848, session='2017-10-24T11_33_55_0'): OK
2017-10-24 11:34:58,334 - TdmApplication - DEBUG - FrontendConnectionHandler(id=139661893056848, session='2017-10-24T11_33_55_0').on_event(Event(GUI.POPUP, {options: [], title: Ok 0.}, sender=IndependentGuiBackend, reason=None))
2017-10-24 11:34:58,334 - TdmApplication - DEBUG - FrontendConnectionHandler(id=139661893056848, session='2017-10-24T11_33_55_0'): writing {"content": {"options": [], "title": "Ok 0."}, "_sender": "IndependentGuiBackend", "_reason": null, "event_type": "GUI.POPUP"}
2017-10-24 11:34:58,334 - TdmApplication - DEBUG - FrontendConnectionHandler(id=139661893056848, session='2017-10-24T11_33_55_0'): OK
2017-10-24 11:34:58,335 - TdmApplication - DEBUG - FrontendConnectionHandler(id=139661893056848, session='2017-10-24T11_33_55_0').on_event(Event(MESSAGE_TO_GUI, [<tdm.tdm_gui_protocol.ClosePopup instance at 0x7f05901637a0>, <tdm.tdm_gui_protocol.Popup instance at 0x7f0590140710>], sender=GuiBackend, reason=None))
2017-10-24 11:34:58,335 - TdmApplication - DEBUG - FrontendConnectionHandler(id=139661893056848, session='2017-10-24T11_33_55_0'): writing {"content": [{"ClosePopup": {}}, {"Popup": {"elements": [], "title": "Ok 0."}}], "_sender": "GuiBackend", "_reason": null, "event_type": "MESSAGE_TO_GUI"}
2017-10-24 11:34:58,335 - TdmApplication - DEBUG - FrontendConnectionHandler(id=139661893056848, session='2017-10-24T11_33_55_0'): OK
2017-10-24 11:34:58,378 - TdmApplication - DEBUG - FrontendConnectionHandler(id=139661893056848, session='2017-10-24T11_33_55_0').on_message({"content": ["Ok 0."], "_sender": "TextOutputComponent", "_reason": null, "event_type": "SYSTEM_UTTERANCE_REALIZED"})
2017-10-24 11:34:58,404 - TdmApplication - DEBUG - FrontendConnectionHandler(id=139661893056848, session='2017-10-24T11_33_55_0').on_event(Event(FACTS, [{predicate: say_step, grammar_entry: None, value: 0}], sender=DmeModule, reason=None))
2017-10-24 11:34:58,404 - TdmApplication - DEBUG - FrontendConnectionHandler(id=139661893056848, session='2017-10-24T11_33_55_0'): writing {"content": [{"predicate": "say_step", "grammar_entry": null, "value": "0"}], "_sender": "DmeModule", "_reason": null, "event_type": "FACTS"}
2017-10-24 11:34:58,404 - TdmApplication - DEBUG - FrontendConnectionHandler(id=139661893056848, session='2017-10-24T11_33_55_0'): OK
2017-10-24 11:37:34,259 - TdmApplication - DEBUG - FrontendConnectionHandler(id=139661893056848, session='2017-10-24T11_33_55_0').on_close()
2017-10-24 11:37:34,260 - TdmApplication - DEBUG - SessionManager.stop('2017-10-24T11_33_55_0')
2017-10-24 11:37:34,262 - TdmApplication - DEBUG - TdmApplication.stop(): Stopping HTTP server
2017-10-24 11:37:34,263 - TdmApplication - DEBUG - TdmApplication.stop(): Stopping IO-loop
2017-10-24 11:37:34,263 - TdmApplication - DEBUG - TdmApplication.stop(): Stopping sessions []
2017-10-24 11:37:34,265 - TdmApplication - DEBUG - FrontendConnectionHandler(id=139661893056848, session='2017-10-24T11_33_55_0').on_event(Event(FACTS, [], sender=DmeModule, reason=None))
2017-10-24 11:37:34,265 - TdmApplication - DEBUG - FrontendConnectionHandler(id=139661893056848, session='2017-10-24T11_33_55_0'): writing {"content": [], "_sender": "DmeModule", "_reason": null, "event_type": "FACTS"}
2017-10-24 11:37:34,265 - TdmApplication - DEBUG - FrontendConnectionHandler(id=139661893056848, session='2017-10-24T11_33_55_0'): OK
