2017-10-24 16:56:00,002 - TdmApplication - DEBUG - DddDb().__init__(name='ddds', default_ddds=[u'recipehelp'])
2017-10-24 16:56:00,002 - TdmApplication - DEBUG - DddDb(): DB file name is '/home/gusmatssar/recipedialogue/tdm/ddds.json'
2017-10-24 16:56:00,010 - TdmApplication - DEBUG - FrontendConnectionHandler(id=140694157228368, session=None).open()
2017-10-24 16:56:00,012 - TdmApplication - DEBUG - thread_manager.create_thread() with threading.active_count()=3
2017-10-24 16:56:00,012 - TdmApplication - DEBUG - thread_manager.create_thread() with threading.active_count()=4
2017-10-24 16:56:00,013 - TdmApplication - DEBUG - FrontendConnectionHandler(id=140694157228368, session=None).on_message({"handshake_content": {"session_id": null, "keep_session_alive": false}, "name": "Frontend"})
2017-10-24 16:56:00,014 - TdmApplication - DEBUG - FrontendConnectionHandler(id=140694157228368, session=None)._register({"handshake_content": {"session_id": null, "keep_session_alive": false}, "name": "Frontend"})
2017-10-24 16:56:00,014 - TdmApplication - DEBUG - Creating backend and session with id 2017-10-24T16_56_00_0.
2017-10-24 16:56:00,050 - TdmApplication - DEBUG - FrontendConnectionHandler._register: Registered in session 2017-10-24T16_56_00_0 with backend <ThreadedBackend(ThreadedBackend, started daemon 140694047708928)>.
2017-10-24 16:56:00,051 - TdmApplication - DEBUG - FrontendConnectionHandler(id=140694157228368, session='2017-10-24T16_56_00_0').on_event(Event(REGISTER_BACKEND, None, sender=Backend, reason=None))
2017-10-24 16:56:00,052 - TdmApplication - DEBUG - FrontendConnectionHandler(id=140694157228368, session='2017-10-24T16_56_00_0'): writing {"content": null, "_sender": "Backend", "_reason": null, "event_type": "REGISTER_BACKEND"}
2017-10-24 16:56:00,052 - TdmApplication - DEBUG - FrontendConnectionHandler(id=140694157228368, session='2017-10-24T16_56_00_0'): OK
2017-10-24 16:56:00,079 - TdmApplication - DEBUG - FrontendConnectionHandler(id=140694157228368, session='2017-10-24T16_56_00_0').on_message({"content": null, "_sender": "Frontend", "_reason": null, "event_type": "FRONTEND_READY"})
2017-10-24 16:56:00,082 - TdmApplication - DEBUG - FrontendConnectionHandler(id=140694157228368, session='2017-10-24T16_56_00_0').on_event(Event(BACKEND_READY, None, sender=Backend, reason=None))
2017-10-24 16:56:00,082 - TdmApplication - DEBUG - FrontendConnectionHandler(id=140694157228368, session='2017-10-24T16_56_00_0'): writing {"content": null, "_sender": "Backend", "_reason": null, "event_type": "BACKEND_READY"}
2017-10-24 16:56:00,082 - TdmApplication - DEBUG - FrontendConnectionHandler(id=140694157228368, session='2017-10-24T16_56_00_0'): OK
2017-10-24 16:56:00,085 - TdmApplication - DEBUG - FrontendConnectionHandler(id=140694157228368, session='2017-10-24T16_56_00_0').on_message({"content": null, "_sender": "Frontend", "_reason": null, "event_type": "START"})
2017-10-24 16:56:00,120 - TdmApplication - DEBUG - FrontendConnectionHandler(id=140694157228368, session='2017-10-24T16_56_00_0').on_event(Event(SET_DDD, {ddd_name: recipehelp, language_code: eng}, sender=DmeModule, reason=None))
2017-10-24 16:56:00,120 - TdmApplication - DEBUG - FrontendConnectionHandler(id=140694157228368, session='2017-10-24T16_56_00_0'): writing {"content": {"ddd_name": "recipehelp", "language_code": "eng"}, "_sender": "DmeModule", "_reason": null, "event_type": "SET_DDD"}
2017-10-24 16:56:00,121 - TdmApplication - DEBUG - FrontendConnectionHandler(id=140694157228368, session='2017-10-24T16_56_00_0'): OK
2017-10-24 16:56:00,122 - TdmApplication - DEBUG - FrontendConnectionHandler(id=140694157228368, session='2017-10-24T16_56_00_0').on_event(Event(FACTS, [], sender=DmeModule, reason=None))
2017-10-24 16:56:00,122 - TdmApplication - DEBUG - FrontendConnectionHandler(id=140694157228368, session='2017-10-24T16_56_00_0'): writing {"content": [], "_sender": "DmeModule", "_reason": null, "event_type": "FACTS"}
2017-10-24 16:56:00,122 - TdmApplication - DEBUG - FrontendConnectionHandler(id=140694157228368, session='2017-10-24T16_56_00_0'): OK
2017-10-24 16:56:00,130 - TdmApplication - DEBUG - FrontendConnectionHandler(id=140694157228368, session='2017-10-24T16_56_00_0').on_event(Event(SYSTEM_UTTERANCE_TO_SPEAK, [, What would you like to do?], sender=GenerateModule, reason=None))
2017-10-24 16:56:00,130 - TdmApplication - DEBUG - FrontendConnectionHandler(id=140694157228368, session='2017-10-24T16_56_00_0'): writing {"content": ["", "What would you like to do?"], "_sender": "GenerateModule", "_reason": null, "event_type": "SYSTEM_UTTERANCE_TO_SPEAK"}
2017-10-24 16:56:00,130 - TdmApplication - DEBUG - FrontendConnectionHandler(id=140694157228368, session='2017-10-24T16_56_00_0'): OK
2017-10-24 16:56:00,131 - TdmApplication - DEBUG - FrontendConnectionHandler(id=140694157228368, session='2017-10-24T16_56_00_0').on_event(Event(MESSAGE_TO_GUI, [], sender=GuiBackend, reason=None))
2017-10-24 16:56:00,131 - TdmApplication - DEBUG - FrontendConnectionHandler(id=140694157228368, session='2017-10-24T16_56_00_0'): writing {"content": [], "_sender": "GuiBackend", "_reason": null, "event_type": "MESSAGE_TO_GUI"}
2017-10-24 16:56:00,131 - TdmApplication - DEBUG - FrontendConnectionHandler(id=140694157228368, session='2017-10-24T16_56_00_0'): OK
2017-10-24 16:56:00,167 - TdmApplication - DEBUG - FrontendConnectionHandler(id=140694157228368, session='2017-10-24T16_56_00_0').on_message({"content": ["", "What would you like to do?"], "_sender": "TextOutputComponent", "_reason": null, "event_type": "SYSTEM_UTTERANCE_REALIZED"})
2017-10-24 16:56:00,190 - TdmApplication - DEBUG - FrontendConnectionHandler(id=140694157228368, session='2017-10-24T16_56_00_0').on_event(Event(FACTS, [], sender=DmeModule, reason=None))
2017-10-24 16:56:00,190 - TdmApplication - DEBUG - FrontendConnectionHandler(id=140694157228368, session='2017-10-24T16_56_00_0'): writing {"content": [], "_sender": "DmeModule", "_reason": null, "event_type": "FACTS"}
2017-10-24 16:56:00,191 - TdmApplication - DEBUG - FrontendConnectionHandler(id=140694157228368, session='2017-10-24T16_56_00_0'): OK
2017-10-24 16:56:04,875 - TdmApplication - DEBUG - FrontendConnectionHandler(id=140694157228368, session='2017-10-24T16_56_00_0').on_message({"content": [{"score": 1.0, "utterance": "jgjgj"}], "_sender": "TextInputComponent", "_reason": null, "event_type": "RECOGNITION"})
2017-10-24 16:56:04,885 - TdmApplication - DEBUG - FrontendConnectionHandler(id=140694157228368, session='2017-10-24T16_56_00_0').on_event(Event(STOP_LISTENING, None, sender=TurnManager, reason=None))
2017-10-24 16:56:04,885 - TdmApplication - DEBUG - FrontendConnectionHandler(id=140694157228368, session='2017-10-24T16_56_00_0'): writing {"content": null, "_sender": "TurnManager", "_reason": null, "event_type": "STOP_LISTENING"}
2017-10-24 16:56:04,885 - TdmApplication - DEBUG - FrontendConnectionHandler(id=140694157228368, session='2017-10-24T16_56_00_0'): OK
2017-10-24 16:56:04,922 - TdmApplication - DEBUG - FrontendConnectionHandler(id=140694157228368, session='2017-10-24T16_56_00_0').on_event(Event(FACTS, [], sender=DmeModule, reason=None))
2017-10-24 16:56:04,922 - TdmApplication - DEBUG - FrontendConnectionHandler(id=140694157228368, session='2017-10-24T16_56_00_0'): writing {"content": [], "_sender": "DmeModule", "_reason": null, "event_type": "FACTS"}
2017-10-24 16:56:04,922 - TdmApplication - DEBUG - FrontendConnectionHandler(id=140694157228368, session='2017-10-24T16_56_00_0'): OK
2017-10-24 16:56:04,936 - TdmApplication - DEBUG - FrontendConnectionHandler(id=140694157228368, session='2017-10-24T16_56_00_0').on_event(Event(SYSTEM_UTTERANCE_TO_SPEAK, [I heard you say jgjgj., I don't understand., So,, What would you like to do?], sender=GenerateModule, reason=None))
2017-10-24 16:56:04,937 - TdmApplication - DEBUG - FrontendConnectionHandler(id=140694157228368, session='2017-10-24T16_56_00_0'): writing {"content": ["I heard you say jgjgj.", "I don't understand.", "So,", "What would you like to do?"], "_sender": "GenerateModule", "_reason": null, "event_type": "SYSTEM_UTTERANCE_TO_SPEAK"}
2017-10-24 16:56:04,937 - TdmApplication - DEBUG - FrontendConnectionHandler(id=140694157228368, session='2017-10-24T16_56_00_0'): OK
2017-10-24 16:56:04,938 - TdmApplication - DEBUG - FrontendConnectionHandler(id=140694157228368, session='2017-10-24T16_56_00_0').on_event(Event(MESSAGE_TO_GUI, [], sender=GuiBackend, reason=None))
2017-10-24 16:56:04,938 - TdmApplication - DEBUG - FrontendConnectionHandler(id=140694157228368, session='2017-10-24T16_56_00_0'): writing {"content": [], "_sender": "GuiBackend", "_reason": null, "event_type": "MESSAGE_TO_GUI"}
2017-10-24 16:56:04,938 - TdmApplication - DEBUG - FrontendConnectionHandler(id=140694157228368, session='2017-10-24T16_56_00_0'): OK
2017-10-24 16:56:04,948 - TdmApplication - DEBUG - FrontendConnectionHandler(id=140694157228368, session='2017-10-24T16_56_00_0').on_message({"content": ["I heard you say jgjgj.", "I don't understand.", "So,", "What would you like to do?"], "_sender": "TextOutputComponent", "_reason": null, "event_type": "SYSTEM_UTTERANCE_REALIZED"})
2017-10-24 16:56:04,980 - TdmApplication - DEBUG - FrontendConnectionHandler(id=140694157228368, session='2017-10-24T16_56_00_0').on_event(Event(FACTS, [], sender=DmeModule, reason=None))
2017-10-24 16:56:04,980 - TdmApplication - DEBUG - FrontendConnectionHandler(id=140694157228368, session='2017-10-24T16_56_00_0'): writing {"content": [], "_sender": "DmeModule", "_reason": null, "event_type": "FACTS"}
2017-10-24 16:56:04,980 - TdmApplication - DEBUG - FrontendConnectionHandler(id=140694157228368, session='2017-10-24T16_56_00_0'): OK
2017-10-24 16:56:09,617 - TdmApplication - DEBUG - FrontendConnectionHandler(id=140694157228368, session='2017-10-24T16_56_00_0').on_message({"content": [{"score": 1.0, "utterance": "go to a step"}], "_sender": "TextInputComponent", "_reason": null, "event_type": "RECOGNITION"})
2017-10-24 16:56:09,624 - TdmApplication - DEBUG - FrontendConnectionHandler(id=140694157228368, session='2017-10-24T16_56_00_0').on_event(Event(STOP_LISTENING, None, sender=TurnManager, reason=None))
2017-10-24 16:56:09,624 - TdmApplication - DEBUG - FrontendConnectionHandler(id=140694157228368, session='2017-10-24T16_56_00_0'): writing {"content": null, "_sender": "TurnManager", "_reason": null, "event_type": "STOP_LISTENING"}
2017-10-24 16:56:09,625 - TdmApplication - DEBUG - FrontendConnectionHandler(id=140694157228368, session='2017-10-24T16_56_00_0'): OK
2017-10-24 16:56:09,713 - TdmApplication - DEBUG - FrontendConnectionHandler(id=140694157228368, session='2017-10-24T16_56_00_0').on_event(Event(SELECTED_RECOGNITION, go to a step, sender=DmeModule, reason=None))
2017-10-24 16:56:09,713 - TdmApplication - DEBUG - FrontendConnectionHandler(id=140694157228368, session='2017-10-24T16_56_00_0'): writing {"content": "go to a step", "_sender": "DmeModule", "_reason": null, "event_type": "SELECTED_RECOGNITION"}
2017-10-24 16:56:09,713 - TdmApplication - DEBUG - FrontendConnectionHandler(id=140694157228368, session='2017-10-24T16_56_00_0'): OK
2017-10-24 16:56:09,714 - TdmApplication - DEBUG - FrontendConnectionHandler(id=140694157228368, session='2017-10-24T16_56_00_0').on_event(Event(FACTS, [], sender=DmeModule, reason=None))
2017-10-24 16:56:09,714 - TdmApplication - DEBUG - FrontendConnectionHandler(id=140694157228368, session='2017-10-24T16_56_00_0'): writing {"content": [], "_sender": "DmeModule", "_reason": null, "event_type": "FACTS"}
2017-10-24 16:56:09,714 - TdmApplication - DEBUG - FrontendConnectionHandler(id=140694157228368, session='2017-10-24T16_56_00_0'): OK
2017-10-24 16:56:09,725 - TdmApplication - DEBUG - FrontendConnectionHandler(id=140694157228368, session='2017-10-24T16_56_00_0').on_event(Event(SYSTEM_UTTERANCE_TO_SPEAK, [, , Which step?], sender=GenerateModule, reason=None))
2017-10-24 16:56:09,725 - TdmApplication - DEBUG - FrontendConnectionHandler(id=140694157228368, session='2017-10-24T16_56_00_0'): writing {"content": ["", "", "Which step?"], "_sender": "GenerateModule", "_reason": null, "event_type": "SYSTEM_UTTERANCE_TO_SPEAK"}
2017-10-24 16:56:09,725 - TdmApplication - DEBUG - FrontendConnectionHandler(id=140694157228368, session='2017-10-24T16_56_00_0'): OK
2017-10-24 16:56:09,726 - TdmApplication - DEBUG - FrontendConnectionHandler(id=140694157228368, session='2017-10-24T16_56_00_0').on_event(Event(MESSAGE_TO_GUI, [], sender=GuiBackend, reason=None))
2017-10-24 16:56:09,726 - TdmApplication - DEBUG - FrontendConnectionHandler(id=140694157228368, session='2017-10-24T16_56_00_0'): writing {"content": [], "_sender": "GuiBackend", "_reason": null, "event_type": "MESSAGE_TO_GUI"}
2017-10-24 16:56:09,726 - TdmApplication - DEBUG - FrontendConnectionHandler(id=140694157228368, session='2017-10-24T16_56_00_0'): OK
2017-10-24 16:56:09,735 - TdmApplication - DEBUG - FrontendConnectionHandler(id=140694157228368, session='2017-10-24T16_56_00_0').on_message({"content": ["", "", "Which step?"], "_sender": "TextOutputComponent", "_reason": null, "event_type": "SYSTEM_UTTERANCE_REALIZED"})
2017-10-24 16:56:09,769 - TdmApplication - DEBUG - FrontendConnectionHandler(id=140694157228368, session='2017-10-24T16_56_00_0').on_event(Event(FACTS, [], sender=DmeModule, reason=None))
2017-10-24 16:56:09,769 - TdmApplication - DEBUG - FrontendConnectionHandler(id=140694157228368, session='2017-10-24T16_56_00_0'): writing {"content": [], "_sender": "DmeModule", "_reason": null, "event_type": "FACTS"}
2017-10-24 16:56:09,769 - TdmApplication - DEBUG - FrontendConnectionHandler(id=140694157228368, session='2017-10-24T16_56_00_0'): OK
2017-10-24 16:56:12,587 - TdmApplication - DEBUG - FrontendConnectionHandler(id=140694157228368, session='2017-10-24T16_56_00_0').on_message({"content": [{"score": 1.0, "utterance": "step one"}], "_sender": "TextInputComponent", "_reason": null, "event_type": "RECOGNITION"})
2017-10-24 16:56:12,592 - TdmApplication - DEBUG - FrontendConnectionHandler(id=140694157228368, session='2017-10-24T16_56_00_0').on_event(Event(STOP_LISTENING, None, sender=TurnManager, reason=None))
2017-10-24 16:56:12,592 - TdmApplication - DEBUG - FrontendConnectionHandler(id=140694157228368, session='2017-10-24T16_56_00_0'): writing {"content": null, "_sender": "TurnManager", "_reason": null, "event_type": "STOP_LISTENING"}
2017-10-24 16:56:12,592 - TdmApplication - DEBUG - FrontendConnectionHandler(id=140694157228368, session='2017-10-24T16_56_00_0'): OK
2017-10-24 16:56:12,675 - TdmApplication - DEBUG - FrontendConnectionHandler(id=140694157228368, session='2017-10-24T16_56_00_0').on_event(Event(SELECTED_RECOGNITION, step one, sender=DmeModule, reason=None))
2017-10-24 16:56:12,675 - TdmApplication - DEBUG - FrontendConnectionHandler(id=140694157228368, session='2017-10-24T16_56_00_0'): writing {"content": "step one", "_sender": "DmeModule", "_reason": null, "event_type": "SELECTED_RECOGNITION"}
2017-10-24 16:56:12,675 - TdmApplication - DEBUG - FrontendConnectionHandler(id=140694157228368, session='2017-10-24T16_56_00_0'): OK
2017-10-24 16:56:12,676 - TdmApplication - DEBUG - FrontendConnectionHandler(id=140694157228368, session='2017-10-24T16_56_00_0').on_event(Event(FACTS, [{predicate: go_to_step, grammar_entry: None, value: chose step1}], sender=DmeModule, reason=None))
2017-10-24 16:56:12,676 - TdmApplication - DEBUG - FrontendConnectionHandler(id=140694157228368, session='2017-10-24T16_56_00_0'): writing {"content": [{"predicate": "go_to_step", "grammar_entry": null, "value": "chose step1"}], "_sender": "DmeModule", "_reason": null, "event_type": "FACTS"}
2017-10-24 16:56:12,676 - TdmApplication - DEBUG - FrontendConnectionHandler(id=140694157228368, session='2017-10-24T16_56_00_0'): OK
2017-10-24 16:56:12,689 - TdmApplication - DEBUG - FrontendConnectionHandler(id=140694157228368, session='2017-10-24T16_56_00_0').on_event(Event(SYSTEM_UTTERANCE_TO_SPEAK, [Ok chose step1.], sender=GenerateModule, reason=None))
2017-10-24 16:56:12,689 - TdmApplication - DEBUG - FrontendConnectionHandler(id=140694157228368, session='2017-10-24T16_56_00_0'): writing {"content": ["Ok chose step1."], "_sender": "GenerateModule", "_reason": null, "event_type": "SYSTEM_UTTERANCE_TO_SPEAK"}
2017-10-24 16:56:12,689 - TdmApplication - DEBUG - FrontendConnectionHandler(id=140694157228368, session='2017-10-24T16_56_00_0'): OK
2017-10-24 16:56:12,691 - TdmApplication - DEBUG - FrontendConnectionHandler(id=140694157228368, session='2017-10-24T16_56_00_0').on_event(Event(GUI.POPUP, {options: [], title: Ok chose step1.}, sender=IndependentGuiBackend, reason=None))
2017-10-24 16:56:12,691 - TdmApplication - DEBUG - FrontendConnectionHandler(id=140694157228368, session='2017-10-24T16_56_00_0'): writing {"content": {"options": [], "title": "Ok chose step1."}, "_sender": "IndependentGuiBackend", "_reason": null, "event_type": "GUI.POPUP"}
2017-10-24 16:56:12,691 - TdmApplication - DEBUG - FrontendConnectionHandler(id=140694157228368, session='2017-10-24T16_56_00_0'): OK
2017-10-24 16:56:12,692 - TdmApplication - DEBUG - FrontendConnectionHandler(id=140694157228368, session='2017-10-24T16_56_00_0').on_event(Event(MESSAGE_TO_GUI, [<tdm.tdm_gui_protocol.Popup instance at 0x7ff5e80e79e0>], sender=GuiBackend, reason=None))
2017-10-24 16:56:12,692 - TdmApplication - DEBUG - FrontendConnectionHandler(id=140694157228368, session='2017-10-24T16_56_00_0'): writing {"content": [{"Popup": {"elements": [], "title": "Ok chose step1."}}], "_sender": "GuiBackend", "_reason": null, "event_type": "MESSAGE_TO_GUI"}
2017-10-24 16:56:12,692 - TdmApplication - DEBUG - FrontendConnectionHandler(id=140694157228368, session='2017-10-24T16_56_00_0'): OK
2017-10-24 16:56:12,698 - TdmApplication - DEBUG - FrontendConnectionHandler(id=140694157228368, session='2017-10-24T16_56_00_0').on_message({"content": ["Ok chose step1."], "_sender": "TextOutputComponent", "_reason": null, "event_type": "SYSTEM_UTTERANCE_REALIZED"})
2017-10-24 16:56:12,725 - TdmApplication - DEBUG - FrontendConnectionHandler(id=140694157228368, session='2017-10-24T16_56_00_0').on_event(Event(FACTS, [{predicate: go_to_step, grammar_entry: None, value: chose step1}], sender=DmeModule, reason=None))
2017-10-24 16:56:12,725 - TdmApplication - DEBUG - FrontendConnectionHandler(id=140694157228368, session='2017-10-24T16_56_00_0'): writing {"content": [{"predicate": "go_to_step", "grammar_entry": null, "value": "chose step1"}], "_sender": "DmeModule", "_reason": null, "event_type": "FACTS"}
2017-10-24 16:56:12,726 - TdmApplication - DEBUG - FrontendConnectionHandler(id=140694157228368, session='2017-10-24T16_56_00_0'): OK
2017-10-24 16:56:17,980 - TdmApplication - DEBUG - FrontendConnectionHandler(id=140694157228368, session='2017-10-24T16_56_00_0').on_message({"content": [{"score": 1.0, "utterance": "go to next"}], "_sender": "TextInputComponent", "_reason": null, "event_type": "RECOGNITION"})
2017-10-24 16:56:17,984 - TdmApplication - DEBUG - FrontendConnectionHandler(id=140694157228368, session='2017-10-24T16_56_00_0').on_event(Event(FACTS, [], sender=DmeModule, reason=None))
2017-10-24 16:56:17,984 - TdmApplication - DEBUG - FrontendConnectionHandler(id=140694157228368, session='2017-10-24T16_56_00_0'): writing {"content": [], "_sender": "DmeModule", "_reason": null, "event_type": "FACTS"}
2017-10-24 16:56:17,984 - TdmApplication - DEBUG - FrontendConnectionHandler(id=140694157228368, session='2017-10-24T16_56_00_0'): OK
2017-10-24 16:56:17,993 - TdmApplication - DEBUG - FrontendConnectionHandler(id=140694157228368, session='2017-10-24T16_56_00_0').on_event(Event(STOP_SPEAKING, None, sender=TurnManager, reason=None))
2017-10-24 16:56:17,993 - TdmApplication - DEBUG - FrontendConnectionHandler(id=140694157228368, session='2017-10-24T16_56_00_0'): writing {"content": null, "_sender": "TurnManager", "_reason": null, "event_type": "STOP_SPEAKING"}
2017-10-24 16:56:17,993 - TdmApplication - DEBUG - FrontendConnectionHandler(id=140694157228368, session='2017-10-24T16_56_00_0'): OK
2017-10-24 16:56:17,994 - TdmApplication - DEBUG - FrontendConnectionHandler(id=140694157228368, session='2017-10-24T16_56_00_0').on_event(Event(SYSTEM_UTTERANCE_TO_SPEAK, [Returning to the start view., What would you like to do?], sender=GenerateModule, reason=None))
2017-10-24 16:56:17,994 - TdmApplication - DEBUG - FrontendConnectionHandler(id=140694157228368, session='2017-10-24T16_56_00_0'): writing {"content": ["Returning to the start view.", "What would you like to do?"], "_sender": "GenerateModule", "_reason": null, "event_type": "SYSTEM_UTTERANCE_TO_SPEAK"}
2017-10-24 16:56:17,994 - TdmApplication - DEBUG - FrontendConnectionHandler(id=140694157228368, session='2017-10-24T16_56_00_0'): OK
2017-10-24 16:56:17,995 - TdmApplication - DEBUG - FrontendConnectionHandler(id=140694157228368, session='2017-10-24T16_56_00_0').on_event(Event(MESSAGE_TO_GUI, [<tdm.tdm_gui_protocol.ClosePopup instance at 0x7ff5e8134a28>], sender=GuiBackend, reason=None))
2017-10-24 16:56:17,995 - TdmApplication - DEBUG - FrontendConnectionHandler(id=140694157228368, session='2017-10-24T16_56_00_0'): writing {"content": [{"ClosePopup": {}}], "_sender": "GuiBackend", "_reason": null, "event_type": "MESSAGE_TO_GUI"}
2017-10-24 16:56:17,996 - TdmApplication - DEBUG - FrontendConnectionHandler(id=140694157228368, session='2017-10-24T16_56_00_0'): OK
2017-10-24 16:56:18,014 - TdmApplication - DEBUG - FrontendConnectionHandler(id=140694157228368, session='2017-10-24T16_56_00_0').on_message({"content": ["Returning to the start view.", "What would you like to do?"], "_sender": "TextOutputComponent", "_reason": null, "event_type": "SYSTEM_UTTERANCE_REALIZED"})
2017-10-24 16:56:18,038 - TdmApplication - DEBUG - FrontendConnectionHandler(id=140694157228368, session='2017-10-24T16_56_00_0').on_event(Event(FACTS, [], sender=DmeModule, reason=None))
2017-10-24 16:56:18,038 - TdmApplication - DEBUG - FrontendConnectionHandler(id=140694157228368, session='2017-10-24T16_56_00_0'): writing {"content": [], "_sender": "DmeModule", "_reason": null, "event_type": "FACTS"}
2017-10-24 16:56:18,038 - TdmApplication - DEBUG - FrontendConnectionHandler(id=140694157228368, session='2017-10-24T16_56_00_0'): OK
2017-10-24 16:56:18,108 - TdmApplication - DEBUG - FrontendConnectionHandler(id=140694157228368, session='2017-10-24T16_56_00_0').on_event(Event(SELECTED_RECOGNITION, go to next, sender=DmeModule, reason=None))
2017-10-24 16:56:18,108 - TdmApplication - DEBUG - FrontendConnectionHandler(id=140694157228368, session='2017-10-24T16_56_00_0'): writing {"content": "go to next", "_sender": "DmeModule", "_reason": null, "event_type": "SELECTED_RECOGNITION"}
2017-10-24 16:56:18,108 - TdmApplication - DEBUG - FrontendConnectionHandler(id=140694157228368, session='2017-10-24T16_56_00_0'): OK
2017-10-24 16:56:18,109 - TdmApplication - DEBUG - FrontendConnectionHandler(id=140694157228368, session='2017-10-24T16_56_00_0').on_event(Event(FACTS, [], sender=DmeModule, reason=None))
2017-10-24 16:56:18,109 - TdmApplication - DEBUG - FrontendConnectionHandler(id=140694157228368, session='2017-10-24T16_56_00_0'): writing {"content": [], "_sender": "DmeModule", "_reason": null, "event_type": "FACTS"}
2017-10-24 16:56:18,110 - TdmApplication - DEBUG - FrontendConnectionHandler(id=140694157228368, session='2017-10-24T16_56_00_0'): OK
2017-10-24 16:56:18,118 - TdmApplication - DEBUG - FrontendConnectionHandler(id=140694157228368, session='2017-10-24T16_56_00_0').on_event(Event(SYSTEM_UTTERANCE_TO_SPEAK, [, Next], sender=GenerateModule, reason=None))
2017-10-24 16:56:18,118 - TdmApplication - DEBUG - FrontendConnectionHandler(id=140694157228368, session='2017-10-24T16_56_00_0'): writing {"content": ["", "Next"], "_sender": "GenerateModule", "_reason": null, "event_type": "SYSTEM_UTTERANCE_TO_SPEAK"}
2017-10-24 16:56:18,119 - TdmApplication - DEBUG - FrontendConnectionHandler(id=140694157228368, session='2017-10-24T16_56_00_0'): OK
2017-10-24 16:56:18,119 - TdmApplication - DEBUG - FrontendConnectionHandler(id=140694157228368, session='2017-10-24T16_56_00_0').on_event(Event(GUI.POPUP, {options: [], title: Next}, sender=IndependentGuiBackend, reason=None))
2017-10-24 16:56:18,120 - TdmApplication - DEBUG - FrontendConnectionHandler(id=140694157228368, session='2017-10-24T16_56_00_0'): writing {"content": {"options": [], "title": "Next"}, "_sender": "IndependentGuiBackend", "_reason": null, "event_type": "GUI.POPUP"}
2017-10-24 16:56:18,120 - TdmApplication - DEBUG - FrontendConnectionHandler(id=140694157228368, session='2017-10-24T16_56_00_0'): OK
2017-10-24 16:56:18,121 - TdmApplication - DEBUG - FrontendConnectionHandler(id=140694157228368, session='2017-10-24T16_56_00_0').on_event(Event(MESSAGE_TO_GUI, [<tdm.tdm_gui_protocol.DeviceResult instance at 0x7ff5e8143e60>, <tdm.tdm_gui_protocol.Popup instance at 0x7ff5e8100440>], sender=GuiBackend, reason=None))
2017-10-24 16:56:18,121 - TdmApplication - DEBUG - FrontendConnectionHandler(id=140694157228368, session='2017-10-24T16_56_00_0'): writing {"content": [{"DeviceResult": {"action": "go_to_next", "result": true, "arguments": {}, "failure_reason": null}}, {"Popup": {"elements": [], "title": "Next"}}], "_sender": "GuiBackend", "_reason": null, "event_type": "MESSAGE_TO_GUI"}
2017-10-24 16:56:18,121 - TdmApplication - DEBUG - FrontendConnectionHandler(id=140694157228368, session='2017-10-24T16_56_00_0'): OK
2017-10-24 16:56:18,135 - TdmApplication - DEBUG - FrontendConnectionHandler(id=140694157228368, session='2017-10-24T16_56_00_0').on_message({"content": ["", "Next"], "_sender": "TextOutputComponent", "_reason": null, "event_type": "SYSTEM_UTTERANCE_REALIZED"})
2017-10-24 16:56:18,192 - TdmApplication - DEBUG - FrontendConnectionHandler(id=140694157228368, session='2017-10-24T16_56_00_0').on_event(Event(FACTS, [], sender=DmeModule, reason=None))
2017-10-24 16:56:18,192 - TdmApplication - DEBUG - FrontendConnectionHandler(id=140694157228368, session='2017-10-24T16_56_00_0'): writing {"content": [], "_sender": "DmeModule", "_reason": null, "event_type": "FACTS"}
2017-10-24 16:56:18,193 - TdmApplication - DEBUG - FrontendConnectionHandler(id=140694157228368, session='2017-10-24T16_56_00_0'): OK
2017-10-24 16:56:18,201 - TdmApplication - DEBUG - FrontendConnectionHandler(id=140694157228368, session='2017-10-24T16_56_00_0').on_event(Event(SYSTEM_UTTERANCE_TO_SPEAK, [Step ended], sender=GenerateModule, reason=None))
2017-10-24 16:56:18,202 - TdmApplication - DEBUG - FrontendConnectionHandler(id=140694157228368, session='2017-10-24T16_56_00_0'): writing {"content": ["Step ended"], "_sender": "GenerateModule", "_reason": null, "event_type": "SYSTEM_UTTERANCE_TO_SPEAK"}
2017-10-24 16:56:18,202 - TdmApplication - DEBUG - FrontendConnectionHandler(id=140694157228368, session='2017-10-24T16_56_00_0'): OK
2017-10-24 16:56:18,202 - TdmApplication - DEBUG - FrontendConnectionHandler(id=140694157228368, session='2017-10-24T16_56_00_0').on_event(Event(GUI.POPUP, {options: [], title: Step ended}, sender=IndependentGuiBackend, reason=None))
2017-10-24 16:56:18,203 - TdmApplication - DEBUG - FrontendConnectionHandler(id=140694157228368, session='2017-10-24T16_56_00_0'): writing {"content": {"options": [], "title": "Step ended"}, "_sender": "IndependentGuiBackend", "_reason": null, "event_type": "GUI.POPUP"}
2017-10-24 16:56:18,203 - TdmApplication - DEBUG - FrontendConnectionHandler(id=140694157228368, session='2017-10-24T16_56_00_0'): OK
2017-10-24 16:56:18,203 - TdmApplication - DEBUG - FrontendConnectionHandler(id=140694157228368, session='2017-10-24T16_56_00_0').on_event(Event(MESSAGE_TO_GUI, [<tdm.tdm_gui_protocol.ClosePopup instance at 0x7ff5e81009e0>, <tdm.tdm_gui_protocol.DeviceResult instance at 0x7ff5e8143e18>, <tdm.tdm_gui_protocol.Popup instance at 0x7ff5e8143d40>], sender=GuiBackend, reason=None))
2017-10-24 16:56:18,204 - TdmApplication - DEBUG - FrontendConnectionHandler(id=140694157228368, session='2017-10-24T16_56_00_0'): writing {"content": [{"ClosePopup": {}}, {"DeviceResult": {"action": "say_step", "result": true, "arguments": {}, "failure_reason": null}}, {"Popup": {"elements": [], "title": "Step ended"}}], "_sender": "GuiBackend", "_reason": null, "event_type": "MESSAGE_TO_GUI"}
2017-10-24 16:56:18,204 - TdmApplication - DEBUG - FrontendConnectionHandler(id=140694157228368, session='2017-10-24T16_56_00_0'): OK
2017-10-24 16:56:18,251 - TdmApplication - DEBUG - FrontendConnectionHandler(id=140694157228368, session='2017-10-24T16_56_00_0').on_message({"content": ["Step ended"], "_sender": "TextOutputComponent", "_reason": null, "event_type": "SYSTEM_UTTERANCE_REALIZED"})
2017-10-24 16:56:18,308 - TdmApplication - DEBUG - FrontendConnectionHandler(id=140694157228368, session='2017-10-24T16_56_00_0').on_event(Event(FACTS, [], sender=DmeModule, reason=None))
2017-10-24 16:56:18,308 - TdmApplication - DEBUG - FrontendConnectionHandler(id=140694157228368, session='2017-10-24T16_56_00_0'): writing {"content": [], "_sender": "DmeModule", "_reason": null, "event_type": "FACTS"}
2017-10-24 16:56:18,308 - TdmApplication - DEBUG - FrontendConnectionHandler(id=140694157228368, session='2017-10-24T16_56_00_0'): OK
2017-10-24 16:56:18,320 - TdmApplication - DEBUG - FrontendConnectionHandler(id=140694157228368, session='2017-10-24T16_56_00_0').on_event(Event(SYSTEM_UTTERANCE_TO_SPEAK, [, Are you done?], sender=GenerateModule, reason=None))
2017-10-24 16:56:18,320 - TdmApplication - DEBUG - FrontendConnectionHandler(id=140694157228368, session='2017-10-24T16_56_00_0'): writing {"content": ["", "Are you done?"], "_sender": "GenerateModule", "_reason": null, "event_type": "SYSTEM_UTTERANCE_TO_SPEAK"}
2017-10-24 16:56:18,321 - TdmApplication - DEBUG - FrontendConnectionHandler(id=140694157228368, session='2017-10-24T16_56_00_0'): OK
2017-10-24 16:56:18,321 - TdmApplication - DEBUG - FrontendConnectionHandler(id=140694157228368, session='2017-10-24T16_56_00_0').on_event(Event(MESSAGE_TO_GUI, [<tdm.tdm_gui_protocol.ClosePopup instance at 0x7ff5e8100c68>], sender=GuiBackend, reason=None))
2017-10-24 16:56:18,321 - TdmApplication - DEBUG - FrontendConnectionHandler(id=140694157228368, session='2017-10-24T16_56_00_0'): writing {"content": [{"ClosePopup": {}}], "_sender": "GuiBackend", "_reason": null, "event_type": "MESSAGE_TO_GUI"}
2017-10-24 16:56:18,321 - TdmApplication - DEBUG - FrontendConnectionHandler(id=140694157228368, session='2017-10-24T16_56_00_0'): OK
2017-10-24 16:56:18,362 - TdmApplication - DEBUG - FrontendConnectionHandler(id=140694157228368, session='2017-10-24T16_56_00_0').on_message({"content": ["", "Are you done?"], "_sender": "TextOutputComponent", "_reason": null, "event_type": "SYSTEM_UTTERANCE_REALIZED"})
2017-10-24 16:56:18,389 - TdmApplication - DEBUG - FrontendConnectionHandler(id=140694157228368, session='2017-10-24T16_56_00_0').on_event(Event(FACTS, [], sender=DmeModule, reason=None))
2017-10-24 16:56:18,389 - TdmApplication - DEBUG - FrontendConnectionHandler(id=140694157228368, session='2017-10-24T16_56_00_0'): writing {"content": [], "_sender": "DmeModule", "_reason": null, "event_type": "FACTS"}
2017-10-24 16:56:18,389 - TdmApplication - DEBUG - FrontendConnectionHandler(id=140694157228368, session='2017-10-24T16_56_00_0'): OK
2017-10-24 16:56:31,698 - TdmApplication - DEBUG - FrontendConnectionHandler(id=140694157228368, session='2017-10-24T16_56_00_0').on_message({"content": [{"score": 1.0, "utterance": "go to next"}], "_sender": "TextInputComponent", "_reason": null, "event_type": "RECOGNITION"})
2017-10-24 16:56:31,702 - TdmApplication - DEBUG - FrontendConnectionHandler(id=140694157228368, session='2017-10-24T16_56_00_0').on_event(Event(STOP_LISTENING, None, sender=TurnManager, reason=None))
2017-10-24 16:56:31,702 - TdmApplication - DEBUG - FrontendConnectionHandler(id=140694157228368, session='2017-10-24T16_56_00_0'): writing {"content": null, "_sender": "TurnManager", "_reason": null, "event_type": "STOP_LISTENING"}
2017-10-24 16:56:31,702 - TdmApplication - DEBUG - FrontendConnectionHandler(id=140694157228368, session='2017-10-24T16_56_00_0'): OK
2017-10-24 16:56:31,822 - TdmApplication - DEBUG - FrontendConnectionHandler(id=140694157228368, session='2017-10-24T16_56_00_0').on_event(Event(SELECTED_RECOGNITION, go to next, sender=DmeModule, reason=None))
2017-10-24 16:56:31,822 - TdmApplication - DEBUG - FrontendConnectionHandler(id=140694157228368, session='2017-10-24T16_56_00_0'): writing {"content": "go to next", "_sender": "DmeModule", "_reason": null, "event_type": "SELECTED_RECOGNITION"}
2017-10-24 16:56:31,822 - TdmApplication - DEBUG - FrontendConnectionHandler(id=140694157228368, session='2017-10-24T16_56_00_0'): OK
2017-10-24 16:56:31,823 - TdmApplication - DEBUG - FrontendConnectionHandler(id=140694157228368, session='2017-10-24T16_56_00_0').on_event(Event(FACTS, [{predicate: confirmation, grammar_entry: None, value: no}], sender=DmeModule, reason=None))
2017-10-24 16:56:31,823 - TdmApplication - DEBUG - FrontendConnectionHandler(id=140694157228368, session='2017-10-24T16_56_00_0'): writing {"content": [{"predicate": "confirmation", "grammar_entry": null, "value": "no"}], "_sender": "DmeModule", "_reason": null, "event_type": "FACTS"}
2017-10-24 16:56:31,823 - TdmApplication - DEBUG - FrontendConnectionHandler(id=140694157228368, session='2017-10-24T16_56_00_0'): OK
2017-10-24 16:56:31,835 - TdmApplication - DEBUG - FrontendConnectionHandler(id=140694157228368, session='2017-10-24T16_56_00_0').on_event(Event(SYSTEM_UTTERANCE_TO_SPEAK, [, Step ended], sender=GenerateModule, reason=None))
2017-10-24 16:56:31,835 - TdmApplication - DEBUG - FrontendConnectionHandler(id=140694157228368, session='2017-10-24T16_56_00_0'): writing {"content": ["", "Step ended"], "_sender": "GenerateModule", "_reason": null, "event_type": "SYSTEM_UTTERANCE_TO_SPEAK"}
2017-10-24 16:56:31,835 - TdmApplication - DEBUG - FrontendConnectionHandler(id=140694157228368, session='2017-10-24T16_56_00_0'): OK
2017-10-24 16:56:31,836 - TdmApplication - DEBUG - FrontendConnectionHandler(id=140694157228368, session='2017-10-24T16_56_00_0').on_event(Event(GUI.POPUP, {options: [], title: Step ended}, sender=IndependentGuiBackend, reason=None))
2017-10-24 16:56:31,836 - TdmApplication - DEBUG - FrontendConnectionHandler(id=140694157228368, session='2017-10-24T16_56_00_0'): writing {"content": {"options": [], "title": "Step ended"}, "_sender": "IndependentGuiBackend", "_reason": null, "event_type": "GUI.POPUP"}
2017-10-24 16:56:31,836 - TdmApplication - DEBUG - FrontendConnectionHandler(id=140694157228368, session='2017-10-24T16_56_00_0'): OK
2017-10-24 16:56:31,837 - TdmApplication - DEBUG - FrontendConnectionHandler(id=140694157228368, session='2017-10-24T16_56_00_0').on_event(Event(MESSAGE_TO_GUI, [<tdm.tdm_gui_protocol.DeviceResult instance at 0x7ff5e8143fc8>, <tdm.tdm_gui_protocol.Popup instance at 0x7ff5e81436c8>], sender=GuiBackend, reason=None))
2017-10-24 16:56:31,838 - TdmApplication - DEBUG - FrontendConnectionHandler(id=140694157228368, session='2017-10-24T16_56_00_0'): writing {"content": [{"DeviceResult": {"action": "say_step", "result": true, "arguments": {}, "failure_reason": null}}, {"Popup": {"elements": [], "title": "Step ended"}}], "_sender": "GuiBackend", "_reason": null, "event_type": "MESSAGE_TO_GUI"}
2017-10-24 16:56:31,838 - TdmApplication - DEBUG - FrontendConnectionHandler(id=140694157228368, session='2017-10-24T16_56_00_0'): OK
2017-10-24 16:56:31,864 - TdmApplication - DEBUG - FrontendConnectionHandler(id=140694157228368, session='2017-10-24T16_56_00_0').on_message({"content": ["", "Step ended"], "_sender": "TextOutputComponent", "_reason": null, "event_type": "SYSTEM_UTTERANCE_REALIZED"})
2017-10-24 16:56:31,897 - TdmApplication - DEBUG - FrontendConnectionHandler(id=140694157228368, session='2017-10-24T16_56_00_0').on_event(Event(FACTS, [{predicate: confirmation, grammar_entry: None, value: no}], sender=DmeModule, reason=None))
2017-10-24 16:56:31,897 - TdmApplication - DEBUG - FrontendConnectionHandler(id=140694157228368, session='2017-10-24T16_56_00_0'): writing {"content": [{"predicate": "confirmation", "grammar_entry": null, "value": "no"}], "_sender": "DmeModule", "_reason": null, "event_type": "FACTS"}
2017-10-24 16:56:31,897 - TdmApplication - DEBUG - FrontendConnectionHandler(id=140694157228368, session='2017-10-24T16_56_00_0'): OK
2017-10-24 16:56:36,146 - TdmApplication - DEBUG - FrontendConnectionHandler(id=140694157228368, session='2017-10-24T16_56_00_0').on_message({"content": [{"score": 1.0, "utterance": "go to next"}], "_sender": "TextInputComponent", "_reason": null, "event_type": "RECOGNITION"})
2017-10-24 16:56:36,150 - TdmApplication - DEBUG - FrontendConnectionHandler(id=140694157228368, session='2017-10-24T16_56_00_0').on_event(Event(FACTS, [{predicate: confirmation, grammar_entry: None, value: no}], sender=DmeModule, reason=None))
2017-10-24 16:56:36,150 - TdmApplication - DEBUG - FrontendConnectionHandler(id=140694157228368, session='2017-10-24T16_56_00_0'): writing {"content": [{"predicate": "confirmation", "grammar_entry": null, "value": "no"}], "_sender": "DmeModule", "_reason": null, "event_type": "FACTS"}
2017-10-24 16:56:36,150 - TdmApplication - DEBUG - FrontendConnectionHandler(id=140694157228368, session='2017-10-24T16_56_00_0'): OK
2017-10-24 16:56:36,161 - TdmApplication - DEBUG - FrontendConnectionHandler(id=140694157228368, session='2017-10-24T16_56_00_0').on_event(Event(STOP_SPEAKING, None, sender=TurnManager, reason=None))
2017-10-24 16:56:36,161 - TdmApplication - DEBUG - FrontendConnectionHandler(id=140694157228368, session='2017-10-24T16_56_00_0'): writing {"content": null, "_sender": "TurnManager", "_reason": null, "event_type": "STOP_SPEAKING"}
2017-10-24 16:56:36,161 - TdmApplication - DEBUG - FrontendConnectionHandler(id=140694157228368, session='2017-10-24T16_56_00_0'): OK
2017-10-24 16:56:36,162 - TdmApplication - DEBUG - FrontendConnectionHandler(id=140694157228368, session='2017-10-24T16_56_00_0').on_event(Event(SYSTEM_UTTERANCE_TO_SPEAK, [Are you done?], sender=GenerateModule, reason=None))
2017-10-24 16:56:36,162 - TdmApplication - DEBUG - FrontendConnectionHandler(id=140694157228368, session='2017-10-24T16_56_00_0'): writing {"content": ["Are you done?"], "_sender": "GenerateModule", "_reason": null, "event_type": "SYSTEM_UTTERANCE_TO_SPEAK"}
2017-10-24 16:56:36,162 - TdmApplication - DEBUG - FrontendConnectionHandler(id=140694157228368, session='2017-10-24T16_56_00_0'): OK
2017-10-24 16:56:36,164 - TdmApplication - DEBUG - FrontendConnectionHandler(id=140694157228368, session='2017-10-24T16_56_00_0').on_event(Event(MESSAGE_TO_GUI, [<tdm.tdm_gui_protocol.ClosePopup instance at 0x7ff5e8126200>], sender=GuiBackend, reason=None))
2017-10-24 16:56:36,164 - TdmApplication - DEBUG - FrontendConnectionHandler(id=140694157228368, session='2017-10-24T16_56_00_0'): writing {"content": [{"ClosePopup": {}}], "_sender": "GuiBackend", "_reason": null, "event_type": "MESSAGE_TO_GUI"}
2017-10-24 16:56:36,164 - TdmApplication - DEBUG - FrontendConnectionHandler(id=140694157228368, session='2017-10-24T16_56_00_0'): OK
2017-10-24 16:56:36,174 - TdmApplication - DEBUG - FrontendConnectionHandler(id=140694157228368, session='2017-10-24T16_56_00_0').on_message({"content": ["Are you done?"], "_sender": "TextOutputComponent", "_reason": null, "event_type": "SYSTEM_UTTERANCE_REALIZED"})
2017-10-24 16:56:36,196 - TdmApplication - DEBUG - FrontendConnectionHandler(id=140694157228368, session='2017-10-24T16_56_00_0').on_event(Event(FACTS, [{predicate: confirmation, grammar_entry: None, value: no}], sender=DmeModule, reason=None))
2017-10-24 16:56:36,197 - TdmApplication - DEBUG - FrontendConnectionHandler(id=140694157228368, session='2017-10-24T16_56_00_0'): writing {"content": [{"predicate": "confirmation", "grammar_entry": null, "value": "no"}], "_sender": "DmeModule", "_reason": null, "event_type": "FACTS"}
2017-10-24 16:56:36,197 - TdmApplication - DEBUG - FrontendConnectionHandler(id=140694157228368, session='2017-10-24T16_56_00_0'): OK
2017-10-24 16:56:36,312 - TdmApplication - DEBUG - FrontendConnectionHandler(id=140694157228368, session='2017-10-24T16_56_00_0').on_event(Event(SELECTED_RECOGNITION, go to next, sender=DmeModule, reason=None))
2017-10-24 16:56:36,312 - TdmApplication - DEBUG - FrontendConnectionHandler(id=140694157228368, session='2017-10-24T16_56_00_0'): writing {"content": "go to next", "_sender": "DmeModule", "_reason": null, "event_type": "SELECTED_RECOGNITION"}
2017-10-24 16:56:36,312 - TdmApplication - DEBUG - FrontendConnectionHandler(id=140694157228368, session='2017-10-24T16_56_00_0'): OK
2017-10-24 16:56:36,314 - TdmApplication - DEBUG - FrontendConnectionHandler(id=140694157228368, session='2017-10-24T16_56_00_0').on_event(Event(FACTS, [{predicate: confirmation, grammar_entry: None, value: no}], sender=DmeModule, reason=None))
2017-10-24 16:56:36,314 - TdmApplication - DEBUG - FrontendConnectionHandler(id=140694157228368, session='2017-10-24T16_56_00_0'): writing {"content": [{"predicate": "confirmation", "grammar_entry": null, "value": "no"}], "_sender": "DmeModule", "_reason": null, "event_type": "FACTS"}
2017-10-24 16:56:36,314 - TdmApplication - DEBUG - FrontendConnectionHandler(id=140694157228368, session='2017-10-24T16_56_00_0'): OK
2017-10-24 16:56:36,330 - TdmApplication - DEBUG - FrontendConnectionHandler(id=140694157228368, session='2017-10-24T16_56_00_0').on_event(Event(SYSTEM_UTTERANCE_TO_SPEAK, [, Step ended], sender=GenerateModule, reason=None))
2017-10-24 16:56:36,330 - TdmApplication - DEBUG - FrontendConnectionHandler(id=140694157228368, session='2017-10-24T16_56_00_0'): writing {"content": ["", "Step ended"], "_sender": "GenerateModule", "_reason": null, "event_type": "SYSTEM_UTTERANCE_TO_SPEAK"}
2017-10-24 16:56:36,330 - TdmApplication - DEBUG - FrontendConnectionHandler(id=140694157228368, session='2017-10-24T16_56_00_0'): OK
2017-10-24 16:56:36,331 - TdmApplication - DEBUG - FrontendConnectionHandler(id=140694157228368, session='2017-10-24T16_56_00_0').on_event(Event(GUI.POPUP, {options: [], title: Step ended}, sender=IndependentGuiBackend, reason=None))
2017-10-24 16:56:36,331 - TdmApplication - DEBUG - FrontendConnectionHandler(id=140694157228368, session='2017-10-24T16_56_00_0'): writing {"content": {"options": [], "title": "Step ended"}, "_sender": "IndependentGuiBackend", "_reason": null, "event_type": "GUI.POPUP"}
2017-10-24 16:56:36,331 - TdmApplication - DEBUG - FrontendConnectionHandler(id=140694157228368, session='2017-10-24T16_56_00_0'): OK
2017-10-24 16:56:36,332 - TdmApplication - DEBUG - FrontendConnectionHandler(id=140694157228368, session='2017-10-24T16_56_00_0').on_event(Event(MESSAGE_TO_GUI, [<tdm.tdm_gui_protocol.DeviceResult instance at 0x7ff5e9449758>, <tdm.tdm_gui_protocol.Popup instance at 0x7ff5e810ecf8>], sender=GuiBackend, reason=None))
2017-10-24 16:56:36,332 - TdmApplication - DEBUG - FrontendConnectionHandler(id=140694157228368, session='2017-10-24T16_56_00_0'): writing {"content": [{"DeviceResult": {"action": "say_step", "result": true, "arguments": {}, "failure_reason": null}}, {"Popup": {"elements": [], "title": "Step ended"}}], "_sender": "GuiBackend", "_reason": null, "event_type": "MESSAGE_TO_GUI"}
2017-10-24 16:56:36,332 - TdmApplication - DEBUG - FrontendConnectionHandler(id=140694157228368, session='2017-10-24T16_56_00_0'): OK
2017-10-24 16:56:36,344 - TdmApplication - DEBUG - FrontendConnectionHandler(id=140694157228368, session='2017-10-24T16_56_00_0').on_message({"content": ["", "Step ended"], "_sender": "TextOutputComponent", "_reason": null, "event_type": "SYSTEM_UTTERANCE_REALIZED"})
2017-10-24 16:56:36,377 - TdmApplication - DEBUG - FrontendConnectionHandler(id=140694157228368, session='2017-10-24T16_56_00_0').on_event(Event(FACTS, [{predicate: confirmation, grammar_entry: None, value: no}], sender=DmeModule, reason=None))
2017-10-24 16:56:36,377 - TdmApplication - DEBUG - FrontendConnectionHandler(id=140694157228368, session='2017-10-24T16_56_00_0'): writing {"content": [{"predicate": "confirmation", "grammar_entry": null, "value": "no"}], "_sender": "DmeModule", "_reason": null, "event_type": "FACTS"}
2017-10-24 16:56:36,377 - TdmApplication - DEBUG - FrontendConnectionHandler(id=140694157228368, session='2017-10-24T16_56_00_0'): OK
2017-10-24 16:56:41,248 - TdmApplication - DEBUG - FrontendConnectionHandler(id=140694157228368, session='2017-10-24T16_56_00_0').on_message({"content": [{"score": 1.0, "utterance": "go to next"}], "_sender": "TextInputComponent", "_reason": null, "event_type": "RECOGNITION"})
2017-10-24 16:56:41,252 - TdmApplication - DEBUG - FrontendConnectionHandler(id=140694157228368, session='2017-10-24T16_56_00_0').on_event(Event(FACTS, [{predicate: confirmation, grammar_entry: None, value: no}], sender=DmeModule, reason=None))
2017-10-24 16:56:41,252 - TdmApplication - DEBUG - FrontendConnectionHandler(id=140694157228368, session='2017-10-24T16_56_00_0'): writing {"content": [{"predicate": "confirmation", "grammar_entry": null, "value": "no"}], "_sender": "DmeModule", "_reason": null, "event_type": "FACTS"}
2017-10-24 16:56:41,252 - TdmApplication - DEBUG - FrontendConnectionHandler(id=140694157228368, session='2017-10-24T16_56_00_0'): OK
2017-10-24 16:56:41,264 - TdmApplication - DEBUG - FrontendConnectionHandler(id=140694157228368, session='2017-10-24T16_56_00_0').on_event(Event(STOP_SPEAKING, None, sender=TurnManager, reason=None))
2017-10-24 16:56:41,264 - TdmApplication - DEBUG - FrontendConnectionHandler(id=140694157228368, session='2017-10-24T16_56_00_0'): writing {"content": null, "_sender": "TurnManager", "_reason": null, "event_type": "STOP_SPEAKING"}
2017-10-24 16:56:41,264 - TdmApplication - DEBUG - FrontendConnectionHandler(id=140694157228368, session='2017-10-24T16_56_00_0'): OK
2017-10-24 16:56:41,265 - TdmApplication - DEBUG - FrontendConnectionHandler(id=140694157228368, session='2017-10-24T16_56_00_0').on_event(Event(SYSTEM_UTTERANCE_TO_SPEAK, [Are you done?], sender=GenerateModule, reason=None))
2017-10-24 16:56:41,266 - TdmApplication - DEBUG - FrontendConnectionHandler(id=140694157228368, session='2017-10-24T16_56_00_0'): writing {"content": ["Are you done?"], "_sender": "GenerateModule", "_reason": null, "event_type": "SYSTEM_UTTERANCE_TO_SPEAK"}
2017-10-24 16:56:41,266 - TdmApplication - DEBUG - FrontendConnectionHandler(id=140694157228368, session='2017-10-24T16_56_00_0'): OK
2017-10-24 16:56:41,267 - TdmApplication - DEBUG - FrontendConnectionHandler(id=140694157228368, session='2017-10-24T16_56_00_0').on_event(Event(MESSAGE_TO_GUI, [<tdm.tdm_gui_protocol.ClosePopup instance at 0x7ff5e817f998>], sender=GuiBackend, reason=None))
2017-10-24 16:56:41,267 - TdmApplication - DEBUG - FrontendConnectionHandler(id=140694157228368, session='2017-10-24T16_56_00_0'): writing {"content": [{"ClosePopup": {}}], "_sender": "GuiBackend", "_reason": null, "event_type": "MESSAGE_TO_GUI"}
2017-10-24 16:56:41,267 - TdmApplication - DEBUG - FrontendConnectionHandler(id=140694157228368, session='2017-10-24T16_56_00_0'): OK
2017-10-24 16:56:41,305 - TdmApplication - DEBUG - FrontendConnectionHandler(id=140694157228368, session='2017-10-24T16_56_00_0').on_message({"content": ["Are you done?"], "_sender": "TextOutputComponent", "_reason": null, "event_type": "SYSTEM_UTTERANCE_REALIZED"})
2017-10-24 16:56:41,328 - TdmApplication - DEBUG - FrontendConnectionHandler(id=140694157228368, session='2017-10-24T16_56_00_0').on_event(Event(FACTS, [{predicate: confirmation, grammar_entry: None, value: no}], sender=DmeModule, reason=None))
2017-10-24 16:56:41,328 - TdmApplication - DEBUG - FrontendConnectionHandler(id=140694157228368, session='2017-10-24T16_56_00_0'): writing {"content": [{"predicate": "confirmation", "grammar_entry": null, "value": "no"}], "_sender": "DmeModule", "_reason": null, "event_type": "FACTS"}
2017-10-24 16:56:41,328 - TdmApplication - DEBUG - FrontendConnectionHandler(id=140694157228368, session='2017-10-24T16_56_00_0'): OK
2017-10-24 16:56:41,439 - TdmApplication - DEBUG - FrontendConnectionHandler(id=140694157228368, session='2017-10-24T16_56_00_0').on_event(Event(SELECTED_RECOGNITION, go to next, sender=DmeModule, reason=None))
2017-10-24 16:56:41,439 - TdmApplication - DEBUG - FrontendConnectionHandler(id=140694157228368, session='2017-10-24T16_56_00_0'): writing {"content": "go to next", "_sender": "DmeModule", "_reason": null, "event_type": "SELECTED_RECOGNITION"}
2017-10-24 16:56:41,439 - TdmApplication - DEBUG - FrontendConnectionHandler(id=140694157228368, session='2017-10-24T16_56_00_0'): OK
2017-10-24 16:56:41,440 - TdmApplication - DEBUG - FrontendConnectionHandler(id=140694157228368, session='2017-10-24T16_56_00_0').on_event(Event(FACTS, [{predicate: confirmation, grammar_entry: None, value: no}], sender=DmeModule, reason=None))
2017-10-24 16:56:41,440 - TdmApplication - DEBUG - FrontendConnectionHandler(id=140694157228368, session='2017-10-24T16_56_00_0'): writing {"content": [{"predicate": "confirmation", "grammar_entry": null, "value": "no"}], "_sender": "DmeModule", "_reason": null, "event_type": "FACTS"}
2017-10-24 16:56:41,440 - TdmApplication - DEBUG - FrontendConnectionHandler(id=140694157228368, session='2017-10-24T16_56_00_0'): OK
2017-10-24 16:56:41,454 - TdmApplication - DEBUG - FrontendConnectionHandler(id=140694157228368, session='2017-10-24T16_56_00_0').on_event(Event(SYSTEM_UTTERANCE_TO_SPEAK, [, Step ended], sender=GenerateModule, reason=None))
2017-10-24 16:56:41,454 - TdmApplication - DEBUG - FrontendConnectionHandler(id=140694157228368, session='2017-10-24T16_56_00_0'): writing {"content": ["", "Step ended"], "_sender": "GenerateModule", "_reason": null, "event_type": "SYSTEM_UTTERANCE_TO_SPEAK"}
2017-10-24 16:56:41,454 - TdmApplication - DEBUG - FrontendConnectionHandler(id=140694157228368, session='2017-10-24T16_56_00_0'): OK
2017-10-24 16:56:41,455 - TdmApplication - DEBUG - FrontendConnectionHandler(id=140694157228368, session='2017-10-24T16_56_00_0').on_event(Event(GUI.POPUP, {options: [], title: Step ended}, sender=IndependentGuiBackend, reason=None))
2017-10-24 16:56:41,455 - TdmApplication - DEBUG - FrontendConnectionHandler(id=140694157228368, session='2017-10-24T16_56_00_0'): writing {"content": {"options": [], "title": "Step ended"}, "_sender": "IndependentGuiBackend", "_reason": null, "event_type": "GUI.POPUP"}
2017-10-24 16:56:41,456 - TdmApplication - DEBUG - FrontendConnectionHandler(id=140694157228368, session='2017-10-24T16_56_00_0'): OK
2017-10-24 16:56:41,457 - TdmApplication - DEBUG - FrontendConnectionHandler(id=140694157228368, session='2017-10-24T16_56_00_0').on_event(Event(MESSAGE_TO_GUI, [<tdm.tdm_gui_protocol.DeviceResult instance at 0x7ff5e8143dd0>, <tdm.tdm_gui_protocol.Popup instance at 0x7ff5e8148320>], sender=GuiBackend, reason=None))
2017-10-24 16:56:41,457 - TdmApplication - DEBUG - FrontendConnectionHandler(id=140694157228368, session='2017-10-24T16_56_00_0'): writing {"content": [{"DeviceResult": {"action": "say_step", "result": true, "arguments": {}, "failure_reason": null}}, {"Popup": {"elements": [], "title": "Step ended"}}], "_sender": "GuiBackend", "_reason": null, "event_type": "MESSAGE_TO_GUI"}
2017-10-24 16:56:41,457 - TdmApplication - DEBUG - FrontendConnectionHandler(id=140694157228368, session='2017-10-24T16_56_00_0'): OK
2017-10-24 16:56:41,481 - TdmApplication - DEBUG - FrontendConnectionHandler(id=140694157228368, session='2017-10-24T16_56_00_0').on_message({"content": ["", "Step ended"], "_sender": "TextOutputComponent", "_reason": null, "event_type": "SYSTEM_UTTERANCE_REALIZED"})
2017-10-24 16:56:41,515 - TdmApplication - DEBUG - FrontendConnectionHandler(id=140694157228368, session='2017-10-24T16_56_00_0').on_event(Event(FACTS, [{predicate: confirmation, grammar_entry: None, value: no}], sender=DmeModule, reason=None))
2017-10-24 16:56:41,515 - TdmApplication - DEBUG - FrontendConnectionHandler(id=140694157228368, session='2017-10-24T16_56_00_0'): writing {"content": [{"predicate": "confirmation", "grammar_entry": null, "value": "no"}], "_sender": "DmeModule", "_reason": null, "event_type": "FACTS"}
2017-10-24 16:56:41,515 - TdmApplication - DEBUG - FrontendConnectionHandler(id=140694157228368, session='2017-10-24T16_56_00_0'): OK
2017-10-24 16:56:45,982 - TdmApplication - DEBUG - FrontendConnectionHandler(id=140694157228368, session='2017-10-24T16_56_00_0').on_message({"content": [{"score": 1.0, "utterance": "go to next"}], "_sender": "TextInputComponent", "_reason": null, "event_type": "RECOGNITION"})
2017-10-24 16:56:45,986 - TdmApplication - DEBUG - FrontendConnectionHandler(id=140694157228368, session='2017-10-24T16_56_00_0').on_event(Event(FACTS, [{predicate: confirmation, grammar_entry: None, value: no}], sender=DmeModule, reason=None))
2017-10-24 16:56:45,986 - TdmApplication - DEBUG - FrontendConnectionHandler(id=140694157228368, session='2017-10-24T16_56_00_0'): writing {"content": [{"predicate": "confirmation", "grammar_entry": null, "value": "no"}], "_sender": "DmeModule", "_reason": null, "event_type": "FACTS"}
2017-10-24 16:56:45,986 - TdmApplication - DEBUG - FrontendConnectionHandler(id=140694157228368, session='2017-10-24T16_56_00_0'): OK
2017-10-24 16:56:45,999 - TdmApplication - DEBUG - FrontendConnectionHandler(id=140694157228368, session='2017-10-24T16_56_00_0').on_event(Event(STOP_SPEAKING, None, sender=TurnManager, reason=None))
2017-10-24 16:56:45,999 - TdmApplication - DEBUG - FrontendConnectionHandler(id=140694157228368, session='2017-10-24T16_56_00_0'): writing {"content": null, "_sender": "TurnManager", "_reason": null, "event_type": "STOP_SPEAKING"}
2017-10-24 16:56:46,000 - TdmApplication - DEBUG - FrontendConnectionHandler(id=140694157228368, session='2017-10-24T16_56_00_0'): OK
2017-10-24 16:56:46,002 - TdmApplication - DEBUG - FrontendConnectionHandler(id=140694157228368, session='2017-10-24T16_56_00_0').on_event(Event(SYSTEM_UTTERANCE_TO_SPEAK, [Are you done?], sender=GenerateModule, reason=None))
2017-10-24 16:56:46,003 - TdmApplication - DEBUG - FrontendConnectionHandler(id=140694157228368, session='2017-10-24T16_56_00_0'): writing {"content": ["Are you done?"], "_sender": "GenerateModule", "_reason": null, "event_type": "SYSTEM_UTTERANCE_TO_SPEAK"}
2017-10-24 16:56:46,003 - TdmApplication - DEBUG - FrontendConnectionHandler(id=140694157228368, session='2017-10-24T16_56_00_0'): OK
2017-10-24 16:56:46,004 - TdmApplication - DEBUG - FrontendConnectionHandler(id=140694157228368, session='2017-10-24T16_56_00_0').on_event(Event(MESSAGE_TO_GUI, [<tdm.tdm_gui_protocol.ClosePopup instance at 0x7ff5e8143e60>], sender=GuiBackend, reason=None))
2017-10-24 16:56:46,004 - TdmApplication - DEBUG - FrontendConnectionHandler(id=140694157228368, session='2017-10-24T16_56_00_0'): writing {"content": [{"ClosePopup": {}}], "_sender": "GuiBackend", "_reason": null, "event_type": "MESSAGE_TO_GUI"}
2017-10-24 16:56:46,004 - TdmApplication - DEBUG - FrontendConnectionHandler(id=140694157228368, session='2017-10-24T16_56_00_0'): OK
2017-10-24 16:56:46,009 - TdmApplication - DEBUG - FrontendConnectionHandler(id=140694157228368, session='2017-10-24T16_56_00_0').on_message({"content": ["Are you done?"], "_sender": "TextOutputComponent", "_reason": null, "event_type": "SYSTEM_UTTERANCE_REALIZED"})
2017-10-24 16:56:46,031 - TdmApplication - DEBUG - FrontendConnectionHandler(id=140694157228368, session='2017-10-24T16_56_00_0').on_event(Event(FACTS, [{predicate: confirmation, grammar_entry: None, value: no}], sender=DmeModule, reason=None))
2017-10-24 16:56:46,031 - TdmApplication - DEBUG - FrontendConnectionHandler(id=140694157228368, session='2017-10-24T16_56_00_0'): writing {"content": [{"predicate": "confirmation", "grammar_entry": null, "value": "no"}], "_sender": "DmeModule", "_reason": null, "event_type": "FACTS"}
2017-10-24 16:56:46,032 - TdmApplication - DEBUG - FrontendConnectionHandler(id=140694157228368, session='2017-10-24T16_56_00_0'): OK
2017-10-24 16:56:46,146 - TdmApplication - DEBUG - FrontendConnectionHandler(id=140694157228368, session='2017-10-24T16_56_00_0').on_event(Event(SELECTED_RECOGNITION, go to next, sender=DmeModule, reason=None))
2017-10-24 16:56:46,146 - TdmApplication - DEBUG - FrontendConnectionHandler(id=140694157228368, session='2017-10-24T16_56_00_0'): writing {"content": "go to next", "_sender": "DmeModule", "_reason": null, "event_type": "SELECTED_RECOGNITION"}
2017-10-24 16:56:46,146 - TdmApplication - DEBUG - FrontendConnectionHandler(id=140694157228368, session='2017-10-24T16_56_00_0'): OK
2017-10-24 16:56:46,147 - TdmApplication - DEBUG - FrontendConnectionHandler(id=140694157228368, session='2017-10-24T16_56_00_0').on_event(Event(FACTS, [{predicate: confirmation, grammar_entry: None, value: no}], sender=DmeModule, reason=None))
2017-10-24 16:56:46,147 - TdmApplication - DEBUG - FrontendConnectionHandler(id=140694157228368, session='2017-10-24T16_56_00_0'): writing {"content": [{"predicate": "confirmation", "grammar_entry": null, "value": "no"}], "_sender": "DmeModule", "_reason": null, "event_type": "FACTS"}
2017-10-24 16:56:46,147 - TdmApplication - DEBUG - FrontendConnectionHandler(id=140694157228368, session='2017-10-24T16_56_00_0'): OK
2017-10-24 16:56:46,160 - TdmApplication - DEBUG - FrontendConnectionHandler(id=140694157228368, session='2017-10-24T16_56_00_0').on_event(Event(SYSTEM_UTTERANCE_TO_SPEAK, [, Step ended], sender=GenerateModule, reason=None))
2017-10-24 16:56:46,160 - TdmApplication - DEBUG - FrontendConnectionHandler(id=140694157228368, session='2017-10-24T16_56_00_0'): writing {"content": ["", "Step ended"], "_sender": "GenerateModule", "_reason": null, "event_type": "SYSTEM_UTTERANCE_TO_SPEAK"}
2017-10-24 16:56:46,160 - TdmApplication - DEBUG - FrontendConnectionHandler(id=140694157228368, session='2017-10-24T16_56_00_0'): OK
2017-10-24 16:56:46,161 - TdmApplication - DEBUG - FrontendConnectionHandler(id=140694157228368, session='2017-10-24T16_56_00_0').on_event(Event(GUI.POPUP, {options: [], title: Step ended}, sender=IndependentGuiBackend, reason=None))
2017-10-24 16:56:46,161 - TdmApplication - DEBUG - FrontendConnectionHandler(id=140694157228368, session='2017-10-24T16_56_00_0'): writing {"content": {"options": [], "title": "Step ended"}, "_sender": "IndependentGuiBackend", "_reason": null, "event_type": "GUI.POPUP"}
2017-10-24 16:56:46,161 - TdmApplication - DEBUG - FrontendConnectionHandler(id=140694157228368, session='2017-10-24T16_56_00_0'): OK
2017-10-24 16:56:46,162 - TdmApplication - DEBUG - FrontendConnectionHandler(id=140694157228368, session='2017-10-24T16_56_00_0').on_event(Event(MESSAGE_TO_GUI, [<tdm.tdm_gui_protocol.DeviceResult instance at 0x7ff5e8167b00>, <tdm.tdm_gui_protocol.Popup instance at 0x7ff5e817b638>], sender=GuiBackend, reason=None))
2017-10-24 16:56:46,162 - TdmApplication - DEBUG - FrontendConnectionHandler(id=140694157228368, session='2017-10-24T16_56_00_0'): writing {"content": [{"DeviceResult": {"action": "say_step", "result": true, "arguments": {}, "failure_reason": null}}, {"Popup": {"elements": [], "title": "Step ended"}}], "_sender": "GuiBackend", "_reason": null, "event_type": "MESSAGE_TO_GUI"}
2017-10-24 16:56:46,162 - TdmApplication - DEBUG - FrontendConnectionHandler(id=140694157228368, session='2017-10-24T16_56_00_0'): OK
2017-10-24 16:56:46,187 - TdmApplication - DEBUG - FrontendConnectionHandler(id=140694157228368, session='2017-10-24T16_56_00_0').on_message({"content": ["", "Step ended"], "_sender": "TextOutputComponent", "_reason": null, "event_type": "SYSTEM_UTTERANCE_REALIZED"})
2017-10-24 16:56:46,220 - TdmApplication - DEBUG - FrontendConnectionHandler(id=140694157228368, session='2017-10-24T16_56_00_0').on_event(Event(FACTS, [{predicate: confirmation, grammar_entry: None, value: no}], sender=DmeModule, reason=None))
2017-10-24 16:56:46,220 - TdmApplication - DEBUG - FrontendConnectionHandler(id=140694157228368, session='2017-10-24T16_56_00_0'): writing {"content": [{"predicate": "confirmation", "grammar_entry": null, "value": "no"}], "_sender": "DmeModule", "_reason": null, "event_type": "FACTS"}
2017-10-24 16:56:46,220 - TdmApplication - DEBUG - FrontendConnectionHandler(id=140694157228368, session='2017-10-24T16_56_00_0'): OK
2017-10-24 16:56:49,354 - TdmApplication - DEBUG - FrontendConnectionHandler(id=140694157228368, session='2017-10-24T16_56_00_0').on_message({"content": [{"score": 1.0, "utterance": "go to next"}], "_sender": "TextInputComponent", "_reason": null, "event_type": "RECOGNITION"})
2017-10-24 16:56:49,357 - TdmApplication - DEBUG - FrontendConnectionHandler(id=140694157228368, session='2017-10-24T16_56_00_0').on_event(Event(FACTS, [{predicate: confirmation, grammar_entry: None, value: no}], sender=DmeModule, reason=None))
2017-10-24 16:56:49,357 - TdmApplication - DEBUG - FrontendConnectionHandler(id=140694157228368, session='2017-10-24T16_56_00_0'): writing {"content": [{"predicate": "confirmation", "grammar_entry": null, "value": "no"}], "_sender": "DmeModule", "_reason": null, "event_type": "FACTS"}
2017-10-24 16:56:49,357 - TdmApplication - DEBUG - FrontendConnectionHandler(id=140694157228368, session='2017-10-24T16_56_00_0'): OK
2017-10-24 16:56:49,368 - TdmApplication - DEBUG - FrontendConnectionHandler(id=140694157228368, session='2017-10-24T16_56_00_0').on_event(Event(STOP_SPEAKING, None, sender=TurnManager, reason=None))
2017-10-24 16:56:49,368 - TdmApplication - DEBUG - FrontendConnectionHandler(id=140694157228368, session='2017-10-24T16_56_00_0'): writing {"content": null, "_sender": "TurnManager", "_reason": null, "event_type": "STOP_SPEAKING"}
2017-10-24 16:56:49,368 - TdmApplication - DEBUG - FrontendConnectionHandler(id=140694157228368, session='2017-10-24T16_56_00_0'): OK
2017-10-24 16:56:49,369 - TdmApplication - DEBUG - FrontendConnectionHandler(id=140694157228368, session='2017-10-24T16_56_00_0').on_event(Event(SYSTEM_UTTERANCE_TO_SPEAK, [Are you done?], sender=GenerateModule, reason=None))
2017-10-24 16:56:49,369 - TdmApplication - DEBUG - FrontendConnectionHandler(id=140694157228368, session='2017-10-24T16_56_00_0'): writing {"content": ["Are you done?"], "_sender": "GenerateModule", "_reason": null, "event_type": "SYSTEM_UTTERANCE_TO_SPEAK"}
2017-10-24 16:56:49,369 - TdmApplication - DEBUG - FrontendConnectionHandler(id=140694157228368, session='2017-10-24T16_56_00_0'): OK
2017-10-24 16:56:49,371 - TdmApplication - DEBUG - FrontendConnectionHandler(id=140694157228368, session='2017-10-24T16_56_00_0').on_event(Event(MESSAGE_TO_GUI, [<tdm.tdm_gui_protocol.ClosePopup instance at 0x7ff5e8123248>], sender=GuiBackend, reason=None))
2017-10-24 16:56:49,371 - TdmApplication - DEBUG - FrontendConnectionHandler(id=140694157228368, session='2017-10-24T16_56_00_0'): writing {"content": [{"ClosePopup": {}}], "_sender": "GuiBackend", "_reason": null, "event_type": "MESSAGE_TO_GUI"}
2017-10-24 16:56:49,371 - TdmApplication - DEBUG - FrontendConnectionHandler(id=140694157228368, session='2017-10-24T16_56_00_0'): OK
2017-10-24 16:56:49,400 - TdmApplication - DEBUG - FrontendConnectionHandler(id=140694157228368, session='2017-10-24T16_56_00_0').on_message({"content": ["Are you done?"], "_sender": "TextOutputComponent", "_reason": null, "event_type": "SYSTEM_UTTERANCE_REALIZED"})
2017-10-24 16:56:49,421 - TdmApplication - DEBUG - FrontendConnectionHandler(id=140694157228368, session='2017-10-24T16_56_00_0').on_event(Event(FACTS, [{predicate: confirmation, grammar_entry: None, value: no}], sender=DmeModule, reason=None))
2017-10-24 16:56:49,422 - TdmApplication - DEBUG - FrontendConnectionHandler(id=140694157228368, session='2017-10-24T16_56_00_0'): writing {"content": [{"predicate": "confirmation", "grammar_entry": null, "value": "no"}], "_sender": "DmeModule", "_reason": null, "event_type": "FACTS"}
2017-10-24 16:56:49,422 - TdmApplication - DEBUG - FrontendConnectionHandler(id=140694157228368, session='2017-10-24T16_56_00_0'): OK
2017-10-24 16:56:49,531 - TdmApplication - DEBUG - FrontendConnectionHandler(id=140694157228368, session='2017-10-24T16_56_00_0').on_event(Event(SELECTED_RECOGNITION, go to next, sender=DmeModule, reason=None))
2017-10-24 16:56:49,531 - TdmApplication - DEBUG - FrontendConnectionHandler(id=140694157228368, session='2017-10-24T16_56_00_0'): writing {"content": "go to next", "_sender": "DmeModule", "_reason": null, "event_type": "SELECTED_RECOGNITION"}
2017-10-24 16:56:49,531 - TdmApplication - DEBUG - FrontendConnectionHandler(id=140694157228368, session='2017-10-24T16_56_00_0'): OK
2017-10-24 16:56:49,532 - TdmApplication - DEBUG - FrontendConnectionHandler(id=140694157228368, session='2017-10-24T16_56_00_0').on_event(Event(FACTS, [{predicate: confirmation, grammar_entry: None, value: no}], sender=DmeModule, reason=None))
2017-10-24 16:56:49,532 - TdmApplication - DEBUG - FrontendConnectionHandler(id=140694157228368, session='2017-10-24T16_56_00_0'): writing {"content": [{"predicate": "confirmation", "grammar_entry": null, "value": "no"}], "_sender": "DmeModule", "_reason": null, "event_type": "FACTS"}
2017-10-24 16:56:49,532 - TdmApplication - DEBUG - FrontendConnectionHandler(id=140694157228368, session='2017-10-24T16_56_00_0'): OK
2017-10-24 16:56:49,546 - TdmApplication - DEBUG - FrontendConnectionHandler(id=140694157228368, session='2017-10-24T16_56_00_0').on_event(Event(SYSTEM_UTTERANCE_TO_SPEAK, [, Step ended], sender=GenerateModule, reason=None))
2017-10-24 16:56:49,546 - TdmApplication - DEBUG - FrontendConnectionHandler(id=140694157228368, session='2017-10-24T16_56_00_0'): writing {"content": ["", "Step ended"], "_sender": "GenerateModule", "_reason": null, "event_type": "SYSTEM_UTTERANCE_TO_SPEAK"}
2017-10-24 16:56:49,546 - TdmApplication - DEBUG - FrontendConnectionHandler(id=140694157228368, session='2017-10-24T16_56_00_0'): OK
2017-10-24 16:56:49,547 - TdmApplication - DEBUG - FrontendConnectionHandler(id=140694157228368, session='2017-10-24T16_56_00_0').on_event(Event(GUI.POPUP, {options: [], title: Step ended}, sender=IndependentGuiBackend, reason=None))
2017-10-24 16:56:49,547 - TdmApplication - DEBUG - FrontendConnectionHandler(id=140694157228368, session='2017-10-24T16_56_00_0'): writing {"content": {"options": [], "title": "Step ended"}, "_sender": "IndependentGuiBackend", "_reason": null, "event_type": "GUI.POPUP"}
2017-10-24 16:56:49,548 - TdmApplication - DEBUG - FrontendConnectionHandler(id=140694157228368, session='2017-10-24T16_56_00_0'): OK
2017-10-24 16:56:49,549 - TdmApplication - DEBUG - FrontendConnectionHandler(id=140694157228368, session='2017-10-24T16_56_00_0').on_event(Event(MESSAGE_TO_GUI, [<tdm.tdm_gui_protocol.DeviceResult instance at 0x7ff5e810e5f0>, <tdm.tdm_gui_protocol.Popup instance at 0x7ff5e810e908>], sender=GuiBackend, reason=None))
2017-10-24 16:56:49,549 - TdmApplication - DEBUG - FrontendConnectionHandler(id=140694157228368, session='2017-10-24T16_56_00_0'): writing {"content": [{"DeviceResult": {"action": "say_step", "result": true, "arguments": {}, "failure_reason": null}}, {"Popup": {"elements": [], "title": "Step ended"}}], "_sender": "GuiBackend", "_reason": null, "event_type": "MESSAGE_TO_GUI"}
2017-10-24 16:56:49,550 - TdmApplication - DEBUG - FrontendConnectionHandler(id=140694157228368, session='2017-10-24T16_56_00_0'): OK
2017-10-24 16:56:49,573 - TdmApplication - DEBUG - FrontendConnectionHandler(id=140694157228368, session='2017-10-24T16_56_00_0').on_message({"content": ["", "Step ended"], "_sender": "TextOutputComponent", "_reason": null, "event_type": "SYSTEM_UTTERANCE_REALIZED"})
2017-10-24 16:56:49,610 - TdmApplication - DEBUG - FrontendConnectionHandler(id=140694157228368, session='2017-10-24T16_56_00_0').on_event(Event(FACTS, [{predicate: confirmation, grammar_entry: None, value: no}], sender=DmeModule, reason=None))
2017-10-24 16:56:49,610 - TdmApplication - DEBUG - FrontendConnectionHandler(id=140694157228368, session='2017-10-24T16_56_00_0'): writing {"content": [{"predicate": "confirmation", "grammar_entry": null, "value": "no"}], "_sender": "DmeModule", "_reason": null, "event_type": "FACTS"}
2017-10-24 16:56:49,611 - TdmApplication - DEBUG - FrontendConnectionHandler(id=140694157228368, session='2017-10-24T16_56_00_0'): OK
2017-10-24 16:56:53,655 - TdmApplication - DEBUG - FrontendConnectionHandler(id=140694157228368, session='2017-10-24T16_56_00_0').on_message({"content": [{"score": 1.0, "utterance": "go to next"}], "_sender": "TextInputComponent", "_reason": null, "event_type": "RECOGNITION"})
2017-10-24 16:56:53,659 - TdmApplication - DEBUG - FrontendConnectionHandler(id=140694157228368, session='2017-10-24T16_56_00_0').on_event(Event(FACTS, [{predicate: confirmation, grammar_entry: None, value: no}], sender=DmeModule, reason=None))
2017-10-24 16:56:53,659 - TdmApplication - DEBUG - FrontendConnectionHandler(id=140694157228368, session='2017-10-24T16_56_00_0'): writing {"content": [{"predicate": "confirmation", "grammar_entry": null, "value": "no"}], "_sender": "DmeModule", "_reason": null, "event_type": "FACTS"}
2017-10-24 16:56:53,659 - TdmApplication - DEBUG - FrontendConnectionHandler(id=140694157228368, session='2017-10-24T16_56_00_0'): OK
2017-10-24 16:56:53,670 - TdmApplication - DEBUG - FrontendConnectionHandler(id=140694157228368, session='2017-10-24T16_56_00_0').on_event(Event(STOP_SPEAKING, None, sender=TurnManager, reason=None))
2017-10-24 16:56:53,670 - TdmApplication - DEBUG - FrontendConnectionHandler(id=140694157228368, session='2017-10-24T16_56_00_0'): writing {"content": null, "_sender": "TurnManager", "_reason": null, "event_type": "STOP_SPEAKING"}
2017-10-24 16:56:53,670 - TdmApplication - DEBUG - FrontendConnectionHandler(id=140694157228368, session='2017-10-24T16_56_00_0'): OK
2017-10-24 16:56:53,672 - TdmApplication - DEBUG - FrontendConnectionHandler(id=140694157228368, session='2017-10-24T16_56_00_0').on_event(Event(SYSTEM_UTTERANCE_TO_SPEAK, [Are you done?], sender=GenerateModule, reason=None))
2017-10-24 16:56:53,672 - TdmApplication - DEBUG - FrontendConnectionHandler(id=140694157228368, session='2017-10-24T16_56_00_0'): writing {"content": ["Are you done?"], "_sender": "GenerateModule", "_reason": null, "event_type": "SYSTEM_UTTERANCE_TO_SPEAK"}
2017-10-24 16:56:53,672 - TdmApplication - DEBUG - FrontendConnectionHandler(id=140694157228368, session='2017-10-24T16_56_00_0'): OK
2017-10-24 16:56:53,673 - TdmApplication - DEBUG - FrontendConnectionHandler(id=140694157228368, session='2017-10-24T16_56_00_0').on_event(Event(MESSAGE_TO_GUI, [<tdm.tdm_gui_protocol.ClosePopup instance at 0x7ff5e8148ef0>], sender=GuiBackend, reason=None))
2017-10-24 16:56:53,673 - TdmApplication - DEBUG - FrontendConnectionHandler(id=140694157228368, session='2017-10-24T16_56_00_0'): writing {"content": [{"ClosePopup": {}}], "_sender": "GuiBackend", "_reason": null, "event_type": "MESSAGE_TO_GUI"}
2017-10-24 16:56:53,673 - TdmApplication - DEBUG - FrontendConnectionHandler(id=140694157228368, session='2017-10-24T16_56_00_0'): OK
2017-10-24 16:56:53,686 - TdmApplication - DEBUG - FrontendConnectionHandler(id=140694157228368, session='2017-10-24T16_56_00_0').on_message({"content": ["Are you done?"], "_sender": "TextOutputComponent", "_reason": null, "event_type": "SYSTEM_UTTERANCE_REALIZED"})
2017-10-24 16:56:53,710 - TdmApplication - DEBUG - FrontendConnectionHandler(id=140694157228368, session='2017-10-24T16_56_00_0').on_event(Event(FACTS, [{predicate: confirmation, grammar_entry: None, value: no}], sender=DmeModule, reason=None))
2017-10-24 16:56:53,710 - TdmApplication - DEBUG - FrontendConnectionHandler(id=140694157228368, session='2017-10-24T16_56_00_0'): writing {"content": [{"predicate": "confirmation", "grammar_entry": null, "value": "no"}], "_sender": "DmeModule", "_reason": null, "event_type": "FACTS"}
2017-10-24 16:56:53,710 - TdmApplication - DEBUG - FrontendConnectionHandler(id=140694157228368, session='2017-10-24T16_56_00_0'): OK
2017-10-24 16:56:53,823 - TdmApplication - DEBUG - FrontendConnectionHandler(id=140694157228368, session='2017-10-24T16_56_00_0').on_event(Event(SELECTED_RECOGNITION, go to next, sender=DmeModule, reason=None))
2017-10-24 16:56:53,824 - TdmApplication - DEBUG - FrontendConnectionHandler(id=140694157228368, session='2017-10-24T16_56_00_0'): writing {"content": "go to next", "_sender": "DmeModule", "_reason": null, "event_type": "SELECTED_RECOGNITION"}
2017-10-24 16:56:53,824 - TdmApplication - DEBUG - FrontendConnectionHandler(id=140694157228368, session='2017-10-24T16_56_00_0'): OK
2017-10-24 16:56:53,825 - TdmApplication - DEBUG - FrontendConnectionHandler(id=140694157228368, session='2017-10-24T16_56_00_0').on_event(Event(FACTS, [{predicate: confirmation, grammar_entry: None, value: no}], sender=DmeModule, reason=None))
2017-10-24 16:56:53,825 - TdmApplication - DEBUG - FrontendConnectionHandler(id=140694157228368, session='2017-10-24T16_56_00_0'): writing {"content": [{"predicate": "confirmation", "grammar_entry": null, "value": "no"}], "_sender": "DmeModule", "_reason": null, "event_type": "FACTS"}
2017-10-24 16:56:53,825 - TdmApplication - DEBUG - FrontendConnectionHandler(id=140694157228368, session='2017-10-24T16_56_00_0'): OK
2017-10-24 16:56:53,838 - TdmApplication - DEBUG - FrontendConnectionHandler(id=140694157228368, session='2017-10-24T16_56_00_0').on_event(Event(SYSTEM_UTTERANCE_TO_SPEAK, [, Step ended], sender=GenerateModule, reason=None))
2017-10-24 16:56:53,838 - TdmApplication - DEBUG - FrontendConnectionHandler(id=140694157228368, session='2017-10-24T16_56_00_0'): writing {"content": ["", "Step ended"], "_sender": "GenerateModule", "_reason": null, "event_type": "SYSTEM_UTTERANCE_TO_SPEAK"}
2017-10-24 16:56:53,838 - TdmApplication - DEBUG - FrontendConnectionHandler(id=140694157228368, session='2017-10-24T16_56_00_0'): OK
2017-10-24 16:56:53,840 - TdmApplication - DEBUG - FrontendConnectionHandler(id=140694157228368, session='2017-10-24T16_56_00_0').on_event(Event(GUI.POPUP, {options: [], title: Step ended}, sender=IndependentGuiBackend, reason=None))
2017-10-24 16:56:53,840 - TdmApplication - DEBUG - FrontendConnectionHandler(id=140694157228368, session='2017-10-24T16_56_00_0'): writing {"content": {"options": [], "title": "Step ended"}, "_sender": "IndependentGuiBackend", "_reason": null, "event_type": "GUI.POPUP"}
2017-10-24 16:56:53,840 - TdmApplication - DEBUG - FrontendConnectionHandler(id=140694157228368, session='2017-10-24T16_56_00_0'): OK
2017-10-24 16:56:53,842 - TdmApplication - DEBUG - FrontendConnectionHandler(id=140694157228368, session='2017-10-24T16_56_00_0').on_event(Event(MESSAGE_TO_GUI, [<tdm.tdm_gui_protocol.DeviceResult instance at 0x7ff5e8134830>, <tdm.tdm_gui_protocol.Popup instance at 0x7ff5e8134998>], sender=GuiBackend, reason=None))
2017-10-24 16:56:53,842 - TdmApplication - DEBUG - FrontendConnectionHandler(id=140694157228368, session='2017-10-24T16_56_00_0'): writing {"content": [{"DeviceResult": {"action": "say_step", "result": true, "arguments": {}, "failure_reason": null}}, {"Popup": {"elements": [], "title": "Step ended"}}], "_sender": "GuiBackend", "_reason": null, "event_type": "MESSAGE_TO_GUI"}
2017-10-24 16:56:53,842 - TdmApplication - DEBUG - FrontendConnectionHandler(id=140694157228368, session='2017-10-24T16_56_00_0'): OK
2017-10-24 16:56:53,870 - TdmApplication - DEBUG - FrontendConnectionHandler(id=140694157228368, session='2017-10-24T16_56_00_0').on_message({"content": ["", "Step ended"], "_sender": "TextOutputComponent", "_reason": null, "event_type": "SYSTEM_UTTERANCE_REALIZED"})
2017-10-24 16:56:53,904 - TdmApplication - DEBUG - FrontendConnectionHandler(id=140694157228368, session='2017-10-24T16_56_00_0').on_event(Event(FACTS, [{predicate: confirmation, grammar_entry: None, value: no}], sender=DmeModule, reason=None))
2017-10-24 16:56:53,904 - TdmApplication - DEBUG - FrontendConnectionHandler(id=140694157228368, session='2017-10-24T16_56_00_0'): writing {"content": [{"predicate": "confirmation", "grammar_entry": null, "value": "no"}], "_sender": "DmeModule", "_reason": null, "event_type": "FACTS"}
2017-10-24 16:56:53,904 - TdmApplication - DEBUG - FrontendConnectionHandler(id=140694157228368, session='2017-10-24T16_56_00_0'): OK
2017-10-24 16:56:57,283 - TdmApplication - DEBUG - FrontendConnectionHandler(id=140694157228368, session='2017-10-24T16_56_00_0').on_message({"content": [{"score": 1.0, "utterance": "go to next"}], "_sender": "TextInputComponent", "_reason": null, "event_type": "RECOGNITION"})
2017-10-24 16:56:57,286 - TdmApplication - DEBUG - FrontendConnectionHandler(id=140694157228368, session='2017-10-24T16_56_00_0').on_event(Event(FACTS, [{predicate: confirmation, grammar_entry: None, value: no}], sender=DmeModule, reason=None))
2017-10-24 16:56:57,286 - TdmApplication - DEBUG - FrontendConnectionHandler(id=140694157228368, session='2017-10-24T16_56_00_0'): writing {"content": [{"predicate": "confirmation", "grammar_entry": null, "value": "no"}], "_sender": "DmeModule", "_reason": null, "event_type": "FACTS"}
2017-10-24 16:56:57,286 - TdmApplication - DEBUG - FrontendConnectionHandler(id=140694157228368, session='2017-10-24T16_56_00_0'): OK
2017-10-24 16:56:57,297 - TdmApplication - DEBUG - FrontendConnectionHandler(id=140694157228368, session='2017-10-24T16_56_00_0').on_event(Event(STOP_SPEAKING, None, sender=TurnManager, reason=None))
2017-10-24 16:56:57,297 - TdmApplication - DEBUG - FrontendConnectionHandler(id=140694157228368, session='2017-10-24T16_56_00_0'): writing {"content": null, "_sender": "TurnManager", "_reason": null, "event_type": "STOP_SPEAKING"}
2017-10-24 16:56:57,297 - TdmApplication - DEBUG - FrontendConnectionHandler(id=140694157228368, session='2017-10-24T16_56_00_0'): OK
2017-10-24 16:56:57,298 - TdmApplication - DEBUG - FrontendConnectionHandler(id=140694157228368, session='2017-10-24T16_56_00_0').on_event(Event(SYSTEM_UTTERANCE_TO_SPEAK, [Are you done?], sender=GenerateModule, reason=None))
2017-10-24 16:56:57,298 - TdmApplication - DEBUG - FrontendConnectionHandler(id=140694157228368, session='2017-10-24T16_56_00_0'): writing {"content": ["Are you done?"], "_sender": "GenerateModule", "_reason": null, "event_type": "SYSTEM_UTTERANCE_TO_SPEAK"}
2017-10-24 16:56:57,298 - TdmApplication - DEBUG - FrontendConnectionHandler(id=140694157228368, session='2017-10-24T16_56_00_0'): OK
2017-10-24 16:56:57,299 - TdmApplication - DEBUG - FrontendConnectionHandler(id=140694157228368, session='2017-10-24T16_56_00_0').on_event(Event(MESSAGE_TO_GUI, [<tdm.tdm_gui_protocol.ClosePopup instance at 0x7ff5e81291b8>], sender=GuiBackend, reason=None))
2017-10-24 16:56:57,299 - TdmApplication - DEBUG - FrontendConnectionHandler(id=140694157228368, session='2017-10-24T16_56_00_0'): writing {"content": [{"ClosePopup": {}}], "_sender": "GuiBackend", "_reason": null, "event_type": "MESSAGE_TO_GUI"}
2017-10-24 16:56:57,299 - TdmApplication - DEBUG - FrontendConnectionHandler(id=140694157228368, session='2017-10-24T16_56_00_0'): OK
2017-10-24 16:56:57,334 - TdmApplication - DEBUG - FrontendConnectionHandler(id=140694157228368, session='2017-10-24T16_56_00_0').on_message({"content": ["Are you done?"], "_sender": "TextOutputComponent", "_reason": null, "event_type": "SYSTEM_UTTERANCE_REALIZED"})
2017-10-24 16:56:57,357 - TdmApplication - DEBUG - FrontendConnectionHandler(id=140694157228368, session='2017-10-24T16_56_00_0').on_event(Event(FACTS, [{predicate: confirmation, grammar_entry: None, value: no}], sender=DmeModule, reason=None))
2017-10-24 16:56:57,357 - TdmApplication - DEBUG - FrontendConnectionHandler(id=140694157228368, session='2017-10-24T16_56_00_0'): writing {"content": [{"predicate": "confirmation", "grammar_entry": null, "value": "no"}], "_sender": "DmeModule", "_reason": null, "event_type": "FACTS"}
2017-10-24 16:56:57,357 - TdmApplication - DEBUG - FrontendConnectionHandler(id=140694157228368, session='2017-10-24T16_56_00_0'): OK
2017-10-24 16:56:57,468 - TdmApplication - DEBUG - FrontendConnectionHandler(id=140694157228368, session='2017-10-24T16_56_00_0').on_event(Event(SELECTED_RECOGNITION, go to next, sender=DmeModule, reason=None))
2017-10-24 16:56:57,468 - TdmApplication - DEBUG - FrontendConnectionHandler(id=140694157228368, session='2017-10-24T16_56_00_0'): writing {"content": "go to next", "_sender": "DmeModule", "_reason": null, "event_type": "SELECTED_RECOGNITION"}
2017-10-24 16:56:57,468 - TdmApplication - DEBUG - FrontendConnectionHandler(id=140694157228368, session='2017-10-24T16_56_00_0'): OK
2017-10-24 16:56:57,469 - TdmApplication - DEBUG - FrontendConnectionHandler(id=140694157228368, session='2017-10-24T16_56_00_0').on_event(Event(FACTS, [{predicate: confirmation, grammar_entry: None, value: no}], sender=DmeModule, reason=None))
2017-10-24 16:56:57,469 - TdmApplication - DEBUG - FrontendConnectionHandler(id=140694157228368, session='2017-10-24T16_56_00_0'): writing {"content": [{"predicate": "confirmation", "grammar_entry": null, "value": "no"}], "_sender": "DmeModule", "_reason": null, "event_type": "FACTS"}
2017-10-24 16:56:57,470 - TdmApplication - DEBUG - FrontendConnectionHandler(id=140694157228368, session='2017-10-24T16_56_00_0'): OK
2017-10-24 16:56:57,483 - TdmApplication - DEBUG - FrontendConnectionHandler(id=140694157228368, session='2017-10-24T16_56_00_0').on_event(Event(SYSTEM_UTTERANCE_TO_SPEAK, [, Step ended], sender=GenerateModule, reason=None))
2017-10-24 16:56:57,483 - TdmApplication - DEBUG - FrontendConnectionHandler(id=140694157228368, session='2017-10-24T16_56_00_0'): writing {"content": ["", "Step ended"], "_sender": "GenerateModule", "_reason": null, "event_type": "SYSTEM_UTTERANCE_TO_SPEAK"}
2017-10-24 16:56:57,483 - TdmApplication - DEBUG - FrontendConnectionHandler(id=140694157228368, session='2017-10-24T16_56_00_0'): OK
2017-10-24 16:56:57,484 - TdmApplication - DEBUG - FrontendConnectionHandler(id=140694157228368, session='2017-10-24T16_56_00_0').on_event(Event(GUI.POPUP, {options: [], title: Step ended}, sender=IndependentGuiBackend, reason=None))
2017-10-24 16:56:57,485 - TdmApplication - DEBUG - FrontendConnectionHandler(id=140694157228368, session='2017-10-24T16_56_00_0'): writing {"content": {"options": [], "title": "Step ended"}, "_sender": "IndependentGuiBackend", "_reason": null, "event_type": "GUI.POPUP"}
2017-10-24 16:56:57,485 - TdmApplication - DEBUG - FrontendConnectionHandler(id=140694157228368, session='2017-10-24T16_56_00_0'): OK
2017-10-24 16:56:57,486 - TdmApplication - DEBUG - FrontendConnectionHandler(id=140694157228368, session='2017-10-24T16_56_00_0').on_event(Event(MESSAGE_TO_GUI, [<tdm.tdm_gui_protocol.DeviceResult instance at 0x7ff5e80e7710>, <tdm.tdm_gui_protocol.Popup instance at 0x7ff5e817b0e0>], sender=GuiBackend, reason=None))
2017-10-24 16:56:57,486 - TdmApplication - DEBUG - FrontendConnectionHandler(id=140694157228368, session='2017-10-24T16_56_00_0'): writing {"content": [{"DeviceResult": {"action": "say_step", "result": true, "arguments": {}, "failure_reason": null}}, {"Popup": {"elements": [], "title": "Step ended"}}], "_sender": "GuiBackend", "_reason": null, "event_type": "MESSAGE_TO_GUI"}
2017-10-24 16:56:57,486 - TdmApplication - DEBUG - FrontendConnectionHandler(id=140694157228368, session='2017-10-24T16_56_00_0'): OK
2017-10-24 16:56:57,510 - TdmApplication - DEBUG - FrontendConnectionHandler(id=140694157228368, session='2017-10-24T16_56_00_0').on_message({"content": ["", "Step ended"], "_sender": "TextOutputComponent", "_reason": null, "event_type": "SYSTEM_UTTERANCE_REALIZED"})
2017-10-24 16:56:57,544 - TdmApplication - DEBUG - FrontendConnectionHandler(id=140694157228368, session='2017-10-24T16_56_00_0').on_event(Event(FACTS, [{predicate: confirmation, grammar_entry: None, value: no}], sender=DmeModule, reason=None))
2017-10-24 16:56:57,544 - TdmApplication - DEBUG - FrontendConnectionHandler(id=140694157228368, session='2017-10-24T16_56_00_0'): writing {"content": [{"predicate": "confirmation", "grammar_entry": null, "value": "no"}], "_sender": "DmeModule", "_reason": null, "event_type": "FACTS"}
2017-10-24 16:56:57,544 - TdmApplication - DEBUG - FrontendConnectionHandler(id=140694157228368, session='2017-10-24T16_56_00_0'): OK
2017-10-24 16:57:54,002 - TdmApplication - DEBUG - FrontendConnectionHandler(id=140694157228368, session='2017-10-24T16_56_00_0').on_close()
2017-10-24 16:57:54,003 - TdmApplication - DEBUG - SessionManager.stop('2017-10-24T16_56_00_0')
2017-10-24 16:57:54,005 - TdmApplication - DEBUG - TdmApplication.stop(): Stopping HTTP server
2017-10-24 16:57:54,006 - TdmApplication - DEBUG - TdmApplication.stop(): Stopping IO-loop
2017-10-24 16:57:54,007 - TdmApplication - DEBUG - TdmApplication.stop(): Stopping sessions []
2017-10-24 16:57:54,007 - TdmApplication - DEBUG - FrontendConnectionHandler(id=140694157228368, session='2017-10-24T16_56_00_0').on_event(Event(FACTS, [{predicate: confirmation, grammar_entry: None, value: no}], sender=DmeModule, reason=None))
2017-10-24 16:57:54,007 - TdmApplication - DEBUG - FrontendConnectionHandler(id=140694157228368, session='2017-10-24T16_56_00_0'): writing {"content": [{"predicate": "confirmation", "grammar_entry": null, "value": "no"}], "_sender": "DmeModule", "_reason": null, "event_type": "FACTS"}
2017-10-24 16:57:54,007 - TdmApplication - DEBUG - FrontendConnectionHandler(id=140694157228368, session='2017-10-24T16_56_00_0'): OK
