2017-10-19 17:49:23,744 - TdmApplication - DEBUG - DddDb().__init__(name='ddds', default_ddds=[u'recipehelp'])
2017-10-19 17:49:23,744 - TdmApplication - DEBUG - DddDb(): DB file name is '/home/gusmatssar/recipedialogue/tdm/ddds.json'
2017-10-19 17:49:23,752 - TdmApplication - DEBUG - FrontendConnectionHandler(id=140576512760144, session=None).open()
2017-10-19 17:49:23,754 - TdmApplication - DEBUG - thread_manager.create_thread() with threading.active_count()=3
2017-10-19 17:49:23,754 - TdmApplication - DEBUG - FrontendConnectionHandler(id=140576512760144, session=None).on_message({"handshake_content": {"session_id": null, "keep_session_alive": false}, "name": "Frontend"})
2017-10-19 17:49:23,755 - TdmApplication - DEBUG - FrontendConnectionHandler(id=140576512760144, session=None)._register({"handshake_content": {"session_id": null, "keep_session_alive": false}, "name": "Frontend"})
2017-10-19 17:49:23,755 - TdmApplication - DEBUG - thread_manager.create_thread() with threading.active_count()=4
2017-10-19 17:49:23,757 - TdmApplication - DEBUG - Creating backend and session with id 2017-10-19T17_49_23_0.
2017-10-19 17:49:23,786 - TdmApplication - DEBUG - FrontendConnectionHandler._register: Registered in session 2017-10-19T17_49_23_0 with backend <ThreadedBackend(ThreadedBackend, started daemon 140576401901312)>.
2017-10-19 17:49:23,787 - TdmApplication - DEBUG - FrontendConnectionHandler(id=140576512760144, session='2017-10-19T17_49_23_0').on_event(Event(REGISTER_BACKEND, None, sender=Backend, reason=None))
2017-10-19 17:49:23,787 - TdmApplication - DEBUG - FrontendConnectionHandler(id=140576512760144, session='2017-10-19T17_49_23_0'): writing {"content": null, "_sender": "Backend", "_reason": null, "event_type": "REGISTER_BACKEND"}
2017-10-19 17:49:23,787 - TdmApplication - DEBUG - FrontendConnectionHandler(id=140576512760144, session='2017-10-19T17_49_23_0'): OK
2017-10-19 17:49:23,791 - TdmApplication - DEBUG - FrontendConnectionHandler(id=140576512760144, session='2017-10-19T17_49_23_0').on_message({"content": null, "_sender": "Frontend", "_reason": null, "event_type": "FRONTEND_READY"})
2017-10-19 17:49:23,794 - TdmApplication - DEBUG - FrontendConnectionHandler(id=140576512760144, session='2017-10-19T17_49_23_0').on_event(Event(BACKEND_READY, None, sender=Backend, reason=None))
2017-10-19 17:49:23,794 - TdmApplication - DEBUG - FrontendConnectionHandler(id=140576512760144, session='2017-10-19T17_49_23_0'): writing {"content": null, "_sender": "Backend", "_reason": null, "event_type": "BACKEND_READY"}
2017-10-19 17:49:23,794 - TdmApplication - DEBUG - FrontendConnectionHandler(id=140576512760144, session='2017-10-19T17_49_23_0'): OK
2017-10-19 17:49:23,797 - TdmApplication - DEBUG - FrontendConnectionHandler(id=140576512760144, session='2017-10-19T17_49_23_0').on_message({"content": null, "_sender": "Frontend", "_reason": null, "event_type": "START"})
2017-10-19 17:49:23,830 - TdmApplication - DEBUG - FrontendConnectionHandler(id=140576512760144, session='2017-10-19T17_49_23_0').on_event(Event(SET_DDD, {ddd_name: recipehelp, language_code: eng}, sender=DmeModule, reason=None))
2017-10-19 17:49:23,830 - TdmApplication - DEBUG - FrontendConnectionHandler(id=140576512760144, session='2017-10-19T17_49_23_0'): writing {"content": {"ddd_name": "recipehelp", "language_code": "eng"}, "_sender": "DmeModule", "_reason": null, "event_type": "SET_DDD"}
2017-10-19 17:49:23,831 - TdmApplication - DEBUG - FrontendConnectionHandler(id=140576512760144, session='2017-10-19T17_49_23_0'): OK
2017-10-19 17:49:23,831 - TdmApplication - DEBUG - FrontendConnectionHandler(id=140576512760144, session='2017-10-19T17_49_23_0').on_event(Event(FACTS, [], sender=DmeModule, reason=None))
2017-10-19 17:49:23,831 - TdmApplication - DEBUG - FrontendConnectionHandler(id=140576512760144, session='2017-10-19T17_49_23_0'): writing {"content": [], "_sender": "DmeModule", "_reason": null, "event_type": "FACTS"}
2017-10-19 17:49:23,832 - TdmApplication - DEBUG - FrontendConnectionHandler(id=140576512760144, session='2017-10-19T17_49_23_0'): OK
2017-10-19 17:49:23,845 - TdmApplication - DEBUG - FrontendConnectionHandler(id=140576512760144, session='2017-10-19T17_49_23_0').on_event(Event(SYSTEM_UTTERANCE_TO_SPEAK, [Do you want to know go to step?], sender=GenerateModule, reason=None))
2017-10-19 17:49:23,845 - TdmApplication - DEBUG - FrontendConnectionHandler(id=140576512760144, session='2017-10-19T17_49_23_0'): writing {"content": ["Do you want to know go to step?"], "_sender": "GenerateModule", "_reason": null, "event_type": "SYSTEM_UTTERANCE_TO_SPEAK"}
2017-10-19 17:49:23,845 - TdmApplication - DEBUG - FrontendConnectionHandler(id=140576512760144, session='2017-10-19T17_49_23_0'): OK
2017-10-19 17:49:23,846 - TdmApplication - DEBUG - FrontendConnectionHandler(id=140576512760144, session='2017-10-19T17_49_23_0').on_event(Event(MESSAGE_TO_GUI, [<tdm.tdm_gui_protocol.Screen instance at 0x7fda842d68c0>], sender=GuiBackend, reason=None))
2017-10-19 17:49:23,846 - TdmApplication - DEBUG - FrontendConnectionHandler(id=140576512760144, session='2017-10-19T17_49_23_0'): writing {"content": [{"Screen": {"elements": [{"Element": {"name": "move", "title": "", "items": [{"Item": {"attributes": null, "selected": false, "predicted": false, "value": "ask(?X.go_to_step(X))", "title": "Go to step?"}}], "format": "", "voice_browsed": false, "value": "", "template": "menu", "type": "list"}}], "name": "top", "title": "The start view"}}], "_sender": "GuiBackend", "_reason": null, "event_type": "MESSAGE_TO_GUI"}
2017-10-19 17:49:23,846 - TdmApplication - DEBUG - FrontendConnectionHandler(id=140576512760144, session='2017-10-19T17_49_23_0'): OK
2017-10-19 17:49:23,908 - TdmApplication - DEBUG - FrontendConnectionHandler(id=140576512760144, session='2017-10-19T17_49_23_0').on_message({"content": ["Do you want to know go to step?"], "_sender": "TextOutputComponent", "_reason": null, "event_type": "SYSTEM_UTTERANCE_REALIZED"})
2017-10-19 17:49:23,927 - TdmApplication - DEBUG - FrontendConnectionHandler(id=140576512760144, session='2017-10-19T17_49_23_0').on_event(Event(FACTS, [], sender=DmeModule, reason=None))
2017-10-19 17:49:23,928 - TdmApplication - DEBUG - FrontendConnectionHandler(id=140576512760144, session='2017-10-19T17_49_23_0'): writing {"content": [], "_sender": "DmeModule", "_reason": null, "event_type": "FACTS"}
2017-10-19 17:49:23,928 - TdmApplication - DEBUG - FrontendConnectionHandler(id=140576512760144, session='2017-10-19T17_49_23_0'): OK
2017-10-19 17:49:26,829 - TdmApplication - DEBUG - FrontendConnectionHandler(id=140576512760144, session='2017-10-19T17_49_23_0').on_message({"content": [{"score": 1.0, "utterance": "go to a step"}], "_sender": "TextInputComponent", "_reason": null, "event_type": "RECOGNITION"})
2017-10-19 17:49:26,838 - TdmApplication - DEBUG - FrontendConnectionHandler(id=140576512760144, session='2017-10-19T17_49_23_0').on_event(Event(STOP_LISTENING, None, sender=TurnManager, reason=None))
2017-10-19 17:49:26,838 - TdmApplication - DEBUG - FrontendConnectionHandler(id=140576512760144, session='2017-10-19T17_49_23_0'): writing {"content": null, "_sender": "TurnManager", "_reason": null, "event_type": "STOP_LISTENING"}
2017-10-19 17:49:26,838 - TdmApplication - DEBUG - FrontendConnectionHandler(id=140576512760144, session='2017-10-19T17_49_23_0'): OK
2017-10-19 17:49:26,915 - TdmApplication - DEBUG - FrontendConnectionHandler(id=140576512760144, session='2017-10-19T17_49_23_0').on_event(Event(SELECTED_RECOGNITION, go to a step, sender=DmeModule, reason=None))
2017-10-19 17:49:26,915 - TdmApplication - DEBUG - FrontendConnectionHandler(id=140576512760144, session='2017-10-19T17_49_23_0'): writing {"content": "go to a step", "_sender": "DmeModule", "_reason": null, "event_type": "SELECTED_RECOGNITION"}
2017-10-19 17:49:26,915 - TdmApplication - DEBUG - FrontendConnectionHandler(id=140576512760144, session='2017-10-19T17_49_23_0'): OK
2017-10-19 17:49:26,917 - TdmApplication - DEBUG - FrontendConnectionHandler(id=140576512760144, session='2017-10-19T17_49_23_0').on_event(Event(FACTS, [], sender=DmeModule, reason=None))
2017-10-19 17:49:26,917 - TdmApplication - DEBUG - FrontendConnectionHandler(id=140576512760144, session='2017-10-19T17_49_23_0'): writing {"content": [], "_sender": "DmeModule", "_reason": null, "event_type": "FACTS"}
2017-10-19 17:49:26,917 - TdmApplication - DEBUG - FrontendConnectionHandler(id=140576512760144, session='2017-10-19T17_49_23_0'): OK
2017-10-19 17:49:26,928 - TdmApplication - DEBUG - FrontendConnectionHandler(id=140576512760144, session='2017-10-19T17_49_23_0').on_event(Event(SYSTEM_UTTERANCE_TO_SPEAK, [, , Which step?], sender=GenerateModule, reason=None))
2017-10-19 17:49:26,928 - TdmApplication - DEBUG - FrontendConnectionHandler(id=140576512760144, session='2017-10-19T17_49_23_0'): writing {"content": ["", "", "Which step?"], "_sender": "GenerateModule", "_reason": null, "event_type": "SYSTEM_UTTERANCE_TO_SPEAK"}
2017-10-19 17:49:26,928 - TdmApplication - DEBUG - FrontendConnectionHandler(id=140576512760144, session='2017-10-19T17_49_23_0'): OK
2017-10-19 17:49:26,930 - TdmApplication - DEBUG - FrontendConnectionHandler(id=140576512760144, session='2017-10-19T17_49_23_0').on_event(Event(MESSAGE_TO_GUI, [], sender=GuiBackend, reason=None))
2017-10-19 17:49:26,930 - TdmApplication - DEBUG - FrontendConnectionHandler(id=140576512760144, session='2017-10-19T17_49_23_0'): writing {"content": [], "_sender": "GuiBackend", "_reason": null, "event_type": "MESSAGE_TO_GUI"}
2017-10-19 17:49:26,930 - TdmApplication - DEBUG - FrontendConnectionHandler(id=140576512760144, session='2017-10-19T17_49_23_0'): OK
2017-10-19 17:49:26,947 - TdmApplication - DEBUG - FrontendConnectionHandler(id=140576512760144, session='2017-10-19T17_49_23_0').on_message({"content": ["", "", "Which step?"], "_sender": "TextOutputComponent", "_reason": null, "event_type": "SYSTEM_UTTERANCE_REALIZED"})
2017-10-19 17:49:26,980 - TdmApplication - DEBUG - FrontendConnectionHandler(id=140576512760144, session='2017-10-19T17_49_23_0').on_event(Event(FACTS, [], sender=DmeModule, reason=None))
2017-10-19 17:49:26,981 - TdmApplication - DEBUG - FrontendConnectionHandler(id=140576512760144, session='2017-10-19T17_49_23_0'): writing {"content": [], "_sender": "DmeModule", "_reason": null, "event_type": "FACTS"}
2017-10-19 17:49:26,981 - TdmApplication - DEBUG - FrontendConnectionHandler(id=140576512760144, session='2017-10-19T17_49_23_0'): OK
2017-10-19 17:49:32,074 - TdmApplication - DEBUG - FrontendConnectionHandler(id=140576512760144, session='2017-10-19T17_49_23_0').on_message({"content": [{"score": 1.0, "utterance": "step one"}], "_sender": "TextInputComponent", "_reason": null, "event_type": "RECOGNITION"})
2017-10-19 17:49:32,079 - TdmApplication - DEBUG - FrontendConnectionHandler(id=140576512760144, session='2017-10-19T17_49_23_0').on_event(Event(STOP_LISTENING, None, sender=TurnManager, reason=None))
2017-10-19 17:49:32,079 - TdmApplication - DEBUG - FrontendConnectionHandler(id=140576512760144, session='2017-10-19T17_49_23_0'): writing {"content": null, "_sender": "TurnManager", "_reason": null, "event_type": "STOP_LISTENING"}
2017-10-19 17:49:32,079 - TdmApplication - DEBUG - FrontendConnectionHandler(id=140576512760144, session='2017-10-19T17_49_23_0'): OK
2017-10-19 17:49:32,164 - TdmApplication - DEBUG - FrontendConnectionHandler(id=140576512760144, session='2017-10-19T17_49_23_0').on_event(Event(SELECTED_RECOGNITION, step one, sender=DmeModule, reason=None))
2017-10-19 17:49:32,164 - TdmApplication - DEBUG - FrontendConnectionHandler(id=140576512760144, session='2017-10-19T17_49_23_0'): writing {"content": "step one", "_sender": "DmeModule", "_reason": null, "event_type": "SELECTED_RECOGNITION"}
2017-10-19 17:49:32,164 - TdmApplication - DEBUG - FrontendConnectionHandler(id=140576512760144, session='2017-10-19T17_49_23_0'): OK
2017-10-19 17:49:32,165 - TdmApplication - DEBUG - FrontendConnectionHandler(id=140576512760144, session='2017-10-19T17_49_23_0').on_event(Event(FACTS, [{predicate: go_to_step, grammar_entry: None, value:  Step one: Chop onions and garlic.}], sender=DmeModule, reason=None))
2017-10-19 17:49:32,165 - TdmApplication - DEBUG - FrontendConnectionHandler(id=140576512760144, session='2017-10-19T17_49_23_0'): writing {"content": [{"predicate": "go_to_step", "grammar_entry": null, "value": " Step one: Chop onions and garlic."}], "_sender": "DmeModule", "_reason": null, "event_type": "FACTS"}
2017-10-19 17:49:32,165 - TdmApplication - DEBUG - FrontendConnectionHandler(id=140576512760144, session='2017-10-19T17_49_23_0'): OK
2017-10-19 17:49:32,174 - TdmApplication - DEBUG - FrontendConnectionHandler(id=140576512760144, session='2017-10-19T17_49_23_0').on_event(Event(SYSTEM_UTTERANCE_TO_SPEAK, [Ok  Step one: Chop onions and garlic..], sender=GenerateModule, reason=None))
2017-10-19 17:49:32,174 - TdmApplication - DEBUG - FrontendConnectionHandler(id=140576512760144, session='2017-10-19T17_49_23_0'): writing {"content": ["Ok  Step one: Chop onions and garlic.."], "_sender": "GenerateModule", "_reason": null, "event_type": "SYSTEM_UTTERANCE_TO_SPEAK"}
2017-10-19 17:49:32,174 - TdmApplication - DEBUG - FrontendConnectionHandler(id=140576512760144, session='2017-10-19T17_49_23_0'): OK
2017-10-19 17:49:32,175 - TdmApplication - DEBUG - FrontendConnectionHandler(id=140576512760144, session='2017-10-19T17_49_23_0').on_event(Event(GUI.POPUP, {options: [], title: Ok  Step one: Chop onions and garlic..}, sender=IndependentGuiBackend, reason=None))
2017-10-19 17:49:32,175 - TdmApplication - DEBUG - FrontendConnectionHandler(id=140576512760144, session='2017-10-19T17_49_23_0'): writing {"content": {"options": [], "title": "Ok  Step one: Chop onions and garlic.."}, "_sender": "IndependentGuiBackend", "_reason": null, "event_type": "GUI.POPUP"}
2017-10-19 17:49:32,175 - TdmApplication - DEBUG - FrontendConnectionHandler(id=140576512760144, session='2017-10-19T17_49_23_0'): OK
2017-10-19 17:49:32,176 - TdmApplication - DEBUG - FrontendConnectionHandler(id=140576512760144, session='2017-10-19T17_49_23_0').on_event(Event(MESSAGE_TO_GUI, [<tdm.tdm_gui_protocol.Popup instance at 0x7fda842cd9e0>], sender=GuiBackend, reason=None))
2017-10-19 17:49:32,176 - TdmApplication - DEBUG - FrontendConnectionHandler(id=140576512760144, session='2017-10-19T17_49_23_0'): writing {"content": [{"Popup": {"elements": [], "title": "Ok  Step one: Chop onions and garlic.."}}], "_sender": "GuiBackend", "_reason": null, "event_type": "MESSAGE_TO_GUI"}
2017-10-19 17:49:32,176 - TdmApplication - DEBUG - FrontendConnectionHandler(id=140576512760144, session='2017-10-19T17_49_23_0'): OK
2017-10-19 17:49:32,196 - TdmApplication - DEBUG - FrontendConnectionHandler(id=140576512760144, session='2017-10-19T17_49_23_0').on_message({"content": ["Ok  Step one: Chop onions and garlic.."], "_sender": "TextOutputComponent", "_reason": null, "event_type": "SYSTEM_UTTERANCE_REALIZED"})
2017-10-19 17:49:32,224 - TdmApplication - DEBUG - FrontendConnectionHandler(id=140576512760144, session='2017-10-19T17_49_23_0').on_event(Event(FACTS, [{predicate: go_to_step, grammar_entry: None, value:  Step one: Chop onions and garlic.}], sender=DmeModule, reason=None))
2017-10-19 17:49:32,224 - TdmApplication - DEBUG - FrontendConnectionHandler(id=140576512760144, session='2017-10-19T17_49_23_0'): writing {"content": [{"predicate": "go_to_step", "grammar_entry": null, "value": " Step one: Chop onions and garlic."}], "_sender": "DmeModule", "_reason": null, "event_type": "FACTS"}
2017-10-19 17:49:32,224 - TdmApplication - DEBUG - FrontendConnectionHandler(id=140576512760144, session='2017-10-19T17_49_23_0'): OK
