2017-10-20 15:27:55,280 - TdmApplication - DEBUG - DddDb().__init__(name='ddds', default_ddds=[u'recipehelp'])
2017-10-20 15:27:55,280 - TdmApplication - DEBUG - DddDb(): DB file name is '/home/gusmatssar/recipedialogue/tdm/ddds.json'
2017-10-20 15:27:55,288 - TdmApplication - DEBUG - FrontendConnectionHandler(id=139874838235472, session=None).open()
2017-10-20 15:27:55,289 - TdmApplication - DEBUG - thread_manager.create_thread() with threading.active_count()=3
2017-10-20 15:27:55,290 - TdmApplication - DEBUG - FrontendConnectionHandler(id=139874838235472, session=None).on_message({"handshake_content": {"session_id": null, "keep_session_alive": false}, "name": "Frontend"})
2017-10-20 15:27:55,291 - TdmApplication - DEBUG - FrontendConnectionHandler(id=139874838235472, session=None)._register({"handshake_content": {"session_id": null, "keep_session_alive": false}, "name": "Frontend"})
2017-10-20 15:27:55,291 - TdmApplication - DEBUG - thread_manager.create_thread() with threading.active_count()=4
2017-10-20 15:27:55,293 - TdmApplication - DEBUG - Creating backend and session with id 2017-10-20T15_27_55_0.
2017-10-20 15:27:55,326 - TdmApplication - DEBUG - FrontendConnectionHandler._register: Registered in session 2017-10-20T15_27_55_0 with backend <ThreadedBackend(ThreadedBackend, started daemon 139874594187008)>.
2017-10-20 15:27:55,327 - TdmApplication - DEBUG - FrontendConnectionHandler(id=139874838235472, session='2017-10-20T15_27_55_0').on_event(Event(REGISTER_BACKEND, None, sender=Backend, reason=None))
2017-10-20 15:27:55,328 - TdmApplication - DEBUG - FrontendConnectionHandler(id=139874838235472, session='2017-10-20T15_27_55_0'): writing {"content": null, "_sender": "Backend", "_reason": null, "event_type": "REGISTER_BACKEND"}
2017-10-20 15:27:55,328 - TdmApplication - DEBUG - FrontendConnectionHandler(id=139874838235472, session='2017-10-20T15_27_55_0'): OK
2017-10-20 15:27:55,339 - TdmApplication - DEBUG - FrontendConnectionHandler(id=139874838235472, session='2017-10-20T15_27_55_0').on_message({"content": null, "_sender": "Frontend", "_reason": null, "event_type": "FRONTEND_READY"})
2017-10-20 15:27:55,342 - TdmApplication - DEBUG - FrontendConnectionHandler(id=139874838235472, session='2017-10-20T15_27_55_0').on_event(Event(BACKEND_READY, None, sender=Backend, reason=None))
2017-10-20 15:27:55,342 - TdmApplication - DEBUG - FrontendConnectionHandler(id=139874838235472, session='2017-10-20T15_27_55_0'): writing {"content": null, "_sender": "Backend", "_reason": null, "event_type": "BACKEND_READY"}
2017-10-20 15:27:55,342 - TdmApplication - DEBUG - FrontendConnectionHandler(id=139874838235472, session='2017-10-20T15_27_55_0'): OK
2017-10-20 15:27:55,345 - TdmApplication - DEBUG - FrontendConnectionHandler(id=139874838235472, session='2017-10-20T15_27_55_0').on_message({"content": null, "_sender": "Frontend", "_reason": null, "event_type": "START"})
2017-10-20 15:27:55,380 - TdmApplication - DEBUG - FrontendConnectionHandler(id=139874838235472, session='2017-10-20T15_27_55_0').on_event(Event(SET_DDD, {ddd_name: recipehelp, language_code: eng}, sender=DmeModule, reason=None))
2017-10-20 15:27:55,380 - TdmApplication - DEBUG - FrontendConnectionHandler(id=139874838235472, session='2017-10-20T15_27_55_0'): writing {"content": {"ddd_name": "recipehelp", "language_code": "eng"}, "_sender": "DmeModule", "_reason": null, "event_type": "SET_DDD"}
2017-10-20 15:27:55,380 - TdmApplication - DEBUG - FrontendConnectionHandler(id=139874838235472, session='2017-10-20T15_27_55_0'): OK
2017-10-20 15:27:55,381 - TdmApplication - DEBUG - FrontendConnectionHandler(id=139874838235472, session='2017-10-20T15_27_55_0').on_event(Event(FACTS, [], sender=DmeModule, reason=None))
2017-10-20 15:27:55,381 - TdmApplication - DEBUG - FrontendConnectionHandler(id=139874838235472, session='2017-10-20T15_27_55_0'): writing {"content": [], "_sender": "DmeModule", "_reason": null, "event_type": "FACTS"}
2017-10-20 15:27:55,381 - TdmApplication - DEBUG - FrontendConnectionHandler(id=139874838235472, session='2017-10-20T15_27_55_0'): OK
2017-10-20 15:27:55,390 - TdmApplication - DEBUG - FrontendConnectionHandler(id=139874838235472, session='2017-10-20T15_27_55_0').on_event(Event(SYSTEM_UTTERANCE_TO_SPEAK, [, What would you like to do?], sender=GenerateModule, reason=None))
2017-10-20 15:27:55,390 - TdmApplication - DEBUG - FrontendConnectionHandler(id=139874838235472, session='2017-10-20T15_27_55_0'): writing {"content": ["", "What would you like to do?"], "_sender": "GenerateModule", "_reason": null, "event_type": "SYSTEM_UTTERANCE_TO_SPEAK"}
2017-10-20 15:27:55,390 - TdmApplication - DEBUG - FrontendConnectionHandler(id=139874838235472, session='2017-10-20T15_27_55_0'): OK
2017-10-20 15:27:55,391 - TdmApplication - DEBUG - FrontendConnectionHandler(id=139874838235472, session='2017-10-20T15_27_55_0').on_event(Event(MESSAGE_TO_GUI, [], sender=GuiBackend, reason=None))
2017-10-20 15:27:55,391 - TdmApplication - DEBUG - FrontendConnectionHandler(id=139874838235472, session='2017-10-20T15_27_55_0'): writing {"content": [], "_sender": "GuiBackend", "_reason": null, "event_type": "MESSAGE_TO_GUI"}
2017-10-20 15:27:55,391 - TdmApplication - DEBUG - FrontendConnectionHandler(id=139874838235472, session='2017-10-20T15_27_55_0'): OK
2017-10-20 15:27:55,436 - TdmApplication - DEBUG - FrontendConnectionHandler(id=139874838235472, session='2017-10-20T15_27_55_0').on_message({"content": ["", "What would you like to do?"], "_sender": "TextOutputComponent", "_reason": null, "event_type": "SYSTEM_UTTERANCE_REALIZED"})
2017-10-20 15:27:55,457 - TdmApplication - DEBUG - FrontendConnectionHandler(id=139874838235472, session='2017-10-20T15_27_55_0').on_event(Event(FACTS, [], sender=DmeModule, reason=None))
2017-10-20 15:27:55,457 - TdmApplication - DEBUG - FrontendConnectionHandler(id=139874838235472, session='2017-10-20T15_27_55_0'): writing {"content": [], "_sender": "DmeModule", "_reason": null, "event_type": "FACTS"}
2017-10-20 15:27:55,457 - TdmApplication - DEBUG - FrontendConnectionHandler(id=139874838235472, session='2017-10-20T15_27_55_0'): OK
2017-10-20 15:27:59,722 - TdmApplication - DEBUG - FrontendConnectionHandler(id=139874838235472, session='2017-10-20T15_27_55_0').on_message({"content": [{"score": 1.0, "utterance": "go to next"}], "_sender": "TextInputComponent", "_reason": null, "event_type": "RECOGNITION"})
2017-10-20 15:27:59,730 - TdmApplication - DEBUG - FrontendConnectionHandler(id=139874838235472, session='2017-10-20T15_27_55_0').on_event(Event(STOP_LISTENING, None, sender=TurnManager, reason=None))
2017-10-20 15:27:59,730 - TdmApplication - DEBUG - FrontendConnectionHandler(id=139874838235472, session='2017-10-20T15_27_55_0'): writing {"content": null, "_sender": "TurnManager", "_reason": null, "event_type": "STOP_LISTENING"}
2017-10-20 15:27:59,730 - TdmApplication - DEBUG - FrontendConnectionHandler(id=139874838235472, session='2017-10-20T15_27_55_0'): OK
2017-10-20 15:27:59,799 - TdmApplication - DEBUG - FrontendConnectionHandler(id=139874838235472, session='2017-10-20T15_27_55_0').on_event(Event(SELECTED_RECOGNITION, go to next, sender=DmeModule, reason=None))
2017-10-20 15:27:59,799 - TdmApplication - DEBUG - FrontendConnectionHandler(id=139874838235472, session='2017-10-20T15_27_55_0'): writing {"content": "go to next", "_sender": "DmeModule", "_reason": null, "event_type": "SELECTED_RECOGNITION"}
2017-10-20 15:27:59,799 - TdmApplication - DEBUG - FrontendConnectionHandler(id=139874838235472, session='2017-10-20T15_27_55_0'): OK
2017-10-20 15:27:59,800 - TdmApplication - DEBUG - FrontendConnectionHandler(id=139874838235472, session='2017-10-20T15_27_55_0').on_event(Event(FACTS, [], sender=DmeModule, reason=None))
2017-10-20 15:27:59,800 - TdmApplication - DEBUG - FrontendConnectionHandler(id=139874838235472, session='2017-10-20T15_27_55_0'): writing {"content": [], "_sender": "DmeModule", "_reason": null, "event_type": "FACTS"}
2017-10-20 15:27:59,800 - TdmApplication - DEBUG - FrontendConnectionHandler(id=139874838235472, session='2017-10-20T15_27_55_0'): OK
2017-10-20 15:27:59,809 - TdmApplication - DEBUG - FrontendConnectionHandler(id=139874838235472, session='2017-10-20T15_27_55_0').on_event(Event(SYSTEM_UTTERANCE_TO_SPEAK, [, Went to next], sender=GenerateModule, reason=None))
2017-10-20 15:27:59,809 - TdmApplication - DEBUG - FrontendConnectionHandler(id=139874838235472, session='2017-10-20T15_27_55_0'): writing {"content": ["", "Went to next"], "_sender": "GenerateModule", "_reason": null, "event_type": "SYSTEM_UTTERANCE_TO_SPEAK"}
2017-10-20 15:27:59,809 - TdmApplication - DEBUG - FrontendConnectionHandler(id=139874838235472, session='2017-10-20T15_27_55_0'): OK
2017-10-20 15:27:59,810 - TdmApplication - DEBUG - FrontendConnectionHandler(id=139874838235472, session='2017-10-20T15_27_55_0').on_event(Event(GUI.POPUP, {options: [], title: Went to next}, sender=IndependentGuiBackend, reason=None))
2017-10-20 15:27:59,810 - TdmApplication - DEBUG - FrontendConnectionHandler(id=139874838235472, session='2017-10-20T15_27_55_0'): writing {"content": {"options": [], "title": "Went to next"}, "_sender": "IndependentGuiBackend", "_reason": null, "event_type": "GUI.POPUP"}
2017-10-20 15:27:59,810 - TdmApplication - DEBUG - FrontendConnectionHandler(id=139874838235472, session='2017-10-20T15_27_55_0'): OK
2017-10-20 15:27:59,811 - TdmApplication - DEBUG - FrontendConnectionHandler(id=139874838235472, session='2017-10-20T15_27_55_0').on_event(Event(MESSAGE_TO_GUI, [<tdm.tdm_gui_protocol.DeviceResult instance at 0x7f37241ce908>, <tdm.tdm_gui_protocol.Popup instance at 0x7f37241cec68>], sender=GuiBackend, reason=None))
2017-10-20 15:27:59,812 - TdmApplication - DEBUG - FrontendConnectionHandler(id=139874838235472, session='2017-10-20T15_27_55_0'): writing {"content": [{"DeviceResult": {"action": "go_to_next", "result": true, "arguments": {}, "failure_reason": null}}, {"Popup": {"elements": [], "title": "Went to next"}}], "_sender": "GuiBackend", "_reason": null, "event_type": "MESSAGE_TO_GUI"}
2017-10-20 15:27:59,812 - TdmApplication - DEBUG - FrontendConnectionHandler(id=139874838235472, session='2017-10-20T15_27_55_0'): OK
2017-10-20 15:27:59,829 - TdmApplication - DEBUG - FrontendConnectionHandler(id=139874838235472, session='2017-10-20T15_27_55_0').on_message({"content": ["", "Went to next"], "_sender": "TextOutputComponent", "_reason": null, "event_type": "SYSTEM_UTTERANCE_REALIZED"})
2017-10-20 15:27:59,859 - TdmApplication - DEBUG - FrontendConnectionHandler(id=139874838235472, session='2017-10-20T15_27_55_0').on_event(Event(FACTS, [], sender=DmeModule, reason=None))
2017-10-20 15:27:59,859 - TdmApplication - DEBUG - FrontendConnectionHandler(id=139874838235472, session='2017-10-20T15_27_55_0'): writing {"content": [], "_sender": "DmeModule", "_reason": null, "event_type": "FACTS"}
2017-10-20 15:27:59,859 - TdmApplication - DEBUG - FrontendConnectionHandler(id=139874838235472, session='2017-10-20T15_27_55_0'): OK
